#
# There is insufficient memory for the Java Runtime Environment to continue.
# Native memory allocation (malloc) failed to allocate 32744 bytes for ChunkPool::allocate
# Possible reasons:
#   The system is out of physical RAM or swap space
#   The process is running with CompressedOops enabled, and the Java Heap may be blocking the growth of the native heap
# Possible solutions:
#   Reduce memory load on the system
#   Increase physical memory or swap space
#   Check if swap backing store is full
#   Decrease Java heap size (-Xmx/-Xms)
#   Decrease number of Java threads
#   Decrease Java thread stack sizes (-Xss)
#   Set larger code cache with -XX:ReservedCodeCacheSize=
#   JVM is running with Unscaled Compressed Oops mode in which the Java heap is
#     placed in the first 4GB address space. The Java Heap base address is the
#     maximum limit for the native heap growth. Please use -XX:HeapBaseMinAddress
#     to set the Java Heap base and to place the Java Heap above 4GB virtual address.
# This output file may be truncated or incomplete.
#
#  Out of Memory Error (./src/hotspot/share/memory/arena.cpp:81), pid=12240, tid=888
#
# JRE version: OpenJDK Runtime Environment (11.0.10) (build 11.0.10+0-b96-7249189)
# Java VM: OpenJDK 64-Bit Server VM (11.0.10+0-b96-7249189, mixed mode, tiered, compressed oops, g1 gc, windows-amd64)
# No core dump will be written. Minidumps are not enabled by default on client versions of Windows
#

---------------  S U M M A R Y ------------

Command Line: --add-opens=java.base/java.util=ALL-UNNAMED --add-opens=java.base/java.lang=ALL-UNNAMED --add-opens=java.base/java.lang.invoke=ALL-UNNAMED --add-opens=java.base/java.util=ALL-UNNAMED --add-opens=java.prefs/java.util.prefs=ALL-UNNAMED --add-opens=java.prefs/java.util.prefs=ALL-UNNAMED --add-opens=java.base/java.nio.charset=ALL-UNNAMED --add-opens=java.base/java.net=ALL-UNNAMED --add-opens=java.base/java.util.concurrent.atomic=ALL-UNNAMED -Xmx1024M -Dfile.encoding=UTF-8 -Duser.country=GB -Duser.language=en -Duser.variant org.gradle.launcher.daemon.bootstrap.GradleDaemon 7.0.2

Host: Intel(R) Core(TM) i5-7200U CPU @ 2.50GHz, 4 cores, 7G,  Windows 10 , 64 bit Build 19041 (10.0.19041.1151)
Time: Mon Sep  6 02:33:21 2021 Jerusalem Summer Time elapsed time: 16.871840 seconds (0d 0h 0m 16s)

---------------  T H R E A D  ---------------

Current thread (0x000001aeb8a2e000):  JavaThread "C2 CompilerThread1" daemon [_thread_in_native, id=888, stack(0x000000601f500000,0x000000601f600000)]


Current CompileTask:
C2:  16871 6630 %     4       org.gradle.internal.instantiation.generator.AbstractClassGenerator::inspectType @ 77 (560 bytes)

Stack: [0x000000601f500000,0x000000601f600000]
Native frames: (J=compiled Java code, j=interpreted, Vv=VM code, C=native code)
V  [jvm.dll+0x5ecfaa]
V  [jvm.dll+0x722bd5]
V  [jvm.dll+0x72412d]
V  [jvm.dll+0x7247e3]
V  [jvm.dll+0x242928]
V  [jvm.dll+0xbc75b]
V  [jvm.dll+0xbca0c]
V  [jvm.dll+0xbc608]
V  [jvm.dll+0x5cc470]
V  [jvm.dll+0x61cfce]
V  [jvm.dll+0x1980d8]
V  [jvm.dll+0x1fb70e]
V  [jvm.dll+0x1fa7f4]
V  [jvm.dll+0x18354c]
V  [jvm.dll+0x208ee7]
V  [jvm.dll+0x207731]
V  [jvm.dll+0x6eb1cf]
V  [jvm.dll+0x6e3d45]
V  [jvm.dll+0x5ebe96]
C  [ucrtbase.dll+0x21bb2]
C  [KERNEL32.DLL+0x17034]
C  [ntdll.dll+0x52651]


---------------  P R O C E S S  ---------------

Threads class SMR info:
_java_thread_list=0x000001aebb9572c0, length=43, elements={
0x000001ae9e040800, 0x000001aeb55f3800, 0x000001aeb55f5000, 0x000001aeb5fa2800,
0x000001aeb5610800, 0x000001aeb5611000, 0x000001aeb5614000, 0x000001aeb5619800,
0x000001aeb565e800, 0x000001aeb60c3000, 0x000001aeb7d6f800, 0x000001aeb81cf800,
0x000001aeb7ea2000, 0x000001aeb6c0b000, 0x000001aeb9152000, 0x000001aeb8a2e000,
0x000001aeb9045800, 0x000001aeb8342800, 0x000001aeb7597000, 0x000001aeb8a2d000,
0x000001aeb95ca800, 0x000001aeb95cc000, 0x000001aeb95c7800, 0x000001aeb95cd000,
0x000001aeb95cb800, 0x000001aeb95ce000, 0x000001aeb95c9800, 0x000001aeb95c8000,
0x000001aeb95c9000, 0x000001aeb89d7800, 0x000001aeb89d5000, 0x000001aeb89da000,
0x000001aeb89da800, 0x000001aeb89db800, 0x000001aeb89e3000, 0x000001aeb89de000,
0x000001aeb89df000, 0x000001aeb89e1000, 0x000001aeb89dd000, 0x000001aeb89e3800,
0x000001aeb89df800, 0x000001aeb89e0800, 0x000001aeb9c9d000
}

Java Threads: ( => current thread )
  0x000001ae9e040800 JavaThread "main" [_thread_blocked, id=11696, stack(0x000000601dd00000,0x000000601de00000)]
  0x000001aeb55f3800 JavaThread "Reference Handler" daemon [_thread_blocked, id=2872, stack(0x000000601e400000,0x000000601e500000)]
  0x000001aeb55f5000 JavaThread "Finalizer" daemon [_thread_blocked, id=10508, stack(0x000000601e500000,0x000000601e600000)]
  0x000001aeb5fa2800 JavaThread "Signal Dispatcher" daemon [_thread_blocked, id=2572, stack(0x000000601e600000,0x000000601e700000)]
  0x000001aeb5610800 JavaThread "Attach Listener" daemon [_thread_blocked, id=15348, stack(0x000000601e700000,0x000000601e800000)]
  0x000001aeb5611000 JavaThread "Service Thread" daemon [_thread_blocked, id=1336, stack(0x000000601e800000,0x000000601e900000)]
  0x000001aeb5614000 JavaThread "C2 CompilerThread0" daemon [_thread_in_native, id=3780, stack(0x000000601e900000,0x000000601ea00000)]
  0x000001aeb5619800 JavaThread "C1 CompilerThread0" daemon [_thread_blocked, id=1640, stack(0x000000601ea00000,0x000000601eb00000)]
  0x000001aeb565e800 JavaThread "Sweeper thread" daemon [_thread_blocked, id=2868, stack(0x000000601eb00000,0x000000601ec00000)]
  0x000001aeb60c3000 JavaThread "Common-Cleaner" daemon [_thread_blocked, id=3316, stack(0x000000601ec00000,0x000000601ed00000)]
  0x000001aeb7d6f800 JavaThread "Daemon health stats" [_thread_blocked, id=8916, stack(0x000000601f100000,0x000000601f200000)]
  0x000001aeb81cf800 JavaThread "Incoming local TCP Connector on port 52997" [_thread_in_native, id=10636, stack(0x000000601ee00000,0x000000601ef00000)]
  0x000001aeb7ea2000 JavaThread "Daemon periodic checks" [_thread_blocked, id=1244, stack(0x000000601f200000,0x000000601f300000)]
  0x000001aeb6c0b000 JavaThread "Daemon" [_thread_blocked, id=14600, stack(0x000000601f300000,0x000000601f400000)]
  0x000001aeb9152000 JavaThread "Handler for socket connection from /127.0.0.1:52997 to /127.0.0.1:52998" [_thread_in_native, id=14820, stack(0x000000601f400000,0x000000601f500000)]
=>0x000001aeb8a2e000 JavaThread "C2 CompilerThread1" daemon [_thread_in_native, id=888, stack(0x000000601f500000,0x000000601f600000)]
  0x000001aeb9045800 JavaThread "Cancel handler" [_thread_blocked, id=14072, stack(0x000000601f600000,0x000000601f700000)]
  0x000001aeb8342800 JavaThread "Daemon worker" [_thread_in_Java, id=12276, stack(0x000000601f700000,0x000000601f800000)]
  0x000001aeb7597000 JavaThread "Asynchronous log dispatcher for DefaultDaemonConnection: socket connection from /127.0.0.1:52997 to /127.0.0.1:52998" [_thread_blocked, id=1520, stack(0x000000601f800000,0x000000601f900000)]
  0x000001aeb8a2d000 JavaThread "Stdin handler" [_thread_blocked, id=15424, stack(0x000000601f900000,0x000000601fa00000)]
  0x000001aeb95ca800 JavaThread "Daemon client event forwarder" [_thread_blocked, id=16212, stack(0x000000601fa00000,0x000000601fb00000)]
  0x000001aeb95cc000 JavaThread "Cache worker for file hash cache (C:\Users\halag\Documents\cs\year_project\Server_location_app\.gradle\caches\7.0.2\fileHashes)" [_thread_blocked, id=3764, stack(0x000000601fc00000,0x000000601fd00000)]
  0x000001aeb95c7800 JavaThread "File lock request listener" [_thread_in_native, id=15596, stack(0x000000601fd00000,0x000000601fe00000)]
  0x000001aeb95cd000 JavaThread "Cache worker for journal cache (C:\Users\halag\Documents\cs\year_project\Server_location_app\.gradle\caches\journal-1)" [_thread_blocked, id=14196, stack(0x000000601fe00000,0x000000601ff00000)]
  0x000001aeb95cb800 JavaThread "Cache worker for file hash cache (C:\Users\halag\Documents\cs\year_project\test_app2\.gradle\7.0.2\fileHashes)" [_thread_blocked, id=3184, stack(0x000000601ff00000,0x0000006020000000)]
  0x000001aeb95ce000 JavaThread "File watcher server" daemon [_thread_in_native, id=9232, stack(0x0000006020000000,0x0000006020100000)]
  0x000001aeb95c9800 JavaThread "File watcher consumer" daemon [_thread_blocked, id=13640, stack(0x0000006020100000,0x0000006020200000)]
  0x000001aeb95c8000 JavaThread "Cache worker for checksums cache (C:\Users\halag\Documents\cs\year_project\test_app2\.gradle\checksums)" [_thread_blocked, id=7972, stack(0x0000006020200000,0x0000006020300000)]
  0x000001aeb95c9000 JavaThread "Cache worker for cache directory md-supplier (C:\Users\halag\Documents\cs\year_project\Server_location_app\.gradle\caches\7.0.2\md-supplier)" [_thread_blocked, id=9480, stack(0x0000006020300000,0x0000006020400000)]
  0x000001aeb89d7800 JavaThread "Cache worker for cache directory md-rule (C:\Users\halag\Documents\cs\year_project\Server_location_app\.gradle\caches\7.0.2\md-rule)" [_thread_blocked, id=3348, stack(0x0000006020400000,0x0000006020500000)]
  0x000001aeb89d5000 JavaThread "Cache worker for execution history cache (C:\Users\halag\Documents\cs\year_project\Server_location_app\.gradle\caches\7.0.2\executionHistory)" [_thread_blocked, id=14924, stack(0x0000006020500000,0x0000006020600000)]
  0x000001aeb89da000 JavaThread "jar transforms" [_thread_blocked, id=12324, stack(0x0000006020600000,0x0000006020700000)]
  0x000001aeb89da800 JavaThread "jar transforms Thread 2" [_thread_blocked, id=6832, stack(0x0000006020700000,0x0000006020800000)]
  0x000001aeb89db800 JavaThread "Cache worker for file content cache (C:\Users\halag\Documents\cs\year_project\Server_location_app\.gradle\caches\7.0.2\fileContent)" [_thread_blocked, id=8188, stack(0x0000006020800000,0x0000006020900000)]
  0x000001aeb89e3000 JavaThread "Cache worker for dependencies-accessors (C:\Users\halag\Documents\cs\year_project\test_app2\.gradle\7.0.2\dependencies-accessors)" [_thread_blocked, id=9188, stack(0x0000006020900000,0x0000006020a00000)]
  0x000001aeb89de000 JavaThread "jar transforms Thread 3" [_thread_blocked, id=8404, stack(0x0000006020a00000,0x0000006020b00000)]
  0x000001aeb89df000 JavaThread "Cache worker for Build Output Cleanup Cache (C:\Users\halag\Documents\cs\year_project\test_app2\.gradle\buildOutputCleanup)" [_thread_blocked, id=12312, stack(0x0000006020b00000,0x0000006020c00000)]
  0x000001aeb89e1000 JavaThread "Build operations" [_thread_blocked, id=2528, stack(0x0000006020c00000,0x0000006020d00000)]
  0x000001aeb89dd000 JavaThread "Build operations Thread 2" [_thread_blocked, id=2388, stack(0x0000006020d00000,0x0000006020e00000)]
  0x000001aeb89e3800 JavaThread "Build operations Thread 3" [_thread_blocked, id=8328, stack(0x0000006020e00000,0x0000006020f00000)]
  0x000001aeb89df800 JavaThread "Build operations Thread 4" [_thread_blocked, id=8784, stack(0x0000006020f00000,0x0000006021000000)]
  0x000001aeb89e0800 JavaThread "jar transforms Thread 4" [_thread_blocked, id=15944, stack(0x0000006021000000,0x0000006021100000)]
  0x000001aeb9c9d000 JavaThread "Memory manager" [_thread_blocked, id=15600, stack(0x0000006021100000,0x0000006021200000)]

Other Threads:
  0x000001aeb55ee800 VMThread "VM Thread" [stack: 0x000000601e300000,0x000000601e400000] [id=5604]
  0x000001aeb60e0000 WatcherThread [stack: 0x000000601ed00000,0x000000601ee00000] [id=3860]
  0x000001ae9e059000 GCTaskThread "GC Thread#0" [stack: 0x000000601de00000,0x000000601df00000] [id=13348]
  0x000001aeb6537000 GCTaskThread "GC Thread#1" [stack: 0x000000601ef00000,0x000000601f000000] [id=16116]
  0x000001aeb639a800 GCTaskThread "GC Thread#2" [stack: 0x000000601f000000,0x000000601f100000] [id=11216]
  0x000001aeb8997800 GCTaskThread "GC Thread#3" [stack: 0x000000601fb00000,0x000000601fc00000] [id=12532]
  0x000001ae9e073000 ConcurrentGCThread "G1 Main Marker" [stack: 0x000000601df00000,0x000000601e000000] [id=15884]
  0x000001ae9e075800 ConcurrentGCThread "G1 Conc#0" [stack: 0x000000601e000000,0x000000601e100000] [id=1528]
  0x000001ae9e0ff800 ConcurrentGCThread "G1 Refine#0" [stack: 0x000000601e100000,0x000000601e200000] [id=9048]
  0x000001ae9e100800 ConcurrentGCThread "G1 Young RemSet Sampling" [stack: 0x000000601e200000,0x000000601e300000] [id=872]

Threads with active compile tasks:
C2 CompilerThread0  16903 6634       4       java.beans.MethodRef::set (58 bytes)
C1 CompilerThread0  16903 6856       3       org.gradle.internal.instantiation.generator.AsmBackedClassGenerator$ClassBuilderImpl::addPropertySetterOverloads (132 bytes)
C2 CompilerThread1  16903 6630 %     4       org.gradle.internal.instantiation.generator.AbstractClassGenerator::inspectType @ 77 (560 bytes)

VM state:not at safepoint (normal execution)

VM Mutex/Monitor currently owned by a thread: None

Heap address: 0x00000000c0000000, size: 1024 MB, Compressed Oops mode: 32-bit
Narrow klass base: 0x0000000000000000, Narrow klass shift: 3
Compressed class space size: 1073741824 Address: 0x0000000100000000

Heap:
 garbage-first heap   total 131072K, used 98467K [0x00000000c0000000, 0x0000000100000000)
  region size 1024K, 50 young (51200K), 4 survivors (4096K)
 Metaspace       used 71636K, capacity 73299K, committed 73420K, reserved 1112064K
  class space    used 9236K, capacity 9826K, committed 9932K, reserved 1048576K
Heap Regions: E=young(eden), S=young(survivor), O=old, HS=humongous(starts), HC=humongous(continues), CS=collection set, F=free, A=archive, TAMS=top-at-mark-start (previous, next)
|   0|0x00000000c0000000, 0x00000000c0100000, 0x00000000c0100000|100%|HS|  |TAMS 0x00000000c0100000, 0x00000000c0000000| Complete 
|   1|0x00000000c0100000, 0x00000000c0200000, 0x00000000c0200000|100%|HC|  |TAMS 0x00000000c0200000, 0x00000000c0100000| Complete 
|   2|0x00000000c0200000, 0x00000000c0300000, 0x00000000c0300000|100%|HC|  |TAMS 0x00000000c0300000, 0x00000000c0200000| Complete 
|   3|0x00000000c0300000, 0x00000000c0400000, 0x00000000c0400000|100%| O|  |TAMS 0x00000000c0400000, 0x00000000c0300000| Untracked 
|   4|0x00000000c0400000, 0x00000000c0500000, 0x00000000c0500000|100%| O|  |TAMS 0x00000000c0500000, 0x00000000c0400000| Untracked 
|   5|0x00000000c0500000, 0x00000000c0600000, 0x00000000c0600000|100%| O|  |TAMS 0x00000000c0600000, 0x00000000c0500000| Untracked 
|   6|0x00000000c0600000, 0x00000000c0700000, 0x00000000c0700000|100%| O|  |TAMS 0x00000000c0700000, 0x00000000c0600000| Untracked 
|   7|0x00000000c0700000, 0x00000000c0800000, 0x00000000c0800000|100%| O|  |TAMS 0x00000000c0800000, 0x00000000c0700000| Untracked 
|   8|0x00000000c0800000, 0x00000000c0900000, 0x00000000c0900000|100%| O|  |TAMS 0x00000000c0900000, 0x00000000c0800000| Untracked 
|   9|0x00000000c0900000, 0x00000000c0a00000, 0x00000000c0a00000|100%| O|  |TAMS 0x00000000c0a00000, 0x00000000c0900000| Untracked 
|  10|0x00000000c0a00000, 0x00000000c0b00000, 0x00000000c0b00000|100%| O|  |TAMS 0x00000000c0b00000, 0x00000000c0a00000| Untracked 
|  11|0x00000000c0b00000, 0x00000000c0c00000, 0x00000000c0c00000|100%| O|  |TAMS 0x00000000c0c00000, 0x00000000c0b00000| Untracked 
|  12|0x00000000c0c00000, 0x00000000c0d00000, 0x00000000c0d00000|100%| O|  |TAMS 0x00000000c0d00000, 0x00000000c0c00000| Untracked 
|  13|0x00000000c0d00000, 0x00000000c0e00000, 0x00000000c0e00000|100%| O|  |TAMS 0x00000000c0e00000, 0x00000000c0d00000| Untracked 
|  14|0x00000000c0e00000, 0x00000000c0f00000, 0x00000000c0f00000|100%| O|  |TAMS 0x00000000c0f00000, 0x00000000c0e00000| Untracked 
|  15|0x00000000c0f00000, 0x00000000c1000000, 0x00000000c1000000|100%| O|  |TAMS 0x00000000c1000000, 0x00000000c0f00000| Untracked 
|  16|0x00000000c1000000, 0x00000000c1100000, 0x00000000c1100000|100%| O|  |TAMS 0x00000000c1100000, 0x00000000c1000000| Untracked 
|  17|0x00000000c1100000, 0x00000000c1200000, 0x00000000c1200000|100%| O|  |TAMS 0x00000000c1200000, 0x00000000c1100000| Untracked 
|  18|0x00000000c1200000, 0x00000000c1300000, 0x00000000c1300000|100%| O|  |TAMS 0x00000000c1300000, 0x00000000c1200000| Untracked 
|  19|0x00000000c1300000, 0x00000000c1400000, 0x00000000c1400000|100%|HS|  |TAMS 0x00000000c1400000, 0x00000000c1300000| Complete 
|  20|0x00000000c1400000, 0x00000000c1500000, 0x00000000c1500000|100%| O|  |TAMS 0x00000000c1500000, 0x00000000c1400000| Untracked 
|  21|0x00000000c1500000, 0x00000000c1600000, 0x00000000c1600000|100%| O|  |TAMS 0x00000000c1600000, 0x00000000c1500000| Untracked 
|  22|0x00000000c1600000, 0x00000000c1700000, 0x00000000c1700000|100%| O|  |TAMS 0x00000000c1700000, 0x00000000c1600000| Untracked 
|  23|0x00000000c1700000, 0x00000000c1800000, 0x00000000c1800000|100%| O|  |TAMS 0x00000000c1800000, 0x00000000c1700000| Untracked 
|  24|0x00000000c1800000, 0x00000000c1900000, 0x00000000c1900000|100%|HS|  |TAMS 0x00000000c1900000, 0x00000000c1800000| Complete 
|  25|0x00000000c1900000, 0x00000000c1a00000, 0x00000000c1a00000|100%|HS|  |TAMS 0x00000000c1a00000, 0x00000000c1900000| Complete 
|  26|0x00000000c1a00000, 0x00000000c1b00000, 0x00000000c1b00000|100%|HC|  |TAMS 0x00000000c1b00000, 0x00000000c1a00000| Complete 
|  27|0x00000000c1b00000, 0x00000000c1c00000, 0x00000000c1c00000|100%| O|  |TAMS 0x00000000c1c00000, 0x00000000c1b00000| Untracked 
|  28|0x00000000c1c00000, 0x00000000c1d00000, 0x00000000c1d00000|100%| O|  |TAMS 0x00000000c1d00000, 0x00000000c1c00000| Untracked 
|  29|0x00000000c1d00000, 0x00000000c1e00000, 0x00000000c1e00000|100%| O|  |TAMS 0x00000000c1e00000, 0x00000000c1d00000| Untracked 
|  30|0x00000000c1e00000, 0x00000000c1f00000, 0x00000000c1f00000|100%| O|  |TAMS 0x00000000c1f00000, 0x00000000c1e00000| Untracked 
|  31|0x00000000c1f00000, 0x00000000c2000000, 0x00000000c2000000|100%| O|  |TAMS 0x00000000c2000000, 0x00000000c1f00000| Untracked 
|  32|0x00000000c2000000, 0x00000000c2100000, 0x00000000c2100000|100%| O|  |TAMS 0x00000000c2100000, 0x00000000c2000000| Untracked 
|  33|0x00000000c2100000, 0x00000000c2200000, 0x00000000c2200000|100%| O|  |TAMS 0x00000000c2200000, 0x00000000c2100000| Untracked 
|  34|0x00000000c2200000, 0x00000000c2300000, 0x00000000c2300000|100%| O|  |TAMS 0x00000000c2300000, 0x00000000c2200000| Untracked 
|  35|0x00000000c2300000, 0x00000000c2400000, 0x00000000c2400000|100%| O|  |TAMS 0x00000000c2400000, 0x00000000c2300000| Untracked 
|  36|0x00000000c2400000, 0x00000000c2500000, 0x00000000c2500000|100%| O|  |TAMS 0x00000000c2500000, 0x00000000c2400000| Untracked 
|  37|0x00000000c2500000, 0x00000000c2600000, 0x00000000c2600000|100%| O|  |TAMS 0x00000000c2600000, 0x00000000c2500000| Untracked 
|  38|0x00000000c2600000, 0x00000000c2700000, 0x00000000c2700000|100%| O|  |TAMS 0x00000000c2700000, 0x00000000c2600000| Untracked 
|  39|0x00000000c2700000, 0x00000000c2800000, 0x00000000c2800000|100%| O|  |TAMS 0x00000000c27b3e00, 0x00000000c2700000| Untracked 
|  40|0x00000000c2800000, 0x00000000c2900000, 0x00000000c2900000|100%| O|  |TAMS 0x00000000c2800000, 0x00000000c2800000| Untracked 
|  41|0x00000000c2900000, 0x00000000c2a00000, 0x00000000c2a00000|100%| O|  |TAMS 0x00000000c2900000, 0x00000000c2900000| Untracked 
|  42|0x00000000c2a00000, 0x00000000c2b00000, 0x00000000c2b00000|100%| O|  |TAMS 0x00000000c2a00000, 0x00000000c2a00000| Untracked 
|  43|0x00000000c2b00000, 0x00000000c2c00000, 0x00000000c2c00000|100%| O|  |TAMS 0x00000000c2b00000, 0x00000000c2b00000| Untracked 
|  44|0x00000000c2c00000, 0x00000000c2d00000, 0x00000000c2d00000|100%| O|  |TAMS 0x00000000c2c00000, 0x00000000c2c00000| Untracked 
|  45|0x00000000c2d00000, 0x00000000c2e00000, 0x00000000c2e00000|100%| O|  |TAMS 0x00000000c2d00000, 0x00000000c2d00000| Untracked 
|  46|0x00000000c2e00000, 0x00000000c2f00000, 0x00000000c2f00000|100%| O|  |TAMS 0x00000000c2e00000, 0x00000000c2e00000| Untracked 
|  47|0x00000000c2f00000, 0x00000000c2f28c00, 0x00000000c3000000| 15%| O|  |TAMS 0x00000000c2f00000, 0x00000000c2f00000| Untracked 
|  48|0x00000000c3000000, 0x00000000c3000000, 0x00000000c3100000|  0%| F|  |TAMS 0x00000000c3000000, 0x00000000c3000000| Untracked 
|  49|0x00000000c3100000, 0x00000000c3100000, 0x00000000c3200000|  0%| F|  |TAMS 0x00000000c3100000, 0x00000000c3100000| Untracked 
|  50|0x00000000c3200000, 0x00000000c3200000, 0x00000000c3300000|  0%| F|  |TAMS 0x00000000c3200000, 0x00000000c3200000| Untracked 
|  51|0x00000000c3300000, 0x00000000c3300000, 0x00000000c3400000|  0%| F|  |TAMS 0x00000000c3300000, 0x00000000c3300000| Untracked 
|  52|0x00000000c3400000, 0x00000000c3400000, 0x00000000c3500000|  0%| F|  |TAMS 0x00000000c3400000, 0x00000000c3400000| Untracked 
|  53|0x00000000c3500000, 0x00000000c3500000, 0x00000000c3600000|  0%| F|  |TAMS 0x00000000c3500000, 0x00000000c3500000| Untracked 
|  54|0x00000000c3600000, 0x00000000c3600000, 0x00000000c3700000|  0%| F|  |TAMS 0x00000000c3600000, 0x00000000c3600000| Untracked 
|  55|0x00000000c3700000, 0x00000000c3700000, 0x00000000c3800000|  0%| F|  |TAMS 0x00000000c3700000, 0x00000000c3700000| Untracked 
|  56|0x00000000c3800000, 0x00000000c3800000, 0x00000000c3900000|  0%| F|  |TAMS 0x00000000c3800000, 0x00000000c3800000| Untracked 
|  57|0x00000000c3900000, 0x00000000c3900000, 0x00000000c3a00000|  0%| F|  |TAMS 0x00000000c3900000, 0x00000000c3900000| Untracked 
|  58|0x00000000c3a00000, 0x00000000c3a00000, 0x00000000c3b00000|  0%| F|  |TAMS 0x00000000c3a00000, 0x00000000c3a00000| Untracked 
|  59|0x00000000c3b00000, 0x00000000c3b00000, 0x00000000c3c00000|  0%| F|  |TAMS 0x00000000c3b00000, 0x00000000c3b00000| Untracked 
|  60|0x00000000c3c00000, 0x00000000c3c00000, 0x00000000c3d00000|  0%| F|  |TAMS 0x00000000c3c00000, 0x00000000c3c00000| Untracked 
|  61|0x00000000c3d00000, 0x00000000c3d00000, 0x00000000c3e00000|  0%| F|  |TAMS 0x00000000c3d00000, 0x00000000c3d00000| Untracked 
|  62|0x00000000c3e00000, 0x00000000c3e00000, 0x00000000c3f00000|  0%| F|  |TAMS 0x00000000c3e00000, 0x00000000c3e00000| Untracked 
|  63|0x00000000c3f00000, 0x00000000c3f00000, 0x00000000c4000000|  0%| F|  |TAMS 0x00000000c3f00000, 0x00000000c3f00000| Untracked 
|  64|0x00000000c4000000, 0x00000000c4000000, 0x00000000c4100000|  0%| F|  |TAMS 0x00000000c4000000, 0x00000000c4000000| Untracked 
|  65|0x00000000c4100000, 0x00000000c4100000, 0x00000000c4200000|  0%| F|  |TAMS 0x00000000c4100000, 0x00000000c4100000| Untracked 
|  66|0x00000000c4200000, 0x00000000c4200000, 0x00000000c4300000|  0%| F|  |TAMS 0x00000000c4200000, 0x00000000c4200000| Untracked 
|  67|0x00000000c4300000, 0x00000000c4300000, 0x00000000c4400000|  0%| F|  |TAMS 0x00000000c4300000, 0x00000000c4300000| Untracked 
|  68|0x00000000c4400000, 0x00000000c4400000, 0x00000000c4500000|  0%| F|  |TAMS 0x00000000c4400000, 0x00000000c4400000| Untracked 
|  69|0x00000000c4500000, 0x00000000c4500000, 0x00000000c4600000|  0%| F|  |TAMS 0x00000000c4500000, 0x00000000c4500000| Untracked 
|  70|0x00000000c4600000, 0x00000000c4600000, 0x00000000c4700000|  0%| F|  |TAMS 0x00000000c4600000, 0x00000000c4600000| Untracked 
|  71|0x00000000c4700000, 0x00000000c4700000, 0x00000000c4800000|  0%| F|  |TAMS 0x00000000c4700000, 0x00000000c4700000| Untracked 
|  72|0x00000000c4800000, 0x00000000c4800000, 0x00000000c4900000|  0%| F|  |TAMS 0x00000000c4800000, 0x00000000c4800000| Untracked 
|  73|0x00000000c4900000, 0x00000000c4900000, 0x00000000c4a00000|  0%| F|  |TAMS 0x00000000c4900000, 0x00000000c4900000| Untracked 
|  74|0x00000000c4a00000, 0x00000000c4a00000, 0x00000000c4b00000|  0%| F|  |TAMS 0x00000000c4a00000, 0x00000000c4a00000| Untracked 
|  75|0x00000000c4b00000, 0x00000000c4b00000, 0x00000000c4c00000|  0%| F|  |TAMS 0x00000000c4b00000, 0x00000000c4b00000| Untracked 
|  76|0x00000000c4c00000, 0x00000000c4d00000, 0x00000000c4d00000|100%| S|CS|TAMS 0x00000000c4c00000, 0x00000000c4c00000| Complete 
|  77|0x00000000c4d00000, 0x00000000c4e00000, 0x00000000c4e00000|100%| S|CS|TAMS 0x00000000c4d00000, 0x00000000c4d00000| Complete 
|  78|0x00000000c4e00000, 0x00000000c4f00000, 0x00000000c4f00000|100%| S|CS|TAMS 0x00000000c4e00000, 0x00000000c4e00000| Complete 
|  79|0x00000000c4f00000, 0x00000000c5000000, 0x00000000c5000000|100%| S|CS|TAMS 0x00000000c4f00000, 0x00000000c4f00000| Complete 
|  80|0x00000000c5000000, 0x00000000c5000000, 0x00000000c5100000|  0%| F|  |TAMS 0x00000000c5000000, 0x00000000c5000000| Untracked 
|  81|0x00000000c5100000, 0x00000000c5100000, 0x00000000c5200000|  0%| F|  |TAMS 0x00000000c5100000, 0x00000000c5100000| Untracked 
|  82|0x00000000c5200000, 0x00000000c5280800, 0x00000000c5300000| 50%| E|  |TAMS 0x00000000c5200000, 0x00000000c5200000| Complete 
|  83|0x00000000c5300000, 0x00000000c5400000, 0x00000000c5400000|100%| E|CS|TAMS 0x00000000c5300000, 0x00000000c5300000| Complete 
|  84|0x00000000c5400000, 0x00000000c5500000, 0x00000000c5500000|100%| E|CS|TAMS 0x00000000c5400000, 0x00000000c5400000| Complete 
|  85|0x00000000c5500000, 0x00000000c5600000, 0x00000000c5600000|100%| E|CS|TAMS 0x00000000c5500000, 0x00000000c5500000| Complete 
|  86|0x00000000c5600000, 0x00000000c5700000, 0x00000000c5700000|100%| E|CS|TAMS 0x00000000c5600000, 0x00000000c5600000| Complete 
|  87|0x00000000c5700000, 0x00000000c5800000, 0x00000000c5800000|100%| E|CS|TAMS 0x00000000c5700000, 0x00000000c5700000| Complete 
|  88|0x00000000c5800000, 0x00000000c5900000, 0x00000000c5900000|100%| E|CS|TAMS 0x00000000c5800000, 0x00000000c5800000| Complete 
|  89|0x00000000c5900000, 0x00000000c5a00000, 0x00000000c5a00000|100%| E|CS|TAMS 0x00000000c5900000, 0x00000000c5900000| Complete 
|  90|0x00000000c5a00000, 0x00000000c5b00000, 0x00000000c5b00000|100%| E|CS|TAMS 0x00000000c5a00000, 0x00000000c5a00000| Complete 
|  91|0x00000000c5b00000, 0x00000000c5c00000, 0x00000000c5c00000|100%| E|CS|TAMS 0x00000000c5b00000, 0x00000000c5b00000| Complete 
|  92|0x00000000c5c00000, 0x00000000c5d00000, 0x00000000c5d00000|100%| E|CS|TAMS 0x00000000c5c00000, 0x00000000c5c00000| Complete 
|  93|0x00000000c5d00000, 0x00000000c5e00000, 0x00000000c5e00000|100%| E|CS|TAMS 0x00000000c5d00000, 0x00000000c5d00000| Complete 
|  94|0x00000000c5e00000, 0x00000000c5f00000, 0x00000000c5f00000|100%| E|CS|TAMS 0x00000000c5e00000, 0x00000000c5e00000| Complete 
|  95|0x00000000c5f00000, 0x00000000c6000000, 0x00000000c6000000|100%| E|CS|TAMS 0x00000000c5f00000, 0x00000000c5f00000| Complete 
|  96|0x00000000c6000000, 0x00000000c6100000, 0x00000000c6100000|100%| E|CS|TAMS 0x00000000c6000000, 0x00000000c6000000| Complete 
|  97|0x00000000c6100000, 0x00000000c6200000, 0x00000000c6200000|100%| E|CS|TAMS 0x00000000c6100000, 0x00000000c6100000| Complete 
|  98|0x00000000c6200000, 0x00000000c6300000, 0x00000000c6300000|100%| E|CS|TAMS 0x00000000c6200000, 0x00000000c6200000| Complete 
|  99|0x00000000c6300000, 0x00000000c6400000, 0x00000000c6400000|100%| E|CS|TAMS 0x00000000c6300000, 0x00000000c6300000| Complete 
| 100|0x00000000c6400000, 0x00000000c6500000, 0x00000000c6500000|100%| E|CS|TAMS 0x00000000c6400000, 0x00000000c6400000| Complete 
| 101|0x00000000c6500000, 0x00000000c6600000, 0x00000000c6600000|100%| E|CS|TAMS 0x00000000c6500000, 0x00000000c6500000| Complete 
| 102|0x00000000c6600000, 0x00000000c6700000, 0x00000000c6700000|100%| E|CS|TAMS 0x00000000c6600000, 0x00000000c6600000| Complete 
| 103|0x00000000c6700000, 0x00000000c6800000, 0x00000000c6800000|100%| E|CS|TAMS 0x00000000c6700000, 0x00000000c6700000| Complete 
| 104|0x00000000c6800000, 0x00000000c6900000, 0x00000000c6900000|100%| E|CS|TAMS 0x00000000c6800000, 0x00000000c6800000| Complete 
| 105|0x00000000c6900000, 0x00000000c6a00000, 0x00000000c6a00000|100%| E|CS|TAMS 0x00000000c6900000, 0x00000000c6900000| Complete 
| 106|0x00000000c6a00000, 0x00000000c6b00000, 0x00000000c6b00000|100%| E|CS|TAMS 0x00000000c6a00000, 0x00000000c6a00000| Complete 
| 107|0x00000000c6b00000, 0x00000000c6c00000, 0x00000000c6c00000|100%| E|CS|TAMS 0x00000000c6b00000, 0x00000000c6b00000| Complete 
| 108|0x00000000c6c00000, 0x00000000c6d00000, 0x00000000c6d00000|100%| E|CS|TAMS 0x00000000c6c00000, 0x00000000c6c00000| Complete 
| 109|0x00000000c6d00000, 0x00000000c6e00000, 0x00000000c6e00000|100%| E|CS|TAMS 0x00000000c6d00000, 0x00000000c6d00000| Complete 
| 110|0x00000000c6e00000, 0x00000000c6f00000, 0x00000000c6f00000|100%| E|CS|TAMS 0x00000000c6e00000, 0x00000000c6e00000| Complete 
| 111|0x00000000c6f00000, 0x00000000c7000000, 0x00000000c7000000|100%| E|CS|TAMS 0x00000000c6f00000, 0x00000000c6f00000| Complete 
| 112|0x00000000c7000000, 0x00000000c7100000, 0x00000000c7100000|100%| E|CS|TAMS 0x00000000c7000000, 0x00000000c7000000| Complete 
| 113|0x00000000c7100000, 0x00000000c7200000, 0x00000000c7200000|100%| E|CS|TAMS 0x00000000c7100000, 0x00000000c7100000| Complete 
| 114|0x00000000c7200000, 0x00000000c7300000, 0x00000000c7300000|100%| E|CS|TAMS 0x00000000c7200000, 0x00000000c7200000| Complete 
| 115|0x00000000c7300000, 0x00000000c7400000, 0x00000000c7400000|100%| E|CS|TAMS 0x00000000c7300000, 0x00000000c7300000| Complete 
| 116|0x00000000c7400000, 0x00000000c7500000, 0x00000000c7500000|100%| E|CS|TAMS 0x00000000c7400000, 0x00000000c7400000| Complete 
| 117|0x00000000c7500000, 0x00000000c7600000, 0x00000000c7600000|100%| E|CS|TAMS 0x00000000c7500000, 0x00000000c7500000| Complete 
| 118|0x00000000c7600000, 0x00000000c7700000, 0x00000000c7700000|100%| E|CS|TAMS 0x00000000c7600000, 0x00000000c7600000| Complete 
| 119|0x00000000c7700000, 0x00000000c7800000, 0x00000000c7800000|100%| E|CS|TAMS 0x00000000c7700000, 0x00000000c7700000| Complete 
| 120|0x00000000c7800000, 0x00000000c7900000, 0x00000000c7900000|100%| E|CS|TAMS 0x00000000c7800000, 0x00000000c7800000| Complete 
| 121|0x00000000c7900000, 0x00000000c7a00000, 0x00000000c7a00000|100%| E|CS|TAMS 0x00000000c7900000, 0x00000000c7900000| Complete 
| 122|0x00000000c7a00000, 0x00000000c7b00000, 0x00000000c7b00000|100%| E|CS|TAMS 0x00000000c7a00000, 0x00000000c7a00000| Complete 
| 123|0x00000000c7b00000, 0x00000000c7c00000, 0x00000000c7c00000|100%| E|CS|TAMS 0x00000000c7b00000, 0x00000000c7b00000| Complete 
| 124|0x00000000c7c00000, 0x00000000c7d00000, 0x00000000c7d00000|100%| E|CS|TAMS 0x00000000c7c00000, 0x00000000c7c00000| Complete 
| 125|0x00000000c7d00000, 0x00000000c7e00000, 0x00000000c7e00000|100%| E|CS|TAMS 0x00000000c7d00000, 0x00000000c7d00000| Complete 
| 126|0x00000000c7e00000, 0x00000000c7f00000, 0x00000000c7f00000|100%| E|CS|TAMS 0x00000000c7e00000, 0x00000000c7e00000| Complete 
| 127|0x00000000c7f00000, 0x00000000c8000000, 0x00000000c8000000|100%| E|CS|TAMS 0x00000000c7f00000, 0x00000000c7f00000| Complete 

Card table byte_map: [0x000001aeb0d30000,0x000001aeb0f30000] _byte_map_base: 0x000001aeb0730000

Marking Bits (Prev, Next): (CMBitMap*) 0x000001ae9e06e4d0, (CMBitMap*) 0x000001ae9e06e498
 Prev Bits: [0x000001aeb2130000, 0x000001aeb3130000)
 Next Bits: [0x000001aeb1130000, 0x000001aeb2130000)

Polling page: 0x000001ae9d820000

Metaspace:

Usage:
  Non-class:     61.99 MB capacity,    60.94 MB ( 98%) used,   894.88 KB (  1%) free+waste,   175.81 KB ( <1%) overhead. 
      Class:      9.60 MB capacity,     9.02 MB ( 94%) used,   507.49 KB (  5%) free+waste,    81.56 KB ( <1%) overhead. 
       Both:     71.58 MB capacity,    69.96 MB ( 98%) used,     1.37 MB (  2%) free+waste,   257.38 KB ( <1%) overhead. 

Virtual space:
  Non-class space:       62.00 MB reserved,      62.00 MB (100%) committed 
      Class space:        1.00 GB reserved,       9.70 MB ( <1%) committed 
             Both:        1.06 GB reserved,      71.70 MB (  7%) committed 

Chunk freelists:
   Non-Class:  15.00 KB
       Class:  0 bytes
        Both:  15.00 KB

MaxMetaspaceSize: 17179869184.00 GB
CompressedClassSpaceSize: 1.00 GB

CodeHeap 'non-profiled nmethods': size=120064Kb used=4089Kb max_used=4089Kb free=115974Kb
 bounds [0x000001aea95f0000, 0x000001aea99f0000, 0x000001aeb0b30000]
CodeHeap 'profiled nmethods': size=120000Kb used=14851Kb max_used=14851Kb free=105148Kb
 bounds [0x000001aea20c0000, 0x000001aea2f50000, 0x000001aea95f0000]
CodeHeap 'non-nmethods': size=5696Kb used=2268Kb max_used=2309Kb free=3427Kb
 bounds [0x000001aea1b30000, 0x000001aea1da0000, 0x000001aea20c0000]
 total_blobs=7699 nmethods=6835 adapters=773
 compilation: enabled
              stopped_count=0, restarted_count=0
 full_count=0

Compilation events (20 events):
Event: 16.590 Thread 0x000001aeb5619800 6843       1       org.gradle.internal.graph.CachingDirectedGraphWalker$NodeDetails::access$500 (5 bytes)
Event: 16.590 Thread 0x000001aeb5619800 nmethod 6843 0x000001aea99ed590 code [0x000001aea99ed740, 0x000001aea99ed7d8]
Event: 16.590 Thread 0x000001aeb5619800 6844       1       org.gradle.internal.graph.CachingDirectedGraphWalker$NodeDetails::access$200 (5 bytes)
Event: 16.591 Thread 0x000001aeb5619800 nmethod 6844 0x000001aea99ed890 code [0x000001aea99eda40, 0x000001aea99edad8]
Event: 16.697 Thread 0x000001aeb5619800 6845       3       java.lang.reflect.Constructor::getExceptionTypes (11 bytes)
Event: 16.698 Thread 0x000001aeb5619800 nmethod 6845 0x000001aea2f38590 code [0x000001aea2f38760, 0x000001aea2f38a08]
Event: 16.802 Thread 0x000001aeb5619800 6846       3       java.io.WinNTFileSystem::normalize (224 bytes)
Event: 16.804 Thread 0x000001aeb5619800 nmethod 6846 0x000001aea2f38b10 code [0x000001aea2f38f20, 0x000001aea2f3acd8]
Event: 16.811 Thread 0x000001aeb5619800 6847       1       com.android.build.api.component.impl.ComponentImpl::getTaskContainer (5 bytes)
Event: 16.811 Thread 0x000001aeb5619800 nmethod 6847 0x000001aea99edb90 code [0x000001aea99edd40, 0x000001aea99eddf8]
Event: 16.812 Thread 0x000001aeb5619800 6848       3       sun.reflect.annotation.AnnotationParser::toArray (18 bytes)
Event: 16.813 Thread 0x000001aeb5619800 nmethod 6848 0x000001aea2f3b810 code [0x000001aea2f3b9e0, 0x000001aea2f3bd38]
Event: 16.813 Thread 0x000001aeb5619800 6849       3       java.lang.Class::getDeclaredField (54 bytes)
Event: 16.814 Thread 0x000001aeb5619800 nmethod 6849 0x000001aea2f3be10 code [0x000001aea2f3c0c0, 0x000001aea2f3cb58]
Event: 16.815 Thread 0x000001aeb5619800 6850       1       com.android.build.gradle.internal.scope.GlobalScope::getExtension (5 bytes)
Event: 16.815 Thread 0x000001aeb5619800 nmethod 6850 0x000001aea99ede90 code [0x000001aea99ee040, 0x000001aea99ee0f8]
Event: 16.818 Thread 0x000001aeb5619800 6851       3       org.gradle.util.Path::toString (5 bytes)
Event: 16.819 Thread 0x000001aeb5619800 nmethod 6851 0x000001aea2f3cf10 code [0x000001aea2f3d0e0, 0x000001aea2f3d328]
Event: 16.819 Thread 0x000001aeb5619800 6852       3       com.android.build.api.variant.impl.ApplicationVariantImpl_Decorated::getVariantDslInfo (40 bytes)
Event: 16.819 Thread 0x000001aeb5619800 nmethod 6852 0x000001aea2f3d410 code [0x000001aea2f3d640, 0x000001aea2f3dd48]

GC Heap History (20 events):
Event: 5.209 GC heap before
{Heap before GC invocations=6 (full 0):
 garbage-first heap   total 131072K, used 67155K [0x00000000c0000000, 0x0000000100000000)
  region size 1024K, 54 young (55296K), 5 survivors (5120K)
 Metaspace       used 25647K, capacity 26268K, committed 26368K, reserved 1073152K
  class space    used 3351K, capacity 3568K, committed 3584K, reserved 1048576K
}
Event: 5.216 GC heap after
{Heap after GC invocations=7 (full 0):
 garbage-first heap   total 131072K, used 18923K [0x00000000c0000000, 0x0000000100000000)
  region size 1024K, 3 young (3072K), 3 survivors (3072K)
 Metaspace       used 25647K, capacity 26268K, committed 26368K, reserved 1073152K
  class space    used 3351K, capacity 3568K, committed 3584K, reserved 1048576K
}
Event: 6.817 GC heap before
{Heap before GC invocations=7 (full 0):
 garbage-first heap   total 131072K, used 75243K [0x00000000c0000000, 0x0000000100000000)
  region size 1024K, 58 young (59392K), 3 survivors (3072K)
 Metaspace       used 33962K, capacity 34739K, committed 34944K, reserved 1079296K
  class space    used 4415K, capacity 4712K, committed 4736K, reserved 1048576K
}
Event: 6.826 GC heap after
{Heap after GC invocations=8 (full 0):
 garbage-first heap   total 131072K, used 21808K [0x00000000c0000000, 0x0000000100000000)
  region size 1024K, 6 young (6144K), 6 survivors (6144K)
 Metaspace       used 33962K, capacity 34739K, committed 34944K, reserved 1079296K
  class space    used 4415K, capacity 4712K, committed 4736K, reserved 1048576K
}
Event: 6.943 GC heap before
{Heap before GC invocations=8 (full 0):
 garbage-first heap   total 131072K, used 26928K [0x00000000c0000000, 0x0000000100000000)
  region size 1024K, 12 young (12288K), 6 survivors (6144K)
 Metaspace       used 35065K, capacity 35834K, committed 35840K, reserved 1081344K
  class space    used 4545K, capacity 4864K, committed 4864K, reserved 1048576K
}
Event: 6.956 GC heap after
{Heap after GC invocations=9 (full 0):
 garbage-first heap   total 131072K, used 22626K [0x00000000c0000000, 0x0000000100000000)
  region size 1024K, 4 young (4096K), 4 survivors (4096K)
 Metaspace       used 35065K, capacity 35834K, committed 35840K, reserved 1081344K
  class space    used 4545K, capacity 4864K, committed 4864K, reserved 1048576K
}
Event: 7.845 GC heap before
{Heap before GC invocations=10 (full 0):
 garbage-first heap   total 131072K, used 80994K [0x00000000c0000000, 0x0000000100000000)
  region size 1024K, 59 young (60416K), 4 survivors (4096K)
 Metaspace       used 38998K, capacity 39894K, committed 40268K, reserved 1083392K
  class space    used 4980K, capacity 5316K, committed 5452K, reserved 1048576K
}
Event: 7.858 GC heap after
{Heap after GC invocations=11 (full 0):
 garbage-first heap   total 131072K, used 27263K [0x00000000c0000000, 0x0000000100000000)
  region size 1024K, 8 young (8192K), 8 survivors (8192K)
 Metaspace       used 38998K, capacity 39894K, committed 40268K, reserved 1083392K
  class space    used 4980K, capacity 5316K, committed 5452K, reserved 1048576K
}
Event: 8.761 GC heap before
{Heap before GC invocations=11 (full 0):
 garbage-first heap   total 131072K, used 84607K [0x00000000c0000000, 0x0000000100000000)
  region size 1024K, 64 young (65536K), 8 survivors (8192K)
 Metaspace       used 44216K, capacity 45266K, committed 45516K, reserved 1089536K
  class space    used 5670K, capacity 6037K, committed 6092K, reserved 1048576K
}
Event: 8.775 GC heap after
{Heap after GC invocations=12 (full 0):
 garbage-first heap   total 131072K, used 29634K [0x00000000c0000000, 0x0000000100000000)
  region size 1024K, 7 young (7168K), 7 survivors (7168K)
 Metaspace       used 44216K, capacity 45266K, committed 45516K, reserved 1089536K
  class space    used 5670K, capacity 6037K, committed 6092K, reserved 1048576K
}
Event: 10.074 GC heap before
{Heap before GC invocations=12 (full 0):
 garbage-first heap   total 131072K, used 91074K [0x00000000c0000000, 0x0000000100000000)
  region size 1024K, 64 young (65536K), 7 survivors (7168K)
 Metaspace       used 47429K, capacity 48620K, committed 48844K, reserved 1091584K
  class space    used 6055K, capacity 6485K, committed 6604K, reserved 1048576K
}
Event: 10.088 GC heap after
{Heap after GC invocations=13 (full 0):
 garbage-first heap   total 131072K, used 40731K [0x00000000c0000000, 0x0000000100000000)
  region size 1024K, 8 young (8192K), 8 survivors (8192K)
 Metaspace       used 47429K, capacity 48620K, committed 48844K, reserved 1091584K
  class space    used 6055K, capacity 6485K, committed 6604K, reserved 1048576K
}
Event: 11.273 GC heap before
{Heap before GC invocations=13 (full 0):
 garbage-first heap   total 131072K, used 93979K [0x00000000c0000000, 0x0000000100000000)
  region size 1024K, 60 young (61440K), 8 survivors (8192K)
 Metaspace       used 54283K, capacity 55657K, committed 55884K, reserved 1097728K
  class space    used 6884K, capacity 7393K, committed 7500K, reserved 1048576K
}
Event: 11.285 GC heap after
{Heap after GC invocations=14 (full 0):
 garbage-first heap   total 131072K, used 43272K [0x00000000c0000000, 0x0000000100000000)
  region size 1024K, 3 young (3072K), 3 survivors (3072K)
 Metaspace       used 54283K, capacity 55657K, committed 55884K, reserved 1097728K
  class space    used 6884K, capacity 7393K, committed 7500K, reserved 1048576K
}
Event: 12.392 GC heap before
{Heap before GC invocations=14 (full 0):
 garbage-first heap   total 131072K, used 67848K [0x00000000c0000000, 0x0000000100000000)
  region size 1024K, 28 young (28672K), 3 survivors (3072K)
 Metaspace       used 58659K, capacity 60112K, committed 60236K, reserved 1101824K
  class space    used 7394K, capacity 7912K, committed 8012K, reserved 1048576K
}
Event: 12.400 GC heap after
{Heap after GC invocations=15 (full 0):
 garbage-first heap   total 131072K, used 44343K [0x00000000c0000000, 0x0000000100000000)
  region size 1024K, 4 young (4096K), 4 survivors (4096K)
 Metaspace       used 58659K, capacity 60112K, committed 60236K, reserved 1101824K
  class space    used 7394K, capacity 7912K, committed 8012K, reserved 1048576K
}
Event: 13.825 GC heap before
{Heap before GC invocations=16 (full 0):
 garbage-first heap   total 131072K, used 95543K [0x00000000c0000000, 0x0000000100000000)
  region size 1024K, 54 young (55296K), 4 survivors (4096K)
 Metaspace       used 63712K, capacity 65207K, committed 65484K, reserved 1105920K
  class space    used 8020K, capacity 8556K, committed 8652K, reserved 1048576K
}
Event: 13.842 GC heap after
{Heap after GC invocations=17 (full 0):
 garbage-first heap   total 131072K, used 48527K [0x00000000c0000000, 0x0000000100000000)
  region size 1024K, 7 young (7168K), 7 survivors (7168K)
 Metaspace       used 63712K, capacity 65207K, committed 65484K, reserved 1105920K
  class space    used 8020K, capacity 8556K, committed 8652K, reserved 1048576K
}
Event: 14.924 GC heap before
{Heap before GC invocations=17 (full 0):
 garbage-first heap   total 131072K, used 97679K [0x00000000c0000000, 0x0000000100000000)
  region size 1024K, 55 young (56320K), 7 survivors (7168K)
 Metaspace       used 66987K, capacity 68566K, committed 68812K, reserved 1110016K
  class space    used 8501K, capacity 9051K, committed 9164K, reserved 1048576K
}
Event: 14.950 GC heap after
{Heap after GC invocations=18 (full 0):
 garbage-first heap   total 131072K, used 52387K [0x00000000c0000000, 0x0000000100000000)
  region size 1024K, 4 young (4096K), 4 survivors (4096K)
 Metaspace       used 66987K, capacity 68566K, committed 68812K, reserved 1110016K
  class space    used 8501K, capacity 9051K, committed 9164K, reserved 1048576K
}

Deoptimization events (20 events):
Event: 16.279 Thread 0x000001aeb8342800 Uncommon trap: trap_request=0xffffff4d fr.pc=0x000001aea9616400 relative=0x0000000000000060
Event: 16.279 Thread 0x000001aeb8342800 Uncommon trap: reason=unstable_if action=reinterpret pc=0x000001aea9616400 method=java.io.WinNTFileSystem.isSlash(C)Z @ 9 c2
Event: 16.279 Thread 0x000001aeb8342800 DEOPT PACKING pc=0x000001aea9616400 sp=0x000000601f7f9b10
Event: 16.279 Thread 0x000001aeb8342800 DEOPT UNPACKING pc=0x000001aea1b578af sp=0x000000601f7f9a98 mode 2
Event: 16.468 Thread 0x000001aeb8342800 Uncommon trap: trap_request=0xffffff4d fr.pc=0x000001aea965e13c relative=0x00000000000009dc
Event: 16.468 Thread 0x000001aeb8342800 Uncommon trap: reason=unstable_if action=reinterpret pc=0x000001aea965e13c method=java.util.HashMap.resize()[Ljava/util/HashMap$Node; @ 203 c2
Event: 16.468 Thread 0x000001aeb8342800 DEOPT PACKING pc=0x000001aea965e13c sp=0x000000601f7fa0c0
Event: 16.468 Thread 0x000001aeb8342800 DEOPT UNPACKING pc=0x000001aea1b578af sp=0x000000601f7fa060 mode 2
Event: 16.468 Thread 0x000001aeb8342800 Uncommon trap: trap_request=0xffffff4d fr.pc=0x000001aea98ce58c relative=0x000000000000252c
Event: 16.469 Thread 0x000001aeb8342800 Uncommon trap: reason=unstable_if action=reinterpret pc=0x000001aea98ce58c method=java.util.HashMap.getNode(ILjava/lang/Object;)Ljava/util/HashMap$Node; @ 84 c2
Event: 16.469 Thread 0x000001aeb8342800 DEOPT PACKING pc=0x000001aea98ce58c sp=0x000000601f7fa160
Event: 16.469 Thread 0x000001aeb8342800 DEOPT UNPACKING pc=0x000001aea1b578af sp=0x000000601f7fa048 mode 2
Event: 16.469 Thread 0x000001aeb8342800 Uncommon trap: trap_request=0xffffff4d fr.pc=0x000001aea996fb78 relative=0x00000000000002b8
Event: 16.469 Thread 0x000001aeb8342800 Uncommon trap: reason=unstable_if action=reinterpret pc=0x000001aea996fb78 method=java.util.HashMap.getNode(ILjava/lang/Object;)Ljava/util/HashMap$Node; @ 84 c2
Event: 16.469 Thread 0x000001aeb8342800 DEOPT PACKING pc=0x000001aea996fb78 sp=0x000000601f7fa110
Event: 16.469 Thread 0x000001aeb8342800 DEOPT UNPACKING pc=0x000001aea1b578af sp=0x000000601f7fa030 mode 2
Event: 16.469 Thread 0x000001aeb8342800 Uncommon trap: trap_request=0xffffff4d fr.pc=0x000001aea971a164 relative=0x00000000000001a4
Event: 16.469 Thread 0x000001aeb8342800 Uncommon trap: reason=unstable_if action=reinterpret pc=0x000001aea971a164 method=java.util.HashMap.getNode(ILjava/lang/Object;)Ljava/util/HashMap$Node; @ 84 c2
Event: 16.469 Thread 0x000001aeb8342800 DEOPT PACKING pc=0x000001aea971a164 sp=0x000000601f7fa0b0
Event: 16.469 Thread 0x000001aeb8342800 DEOPT UNPACKING pc=0x000001aea1b578af sp=0x000000601f7fa038 mode 2

Classes redefined (0 events):
No events

Internal exceptions (20 events):
Event: 14.400 Thread 0x000001aeb8342800 Exception <a 'java/lang/ClassNotFoundException'{0x00000000c67ecaa8}: com/android/builder/core/AbstractBuildTypeCustomizer> (0x00000000c67ecaa8) thrown at [./src/hotspot/share/classfile/systemDictionary.cpp, line 231]
Event: 14.402 Thread 0x000001aeb8342800 Exception <a 'java/lang/ClassNotFoundException'{0x00000000c6621b80}: com/android/build/gradle/internal/dsl/BuildTypeCustomizer> (0x00000000c6621b80) thrown at [./src/hotspot/share/classfile/systemDictionary.cpp, line 231]
Event: 14.406 Thread 0x000001aeb8342800 Exception <a 'java/lang/ClassNotFoundException'{0x00000000c66ae120}: com/android/build/gradle/internal/dsl/BuildType_DecoratedCustomizer> (0x00000000c66ae120) thrown at [./src/hotspot/share/classfile/systemDictionary.cpp, line 231]
Event: 14.412 Thread 0x000001aeb8342800 Exception <a 'java/lang/ClassNotFoundException'{0x00000000c6570228}: build_2da7ia5i2lzxi7pnb2wp1n138$_run_closure1$_closure4BeanInfo> (0x00000000c6570228) thrown at [./src/hotspot/share/classfile/systemDictionary.cpp, line 231]
Event: 14.412 Thread 0x000001aeb8342800 Exception <a 'java/lang/ClassNotFoundException'{0x00000000c6580c28}: build_2da7ia5i2lzxi7pnb2wp1n138$_run_closure1$_closure4Customizer> (0x00000000c6580c28) thrown at [./src/hotspot/share/classfile/systemDictionary.cpp, line 231]
Event: 14.417 Thread 0x000001aeb8342800 Exception <a 'java/lang/ClassNotFoundException'{0x00000000c65a99f0}: build_2da7ia5i2lzxi7pnb2wp1n138$_run_closure1BeanInfo> (0x00000000c65a99f0) thrown at [./src/hotspot/share/classfile/systemDictionary.cpp, line 231]
Event: 14.418 Thread 0x000001aeb8342800 Exception <a 'java/lang/ClassNotFoundException'{0x00000000c65b9800}: build_2da7ia5i2lzxi7pnb2wp1n138$_run_closure1Customizer> (0x00000000c65b9800) thrown at [./src/hotspot/share/classfile/systemDictionary.cpp, line 231]
Event: 14.425 Thread 0x000001aeb8342800 Exception <a 'java/lang/ClassNotFoundException'{0x00000000c64178d0}: org/gradle/api/JavaVersionBeanInfo> (0x00000000c64178d0) thrown at [./src/hotspot/share/classfile/systemDictionary.cpp, line 231]
Event: 14.426 Thread 0x000001aeb8342800 Exception <a 'java/lang/ClassNotFoundException'{0x00000000c6441b78}: org/gradle/api/JavaVersionCustomizer> (0x00000000c6441b78) thrown at [./src/hotspot/share/classfile/systemDictionary.cpp, line 231]
Event: 14.432 Thread 0x000001aeb8342800 Exception <a 'java/lang/ClassNotFoundException'{0x00000000c6496af0}: com/android/build/gradle/internal/CompileOptions_DecoratedBeanInfo> (0x00000000c6496af0) thrown at [./src/hotspot/share/classfile/systemDictionary.cpp, line 231]
Event: 14.432 Thread 0x000001aeb8342800 Exception <a 'java/lang/ClassNotFoundException'{0x00000000c64adf48}: com/android/build/gradle/internal/CompileOptionsBeanInfo> (0x00000000c64adf48) thrown at [./src/hotspot/share/classfile/systemDictionary.cpp, line 231]
Event: 14.433 Thread 0x000001aeb8342800 Exception <a 'java/lang/ClassNotFoundException'{0x00000000c64c5b30}: com/android/build/gradle/internal/CompileOptionsCustomizer> (0x00000000c64c5b30) thrown at [./src/hotspot/share/classfile/systemDictionary.cpp, line 231]
Event: 14.435 Thread 0x000001aeb8342800 Exception <a 'java/lang/ClassNotFoundException'{0x00000000c64ea100}: com/android/build/gradle/internal/CompileOptions_DecoratedCustomizer> (0x00000000c64ea100) thrown at [./src/hotspot/share/classfile/systemDictionary.cpp, line 231]
Event: 15.715 Thread 0x000001aeb8342800 Exception <a 'java/lang/ClassNotFoundException'{0x00000000c68b5b98}: com/android/build/gradle/internal/api/ApkVariantOutputImpl_DecoratedBeanInfo> (0x00000000c68b5b98) thrown at [./src/hotspot/share/classfile/systemDictionary.cpp, line 231]
Event: 15.725 Thread 0x000001aeb8342800 Exception <a 'java/lang/ClassNotFoundException'{0x00000000c68cf5b8}: com/android/build/gradle/internal/api/ApkVariantOutputImplBeanInfo> (0x00000000c68cf5b8) thrown at [./src/hotspot/share/classfile/systemDictionary.cpp, line 231]
Event: 15.727 Thread 0x000001aeb8342800 Exception <a 'java/lang/ClassNotFoundException'{0x00000000c68e9788}: com/android/build/gradle/internal/api/BaseVariantOutputImplBeanInfo> (0x00000000c68e9788) thrown at [./src/hotspot/share/classfile/systemDictionary.cpp, line 231]
Event: 15.729 Thread 0x000001aeb8342800 Exception <a 'java/lang/ClassNotFoundException'{0x00000000c6703e78}: com/android/build/gradle/internal/api/BaseVariantOutputImplCustomizer> (0x00000000c6703e78) thrown at [./src/hotspot/share/classfile/systemDictionary.cpp, line 231]
Event: 15.731 Thread 0x000001aeb8342800 Exception <a 'java/lang/ClassNotFoundException'{0x00000000c6730748}: com/android/build/gradle/internal/api/ApkVariantOutputImplCustomizer> (0x00000000c6730748) thrown at [./src/hotspot/share/classfile/systemDictionary.cpp, line 231]
Event: 15.733 Thread 0x000001aeb8342800 Exception <a 'java/lang/ClassNotFoundException'{0x00000000c6759770}: com/android/build/gradle/internal/api/ApkVariantOutputImpl_DecoratedCustomizer> (0x00000000c6759770) thrown at [./src/hotspot/share/classfile/systemDictionary.cpp, line 231]
Event: 15.771 Thread 0x000001aeb8342800 Exception <a 'java/lang/NoClassDefFoundError'{0x00000000c66bfe28}: org/jetbrains/kotlin/gradle/plugin/KotlinBasePluginWrapper> (0x00000000c66bfe28) thrown at [./src/hotspot/share/classfile/systemDictionary.cpp, line 220]

Events (20 events):
Event: 16.800 loading class com/android/build/gradle/internal/tasks/MergeJavaResourceTaskKt
Event: 16.800 loading class com/android/build/gradle/internal/tasks/MergeJavaResourceTaskKt done
Event: 16.801 loading class com/android/build/gradle/internal/tasks/MergeJavaResourceTaskKt$getProjectJavaRes$1
Event: 16.801 loading class com/android/build/gradle/internal/tasks/MergeJavaResourceTaskKt$getProjectJavaRes$1 done
Event: 16.803 loading class com/android/build/gradle/internal/tasks/DexMergingTask$SharedParams
Event: 16.803 loading class com/android/build/gradle/internal/tasks/DexMergingTask$SharedParams done
Event: 16.807 loading class org/gradle/api/tasks/InputDirectory
Event: 16.807 loading class org/gradle/api/tasks/InputDirectory done
Event: 16.811 loading class com/android/build/gradle/internal/tasks/DexMergingTask$SharedParams$MainDexListConfig
Event: 16.811 loading class com/android/build/gradle/internal/tasks/DexMergingTask$SharedParams$MainDexListConfig done
Event: 16.814 loading class com/android/build/gradle/internal/tasks/DexMergingTask$CreationAction$configure$2
Event: 16.814 loading class com/android/build/gradle/internal/tasks/DexMergingTask$CreationAction$configure$2 done
Event: 16.815 loading class com/android/build/gradle/internal/dependency/VariantDependencies$Companion$getComponentFilter$3
Event: 16.815 loading class com/android/build/gradle/internal/dependency/VariantDependencies$Companion$getComponentFilter$3 done
Event: 16.817 loading class com/android/build/gradle/internal/tasks/DexMergingTask$CreationAction$getDexDirs$forAction$1
Event: 16.817 loading class com/android/build/gradle/internal/tasks/DexMergingTask$CreationAction$getDexDirs$forAction$1 done
Event: 16.818 loading class org/gradle/api/internal/provider/ValueSupplier$PlusProducer
Event: 16.818 loading class org/gradle/api/internal/provider/ValueSupplier$PlusProducer done
Event: 16.819 loading class org/gradle/api/attributes/LibraryElements
Event: 16.819 loading class org/gradle/api/attributes/LibraryElements done


Dynamic libraries:
0x00007ff66bb50000 - 0x00007ff66bb5a000 	C:\Program Files\Android\Android Studio\jre\bin\java.exe
0x00007ffc73b50000 - 0x00007ffc73d45000 	C:\WINDOWS\SYSTEM32\ntdll.dll
0x00007ffc73250000 - 0x00007ffc7330d000 	C:\WINDOWS\System32\KERNEL32.DLL
0x00007ffc716b0000 - 0x00007ffc71979000 	C:\WINDOWS\System32\KERNELBASE.dll
0x00007ffc71340000 - 0x00007ffc71440000 	C:\WINDOWS\System32\ucrtbase.dll
0x00007ffc673a0000 - 0x00007ffc673b7000 	C:\Program Files\Android\Android Studio\jre\bin\VCRUNTIME140.dll
0x00007ffc66e60000 - 0x00007ffc66e79000 	C:\Program Files\Android\Android Studio\jre\bin\jli.dll
0x00007ffc73590000 - 0x00007ffc73730000 	C:\WINDOWS\System32\USER32.dll
0x00007ffc71280000 - 0x00007ffc712a2000 	C:\WINDOWS\System32\win32u.dll
0x00007ffc55730000 - 0x00007ffc559ca000 	C:\WINDOWS\WinSxS\amd64_microsoft.windows.common-controls_6595b64144ccf1df_6.0.19041.1110_none_60b5254171f9507e\COMCTL32.dll
0x00007ffc72e10000 - 0x00007ffc72e3a000 	C:\WINDOWS\System32\GDI32.dll
0x00007ffc73060000 - 0x00007ffc730fe000 	C:\WINDOWS\System32\msvcrt.dll
0x00007ffc71440000 - 0x00007ffc7154b000 	C:\WINDOWS\System32\gdi32full.dll
0x00007ffc71a80000 - 0x00007ffc71b1d000 	C:\WINDOWS\System32\msvcp_win.dll
0x00007ffc720a0000 - 0x00007ffc720d0000 	C:\WINDOWS\System32\IMM32.DLL
0x00007ffc47220000 - 0x00007ffc472bd000 	C:\Program Files\Android\Android Studio\jre\bin\msvcp140.dll
0x00007ffc1bee0000 - 0x00007ffc1c9af000 	C:\Program Files\Android\Android Studio\jre\bin\server\jvm.dll
0x00007ffc72fb0000 - 0x00007ffc7305c000 	C:\WINDOWS\System32\ADVAPI32.dll
0x00007ffc71d40000 - 0x00007ffc71ddb000 	C:\WINDOWS\System32\sechost.dll
0x00007ffc73100000 - 0x00007ffc7322a000 	C:\WINDOWS\System32\RPCRT4.dll
0x00007ffc73240000 - 0x00007ffc73248000 	C:\WINDOWS\System32\PSAPI.DLL
0x00007ffc48a80000 - 0x00007ffc48a89000 	C:\WINDOWS\SYSTEM32\WSOCK32.dll
0x00007ffc71f10000 - 0x00007ffc71f7b000 	C:\WINDOWS\System32\WS2_32.dll
0x00007ffc58810000 - 0x00007ffc58837000 	C:\WINDOWS\SYSTEM32\WINMM.dll
0x00007ffc70060000 - 0x00007ffc7006a000 	C:\WINDOWS\SYSTEM32\VERSION.dll
0x00007ffc6f450000 - 0x00007ffc6f462000 	C:\WINDOWS\SYSTEM32\kernel.appcore.dll
0x00007ffc49050000 - 0x00007ffc49061000 	C:\Program Files\Android\Android Studio\jre\bin\verify.dll
0x00007ffc6bd50000 - 0x00007ffc6bf34000 	C:\WINDOWS\SYSTEM32\DBGHELP.DLL
0x00007ffc5db60000 - 0x00007ffc5db8c000 	C:\WINDOWS\SYSTEM32\dbgcore.DLL
0x00007ffc71b20000 - 0x00007ffc71ba3000 	C:\WINDOWS\System32\bcryptPrimitives.dll
0x00007ffc467a0000 - 0x00007ffc467c9000 	C:\Program Files\Android\Android Studio\jre\bin\java.dll
0x00007ffc64cc0000 - 0x00007ffc64ccb000 	C:\Program Files\Android\Android Studio\jre\bin\jimage.dll
0x00007ffc46bf0000 - 0x00007ffc46c08000 	C:\Program Files\Android\Android Studio\jre\bin\zip.dll
0x00007ffc726d0000 - 0x00007ffc72e0f000 	C:\WINDOWS\System32\SHELL32.dll
0x00007ffc6f840000 - 0x00007ffc6ffd0000 	C:\WINDOWS\SYSTEM32\windows.storage.dll
0x00007ffc737b0000 - 0x00007ffc73b05000 	C:\WINDOWS\System32\combase.dll
0x00007ffc70c00000 - 0x00007ffc70c2c000 	C:\WINDOWS\SYSTEM32\Wldp.dll
0x00007ffc71f80000 - 0x00007ffc7202e000 	C:\WINDOWS\System32\SHCORE.dll
0x00007ffc721f0000 - 0x00007ffc72245000 	C:\WINDOWS\System32\shlwapi.dll
0x00007ffc711c0000 - 0x00007ffc711df000 	C:\WINDOWS\SYSTEM32\profapi.dll
0x00007ffc46220000 - 0x00007ffc4623a000 	C:\Program Files\Android\Android Studio\jre\bin\net.dll
0x00007ffc5ee40000 - 0x00007ffc5ef48000 	C:\WINDOWS\SYSTEM32\WINHTTP.dll
0x00007ffc70970000 - 0x00007ffc709da000 	C:\WINDOWS\system32\mswsock.dll
0x00007ffc45fb0000 - 0x00007ffc45fc4000 	C:\Program Files\Android\Android Studio\jre\bin\nio.dll
0x00007ffc3bdb0000 - 0x00007ffc3bdd7000 	C:\Users\halag\Documents\cs\year_project\Server_location_app\.gradle\native\8bec1ad78214c89d9ad589b4d07fe93259594b29d510b10fafb7a158f7737e5d\windows-amd64\native-platform.dll
0x00007ffc2e660000 - 0x00007ffc2e79d000 	C:\Users\halag\Documents\cs\year_project\Server_location_app\.gradle\native\53dbd7edfb1c66fb8903c78663c9afc45aea4f116125fa6feffd364cf09443e8\windows-amd64\native-platform-file-events.dll
0x00007ffc546a0000 - 0x00007ffc546aa000 	C:\Program Files\Android\Android Studio\jre\bin\management.dll
0x00007ffc4a840000 - 0x00007ffc4a84c000 	C:\Program Files\Android\Android Studio\jre\bin\management_ext.dll
0x00007ffc70b60000 - 0x00007ffc70b78000 	C:\WINDOWS\SYSTEM32\CRYPTSP.dll
0x00007ffc702f0000 - 0x00007ffc70324000 	C:\WINDOWS\system32\rsaenh.dll
0x00007ffc71310000 - 0x00007ffc71337000 	C:\WINDOWS\System32\bcrypt.dll
0x00007ffc71180000 - 0x00007ffc711ae000 	C:\WINDOWS\SYSTEM32\USERENV.dll
0x00007ffc70fe0000 - 0x00007ffc70fec000 	C:\WINDOWS\SYSTEM32\CRYPTBASE.dll
0x00007ffc70660000 - 0x00007ffc7069b000 	C:\WINDOWS\SYSTEM32\IPHLPAPI.DLL
0x00007ffc72090000 - 0x00007ffc72098000 	C:\WINDOWS\System32\NSI.dll
0x00007ffc6b8d0000 - 0x00007ffc6b8e7000 	C:\WINDOWS\SYSTEM32\dhcpcsvc6.DLL
0x00007ffc6b8b0000 - 0x00007ffc6b8cd000 	C:\WINDOWS\SYSTEM32\dhcpcsvc.DLL
0x00007ffc706a0000 - 0x00007ffc7076c000 	C:\WINDOWS\SYSTEM32\DNSAPI.dll

dbghelp: loaded successfully - version: 4.0.5 - missing functions: none
symbol engine: initialized successfully - sym options: 0x614 - pdb path: .;C:\Program Files\Android\Android Studio\jre\bin;C:\WINDOWS\SYSTEM32;C:\WINDOWS\WinSxS\amd64_microsoft.windows.common-controls_6595b64144ccf1df_6.0.19041.1110_none_60b5254171f9507e;C:\Program Files\Android\Android Studio\jre\bin\server;C:\Users\halag\Documents\cs\year_project\Server_location_app\.gradle\native\8bec1ad78214c89d9ad589b4d07fe93259594b29d510b10fafb7a158f7737e5d\windows-amd64;C:\Users\halag\Documents\cs\year_project\Server_location_app\.gradle\native\53dbd7edfb1c66fb8903c78663c9afc45aea4f116125fa6feffd364cf09443e8\windows-amd64

VM Arguments:
jvm_args: --add-opens=java.base/java.util=ALL-UNNAMED --add-opens=java.base/java.lang=ALL-UNNAMED --add-opens=java.base/java.lang.invoke=ALL-UNNAMED --add-opens=java.base/java.util=ALL-UNNAMED --add-opens=java.prefs/java.util.prefs=ALL-UNNAMED --add-opens=java.prefs/java.util.prefs=ALL-UNNAMED --add-opens=java.base/java.nio.charset=ALL-UNNAMED --add-opens=java.base/java.net=ALL-UNNAMED --add-opens=java.base/java.util.concurrent.atomic=ALL-UNNAMED -Xmx1024M -Dfile.encoding=UTF-8 -Duser.country=GB -Duser.language=en -Duser.variant 
java_command: org.gradle.launcher.daemon.bootstrap.GradleDaemon 7.0.2
java_class_path (initial): C:\Users\halag\Documents\cs\year_project\Server_location_app\.gradle\wrapper\dists\gradle-7.0.2-bin\857tjihv64xamwrf0h14cai3r\gradle-7.0.2\lib\gradle-launcher-7.0.2.jar
Launcher Type: SUN_STANDARD

[Global flags]
     intx CICompilerCount                          = 3                                         {product} {ergonomic}
     uint ConcGCThreads                            = 1                                         {product} {ergonomic}
     uint G1ConcRefinementThreads                  = 4                                         {product} {ergonomic}
   size_t G1HeapRegionSize                         = 1048576                                   {product} {ergonomic}
    uintx GCDrainStackTargetSize                   = 64                                        {product} {ergonomic}
   size_t InitialHeapSize                          = 134217728                                 {product} {ergonomic}
   size_t MarkStackSize                            = 4194304                                   {product} {ergonomic}
   size_t MaxHeapSize                              = 1073741824                                {product} {command line}
   size_t MaxNewSize                               = 643825664                                 {product} {ergonomic}
   size_t MinHeapDeltaBytes                        = 1048576                                   {product} {ergonomic}
    uintx NonNMethodCodeHeapSize                   = 5830732                                {pd product} {ergonomic}
    uintx NonProfiledCodeHeapSize                  = 122913754                              {pd product} {ergonomic}
    uintx ProfiledCodeHeapSize                     = 122913754                              {pd product} {ergonomic}
    uintx ReservedCodeCacheSize                    = 251658240                              {pd product} {ergonomic}
     bool SegmentedCodeCache                       = true                                      {product} {ergonomic}
     bool UseCompressedClassPointers               = true                                 {lp64_product} {ergonomic}
     bool UseCompressedOops                        = true                                 {lp64_product} {ergonomic}
     bool UseG1GC                                  = true                                      {product} {ergonomic}
     bool UseLargePagesIndividualAllocation        = false                                  {pd product} {ergonomic}

Logging:
Log output configuration:
 #0: stdout all=warning uptime,level,tags
 #1: stderr all=off uptime,level,tags

Environment Variables:
JAVA_HOME=C:\Program Files\Java\jdk-16.0.2
PATH=C:\Program Files\Common Files\Oracle\Java\javapath;C:\Program Files (x86)\Common Files\Oracle\Java\javapath;C:\WINDOWS\system32;C:\WINDOWS;C:\WINDOWS\System32\Wbem;C:\WINDOWS\System32\WindowsPowerShell\v1.0\;C:\WINDOWS\System32\OpenSSH\;C:\Program Files\Intel\WiFi\bin\;C:\Program Files\Common Files\Intel\WirelessCommon\;C:\Program Files\MATLAB\R2019b\bin;C:\Git\cmd;C:\MinGW\bin;C:\Users\halag\Documents\cs\python\PyCharm Community Edition 2020.3.4;C:\Users\halag\AppData\Roaming\Microsoft\Windows\Start Menu\Programs\Python 3.9;C:\Users\halag\AppData\Local\Programs\Python\Python39;C:\Program Files (x86)\Intel\Intel(R) Management Engine Components\DAL;C:\Program Files\Intel\Intel(R) Management Engine Components\DAL;C:\Program Files\Java\jdk-16.0.2\bin;C:\Users\halag\AppData\Local\Microsoft\WindowsApps;C:\Program Files (x86)\Dr. Memory\bin\;C:\Program Files\Intel\WiFi\bin\;C:\Program Files\Common Files\Intel\WirelessCommon\;C:\Program Files\Java\jdk-10.0.2\bin;C:\Users\halag\AppData\Local\GitHubDesktop\bin;C:\Users\halag\Documents\cs\winter2020\machine_learning\PyCharm Community Edition 2020.3\bin;;C:\Users\halag\AppData\Local\Android\Sdk\platform-tools;
USERNAME=halag
OS=Windows_NT
PROCESSOR_IDENTIFIER=Intel64 Family 6 Model 142 Stepping 9, GenuineIntel



---------------  S Y S T E M  ---------------

OS: Windows 10 , 64 bit Build 19041 (10.0.19041.1151)
OS uptime: 1 days 2:47 hours

CPU:total 4 (initial active 4) (2 cores per cpu, 2 threads per core) family 6 model 142 stepping 9 microcode 0xde, cmov, cx8, fxsr, mmx, sse, sse2, sse3, ssse3, sse4.1, sse4.2, popcnt, avx, avx2, aes, clmul, erms, 3dnowpref, lzcnt, ht, tsc, tscinvbit, bmi1, bmi2, adx, fma

Memory: 4k page, system-wide physical 8089M (1372M free)
TotalPageFile size 9329M (AvailPageFile size 0M)
current process WorkingSet (physical memory assigned to process): 340M, peak: 340M
current process commit charge ("private bytes"): 380M, peak: 380M

vm_info: OpenJDK 64-Bit Server VM (11.0.10+0-b96-7249189) for windows-amd64 JRE (11.0.10+0-b96-7249189), built on Mar 31 2021 21:44:00 by "builder" with MS VC++ 14.0 (VS2015)

END.
