#
# There is insufficient memory for the Java Runtime Environment to continue.
# Native memory allocation (malloc) failed to allocate 1461136 bytes for Chunk::new
# Possible reasons:
#   The system is out of physical RAM or swap space
#   The process is running with CompressedOops enabled, and the Java Heap may be blocking the growth of the native heap
# Possible solutions:
#   Reduce memory load on the system
#   Increase physical memory or swap space
#   Check if swap backing store is full
#   Decrease Java heap size (-Xmx/-Xms)
#   Decrease number of Java threads
#   Decrease Java thread stack sizes (-Xss)
#   Set larger code cache with -XX:ReservedCodeCacheSize=
#   JVM is running with Unscaled Compressed Oops mode in which the Java heap is
#     placed in the first 4GB address space. The Java Heap base address is the
#     maximum limit for the native heap growth. Please use -XX:HeapBaseMinAddress
#     to set the Java Heap base and to place the Java Heap above 4GB virtual address.
# This output file may be truncated or incomplete.
#
#  Out of Memory Error (./src/hotspot/share/memory/arena.cpp:197), pid=12060, tid=11536
#
# JRE version: OpenJDK Runtime Environment (11.0.10) (build 11.0.10+0-b96-7249189)
# Java VM: OpenJDK 64-Bit Server VM (11.0.10+0-b96-7249189, mixed mode, tiered, compressed oops, g1 gc, windows-amd64)
# No core dump will be written. Minidumps are not enabled by default on client versions of Windows
#

---------------  S U M M A R Y ------------

Command Line: --add-opens=java.base/java.util=ALL-UNNAMED --add-opens=java.base/java.lang=ALL-UNNAMED --add-opens=java.base/java.lang.invoke=ALL-UNNAMED --add-opens=java.base/java.util=ALL-UNNAMED --add-opens=java.prefs/java.util.prefs=ALL-UNNAMED --add-opens=java.prefs/java.util.prefs=ALL-UNNAMED --add-opens=java.base/java.nio.charset=ALL-UNNAMED --add-opens=java.base/java.net=ALL-UNNAMED --add-opens=java.base/java.util.concurrent.atomic=ALL-UNNAMED -Xmx1024M -Dfile.encoding=UTF-8 -Duser.country=GB -Duser.language=en -Duser.variant org.gradle.launcher.daemon.bootstrap.GradleDaemon 7.0.2

Host: Intel(R) Core(TM) i5-7200U CPU @ 2.50GHz, 4 cores, 7G,  Windows 10 , 64 bit Build 19041 (10.0.19041.1151)
Time: Mon Sep  6 02:25:59 2021 Jerusalem Summer Time elapsed time: 22.833773 seconds (0d 0h 0m 22s)

---------------  T H R E A D  ---------------

Current thread (0x000001b6a0a39800):  JavaThread "C2 CompilerThread1" daemon [_thread_in_native, id=11536, stack(0x0000003222a00000,0x0000003222b00000)]


Current CompileTask:
C2:  22833 8733       4       org.gradle.internal.snapshot.DirectorySnapshot$$Lambda$862/0x0000000100aeec40::accept (20 bytes)

Stack: [0x0000003222a00000,0x0000003222b00000]
Native frames: (J=compiled Java code, j=interpreted, Vv=VM code, C=native code)
V  [jvm.dll+0x5ecfaa]
V  [jvm.dll+0x722bd5]
V  [jvm.dll+0x72412d]
V  [jvm.dll+0x7247e3]
V  [jvm.dll+0x242928]
V  [jvm.dll+0xbc4fc]
V  [jvm.dll+0xbca0c]
V  [jvm.dll+0x2b4fd4]
V  [jvm.dll+0x506028]
V  [jvm.dll+0x203253]
V  [jvm.dll+0x1fd07c]
V  [jvm.dll+0x1fa77f]
V  [jvm.dll+0x18354c]
V  [jvm.dll+0x208ee7]
V  [jvm.dll+0x207731]
V  [jvm.dll+0x6eb1cf]
V  [jvm.dll+0x6e3d45]
V  [jvm.dll+0x5ebe96]
C  [ucrtbase.dll+0x21bb2]
C  [KERNEL32.DLL+0x17034]
C  [ntdll.dll+0x52651]


---------------  P R O C E S S  ---------------

Threads class SMR info:
_java_thread_list=0x000001b69baf29d0, length=50, elements={
0x000001b680994000, 0x000001b699e90800, 0x000001b699e94800, 0x000001b699eae000,
0x000001b699eae800, 0x000001b699eb1800, 0x000001b699eb3800, 0x000001b699ebc800,
0x000001b699ec1000, 0x000001b69a95a800, 0x000001b69bc03800, 0x000001b69abf1000,
0x000001b69ccab800, 0x000001b69d46c800, 0x000001b69d59e000, 0x000001b69c8db000,
0x000001b69c16d800, 0x000001b69bf74800, 0x000001b69c9ea000, 0x000001b69d1a1000,
0x000001b69d1a0000, 0x000001b69d1a3000, 0x000001b69d1a5000, 0x000001b69d1a1800,
0x000001b69d1a2800, 0x000001b69d1a4000, 0x000001b69d19f000, 0x000001b69d1a5800,
0x000001b69d4ef000, 0x000001b69d4eb000, 0x000001b69d4ea800, 0x000001b69d4f1000,
0x000001b69d4f1800, 0x000001b69d4f2800, 0x000001b69d4f3800, 0x000001b69d4ed800,
0x000001b69d4f4000, 0x000001b69d4ee800, 0x000001b69d4f6000, 0x000001b69d4f6800,
0x000001b69d4f7800, 0x000001b6a0a39800, 0x000001b69d4f5000, 0x000001b6a1913000,
0x000001b6a1912800, 0x000001b6a1914000, 0x000001b6a1911000, 0x000001b6a190f000,
0x000001b6a1915000, 0x000001b6a1915800
}

Java Threads: ( => current thread )
  0x000001b680994000 JavaThread "main" [_thread_blocked, id=9880, stack(0x0000003221000000,0x0000003221100000)]
  0x000001b699e90800 JavaThread "Reference Handler" daemon [_thread_blocked, id=12676, stack(0x0000003221700000,0x0000003221800000)]
  0x000001b699e94800 JavaThread "Finalizer" daemon [_thread_blocked, id=7820, stack(0x0000003221800000,0x0000003221900000)]
  0x000001b699eae000 JavaThread "Signal Dispatcher" daemon [_thread_blocked, id=3024, stack(0x0000003221900000,0x0000003221a00000)]
  0x000001b699eae800 JavaThread "Attach Listener" daemon [_thread_blocked, id=1896, stack(0x0000003221a00000,0x0000003221b00000)]
  0x000001b699eb1800 JavaThread "Service Thread" daemon [_thread_blocked, id=7848, stack(0x0000003221b00000,0x0000003221c00000)]
  0x000001b699eb3800 JavaThread "C2 CompilerThread0" daemon [_thread_blocked, id=5828, stack(0x0000003221c00000,0x0000003221d00000)]
  0x000001b699ebc800 JavaThread "C1 CompilerThread0" daemon [_thread_blocked, id=1176, stack(0x0000003221d00000,0x0000003221e00000)]
  0x000001b699ec1000 JavaThread "Sweeper thread" daemon [_thread_blocked, id=9672, stack(0x0000003221e00000,0x0000003221f00000)]
  0x000001b69a95a800 JavaThread "Common-Cleaner" daemon [_thread_blocked, id=12076, stack(0x0000003221f00000,0x0000003222000000)]
  0x000001b69bc03800 JavaThread "Daemon health stats" [_thread_blocked, id=11848, stack(0x0000003222400000,0x0000003222500000)]
  0x000001b69abf1000 JavaThread "Incoming local TCP Connector on port 53732" [_thread_in_native, id=13640, stack(0x0000003222100000,0x0000003222200000)]
  0x000001b69ccab800 JavaThread "Daemon periodic checks" [_thread_blocked, id=13484, stack(0x0000003222500000,0x0000003222600000)]
  0x000001b69d46c800 JavaThread "Daemon" [_thread_blocked, id=12468, stack(0x0000003222600000,0x0000003222700000)]
  0x000001b69d59e000 JavaThread "Handler for socket connection from /127.0.0.1:53732 to /127.0.0.1:53733" [_thread_in_native, id=16000, stack(0x0000003222700000,0x0000003222800000)]
  0x000001b69c8db000 JavaThread "Cancel handler" [_thread_blocked, id=7628, stack(0x0000003222800000,0x0000003222900000)]
  0x000001b69c16d800 JavaThread "Daemon worker" [_thread_blocked, id=16076, stack(0x0000003222900000,0x0000003222a00000)]
  0x000001b69bf74800 JavaThread "Asynchronous log dispatcher for DefaultDaemonConnection: socket connection from /127.0.0.1:53732 to /127.0.0.1:53733" [_thread_blocked, id=3200, stack(0x0000003222b00000,0x0000003222c00000)]
  0x000001b69c9ea000 JavaThread "Stdin handler" [_thread_blocked, id=15900, stack(0x0000003222c00000,0x0000003222d00000)]
  0x000001b69d1a1000 JavaThread "Daemon client event forwarder" [_thread_blocked, id=9204, stack(0x0000003222d00000,0x0000003222e00000)]
  0x000001b69d1a0000 JavaThread "Cache worker for file hash cache (C:\Users\halag\Documents\cs\year_project\Server_location_app\.gradle\caches\7.0.2\fileHashes)" [_thread_blocked, id=15948, stack(0x0000003222f00000,0x0000003223000000)]
  0x000001b69d1a3000 JavaThread "File lock request listener" [_thread_in_native, id=10280, stack(0x0000003223000000,0x0000003223100000)]
  0x000001b69d1a5000 JavaThread "Cache worker for journal cache (C:\Users\halag\Documents\cs\year_project\Server_location_app\.gradle\caches\journal-1)" [_thread_blocked, id=15740, stack(0x0000003223100000,0x0000003223200000)]
  0x000001b69d1a1800 JavaThread "Cache worker for file hash cache (C:\Users\halag\Documents\cs\year_project\test_app2\.gradle\7.0.2\fileHashes)" [_thread_blocked, id=16156, stack(0x0000003223200000,0x0000003223300000)]
  0x000001b69d1a2800 JavaThread "File watcher server" daemon [_thread_in_native, id=5016, stack(0x0000003223300000,0x0000003223400000)]
  0x000001b69d1a4000 JavaThread "File watcher consumer" daemon [_thread_blocked, id=3184, stack(0x0000003223400000,0x0000003223500000)]
  0x000001b69d19f000 JavaThread "Cache worker for checksums cache (C:\Users\halag\Documents\cs\year_project\test_app2\.gradle\checksums)" [_thread_blocked, id=13568, stack(0x0000003223500000,0x0000003223600000)]
  0x000001b69d1a5800 JavaThread "Cache worker for cache directory md-supplier (C:\Users\halag\Documents\cs\year_project\Server_location_app\.gradle\caches\7.0.2\md-supplier)" [_thread_blocked, id=2460, stack(0x0000003223600000,0x0000003223700000)]
  0x000001b69d4ef000 JavaThread "Cache worker for cache directory md-rule (C:\Users\halag\Documents\cs\year_project\Server_location_app\.gradle\caches\7.0.2\md-rule)" [_thread_blocked, id=14232, stack(0x0000003223700000,0x0000003223800000)]
  0x000001b69d4eb000 JavaThread "Cache worker for execution history cache (C:\Users\halag\Documents\cs\year_project\Server_location_app\.gradle\caches\7.0.2\executionHistory)" [_thread_blocked, id=3028, stack(0x0000003223800000,0x0000003223900000)]
  0x000001b69d4ea800 JavaThread "jar transforms" [_thread_blocked, id=16324, stack(0x0000003223900000,0x0000003223a00000)]
  0x000001b69d4f1000 JavaThread "jar transforms Thread 2" [_thread_blocked, id=15344, stack(0x0000003223a00000,0x0000003223b00000)]
  0x000001b69d4f1800 JavaThread "Cache worker for file content cache (C:\Users\halag\Documents\cs\year_project\Server_location_app\.gradle\caches\7.0.2\fileContent)" [_thread_blocked, id=11196, stack(0x0000003223b00000,0x0000003223c00000)]
  0x000001b69d4f2800 JavaThread "Cache worker for dependencies-accessors (C:\Users\halag\Documents\cs\year_project\test_app2\.gradle\7.0.2\dependencies-accessors)" [_thread_blocked, id=580, stack(0x0000003223c00000,0x0000003223d00000)]
  0x000001b69d4f3800 JavaThread "jar transforms Thread 3" [_thread_blocked, id=1388, stack(0x0000003223d00000,0x0000003223e00000)]
  0x000001b69d4ed800 JavaThread "Cache worker for Build Output Cleanup Cache (C:\Users\halag\Documents\cs\year_project\test_app2\.gradle\buildOutputCleanup)" [_thread_blocked, id=5164, stack(0x0000003223e00000,0x0000003223f00000)]
  0x000001b69d4f4000 JavaThread "Build operations" [_thread_blocked, id=11464, stack(0x0000003223f00000,0x0000003224000000)]
  0x000001b69d4ee800 JavaThread "Build operations Thread 2" [_thread_blocked, id=13848, stack(0x0000003224000000,0x0000003224100000)]
  0x000001b69d4f6000 JavaThread "Build operations Thread 3" [_thread_blocked, id=11992, stack(0x0000003224100000,0x0000003224200000)]
  0x000001b69d4f6800 JavaThread "Build operations Thread 4" [_thread_blocked, id=1576, stack(0x0000003224200000,0x0000003224300000)]
  0x000001b69d4f7800 JavaThread "jar transforms Thread 4" [_thread_blocked, id=1072, stack(0x0000003224300000,0x0000003224400000)]
=>0x000001b6a0a39800 JavaThread "C2 CompilerThread1" daemon [_thread_in_native, id=11536, stack(0x0000003222a00000,0x0000003222b00000)]
  0x000001b69d4f5000 JavaThread "Memory manager" [_thread_blocked, id=15320, stack(0x0000003224400000,0x0000003224500000)]
  0x000001b6a1913000 JavaThread "build event listener" [_thread_blocked, id=14532, stack(0x0000003224500000,0x0000003224600000)]
  0x000001b6a1912800 JavaThread "pool-3-thread-1" [_thread_blocked, id=15308, stack(0x0000003224600000,0x0000003224700000)]
  0x000001b6a1914000 JavaThread "build event listener" [_thread_blocked, id=13880, stack(0x0000003224700000,0x0000003224800000)]
  0x000001b6a1911000 JavaThread "Execution worker for ':'" [_thread_blocked, id=8044, stack(0x0000003224800000,0x0000003224900000)]
  0x000001b6a190f000 JavaThread "Execution worker for ':' Thread 2" [_thread_in_native, id=2492, stack(0x0000003224900000,0x0000003224a00000)]
  0x000001b6a1915000 JavaThread "Execution worker for ':' Thread 3" [_thread_blocked, id=8732, stack(0x0000003224a00000,0x0000003224b00000)]
  0x000001b6a1915800 JavaThread "Cache worker for execution history cache (C:\Users\halag\Documents\cs\year_project\test_app2\.gradle\7.0.2\executionHistory)" [_thread_blocked, id=2316, stack(0x0000003224b00000,0x0000003224c00000)]

Other Threads:
  0x000001b699e8c000 VMThread "VM Thread" [stack: 0x0000003221600000,0x0000003221700000] [id=2588]
  0x000001b69a999800 WatcherThread [stack: 0x0000003222000000,0x0000003222100000] [id=13356]
  0x000001b6809a7800 GCTaskThread "GC Thread#0" [stack: 0x0000003221100000,0x0000003221200000] [id=15088]
  0x000001b69ae0d000 GCTaskThread "GC Thread#1" [stack: 0x0000003222200000,0x0000003222300000] [id=16180]
  0x000001b69b20c000 GCTaskThread "GC Thread#2" [stack: 0x0000003222300000,0x0000003222400000] [id=13296]
  0x000001b69cc50800 GCTaskThread "GC Thread#3" [stack: 0x0000003222e00000,0x0000003222f00000] [id=9232]
  0x000001b6809c3800 ConcurrentGCThread "G1 Main Marker" [stack: 0x0000003221200000,0x0000003221300000] [id=8560]
  0x000001b6809c4800 ConcurrentGCThread "G1 Conc#0" [stack: 0x0000003221300000,0x0000003221400000] [id=15472]
  0x000001b680a4f800 ConcurrentGCThread "G1 Refine#0" [stack: 0x0000003221400000,0x0000003221500000] [id=3084]
  0x000001b680a50800 ConcurrentGCThread "G1 Young RemSet Sampling" [stack: 0x0000003221500000,0x0000003221600000] [id=4036]

Threads with active compile tasks:
C2 CompilerThread1  22877 8733       4       org.gradle.internal.snapshot.DirectorySnapshot$$Lambda$862/0x0000000100aeec40::accept (20 bytes)

VM state:at safepoint (normal execution)

VM Mutex/Monitor currently owned by a thread:  ([mutex/lock_event])
[0x000001b680991210] Threads_lock - owner thread: 0x000001b699e8c000
[0x000001b680991180] Heap_lock - owner thread: 0x000001b6a190f000

Heap address: 0x00000000c0000000, size: 1024 MB, Compressed Oops mode: 32-bit
Narrow klass base: 0x0000000000000000, Narrow klass shift: 3
Compressed class space size: 1073741824 Address: 0x0000000100000000

Heap:
 garbage-first heap   total 131072K, used 104065K [0x00000000c0000000, 0x0000000100000000)
  region size 1024K, 40 young (40960K), 0 survivors (0K)
 Metaspace       used 81922K, capacity 83967K, committed 84044K, reserved 1122304K
  class space    used 10564K, capacity 11302K, committed 11340K, reserved 1048576K
Heap Regions: E=young(eden), S=young(survivor), O=old, HS=humongous(starts), HC=humongous(continues), CS=collection set, F=free, A=archive, TAMS=top-at-mark-start (previous, next)
|   0|0x00000000c0000000, 0x00000000c0100000, 0x00000000c0100000|100%|HS|  |TAMS 0x00000000c0100000, 0x00000000c0100000| Complete 
|   1|0x00000000c0100000, 0x00000000c0200000, 0x00000000c0200000|100%|HC|  |TAMS 0x00000000c0200000, 0x00000000c0200000| Complete 
|   2|0x00000000c0200000, 0x00000000c0300000, 0x00000000c0300000|100%|HC|  |TAMS 0x00000000c0300000, 0x00000000c0300000| Complete 
|   3|0x00000000c0300000, 0x00000000c0400000, 0x00000000c0400000|100%| O|  |TAMS 0x00000000c0400000, 0x00000000c0400000| Untracked 
|   4|0x00000000c0400000, 0x00000000c0500000, 0x00000000c0500000|100%| O|  |TAMS 0x00000000c0500000, 0x00000000c0500000| Untracked 
|   5|0x00000000c0500000, 0x00000000c0600000, 0x00000000c0600000|100%| O|  |TAMS 0x00000000c0600000, 0x00000000c0600000| Untracked 
|   6|0x00000000c0600000, 0x00000000c0700000, 0x00000000c0700000|100%| O|  |TAMS 0x00000000c0700000, 0x00000000c0700000| Untracked 
|   7|0x00000000c0700000, 0x00000000c0800000, 0x00000000c0800000|100%| O|  |TAMS 0x00000000c0800000, 0x00000000c0800000| Untracked 
|   8|0x00000000c0800000, 0x00000000c0900000, 0x00000000c0900000|100%| O|  |TAMS 0x00000000c0900000, 0x00000000c0900000| Untracked 
|   9|0x00000000c0900000, 0x00000000c0a00000, 0x00000000c0a00000|100%| O|  |TAMS 0x00000000c0a00000, 0x00000000c0a00000| Untracked 
|  10|0x00000000c0a00000, 0x00000000c0b00000, 0x00000000c0b00000|100%| O|  |TAMS 0x00000000c0b00000, 0x00000000c0b00000| Untracked 
|  11|0x00000000c0b00000, 0x00000000c0c00000, 0x00000000c0c00000|100%| O|  |TAMS 0x00000000c0c00000, 0x00000000c0c00000| Untracked 
|  12|0x00000000c0c00000, 0x00000000c0d00000, 0x00000000c0d00000|100%| O|  |TAMS 0x00000000c0d00000, 0x00000000c0d00000| Untracked 
|  13|0x00000000c0d00000, 0x00000000c0e00000, 0x00000000c0e00000|100%| O|  |TAMS 0x00000000c0e00000, 0x00000000c0e00000| Untracked 
|  14|0x00000000c0e00000, 0x00000000c0f00000, 0x00000000c0f00000|100%| O|  |TAMS 0x00000000c0f00000, 0x00000000c0f00000| Untracked 
|  15|0x00000000c0f00000, 0x00000000c1000000, 0x00000000c1000000|100%| O|  |TAMS 0x00000000c1000000, 0x00000000c1000000| Untracked 
|  16|0x00000000c1000000, 0x00000000c1100000, 0x00000000c1100000|100%| O|  |TAMS 0x00000000c1100000, 0x00000000c1100000| Untracked 
|  17|0x00000000c1100000, 0x00000000c1200000, 0x00000000c1200000|100%|HS|  |TAMS 0x00000000c1200000, 0x00000000c1200000| Complete 
|  18|0x00000000c1200000, 0x00000000c1300000, 0x00000000c1300000|100%| O|  |TAMS 0x00000000c1300000, 0x00000000c1300000| Untracked 
|  19|0x00000000c1300000, 0x00000000c1400000, 0x00000000c1400000|100%| O|  |TAMS 0x00000000c1400000, 0x00000000c1400000| Untracked 
|  20|0x00000000c1400000, 0x00000000c1500000, 0x00000000c1500000|100%| O|  |TAMS 0x00000000c1500000, 0x00000000c1500000| Untracked 
|  21|0x00000000c1500000, 0x00000000c1600000, 0x00000000c1600000|100%| O|  |TAMS 0x00000000c1600000, 0x00000000c1600000| Untracked 
|  22|0x00000000c1600000, 0x00000000c1700000, 0x00000000c1700000|100%| O|  |TAMS 0x00000000c1700000, 0x00000000c1700000| Untracked 
|  23|0x00000000c1700000, 0x00000000c1800000, 0x00000000c1800000|100%| O|  |TAMS 0x00000000c1800000, 0x00000000c1800000| Untracked 
|  24|0x00000000c1800000, 0x00000000c1900000, 0x00000000c1900000|100%| O|  |TAMS 0x00000000c1900000, 0x00000000c1900000| Untracked 
|  25|0x00000000c1900000, 0x00000000c1a00000, 0x00000000c1a00000|100%| O|  |TAMS 0x00000000c1a00000, 0x00000000c1a00000| Untracked 
|  26|0x00000000c1a00000, 0x00000000c1b00000, 0x00000000c1b00000|100%| O|  |TAMS 0x00000000c1b00000, 0x00000000c1b00000| Untracked 
|  27|0x00000000c1b00000, 0x00000000c1c00000, 0x00000000c1c00000|100%|HS|  |TAMS 0x00000000c1c00000, 0x00000000c1c00000| Complete 
|  28|0x00000000c1c00000, 0x00000000c1d00000, 0x00000000c1d00000|100%|HS|  |TAMS 0x00000000c1d00000, 0x00000000c1d00000| Complete 
|  29|0x00000000c1d00000, 0x00000000c1e00000, 0x00000000c1e00000|100%|HC|  |TAMS 0x00000000c1e00000, 0x00000000c1e00000| Complete 
|  30|0x00000000c1e00000, 0x00000000c1f00000, 0x00000000c1f00000|100%| O|  |TAMS 0x00000000c1f00000, 0x00000000c1f00000| Untracked 
|  31|0x00000000c1f00000, 0x00000000c2000000, 0x00000000c2000000|100%| O|  |TAMS 0x00000000c2000000, 0x00000000c2000000| Untracked 
|  32|0x00000000c2000000, 0x00000000c2100000, 0x00000000c2100000|100%| O|  |TAMS 0x00000000c2100000, 0x00000000c2100000| Untracked 
|  33|0x00000000c2100000, 0x00000000c2200000, 0x00000000c2200000|100%| O|  |TAMS 0x00000000c2200000, 0x00000000c2200000| Untracked 
|  34|0x00000000c2200000, 0x00000000c2300000, 0x00000000c2300000|100%| O|  |TAMS 0x00000000c2300000, 0x00000000c2300000| Untracked 
|  35|0x00000000c2300000, 0x00000000c2400000, 0x00000000c2400000|100%| O|  |TAMS 0x00000000c2400000, 0x00000000c2400000| Untracked 
|  36|0x00000000c2400000, 0x00000000c2500000, 0x00000000c2500000|100%| O|  |TAMS 0x00000000c2500000, 0x00000000c2500000| Untracked 
|  37|0x00000000c2500000, 0x00000000c2600000, 0x00000000c2600000|100%| O|  |TAMS 0x00000000c2600000, 0x00000000c2600000| Untracked 
|  38|0x00000000c2600000, 0x00000000c2700000, 0x00000000c2700000|100%| O|  |TAMS 0x00000000c2700000, 0x00000000c2700000| Untracked 
|  39|0x00000000c2700000, 0x00000000c2800000, 0x00000000c2800000|100%| O|  |TAMS 0x00000000c2800000, 0x00000000c2800000| Untracked 
|  40|0x00000000c2800000, 0x00000000c2900000, 0x00000000c2900000|100%| O|  |TAMS 0x00000000c2900000, 0x00000000c2900000| Untracked 
|  41|0x00000000c2900000, 0x00000000c2a00000, 0x00000000c2a00000|100%| O|  |TAMS 0x00000000c2992a00, 0x00000000c2a00000| Untracked 
|  42|0x00000000c2a00000, 0x00000000c2b00000, 0x00000000c2b00000|100%| O|  |TAMS 0x00000000c2a00000, 0x00000000c2b00000| Untracked 
|  43|0x00000000c2b00000, 0x00000000c2c00000, 0x00000000c2c00000|100%| O|  |TAMS 0x00000000c2b00000, 0x00000000c2c00000| Untracked 
|  44|0x00000000c2c00000, 0x00000000c2d00000, 0x00000000c2d00000|100%| O|  |TAMS 0x00000000c2c00000, 0x00000000c2d00000| Untracked 
|  45|0x00000000c2d00000, 0x00000000c2e00000, 0x00000000c2e00000|100%| O|  |TAMS 0x00000000c2d00000, 0x00000000c2e00000| Untracked 
|  46|0x00000000c2e00000, 0x00000000c2f00000, 0x00000000c2f00000|100%| O|  |TAMS 0x00000000c2e00000, 0x00000000c2f00000| Untracked 
|  47|0x00000000c2f00000, 0x00000000c3000000, 0x00000000c3000000|100%| O|  |TAMS 0x00000000c2f00000, 0x00000000c3000000| Untracked 
|  48|0x00000000c3000000, 0x00000000c3100000, 0x00000000c3100000|100%| O|  |TAMS 0x00000000c3000000, 0x00000000c3100000| Untracked 
|  49|0x00000000c3100000, 0x00000000c3200000, 0x00000000c3200000|100%| O|  |TAMS 0x00000000c3100000, 0x00000000c3200000| Untracked 
|  50|0x00000000c3200000, 0x00000000c3300000, 0x00000000c3300000|100%| O|  |TAMS 0x00000000c3200000, 0x00000000c3300000| Untracked 
|  51|0x00000000c3300000, 0x00000000c3400000, 0x00000000c3400000|100%| O|  |TAMS 0x00000000c3300000, 0x00000000c3400000| Untracked 
|  52|0x00000000c3400000, 0x00000000c3500000, 0x00000000c3500000|100%| O|  |TAMS 0x00000000c3400000, 0x00000000c3500000| Untracked 
|  53|0x00000000c3500000, 0x00000000c3600000, 0x00000000c3600000|100%| O|  |TAMS 0x00000000c3500000, 0x00000000c3600000| Untracked 
|  54|0x00000000c3600000, 0x00000000c3700000, 0x00000000c3700000|100%| O|  |TAMS 0x00000000c3600000, 0x00000000c3700000| Untracked 
|  55|0x00000000c3700000, 0x00000000c37ff870, 0x00000000c3800000| 99%| O|  |TAMS 0x00000000c3700000, 0x00000000c3800000| Untracked 
|  56|0x00000000c3800000, 0x00000000c3800000, 0x00000000c3900000|  0%| F|  |TAMS 0x00000000c3800000, 0x00000000c3800000| Untracked 
|  57|0x00000000c3900000, 0x00000000c3900000, 0x00000000c3a00000|  0%| F|  |TAMS 0x00000000c3900000, 0x00000000c3900000| Untracked 
|  58|0x00000000c3a00000, 0x00000000c3a00000, 0x00000000c3b00000|  0%| F|  |TAMS 0x00000000c3a00000, 0x00000000c3a00000| Untracked 
|  59|0x00000000c3b00000, 0x00000000c3b00000, 0x00000000c3c00000|  0%| F|  |TAMS 0x00000000c3b00000, 0x00000000c3b00000| Untracked 
|  60|0x00000000c3c00000, 0x00000000c3c00000, 0x00000000c3d00000|  0%| F|  |TAMS 0x00000000c3c00000, 0x00000000c3c00000| Untracked 
|  61|0x00000000c3d00000, 0x00000000c3d00000, 0x00000000c3e00000|  0%| F|  |TAMS 0x00000000c3d00000, 0x00000000c3d00000| Untracked 
|  62|0x00000000c3e00000, 0x00000000c3e00000, 0x00000000c3f00000|  0%| F|  |TAMS 0x00000000c3e00000, 0x00000000c3e00000| Untracked 
|  63|0x00000000c3f00000, 0x00000000c3f00000, 0x00000000c4000000|  0%| F|  |TAMS 0x00000000c3f00000, 0x00000000c3f00000| Untracked 
|  64|0x00000000c4000000, 0x00000000c4000000, 0x00000000c4100000|  0%| F|  |TAMS 0x00000000c4000000, 0x00000000c4000000| Untracked 
|  65|0x00000000c4100000, 0x00000000c4100000, 0x00000000c4200000|  0%| F|  |TAMS 0x00000000c4100000, 0x00000000c4100000| Untracked 
|  66|0x00000000c4200000, 0x00000000c4200000, 0x00000000c4300000|  0%| F|  |TAMS 0x00000000c4200000, 0x00000000c4200000| Untracked 
|  67|0x00000000c4300000, 0x00000000c4300000, 0x00000000c4400000|  0%| F|  |TAMS 0x00000000c4300000, 0x00000000c4300000| Untracked 
|  68|0x00000000c4400000, 0x00000000c4400000, 0x00000000c4500000|  0%| F|  |TAMS 0x00000000c4400000, 0x00000000c4400000| Untracked 
|  69|0x00000000c4500000, 0x00000000c4500000, 0x00000000c4600000|  0%| F|  |TAMS 0x00000000c4500000, 0x00000000c4500000| Untracked 
|  70|0x00000000c4600000, 0x00000000c4700000, 0x00000000c4700000|100%| E|CS|TAMS 0x00000000c4600000, 0x00000000c4700000| Complete 
|  71|0x00000000c4700000, 0x00000000c4700000, 0x00000000c4800000|  0%| F|  |TAMS 0x00000000c4700000, 0x00000000c4700000| Untracked 
|  72|0x00000000c4800000, 0x00000000c4800000, 0x00000000c4900000|  0%| F|  |TAMS 0x00000000c4800000, 0x00000000c4800000| Untracked 
|  73|0x00000000c4900000, 0x00000000c4900000, 0x00000000c4a00000|  0%| F|  |TAMS 0x00000000c4900000, 0x00000000c4900000| Untracked 
|  74|0x00000000c4a00000, 0x00000000c4a00000, 0x00000000c4b00000|  0%| F|  |TAMS 0x00000000c4a00000, 0x00000000c4a00000| Untracked 
|  75|0x00000000c4b00000, 0x00000000c4c00000, 0x00000000c4c00000|100%| E|CS|TAMS 0x00000000c4b00000, 0x00000000c4c00000| Complete 
|  76|0x00000000c4c00000, 0x00000000c4c00000, 0x00000000c4d00000|  0%| F|  |TAMS 0x00000000c4c00000, 0x00000000c4c00000| Untracked 
|  77|0x00000000c4d00000, 0x00000000c4d00000, 0x00000000c4e00000|  0%| F|  |TAMS 0x00000000c4d00000, 0x00000000c4d00000| Untracked 
|  78|0x00000000c4e00000, 0x00000000c4e00000, 0x00000000c4f00000|  0%| F|  |TAMS 0x00000000c4e00000, 0x00000000c4e00000| Untracked 
|  79|0x00000000c4f00000, 0x00000000c5000000, 0x00000000c5000000|100%| E|CS|TAMS 0x00000000c4f00000, 0x00000000c5000000| Complete 
|  80|0x00000000c5000000, 0x00000000c5100000, 0x00000000c5100000|100%| E|CS|TAMS 0x00000000c5000000, 0x00000000c5100000| Complete 
|  81|0x00000000c5100000, 0x00000000c5200000, 0x00000000c5200000|100%| E|CS|TAMS 0x00000000c5100000, 0x00000000c5200000| Complete 
|  82|0x00000000c5200000, 0x00000000c5300000, 0x00000000c5300000|100%| E|CS|TAMS 0x00000000c5200000, 0x00000000c5300000| Complete 
|  83|0x00000000c5300000, 0x00000000c5400000, 0x00000000c5400000|100%| E|CS|TAMS 0x00000000c5300000, 0x00000000c5400000| Complete 
|  84|0x00000000c5400000, 0x00000000c5400000, 0x00000000c5500000|  0%| F|  |TAMS 0x00000000c5400000, 0x00000000c5400000| Untracked 
|  85|0x00000000c5500000, 0x00000000c5500000, 0x00000000c5600000|  0%| F|  |TAMS 0x00000000c5500000, 0x00000000c5500000| Untracked 
|  86|0x00000000c5600000, 0x00000000c56a5ea0, 0x00000000c5700000| 64%| S|  |TAMS 0x00000000c5600000, 0x00000000c5600000| Complete 
|  87|0x00000000c5700000, 0x00000000c5800000, 0x00000000c5800000|100%| S|  |TAMS 0x00000000c5700000, 0x00000000c5700000| Complete 
|  88|0x00000000c5800000, 0x00000000c58da900, 0x00000000c5900000| 85%| E|CS|TAMS 0x00000000c5800000, 0x00000000c58da900| Complete 
|  89|0x00000000c5900000, 0x00000000c5a00000, 0x00000000c5a00000|100%| E|CS|TAMS 0x00000000c5900000, 0x00000000c5a00000| Complete 
|  90|0x00000000c5a00000, 0x00000000c5b00000, 0x00000000c5b00000|100%| E|CS|TAMS 0x00000000c5a00000, 0x00000000c5b00000| Complete 
|  91|0x00000000c5b00000, 0x00000000c5c00000, 0x00000000c5c00000|100%| E|CS|TAMS 0x00000000c5b00000, 0x00000000c5c00000| Complete 
|  92|0x00000000c5c00000, 0x00000000c5d00000, 0x00000000c5d00000|100%| E|CS|TAMS 0x00000000c5c00000, 0x00000000c5d00000| Complete 
|  93|0x00000000c5d00000, 0x00000000c5e00000, 0x00000000c5e00000|100%| E|CS|TAMS 0x00000000c5d00000, 0x00000000c5e00000| Complete 
|  94|0x00000000c5e00000, 0x00000000c5f00000, 0x00000000c5f00000|100%| E|CS|TAMS 0x00000000c5e00000, 0x00000000c5f00000| Complete 
|  95|0x00000000c5f00000, 0x00000000c6000000, 0x00000000c6000000|100%| E|CS|TAMS 0x00000000c5f00000, 0x00000000c6000000| Complete 
|  96|0x00000000c6000000, 0x00000000c6100000, 0x00000000c6100000|100%| E|CS|TAMS 0x00000000c6000000, 0x00000000c6100000| Complete 
|  97|0x00000000c6100000, 0x00000000c6200000, 0x00000000c6200000|100%| E|CS|TAMS 0x00000000c6100000, 0x00000000c6200000| Complete 
|  98|0x00000000c6200000, 0x00000000c6300000, 0x00000000c6300000|100%| E|CS|TAMS 0x00000000c6200000, 0x00000000c6300000| Complete 
|  99|0x00000000c6300000, 0x00000000c6400000, 0x00000000c6400000|100%| E|CS|TAMS 0x00000000c6300000, 0x00000000c6400000| Complete 
| 100|0x00000000c6400000, 0x00000000c6500000, 0x00000000c6500000|100%| E|CS|TAMS 0x00000000c6400000, 0x00000000c6500000| Complete 
| 101|0x00000000c6500000, 0x00000000c6600000, 0x00000000c6600000|100%| E|CS|TAMS 0x00000000c6500000, 0x00000000c6600000| Complete 
| 102|0x00000000c6600000, 0x00000000c6700000, 0x00000000c6700000|100%| E|CS|TAMS 0x00000000c6600000, 0x00000000c6700000| Complete 
| 103|0x00000000c6700000, 0x00000000c6800000, 0x00000000c6800000|100%| E|CS|TAMS 0x00000000c6700000, 0x00000000c6800000| Complete 
| 104|0x00000000c6800000, 0x00000000c6900000, 0x00000000c6900000|100%| E|CS|TAMS 0x00000000c6800000, 0x00000000c6900000| Complete 
| 105|0x00000000c6900000, 0x00000000c6a00000, 0x00000000c6a00000|100%| E|CS|TAMS 0x00000000c6900000, 0x00000000c6a00000| Complete 
| 106|0x00000000c6a00000, 0x00000000c6b00000, 0x00000000c6b00000|100%| E|CS|TAMS 0x00000000c6a00000, 0x00000000c6b00000| Complete 
| 107|0x00000000c6b00000, 0x00000000c6c00000, 0x00000000c6c00000|100%| E|CS|TAMS 0x00000000c6b00000, 0x00000000c6c00000| Complete 
| 108|0x00000000c6c00000, 0x00000000c6d00000, 0x00000000c6d00000|100%| E|CS|TAMS 0x00000000c6c00000, 0x00000000c6d00000| Complete 
| 109|0x00000000c6d00000, 0x00000000c6e00000, 0x00000000c6e00000|100%| E|CS|TAMS 0x00000000c6d00000, 0x00000000c6e00000| Complete 
| 110|0x00000000c6e00000, 0x00000000c6f00000, 0x00000000c6f00000|100%| E|CS|TAMS 0x00000000c6e00000, 0x00000000c6f00000| Complete 
| 111|0x00000000c6f00000, 0x00000000c7000000, 0x00000000c7000000|100%| E|CS|TAMS 0x00000000c6f00000, 0x00000000c7000000| Complete 
| 112|0x00000000c7000000, 0x00000000c7100000, 0x00000000c7100000|100%| E|CS|TAMS 0x00000000c7000000, 0x00000000c7100000| Complete 
| 113|0x00000000c7100000, 0x00000000c7200000, 0x00000000c7200000|100%| E|CS|TAMS 0x00000000c7100000, 0x00000000c7200000| Complete 
| 114|0x00000000c7200000, 0x00000000c7300000, 0x00000000c7300000|100%| E|CS|TAMS 0x00000000c7200000, 0x00000000c7300000| Complete 
| 115|0x00000000c7300000, 0x00000000c7400000, 0x00000000c7400000|100%| E|CS|TAMS 0x00000000c7300000, 0x00000000c7400000| Complete 
| 116|0x00000000c7400000, 0x00000000c7500000, 0x00000000c7500000|100%| E|CS|TAMS 0x00000000c7400000, 0x00000000c7500000| Complete 
| 117|0x00000000c7500000, 0x00000000c7600000, 0x00000000c7600000|100%| E|CS|TAMS 0x00000000c7500000, 0x00000000c7600000| Complete 
| 118|0x00000000c7600000, 0x00000000c7700000, 0x00000000c7700000|100%| E|CS|TAMS 0x00000000c7600000, 0x00000000c7700000| Complete 
| 119|0x00000000c7700000, 0x00000000c7800000, 0x00000000c7800000|100%| E|CS|TAMS 0x00000000c7700000, 0x00000000c7800000| Complete 
| 120|0x00000000c7800000, 0x00000000c7900000, 0x00000000c7900000|100%| E|CS|TAMS 0x00000000c7800000, 0x00000000c7900000| Complete 
| 121|0x00000000c7900000, 0x00000000c7a00000, 0x00000000c7a00000|100%| E|CS|TAMS 0x00000000c7900000, 0x00000000c7a00000| Complete 
| 122|0x00000000c7a00000, 0x00000000c7b00000, 0x00000000c7b00000|100%| E|CS|TAMS 0x00000000c7a00000, 0x00000000c7b00000| Complete 
| 123|0x00000000c7b00000, 0x00000000c7c00000, 0x00000000c7c00000|100%| E|CS|TAMS 0x00000000c7b00000, 0x00000000c7c00000| Complete 
| 124|0x00000000c7c00000, 0x00000000c7d00000, 0x00000000c7d00000|100%| E|CS|TAMS 0x00000000c7c00000, 0x00000000c7d00000| Complete 
| 125|0x00000000c7d00000, 0x00000000c7e00000, 0x00000000c7e00000|100%| E|CS|TAMS 0x00000000c7d00000, 0x00000000c7e00000| Complete 
| 126|0x00000000c7e00000, 0x00000000c7f00000, 0x00000000c7f00000|100%| E|CS|TAMS 0x00000000c7e00000, 0x00000000c7f00000| Complete 
| 127|0x00000000c7f00000, 0x00000000c8000000, 0x00000000c8000000|100%| E|CS|TAMS 0x00000000c7f00000, 0x00000000c8000000| Complete 

Card table byte_map: [0x000001b695490000,0x000001b695690000] _byte_map_base: 0x000001b694e90000

Marking Bits (Prev, Next): (CMBitMap*) 0x000001b6809bee50, (CMBitMap*) 0x000001b6809bee18
 Prev Bits: [0x000001b696890000, 0x000001b697890000)
 Next Bits: [0x000001b695890000, 0x000001b696890000)

Polling page: 0x000001b680a70000

Metaspace:

Usage:
  Non-class:     70.96 MB capacity,    69.69 MB ( 98%) used,     1.06 MB (  1%) free+waste,   223.06 KB ( <1%) overhead. 
      Class:     11.04 MB capacity,    10.32 MB ( 93%) used,   635.32 KB (  6%) free+waste,   102.13 KB ( <1%) overhead. 
       Both:     82.00 MB capacity,    80.00 MB ( 98%) used,     1.68 MB (  2%) free+waste,   325.19 KB ( <1%) overhead. 

Virtual space:
  Non-class space:       72.00 MB reserved,      71.00 MB ( 99%) committed 
      Class space:        1.00 GB reserved,      11.07 MB (  1%) committed 
             Both:        1.07 GB reserved,      82.07 MB (  7%) committed 

Chunk freelists:
   Non-Class:  39.00 KB
       Class:  38.00 KB
        Both:  77.00 KB

MaxMetaspaceSize: 17179869184.00 GB
CompressedClassSpaceSize: 1.00 GB

CodeHeap 'non-profiled nmethods': size=120064Kb used=5285Kb max_used=5285Kb free=114778Kb
 bounds [0x000001b68d730000, 0x000001b68dc60000, 0x000001b694c70000]
CodeHeap 'profiled nmethods': size=120000Kb used=18937Kb max_used=18937Kb free=101062Kb
 bounds [0x000001b686200000, 0x000001b687480000, 0x000001b68d730000]
CodeHeap 'non-nmethods': size=5696Kb used=2273Kb max_used=2328Kb free=3422Kb
 bounds [0x000001b685c70000, 0x000001b685ee0000, 0x000001b686200000]
 total_blobs=9598 nmethods=8724 adapters=785
 compilation: enabled
              stopped_count=0, restarted_count=0
 full_count=0

Compilation events (20 events):
Event: 22.436 Thread 0x000001b699ebc800 8753       3       org.gradle.internal.watch.registry.impl.DefaultFileWatcherRegistry$1$$Lambda$879/0x0000000100afb440::apply (8 bytes)
Event: 22.436 Thread 0x000001b699ebc800 nmethod 8753 0x000001b687478590 code [0x000001b687478760, 0x000001b6874789b8]
Event: 22.436 Thread 0x000001b699ebc800 8754       3       org.gradle.internal.watch.registry.impl.DefaultFileWatcherRegistry$MutableFileWatchingStatistics::eventReceived (12 bytes)
Event: 22.437 Thread 0x000001b699ebc800 nmethod 8754 0x000001b687478a90 code [0x000001b687478c40, 0x000001b687478d58]
Event: 22.437 Thread 0x000001b699ebc800 8755       3       org.gradle.internal.watch.registry.impl.DefaultFileWatcherRegistry::access$200 (5 bytes)
Event: 22.437 Thread 0x000001b699ebc800 nmethod 8755 0x000001b687478e10 code [0x000001b687478fc0, 0x000001b6874790c8]
Event: 22.438 Thread 0x000001b699ebc800 8756   !   3       org.gradle.internal.watch.vfs.impl.WatchingVirtualFileSystem$3::handleChange (63 bytes)
Event: 22.442 Thread 0x000001b699ebc800 nmethod 8756 0x000001b687479190 code [0x000001b687479500, 0x000001b68747a9e8]
Event: 22.516 Thread 0x000001b699ebc800 8758       3       sun.nio.fs.WindowsFileAttributes::isOther (26 bytes)
Event: 22.517 Thread 0x000001b699ebc800 nmethod 8758 0x000001b68747b410 code [0x000001b68747b5c0, 0x000001b68747b838]
Event: 22.649 Thread 0x000001b699ebc800 8759       3       org.gradle.internal.watch.registry.impl.DefaultFileWatcherRegistry$1::handleChangeEvent (38 bytes)
Event: 22.650 Thread 0x000001b699ebc800 nmethod 8759 0x000001b68747b910 code [0x000001b68747bb60, 0x000001b68747c3d8]
Event: 22.650 Thread 0x000001b699ebc800 8760       3       org.gradle.internal.watch.registry.impl.DefaultFileWatcherRegistry::convertType (64 bytes)
Event: 22.650 Thread 0x000001b699ebc800 nmethod 8760 0x000001b68747c790 code [0x000001b68747c960, 0x000001b68747cc48]
Event: 22.685 Thread 0x000001b699eb3800 8761       4       java.io.File::isInvalid (48 bytes)
Event: 22.691 Thread 0x000001b699eb3800 nmethod 8761 0x000001b68dc56590 code [0x000001b68dc56740, 0x000001b68dc569d8]
Event: 22.713 Thread 0x000001b699eb3800 8762       4       org.gradle.internal.file.DefaultFileHierarchySet$Node::contains (101 bytes)
Event: 22.790 Thread 0x000001b699eb3800 nmethod 8762 0x000001b68dc56c10 code [0x000001b68dc56ee0, 0x000001b68dc57da0]
Event: 22.826 Thread 0x000001b699ebc800 8763       3       java.io.WinNTFileSystem::isAbsolute (36 bytes)
Event: 22.828 Thread 0x000001b699ebc800 nmethod 8763 0x000001b68747cd90 code [0x000001b68747cfc0, 0x000001b68747d698]

GC Heap History (20 events):
Event: 7.823 GC heap before
{Heap before GC invocations=10 (full 0):
 garbage-first heap   total 131072K, used 78021K [0x00000000c0000000, 0x0000000100000000)
  region size 1024K, 58 young (59392K), 6 survivors (6144K)
 Metaspace       used 38808K, capacity 39703K, committed 39884K, reserved 1083392K
  class space    used 4941K, capacity 5252K, committed 5324K, reserved 1048576K
}
Event: 7.837 GC heap after
{Heap after GC invocations=11 (full 0):
 garbage-first heap   total 131072K, used 27164K [0x00000000c0000000, 0x0000000100000000)
  region size 1024K, 8 young (8192K), 8 survivors (8192K)
 Metaspace       used 38808K, capacity 39703K, committed 39884K, reserved 1083392K
  class space    used 4941K, capacity 5252K, committed 5324K, reserved 1048576K
}
Event: 8.787 GC heap before
{Heap before GC invocations=11 (full 0):
 garbage-first heap   total 131072K, used 81436K [0x00000000c0000000, 0x0000000100000000)
  region size 1024K, 61 young (62464K), 8 survivors (8192K)
 Metaspace       used 43836K, capacity 44871K, committed 45004K, reserved 1087488K
  class space    used 5601K, capacity 5969K, committed 6092K, reserved 1048576K
}
Event: 8.801 GC heap after
{Heap after GC invocations=12 (full 0):
 garbage-first heap   total 131072K, used 29220K [0x00000000c0000000, 0x0000000100000000)
  region size 1024K, 3 young (3072K), 3 survivors (3072K)
 Metaspace       used 43836K, capacity 44871K, committed 45004K, reserved 1087488K
  class space    used 5601K, capacity 5969K, committed 6092K, reserved 1048576K
}
Event: 10.259 GC heap before
{Heap before GC invocations=12 (full 0):
 garbage-first heap   total 131072K, used 86564K [0x00000000c0000000, 0x0000000100000000)
  region size 1024K, 58 young (59392K), 3 survivors (3072K)
 Metaspace       used 47091K, capacity 48244K, committed 48460K, reserved 1091584K
  class space    used 6009K, capacity 6426K, committed 6476K, reserved 1048576K
}
Event: 10.272 GC heap after
{Heap after GC invocations=13 (full 0):
 garbage-first heap   total 131072K, used 35335K [0x00000000c0000000, 0x0000000100000000)
  region size 1024K, 7 young (7168K), 7 survivors (7168K)
 Metaspace       used 47091K, capacity 48244K, committed 48460K, reserved 1091584K
  class space    used 6009K, capacity 6426K, committed 6476K, reserved 1048576K
}
Event: 12.396 GC heap before
{Heap before GC invocations=13 (full 0):
 garbage-first heap   total 131072K, used 92679K [0x00000000c0000000, 0x0000000100000000)
  region size 1024K, 61 young (62464K), 7 survivors (7168K)
 Metaspace       used 53269K, capacity 54657K, committed 54988K, reserved 1097728K
  class space    used 6798K, capacity 7272K, committed 7372K, reserved 1048576K
}
Event: 12.408 GC heap after
{Heap after GC invocations=14 (full 0):
 garbage-first heap   total 131072K, used 42645K [0x00000000c0000000, 0x0000000100000000)
  region size 1024K, 6 young (6144K), 6 survivors (6144K)
 Metaspace       used 53269K, capacity 54657K, committed 54988K, reserved 1097728K
  class space    used 6798K, capacity 7272K, committed 7372K, reserved 1048576K
}
Event: 13.521 GC heap before
{Heap before GC invocations=14 (full 0):
 garbage-first heap   total 131072K, used 73365K [0x00000000c0000000, 0x0000000100000000)
  region size 1024K, 37 young (37888K), 6 survivors (6144K)
 Metaspace       used 58704K, capacity 60131K, committed 60236K, reserved 1101824K
  class space    used 7401K, capacity 7919K, committed 8012K, reserved 1048576K
}
Event: 13.540 GC heap after
{Heap after GC invocations=15 (full 0):
 garbage-first heap   total 131072K, used 44238K [0x00000000c0000000, 0x0000000100000000)
  region size 1024K, 2 young (2048K), 2 survivors (2048K)
 Metaspace       used 58704K, capacity 60131K, committed 60236K, reserved 1101824K
  class space    used 7401K, capacity 7919K, committed 8012K, reserved 1048576K
}
Event: 15.114 GC heap before
{Heap before GC invocations=16 (full 0):
 garbage-first heap   total 131072K, used 95438K [0x00000000c0000000, 0x0000000100000000)
  region size 1024K, 52 young (53248K), 2 survivors (2048K)
 Metaspace       used 63688K, capacity 65155K, committed 65484K, reserved 1105920K
  class space    used 8023K, capacity 8559K, committed 8652K, reserved 1048576K
}
Event: 15.123 GC heap after
{Heap after GC invocations=17 (full 0):
 garbage-first heap   total 131072K, used 48593K [0x00000000c0000000, 0x0000000100000000)
  region size 1024K, 6 young (6144K), 6 survivors (6144K)
 Metaspace       used 63688K, capacity 65155K, committed 65484K, reserved 1105920K
  class space    used 8023K, capacity 8559K, committed 8652K, reserved 1048576K
}
Event: 16.589 GC heap before
{Heap before GC invocations=17 (full 0):
 garbage-first heap   total 131072K, used 98769K [0x00000000c0000000, 0x0000000100000000)
  region size 1024K, 55 young (56320K), 6 survivors (6144K)
 Metaspace       used 67178K, capacity 68799K, committed 69068K, reserved 1110016K
  class space    used 8540K, capacity 9089K, committed 9164K, reserved 1048576K
}
Event: 16.613 GC heap after
{Heap after GC invocations=18 (full 0):
 garbage-first heap   total 131072K, used 52500K [0x00000000c0000000, 0x0000000100000000)
  region size 1024K, 5 young (5120K), 5 survivors (5120K)
 Metaspace       used 67178K, capacity 68799K, committed 69068K, reserved 1110016K
  class space    used 8540K, capacity 9089K, committed 9164K, reserved 1048576K
}
Event: 18.007 GC heap before
{Heap before GC invocations=18 (full 0):
 garbage-first heap   total 131072K, used 100628K [0x00000000c0000000, 0x0000000100000000)
  region size 1024K, 52 young (53248K), 5 survivors (5120K)
 Metaspace       used 72571K, capacity 74321K, committed 74572K, reserved 1114112K
  class space    used 9374K, capacity 10022K, committed 10060K, reserved 1048576K
}
Event: 18.018 GC heap after
{Heap after GC invocations=19 (full 0):
 garbage-first heap   total 131072K, used 55490K [0x00000000c0000000, 0x0000000100000000)
  region size 1024K, 3 young (3072K), 3 survivors (3072K)
 Metaspace       used 72571K, capacity 74321K, committed 74572K, reserved 1114112K
  class space    used 9374K, capacity 10022K, committed 10060K, reserved 1048576K
}
Event: 19.211 GC heap before
{Heap before GC invocations=19 (full 0):
 garbage-first heap   total 131072K, used 103618K [0x00000000c0000000, 0x0000000100000000)
  region size 1024K, 50 young (51200K), 3 survivors (3072K)
 Metaspace       used 77406K, capacity 79183K, committed 79308K, reserved 1118208K
  class space    used 10013K, capacity 10637K, committed 10700K, reserved 1048576K
}
Event: 19.226 GC heap after
{Heap after GC invocations=20 (full 0):
 garbage-first heap   total 131072K, used 58728K [0x00000000c0000000, 0x0000000100000000)
  region size 1024K, 7 young (7168K), 7 survivors (7168K)
 Metaspace       used 77406K, capacity 79183K, committed 79308K, reserved 1118208K
  class space    used 10013K, capacity 10637K, committed 10700K, reserved 1048576K
}
Event: 20.695 GC heap before
{Heap before GC invocations=20 (full 0):
 garbage-first heap   total 131072K, used 102760K [0x00000000c0000000, 0x0000000100000000)
  region size 1024K, 51 young (52224K), 7 survivors (7168K)
 Metaspace       used 81228K, capacity 83240K, committed 83404K, reserved 1122304K
  class space    used 10488K, capacity 11198K, committed 11212K, reserved 1048576K
}
Event: 20.713 GC heap after
{Heap after GC invocations=21 (full 0):
 garbage-first heap   total 131072K, used 63255K [0x00000000c0000000, 0x0000000100000000)
  region size 1024K, 7 young (7168K), 7 survivors (7168K)
 Metaspace       used 81228K, capacity 83240K, committed 83404K, reserved 1122304K
  class space    used 10488K, capacity 11198K, committed 11212K, reserved 1048576K
}

Deoptimization events (20 events):
Event: 22.002 Thread 0x000001b6a190f000 Uncommon trap: trap_request=0xffffffde fr.pc=0x000001b68dc2a660 relative=0x00000000000009a0
Event: 22.002 Thread 0x000001b6a190f000 Uncommon trap: reason=class_check action=maybe_recompile pc=0x000001b68dc2a660 method=org.gradle.internal.snapshot.ChildMap$Entry.handleAncestorDescendantOrExactMatch(Lorg/gradle/internal/snapshot/VfsRelativePath;Lorg/gradle/internal/snapshot/CaseSensitiv
Event: 22.002 Thread 0x000001b6a190f000 DEOPT PACKING pc=0x000001b68dc2a660 sp=0x00000032249fa510
Event: 22.002 Thread 0x000001b6a190f000 DEOPT UNPACKING pc=0x000001b685c978af sp=0x00000032249fa4f8 mode 2
Event: 22.002 Thread 0x000001b6a190f000 Uncommon trap: trap_request=0xffffffde fr.pc=0x000001b68dc2a660 relative=0x00000000000009a0
Event: 22.002 Thread 0x000001b6a190f000 Uncommon trap: reason=class_check action=maybe_recompile pc=0x000001b68dc2a660 method=org.gradle.internal.snapshot.ChildMap$Entry.handleAncestorDescendantOrExactMatch(Lorg/gradle/internal/snapshot/VfsRelativePath;Lorg/gradle/internal/snapshot/CaseSensitiv
Event: 22.002 Thread 0x000001b6a190f000 DEOPT PACKING pc=0x000001b68dc2a660 sp=0x00000032249fa110
Event: 22.002 Thread 0x000001b6a190f000 DEOPT UNPACKING pc=0x000001b685c978af sp=0x00000032249fa0f8 mode 2
Event: 22.008 Thread 0x000001b6a190f000 Uncommon trap: trap_request=0xffffffde fr.pc=0x000001b68dc2a660 relative=0x00000000000009a0
Event: 22.008 Thread 0x000001b6a190f000 Uncommon trap: reason=class_check action=maybe_recompile pc=0x000001b68dc2a660 method=org.gradle.internal.snapshot.ChildMap$Entry.handleAncestorDescendantOrExactMatch(Lorg/gradle/internal/snapshot/VfsRelativePath;Lorg/gradle/internal/snapshot/CaseSensitiv
Event: 22.008 Thread 0x000001b6a190f000 DEOPT PACKING pc=0x000001b68dc2a660 sp=0x00000032249fa510
Event: 22.008 Thread 0x000001b6a190f000 DEOPT UNPACKING pc=0x000001b685c978af sp=0x00000032249fa4f8 mode 2
Event: 22.823 Thread 0x000001b69d1a4000 Uncommon trap: trap_request=0xffffff4d fr.pc=0x000001b68dc576cc relative=0x00000000000007ec
Event: 22.823 Thread 0x000001b69d1a4000 Uncommon trap: reason=unstable_if action=reinterpret pc=0x000001b68dc576cc method=org.gradle.internal.file.DefaultFileHierarchySet$Node.isChildOfOrThis(Ljava/lang/String;I)Z @ 35 c2
Event: 22.823 Thread 0x000001b69d1a4000 DEOPT PACKING pc=0x000001b68dc576cc sp=0x00000032234fee20
Event: 22.823 Thread 0x000001b69d1a4000 DEOPT UNPACKING pc=0x000001b685c978af sp=0x00000032234fed80 mode 2
Event: 22.824 Thread 0x000001b69d1a4000 Uncommon trap: trap_request=0xffffff4d fr.pc=0x000001b68dc554e0 relative=0x0000000000000260
Event: 22.824 Thread 0x000001b69d1a4000 Uncommon trap: reason=unstable_if action=reinterpret pc=0x000001b68dc554e0 method=org.gradle.internal.file.DefaultFileHierarchySet$Node.isChildOfOrThis(Ljava/lang/String;I)Z @ 35 c2
Event: 22.824 Thread 0x000001b69d1a4000 DEOPT PACKING pc=0x000001b68dc554e0 sp=0x00000032234fed80
Event: 22.824 Thread 0x000001b69d1a4000 DEOPT UNPACKING pc=0x000001b685c978af sp=0x00000032234fed20 mode 2

Classes redefined (0 events):
No events

Internal exceptions (20 events):
Event: 18.966 Thread 0x000001b69c16d800 Exception <a 'java/lang/NoSuchMethodError'{0x00000000c5a16ce8}: 'java.lang.Object java.lang.invoke.Invokers$Holder.linkToTargetMethod(java.lang.Object, int, int, java.lang.Object)'> (0x00000000c5a16ce8) thrown at [./src/hotspot/share/interpreter/linkResolver.cpp, line 773]
Event: 19.610 Thread 0x000001b69c16d800 Exception <a 'java/lang/NoSuchMethodError'{0x00000000c744e1d0}: <clinit>> (0x00000000c744e1d0) thrown at [./src/hotspot/share/prims/jni.cpp, line 1362]
Event: 19.622 Thread 0x000001b69c16d800 Exception <a 'java/lang/NoSuchMethodError'{0x00000000c7484a18}: <clinit>> (0x00000000c7484a18) thrown at [./src/hotspot/share/prims/jni.cpp, line 1362]
Event: 19.683 Thread 0x000001b69c16d800 Exception <a 'sun/nio/fs/WindowsException'{0x00000000c728e778}> (0x00000000c728e778) thrown at [./src/hotspot/share/prims/jni.cpp, line 615]
Event: 19.798 Thread 0x000001b69d1a1000 Exception <a 'java/lang/NoSuchMethodError'{0x00000000c6e08998}: <clinit>> (0x00000000c6e08998) thrown at [./src/hotspot/share/prims/jni.cpp, line 1362]
Event: 19.799 Thread 0x000001b69d1a1000 Exception <a 'java/lang/NoSuchMethodError'{0x00000000c6e14308}: <clinit>> (0x00000000c6e14308) thrown at [./src/hotspot/share/prims/jni.cpp, line 1362]
Event: 19.811 Thread 0x000001b69d1a1000 Exception <a 'java/lang/NoSuchMethodError'{0x00000000c6d2e850}: <clinit>> (0x00000000c6d2e850) thrown at [./src/hotspot/share/prims/jni.cpp, line 1362]
Event: 19.812 Thread 0x000001b69d1a1000 Exception <a 'java/lang/NoSuchMethodError'{0x00000000c6d67f08}: <clinit>> (0x00000000c6d67f08) thrown at [./src/hotspot/share/prims/jni.cpp, line 1362]
Event: 19.812 Thread 0x000001b69d1a1000 Exception <a 'java/lang/NoSuchMethodError'{0x00000000c6d69680}: <clinit>> (0x00000000c6d69680) thrown at [./src/hotspot/share/prims/jni.cpp, line 1362]
Event: 19.832 Thread 0x000001b6a1913000 Exception <a 'java/lang/NoSuchMethodError'{0x00000000c7a88550}: <clinit>> (0x00000000c7a88550) thrown at [./src/hotspot/share/prims/jni.cpp, line 1362]
Event: 19.836 Thread 0x000001b6a1913000 Exception <a 'java/lang/NoSuchMethodError'{0x00000000c7a9c920}: <clinit>> (0x00000000c7a9c920) thrown at [./src/hotspot/share/prims/jni.cpp, line 1362]
Event: 19.840 Thread 0x000001b6a1913000 Exception <a 'java/lang/NoSuchMethodError'{0x00000000c6ccd9d0}: <clinit>> (0x00000000c6ccd9d0) thrown at [./src/hotspot/share/prims/jni.cpp, line 1362]
Event: 19.935 Thread 0x000001b69d1a1000 Exception <a 'java/lang/NoSuchMethodError'{0x00000000c6809fb0}: <clinit>> (0x00000000c6809fb0) thrown at [./src/hotspot/share/prims/jni.cpp, line 1362]
Event: 19.997 Thread 0x000001b6a1911000 Exception <a 'java/lang/NoSuchMethodError'{0x00000000c671eae0}: 'java.lang.Object java.lang.invoke.Invokers$Holder.linkToTargetMethod(java.lang.Object, java.lang.Object, java.lang.Object, int, java.lang.Object, java.lang.Object)'> (0x00000000c671eae0) thrown at [./src/hotspot/share/interpreter/linkResolver.cpp, line 773]
Event: 20.024 Thread 0x000001b6a1911000 Exception <a 'java/lang/IncompatibleClassChangeError'{0x00000000c677f6a8}: Found class java.lang.Object, but interface was expected> (0x00000000c677f6a8) thrown at [./src/hotspot/share/interpreter/linkResolver.cpp, line 839]
Event: 20.085 Thread 0x000001b6a1911000 Exception <a 'java/lang/NoSuchMethodError'{0x00000000c65468a0}: 'int java.lang.invoke.DirectMethodHandle$Holder.invokeStaticInit(java.lang.Object, java.lang.Object, java.lang.Object, java.lang.Object, java.lang.Object)'> (0x00000000c65468a0) thrown at [./src/hotspot/share/interpreter/linkResolver.cpp, line 773]
Event: 20.579 Thread 0x000001b69d4f6800 Exception <a 'java/lang/NoSuchMethodError'{0x00000000c5a307e8}: 'java.lang.Object java.lang.invoke.DirectMethodHandle$Holder.invokeSpecialIFC(java.lang.Object, java.lang.Object, java.lang.Object)'> (0x00000000c5a307e8) thrown at [./src/hotspot/share/interpreter/linkResolver.cpp, line 773]
Event: 20.579 Thread 0x000001b69d4f6000 Exception <a 'java/lang/NoSuchMethodError'{0x00000000c5a3d8a8}: 'java.lang.Object java.lang.invoke.DirectMethodHandle$Holder.invokeSpecialIFC(java.lang.Object, java.lang.Object, java.lang.Object)'> (0x00000000c5a3d8a8) thrown at [./src/hotspot/share/interpreter/linkResolver.cpp, line 773]
Event: 20.579 Thread 0x000001b69d4ee800 Exception <a 'java/lang/NoSuchMethodError'{0x00000000c5a4e900}: 'java.lang.Object java.lang.invoke.DirectMethodHandle$Holder.invokeSpecialIFC(java.lang.Object, java.lang.Object, java.lang.Object)'> (0x00000000c5a4e900) thrown at [./src/hotspot/share/interpreter/linkResolver.cpp, line 773]
Event: 20.991 Thread 0x000001b6a190f000 Exception <a 'java/lang/NoSuchMethodError'{0x00000000c722c4c0}: 'void java.lang.invoke.DirectMethodHandle$Holder.invokeVirtual(java.lang.Object, java.lang.Object)'> (0x00000000c722c4c0) thrown at [./src/hotspot/share/interpreter/linkResolver.cpp, line 773]

Events (20 events):
Event: 22.013 loading class org/gradle/internal/execution/history/changes/InputChangesInternal
Event: 22.013 loading class org/gradle/internal/execution/history/changes/InputChangesInternal done
Event: 22.014 loading class org/gradle/internal/execution/history/BeforeExecutionState
Event: 22.014 loading class org/gradle/internal/execution/history/BeforeExecutionState done
Event: 22.014 loading class org/gradle/internal/execution/steps/RemovePreviousOutputsStep$2
Event: 22.014 loading class org/gradle/internal/execution/steps/RemovePreviousOutputsStep$2 done
Event: 22.015 loading class org/gradle/internal/execution/steps/RemovePreviousOutputsStep$3
Event: 22.015 loading class org/gradle/internal/execution/steps/RemovePreviousOutputsStep$3 done
Event: 22.017 loading class org/gradle/internal/file/impl/DefaultDeleter$Handling
Event: 22.017 loading class org/gradle/internal/file/impl/DefaultDeleter$Handling done
Event: 22.017 loading class org/gradle/internal/file/impl/DefaultDeleter$Handling$1
Event: 22.017 loading class org/gradle/internal/file/impl/DefaultDeleter$Handling$1 done
Event: 22.018 loading class org/gradle/internal/file/impl/DefaultDeleter$Handling$2
Event: 22.018 loading class org/gradle/internal/file/impl/DefaultDeleter$Handling$2 done
Event: 22.018 loading class org/gradle/internal/file/impl/DefaultDeleter$Handling$3
Event: 22.018 loading class org/gradle/internal/file/impl/DefaultDeleter$Handling$3 done
Event: 22.019 loading class org/gradle/internal/file/impl/DefaultDeleter$Handling$4
Event: 22.019 loading class org/gradle/internal/file/impl/DefaultDeleter$Handling$4 done
Event: 22.831 loading class org/gradle/internal/execution/steps/ExecuteStep$1
Event: 22.831 loading class org/gradle/internal/execution/steps/ExecuteStep$1 done


Dynamic libraries:
0x00007ff66bb50000 - 0x00007ff66bb5a000 	C:\Program Files\Android\Android Studio\jre\bin\java.exe
0x00007ffc73b50000 - 0x00007ffc73d45000 	C:\WINDOWS\SYSTEM32\ntdll.dll
0x00007ffc73250000 - 0x00007ffc7330d000 	C:\WINDOWS\System32\KERNEL32.DLL
0x00007ffc716b0000 - 0x00007ffc71979000 	C:\WINDOWS\System32\KERNELBASE.dll
0x00007ffc71340000 - 0x00007ffc71440000 	C:\WINDOWS\System32\ucrtbase.dll
0x00007ffc690c0000 - 0x00007ffc690d7000 	C:\Program Files\Android\Android Studio\jre\bin\VCRUNTIME140.dll
0x00007ffc69090000 - 0x00007ffc690a9000 	C:\Program Files\Android\Android Studio\jre\bin\jli.dll
0x00007ffc73590000 - 0x00007ffc73730000 	C:\WINDOWS\System32\USER32.dll
0x00007ffc71280000 - 0x00007ffc712a2000 	C:\WINDOWS\System32\win32u.dll
0x00007ffc72e10000 - 0x00007ffc72e3a000 	C:\WINDOWS\System32\GDI32.dll
0x00007ffc55730000 - 0x00007ffc559ca000 	C:\WINDOWS\WinSxS\amd64_microsoft.windows.common-controls_6595b64144ccf1df_6.0.19041.1110_none_60b5254171f9507e\COMCTL32.dll
0x00007ffc71440000 - 0x00007ffc7154b000 	C:\WINDOWS\System32\gdi32full.dll
0x00007ffc73060000 - 0x00007ffc730fe000 	C:\WINDOWS\System32\msvcrt.dll
0x00007ffc71a80000 - 0x00007ffc71b1d000 	C:\WINDOWS\System32\msvcp_win.dll
0x00007ffc720a0000 - 0x00007ffc720d0000 	C:\WINDOWS\System32\IMM32.DLL
0x00007ffc47220000 - 0x00007ffc472bd000 	C:\Program Files\Android\Android Studio\jre\bin\msvcp140.dll
0x00007ffc1bee0000 - 0x00007ffc1c9af000 	C:\Program Files\Android\Android Studio\jre\bin\server\jvm.dll
0x00007ffc72fb0000 - 0x00007ffc7305c000 	C:\WINDOWS\System32\ADVAPI32.dll
0x00007ffc71d40000 - 0x00007ffc71ddb000 	C:\WINDOWS\System32\sechost.dll
0x00007ffc73100000 - 0x00007ffc7322a000 	C:\WINDOWS\System32\RPCRT4.dll
0x00007ffc73240000 - 0x00007ffc73248000 	C:\WINDOWS\System32\PSAPI.DLL
0x00007ffc58810000 - 0x00007ffc58837000 	C:\WINDOWS\SYSTEM32\WINMM.dll
0x00007ffc70060000 - 0x00007ffc7006a000 	C:\WINDOWS\SYSTEM32\VERSION.dll
0x00007ffc48a80000 - 0x00007ffc48a89000 	C:\WINDOWS\SYSTEM32\WSOCK32.dll
0x00007ffc71f10000 - 0x00007ffc71f7b000 	C:\WINDOWS\System32\WS2_32.dll
0x00007ffc6f450000 - 0x00007ffc6f462000 	C:\WINDOWS\SYSTEM32\kernel.appcore.dll
0x00007ffc49050000 - 0x00007ffc49061000 	C:\Program Files\Android\Android Studio\jre\bin\verify.dll
0x00007ffc6bd50000 - 0x00007ffc6bf34000 	C:\WINDOWS\SYSTEM32\DBGHELP.DLL
0x00007ffc5db60000 - 0x00007ffc5db8c000 	C:\WINDOWS\SYSTEM32\dbgcore.DLL
0x00007ffc71b20000 - 0x00007ffc71ba3000 	C:\WINDOWS\System32\bcryptPrimitives.dll
0x00007ffc467a0000 - 0x00007ffc467c9000 	C:\Program Files\Android\Android Studio\jre\bin\java.dll
0x00007ffc64cc0000 - 0x00007ffc64ccb000 	C:\Program Files\Android\Android Studio\jre\bin\jimage.dll
0x00007ffc46bf0000 - 0x00007ffc46c08000 	C:\Program Files\Android\Android Studio\jre\bin\zip.dll
0x00007ffc726d0000 - 0x00007ffc72e0f000 	C:\WINDOWS\System32\SHELL32.dll
0x00007ffc6f840000 - 0x00007ffc6ffd0000 	C:\WINDOWS\SYSTEM32\windows.storage.dll
0x00007ffc737b0000 - 0x00007ffc73b05000 	C:\WINDOWS\System32\combase.dll
0x00007ffc70c00000 - 0x00007ffc70c2c000 	C:\WINDOWS\SYSTEM32\Wldp.dll
0x00007ffc71f80000 - 0x00007ffc7202e000 	C:\WINDOWS\System32\SHCORE.dll
0x00007ffc721f0000 - 0x00007ffc72245000 	C:\WINDOWS\System32\shlwapi.dll
0x00007ffc711c0000 - 0x00007ffc711df000 	C:\WINDOWS\SYSTEM32\profapi.dll
0x00007ffc46220000 - 0x00007ffc4623a000 	C:\Program Files\Android\Android Studio\jre\bin\net.dll
0x00007ffc5ee40000 - 0x00007ffc5ef48000 	C:\WINDOWS\SYSTEM32\WINHTTP.dll
0x00007ffc70970000 - 0x00007ffc709da000 	C:\WINDOWS\system32\mswsock.dll
0x00007ffc45fb0000 - 0x00007ffc45fc4000 	C:\Program Files\Android\Android Studio\jre\bin\nio.dll
0x00007ffc3bdb0000 - 0x00007ffc3bdd7000 	C:\Users\halag\Documents\cs\year_project\Server_location_app\.gradle\native\8bec1ad78214c89d9ad589b4d07fe93259594b29d510b10fafb7a158f7737e5d\windows-amd64\native-platform.dll
0x00007ffc2e660000 - 0x00007ffc2e79d000 	C:\Users\halag\Documents\cs\year_project\Server_location_app\.gradle\native\53dbd7edfb1c66fb8903c78663c9afc45aea4f116125fa6feffd364cf09443e8\windows-amd64\native-platform-file-events.dll
0x00007ffc546a0000 - 0x00007ffc546aa000 	C:\Program Files\Android\Android Studio\jre\bin\management.dll
0x00007ffc4a840000 - 0x00007ffc4a84c000 	C:\Program Files\Android\Android Studio\jre\bin\management_ext.dll
0x00007ffc70b60000 - 0x00007ffc70b78000 	C:\WINDOWS\SYSTEM32\CRYPTSP.dll
0x00007ffc702f0000 - 0x00007ffc70324000 	C:\WINDOWS\system32\rsaenh.dll
0x00007ffc71310000 - 0x00007ffc71337000 	C:\WINDOWS\System32\bcrypt.dll
0x00007ffc71180000 - 0x00007ffc711ae000 	C:\WINDOWS\SYSTEM32\USERENV.dll
0x00007ffc70fe0000 - 0x00007ffc70fec000 	C:\WINDOWS\SYSTEM32\CRYPTBASE.dll
0x00007ffc70660000 - 0x00007ffc7069b000 	C:\WINDOWS\SYSTEM32\IPHLPAPI.DLL
0x00007ffc72090000 - 0x00007ffc72098000 	C:\WINDOWS\System32\NSI.dll
0x00007ffc6b8d0000 - 0x00007ffc6b8e7000 	C:\WINDOWS\SYSTEM32\dhcpcsvc6.DLL
0x00007ffc6b8b0000 - 0x00007ffc6b8cd000 	C:\WINDOWS\SYSTEM32\dhcpcsvc.DLL
0x00007ffc706a0000 - 0x00007ffc7076c000 	C:\WINDOWS\SYSTEM32\DNSAPI.dll

dbghelp: loaded successfully - version: 4.0.5 - missing functions: none
symbol engine: initialized successfully - sym options: 0x614 - pdb path: .;C:\Program Files\Android\Android Studio\jre\bin;C:\WINDOWS\SYSTEM32;C:\WINDOWS\WinSxS\amd64_microsoft.windows.common-controls_6595b64144ccf1df_6.0.19041.1110_none_60b5254171f9507e;C:\Program Files\Android\Android Studio\jre\bin\server;C:\Users\halag\Documents\cs\year_project\Server_location_app\.gradle\native\8bec1ad78214c89d9ad589b4d07fe93259594b29d510b10fafb7a158f7737e5d\windows-amd64;C:\Users\halag\Documents\cs\year_project\Server_location_app\.gradle\native\53dbd7edfb1c66fb8903c78663c9afc45aea4f116125fa6feffd364cf09443e8\windows-amd64

VM Arguments:
jvm_args: --add-opens=java.base/java.util=ALL-UNNAMED --add-opens=java.base/java.lang=ALL-UNNAMED --add-opens=java.base/java.lang.invoke=ALL-UNNAMED --add-opens=java.base/java.util=ALL-UNNAMED --add-opens=java.prefs/java.util.prefs=ALL-UNNAMED --add-opens=java.prefs/java.util.prefs=ALL-UNNAMED --add-opens=java.base/java.nio.charset=ALL-UNNAMED --add-opens=java.base/java.net=ALL-UNNAMED --add-opens=java.base/java.util.concurrent.atomic=ALL-UNNAMED -Xmx1024M -Dfile.encoding=UTF-8 -Duser.country=GB -Duser.language=en -Duser.variant 
java_command: org.gradle.launcher.daemon.bootstrap.GradleDaemon 7.0.2
java_class_path (initial): C:\Users\halag\Documents\cs\year_project\Server_location_app\.gradle\wrapper\dists\gradle-7.0.2-bin\857tjihv64xamwrf0h14cai3r\gradle-7.0.2\lib\gradle-launcher-7.0.2.jar
Launcher Type: SUN_STANDARD

[Global flags]
     intx CICompilerCount                          = 3                                         {product} {ergonomic}
     uint ConcGCThreads                            = 1                                         {product} {ergonomic}
     uint G1ConcRefinementThreads                  = 4                                         {product} {ergonomic}
   size_t G1HeapRegionSize                         = 1048576                                   {product} {ergonomic}
    uintx GCDrainStackTargetSize                   = 64                                        {product} {ergonomic}
   size_t InitialHeapSize                          = 134217728                                 {product} {ergonomic}
   size_t MarkStackSize                            = 4194304                                   {product} {ergonomic}
   size_t MaxHeapSize                              = 1073741824                                {product} {command line}
   size_t MaxNewSize                               = 643825664                                 {product} {ergonomic}
   size_t MinHeapDeltaBytes                        = 1048576                                   {product} {ergonomic}
    uintx NonNMethodCodeHeapSize                   = 5830732                                {pd product} {ergonomic}
    uintx NonProfiledCodeHeapSize                  = 122913754                              {pd product} {ergonomic}
    uintx ProfiledCodeHeapSize                     = 122913754                              {pd product} {ergonomic}
    uintx ReservedCodeCacheSize                    = 251658240                              {pd product} {ergonomic}
     bool SegmentedCodeCache                       = true                                      {product} {ergonomic}
     bool UseCompressedClassPointers               = true                                 {lp64_product} {ergonomic}
     bool UseCompressedOops                        = true                                 {lp64_product} {ergonomic}
     bool UseG1GC                                  = true                                      {product} {ergonomic}
     bool UseLargePagesIndividualAllocation        = false                                  {pd product} {ergonomic}

Logging:
Log output configuration:
 #0: stdout all=warning uptime,level,tags
 #1: stderr all=off uptime,level,tags

Environment Variables:
JAVA_HOME=C:\Program Files\Java\jdk-16.0.2
PATH=C:\Program Files\Common Files\Oracle\Java\javapath;C:\Program Files (x86)\Common Files\Oracle\Java\javapath;C:\WINDOWS\system32;C:\WINDOWS;C:\WINDOWS\System32\Wbem;C:\WINDOWS\System32\WindowsPowerShell\v1.0\;C:\WINDOWS\System32\OpenSSH\;C:\Program Files\Intel\WiFi\bin\;C:\Program Files\Common Files\Intel\WirelessCommon\;C:\Program Files\MATLAB\R2019b\bin;C:\Git\cmd;C:\MinGW\bin;C:\Users\halag\Documents\cs\python\PyCharm Community Edition 2020.3.4;C:\Users\halag\AppData\Roaming\Microsoft\Windows\Start Menu\Programs\Python 3.9;C:\Users\halag\AppData\Local\Programs\Python\Python39;C:\Program Files (x86)\Intel\Intel(R) Management Engine Components\DAL;C:\Program Files\Intel\Intel(R) Management Engine Components\DAL;C:\Program Files\Java\jdk-16.0.2\bin;C:\Users\halag\AppData\Local\Microsoft\WindowsApps;C:\Program Files (x86)\Dr. Memory\bin\;C:\Program Files\Intel\WiFi\bin\;C:\Program Files\Common Files\Intel\WirelessCommon\;C:\Program Files\Java\jdk-10.0.2\bin;C:\Users\halag\AppData\Local\GitHubDesktop\bin;C:\Users\halag\Documents\cs\winter2020\machine_learning\PyCharm Community Edition 2020.3\bin;;C:\Users\halag\AppData\Local\Android\Sdk\platform-tools;
USERNAME=halag
OS=Windows_NT
PROCESSOR_IDENTIFIER=Intel64 Family 6 Model 142 Stepping 9, GenuineIntel



---------------  S Y S T E M  ---------------

OS: Windows 10 , 64 bit Build 19041 (10.0.19041.1151)
OS uptime: 1 days 2:40 hours

CPU:total 4 (initial active 4) (2 cores per cpu, 2 threads per core) family 6 model 142 stepping 9 microcode 0xde, cmov, cx8, fxsr, mmx, sse, sse2, sse3, ssse3, sse4.1, sse4.2, popcnt, avx, avx2, aes, clmul, erms, 3dnowpref, lzcnt, ht, tsc, tscinvbit, bmi1, bmi2, adx, fma

Memory: 4k page, system-wide physical 8089M (1032M free)
TotalPageFile size 9329M (AvailPageFile size 0M)
current process WorkingSet (physical memory assigned to process): 354M, peak: 354M
current process commit charge ("private bytes"): 383M, peak: 391M

vm_info: OpenJDK 64-Bit Server VM (11.0.10+0-b96-7249189) for windows-amd64 JRE (11.0.10+0-b96-7249189), built on Mar 31 2021 21:44:00 by "builder" with MS VC++ 14.0 (VS2015)

END.
