#
# There is insufficient memory for the Java Runtime Environment to continue.
# Native memory allocation (malloc) failed to allocate 679616 bytes for Chunk::new
# Possible reasons:
#   The system is out of physical RAM or swap space
#   The process is running with CompressedOops enabled, and the Java Heap may be blocking the growth of the native heap
# Possible solutions:
#   Reduce memory load on the system
#   Increase physical memory or swap space
#   Check if swap backing store is full
#   Decrease Java heap size (-Xmx/-Xms)
#   Decrease number of Java threads
#   Decrease Java thread stack sizes (-Xss)
#   Set larger code cache with -XX:ReservedCodeCacheSize=
#   JVM is running with Unscaled Compressed Oops mode in which the Java heap is
#     placed in the first 4GB address space. The Java Heap base address is the
#     maximum limit for the native heap growth. Please use -XX:HeapBaseMinAddress
#     to set the Java Heap base and to place the Java Heap above 4GB virtual address.
# This output file may be truncated or incomplete.
#
#  Out of Memory Error (arena.cpp:195), pid=16760, tid=16248
#
# JRE version: Java(TM) SE Runtime Environment (16.0.2+7) (build 16.0.2+7-67)
# Java VM: Java HotSpot(TM) 64-Bit Server VM (16.0.2+7-67, mixed mode, sharing, tiered, compressed oops, compressed class ptrs, g1 gc, windows-amd64)
# No core dump will be written. Minidumps are not enabled by default on client versions of Windows
#

---------------  S U M M A R Y ------------

Command Line: --add-opens=java.base/java.util=ALL-UNNAMED --add-opens=java.base/java.lang=ALL-UNNAMED --add-opens=java.base/java.lang.invoke=ALL-UNNAMED --add-opens=java.base/java.util=ALL-UNNAMED --add-opens=java.prefs/java.util.prefs=ALL-UNNAMED --add-opens=java.prefs/java.util.prefs=ALL-UNNAMED --add-opens=java.base/java.nio.charset=ALL-UNNAMED --add-opens=java.base/java.net=ALL-UNNAMED --add-opens=java.base/java.util.concurrent.atomic=ALL-UNNAMED -Xmx1024m -Dfile.encoding=UTF-8 -Duser.country=GB -Duser.language=en -Duser.variant org.gradle.launcher.daemon.bootstrap.GradleDaemon 7.0.2

Host: Intel(R) Core(TM) i5-7200U CPU @ 2.50GHz, 4 cores, 7G,  Windows 10 , 64 bit Build 19041 (10.0.19041.1151)
Time: Mon Sep  6 21:00:58 2021 Jerusalem Summer Time elapsed time: 34.921977 seconds (0d 0h 0m 34s)

---------------  T H R E A D  ---------------

Current thread (0x0000024d79b74550):  JavaThread "C2 CompilerThread1" daemon [_thread_in_native, id=16248, stack(0x000000c02df00000,0x000000c02e000000)]


Current CompileTask:
C2:  34922 12772   !   4       org.gradle.internal.classloader.CachingClassLoader::loadClass (85 bytes)

Stack: [0x000000c02df00000,0x000000c02e000000]
Native frames: (J=compiled Java code, j=interpreted, Vv=VM code, C=native code)
V  [jvm.dll+0x6681ca]
V  [jvm.dll+0x7c9e69]
V  [jvm.dll+0x7cb61e]
V  [jvm.dll+0x7cbc73]
V  [jvm.dll+0x242c55]
V  [jvm.dll+0xadeba]
V  [jvm.dll+0xae45c]
V  [jvm.dll+0x2a4cdf]
V  [jvm.dll+0x573c29]
V  [jvm.dll+0x21e48e]
V  [jvm.dll+0x217476]
V  [jvm.dll+0x214ffc]
V  [jvm.dll+0x1a1beb]
V  [jvm.dll+0x225158]
V  [jvm.dll+0x22319c]
V  [jvm.dll+0x77fa62]
V  [jvm.dll+0x7795aa]
V  [jvm.dll+0x667066]
C  [ucrtbase.dll+0x21bb2]
C  [KERNEL32.DLL+0x17034]
C  [ntdll.dll+0x52651]


---------------  P R O C E S S  ---------------

Threads class SMR info:
_java_thread_list=0x0000024d101395d0, length=54, elements={
0x0000024d6a184a80, 0x0000024d6a25dd80, 0x0000024d76354ff0, 0x0000024d763602e0,
0x0000024d76360cf0, 0x0000024d76363710, 0x0000024d76364020, 0x0000024d76364d10,
0x0000024d76369740, 0x0000024d763e84f0, 0x0000024d7708ac80, 0x0000024d7708b1a0,
0x0000024d79740e20, 0x0000024d79398210, 0x0000024d78a23990, 0x0000024d788fd820,
0x0000024d77bf9fd0, 0x0000024d77bf9530, 0x0000024d77bfb510, 0x0000024d77bfa520,
0x0000024d77bfbfb0, 0x0000024d77bfc500, 0x0000024d7c798dd0, 0x0000024d7c79adb0,
0x0000024d7c797890, 0x0000024d7c799870, 0x0000024d7c798330, 0x0000024d7c79a860,
0x0000024d7c85b600, 0x0000024d7c85ab60, 0x0000024d7c85bb50, 0x0000024d7c85f5c0,
0x0000024d7c85cb40, 0x0000024d7c85d090, 0x0000024d7c8605b0, 0x0000024d7c85db30,
0x0000024d7c8615a0, 0x0000024d7c861af0, 0x0000024d7c860b00, 0x0000024d7c860060,
0x0000024d7c861050, 0x0000024d7c85a610, 0x0000024d7c85d5e0, 0x0000024d7c85eb20,
0x0000024d7c85f070, 0x0000024d7c799320, 0x0000024d7c799dc0, 0x0000024d7c79a310,
0x0000024d7c797de0, 0x0000024d77bfaa70, 0x0000024d77bf9a80, 0x0000024d77bfafc0,
0x0000024d79b74550, 0x0000024d77b5c900
}

Java Threads: ( => current thread )
  0x0000024d6a184a80 JavaThread "main" [_thread_blocked, id=14216, stack(0x000000c02bf00000,0x000000c02c000000)]
  0x0000024d6a25dd80 JavaThread "Reference Handler" daemon [_thread_blocked, id=14756, stack(0x000000c02c600000,0x000000c02c700000)]
  0x0000024d76354ff0 JavaThread "Finalizer" daemon [_thread_blocked, id=9956, stack(0x000000c02c700000,0x000000c02c800000)]
  0x0000024d763602e0 JavaThread "Signal Dispatcher" daemon [_thread_blocked, id=16668, stack(0x000000c02c800000,0x000000c02c900000)]
  0x0000024d76360cf0 JavaThread "Attach Listener" daemon [_thread_blocked, id=14232, stack(0x000000c02c900000,0x000000c02ca00000)]
  0x0000024d76363710 JavaThread "Service Thread" daemon [_thread_blocked, id=1332, stack(0x000000c02ca00000,0x000000c02cb00000)]
  0x0000024d76364020 JavaThread "Monitor Deflation Thread" daemon [_thread_blocked, id=16140, stack(0x000000c02cb00000,0x000000c02cc00000)]
  0x0000024d76364d10 JavaThread "C2 CompilerThread0" daemon [_thread_blocked, id=15924, stack(0x000000c02cc00000,0x000000c02cd00000)]
  0x0000024d76369740 JavaThread "C1 CompilerThread0" daemon [_thread_blocked, id=12092, stack(0x000000c02cd00000,0x000000c02ce00000)]
  0x0000024d763e84f0 JavaThread "Sweeper thread" daemon [_thread_blocked, id=5968, stack(0x000000c02ce00000,0x000000c02cf00000)]
  0x0000024d7708ac80 JavaThread "Common-Cleaner" daemon [_thread_blocked, id=14388, stack(0x000000c02cf00000,0x000000c02d000000)]
  0x0000024d7708b1a0 JavaThread "Notification Thread" daemon [_thread_blocked, id=7248, stack(0x000000c02d000000,0x000000c02d100000)]
  0x0000024d79740e20 JavaThread "Daemon health stats" [_thread_blocked, id=13556, stack(0x000000c02d600000,0x000000c02d700000)]
  0x0000024d79398210 JavaThread "Incoming local TCP Connector on port 52450" [_thread_in_native, id=11672, stack(0x000000c02d700000,0x000000c02d800000)]
  0x0000024d78a23990 JavaThread "Daemon periodic checks" [_thread_blocked, id=15416, stack(0x000000c02d800000,0x000000c02d900000)]
  0x0000024d788fd820 JavaThread "Daemon" [_thread_blocked, id=14404, stack(0x000000c02d900000,0x000000c02da00000)]
  0x0000024d77bf9fd0 JavaThread "Daemon worker" [_thread_blocked, id=15572, stack(0x000000c02dc00000,0x000000c02dd00000)]
  0x0000024d77bf9530 JavaThread "Cache worker for file hash cache (C:\Users\halag\Documents\cs\year_project\Server_location_app\.gradle\caches\7.0.2\fileHashes)" [_thread_blocked, id=13664, stack(0x000000c02e000000,0x000000c02e100000)]
  0x0000024d77bfb510 JavaThread "File lock request listener" [_thread_in_native, id=14856, stack(0x000000c02e100000,0x000000c02e200000)]
  0x0000024d77bfa520 JavaThread "Cache worker for journal cache (C:\Users\halag\Documents\cs\year_project\Server_location_app\.gradle\caches\journal-1)" [_thread_blocked, id=15580, stack(0x000000c02e200000,0x000000c02e300000)]
  0x0000024d77bfbfb0 JavaThread "File watcher server" daemon [_thread_in_native, id=11908, stack(0x000000c02e400000,0x000000c02e500000)]
  0x0000024d77bfc500 JavaThread "File watcher consumer" daemon [_thread_blocked, id=17152, stack(0x000000c02e500000,0x000000c02e600000)]
  0x0000024d7c798dd0 JavaThread "jar transforms" [_thread_blocked, id=13296, stack(0x000000c02e600000,0x000000c02e700000)]
  0x0000024d7c79adb0 JavaThread "jar transforms Thread 2" [_thread_blocked, id=1820, stack(0x000000c02e700000,0x000000c02e800000)]
  0x0000024d7c797890 JavaThread "jar transforms Thread 3" [_thread_blocked, id=11248, stack(0x000000c02e800000,0x000000c02e900000)]
  0x0000024d7c799870 JavaThread "jar transforms Thread 4" [_thread_blocked, id=9044, stack(0x000000c02e900000,0x000000c02ea00000)]
  0x0000024d7c798330 JavaThread "Cache worker for execution history cache (C:\Users\halag\Documents\cs\year_project\Server_location_app\.gradle\caches\7.0.2\executionHistory)" [_thread_blocked, id=5228, stack(0x000000c02ee00000,0x000000c02ef00000)]
  0x0000024d7c79a860 JavaThread "Cache worker for file content cache (C:\Users\halag\Documents\cs\year_project\Server_location_app\.gradle\caches\7.0.2\fileContent)" [_thread_blocked, id=9900, stack(0x000000c02ef00000,0x000000c02f000000)]
  0x0000024d7c85b600 JavaThread "Memory manager" [_thread_blocked, id=15484, stack(0x000000c02f600000,0x000000c02f700000)]
  0x0000024d7c85ab60 JavaThread "pool-3-thread-1" [_thread_blocked, id=15060, stack(0x000000c02f700000,0x000000c02f800000)]
  0x0000024d7c85bb50 JavaThread "Handler for socket connection from /127.0.0.1:52450 to /127.0.0.1:52464" [_thread_in_native, id=9984, stack(0x000000c02bc00000,0x000000c02bd00000)]
  0x0000024d7c85f5c0 JavaThread "Cancel handler" [_thread_blocked, id=8496, stack(0x000000c02d200000,0x000000c02d300000)]
  0x0000024d7c85cb40 JavaThread "Asynchronous log dispatcher for DefaultDaemonConnection: socket connection from /127.0.0.1:52450 to /127.0.0.1:52464" [_thread_blocked, id=2228, stack(0x000000c02da00000,0x000000c02db00000)]
  0x0000024d7c85d090 JavaThread "Stdin handler" [_thread_blocked, id=17072, stack(0x000000c02db00000,0x000000c02dc00000)]
  0x0000024d7c8605b0 JavaThread "Daemon client event forwarder" [_thread_blocked, id=15372, stack(0x000000c02dd00000,0x000000c02de00000)]
  0x0000024d7c85db30 JavaThread "Cache worker for file hash cache (C:\Users\halag\Documents\cs\year_project\test_app2\.gradle\7.0.2\fileHashes)" [_thread_blocked, id=11660, stack(0x000000c02de00000,0x000000c02df00000)]
  0x0000024d7c8615a0 JavaThread "Cache worker for checksums cache (C:\Users\halag\Documents\cs\year_project\test_app2\.gradle\checksums)" [_thread_blocked, id=2588, stack(0x000000c02e300000,0x000000c02e400000)]
  0x0000024d7c861af0 JavaThread "Cache worker for cache directory md-supplier (C:\Users\halag\Documents\cs\year_project\Server_location_app\.gradle\caches\7.0.2\md-supplier)" [_thread_blocked, id=8040, stack(0x000000c02ea00000,0x000000c02eb00000)]
  0x0000024d7c860b00 JavaThread "Cache worker for cache directory md-rule (C:\Users\halag\Documents\cs\year_project\Server_location_app\.gradle\caches\7.0.2\md-rule)" [_thread_blocked, id=1488, stack(0x000000c02eb00000,0x000000c02ec00000)]
  0x0000024d7c860060 JavaThread "Cache worker for dependencies-accessors (C:\Users\halag\Documents\cs\year_project\test_app2\.gradle\7.0.2\dependencies-accessors)" [_thread_blocked, id=9768, stack(0x000000c02ec00000,0x000000c02ed00000)]
  0x0000024d7c861050 JavaThread "Cache worker for Build Output Cleanup Cache (C:\Users\halag\Documents\cs\year_project\test_app2\.gradle\buildOutputCleanup)" [_thread_blocked, id=17064, stack(0x000000c02f000000,0x000000c02f100000)]
  0x0000024d7c85a610 JavaThread "Build operations" [_thread_in_vm, id=10920, stack(0x000000c02f100000,0x000000c02f200000)]
  0x0000024d7c85d5e0 JavaThread "Build operations Thread 2" [_thread_blocked, id=16028, stack(0x000000c02f200000,0x000000c02f300000)]
  0x0000024d7c85eb20 JavaThread "Build operations Thread 3" [_thread_blocked, id=17024, stack(0x000000c02f300000,0x000000c02f400000)]
  0x0000024d7c85f070 JavaThread "Build operations Thread 4" [_thread_blocked, id=13440, stack(0x000000c02f400000,0x000000c02f500000)]
  0x0000024d7c799320 JavaThread "build event listener" [_thread_blocked, id=14584, stack(0x000000c02f500000,0x000000c02f600000)]
  0x0000024d7c799dc0 JavaThread "pool-6-thread-1" [_thread_blocked, id=16728, stack(0x000000c02f800000,0x000000c02f900000)]
  0x0000024d7c79a310 JavaThread "build event listener" [_thread_blocked, id=16780, stack(0x000000c02f900000,0x000000c02fa00000)]
  0x0000024d7c797de0 JavaThread "Execution worker for ':'" [_thread_blocked, id=5052, stack(0x000000c02fa00000,0x000000c02fb00000)]
  0x0000024d77bfaa70 JavaThread "Execution worker for ':' Thread 2" [_thread_blocked, id=10928, stack(0x000000c02fb00000,0x000000c02fc00000)]
  0x0000024d77bf9a80 JavaThread "Execution worker for ':' Thread 3" [_thread_blocked, id=11348, stack(0x000000c02fc00000,0x000000c02fd00000)]
  0x0000024d77bfafc0 JavaThread "Cache worker for execution history cache (C:\Users\halag\Documents\cs\year_project\test_app2\.gradle\7.0.2\executionHistory)" [_thread_blocked, id=3860, stack(0x000000c02fd00000,0x000000c02fe00000)]
=>0x0000024d79b74550 JavaThread "C2 CompilerThread1" daemon [_thread_in_native, id=16248, stack(0x000000c02df00000,0x000000c02e000000)]
  0x0000024d77b5c900 JavaThread "WorkerExecutor Queue" [_thread_blocked, id=11816, stack(0x000000c030000000,0x000000c030100000)]

Other Threads:
  0x0000024d6a25d240 VMThread "VM Thread" [stack: 0x000000c02c500000,0x000000c02c600000] [id=5756]
  0x0000024d7708d6d0 WatcherThread [stack: 0x000000c02d100000,0x000000c02d200000] [id=12812]
  0x0000024d6a1abe30 GCTaskThread "GC Thread#0" [stack: 0x000000c02c000000,0x000000c02c100000] [id=4564]
  0x0000024d776769a0 GCTaskThread "GC Thread#1" [stack: 0x000000c02d300000,0x000000c02d400000] [id=5380]
  0x0000024d77122c50 GCTaskThread "GC Thread#2" [stack: 0x000000c02d400000,0x000000c02d500000] [id=16136]
  0x0000024d77383ae0 GCTaskThread "GC Thread#3" [stack: 0x000000c02d500000,0x000000c02d600000] [id=2236]
  0x0000024d6a1b4d80 ConcurrentGCThread "G1 Main Marker" [stack: 0x000000c02c100000,0x000000c02c200000] [id=15796]
  0x0000024d6a1b6eb0 ConcurrentGCThread "G1 Conc#0" [stack: 0x000000c02c200000,0x000000c02c300000] [id=16152]
  0x0000024d6a2333e0 ConcurrentGCThread "G1 Refine#0" [stack: 0x000000c02c300000,0x000000c02c400000] [id=12364]
  0x0000024d7a8f9bb0 ConcurrentGCThread "G1 Refine#1" [stack: 0x000000c02ed00000,0x000000c02ee00000] [id=5112]
  0x0000024d6a233d70 ConcurrentGCThread "G1 Service" [stack: 0x000000c02c400000,0x000000c02c500000] [id=10832]

Threads with active compile tasks:
C2 CompilerThread1    34965 12772   !   4       org.gradle.internal.classloader.CachingClassLoader::loadClass (85 bytes)

VM state: not at safepoint (normal execution)

VM Mutex/Monitor currently owned by a thread: None

Heap address: 0x00000000c0000000, size: 1024 MB, Compressed Oops mode: 32-bit

CDS archive(s) mapped at: [0x0000000800000000-0x0000000800bb0000-0x0000000800bb0000), size 12255232, SharedBaseAddress: 0x0000000800000000, ArchiveRelocationMode: 0.
Compressed class space mapped at: 0x0000000800c00000-0x0000000840c00000, reserved size: 1073741824
Narrow klass base: 0x0000000800000000, Narrow klass shift: 3, Narrow klass range: 0x100000000

GC Precious Log:
 CPUs: 4 total, 4 available
 Memory: 8089M
 Large Page Support: Disabled
 NUMA Support: Disabled
 Compressed Oops: Enabled (32-bit)
 Heap Region Size: 1M
 Heap Min Capacity: 8M
 Heap Initial Capacity: 128M
 Heap Max Capacity: 1G
 Pre-touch: Disabled
 Parallel Workers: 4
 Concurrent Workers: 1
 Concurrent Refinement Workers: 4
 Periodic GC: Disabled

Heap:
 garbage-first heap   total 193536K, used 115072K [0x00000000c0000000, 0x0000000100000000)
  region size 1024K, 9 young (9216K), 7 survivors (7168K)
 Metaspace       used 96464K, committed 97344K, reserved 1138688K
  class space    used 12561K, committed 12992K, reserved 1048576K

Heap Regions: E=young(eden), S=young(survivor), O=old, HS=humongous(starts), HC=humongous(continues), CS=collection set, F=free, OA=open archive, CA=closed archive, TAMS=top-at-mark-start (previous, next)
|   0|0x00000000c0000000, 0x00000000c0100000, 0x00000000c0100000|100%|HS|  |TAMS 0x00000000c0100000, 0x00000000c0100000| Complete 
|   1|0x00000000c0100000, 0x00000000c0200000, 0x00000000c0200000|100%|HC|  |TAMS 0x00000000c0200000, 0x00000000c0200000| Complete 
|   2|0x00000000c0200000, 0x00000000c0300000, 0x00000000c0300000|100%|HC|  |TAMS 0x00000000c0300000, 0x00000000c0300000| Complete 
|   3|0x00000000c0300000, 0x00000000c0400000, 0x00000000c0400000|100%| O|  |TAMS 0x00000000c0400000, 0x00000000c0400000| Untracked 
|   4|0x00000000c0400000, 0x00000000c0500000, 0x00000000c0500000|100%| O|  |TAMS 0x00000000c0500000, 0x00000000c0500000| Untracked 
|   5|0x00000000c0500000, 0x00000000c0600000, 0x00000000c0600000|100%| O|  |TAMS 0x00000000c0600000, 0x00000000c0600000| Untracked 
|   6|0x00000000c0600000, 0x00000000c0700000, 0x00000000c0700000|100%| O|  |TAMS 0x00000000c0700000, 0x00000000c0700000| Untracked 
|   7|0x00000000c0700000, 0x00000000c0800000, 0x00000000c0800000|100%| O|  |TAMS 0x00000000c0800000, 0x00000000c0800000| Untracked 
|   8|0x00000000c0800000, 0x00000000c0900000, 0x00000000c0900000|100%| O|  |TAMS 0x00000000c0900000, 0x00000000c0900000| Untracked 
|   9|0x00000000c0900000, 0x00000000c0a00000, 0x00000000c0a00000|100%| O|  |TAMS 0x00000000c0a00000, 0x00000000c0a00000| Untracked 
|  10|0x00000000c0a00000, 0x00000000c0b00000, 0x00000000c0b00000|100%|HS|  |TAMS 0x00000000c0b00000, 0x00000000c0b00000| Complete 
|  11|0x00000000c0b00000, 0x00000000c0c00000, 0x00000000c0c00000|100%|HC|  |TAMS 0x00000000c0c00000, 0x00000000c0c00000| Complete 
|  12|0x00000000c0c00000, 0x00000000c0d00000, 0x00000000c0d00000|100%|HS|  |TAMS 0x00000000c0d00000, 0x00000000c0d00000| Complete 
|  13|0x00000000c0d00000, 0x00000000c0e00000, 0x00000000c0e00000|100%|HC|  |TAMS 0x00000000c0e00000, 0x00000000c0e00000| Complete 
|  14|0x00000000c0e00000, 0x00000000c0f00000, 0x00000000c0f00000|100%|HC|  |TAMS 0x00000000c0f00000, 0x00000000c0f00000| Complete 
|  15|0x00000000c0f00000, 0x00000000c1000000, 0x00000000c1000000|100%|HS|  |TAMS 0x00000000c1000000, 0x00000000c1000000| Complete 
|  16|0x00000000c1000000, 0x00000000c1100000, 0x00000000c1100000|100%|HC|  |TAMS 0x00000000c1100000, 0x00000000c1100000| Complete 
|  17|0x00000000c1100000, 0x00000000c1200000, 0x00000000c1200000|100%|HC|  |TAMS 0x00000000c1200000, 0x00000000c1200000| Complete 
|  18|0x00000000c1200000, 0x00000000c1300000, 0x00000000c1300000|100%|HC|  |TAMS 0x00000000c1300000, 0x00000000c1300000| Complete 
|  19|0x00000000c1300000, 0x00000000c1400000, 0x00000000c1400000|100%|HC|  |TAMS 0x00000000c1400000, 0x00000000c1400000| Complete 
|  20|0x00000000c1400000, 0x00000000c1500000, 0x00000000c1500000|100%| O|  |TAMS 0x00000000c1500000, 0x00000000c1500000| Untracked 
|  21|0x00000000c1500000, 0x00000000c1600000, 0x00000000c1600000|100%| O|  |TAMS 0x00000000c1600000, 0x00000000c1600000| Untracked 
|  22|0x00000000c1600000, 0x00000000c1700000, 0x00000000c1700000|100%| O|  |TAMS 0x00000000c1700000, 0x00000000c1700000| Untracked 
|  23|0x00000000c1700000, 0x00000000c1800000, 0x00000000c1800000|100%| O|  |TAMS 0x00000000c1800000, 0x00000000c1800000| Untracked 
|  24|0x00000000c1800000, 0x00000000c1900000, 0x00000000c1900000|100%| O|  |TAMS 0x00000000c1900000, 0x00000000c1900000| Untracked 
|  25|0x00000000c1900000, 0x00000000c1a00000, 0x00000000c1a00000|100%| O|  |TAMS 0x00000000c1a00000, 0x00000000c1a00000| Untracked 
|  26|0x00000000c1a00000, 0x00000000c1b00000, 0x00000000c1b00000|100%| O|  |TAMS 0x00000000c1b00000, 0x00000000c1b00000| Untracked 
|  27|0x00000000c1b00000, 0x00000000c1beee00, 0x00000000c1c00000| 93%| O|  |TAMS 0x00000000c1beee00, 0x00000000c1beee00| Untracked 
|  28|0x00000000c1c00000, 0x00000000c1d00000, 0x00000000c1d00000|100%|HS|  |TAMS 0x00000000c1d00000, 0x00000000c1d00000| Complete 
|  29|0x00000000c1d00000, 0x00000000c1e00000, 0x00000000c1e00000|100%|HC|  |TAMS 0x00000000c1e00000, 0x00000000c1e00000| Complete 
|  30|0x00000000c1e00000, 0x00000000c1f00000, 0x00000000c1f00000|100%|HC|  |TAMS 0x00000000c1f00000, 0x00000000c1f00000| Complete 
|  31|0x00000000c1f00000, 0x00000000c2000000, 0x00000000c2000000|100%| O|  |TAMS 0x00000000c2000000, 0x00000000c2000000| Untracked 
|  32|0x00000000c2000000, 0x00000000c2100000, 0x00000000c2100000|100%| O|  |TAMS 0x00000000c2100000, 0x00000000c2100000| Untracked 
|  33|0x00000000c2100000, 0x00000000c2200000, 0x00000000c2200000|100%|HS|  |TAMS 0x00000000c2200000, 0x00000000c2200000| Complete 
|  34|0x00000000c2200000, 0x00000000c2300000, 0x00000000c2300000|100%|HC|  |TAMS 0x00000000c2300000, 0x00000000c2300000| Complete 
|  35|0x00000000c2300000, 0x00000000c2400000, 0x00000000c2400000|100%|HC|  |TAMS 0x00000000c2400000, 0x00000000c2400000| Complete 
|  36|0x00000000c2400000, 0x00000000c2500000, 0x00000000c2500000|100%|HC|  |TAMS 0x00000000c2500000, 0x00000000c2500000| Complete 
|  37|0x00000000c2500000, 0x00000000c2600000, 0x00000000c2600000|100%|HC|  |TAMS 0x00000000c2600000, 0x00000000c2600000| Complete 
|  38|0x00000000c2600000, 0x00000000c2700000, 0x00000000c2700000|100%| O|  |TAMS 0x00000000c2700000, 0x00000000c2700000| Untracked 
|  39|0x00000000c2700000, 0x00000000c2800000, 0x00000000c2800000|100%| O|  |TAMS 0x00000000c2800000, 0x00000000c2800000| Untracked 
|  40|0x00000000c2800000, 0x00000000c2900000, 0x00000000c2900000|100%| O|  |TAMS 0x00000000c2900000, 0x00000000c2900000| Untracked 
|  41|0x00000000c2900000, 0x00000000c2a00000, 0x00000000c2a00000|100%| O|  |TAMS 0x00000000c2a00000, 0x00000000c2a00000| Untracked 
|  42|0x00000000c2a00000, 0x00000000c2b00000, 0x00000000c2b00000|100%| O|  |TAMS 0x00000000c2b00000, 0x00000000c2b00000| Untracked 
|  43|0x00000000c2b00000, 0x00000000c2c00000, 0x00000000c2c00000|100%| O|  |TAMS 0x00000000c2c00000, 0x00000000c2c00000| Untracked 
|  44|0x00000000c2c00000, 0x00000000c2d00000, 0x00000000c2d00000|100%| O|  |TAMS 0x00000000c2d00000, 0x00000000c2d00000| Untracked 
|  45|0x00000000c2d00000, 0x00000000c2e00000, 0x00000000c2e00000|100%| O|  |TAMS 0x00000000c2e00000, 0x00000000c2e00000| Untracked 
|  46|0x00000000c2e00000, 0x00000000c2f00000, 0x00000000c2f00000|100%|HS|  |TAMS 0x00000000c2f00000, 0x00000000c2f00000| Complete 
|  47|0x00000000c2f00000, 0x00000000c3000000, 0x00000000c3000000|100%|HS|  |TAMS 0x00000000c3000000, 0x00000000c3000000| Complete 
|  48|0x00000000c3000000, 0x00000000c3100000, 0x00000000c3100000|100%| O|  |TAMS 0x00000000c3100000, 0x00000000c3100000| Untracked 
|  49|0x00000000c3100000, 0x00000000c3200000, 0x00000000c3200000|100%| O|  |TAMS 0x00000000c3200000, 0x00000000c3200000| Untracked 
|  50|0x00000000c3200000, 0x00000000c3300000, 0x00000000c3300000|100%| O|  |TAMS 0x00000000c3300000, 0x00000000c3300000| Untracked 
|  51|0x00000000c3300000, 0x00000000c3400000, 0x00000000c3400000|100%| O|  |TAMS 0x00000000c3400000, 0x00000000c3400000| Untracked 
|  52|0x00000000c3400000, 0x00000000c3500000, 0x00000000c3500000|100%| O|  |TAMS 0x00000000c3500000, 0x00000000c3500000| Untracked 
|  53|0x00000000c3500000, 0x00000000c3600000, 0x00000000c3600000|100%| O|  |TAMS 0x00000000c3600000, 0x00000000c3600000| Untracked 
|  54|0x00000000c3600000, 0x00000000c3700000, 0x00000000c3700000|100%| O|  |TAMS 0x00000000c3700000, 0x00000000c3700000| Untracked 
|  55|0x00000000c3700000, 0x00000000c3800000, 0x00000000c3800000|100%| O|  |TAMS 0x00000000c3800000, 0x00000000c3800000| Untracked 
|  56|0x00000000c3800000, 0x00000000c3900000, 0x00000000c3900000|100%| O|  |TAMS 0x00000000c3900000, 0x00000000c3900000| Untracked 
|  57|0x00000000c3900000, 0x00000000c3a00000, 0x00000000c3a00000|100%|HS|  |TAMS 0x00000000c3a00000, 0x00000000c3a00000| Complete 
|  58|0x00000000c3a00000, 0x00000000c3b00000, 0x00000000c3b00000|100%|HC|  |TAMS 0x00000000c3b00000, 0x00000000c3b00000| Complete 
|  59|0x00000000c3b00000, 0x00000000c3c00000, 0x00000000c3c00000|100%| O|  |TAMS 0x00000000c3c00000, 0x00000000c3c00000| Untracked 
|  60|0x00000000c3c00000, 0x00000000c3d00000, 0x00000000c3d00000|100%| O|  |TAMS 0x00000000c3d00000, 0x00000000c3d00000| Untracked 
|  61|0x00000000c3d00000, 0x00000000c3e00000, 0x00000000c3e00000|100%| O|  |TAMS 0x00000000c3e00000, 0x00000000c3e00000| Untracked 
|  62|0x00000000c3e00000, 0x00000000c3f00000, 0x00000000c3f00000|100%| O|  |TAMS 0x00000000c3f00000, 0x00000000c3f00000| Untracked 
|  63|0x00000000c3f00000, 0x00000000c4000000, 0x00000000c4000000|100%| O|  |TAMS 0x00000000c4000000, 0x00000000c4000000| Untracked 
|  64|0x00000000c4000000, 0x00000000c4100000, 0x00000000c4100000|100%| O|  |TAMS 0x00000000c4100000, 0x00000000c4100000| Untracked 
|  65|0x00000000c4100000, 0x00000000c4200000, 0x00000000c4200000|100%| O|  |TAMS 0x00000000c4200000, 0x00000000c4200000| Untracked 
|  66|0x00000000c4200000, 0x00000000c4300000, 0x00000000c4300000|100%| O|  |TAMS 0x00000000c4300000, 0x00000000c4300000| Untracked 
|  67|0x00000000c4300000, 0x00000000c4400000, 0x00000000c4400000|100%| O|  |TAMS 0x00000000c4400000, 0x00000000c4400000| Untracked 
|  68|0x00000000c4400000, 0x00000000c4500000, 0x00000000c4500000|100%| O|  |TAMS 0x00000000c4500000, 0x00000000c4500000| Untracked 
|  69|0x00000000c4500000, 0x00000000c4600000, 0x00000000c4600000|100%| O|  |TAMS 0x00000000c4600000, 0x00000000c4600000| Untracked 
|  70|0x00000000c4600000, 0x00000000c4700000, 0x00000000c4700000|100%| O|  |TAMS 0x00000000c4700000, 0x00000000c4700000| Untracked 
|  71|0x00000000c4700000, 0x00000000c4800000, 0x00000000c4800000|100%| O|  |TAMS 0x00000000c4800000, 0x00000000c4800000| Untracked 
|  72|0x00000000c4800000, 0x00000000c4900000, 0x00000000c4900000|100%| O|  |TAMS 0x00000000c4900000, 0x00000000c4900000| Untracked 
|  73|0x00000000c4900000, 0x00000000c4a00000, 0x00000000c4a00000|100%| O|  |TAMS 0x00000000c4a00000, 0x00000000c4a00000| Untracked 
|  74|0x00000000c4a00000, 0x00000000c4b00000, 0x00000000c4b00000|100%| O|  |TAMS 0x00000000c4b00000, 0x00000000c4b00000| Untracked 
|  75|0x00000000c4b00000, 0x00000000c4c00000, 0x00000000c4c00000|100%| O|  |TAMS 0x00000000c4c00000, 0x00000000c4c00000| Untracked 
|  76|0x00000000c4c00000, 0x00000000c4d00000, 0x00000000c4d00000|100%| O|  |TAMS 0x00000000c4d00000, 0x00000000c4d00000| Untracked 
|  77|0x00000000c4d00000, 0x00000000c4e00000, 0x00000000c4e00000|100%| O|  |TAMS 0x00000000c4e00000, 0x00000000c4e00000| Untracked 
|  78|0x00000000c4e00000, 0x00000000c4f00000, 0x00000000c4f00000|100%| O|  |TAMS 0x00000000c4f00000, 0x00000000c4f00000| Untracked 
|  79|0x00000000c4f00000, 0x00000000c5000000, 0x00000000c5000000|100%| O|  |TAMS 0x00000000c5000000, 0x00000000c5000000| Untracked 
|  80|0x00000000c5000000, 0x00000000c5100000, 0x00000000c5100000|100%| O|  |TAMS 0x00000000c5100000, 0x00000000c5100000| Untracked 
|  81|0x00000000c5100000, 0x00000000c5200000, 0x00000000c5200000|100%| O|  |TAMS 0x00000000c5200000, 0x00000000c5200000| Untracked 
|  82|0x00000000c5200000, 0x00000000c5300000, 0x00000000c5300000|100%| O|  |TAMS 0x00000000c5300000, 0x00000000c5300000| Untracked 
|  83|0x00000000c5300000, 0x00000000c5400000, 0x00000000c5400000|100%| O|  |TAMS 0x00000000c5400000, 0x00000000c5400000| Untracked 
|  84|0x00000000c5400000, 0x00000000c5500000, 0x00000000c5500000|100%| O|  |TAMS 0x00000000c5500000, 0x00000000c5500000| Untracked 
|  85|0x00000000c5500000, 0x00000000c5600000, 0x00000000c5600000|100%| O|  |TAMS 0x00000000c5600000, 0x00000000c5600000| Untracked 
|  86|0x00000000c5600000, 0x00000000c5700000, 0x00000000c5700000|100%| O|  |TAMS 0x00000000c5700000, 0x00000000c5700000| Untracked 
|  87|0x00000000c5700000, 0x00000000c5800000, 0x00000000c5800000|100%| O|  |TAMS 0x00000000c5800000, 0x00000000c5800000| Untracked 
|  88|0x00000000c5800000, 0x00000000c5900000, 0x00000000c5900000|100%| O|  |TAMS 0x00000000c5900000, 0x00000000c5900000| Untracked 
|  89|0x00000000c5900000, 0x00000000c5a00000, 0x00000000c5a00000|100%| O|  |TAMS 0x00000000c5a00000, 0x00000000c5a00000| Untracked 
|  90|0x00000000c5a00000, 0x00000000c5b00000, 0x00000000c5b00000|100%| O|  |TAMS 0x00000000c5b00000, 0x00000000c5b00000| Untracked 
|  91|0x00000000c5b00000, 0x00000000c5c00000, 0x00000000c5c00000|100%| O|  |TAMS 0x00000000c5c00000, 0x00000000c5c00000| Untracked 
|  92|0x00000000c5c00000, 0x00000000c5d00000, 0x00000000c5d00000|100%| O|  |TAMS 0x00000000c5d00000, 0x00000000c5d00000| Untracked 
|  93|0x00000000c5d00000, 0x00000000c5e00000, 0x00000000c5e00000|100%| O|  |TAMS 0x00000000c5e00000, 0x00000000c5e00000| Untracked 
|  94|0x00000000c5e00000, 0x00000000c5f00000, 0x00000000c5f00000|100%| O|  |TAMS 0x00000000c5eaf800, 0x00000000c5f00000| Untracked 
|  95|0x00000000c5f00000, 0x00000000c6000000, 0x00000000c6000000|100%| O|  |TAMS 0x00000000c5f00000, 0x00000000c6000000| Untracked 
|  96|0x00000000c6000000, 0x00000000c6100000, 0x00000000c6100000|100%| O|  |TAMS 0x00000000c6000000, 0x00000000c6100000| Untracked 
|  97|0x00000000c6100000, 0x00000000c6200000, 0x00000000c6200000|100%| O|  |TAMS 0x00000000c6100000, 0x00000000c6200000| Untracked 
|  98|0x00000000c6200000, 0x00000000c6300000, 0x00000000c6300000|100%| O|  |TAMS 0x00000000c6200000, 0x00000000c6300000| Untracked 
|  99|0x00000000c6300000, 0x00000000c6400000, 0x00000000c6400000|100%| O|  |TAMS 0x00000000c6300000, 0x00000000c6400000| Untracked 
| 100|0x00000000c6400000, 0x00000000c6500000, 0x00000000c6500000|100%| O|  |TAMS 0x00000000c6400000, 0x00000000c6500000| Untracked 
| 101|0x00000000c6500000, 0x00000000c6600000, 0x00000000c6600000|100%| O|  |TAMS 0x00000000c6500000, 0x00000000c6600000| Untracked 
| 102|0x00000000c6600000, 0x00000000c6700000, 0x00000000c6700000|100%| O|  |TAMS 0x00000000c6600000, 0x00000000c6700000| Untracked 
| 103|0x00000000c6700000, 0x00000000c6800000, 0x00000000c6800000|100%| O|  |TAMS 0x00000000c6700000, 0x00000000c6800000| Untracked 
| 104|0x00000000c6800000, 0x00000000c6871200, 0x00000000c6900000| 44%| O|  |TAMS 0x00000000c6800000, 0x00000000c6871200| Untracked 
| 105|0x00000000c6900000, 0x00000000c6900000, 0x00000000c6a00000|  0%| F|  |TAMS 0x00000000c6900000, 0x00000000c6900000| Untracked 
| 106|0x00000000c6a00000, 0x00000000c6a00000, 0x00000000c6b00000|  0%| F|  |TAMS 0x00000000c6a00000, 0x00000000c6a00000| Untracked 
| 107|0x00000000c6b00000, 0x00000000c6b00000, 0x00000000c6c00000|  0%| F|  |TAMS 0x00000000c6b00000, 0x00000000c6b00000| Untracked 
| 108|0x00000000c6c00000, 0x00000000c6c00000, 0x00000000c6d00000|  0%| F|  |TAMS 0x00000000c6c00000, 0x00000000c6c00000| Untracked 
| 109|0x00000000c6d00000, 0x00000000c6d00000, 0x00000000c6e00000|  0%| F|  |TAMS 0x00000000c6d00000, 0x00000000c6d00000| Untracked 
| 110|0x00000000c6e00000, 0x00000000c6e00000, 0x00000000c6f00000|  0%| F|  |TAMS 0x00000000c6e00000, 0x00000000c6e00000| Untracked 
| 111|0x00000000c6f00000, 0x00000000c6f00000, 0x00000000c7000000|  0%| F|  |TAMS 0x00000000c6f00000, 0x00000000c6f00000| Untracked 
| 112|0x00000000c7000000, 0x00000000c7000000, 0x00000000c7100000|  0%| F|  |TAMS 0x00000000c7000000, 0x00000000c7000000| Untracked 
| 113|0x00000000c7100000, 0x00000000c7100000, 0x00000000c7200000|  0%| F|  |TAMS 0x00000000c7100000, 0x00000000c7100000| Untracked 
| 114|0x00000000c7200000, 0x00000000c7200000, 0x00000000c7300000|  0%| F|  |TAMS 0x00000000c7200000, 0x00000000c7200000| Untracked 
| 115|0x00000000c7300000, 0x00000000c7300000, 0x00000000c7400000|  0%| F|  |TAMS 0x00000000c7300000, 0x00000000c7300000| Untracked 
| 116|0x00000000c7400000, 0x00000000c7400000, 0x00000000c7500000|  0%| F|  |TAMS 0x00000000c7400000, 0x00000000c7400000| Untracked 
| 117|0x00000000c7500000, 0x00000000c7500000, 0x00000000c7600000|  0%| F|  |TAMS 0x00000000c7500000, 0x00000000c7500000| Untracked 
| 118|0x00000000c7600000, 0x00000000c7600000, 0x00000000c7700000|  0%| F|  |TAMS 0x00000000c7600000, 0x00000000c7600000| Untracked 
| 119|0x00000000c7700000, 0x00000000c7700000, 0x00000000c7800000|  0%| F|  |TAMS 0x00000000c7700000, 0x00000000c7700000| Untracked 
| 120|0x00000000c7800000, 0x00000000c7800000, 0x00000000c7900000|  0%| F|  |TAMS 0x00000000c7800000, 0x00000000c7800000| Untracked 
| 121|0x00000000c7900000, 0x00000000c7900000, 0x00000000c7a00000|  0%| F|  |TAMS 0x00000000c7900000, 0x00000000c7900000| Untracked 
| 122|0x00000000c7a00000, 0x00000000c7a00000, 0x00000000c7b00000|  0%| F|  |TAMS 0x00000000c7a00000, 0x00000000c7a00000| Untracked 
| 123|0x00000000c7b00000, 0x00000000c7b00000, 0x00000000c7c00000|  0%| F|  |TAMS 0x00000000c7b00000, 0x00000000c7b00000| Untracked 
| 124|0x00000000c7c00000, 0x00000000c7c00000, 0x00000000c7d00000|  0%| F|  |TAMS 0x00000000c7c00000, 0x00000000c7c00000| Untracked 
| 125|0x00000000c7d00000, 0x00000000c7d00000, 0x00000000c7e00000|  0%| F|  |TAMS 0x00000000c7d00000, 0x00000000c7d00000| Untracked 
| 126|0x00000000c7e00000, 0x00000000c7e00000, 0x00000000c7f00000|  0%| F|  |TAMS 0x00000000c7e00000, 0x00000000c7e00000| Untracked 
| 127|0x00000000c7f00000, 0x00000000c7f00000, 0x00000000c8000000|  0%| F|  |TAMS 0x00000000c7f00000, 0x00000000c7f00000| Untracked 
| 128|0x00000000c8000000, 0x00000000c8000000, 0x00000000c8100000|  0%| F|  |TAMS 0x00000000c8000000, 0x00000000c8000000| Untracked 
| 129|0x00000000c8100000, 0x00000000c8200000, 0x00000000c8200000|100%| S|CS|TAMS 0x00000000c8100000, 0x00000000c8100000| Complete 
| 130|0x00000000c8200000, 0x00000000c8300000, 0x00000000c8300000|100%| S|CS|TAMS 0x00000000c8200000, 0x00000000c8200000| Complete 
| 131|0x00000000c8300000, 0x00000000c8400000, 0x00000000c8400000|100%| S|CS|TAMS 0x00000000c8300000, 0x00000000c8300000| Complete 
| 132|0x00000000c8400000, 0x00000000c8500000, 0x00000000c8500000|100%| S|CS|TAMS 0x00000000c8400000, 0x00000000c8400000| Complete 
| 133|0x00000000c8500000, 0x00000000c8600000, 0x00000000c8600000|100%| S|CS|TAMS 0x00000000c8500000, 0x00000000c8500000| Complete 
| 134|0x00000000c8600000, 0x00000000c8700000, 0x00000000c8700000|100%| S|CS|TAMS 0x00000000c8600000, 0x00000000c8600000| Complete 
| 135|0x00000000c8700000, 0x00000000c8800000, 0x00000000c8800000|100%| S|CS|TAMS 0x00000000c8700000, 0x00000000c8700000| Complete 
| 136|0x00000000c8800000, 0x00000000c8800000, 0x00000000c8900000|  0%| F|  |TAMS 0x00000000c8800000, 0x00000000c8800000| Untracked 
| 137|0x00000000c8900000, 0x00000000c8900000, 0x00000000c8a00000|  0%| F|  |TAMS 0x00000000c8900000, 0x00000000c8900000| Untracked 
| 138|0x00000000c8a00000, 0x00000000c8a00000, 0x00000000c8b00000|  0%| F|  |TAMS 0x00000000c8a00000, 0x00000000c8a00000| Untracked 
| 139|0x00000000c8b00000, 0x00000000c8b00000, 0x00000000c8c00000|  0%| F|  |TAMS 0x00000000c8b00000, 0x00000000c8b00000| Untracked 
| 140|0x00000000c8c00000, 0x00000000c8c00000, 0x00000000c8d00000|  0%| F|  |TAMS 0x00000000c8c00000, 0x00000000c8c00000| Untracked 
| 141|0x00000000c8d00000, 0x00000000c8d00000, 0x00000000c8e00000|  0%| F|  |TAMS 0x00000000c8d00000, 0x00000000c8d00000| Untracked 
| 142|0x00000000c8e00000, 0x00000000c8e00000, 0x00000000c8f00000|  0%| F|  |TAMS 0x00000000c8e00000, 0x00000000c8e00000| Untracked 
| 143|0x00000000c8f00000, 0x00000000c8f00000, 0x00000000c9000000|  0%| F|  |TAMS 0x00000000c8f00000, 0x00000000c8f00000| Untracked 
| 144|0x00000000c9000000, 0x00000000c9000000, 0x00000000c9100000|  0%| F|  |TAMS 0x00000000c9000000, 0x00000000c9000000| Untracked 
| 145|0x00000000c9100000, 0x00000000c9100000, 0x00000000c9200000|  0%| F|  |TAMS 0x00000000c9100000, 0x00000000c9100000| Untracked 
| 146|0x00000000c9200000, 0x00000000c9200000, 0x00000000c9300000|  0%| F|  |TAMS 0x00000000c9200000, 0x00000000c9200000| Untracked 
| 147|0x00000000c9300000, 0x00000000c9300000, 0x00000000c9400000|  0%| F|  |TAMS 0x00000000c9300000, 0x00000000c9300000| Untracked 
| 148|0x00000000c9400000, 0x00000000c9400000, 0x00000000c9500000|  0%| F|  |TAMS 0x00000000c9400000, 0x00000000c9400000| Untracked 
| 149|0x00000000c9500000, 0x00000000c9500000, 0x00000000c9600000|  0%| F|  |TAMS 0x00000000c9500000, 0x00000000c9500000| Untracked 
| 150|0x00000000c9600000, 0x00000000c9600000, 0x00000000c9700000|  0%| F|  |TAMS 0x00000000c9600000, 0x00000000c9600000| Untracked 
| 151|0x00000000c9700000, 0x00000000c9700000, 0x00000000c9800000|  0%| F|  |TAMS 0x00000000c9700000, 0x00000000c9700000| Untracked 
| 152|0x00000000c9800000, 0x00000000c9800000, 0x00000000c9900000|  0%| F|  |TAMS 0x00000000c9800000, 0x00000000c9800000| Untracked 
| 153|0x00000000c9900000, 0x00000000c9900000, 0x00000000c9a00000|  0%| F|  |TAMS 0x00000000c9900000, 0x00000000c9900000| Untracked 
| 154|0x00000000c9a00000, 0x00000000c9a00000, 0x00000000c9b00000|  0%| F|  |TAMS 0x00000000c9a00000, 0x00000000c9a00000| Untracked 
| 155|0x00000000c9b00000, 0x00000000c9b00000, 0x00000000c9c00000|  0%| F|  |TAMS 0x00000000c9b00000, 0x00000000c9b00000| Untracked 
| 156|0x00000000c9c00000, 0x00000000c9c00000, 0x00000000c9d00000|  0%| F|  |TAMS 0x00000000c9c00000, 0x00000000c9c00000| Untracked 
| 157|0x00000000c9d00000, 0x00000000c9d00000, 0x00000000c9e00000|  0%| F|  |TAMS 0x00000000c9d00000, 0x00000000c9d00000| Untracked 
| 158|0x00000000c9e00000, 0x00000000c9e00000, 0x00000000c9f00000|  0%| F|  |TAMS 0x00000000c9e00000, 0x00000000c9e00000| Untracked 
| 159|0x00000000c9f00000, 0x00000000c9f00000, 0x00000000ca000000|  0%| F|  |TAMS 0x00000000c9f00000, 0x00000000c9f00000| Untracked 
| 160|0x00000000ca000000, 0x00000000ca000000, 0x00000000ca100000|  0%| F|  |TAMS 0x00000000ca000000, 0x00000000ca000000| Untracked 
| 161|0x00000000ca100000, 0x00000000ca100000, 0x00000000ca200000|  0%| F|  |TAMS 0x00000000ca100000, 0x00000000ca100000| Untracked 
| 162|0x00000000ca200000, 0x00000000ca200000, 0x00000000ca300000|  0%| F|  |TAMS 0x00000000ca200000, 0x00000000ca200000| Untracked 
| 163|0x00000000ca300000, 0x00000000ca300000, 0x00000000ca400000|  0%| F|  |TAMS 0x00000000ca300000, 0x00000000ca300000| Untracked 
| 164|0x00000000ca400000, 0x00000000ca400000, 0x00000000ca500000|  0%| F|  |TAMS 0x00000000ca400000, 0x00000000ca400000| Untracked 
| 165|0x00000000ca500000, 0x00000000ca500000, 0x00000000ca600000|  0%| F|  |TAMS 0x00000000ca500000, 0x00000000ca500000| Untracked 
| 166|0x00000000ca600000, 0x00000000ca600000, 0x00000000ca700000|  0%| F|  |TAMS 0x00000000ca600000, 0x00000000ca600000| Untracked 
| 167|0x00000000ca700000, 0x00000000ca700000, 0x00000000ca800000|  0%| F|  |TAMS 0x00000000ca700000, 0x00000000ca700000| Untracked 
| 168|0x00000000ca800000, 0x00000000ca800000, 0x00000000ca900000|  0%| F|  |TAMS 0x00000000ca800000, 0x00000000ca800000| Untracked 
| 169|0x00000000ca900000, 0x00000000ca900000, 0x00000000caa00000|  0%| F|  |TAMS 0x00000000ca900000, 0x00000000ca900000| Untracked 
| 170|0x00000000caa00000, 0x00000000caa00000, 0x00000000cab00000|  0%| F|  |TAMS 0x00000000caa00000, 0x00000000caa00000| Untracked 
| 171|0x00000000cab00000, 0x00000000cab00000, 0x00000000cac00000|  0%| F|  |TAMS 0x00000000cab00000, 0x00000000cab00000| Untracked 
| 172|0x00000000cac00000, 0x00000000cac00000, 0x00000000cad00000|  0%| F|  |TAMS 0x00000000cac00000, 0x00000000cac00000| Untracked 
| 173|0x00000000cad00000, 0x00000000cad00000, 0x00000000cae00000|  0%| F|  |TAMS 0x00000000cad00000, 0x00000000cad00000| Untracked 
| 174|0x00000000cae00000, 0x00000000cae00000, 0x00000000caf00000|  0%| F|  |TAMS 0x00000000cae00000, 0x00000000cae00000| Untracked 
| 175|0x00000000caf00000, 0x00000000caf00000, 0x00000000cb000000|  0%| F|  |TAMS 0x00000000caf00000, 0x00000000caf00000| Untracked 
| 176|0x00000000cb000000, 0x00000000cb000000, 0x00000000cb100000|  0%| F|  |TAMS 0x00000000cb000000, 0x00000000cb000000| Untracked 
| 177|0x00000000cb100000, 0x00000000cb100000, 0x00000000cb200000|  0%| F|  |TAMS 0x00000000cb100000, 0x00000000cb100000| Untracked 
| 178|0x00000000cb200000, 0x00000000cb200000, 0x00000000cb300000|  0%| F|  |TAMS 0x00000000cb200000, 0x00000000cb200000| Untracked 
| 179|0x00000000cb300000, 0x00000000cb300000, 0x00000000cb400000|  0%| F|  |TAMS 0x00000000cb300000, 0x00000000cb300000| Untracked 
| 180|0x00000000cb400000, 0x00000000cb400000, 0x00000000cb500000|  0%| F|  |TAMS 0x00000000cb400000, 0x00000000cb400000| Untracked 
| 181|0x00000000cb500000, 0x00000000cb500000, 0x00000000cb600000|  0%| F|  |TAMS 0x00000000cb500000, 0x00000000cb500000| Untracked 
| 182|0x00000000cb600000, 0x00000000cb600000, 0x00000000cb700000|  0%| F|  |TAMS 0x00000000cb600000, 0x00000000cb600000| Untracked 
| 183|0x00000000cb700000, 0x00000000cb700000, 0x00000000cb800000|  0%| F|  |TAMS 0x00000000cb700000, 0x00000000cb700000| Untracked 
| 184|0x00000000cb800000, 0x00000000cb800000, 0x00000000cb900000|  0%| F|  |TAMS 0x00000000cb800000, 0x00000000cb800000| Untracked 
| 185|0x00000000cb900000, 0x00000000cb900000, 0x00000000cba00000|  0%| F|  |TAMS 0x00000000cb900000, 0x00000000cb900000| Untracked 
| 186|0x00000000cba00000, 0x00000000cba00000, 0x00000000cbb00000|  0%| F|  |TAMS 0x00000000cba00000, 0x00000000cba00000| Untracked 
| 187|0x00000000cbb00000, 0x00000000cbb894e0, 0x00000000cbc00000| 53%| E|  |TAMS 0x00000000cbb00000, 0x00000000cbb00000| Complete 
| 188|0x00000000cbc00000, 0x00000000cbd00000, 0x00000000cbd00000|100%| E|CS|TAMS 0x00000000cbc00000, 0x00000000cbc00000| Complete 

Card table byte_map: [0x0000024d71b00000,0x0000024d71d00000] _byte_map_base: 0x0000024d71500000

Marking Bits (Prev, Next): (CMBitMap*) 0x0000024d6a1ac3f0, (CMBitMap*) 0x0000024d6a1ac3b0
 Prev Bits: [0x0000024d72f00000, 0x0000024d73f00000)
 Next Bits: [0x0000024d71f00000, 0x0000024d72f00000)

Polling page: 0x0000024d68010000

Metaspace:

Usage:
  Non-class:     81.94 MB used.
      Class:     12.27 MB used.
       Both:     94.21 MB used.

Virtual space:
  Non-class space:       88.00 MB reserved,      82.38 MB ( 94%) committed,  11 nodes.
      Class space:        1.00 GB reserved,      12.69 MB (  1%) committed,  1 nodes.
              Both:        1.09 GB reserved,      95.06 MB (  9%) committed. 

Chunk freelists:
   Non-Class:  1.45 MB
       Class:  3.16 MB
        Both:  4.61 MB

MaxMetaspaceSize: 17179869184.00 GB
CompressedClassSpaceSize: 1.00 GB
 - commit_granule_bytes: 65536.
 - commit_granule_words: 8192.
 - virtual_space_node_default_size: 1048576.
 - enlarge_chunks_in_place: 1.
 - new_chunks_are_fully_committed: 0.
 - uncommit_free_chunks: 1.
 - use_allocation_guard: 0.
 - handle_deallocations: 1.


Internal statistics:

num_allocs_failed_limit: 6.
num_arena_births: 1174.
num_arena_deaths: 8.
num_vsnodes_births: 12.
num_vsnodes_deaths: 0.
num_space_committed: 1521.
num_space_uncommitted: 0.
num_chunks_returned_to_freelist: 15.
num_chunks_taken_from_freelist: 5265.
num_chunk_merges: 8.
num_chunk_splits: 3408.
num_chunks_enlarged: 2191.
num_purges: 4.

CodeHeap 'non-profiled nmethods': size=120000Kb used=5872Kb max_used=5872Kb free=114127Kb
 bounds [0x0000024d07ad0000, 0x0000024d08090000, 0x0000024d0f000000]
CodeHeap 'profiled nmethods': size=120000Kb used=22386Kb max_used=22386Kb free=97613Kb
 bounds [0x0000024d005a0000, 0x0000024d01b80000, 0x0000024d07ad0000]
CodeHeap 'non-nmethods': size=5760Kb used=2429Kb max_used=2500Kb free=3330Kb
 bounds [0x0000024d00000000, 0x0000024d00280000, 0x0000024d005a0000]
 total_blobs=12124 nmethods=11165 adapters=871
 compilation: enabled
              stopped_count=0, restarted_count=0
 full_count=0

Compilation events (20 events):
Event: 34.754 Thread 0x0000024d79b74550 nmethod 12761 0x0000024d08081510 code [0x0000024d080816a0, 0x0000024d08081758]
Event: 34.772 Thread 0x0000024d76369740 12767       1       com.android.tools.r8.ProgramResource$ByteResource::getKind (5 bytes)
Event: 34.772 Thread 0x0000024d76369740 nmethod 12767 0x0000024d08081810 code [0x0000024d080819a0, 0x0000024d08081a78]
Event: 34.776 Thread 0x0000024d76364d10 nmethod 12755 0x0000024d08081b10 code [0x0000024d08081cc0, 0x0000024d08082738]
Event: 34.780 Thread 0x0000024d76364d10 12768       4       org.gradle.internal.classloader.FilteringClassLoader::classAllowed (80 bytes)
Event: 34.785 Thread 0x0000024d79b74550 12769       4       sun.invoke.util.VerifyType::isNullConversion (157 bytes)
Event: 34.790 Thread 0x0000024d79b74550 nmethod 12769 0x0000024d08082a10 code [0x0000024d08082c20, 0x0000024d08083060]
Event: 34.822 Thread 0x0000024d76369740 12770       3       com.android.tools.r8.internal.T6::g (26 bytes)
Event: 34.823 Thread 0x0000024d76369740 nmethod 12770 0x0000024d01b6d910 code [0x0000024d01b6dac0, 0x0000024d01b6dc38]
Event: 34.834 Thread 0x0000024d79b74550 12771       4       jdk.internal.org.objectweb.asm.ClassReader::<init> (371 bytes)
Event: 34.853 Thread 0x0000024d79b74550 nmethod 12771 0x0000024d08083510 code [0x0000024d080836c0, 0x0000024d08084098]
Event: 34.863 Thread 0x0000024d79b74550 12772   !   4       org.gradle.internal.classloader.CachingClassLoader::loadClass (85 bytes)
Event: 34.891 Thread 0x0000024d76369740 12775       3       com.android.tools.r8.graph.a0::g (62 bytes)
Event: 34.892 Thread 0x0000024d76369740 nmethod 12775 0x0000024d01b6dd10 code [0x0000024d01b6df40, 0x0000024d01b6e968]
Event: 34.892 Thread 0x0000024d76369740 12776       3       com.android.tools.r8.internal.Xe::e (64 bytes)
Event: 34.892 Thread 0x0000024d76369740 nmethod 12776 0x0000024d01b6ec10 code [0x0000024d01b6edc0, 0x0000024d01b6f0b8]
Event: 34.892 Thread 0x0000024d76369740 12777       1       com.android.tools.r8.graph.B0$b::g (5 bytes)
Event: 34.892 Thread 0x0000024d76369740 nmethod 12777 0x0000024d08084490 code [0x0000024d08084620, 0x0000024d080846d8]
Event: 34.913 Thread 0x0000024d76369740 12779       3       java.lang.invoke.LambdaForm::methodType (48 bytes)
Event: 34.913 Thread 0x0000024d76369740 nmethod 12779 0x0000024d01b6f190 code [0x0000024d01b6f380, 0x0000024d01b6f998]

GC Heap History (20 events):
Event: 13.980 GC heap before
{Heap before GC invocations=25 (full 0):
 garbage-first heap   total 158720K, used 114865K [0x00000000c0000000, 0x0000000100000000)
  region size 1024K, 34 young (34816K), 5 survivors (5120K)
 Metaspace       used 68400K, committed 68992K, reserved 1114112K
  class space    used 9063K, committed 9344K, reserved 1048576K
}
Event: 13.991 GC heap after
{Heap after GC invocations=26 (full 0):
 garbage-first heap   total 158720K, used 88300K [0x00000000c0000000, 0x0000000100000000)
  region size 1024K, 3 young (3072K), 3 survivors (3072K)
 Metaspace       used 68400K, committed 68992K, reserved 1114112K
  class space    used 9063K, committed 9344K, reserved 1048576K
}
Event: 14.282 GC heap before
{Heap before GC invocations=26 (full 0):
 garbage-first heap   total 158720K, used 106732K [0x00000000c0000000, 0x0000000100000000)
  region size 1024K, 23 young (23552K), 3 survivors (3072K)
 Metaspace       used 70450K, committed 71104K, reserved 1114112K
  class space    used 9325K, committed 9600K, reserved 1048576K
}
Event: 14.288 GC heap after
{Heap after GC invocations=27 (full 0):
 garbage-first heap   total 158720K, used 90064K [0x00000000c0000000, 0x0000000100000000)
  region size 1024K, 5 young (5120K), 5 survivors (5120K)
 Metaspace       used 70450K, committed 71104K, reserved 1114112K
  class space    used 9325K, committed 9600K, reserved 1048576K
}
Event: 15.228 GC heap before
{Heap before GC invocations=28 (full 0):
 garbage-first heap   total 163840K, used 131024K [0x00000000c0000000, 0x0000000100000000)
  region size 1024K, 44 young (45056K), 5 survivors (5120K)
 Metaspace       used 77203K, committed 77888K, reserved 1122304K
  class space    used 10120K, committed 10432K, reserved 1048576K
}
Event: 15.240 GC heap after
{Heap after GC invocations=29 (full 0):
 garbage-first heap   total 163840K, used 91798K [0x00000000c0000000, 0x0000000100000000)
  region size 1024K, 4 young (4096K), 4 survivors (4096K)
 Metaspace       used 77203K, committed 77888K, reserved 1122304K
  class space    used 10120K, committed 10432K, reserved 1048576K
}
Event: 16.084 GC heap before
{Heap before GC invocations=29 (full 0):
 garbage-first heap   total 163840K, used 134806K [0x00000000c0000000, 0x0000000100000000)
  region size 1024K, 47 young (48128K), 4 survivors (4096K)
 Metaspace       used 79830K, committed 80512K, reserved 1122304K
  class space    used 10527K, committed 10816K, reserved 1048576K
}
Event: 16.095 GC heap after
{Heap after GC invocations=30 (full 0):
 garbage-first heap   total 163840K, used 95078K [0x00000000c0000000, 0x0000000100000000)
  region size 1024K, 6 young (6144K), 6 survivors (6144K)
 Metaspace       used 79830K, committed 80512K, reserved 1122304K
  class space    used 10527K, committed 10816K, reserved 1048576K
}
Event: 17.017 GC heap before
{Heap before GC invocations=31 (full 0):
 garbage-first heap   total 168960K, used 133990K [0x00000000c0000000, 0x0000000100000000)
  region size 1024K, 45 young (46080K), 6 survivors (6144K)
 Metaspace       used 80706K, committed 81472K, reserved 1122304K
  class space    used 10595K, committed 10944K, reserved 1048576K
}
Event: 17.027 GC heap after
{Heap after GC invocations=32 (full 0):
 garbage-first heap   total 168960K, used 97418K [0x00000000c0000000, 0x0000000100000000)
  region size 1024K, 3 young (3072K), 3 survivors (3072K)
 Metaspace       used 80706K, committed 81472K, reserved 1122304K
  class space    used 10595K, committed 10944K, reserved 1048576K
}
Event: 17.896 GC heap before
{Heap before GC invocations=32 (full 0):
 garbage-first heap   total 168960K, used 140426K [0x00000000c0000000, 0x0000000100000000)
  region size 1024K, 45 young (46080K), 3 survivors (3072K)
 Metaspace       used 84725K, committed 85440K, reserved 1130496K
  class space    used 11155K, committed 11520K, reserved 1048576K
}
Event: 17.903 GC heap after
{Heap after GC invocations=33 (full 0):
 garbage-first heap   total 168960K, used 99480K [0x00000000c0000000, 0x0000000100000000)
  region size 1024K, 5 young (5120K), 5 survivors (5120K)
 Metaspace       used 84725K, committed 85440K, reserved 1130496K
  class space    used 11155K, committed 11520K, reserved 1048576K
}
Event: 31.311 GC heap before
{Heap before GC invocations=34 (full 0):
 garbage-first heap   total 179200K, used 139416K [0x00000000c0000000, 0x0000000100000000)
  region size 1024K, 45 young (46080K), 5 survivors (5120K)
 Metaspace       used 88770K, committed 89600K, reserved 1130496K
  class space    used 11514K, committed 11904K, reserved 1048576K
}
Event: 31.321 GC heap after
{Heap after GC invocations=35 (full 0):
 garbage-first heap   total 179200K, used 102009K [0x00000000c0000000, 0x0000000100000000)
  region size 1024K, 5 young (5120K), 5 survivors (5120K)
 Metaspace       used 88770K, committed 89600K, reserved 1130496K
  class space    used 11514K, committed 11904K, reserved 1048576K
}
Event: 32.673 GC heap before
{Heap before GC invocations=35 (full 0):
 garbage-first heap   total 179200K, used 149113K [0x00000000c0000000, 0x0000000100000000)
  region size 1024K, 52 young (53248K), 5 survivors (5120K)
 Metaspace       used 91043K, committed 91904K, reserved 1130496K
  class space    used 11811K, committed 12224K, reserved 1048576K
}
Event: 32.687 GC heap after
{Heap after GC invocations=36 (full 0):
 garbage-first heap   total 179200K, used 106717K [0x00000000c0000000, 0x0000000100000000)
  region size 1024K, 7 young (7168K), 7 survivors (7168K)
 Metaspace       used 91043K, committed 91904K, reserved 1130496K
  class space    used 11811K, committed 12224K, reserved 1048576K
}
Event: 34.001 GC heap before
{Heap before GC invocations=37 (full 0):
 garbage-first heap   total 193536K, used 148701K [0x00000000c0000000, 0x0000000100000000)
  region size 1024K, 48 young (49152K), 7 survivors (7168K)
 Metaspace       used 94739K, committed 95616K, reserved 1138688K
  class space    used 12328K, committed 12736K, reserved 1048576K
}
Event: 34.026 GC heap after
{Heap after GC invocations=38 (full 0):
 garbage-first heap   total 193536K, used 110602K [0x00000000c0000000, 0x0000000100000000)
  region size 1024K, 4 young (4096K), 4 survivors (4096K)
 Metaspace       used 94739K, committed 95616K, reserved 1138688K
  class space    used 12328K, committed 12736K, reserved 1048576K
}
Event: 34.893 GC heap before
{Heap before GC invocations=38 (full 0):
 garbage-first heap   total 193536K, used 159754K [0x00000000c0000000, 0x0000000100000000)
  region size 1024K, 53 young (54272K), 4 survivors (4096K)
 Metaspace       used 96275K, committed 97152K, reserved 1138688K
  class space    used 12530K, committed 12928K, reserved 1048576K
}
Event: 34.905 GC heap after
{Heap after GC invocations=39 (full 0):
 garbage-first heap   total 193536K, used 114048K [0x00000000c0000000, 0x0000000100000000)
  region size 1024K, 7 young (7168K), 7 survivors (7168K)
 Metaspace       used 96275K, committed 97152K, reserved 1138688K
  class space    used 12530K, committed 12928K, reserved 1048576K
}

Deoptimization events (20 events):
Event: 34.486 Thread 0x0000024d7c85d5e0 DEOPT PACKING pc=0x0000024d07f97234 sp=0x000000c02f2fd210
Event: 34.486 Thread 0x0000024d7c85d5e0 DEOPT UNPACKING pc=0x0000024d0004d72e sp=0x000000c02f2fd150 mode 2
Event: 34.652 Thread 0x0000024d7c85a610 Uncommon trap: trap_request=0x00000440 fr.pc=0x0000024d07fda1d4 relative=0x00000000000002f4
Event: 34.652 Thread 0x0000024d7c85a610 Uncommon trap: reason=unloaded action=reinterpret pc=0x0000024d07fda1d4 method=java.util.regex.Pattern.newSlice([IIZ)Ljava/util/regex/Pattern$Node; @ 68 c2
Event: 34.652 Thread 0x0000024d7c85a610 DEOPT PACKING pc=0x0000024d07fda1d4 sp=0x000000c02f1fa3f0
Event: 34.652 Thread 0x0000024d7c85a610 DEOPT UNPACKING pc=0x0000024d0004d72e sp=0x000000c02f1fa388 mode 2
Event: 34.655 Thread 0x0000024d7c85a610 Uncommon trap: trap_request=0xffffff45 fr.pc=0x0000024d07d3b1e4 relative=0x0000000000000ee4
Event: 34.655 Thread 0x0000024d7c85a610 Uncommon trap: reason=unstable_if action=reinterpret pc=0x0000024d07d3b1e4 method=java.util.zip.ZipFile.getZipEntry(Ljava/lang/String;I)Ljava/util/zip/ZipEntry; @ 127 c2
Event: 34.655 Thread 0x0000024d7c85a610 DEOPT PACKING pc=0x0000024d07d3b1e4 sp=0x000000c02f1fb280
Event: 34.655 Thread 0x0000024d7c85a610 DEOPT UNPACKING pc=0x0000024d0004d72e sp=0x000000c02f1fb260 mode 2
Event: 34.775 Thread 0x0000024d7c85a610 Uncommon trap: trap_request=0xffffff45 fr.pc=0x0000024d07facaa0 relative=0x0000000000000100
Event: 34.775 Thread 0x0000024d7c85a610 Uncommon trap: reason=unstable_if action=reinterpret pc=0x0000024d07facaa0 method=jdk.internal.misc.Unsafe.convEndian(ZI)I @ 4 c2
Event: 34.775 Thread 0x0000024d7c85a610 DEOPT PACKING pc=0x0000024d07facaa0 sp=0x000000c02f1fa6c0
Event: 34.775 Thread 0x0000024d7c85a610 DEOPT UNPACKING pc=0x0000024d0004d72e sp=0x000000c02f1fa428 mode 2
Event: 34.834 Thread 0x0000024d7c85a610 DEOPT PACKING pc=0x0000024d009ec7f0 sp=0x000000c02f1f8f40
Event: 34.834 Thread 0x0000024d7c85a610 DEOPT UNPACKING pc=0x0000024d0004dece sp=0x000000c02f1f8420 mode 0
Event: 34.910 Thread 0x0000024d7c85a610 Uncommon trap: trap_request=0xffffff45 fr.pc=0x0000024d07ed6b0c relative=0x00000000000003ac
Event: 34.911 Thread 0x0000024d7c85a610 Uncommon trap: reason=unstable_if action=reinterpret pc=0x0000024d07ed6b0c method=jdk.internal.org.objectweb.asm.MethodWriter.visitFieldInsn(ILjava/lang/String;Ljava/lang/String;Ljava/lang/String;)V @ 223 c2
Event: 34.911 Thread 0x0000024d7c85a610 DEOPT PACKING pc=0x0000024d07ed6b0c sp=0x000000c02f1f9200
Event: 34.911 Thread 0x0000024d7c85a610 DEOPT UNPACKING pc=0x0000024d0004d72e sp=0x000000c02f1f9180 mode 2

Classes unloaded (4 events):
Event: 18.089 Thread 0x0000024d6a25d240 Unloading class 0x000000080166cc00 'java/lang/invoke/LambdaForm$DMH+0x000000080166cc00'
Event: 18.089 Thread 0x0000024d6a25d240 Unloading class 0x000000080166c800 'java/lang/invoke/LambdaForm$DMH+0x000000080166c800'
Event: 18.089 Thread 0x0000024d6a25d240 Unloading class 0x000000080166c400 'java/lang/invoke/LambdaForm$DMH+0x000000080166c400'
Event: 32.907 Thread 0x0000024d6a25d240 Unloading class 0x0000000801694400 'java/lang/invoke/LambdaForm$DMH+0x0000000801694400'

Classes redefined (0 events):
No events

Internal exceptions (20 events):
Event: 31.566 Thread 0x0000024d77bf9fd0 Exception <a 'sun/nio/fs/WindowsException'{0x00000000ca89edd0}> (0x00000000ca89edd0) 
thrown [t:\workspace\open\src\hotspot\share\prims\jni.cpp, line 579]
Event: 31.566 Thread 0x0000024d77bf9fd0 Exception <a 'sun/nio/fs/WindowsException'{0x00000000ca89fef0}> (0x00000000ca89fef0) 
thrown [t:\workspace\open\src\hotspot\share\prims\jni.cpp, line 579]
Event: 31.739 Thread 0x0000024d77bf9fd0 Exception <a 'java/lang/NoSuchMethodError'{0x00000000ca229798}: 'java.lang.Object java.lang.invoke.DirectMethodHandle$Holder.invokeStatic(java.lang.Object, java.lang.Object, int, int)'> (0x00000000ca229798) 
thrown [t:\workspace\open\src\hotspot\share\interpreter\linkResolver.cpp, line 790]
Event: 31.740 Thread 0x0000024d77bf9fd0 Exception <a 'java/lang/NoSuchMethodError'{0x00000000ca231a00}: 'java.lang.Object java.lang.invoke.DirectMethodHandle$Holder.newInvokeSpecial(java.lang.Object, java.lang.Object, int, int)'> (0x00000000ca231a00) 
thrown [t:\workspace\open\src\hotspot\share\interpreter\linkResolver.cpp, line 790]
Event: 32.004 Thread 0x0000024d77bf9fd0 Exception <a 'java/lang/NoSuchMethodError'{0x00000000c97c4b70}: static Lcom/android/build/gradle/internal/profile/TaskMetadata;.<clinit>()V> (0x00000000c97c4b70) 
thrown [t:\workspace\open\src\hotspot\share\prims\jni.cpp, line 1210]
Event: 32.034 Thread 0x0000024d77bf9fd0 Exception <a 'sun/nio/fs/WindowsException'{0x00000000c962ab18}> (0x00000000c962ab18) 
thrown [t:\workspace\open\src\hotspot\share\prims\jni.cpp, line 579]
Event: 32.095 Thread 0x0000024d7c8605b0 Exception <a 'java/lang/NoSuchMethodError'{0x00000000cae099d0}: static Lorg/gradle/internal/build/event/types/DefaultTaskStartedProgressEvent;.<clinit>()V> (0x00000000cae099d0) 
thrown [t:\workspace\open\src\hotspot\share\prims\jni.cpp, line 1210]
Event: 32.097 Thread 0x0000024d7c8605b0 Exception <a 'java/lang/NoSuchMethodError'{0x00000000c9406208}: static Lorg/gradle/internal/build/event/types/DefaultTaskDescriptor;.<clinit>()V> (0x00000000c9406208) 
thrown [t:\workspace\open\src\hotspot\share\prims\jni.cpp, line 1210]
Event: 32.112 Thread 0x0000024d7c8605b0 Exception <a 'java/lang/NoSuchMethodError'{0x00000000c94900a0}: static Lorg/gradle/internal/build/event/types/DefaultTaskFinishedProgressEvent;.<clinit>()V> (0x00000000c94900a0) 
thrown [t:\workspace\open\src\hotspot\share\prims\jni.cpp, line 1210]
Event: 32.115 Thread 0x0000024d7c8605b0 Exception <a 'java/lang/NoSuchMethodError'{0x00000000c949f450}: static Lorg/gradle/internal/build/event/types/DefaultTaskSuccessResult;.<clinit>()V> (0x00000000c949f450) 
thrown [t:\workspace\open\src\hotspot\share\prims\jni.cpp, line 1210]
Event: 32.116 Thread 0x0000024d7c8605b0 Exception <a 'java/lang/NoSuchMethodError'{0x00000000c94a0778}: static Lorg/gradle/internal/build/event/types/AbstractTaskResult;.<clinit>()V> (0x00000000c94a0778) 
thrown [t:\workspace\open\src\hotspot\share\prims\jni.cpp, line 1210]
Event: 32.148 Thread 0x0000024d7c799320 Exception <a 'java/lang/NoSuchMethodError'{0x00000000c9364e18}: static Lcom/android/ide/common/attribution/AndroidGradlePluginAttributionData$BuildInfo;.<clinit>()V> (0x00000000c9364e18) 
thrown [t:\workspace\open\src\hotspot\share\prims\jni.cpp, line 1210]
Event: 32.150 Thread 0x0000024d7c799320 Exception <a 'java/lang/NoSuchMethodError'{0x00000000c93b5d90}: static Lcom/android/ide/common/attribution/AndroidGradlePluginAttributionData$JavaInfo;.<clinit>()V> (0x00000000c93b5d90) 
thrown [t:\workspace\open\src\hotspot\share\prims\jni.cpp, line 1210]
Event: 32.153 Thread 0x0000024d7c799320 Exception <a 'java/lang/NoSuchMethodError'{0x00000000c93cecf8}: static [Ljava/lang/String;.<clinit>()V> (0x00000000c93cecf8) 
thrown [t:\workspace\open\src\hotspot\share\prims\jni.cpp, line 1210]
Event: 32.193 Thread 0x0000024d7c8605b0 Exception <a 'java/lang/NoSuchMethodError'{0x00000000c918f5d0}: static Lorg/gradle/internal/build/event/types/DefaultTaskSkippedResult;.<clinit>()V> (0x00000000c918f5d0) 
thrown [t:\workspace\open\src\hotspot\share\prims\jni.cpp, line 1210]
Event: 34.104 Thread 0x0000024d7c85a610 Implicit null exception at 0x0000024d080439b6 to 0x0000024d08043cb8
Event: 34.285 Thread 0x0000024d77bfaa70 Exception <a 'java/lang/NoSuchMethodError'{0x00000000cadb90e0}: 'int java.lang.invoke.DirectMethodHandle$Holder.invokeSpecial(java.lang.Object, java.lang.Object, java.lang.Object, java.lang.Object, java.lang.Object)'> (0x00000000cadb90e0) 
thrown [t:\workspace\open\src\hotspot\share\interpreter\linkResolver.cpp, line 790]
Event: 34.748 Thread 0x0000024d7c85a610 Exception <a 'sun/nio/fs/WindowsException'{0x00000000c8b86030}> (0x00000000c8b86030) 
thrown [t:\workspace\open\src\hotspot\share\prims\jni.cpp, line 579]
Event: 34.823 Thread 0x0000024d7c85a610 Exception <a 'java/lang/IncompatibleClassChangeError'{0x00000000c891e9d0}: Found class java.lang.Object, but interface was expected> (0x00000000c891e9d0) 
thrown [t:\workspace\open\src\hotspot\share\interpreter\linkResolver.cpp, line 857]
Event: 34.911 Thread 0x0000024d7c85a610 Exception <a 'java/lang/NoSuchMethodError'{0x00000000cbc7a9e0}: 'java.lang.Object java.lang.invoke.DirectMethodHandle$Holder.newInvokeSpecial(java.lang.Object, long)'> (0x00000000cbc7a9e0) 
thrown [t:\workspace\open\src\hotspot\share\interpreter\linkResolver.cpp, line 790]

Events (20 events):
Event: 34.607 Executing  VM operation: HandshakeAllThreads
Event: 34.607 Executing  VM operation: HandshakeAllThreads done
Event: 34.637 loading class java/nio/file/Files$2
Event: 34.637 loading class java/nio/file/Files$2 done
Event: 34.652 loading class sun/nio/fs/Globs
Event: 34.652 loading class sun/nio/fs/Globs done
Event: 34.652 loading class java/util/regex/Pattern$SliceU
Event: 34.652 loading class java/util/regex/Pattern$SliceU done
Event: 34.652 loading class sun/nio/fs/WindowsFileSystem$2
Event: 34.652 loading class java/nio/file/PathMatcher
Event: 34.652 loading class java/nio/file/PathMatcher done
Event: 34.652 loading class sun/nio/fs/WindowsFileSystem$2 done
Event: 34.763 loading class java/util/concurrent/RejectedExecutionException
Event: 34.763 loading class java/util/concurrent/RejectedExecutionException done
Event: 34.782 Executing  VM operation: HandshakeAllThreads
Event: 34.782 Executing  VM operation: HandshakeAllThreads done
Event: 34.816 loading class java/lang/reflect/GenericSignatureFormatError
Event: 34.816 loading class java/lang/reflect/GenericSignatureFormatError done
Event: 34.893 Executing  VM operation: G1CollectForAllocation
Event: 34.910 Executing  VM operation: G1CollectForAllocation done


Dynamic libraries:
0x00007ff695c00000 - 0x00007ff695c10000 	C:\Program Files\Java\jdk-16.0.2\bin\java.exe
0x00007ffc73b50000 - 0x00007ffc73d45000 	C:\WINDOWS\SYSTEM32\ntdll.dll
0x00007ffc73250000 - 0x00007ffc7330d000 	C:\WINDOWS\System32\KERNEL32.DLL
0x00007ffc716b0000 - 0x00007ffc71979000 	C:\WINDOWS\System32\KERNELBASE.dll
0x00007ffc71340000 - 0x00007ffc71440000 	C:\WINDOWS\System32\ucrtbase.dll
0x00007ffc64d00000 - 0x00007ffc64d19000 	C:\Program Files\Java\jdk-16.0.2\bin\VCRUNTIME140.dll
0x00007ffc47980000 - 0x00007ffc47998000 	C:\Program Files\Java\jdk-16.0.2\bin\jli.dll
0x00007ffc72fb0000 - 0x00007ffc7305c000 	C:\WINDOWS\System32\ADVAPI32.dll
0x00007ffc73060000 - 0x00007ffc730fe000 	C:\WINDOWS\System32\msvcrt.dll
0x00007ffc71d40000 - 0x00007ffc71ddb000 	C:\WINDOWS\System32\sechost.dll
0x00007ffc73100000 - 0x00007ffc7322a000 	C:\WINDOWS\System32\RPCRT4.dll
0x00007ffc73590000 - 0x00007ffc73730000 	C:\WINDOWS\System32\USER32.dll
0x00007ffc71280000 - 0x00007ffc712a2000 	C:\WINDOWS\System32\win32u.dll
0x00007ffc72e10000 - 0x00007ffc72e3a000 	C:\WINDOWS\System32\GDI32.dll
0x00007ffc71440000 - 0x00007ffc7154b000 	C:\WINDOWS\System32\gdi32full.dll
0x00007ffc71a80000 - 0x00007ffc71b1d000 	C:\WINDOWS\System32\msvcp_win.dll
0x00007ffc55730000 - 0x00007ffc559ca000 	C:\WINDOWS\WinSxS\amd64_microsoft.windows.common-controls_6595b64144ccf1df_6.0.19041.1110_none_60b5254171f9507e\COMCTL32.dll
0x00007ffc70060000 - 0x00007ffc7006a000 	C:\WINDOWS\SYSTEM32\VERSION.dll
0x00007ffc720a0000 - 0x00007ffc720d0000 	C:\WINDOWS\System32\IMM32.DLL
0x00007ffc66ed0000 - 0x00007ffc66edc000 	C:\Program Files\Java\jdk-16.0.2\bin\vcruntime140_1.dll
0x00007ffc37110000 - 0x00007ffc371a1000 	C:\Program Files\Java\jdk-16.0.2\bin\msvcp140.dll
0x00007ffc1fc80000 - 0x00007ffc2082b000 	C:\Program Files\Java\jdk-16.0.2\bin\server\jvm.dll
0x00007ffc73240000 - 0x00007ffc73248000 	C:\WINDOWS\System32\PSAPI.DLL
0x00007ffc48a80000 - 0x00007ffc48a89000 	C:\WINDOWS\SYSTEM32\WSOCK32.dll
0x00007ffc71f10000 - 0x00007ffc71f7b000 	C:\WINDOWS\System32\WS2_32.dll
0x00007ffc58810000 - 0x00007ffc58837000 	C:\WINDOWS\SYSTEM32\WINMM.dll
0x00007ffc6f450000 - 0x00007ffc6f462000 	C:\WINDOWS\SYSTEM32\kernel.appcore.dll
0x00007ffc65590000 - 0x00007ffc6559a000 	C:\Program Files\Java\jdk-16.0.2\bin\jimage.dll
0x00007ffc6bd50000 - 0x00007ffc6bf34000 	C:\WINDOWS\SYSTEM32\DBGHELP.DLL
0x00007ffc5db60000 - 0x00007ffc5db8c000 	C:\WINDOWS\SYSTEM32\dbgcore.DLL
0x00007ffc71b20000 - 0x00007ffc71ba3000 	C:\WINDOWS\System32\bcryptPrimitives.dll
0x00007ffc46c40000 - 0x00007ffc46c65000 	C:\Program Files\Java\jdk-16.0.2\bin\java.dll
0x00007ffc726d0000 - 0x00007ffc72e0f000 	C:\WINDOWS\System32\SHELL32.dll
0x00007ffc6f840000 - 0x00007ffc6ffd0000 	C:\WINDOWS\SYSTEM32\windows.storage.dll
0x00007ffc737b0000 - 0x00007ffc73b05000 	C:\WINDOWS\System32\combase.dll
0x00007ffc70c00000 - 0x00007ffc70c2c000 	C:\WINDOWS\SYSTEM32\Wldp.dll
0x00007ffc71f80000 - 0x00007ffc7202e000 	C:\WINDOWS\System32\SHCORE.dll
0x00007ffc721f0000 - 0x00007ffc72245000 	C:\WINDOWS\System32\shlwapi.dll
0x00007ffc711c0000 - 0x00007ffc711df000 	C:\WINDOWS\SYSTEM32\profapi.dll
0x00007ffc47220000 - 0x00007ffc47239000 	C:\Program Files\Java\jdk-16.0.2\bin\net.dll
0x00007ffc5ee40000 - 0x00007ffc5ef48000 	C:\WINDOWS\SYSTEM32\WINHTTP.dll
0x00007ffc70970000 - 0x00007ffc709da000 	C:\WINDOWS\system32\mswsock.dll
0x00007ffc46cb0000 - 0x00007ffc46cc3000 	C:\Program Files\Java\jdk-16.0.2\bin\nio.dll
0x00007ffc46b60000 - 0x00007ffc46b78000 	C:\Program Files\Java\jdk-16.0.2\bin\zip.dll
0x00007ffc64df0000 - 0x00007ffc64e00000 	C:\Program Files\Java\jdk-16.0.2\bin\verify.dll
0x00007ffc3bdb0000 - 0x00007ffc3bdd7000 	C:\Users\halag\Documents\cs\year_project\Server_location_app\.gradle\native\8bec1ad78214c89d9ad589b4d07fe93259594b29d510b10fafb7a158f7737e5d\windows-amd64\native-platform.dll
0x00007ffc2e660000 - 0x00007ffc2e79d000 	C:\Users\halag\Documents\cs\year_project\Server_location_app\.gradle\native\53dbd7edfb1c66fb8903c78663c9afc45aea4f116125fa6feffd364cf09443e8\windows-amd64\native-platform-file-events.dll
0x00007ffc4e9a0000 - 0x00007ffc4e9a9000 	C:\Program Files\Java\jdk-16.0.2\bin\management.dll
0x00007ffc4e930000 - 0x00007ffc4e93b000 	C:\Program Files\Java\jdk-16.0.2\bin\management_ext.dll
0x00007ffc70b60000 - 0x00007ffc70b78000 	C:\WINDOWS\SYSTEM32\CRYPTSP.dll
0x00007ffc702f0000 - 0x00007ffc70324000 	C:\WINDOWS\system32\rsaenh.dll
0x00007ffc71310000 - 0x00007ffc71337000 	C:\WINDOWS\System32\bcrypt.dll
0x00007ffc71180000 - 0x00007ffc711ae000 	C:\WINDOWS\SYSTEM32\USERENV.dll
0x00007ffc70fe0000 - 0x00007ffc70fec000 	C:\WINDOWS\SYSTEM32\CRYPTBASE.dll
0x00007ffc70660000 - 0x00007ffc7069b000 	C:\WINDOWS\SYSTEM32\IPHLPAPI.DLL
0x00007ffc72090000 - 0x00007ffc72098000 	C:\WINDOWS\System32\NSI.dll
0x00007ffc6b8d0000 - 0x00007ffc6b8e7000 	C:\WINDOWS\SYSTEM32\dhcpcsvc6.DLL
0x00007ffc6b8b0000 - 0x00007ffc6b8cd000 	C:\WINDOWS\SYSTEM32\dhcpcsvc.DLL
0x00007ffc706a0000 - 0x00007ffc7076c000 	C:\WINDOWS\SYSTEM32\DNSAPI.dll
0x00007ffc4c6c0000 - 0x00007ffc4c6ce000 	C:\Program Files\Java\jdk-16.0.2\bin\sunmscapi.dll
0x00007ffc71550000 - 0x00007ffc716af000 	C:\WINDOWS\System32\CRYPT32.dll
0x00007ffc70c70000 - 0x00007ffc70c97000 	C:\WINDOWS\SYSTEM32\ncrypt.dll
0x00007ffc70c30000 - 0x00007ffc70c6b000 	C:\WINDOWS\SYSTEM32\NTASN1.dll
0x00007ffc479d0000 - 0x00007ffc479d7000 	C:\WINDOWS\system32\wshunix.dll

dbghelp: loaded successfully - version: 4.0.5 - missing functions: none
symbol engine: initialized successfully - sym options: 0x614 - pdb path: .;C:\Program Files\Java\jdk-16.0.2\bin;C:\WINDOWS\SYSTEM32;C:\WINDOWS\WinSxS\amd64_microsoft.windows.common-controls_6595b64144ccf1df_6.0.19041.1110_none_60b5254171f9507e;C:\Program Files\Java\jdk-16.0.2\bin\server;C:\Users\halag\Documents\cs\year_project\Server_location_app\.gradle\native\8bec1ad78214c89d9ad589b4d07fe93259594b29d510b10fafb7a158f7737e5d\windows-amd64;C:\Users\halag\Documents\cs\year_project\Server_location_app\.gradle\native\53dbd7edfb1c66fb8903c78663c9afc45aea4f116125fa6feffd364cf09443e8\windows-amd64

VM Arguments:
jvm_args: --add-opens=java.base/java.util=ALL-UNNAMED --add-opens=java.base/java.lang=ALL-UNNAMED --add-opens=java.base/java.lang.invoke=ALL-UNNAMED --add-opens=java.base/java.util=ALL-UNNAMED --add-opens=java.prefs/java.util.prefs=ALL-UNNAMED --add-opens=java.prefs/java.util.prefs=ALL-UNNAMED --add-opens=java.base/java.nio.charset=ALL-UNNAMED --add-opens=java.base/java.net=ALL-UNNAMED --add-opens=java.base/java.util.concurrent.atomic=ALL-UNNAMED -Xmx1024m -Dfile.encoding=UTF-8 -Duser.country=GB -Duser.language=en -Duser.variant 
java_command: org.gradle.launcher.daemon.bootstrap.GradleDaemon 7.0.2
java_class_path (initial): C:\Users\halag\Documents\cs\year_project\Server_location_app\.gradle\wrapper\dists\gradle-7.0.2-bin\857tjihv64xamwrf0h14cai3r\gradle-7.0.2\lib\gradle-launcher-7.0.2.jar
Launcher Type: SUN_STANDARD

[Global flags]
     intx CICompilerCount                          = 3                                         {product} {ergonomic}
     uint ConcGCThreads                            = 1                                         {product} {ergonomic}
     uint G1ConcRefinementThreads                  = 4                                         {product} {ergonomic}
   size_t G1HeapRegionSize                         = 1048576                                   {product} {ergonomic}
    uintx GCDrainStackTargetSize                   = 64                                        {product} {ergonomic}
   size_t InitialHeapSize                          = 134217728                                 {product} {ergonomic}
   size_t MarkStackSize                            = 4194304                                   {product} {ergonomic}
   size_t MaxHeapSize                              = 1073741824                                {product} {command line}
   size_t MaxNewSize                               = 643825664                                 {product} {ergonomic}
   size_t MinHeapDeltaBytes                        = 1048576                                   {product} {ergonomic}
   size_t MinHeapSize                              = 8388608                                   {product} {ergonomic}
    uintx NonNMethodCodeHeapSize                   = 5832780                                {pd product} {ergonomic}
    uintx NonProfiledCodeHeapSize                  = 122912730                              {pd product} {ergonomic}
    uintx ProfiledCodeHeapSize                     = 122912730                              {pd product} {ergonomic}
    uintx ReservedCodeCacheSize                    = 251658240                              {pd product} {ergonomic}
     bool SegmentedCodeCache                       = true                                      {product} {ergonomic}
   size_t SoftMaxHeapSize                          = 1073741824                             {manageable} {ergonomic}
     bool UseCompressedClassPointers               = true                           {product lp64_product} {ergonomic}
     bool UseCompressedOops                        = true                           {product lp64_product} {ergonomic}
     bool UseG1GC                                  = true                                      {product} {ergonomic}
     bool UseLargePagesIndividualAllocation        = false                                  {pd product} {ergonomic}

Logging:
Log output configuration:
 #0: stdout all=warning uptime,level,tags
 #1: stderr all=off uptime,level,tags

Environment Variables:
JAVA_HOME=C:\Program Files\Java\jdk-16.0.2
PATH=C:\Program Files\Common Files\Oracle\Java\javapath;C:\Program Files (x86)\Common Files\Oracle\Java\javapath;C:\WINDOWS\system32;C:\WINDOWS;C:\WINDOWS\System32\Wbem;C:\WINDOWS\System32\WindowsPowerShell\v1.0\;C:\WINDOWS\System32\OpenSSH\;C:\Program Files\Intel\WiFi\bin\;C:\Program Files\Common Files\Intel\WirelessCommon\;C:\Program Files\MATLAB\R2019b\bin;C:\Git\cmd;C:\MinGW\bin;C:\Users\halag\Documents\cs\python\PyCharm Community Edition 2020.3.4;C:\Users\halag\AppData\Roaming\Microsoft\Windows\Start Menu\Programs\Python 3.9;C:\Users\halag\AppData\Local\Programs\Python\Python39;C:\Program Files (x86)\Intel\Intel(R) Management Engine Components\DAL;C:\Program Files\Intel\Intel(R) Management Engine Components\DAL;C:\Program Files\Java\jdk-16.0.2\bin;C:\Users\halag\AppData\Local\Microsoft\WindowsApps;C:\Program Files (x86)\Dr. Memory\bin\;C:\Program Files\Intel\WiFi\bin\;C:\Program Files\Common Files\Intel\WirelessCommon\;C:\Program Files\Java\jdk-10.0.2\bin;C:\Users\halag\AppData\Local\GitHubDesktop\bin;C:\Users\halag\Documents\cs\winter2020\machine_learning\PyCharm Community Edition 2020.3\bin;;C:\Users\halag\AppData\Local\Android\Sdk\platform-tools;
USERNAME=halag
OS=Windows_NT
PROCESSOR_IDENTIFIER=Intel64 Family 6 Model 142 Stepping 9, GenuineIntel



---------------  S Y S T E M  ---------------

OS:
 Windows 10 , 64 bit Build 19041 (10.0.19041.1151)
OS uptime: 1 days 21:15 hours

CPU: total 4 (initial active 4) (2 cores per cpu, 2 threads per core) family 6 model 142 stepping 9 microcode 0xde, cx8, cmov, fxsr, ht, mmx, 3dnowpref, sse, sse2, sse3, ssse3, sse4.1, sse4.2, popcnt, lzcnt, tsc, tscinvbit, avx, avx2, aes, erms, clmul, bmi1, bmi2, adx, fma, vzeroupper, clflush, clflushopt

Memory: 4k page, system-wide physical 8089M (1537M free)
TotalPageFile size 9329M (AvailPageFile size 2M)
current process WorkingSet (physical memory assigned to process): 452M, peak: 452M
current process commit charge ("private bytes"): 488M, peak: 488M

vm_info: Java HotSpot(TM) 64-Bit Server VM (16.0.2+7-67) for windows-amd64 JRE (16.0.2+7-67), built on Jun  8 2021 23:24:19 by "mach5one" with MS VC++ 16.7 (VS2019)

END.
