#
# There is insufficient memory for the Java Runtime Environment to continue.
# Native memory allocation (malloc) failed to allocate 691056 bytes for Chunk::new
# Possible reasons:
#   The system is out of physical RAM or swap space
#   The process is running with CompressedOops enabled, and the Java Heap may be blocking the growth of the native heap
# Possible solutions:
#   Reduce memory load on the system
#   Increase physical memory or swap space
#   Check if swap backing store is full
#   Decrease Java heap size (-Xmx/-Xms)
#   Decrease number of Java threads
#   Decrease Java thread stack sizes (-Xss)
#   Set larger code cache with -XX:ReservedCodeCacheSize=
#   JVM is running with Unscaled Compressed Oops mode in which the Java heap is
#     placed in the first 4GB address space. The Java Heap base address is the
#     maximum limit for the native heap growth. Please use -XX:HeapBaseMinAddress
#     to set the Java Heap base and to place the Java Heap above 4GB virtual address.
# This output file may be truncated or incomplete.
#
#  Out of Memory Error (arena.cpp:195), pid=13520, tid=19372
#
# JRE version: Java(TM) SE Runtime Environment (16.0.2+7) (build 16.0.2+7-67)
# Java VM: Java HotSpot(TM) 64-Bit Server VM (16.0.2+7-67, mixed mode, sharing, tiered, compressed oops, compressed class ptrs, g1 gc, windows-amd64)
# No core dump will be written. Minidumps are not enabled by default on client versions of Windows
#

---------------  S U M M A R Y ------------

Command Line: --add-opens=java.base/java.util=ALL-UNNAMED --add-opens=java.base/java.lang=ALL-UNNAMED --add-opens=java.base/java.lang.invoke=ALL-UNNAMED --add-opens=java.base/java.util=ALL-UNNAMED --add-opens=java.prefs/java.util.prefs=ALL-UNNAMED --add-opens=java.prefs/java.util.prefs=ALL-UNNAMED --add-opens=java.base/java.nio.charset=ALL-UNNAMED --add-opens=java.base/java.net=ALL-UNNAMED --add-opens=java.base/java.util.concurrent.atomic=ALL-UNNAMED -Xmx1536M -Dfile.encoding=UTF-8 -Duser.country=GB -Duser.language=en -Duser.variant org.gradle.launcher.daemon.bootstrap.GradleDaemon 7.0.2

Host: Intel(R) Core(TM) i5-7200U CPU @ 2.50GHz, 4 cores, 7G,  Windows 10 , 64 bit Build 19041 (10.0.19041.1151)
Time: Mon Sep 13 22:54:13 2021 Jerusalem Summer Time elapsed time: 15.737901 seconds (0d 0h 0m 15s)

---------------  T H R E A D  ---------------

Current thread (0x000001acf73b4a00):  JavaThread "C2 CompilerThread0" daemon [_thread_in_native, id=19372, stack(0x0000006d29300000,0x0000006d29400000)]


Current CompileTask:
C2:  15738 9915       4       com.android.utils.XmlUtils::append (647 bytes)

Stack: [0x0000006d29300000,0x0000006d29400000]
Native frames: (J=compiled Java code, j=interpreted, Vv=VM code, C=native code)
V  [jvm.dll+0x6681ca]
V  [jvm.dll+0x7c9e69]
V  [jvm.dll+0x7cb61e]
V  [jvm.dll+0x7cbc73]
V  [jvm.dll+0x242c55]
V  [jvm.dll+0xadeba]
V  [jvm.dll+0xae45c]
V  [jvm.dll+0x2a4cdf]
V  [jvm.dll+0x573c29]
V  [jvm.dll+0x21e48e]
V  [jvm.dll+0x217476]
V  [jvm.dll+0x214ffc]
V  [jvm.dll+0x1a1beb]
V  [jvm.dll+0x225158]
V  [jvm.dll+0x22319c]
V  [jvm.dll+0x77fa62]
V  [jvm.dll+0x7795aa]
V  [jvm.dll+0x667066]
C  [ucrtbase.dll+0x21bb2]
C  [KERNEL32.DLL+0x17034]
C  [ntdll.dll+0x52651]


---------------  P R O C E S S  ---------------

Threads class SMR info:
_java_thread_list=0x000001acf9dc9d90, length=53, elements={
0x000001acdaec3900, 0x000001acf739a880, 0x000001acf739def0, 0x000001acf73ad460,
0x000001acf73ae060, 0x000001acf73b1210, 0x000001acf73b1c10, 0x000001acf73b4a00,
0x000001acf73b7920, 0x000001acf73be7b0, 0x000001acf80888b0, 0x000001acf8088dd0,
0x000001acf80ae6c0, 0x000001acf9ccca20, 0x000001acf9ccda10, 0x000001acf9cccf70,
0x000001acf9ccc4d0, 0x000001acf9ccbf80, 0x000001acf9ccaa40, 0x000001acf9ccd4c0,
0x000001acf9ccdf60, 0x000001acf9ccaf90, 0x000001acf9ccb4e0, 0x000001acf9ccba30,
0x000001acfa3949b0, 0x000001acfa391490, 0x000001acfa3919e0, 0x000001acfa392f20,
0x000001acfa391f30, 0x000001acfa392480, 0x000001acfa393470, 0x000001acfa3929d0,
0x000001acfa393f10, 0x000001acfa4ec190, 0x000001acfa4f1be0, 0x000001acfa4eb6f0,
0x000001acfa4ea700, 0x000001acfa4ebc40, 0x000001acfa4ec6e0, 0x000001acfa4eb1a0,
0x000001acfa4ecc30, 0x000001acfa4f1140, 0x000001acfa4f1690, 0x000001acfa4f0150,
0x000001acfa4ee6c0, 0x000001acf80f45f0, 0x000001acf80f6080, 0x000001acf80f4b40,
0x000001acf80f5090, 0x000001acf80f65d0, 0x000001acf80f6b20, 0x000001acf80f55e0,
0x000001acfa3d1a90
}

Java Threads: ( => current thread )
  0x000001acdaec3900 JavaThread "main" [_thread_blocked, id=8612, stack(0x0000006d28600000,0x0000006d28700000)]
  0x000001acf739a880 JavaThread "Reference Handler" daemon [_thread_blocked, id=7760, stack(0x0000006d28d00000,0x0000006d28e00000)]
  0x000001acf739def0 JavaThread "Finalizer" daemon [_thread_blocked, id=17832, stack(0x0000006d28e00000,0x0000006d28f00000)]
  0x000001acf73ad460 JavaThread "Signal Dispatcher" daemon [_thread_blocked, id=11840, stack(0x0000006d28f00000,0x0000006d29000000)]
  0x000001acf73ae060 JavaThread "Attach Listener" daemon [_thread_blocked, id=4100, stack(0x0000006d29000000,0x0000006d29100000)]
  0x000001acf73b1210 JavaThread "Service Thread" daemon [_thread_blocked, id=13868, stack(0x0000006d29100000,0x0000006d29200000)]
  0x000001acf73b1c10 JavaThread "Monitor Deflation Thread" daemon [_thread_blocked, id=19136, stack(0x0000006d29200000,0x0000006d29300000)]
=>0x000001acf73b4a00 JavaThread "C2 CompilerThread0" daemon [_thread_in_native, id=19372, stack(0x0000006d29300000,0x0000006d29400000)]
  0x000001acf73b7920 JavaThread "C1 CompilerThread0" daemon [_thread_blocked, id=18568, stack(0x0000006d29400000,0x0000006d29500000)]
  0x000001acf73be7b0 JavaThread "Sweeper thread" daemon [_thread_blocked, id=8172, stack(0x0000006d29500000,0x0000006d29600000)]
  0x000001acf80888b0 JavaThread "Common-Cleaner" daemon [_thread_blocked, id=10104, stack(0x0000006d29600000,0x0000006d29700000)]
  0x000001acf8088dd0 JavaThread "Notification Thread" daemon [_thread_blocked, id=19364, stack(0x0000006d29700000,0x0000006d29800000)]
  0x000001acf80ae6c0 JavaThread "C2 CompilerThread1" daemon [_thread_in_native, id=17844, stack(0x0000006d29900000,0x0000006d29a00000)]
  0x000001acf9ccca20 JavaThread "Daemon health stats" [_thread_blocked, id=4800, stack(0x0000006d29d00000,0x0000006d29e00000)]
  0x000001acf9ccda10 JavaThread "Incoming local TCP Connector on port 64046" [_thread_in_native, id=8756, stack(0x0000006d29e00000,0x0000006d29f00000)]
  0x000001acf9cccf70 JavaThread "Daemon periodic checks" [_thread_blocked, id=1580, stack(0x0000006d29f00000,0x0000006d2a000000)]
  0x000001acf9ccc4d0 JavaThread "Daemon" [_thread_blocked, id=18440, stack(0x0000006d2a100000,0x0000006d2a200000)]
  0x000001acf9ccbf80 JavaThread "Handler for socket connection from /127.0.0.1:64046 to /127.0.0.1:64047" [_thread_in_native, id=14744, stack(0x0000006d2a200000,0x0000006d2a300000)]
  0x000001acf9ccaa40 JavaThread "Cancel handler" [_thread_blocked, id=13096, stack(0x0000006d2a300000,0x0000006d2a400000)]
  0x000001acf9ccd4c0 JavaThread "Daemon worker" [_thread_blocked, id=14920, stack(0x0000006d2a400000,0x0000006d2a500000)]
  0x000001acf9ccdf60 JavaThread "Asynchronous log dispatcher for DefaultDaemonConnection: socket connection from /127.0.0.1:64046 to /127.0.0.1:64047" [_thread_blocked, id=16292, stack(0x0000006d2a500000,0x0000006d2a600000)]
  0x000001acf9ccaf90 JavaThread "Stdin handler" [_thread_blocked, id=15852, stack(0x0000006d2a600000,0x0000006d2a700000)]
  0x000001acf9ccb4e0 JavaThread "Daemon client event forwarder" [_thread_blocked, id=9612, stack(0x0000006d2a700000,0x0000006d2a800000)]
  0x000001acf9ccba30 JavaThread "Cache worker for file hash cache (C:\Users\halag\Documents\cs\year_project\Server_location_app\.gradle\caches\7.0.2\fileHashes)" [_thread_blocked, id=19408, stack(0x0000006d2a800000,0x0000006d2a900000)]
  0x000001acfa3949b0 JavaThread "File lock request listener" [_thread_in_native, id=15928, stack(0x0000006d2a900000,0x0000006d2aa00000)]
  0x000001acfa391490 JavaThread "Cache worker for journal cache (C:\Users\halag\Documents\cs\year_project\Server_location_app\.gradle\caches\journal-1)" [_thread_blocked, id=13200, stack(0x0000006d2aa00000,0x0000006d2ab00000)]
  0x000001acfa3919e0 JavaThread "Cache worker for file hash cache (C:\Users\halag\Documents\cs\year_project\test_app2\.gradle\7.0.2\fileHashes)" [_thread_blocked, id=5352, stack(0x0000006d2ab00000,0x0000006d2ac00000)]
  0x000001acfa392f20 JavaThread "File watcher server" daemon [_thread_in_native, id=18884, stack(0x0000006d2ac00000,0x0000006d2ad00000)]
  0x000001acfa391f30 JavaThread "File watcher consumer" daemon [_thread_blocked, id=560, stack(0x0000006d2ad00000,0x0000006d2ae00000)]
  0x000001acfa392480 JavaThread "Cache worker for checksums cache (C:\Users\halag\Documents\cs\year_project\test_app2\.gradle\checksums)" [_thread_blocked, id=17560, stack(0x0000006d2ae00000,0x0000006d2af00000)]
  0x000001acfa393470 JavaThread "Cache worker for cache directory md-supplier (C:\Users\halag\Documents\cs\year_project\Server_location_app\.gradle\caches\7.0.2\md-supplier)" [_thread_blocked, id=4568, stack(0x0000006d2af00000,0x0000006d2b000000)]
  0x000001acfa3929d0 JavaThread "Cache worker for cache directory md-rule (C:\Users\halag\Documents\cs\year_project\Server_location_app\.gradle\caches\7.0.2\md-rule)" [_thread_blocked, id=7072, stack(0x0000006d2b000000,0x0000006d2b100000)]
  0x000001acfa393f10 JavaThread "Cache worker for execution history cache (C:\Users\halag\Documents\cs\year_project\Server_location_app\.gradle\caches\7.0.2\executionHistory)" [_thread_blocked, id=10892, stack(0x0000006d2b100000,0x0000006d2b200000)]
  0x000001acfa4ec190 JavaThread "jar transforms" [_thread_blocked, id=18488, stack(0x0000006d2b300000,0x0000006d2b400000)]
  0x000001acfa4f1be0 JavaThread "jar transforms Thread 2" [_thread_blocked, id=18308, stack(0x0000006d2b400000,0x0000006d2b500000)]
  0x000001acfa4eb6f0 JavaThread "Cache worker for file content cache (C:\Users\halag\Documents\cs\year_project\Server_location_app\.gradle\caches\7.0.2\fileContent)" [_thread_blocked, id=4312, stack(0x0000006d2b500000,0x0000006d2b600000)]
  0x000001acfa4ea700 JavaThread "Cache worker for dependencies-accessors (C:\Users\halag\Documents\cs\year_project\test_app2\.gradle\7.0.2\dependencies-accessors)" [_thread_blocked, id=7532, stack(0x0000006d2b600000,0x0000006d2b700000)]
  0x000001acfa4ebc40 JavaThread "jar transforms Thread 3" [_thread_blocked, id=9924, stack(0x0000006d2b700000,0x0000006d2b800000)]
  0x000001acfa4ec6e0 JavaThread "Cache worker for Build Output Cleanup Cache (C:\Users\halag\Documents\cs\year_project\test_app2\.gradle\buildOutputCleanup)" [_thread_blocked, id=7776, stack(0x0000006d2b800000,0x0000006d2b900000)]
  0x000001acfa4eb1a0 JavaThread "Build operations" [_thread_blocked, id=15424, stack(0x0000006d2b900000,0x0000006d2ba00000)]
  0x000001acfa4ecc30 JavaThread "Build operations Thread 2" [_thread_blocked, id=2980, stack(0x0000006d2ba00000,0x0000006d2bb00000)]
  0x000001acfa4f1140 JavaThread "Build operations Thread 3" [_thread_blocked, id=2576, stack(0x0000006d2bb00000,0x0000006d2bc00000)]
  0x000001acfa4f1690 JavaThread "Build operations Thread 4" [_thread_blocked, id=11496, stack(0x0000006d2bc00000,0x0000006d2bd00000)]
  0x000001acfa4f0150 JavaThread "jar transforms Thread 4" [_thread_blocked, id=18396, stack(0x0000006d2bd00000,0x0000006d2be00000)]
  0x000001acfa4ee6c0 JavaThread "Memory manager" [_thread_blocked, id=18652, stack(0x0000006d2be00000,0x0000006d2bf00000)]
  0x000001acf80f45f0 JavaThread "build event listener" [_thread_blocked, id=11776, stack(0x0000006d2bf00000,0x0000006d2c000000)]
  0x000001acf80f6080 JavaThread "pool-3-thread-1" [_thread_blocked, id=8828, stack(0x0000006d2c000000,0x0000006d2c100000)]
  0x000001acf80f4b40 JavaThread "build event listener" [_thread_blocked, id=12936, stack(0x0000006d2c100000,0x0000006d2c200000)]
  0x000001acf80f5090 JavaThread "Execution worker for ':'" [_thread_in_Java, id=6788, stack(0x0000006d2c200000,0x0000006d2c300000)]
  0x000001acf80f65d0 JavaThread "Execution worker for ':' Thread 2" [_thread_blocked, id=8164, stack(0x0000006d2c300000,0x0000006d2c400000)]
  0x000001acf80f6b20 JavaThread "Execution worker for ':' Thread 3" [_thread_blocked, id=16076, stack(0x0000006d2c400000,0x0000006d2c500000)]
  0x000001acf80f55e0 JavaThread "Cache worker for execution history cache (C:\Users\halag\Documents\cs\year_project\test_app2\.gradle\7.0.2\executionHistory)" [_thread_blocked, id=11088, stack(0x0000006d2c500000,0x0000006d2c600000)]
  0x000001acfa3d1a90 JavaThread "WorkerExecutor Queue" [_thread_blocked, id=9528, stack(0x0000006d2c600000,0x0000006d2c700000)]

Other Threads:
  0x000001acf7396710 VMThread "VM Thread" [stack: 0x0000006d28c00000,0x0000006d28d00000] [id=12300]
  0x000001acf808b300 WatcherThread [stack: 0x0000006d29800000,0x0000006d29900000] [id=15960]
  0x000001acdaef4620 GCTaskThread "GC Thread#0" [stack: 0x0000006d28700000,0x0000006d28800000] [id=13304]
  0x000001acf8181bf0 GCTaskThread "GC Thread#1" [stack: 0x0000006d29a00000,0x0000006d29b00000] [id=1156]
  0x000001acf8283b30 GCTaskThread "GC Thread#2" [stack: 0x0000006d29b00000,0x0000006d29c00000] [id=17428]
  0x000001acf8e2d210 GCTaskThread "GC Thread#3" [stack: 0x0000006d29c00000,0x0000006d29d00000] [id=19360]
  0x000001acdaf01660 ConcurrentGCThread "G1 Main Marker" [stack: 0x0000006d28800000,0x0000006d28900000] [id=9524]
  0x000001acdaf030e0 ConcurrentGCThread "G1 Conc#0" [stack: 0x0000006d28900000,0x0000006d28a00000] [id=18060]
  0x000001acdaf794b0 ConcurrentGCThread "G1 Refine#0" [stack: 0x0000006d28a00000,0x0000006d28b00000] [id=5384]
  0x000001acfa4f3470 ConcurrentGCThread "G1 Refine#1" [stack: 0x0000006d2b200000,0x0000006d2b300000] [id=2820]
  0x000001acdaf7af40 ConcurrentGCThread "G1 Service" [stack: 0x0000006d28b00000,0x0000006d28c00000] [id=18996]

Threads with active compile tasks:
C2 CompilerThread0    15777 9915       4       com.android.utils.XmlUtils::append (647 bytes)
C2 CompilerThread1    15777 9941       4       org.gradle.internal.file.DefaultFileHierarchySet$Node::isChildOfOrThis (110 bytes)

VM state: not at safepoint (normal execution)

VM Mutex/Monitor currently owned by a thread: None

Heap address: 0x00000000a0000000, size: 1536 MB, Compressed Oops mode: 32-bit

CDS archive(s) mapped at: [0x0000000800000000-0x0000000800bb0000-0x0000000800bb0000), size 12255232, SharedBaseAddress: 0x0000000800000000, ArchiveRelocationMode: 0.
Compressed class space mapped at: 0x0000000800c00000-0x0000000840c00000, reserved size: 1073741824
Narrow klass base: 0x0000000800000000, Narrow klass shift: 3, Narrow klass range: 0x100000000

GC Precious Log:
 CPUs: 4 total, 4 available
 Memory: 8089M
 Large Page Support: Disabled
 NUMA Support: Disabled
 Compressed Oops: Enabled (32-bit)
 Heap Region Size: 1M
 Heap Min Capacity: 8M
 Heap Initial Capacity: 128M
 Heap Max Capacity: 1536M
 Pre-touch: Disabled
 Parallel Workers: 4
 Concurrent Workers: 1
 Concurrent Refinement Workers: 4
 Periodic GC: Disabled

Heap:
 garbage-first heap   total 184320K, used 109695K [0x00000000a0000000, 0x0000000100000000)
  region size 1024K, 9 young (9216K), 2 survivors (2048K)
 Metaspace       used 73290K, committed 73920K, reserved 1114112K
  class space    used 9725K, committed 10048K, reserved 1048576K

Heap Regions: E=young(eden), S=young(survivor), O=old, HS=humongous(starts), HC=humongous(continues), CS=collection set, F=free, OA=open archive, CA=closed archive, TAMS=top-at-mark-start (previous, next)
|   0|0x00000000a0000000, 0x00000000a0100000, 0x00000000a0100000|100%|HS|  |TAMS 0x00000000a0100000, 0x00000000a0000000| Complete 
|   1|0x00000000a0100000, 0x00000000a0200000, 0x00000000a0200000|100%|HC|  |TAMS 0x00000000a0200000, 0x00000000a0100000| Complete 
|   2|0x00000000a0200000, 0x00000000a0300000, 0x00000000a0300000|100%|HC|  |TAMS 0x00000000a0300000, 0x00000000a0200000| Complete 
|   3|0x00000000a0300000, 0x00000000a0400000, 0x00000000a0400000|100%| O|  |TAMS 0x00000000a0400000, 0x00000000a0300000| Updating 
|   4|0x00000000a0400000, 0x00000000a0500000, 0x00000000a0500000|100%| O|  |TAMS 0x00000000a0500000, 0x00000000a0400000| Updating 
|   5|0x00000000a0500000, 0x00000000a0600000, 0x00000000a0600000|100%| O|  |TAMS 0x00000000a0600000, 0x00000000a0500000| Updating 
|   6|0x00000000a0600000, 0x00000000a0700000, 0x00000000a0700000|100%| O|  |TAMS 0x00000000a0700000, 0x00000000a0600000| Updating 
|   7|0x00000000a0700000, 0x00000000a0800000, 0x00000000a0800000|100%| O|  |TAMS 0x00000000a0800000, 0x00000000a0700000| Updating 
|   8|0x00000000a0800000, 0x00000000a0900000, 0x00000000a0900000|100%| O|  |TAMS 0x00000000a0900000, 0x00000000a0800000| Updating 
|   9|0x00000000a0900000, 0x00000000a0a00000, 0x00000000a0a00000|100%| O|  |TAMS 0x00000000a0a00000, 0x00000000a0900000| Updating 
|  10|0x00000000a0a00000, 0x00000000a0b00000, 0x00000000a0b00000|100%| O|  |TAMS 0x00000000a0b00000, 0x00000000a0a00000| Updating 
|  11|0x00000000a0b00000, 0x00000000a0c00000, 0x00000000a0c00000|100%| O|  |TAMS 0x00000000a0c00000, 0x00000000a0b00000| Updating 
|  12|0x00000000a0c00000, 0x00000000a0d00000, 0x00000000a0d00000|100%| O|  |TAMS 0x00000000a0d00000, 0x00000000a0c00000| Updating 
|  13|0x00000000a0d00000, 0x00000000a0e00000, 0x00000000a0e00000|100%| O|  |TAMS 0x00000000a0e00000, 0x00000000a0d00000| Updating 
|  14|0x00000000a0e00000, 0x00000000a0f00000, 0x00000000a0f00000|100%| O|  |TAMS 0x00000000a0f00000, 0x00000000a0e00000| Updating 
|  15|0x00000000a0f00000, 0x00000000a1000000, 0x00000000a1000000|100%| O|  |TAMS 0x00000000a1000000, 0x00000000a0f00000| Updating 
|  16|0x00000000a1000000, 0x00000000a1100000, 0x00000000a1100000|100%| O|  |TAMS 0x00000000a1100000, 0x00000000a1000000| Updating 
|  17|0x00000000a1100000, 0x00000000a1184a00, 0x00000000a1200000| 51%| O|  |TAMS 0x00000000a1184a00, 0x00000000a1100000| Updating 
|  18|0x00000000a1200000, 0x00000000a1300000, 0x00000000a1300000|100%| O|  |TAMS 0x00000000a1300000, 0x00000000a1200000| Updating 
|  19|0x00000000a1300000, 0x00000000a1400000, 0x00000000a1400000|100%| O|  |TAMS 0x00000000a1400000, 0x00000000a1300000| Updating 
|  20|0x00000000a1400000, 0x00000000a1500000, 0x00000000a1500000|100%| O|  |TAMS 0x00000000a1500000, 0x00000000a1400000| Updating 
|  21|0x00000000a1500000, 0x00000000a1600000, 0x00000000a1600000|100%| O|  |TAMS 0x00000000a1600000, 0x00000000a1500000| Updating 
|  22|0x00000000a1600000, 0x00000000a1700000, 0x00000000a1700000|100%| O|  |TAMS 0x00000000a1700000, 0x00000000a1600000| Updating 
|  23|0x00000000a1700000, 0x00000000a1800000, 0x00000000a1800000|100%| O|  |TAMS 0x00000000a1800000, 0x00000000a1700000| Updating 
|  24|0x00000000a1800000, 0x00000000a1900000, 0x00000000a1900000|100%| O|  |TAMS 0x00000000a1900000, 0x00000000a1800000| Updating 
|  25|0x00000000a1900000, 0x00000000a1a00000, 0x00000000a1a00000|100%| O|  |TAMS 0x00000000a1a00000, 0x00000000a1900000| Updating 
|  26|0x00000000a1a00000, 0x00000000a1b00000, 0x00000000a1b00000|100%|HS|  |TAMS 0x00000000a1b00000, 0x00000000a1a00000| Complete 
|  27|0x00000000a1b00000, 0x00000000a1c00000, 0x00000000a1c00000|100%|HS|  |TAMS 0x00000000a1c00000, 0x00000000a1b00000| Complete 
|  28|0x00000000a1c00000, 0x00000000a1d00000, 0x00000000a1d00000|100%|HS|  |TAMS 0x00000000a1d00000, 0x00000000a1c00000| Complete 
|  29|0x00000000a1d00000, 0x00000000a1e00000, 0x00000000a1e00000|100%| O|  |TAMS 0x00000000a1e00000, 0x00000000a1d00000| Updating 
|  30|0x00000000a1e00000, 0x00000000a1f00000, 0x00000000a1f00000|100%| O|  |TAMS 0x00000000a1f00000, 0x00000000a1e00000| Updating 
|  31|0x00000000a1f00000, 0x00000000a2000000, 0x00000000a2000000|100%| O|  |TAMS 0x00000000a2000000, 0x00000000a1f00000| Updating 
|  32|0x00000000a2000000, 0x00000000a2100000, 0x00000000a2100000|100%| O|  |TAMS 0x00000000a2100000, 0x00000000a2000000| Updating 
|  33|0x00000000a2100000, 0x00000000a2200000, 0x00000000a2200000|100%| O|  |TAMS 0x00000000a2200000, 0x00000000a2100000| Updating 
|  34|0x00000000a2200000, 0x00000000a2300000, 0x00000000a2300000|100%| O|  |TAMS 0x00000000a2300000, 0x00000000a2200000| Updating 
|  35|0x00000000a2300000, 0x00000000a2400000, 0x00000000a2400000|100%|HS|  |TAMS 0x00000000a2400000, 0x00000000a2300000| Complete 
|  36|0x00000000a2400000, 0x00000000a2500000, 0x00000000a2500000|100%|HC|  |TAMS 0x00000000a2500000, 0x00000000a2400000| Complete 
|  37|0x00000000a2500000, 0x00000000a2600000, 0x00000000a2600000|100%|HC|  |TAMS 0x00000000a2600000, 0x00000000a2500000| Complete 
|  38|0x00000000a2600000, 0x00000000a2700000, 0x00000000a2700000|100%|HS|  |TAMS 0x00000000a2700000, 0x00000000a2600000| Complete 
|  39|0x00000000a2700000, 0x00000000a2800000, 0x00000000a2800000|100%|HC|  |TAMS 0x00000000a2800000, 0x00000000a2700000| Complete 
|  40|0x00000000a2800000, 0x00000000a2900000, 0x00000000a2900000|100%| O|  |TAMS 0x00000000a2900000, 0x00000000a2800000| Updating 
|  41|0x00000000a2900000, 0x00000000a2a00000, 0x00000000a2a00000|100%| O|  |TAMS 0x00000000a2a00000, 0x00000000a2900000| Updating 
|  42|0x00000000a2a00000, 0x00000000a2b00000, 0x00000000a2b00000|100%| O|  |TAMS 0x00000000a2b00000, 0x00000000a2a00000| Updating 
|  43|0x00000000a2b00000, 0x00000000a2c00000, 0x00000000a2c00000|100%| O|  |TAMS 0x00000000a2c00000, 0x00000000a2b00000| Updating 
|  44|0x00000000a2c00000, 0x00000000a2d00000, 0x00000000a2d00000|100%| O|  |TAMS 0x00000000a2d00000, 0x00000000a2c00000| Updating 
|  45|0x00000000a2d00000, 0x00000000a2e00000, 0x00000000a2e00000|100%| O|  |TAMS 0x00000000a2e00000, 0x00000000a2d00000| Updating 
|  46|0x00000000a2e00000, 0x00000000a2f00000, 0x00000000a2f00000|100%| O|  |TAMS 0x00000000a2f00000, 0x00000000a2e00000| Updating 
|  47|0x00000000a2f00000, 0x00000000a3000000, 0x00000000a3000000|100%| O|  |TAMS 0x00000000a3000000, 0x00000000a2f00000| Updating 
|  48|0x00000000a3000000, 0x00000000a3100000, 0x00000000a3100000|100%| O|  |TAMS 0x00000000a3100000, 0x00000000a3000000| Updating 
|  49|0x00000000a3100000, 0x00000000a3200000, 0x00000000a3200000|100%| O|  |TAMS 0x00000000a3200000, 0x00000000a3100000| Updating 
|  50|0x00000000a3200000, 0x00000000a3300000, 0x00000000a3300000|100%| O|  |TAMS 0x00000000a3300000, 0x00000000a3200000| Updating 
|  51|0x00000000a3300000, 0x00000000a3400000, 0x00000000a3400000|100%| O|  |TAMS 0x00000000a3400000, 0x00000000a3300000| Updating 
|  52|0x00000000a3400000, 0x00000000a3500000, 0x00000000a3500000|100%| O|  |TAMS 0x00000000a3500000, 0x00000000a3400000| Updating 
|  53|0x00000000a3500000, 0x00000000a3600000, 0x00000000a3600000|100%| O|  |TAMS 0x00000000a3600000, 0x00000000a3500000| Updating 
|  54|0x00000000a3600000, 0x00000000a3700000, 0x00000000a3700000|100%| O|  |TAMS 0x00000000a3700000, 0x00000000a3600000| Updating 
|  55|0x00000000a3700000, 0x00000000a3800000, 0x00000000a3800000|100%| O|  |TAMS 0x00000000a3800000, 0x00000000a3700000| Updating 
|  56|0x00000000a3800000, 0x00000000a3900000, 0x00000000a3900000|100%| O|  |TAMS 0x00000000a3900000, 0x00000000a3800000| Updating 
|  57|0x00000000a3900000, 0x00000000a3a00000, 0x00000000a3a00000|100%| O|  |TAMS 0x00000000a3a00000, 0x00000000a3900000| Updating 
|  58|0x00000000a3a00000, 0x00000000a3b00000, 0x00000000a3b00000|100%| O|  |TAMS 0x00000000a3b00000, 0x00000000a3a00000| Updating 
|  59|0x00000000a3b00000, 0x00000000a3c00000, 0x00000000a3c00000|100%| O|  |TAMS 0x00000000a3c00000, 0x00000000a3b00000| Updating 
|  60|0x00000000a3c00000, 0x00000000a3d00000, 0x00000000a3d00000|100%| O|  |TAMS 0x00000000a3d00000, 0x00000000a3c00000| Updating 
|  61|0x00000000a3d00000, 0x00000000a3e00000, 0x00000000a3e00000|100%| O|  |TAMS 0x00000000a3e00000, 0x00000000a3d00000| Updating 
|  62|0x00000000a3e00000, 0x00000000a3f00000, 0x00000000a3f00000|100%| O|  |TAMS 0x00000000a3f00000, 0x00000000a3e00000| Updating 
|  63|0x00000000a3f00000, 0x00000000a4000000, 0x00000000a4000000|100%| O|  |TAMS 0x00000000a4000000, 0x00000000a3f00000| Updating 
|  64|0x00000000a4000000, 0x00000000a4100000, 0x00000000a4100000|100%| O|  |TAMS 0x00000000a4100000, 0x00000000a4000000| Updating 
|  65|0x00000000a4100000, 0x00000000a4200000, 0x00000000a4200000|100%| O|  |TAMS 0x00000000a4200000, 0x00000000a4100000| Updating 
|  66|0x00000000a4200000, 0x00000000a4300000, 0x00000000a4300000|100%| O|  |TAMS 0x00000000a4300000, 0x00000000a4200000| Updating 
|  67|0x00000000a4300000, 0x00000000a4400000, 0x00000000a4400000|100%| O|  |TAMS 0x00000000a4400000, 0x00000000a4300000| Updating 
|  68|0x00000000a4400000, 0x00000000a4500000, 0x00000000a4500000|100%| O|  |TAMS 0x00000000a4500000, 0x00000000a4400000| Updating 
|  69|0x00000000a4500000, 0x00000000a4600000, 0x00000000a4600000|100%| O|  |TAMS 0x00000000a4600000, 0x00000000a4500000| Updating 
|  70|0x00000000a4600000, 0x00000000a4700000, 0x00000000a4700000|100%| O|  |TAMS 0x00000000a4700000, 0x00000000a4600000| Updating 
|  71|0x00000000a4700000, 0x00000000a4800000, 0x00000000a4800000|100%| O|  |TAMS 0x00000000a4800000, 0x00000000a4700000| Updating 
|  72|0x00000000a4800000, 0x00000000a4900000, 0x00000000a4900000|100%| O|  |TAMS 0x00000000a4900000, 0x00000000a4800000| Updating 
|  73|0x00000000a4900000, 0x00000000a4a00000, 0x00000000a4a00000|100%| O|  |TAMS 0x00000000a4a00000, 0x00000000a4900000| Updating 
|  74|0x00000000a4a00000, 0x00000000a4b00000, 0x00000000a4b00000|100%| O|  |TAMS 0x00000000a4a00000, 0x00000000a4a00000| Untracked 
|  75|0x00000000a4b00000, 0x00000000a4c00000, 0x00000000a4c00000|100%| O|  |TAMS 0x00000000a4b00000, 0x00000000a4b00000| Untracked 
|  76|0x00000000a4c00000, 0x00000000a4d00000, 0x00000000a4d00000|100%|HS|  |TAMS 0x00000000a4d00000, 0x00000000a4c00000| Complete 
|  77|0x00000000a4d00000, 0x00000000a4e00000, 0x00000000a4e00000|100%| O|  |TAMS 0x00000000a4e00000, 0x00000000a4d00000| Updating 
|  78|0x00000000a4e00000, 0x00000000a4f00000, 0x00000000a4f00000|100%| O|  |TAMS 0x00000000a4f00000, 0x00000000a4e00000| Updating 
|  79|0x00000000a4f00000, 0x00000000a5000000, 0x00000000a5000000|100%| O|  |TAMS 0x00000000a5000000, 0x00000000a4f00000| Updating 
|  80|0x00000000a5000000, 0x00000000a5100000, 0x00000000a5100000|100%| O|  |TAMS 0x00000000a5100000, 0x00000000a5000000| Updating 
|  81|0x00000000a5100000, 0x00000000a5200000, 0x00000000a5200000|100%| O|  |TAMS 0x00000000a5200000, 0x00000000a5100000| Updating 
|  82|0x00000000a5200000, 0x00000000a5300000, 0x00000000a5300000|100%| O|  |TAMS 0x00000000a5300000, 0x00000000a5200000| Updating 
|  83|0x00000000a5300000, 0x00000000a5400000, 0x00000000a5400000|100%| O|  |TAMS 0x00000000a5400000, 0x00000000a5300000| Updating 
|  84|0x00000000a5400000, 0x00000000a5500000, 0x00000000a5500000|100%| O|  |TAMS 0x00000000a5500000, 0x00000000a5400000| Updating 
|  85|0x00000000a5500000, 0x00000000a5600000, 0x00000000a5600000|100%| O|  |TAMS 0x00000000a5600000, 0x00000000a5500000| Updating 
|  86|0x00000000a5600000, 0x00000000a5700000, 0x00000000a5700000|100%| O|  |TAMS 0x00000000a5700000, 0x00000000a5600000| Updating 
|  87|0x00000000a5700000, 0x00000000a5800000, 0x00000000a5800000|100%| O|  |TAMS 0x00000000a5800000, 0x00000000a5700000| Updating 
|  88|0x00000000a5800000, 0x00000000a5900000, 0x00000000a5900000|100%| O|  |TAMS 0x00000000a5800000, 0x00000000a5800000| Untracked 
|  89|0x00000000a5900000, 0x00000000a5a00000, 0x00000000a5a00000|100%| O|  |TAMS 0x00000000a5900000, 0x00000000a5900000| Untracked 
|  90|0x00000000a5a00000, 0x00000000a5af7e00, 0x00000000a5b00000| 96%| O|  |TAMS 0x00000000a5a00000, 0x00000000a5a00000| Untracked 
|  91|0x00000000a5b00000, 0x00000000a5c00000, 0x00000000a5c00000|100%|HS|  |TAMS 0x00000000a5b00000, 0x00000000a5b00000| Complete 
|  92|0x00000000a5c00000, 0x00000000a5d00000, 0x00000000a5d00000|100%| O|  |TAMS 0x00000000a5cfc200, 0x00000000a5c00000| Updating 
|  93|0x00000000a5d00000, 0x00000000a5e00000, 0x00000000a5e00000|100%|HS|  |TAMS 0x00000000a5d00000, 0x00000000a5d00000| Complete 
|  94|0x00000000a5e00000, 0x00000000a5f00000, 0x00000000a5f00000|100%|HC|  |TAMS 0x00000000a5e00000, 0x00000000a5e00000| Complete 
|  95|0x00000000a5f00000, 0x00000000a6000000, 0x00000000a6000000|100%|HS|  |TAMS 0x00000000a5f00000, 0x00000000a5f00000| Complete 
|  96|0x00000000a6000000, 0x00000000a6100000, 0x00000000a6100000|100%|HS|  |TAMS 0x00000000a6000000, 0x00000000a6000000| Complete 
|  97|0x00000000a6100000, 0x00000000a6200000, 0x00000000a6200000|100%|HC|  |TAMS 0x00000000a6100000, 0x00000000a6100000| Complete 
|  98|0x00000000a6200000, 0x00000000a6300000, 0x00000000a6300000|100%|HS|  |TAMS 0x00000000a6200000, 0x00000000a6200000| Complete 
|  99|0x00000000a6300000, 0x00000000a6400000, 0x00000000a6400000|100%|HC|  |TAMS 0x00000000a6300000, 0x00000000a6300000| Complete 
| 100|0x00000000a6400000, 0x00000000a6400000, 0x00000000a6500000|  0%| F|  |TAMS 0x00000000a6400000, 0x00000000a6400000| Untracked 
| 101|0x00000000a6500000, 0x00000000a6500000, 0x00000000a6600000|  0%| F|  |TAMS 0x00000000a6500000, 0x00000000a6500000| Untracked 
| 102|0x00000000a6600000, 0x00000000a6600000, 0x00000000a6700000|  0%| F|  |TAMS 0x00000000a6600000, 0x00000000a6600000| Untracked 
| 103|0x00000000a6700000, 0x00000000a6700000, 0x00000000a6800000|  0%| F|  |TAMS 0x00000000a6700000, 0x00000000a6700000| Untracked 
| 104|0x00000000a6800000, 0x00000000a6800000, 0x00000000a6900000|  0%| F|  |TAMS 0x00000000a6800000, 0x00000000a6800000| Untracked 
| 105|0x00000000a6900000, 0x00000000a6900000, 0x00000000a6a00000|  0%| F|  |TAMS 0x00000000a6900000, 0x00000000a6900000| Untracked 
| 106|0x00000000a6a00000, 0x00000000a6a00000, 0x00000000a6b00000|  0%| F|  |TAMS 0x00000000a6a00000, 0x00000000a6a00000| Untracked 
| 107|0x00000000a6b00000, 0x00000000a6b00000, 0x00000000a6c00000|  0%| F|  |TAMS 0x00000000a6b00000, 0x00000000a6b00000| Untracked 
| 108|0x00000000a6c00000, 0x00000000a6c00000, 0x00000000a6d00000|  0%| F|  |TAMS 0x00000000a6c00000, 0x00000000a6c00000| Untracked 
| 109|0x00000000a6d00000, 0x00000000a6d00000, 0x00000000a6e00000|  0%| F|  |TAMS 0x00000000a6d00000, 0x00000000a6d00000| Untracked 
| 110|0x00000000a6e00000, 0x00000000a6e00000, 0x00000000a6f00000|  0%| F|  |TAMS 0x00000000a6e00000, 0x00000000a6e00000| Untracked 
| 111|0x00000000a6f00000, 0x00000000a6f00000, 0x00000000a7000000|  0%| F|  |TAMS 0x00000000a6f00000, 0x00000000a6f00000| Untracked 
| 112|0x00000000a7000000, 0x00000000a7000000, 0x00000000a7100000|  0%| F|  |TAMS 0x00000000a7000000, 0x00000000a7000000| Untracked 
| 113|0x00000000a7100000, 0x00000000a7100000, 0x00000000a7200000|  0%| F|  |TAMS 0x00000000a7100000, 0x00000000a7100000| Untracked 
| 114|0x00000000a7200000, 0x00000000a7200000, 0x00000000a7300000|  0%| F|  |TAMS 0x00000000a7200000, 0x00000000a7200000| Untracked 
| 115|0x00000000a7300000, 0x00000000a7300000, 0x00000000a7400000|  0%| F|  |TAMS 0x00000000a7300000, 0x00000000a7300000| Untracked 
| 116|0x00000000a7400000, 0x00000000a7400000, 0x00000000a7500000|  0%| F|  |TAMS 0x00000000a7400000, 0x00000000a7400000| Untracked 
| 117|0x00000000a7500000, 0x00000000a7500000, 0x00000000a7600000|  0%| F|  |TAMS 0x00000000a7500000, 0x00000000a7500000| Untracked 
| 118|0x00000000a7600000, 0x00000000a7600000, 0x00000000a7700000|  0%| F|  |TAMS 0x00000000a7600000, 0x00000000a7600000| Untracked 
| 119|0x00000000a7700000, 0x00000000a7700000, 0x00000000a7800000|  0%| F|  |TAMS 0x00000000a7700000, 0x00000000a7700000| Untracked 
| 120|0x00000000a7800000, 0x00000000a7800000, 0x00000000a7900000|  0%| F|  |TAMS 0x00000000a7800000, 0x00000000a7800000| Untracked 
| 121|0x00000000a7900000, 0x00000000a7900000, 0x00000000a7a00000|  0%| F|  |TAMS 0x00000000a7900000, 0x00000000a7900000| Untracked 
| 122|0x00000000a7a00000, 0x00000000a7a00000, 0x00000000a7b00000|  0%| F|  |TAMS 0x00000000a7a00000, 0x00000000a7a00000| Untracked 
| 123|0x00000000a7b00000, 0x00000000a7b00000, 0x00000000a7c00000|  0%| F|  |TAMS 0x00000000a7b00000, 0x00000000a7b00000| Untracked 
| 124|0x00000000a7c00000, 0x00000000a7c00000, 0x00000000a7d00000|  0%| F|  |TAMS 0x00000000a7c00000, 0x00000000a7c00000| Untracked 
| 125|0x00000000a7d00000, 0x00000000a7d00000, 0x00000000a7e00000|  0%| F|  |TAMS 0x00000000a7d00000, 0x00000000a7d00000| Untracked 
| 126|0x00000000a7e00000, 0x00000000a7e00000, 0x00000000a7f00000|  0%| F|  |TAMS 0x00000000a7e00000, 0x00000000a7e00000| Untracked 
| 127|0x00000000a7f00000, 0x00000000a7f00000, 0x00000000a8000000|  0%| F|  |TAMS 0x00000000a7f00000, 0x00000000a7f00000| Untracked 
| 128|0x00000000a8000000, 0x00000000a8000000, 0x00000000a8100000|  0%| F|  |TAMS 0x00000000a8000000, 0x00000000a8000000| Untracked 
| 129|0x00000000a8100000, 0x00000000a8100000, 0x00000000a8200000|  0%| F|  |TAMS 0x00000000a8100000, 0x00000000a8100000| Untracked 
| 130|0x00000000a8200000, 0x00000000a8200000, 0x00000000a8300000|  0%| F|  |TAMS 0x00000000a8200000, 0x00000000a8200000| Untracked 
| 131|0x00000000a8300000, 0x00000000a8300000, 0x00000000a8400000|  0%| F|  |TAMS 0x00000000a8300000, 0x00000000a8300000| Untracked 
| 132|0x00000000a8400000, 0x00000000a8400000, 0x00000000a8500000|  0%| F|  |TAMS 0x00000000a8400000, 0x00000000a8400000| Untracked 
| 133|0x00000000a8500000, 0x00000000a8500000, 0x00000000a8600000|  0%| F|  |TAMS 0x00000000a8500000, 0x00000000a8500000| Untracked 
| 134|0x00000000a8600000, 0x00000000a8600000, 0x00000000a8700000|  0%| F|  |TAMS 0x00000000a8600000, 0x00000000a8600000| Untracked 
| 135|0x00000000a8700000, 0x00000000a8700000, 0x00000000a8800000|  0%| F|  |TAMS 0x00000000a8700000, 0x00000000a8700000| Untracked 
| 136|0x00000000a8800000, 0x00000000a8800000, 0x00000000a8900000|  0%| F|  |TAMS 0x00000000a8800000, 0x00000000a8800000| Untracked 
| 137|0x00000000a8900000, 0x00000000a8900000, 0x00000000a8a00000|  0%| F|  |TAMS 0x00000000a8900000, 0x00000000a8900000| Untracked 
| 138|0x00000000a8a00000, 0x00000000a8a00000, 0x00000000a8b00000|  0%| F|  |TAMS 0x00000000a8a00000, 0x00000000a8a00000| Untracked 
| 139|0x00000000a8b00000, 0x00000000a8b00000, 0x00000000a8c00000|  0%| F|  |TAMS 0x00000000a8b00000, 0x00000000a8b00000| Untracked 
| 140|0x00000000a8c00000, 0x00000000a8c00000, 0x00000000a8d00000|  0%| F|  |TAMS 0x00000000a8c00000, 0x00000000a8c00000| Untracked 
| 141|0x00000000a8d00000, 0x00000000a8d00000, 0x00000000a8e00000|  0%| F|  |TAMS 0x00000000a8d00000, 0x00000000a8d00000| Untracked 
| 142|0x00000000a8e00000, 0x00000000a8e00000, 0x00000000a8f00000|  0%| F|  |TAMS 0x00000000a8e00000, 0x00000000a8e00000| Untracked 
| 143|0x00000000a8f00000, 0x00000000a8f00000, 0x00000000a9000000|  0%| F|  |TAMS 0x00000000a8f00000, 0x00000000a8f00000| Untracked 
| 144|0x00000000a9000000, 0x00000000a9000000, 0x00000000a9100000|  0%| F|  |TAMS 0x00000000a9000000, 0x00000000a9000000| Untracked 
| 145|0x00000000a9100000, 0x00000000a9100000, 0x00000000a9200000|  0%| F|  |TAMS 0x00000000a9100000, 0x00000000a9100000| Untracked 
| 146|0x00000000a9200000, 0x00000000a92a34a0, 0x00000000a9300000| 63%| S|CS|TAMS 0x00000000a9200000, 0x00000000a9200000| Complete 
| 147|0x00000000a9300000, 0x00000000a9400000, 0x00000000a9400000|100%| S|CS|TAMS 0x00000000a9300000, 0x00000000a9300000| Complete 
| 148|0x00000000a9400000, 0x00000000a9400000, 0x00000000a9500000|  0%| F|  |TAMS 0x00000000a9400000, 0x00000000a9400000| Untracked 
| 149|0x00000000a9500000, 0x00000000a9500000, 0x00000000a9600000|  0%| F|  |TAMS 0x00000000a9500000, 0x00000000a9500000| Untracked 
| 150|0x00000000a9600000, 0x00000000a9600000, 0x00000000a9700000|  0%| F|  |TAMS 0x00000000a9600000, 0x00000000a9600000| Untracked 
| 151|0x00000000a9700000, 0x00000000a9800000, 0x00000000a9800000|100%| E|CS|TAMS 0x00000000a9700000, 0x00000000a9700000| Complete 
| 152|0x00000000a9800000, 0x00000000a9900000, 0x00000000a9900000|100%| E|CS|TAMS 0x00000000a9800000, 0x00000000a9800000| Complete 
| 153|0x00000000a9900000, 0x00000000a9a00000, 0x00000000a9a00000|100%| E|CS|TAMS 0x00000000a9900000, 0x00000000a9900000| Complete 
| 154|0x00000000a9a00000, 0x00000000a9b00000, 0x00000000a9b00000|100%| E|CS|TAMS 0x00000000a9a00000, 0x00000000a9a00000| Complete 
| 155|0x00000000a9b00000, 0x00000000a9c00000, 0x00000000a9c00000|100%| E|CS|TAMS 0x00000000a9b00000, 0x00000000a9b00000| Complete 
| 156|0x00000000a9c00000, 0x00000000a9d00000, 0x00000000a9d00000|100%| E|CS|TAMS 0x00000000a9c00000, 0x00000000a9c00000| Complete 
| 157|0x00000000a9d00000, 0x00000000a9d00000, 0x00000000a9e00000|  0%| F|  |TAMS 0x00000000a9d00000, 0x00000000a9d00000| Untracked 
| 158|0x00000000a9e00000, 0x00000000a9e00000, 0x00000000a9f00000|  0%| F|  |TAMS 0x00000000a9e00000, 0x00000000a9e00000| Untracked 
| 159|0x00000000a9f00000, 0x00000000a9f00000, 0x00000000aa000000|  0%| F|  |TAMS 0x00000000a9f00000, 0x00000000a9f00000| Untracked 
| 160|0x00000000aa000000, 0x00000000aa000000, 0x00000000aa100000|  0%| F|  |TAMS 0x00000000aa000000, 0x00000000aa000000| Untracked 
| 161|0x00000000aa100000, 0x00000000aa100000, 0x00000000aa200000|  0%| F|  |TAMS 0x00000000aa100000, 0x00000000aa100000| Untracked 
| 162|0x00000000aa200000, 0x00000000aa200000, 0x00000000aa300000|  0%| F|  |TAMS 0x00000000aa200000, 0x00000000aa200000| Untracked 
| 163|0x00000000aa300000, 0x00000000aa300000, 0x00000000aa400000|  0%| F|  |TAMS 0x00000000aa300000, 0x00000000aa300000| Untracked 
| 164|0x00000000aa400000, 0x00000000aa400000, 0x00000000aa500000|  0%| F|  |TAMS 0x00000000aa400000, 0x00000000aa400000| Untracked 
| 165|0x00000000aa500000, 0x00000000aa500000, 0x00000000aa600000|  0%| F|  |TAMS 0x00000000aa500000, 0x00000000aa500000| Untracked 
| 166|0x00000000aa600000, 0x00000000aa600000, 0x00000000aa700000|  0%| F|  |TAMS 0x00000000aa600000, 0x00000000aa600000| Untracked 
| 167|0x00000000aa700000, 0x00000000aa700000, 0x00000000aa800000|  0%| F|  |TAMS 0x00000000aa700000, 0x00000000aa700000| Untracked 
| 168|0x00000000aa800000, 0x00000000aa800000, 0x00000000aa900000|  0%| F|  |TAMS 0x00000000aa800000, 0x00000000aa800000| Untracked 
| 169|0x00000000aa900000, 0x00000000aa900000, 0x00000000aaa00000|  0%| F|  |TAMS 0x00000000aa900000, 0x00000000aa900000| Untracked 
| 170|0x00000000aaa00000, 0x00000000aaa00000, 0x00000000aab00000|  0%| F|  |TAMS 0x00000000aaa00000, 0x00000000aaa00000| Untracked 
| 171|0x00000000aab00000, 0x00000000aab00000, 0x00000000aac00000|  0%| F|  |TAMS 0x00000000aab00000, 0x00000000aab00000| Untracked 
| 172|0x00000000aac00000, 0x00000000aac00000, 0x00000000aad00000|  0%| F|  |TAMS 0x00000000aac00000, 0x00000000aac00000| Untracked 
| 173|0x00000000aad00000, 0x00000000aad00000, 0x00000000aae00000|  0%| F|  |TAMS 0x00000000aad00000, 0x00000000aad00000| Untracked 
| 174|0x00000000aae00000, 0x00000000aae00000, 0x00000000aaf00000|  0%| F|  |TAMS 0x00000000aae00000, 0x00000000aae00000| Untracked 
| 175|0x00000000aaf00000, 0x00000000aaf00000, 0x00000000ab000000|  0%| F|  |TAMS 0x00000000aaf00000, 0x00000000aaf00000| Untracked 
| 176|0x00000000ab000000, 0x00000000ab000000, 0x00000000ab100000|  0%| F|  |TAMS 0x00000000ab000000, 0x00000000ab000000| Untracked 
| 177|0x00000000ab100000, 0x00000000ab100000, 0x00000000ab200000|  0%| F|  |TAMS 0x00000000ab100000, 0x00000000ab100000| Untracked 
| 178|0x00000000ab200000, 0x00000000ab200000, 0x00000000ab300000|  0%| F|  |TAMS 0x00000000ab200000, 0x00000000ab200000| Untracked 
| 179|0x00000000ab300000, 0x00000000ab3bc7c0, 0x00000000ab400000| 73%| E|  |TAMS 0x00000000ab300000, 0x00000000ab300000| Complete 

Card table byte_map: [0x000001acf1940000,0x000001acf1c40000] _byte_map_base: 0x000001acf1440000

Marking Bits (Prev, Next): (CMBitMap*) 0x000001acdaef4c90, (CMBitMap*) 0x000001acdaef4cd0
 Prev Bits: [0x000001acf1f40000, 0x000001acf3740000)
 Next Bits: [0x000001acf3740000, 0x000001acf4f40000)

Polling page: 0x000001acd8d90000

Metaspace:

Usage:
  Non-class:     62.08 MB used.
      Class:      9.50 MB used.
       Both:     71.57 MB used.

Virtual space:
  Non-class space:       64.00 MB reserved,      62.38 MB ( 97%) committed,  8 nodes.
      Class space:        1.00 GB reserved,       9.81 MB ( <1%) committed,  1 nodes.
              Both:        1.06 GB reserved,      72.19 MB (  7%) committed. 

Chunk freelists:
   Non-Class:  1012.00 KB
       Class:  2.17 MB
        Both:  3.16 MB

MaxMetaspaceSize: 17179869184.00 GB
CompressedClassSpaceSize: 1.00 GB
 - commit_granule_bytes: 65536.
 - commit_granule_words: 8192.
 - virtual_space_node_default_size: 1048576.
 - enlarge_chunks_in_place: 1.
 - new_chunks_are_fully_committed: 0.
 - uncommit_free_chunks: 1.
 - use_allocation_guard: 0.
 - handle_deallocations: 1.


Internal statistics:

num_allocs_failed_limit: 9.
num_arena_births: 754.
num_arena_deaths: 4.
num_vsnodes_births: 9.
num_vsnodes_deaths: 0.
num_space_committed: 1155.
num_space_uncommitted: 0.
num_chunks_returned_to_freelist: 13.
num_chunks_taken_from_freelist: 3702.
num_chunk_merges: 9.
num_chunk_splits: 2412.
num_chunks_enlarged: 1598.
num_purges: 2.

CodeHeap 'non-profiled nmethods': size=120000Kb used=5052Kb max_used=5052Kb free=114947Kb
 bounds [0x000001acea110000, 0x000001acea600000, 0x000001acf1640000]
CodeHeap 'profiled nmethods': size=120000Kb used=18523Kb max_used=18523Kb free=101476Kb
 bounds [0x000001ace2be0000, 0x000001ace3e00000, 0x000001acea110000]
CodeHeap 'non-nmethods': size=5760Kb used=2383Kb max_used=2465Kb free=3376Kb
 bounds [0x000001ace2640000, 0x000001ace28d0000, 0x000001ace2be0000]
 total_blobs=9969 nmethods=9066 adapters=815
 compilation: enabled
              stopped_count=0, restarted_count=0
 full_count=0

Compilation events (20 events):
Event: 15.693 Thread 0x000001acf73b7920 9928       3       org.apache.xerces.dom.NamedNodeMapImpl::setOwnerDocument (43 bytes)
Event: 15.693 Thread 0x000001acf73b7920 nmethod 9928 0x000001ace3df1610 code [0x000001ace3df1800, 0x000001ace3df1d88]
Event: 15.693 Thread 0x000001acf73b7920 9929       3       org.apache.xerces.dom.ParentNode::setOwnerDocument (44 bytes)
Event: 15.693 Thread 0x000001acf73b7920 nmethod 9929 0x000001ace3df1f10 code [0x000001ace3df2120, 0x000001ace3df2988]
Event: 15.693 Thread 0x000001acf73b7920 9927       3       org.apache.xerces.dom.ElementNSImpl::getNamespaceURI (16 bytes)
Event: 15.694 Thread 0x000001acf73b7920 nmethod 9927 0x000001ace3df2b90 code [0x000001ace3df2d40, 0x000001ace3df3008]
Event: 15.711 Thread 0x000001acf73b7920 9930       1       com.google.common.cache.LocalCache$StrongEntry::getValueReference (5 bytes)
Event: 15.712 Thread 0x000001acf73b7920 nmethod 9930 0x000001acea5f8e10 code [0x000001acea5f8fa0, 0x000001acea5f9078]
Event: 15.717 Thread 0x000001acf73b7920 9931       3       java.lang.AbstractStringBuilder::inflate (42 bytes)
Event: 15.717 Thread 0x000001acf80ae6c0 nmethod 9922% 0x000001acea5f9110 code [0x000001acea5f9300, 0x000001acea5f9e58]
Event: 15.717 Thread 0x000001acf80ae6c0 9920       4       com.google.common.collect.AbstractMapBasedMultimap$WrappedCollection$WrappedIterator::next (14 bytes)
Event: 15.717 Thread 0x000001acf73b7920 nmethod 9931 0x000001ace3df3110 code [0x000001ace3df32e0, 0x000001ace3df3618]
Event: 15.720 Thread 0x000001acf80ae6c0 nmethod 9920 0x000001acea5fa510 code [0x000001acea5fa6c0, 0x000001acea5fa8f8]
Event: 15.720 Thread 0x000001acf80ae6c0 9933       4       org.gradle.internal.file.DefaultFileHierarchySet$Node::isChildOfOrThis (110 bytes)
Event: 15.720 Thread 0x000001acf73b7920 9935       1       com.google.common.cache.CacheBuilder$3::read (2 bytes)
Event: 15.720 Thread 0x000001acf73b7920 nmethod 9935 0x000001acea5fab90 code [0x000001acea5fad20, 0x000001acea5fadf8]
Event: 15.726 Thread 0x000001acf73b7920 9936       3       org.apache.xerces.dom.CharacterDataImpl::getNodeValue (16 bytes)
Event: 15.726 Thread 0x000001acf73b7920 nmethod 9936 0x000001ace3df3710 code [0x000001ace3df38c0, 0x000001ace3df3b88]
Event: 15.728 Thread 0x000001acf73b7920 9937       1       com.google.common.cache.LocalCache$2::offer (2 bytes)
Event: 15.728 Thread 0x000001acf73b7920 nmethod 9937 0x000001acea5fae90 code [0x000001acea5fb020, 0x000001acea5fb0f8]

GC Heap History (20 events):
Event: 10.302 GC heap before
{Heap before GC invocations=24 (full 0):
 garbage-first heap   total 104448K, used 78734K [0x00000000a0000000, 0x0000000100000000)
  region size 1024K, 24 young (24576K), 3 survivors (3072K)
 Metaspace       used 54365K, committed 54784K, reserved 1097728K
  class space    used 7116K, committed 7296K, reserved 1048576K
}
Event: 10.309 GC heap after
{Heap after GC invocations=25 (full 0):
 garbage-first heap   total 104448K, used 57966K [0x00000000a0000000, 0x0000000100000000)
  region size 1024K, 3 young (3072K), 3 survivors (3072K)
 Metaspace       used 54365K, committed 54784K, reserved 1097728K
  class space    used 7116K, committed 7296K, reserved 1048576K
}
Event: 10.726 GC heap before
{Heap before GC invocations=25 (full 0):
 garbage-first heap   total 104448K, used 81518K [0x00000000a0000000, 0x0000000100000000)
  region size 1024K, 27 young (27648K), 3 survivors (3072K)
 Metaspace       used 56995K, committed 57472K, reserved 1105920K
  class space    used 7511K, committed 7744K, reserved 1048576K
}
Event: 10.733 GC heap after
{Heap after GC invocations=26 (full 0):
 garbage-first heap   total 104448K, used 59986K [0x00000000a0000000, 0x0000000100000000)
  region size 1024K, 2 young (2048K), 2 survivors (2048K)
 Metaspace       used 56995K, committed 57472K, reserved 1105920K
  class space    used 7511K, committed 7744K, reserved 1048576K
}
Event: 11.232 GC heap before
{Heap before GC invocations=27 (full 0):
 garbage-first heap   total 111616K, used 83538K [0x00000000a0000000, 0x0000000100000000)
  region size 1024K, 25 young (25600K), 2 survivors (2048K)
 Metaspace       used 59897K, committed 60352K, reserved 1105920K
  class space    used 7982K, committed 8192K, reserved 1048576K
}
Event: 11.238 GC heap after
{Heap after GC invocations=28 (full 0):
 garbage-first heap   total 111616K, used 61405K [0x00000000a0000000, 0x0000000100000000)
  region size 1024K, 4 young (4096K), 4 survivors (4096K)
 Metaspace       used 59897K, committed 60352K, reserved 1105920K
  class space    used 7982K, committed 8192K, reserved 1048576K
}
Event: 11.829 GC heap before
{Heap before GC invocations=28 (full 0):
 garbage-first heap   total 111616K, used 90077K [0x00000000a0000000, 0x0000000100000000)
  region size 1024K, 32 young (32768K), 4 survivors (4096K)
 Metaspace       used 63343K, committed 63936K, reserved 1105920K
  class space    used 8524K, committed 8832K, reserved 1048576K
}
Event: 11.838 GC heap after
{Heap after GC invocations=29 (full 0):
 garbage-first heap   total 111616K, used 63331K [0x00000000a0000000, 0x0000000100000000)
  region size 1024K, 4 young (4096K), 4 survivors (4096K)
 Metaspace       used 63343K, committed 63936K, reserved 1105920K
  class space    used 8524K, committed 8832K, reserved 1048576K
}
Event: 12.361 GC heap before
{Heap before GC invocations=30 (full 0):
 garbage-first heap   total 114688K, used 90979K [0x00000000a0000000, 0x0000000100000000)
  region size 1024K, 31 young (31744K), 4 survivors (4096K)
 Metaspace       used 66641K, committed 67136K, reserved 1114112K
  class space    used 8925K, committed 9152K, reserved 1048576K
}
Event: 12.371 GC heap after
{Heap after GC invocations=31 (full 0):
 garbage-first heap   total 114688K, used 65369K [0x00000000a0000000, 0x0000000100000000)
  region size 1024K, 4 young (4096K), 4 survivors (4096K)
 Metaspace       used 66641K, committed 67136K, reserved 1114112K
  class space    used 8925K, committed 9152K, reserved 1048576K
}
Event: 12.912 GC heap before
{Heap before GC invocations=31 (full 0):
 garbage-first heap   total 114688K, used 93017K [0x00000000a0000000, 0x0000000100000000)
  region size 1024K, 32 young (32768K), 4 survivors (4096K)
 Metaspace       used 69668K, committed 70272K, reserved 1114112K
  class space    used 9297K, committed 9600K, reserved 1048576K
}
Event: 12.923 GC heap after
{Heap after GC invocations=32 (full 0):
 garbage-first heap   total 138240K, used 69615K [0x00000000a0000000, 0x0000000100000000)
  region size 1024K, 4 young (4096K), 4 survivors (4096K)
 Metaspace       used 69668K, committed 70272K, reserved 1114112K
  class space    used 9297K, committed 9600K, reserved 1048576K
}
Event: 13.825 GC heap before
{Heap before GC invocations=33 (full 0):
 garbage-first heap   total 138240K, used 109551K [0x00000000a0000000, 0x0000000100000000)
  region size 1024K, 44 young (45056K), 4 survivors (4096K)
 Metaspace       used 70918K, committed 71488K, reserved 1114112K
  class space    used 9469K, committed 9728K, reserved 1048576K
}
Event: 13.834 GC heap after
{Heap after GC invocations=34 (full 0):
 garbage-first heap   total 138240K, used 72534K [0x00000000a0000000, 0x0000000100000000)
  region size 1024K, 3 young (3072K), 3 survivors (3072K)
 Metaspace       used 70918K, committed 71488K, reserved 1114112K
  class space    used 9469K, committed 9728K, reserved 1048576K
}
Event: 14.788 GC heap before
{Heap before GC invocations=34 (full 0):
 garbage-first heap   total 138240K, used 110422K [0x00000000a0000000, 0x0000000100000000)
  region size 1024K, 41 young (41984K), 3 survivors (3072K)
 Metaspace       used 72294K, committed 72896K, reserved 1114112K
  class space    used 9625K, committed 9920K, reserved 1048576K
}
Event: 14.805 GC heap after
{Heap after GC invocations=35 (full 0):
 garbage-first heap   total 138240K, used 81317K [0x00000000a0000000, 0x0000000100000000)
  region size 1024K, 6 young (6144K), 6 survivors (6144K)
 Metaspace       used 72294K, committed 72896K, reserved 1114112K
  class space    used 9625K, committed 9920K, reserved 1048576K
}
Event: 15.290 GC heap before
{Heap before GC invocations=36 (full 0):
 garbage-first heap   total 160768K, used 109989K [0x00000000a0000000, 0x0000000100000000)
  region size 1024K, 32 young (32768K), 6 survivors (6144K)
 Metaspace       used 72753K, committed 73280K, reserved 1114112K
  class space    used 9658K, committed 9920K, reserved 1048576K
}
Event: 15.311 GC heap after
{Heap after GC invocations=37 (full 0):
 garbage-first heap   total 160768K, used 92675K [0x00000000a0000000, 0x0000000100000000)
  region size 1024K, 4 young (4096K), 4 survivors (4096K)
 Metaspace       used 72753K, committed 73280K, reserved 1114112K
  class space    used 9658K, committed 9920K, reserved 1048576K
}
Event: 15.456 GC heap before
{Heap before GC invocations=37 (full 0):
 garbage-first heap   total 160768K, used 100867K [0x00000000a0000000, 0x0000000100000000)
  region size 1024K, 13 young (13312K), 4 survivors (4096K)
 Metaspace       used 73236K, committed 73856K, reserved 1114112K
  class space    used 9722K, committed 10048K, reserved 1048576K
}
Event: 15.467 GC heap after
{Heap after GC invocations=38 (full 0):
 garbage-first heap   total 160768K, used 95359K [0x00000000a0000000, 0x0000000100000000)
  region size 1024K, 2 young (2048K), 2 survivors (2048K)
 Metaspace       used 73236K, committed 73856K, reserved 1114112K
  class space    used 9722K, committed 10048K, reserved 1048576K
}

Deoptimization events (20 events):
Event: 15.528 Thread 0x000001acf80f5090 Uncommon trap: trap_request=0xffffffc6 fr.pc=0x000001acea5b5620 relative=0x0000000000001540
Event: 15.528 Thread 0x000001acf80f5090 Uncommon trap: reason=bimorphic_or_optimized_type_check action=maybe_recompile pc=0x000001acea5b5620 method=org.apache.xerces.dom.AttributeMap.setNamedItem(Lorg/w3c/dom/Node;)Lorg/w3c/dom/Node; @ 4 c2
Event: 15.528 Thread 0x000001acf80f5090 DEOPT PACKING pc=0x000001acea5b5620 sp=0x0000006d2c2f9ca0
Event: 15.528 Thread 0x000001acf80f5090 DEOPT UNPACKING pc=0x000001ace268d72e sp=0x0000006d2c2f9c80 mode 2
Event: 15.549 Thread 0x000001acf80f5090 Uncommon trap: trap_request=0xffffff45 fr.pc=0x000001acea5e417c relative=0x000000000000067c
Event: 15.549 Thread 0x000001acf80f5090 Uncommon trap: reason=unstable_if action=reinterpret pc=0x000001acea5e417c method=sun.nio.cs.UTF_8$Encoder.encodeArrayLoop(Ljava/nio/CharBuffer;Ljava/nio/ByteBuffer;)Ljava/nio/charset/CoderResult; @ 87 c2
Event: 15.549 Thread 0x000001acf80f5090 DEOPT PACKING pc=0x000001acea5e417c sp=0x0000006d2c2f9ae0
Event: 15.549 Thread 0x000001acf80f5090 DEOPT UNPACKING pc=0x000001ace268d72e sp=0x0000006d2c2f9a78 mode 2
Event: 15.605 Thread 0x000001acf80f5090 DEOPT PACKING pc=0x000001ace36737f5 sp=0x0000006d2c2f9650
Event: 15.606 Thread 0x000001acf80f5090 DEOPT UNPACKING pc=0x000001ace268dece sp=0x0000006d2c2f8ad8 mode 0
Event: 15.607 Thread 0x000001acf80f5090 DEOPT PACKING pc=0x000001ace3c4f656 sp=0x0000006d2c2f9730
Event: 15.607 Thread 0x000001acf80f5090 DEOPT UNPACKING pc=0x000001ace268dece sp=0x0000006d2c2f8c08 mode 0
Event: 15.671 Thread 0x000001acf80f5090 DEOPT PACKING pc=0x000001ace3c4f656 sp=0x0000006d2c2f9730
Event: 15.671 Thread 0x000001acf80f5090 DEOPT UNPACKING pc=0x000001ace268dece sp=0x0000006d2c2f8c08 mode 0
Event: 15.705 Thread 0x000001acf80f5090 DEOPT PACKING pc=0x000001ace3de032f sp=0x0000006d2c2f9a00
Event: 15.705 Thread 0x000001acf80f5090 DEOPT UNPACKING pc=0x000001ace268dece sp=0x0000006d2c2f8f78 mode 0
Event: 15.719 Thread 0x000001acf80f5090 DEOPT PACKING pc=0x000001ace3de032f sp=0x0000006d2c2f9a00
Event: 15.719 Thread 0x000001acf80f5090 DEOPT UNPACKING pc=0x000001ace268dece sp=0x0000006d2c2f8f78 mode 0
Event: 15.736 Thread 0x000001acf80f5090 DEOPT PACKING pc=0x000001ace3de032f sp=0x0000006d2c2f9a00
Event: 15.736 Thread 0x000001acf80f5090 DEOPT UNPACKING pc=0x000001ace268dece sp=0x0000006d2c2f8f78 mode 0

Classes unloaded (2 events):
Event: 15.681 Thread 0x000001acf7396710 Unloading class 0x000000080158c800 'java/lang/invoke/LambdaForm$DMH+0x000000080158c800'
Event: 15.681 Thread 0x000001acf7396710 Unloading class 0x000000080158c400 'java/lang/invoke/LambdaForm$DMH+0x000000080158c400'

Classes redefined (0 events):
No events

Internal exceptions (20 events):
Event: 15.323 Thread 0x000001acf80f5090 Exception <a 'java/lang/NoSuchMethodError'{0x00000000a9cb04d8}: static Lcom/android/ide/common/resources/MergedResourceWriter$FileGenerationWorkAction;.<clinit>()V> (0x00000000a9cb04d8) 
thrown [t:\workspace\open\src\hotspot\share\prims\jni.cpp, line 1210]
Event: 15.324 Thread 0x000001acf80f5090 Exception <a 'java/lang/NoSuchMethodError'{0x00000000a9cc0520}: static Lcom/android/ide/common/resources/MergedResourceWriter$FileGenerationParameters;.<clinit>()V> (0x00000000a9cc0520) 
thrown [t:\workspace\open\src\hotspot\share\prims\jni.cpp, line 1210]
Event: 15.331 Thread 0x000001acf80f5090 Exception <a 'java/lang/NoSuchMethodError'{0x00000000a9b2d060}: static Lcom/android/ide/common/resources/GeneratedResourceMergerItem;.<clinit>()V> (0x00000000a9b2d060) 
thrown [t:\workspace\open\src\hotspot\share\prims\jni.cpp, line 1210]
Event: 15.332 Thread 0x000001acf80f5090 Exception <a 'java/lang/NoSuchMethodError'{0x00000000a9b2fc80}: static Lcom/android/ide/common/resources/SourcelessResourceMergerItem;.<clinit>()V> (0x00000000a9b2fc80) 
thrown [t:\workspace\open\src\hotspot\share\prims\jni.cpp, line 1210]
Event: 15.332 Thread 0x000001acf80f5090 Exception <a 'java/lang/NoSuchMethodError'{0x00000000a9b346a8}: static Lcom/android/ide/common/resources/DataItem;.<clinit>()V> (0x00000000a9b346a8) 
thrown [t:\workspace\open\src\hotspot\share\prims\jni.cpp, line 1210]
Event: 15.332 Thread 0x000001acf80f5090 Exception <a 'java/lang/NoSuchMethodError'{0x00000000a9b3fe90}: static Lcom/android/ide/common/resources/DataItem;.<clinit>()V> (0x00000000a9b3fe90) 
thrown [t:\workspace\open\src\hotspot\share\prims\jni.cpp, line 1210]
Event: 15.335 Thread 0x000001acf80f5090 Exception <a 'java/lang/NoSuchMethodError'{0x00000000a9b675a8}: static Ljava/lang/Object;.<clinit>()V> (0x00000000a9b675a8) 
thrown [t:\workspace\open\src\hotspot\share\prims\jni.cpp, line 1210]
Event: 15.336 Thread 0x000001acf80f5090 Exception <a 'java/lang/NoSuchMethodError'{0x00000000a9b82f48}: static Ljava/lang/Object;.<clinit>()V> (0x00000000a9b82f48) 
thrown [t:\workspace\open\src\hotspot\share\prims\jni.cpp, line 1210]
Event: 15.336 Thread 0x000001acf80f5090 Exception <a 'java/lang/NoSuchMethodError'{0x00000000a9b98850}: static [Lcom/android/ide/common/resources/configuration/ResourceQualifier;.<clinit>()V> (0x00000000a9b98850) 
thrown [t:\workspace\open\src\hotspot\share\prims\jni.cpp, line 1210]
Event: 15.338 Thread 0x000001acf80f5090 Exception <a 'java/lang/NoSuchMethodError'{0x00000000a9bc9320}: static Lcom/android/ide/common/resources/configuration/EnumBasedResourceQualifier;.<clinit>()V> (0x00000000a9bc9320) 
thrown [t:\workspace\open\src\hotspot\share\prims\jni.cpp, line 1210]
Event: 15.338 Thread 0x000001acf80f5090 Exception <a 'java/lang/NoSuchMethodError'{0x00000000a9bcc7d8}: static Lcom/android/ide/common/resources/configuration/EnumBasedResourceQualifier;.<clinit>()V> (0x00000000a9bcc7d8) 
thrown [t:\workspace\open\src\hotspot\share\prims\jni.cpp, line 1210]
Event: 15.338 Thread 0x000001acf80f5090 Exception <a 'java/lang/NoSuchMethodError'{0x00000000a9bcf4a8}: static Lcom/android/ide/common/resources/configuration/ResourceQualifier;.<clinit>()V> (0x00000000a9bcf4a8) 
thrown [t:\workspace\open\src\hotspot\share\prims\jni.cpp, line 1210]
Event: 15.339 Thread 0x000001acf80f5090 Exception <a 'java/lang/NoSuchMethodError'{0x00000000a9be6ad8}: static Lcom/android/ide/common/resources/configuration/EnumBasedResourceQualifier;.<clinit>()V> (0x00000000a9be6ad8) 
thrown [t:\workspace\open\src\hotspot\share\prims\jni.cpp, line 1210]
Event: 15.341 Thread 0x000001acf80f5090 Exception <a 'java/lang/NoSuchMethodError'{0x00000000a9bfd418}: static Lcom/android/ide/common/resources/configuration/EnumBasedResourceQualifier;.<clinit>()V> (0x00000000a9bfd418) 
thrown [t:\workspace\open\src\hotspot\share\prims\jni.cpp, line 1210]
Event: 15.344 Thread 0x000001acf80f5090 Exception <a 'java/lang/NoSuchMethodError'{0x00000000a9a11ed0}: static Lcom/android/ide/common/resources/configuration/ResourceQualifier;.<clinit>()V> (0x00000000a9a11ed0) 
thrown [t:\workspace\open\src\hotspot\share\prims\jni.cpp, line 1210]
Event: 15.345 Thread 0x000001acf80f5090 Exception <a 'java/lang/NoSuchMethodError'{0x00000000a9a33540}: static Lcom/android/ide/common/rendering/api/ResourceNamespace$ResAutoNamespace;.<clinit>()V> (0x00000000a9a33540) 
thrown [t:\workspace\open\src\hotspot\share\prims\jni.cpp, line 1210]
Event: 15.346 Thread 0x000001acf80f5090 Exception <a 'java/lang/NoSuchMethodError'{0x00000000a9a37138}: static Ljava/lang/Object;.<clinit>()V> (0x00000000a9a37138) 
thrown [t:\workspace\open\src\hotspot\share\prims\jni.cpp, line 1210]
Event: 15.347 Thread 0x000001acf80f5090 Exception <a 'java/lang/NoSuchMethodError'{0x00000000a9a58e00}: static Lcom/android/build/gradle/tasks/MergeResources$MergeResourcesVectorDrawableRenderer;.<clinit>()V> (0x00000000a9a58e00) 
thrown [t:\workspace\open\src\hotspot\share\prims\jni.cpp, line 1210]
Event: 15.347 Thread 0x000001acf80f5090 Exception <a 'java/lang/NoSuchMethodError'{0x00000000a9a5b8f8}: static Ljava/lang/Object;.<clinit>()V> (0x00000000a9a5b8f8) 
thrown [t:\workspace\open\src\hotspot\share\prims\jni.cpp, line 1210]
Event: 15.348 Thread 0x000001acf80f5090 Exception <a 'java/lang/NoSuchMethodError'{0x00000000a9a6e288}: static Lcom/android/build/gradle/internal/LoggerWrapper$LoggerSupplier;.<clinit>()V> (0x00000000a9a6e288) 
thrown [t:\workspace\open\src\hotspot\share\prims\jni.cpp, line 1210]

Events (20 events):
Event: 15.311 Executing  VM operation: G1CollectForAllocation done
Event: 15.350 Thread 0x000001acfa3d1a90 Thread added: 0x000001acfa3d1a90
Event: 15.388 Executing  VM operation: HandshakeAllThreads
Event: 15.388 Executing  VM operation: HandshakeAllThreads done
Event: 15.391 loading class org/w3c/dom/DOMImplementation
Event: 15.391 loading class org/w3c/dom/DOMImplementation done
Event: 15.392 loading class org/w3c/dom/ls/DOMImplementationLS
Event: 15.393 loading class org/w3c/dom/ls/DOMImplementationLS done
Event: 15.393 loading class org/w3c/dom/ls/LSSerializer
Event: 15.393 loading class org/w3c/dom/ls/LSSerializer done
Event: 15.393 loading class org/w3c/dom/ls/LSOutput
Event: 15.393 loading class org/w3c/dom/ls/LSOutput done
Event: 15.394 loading class org/w3c/dom/ls/LSInput
Event: 15.394 loading class org/w3c/dom/ls/LSInput done
Event: 15.394 loading class org/w3c/dom/ls/LSParser
Event: 15.394 loading class org/w3c/dom/ls/LSParser done
Event: 15.456 Executing  VM operation: G1TryInitiateConcMark
Event: 15.467 Executing  VM operation: G1TryInitiateConcMark done
Event: 15.680 Executing  VM operation: G1Concurrent
Event: 15.694 Executing  VM operation: G1Concurrent done


Dynamic libraries:
0x00007ff6fdb10000 - 0x00007ff6fdb20000 	C:\Program Files\Java\jdk-16.0.2\bin\java.exe
0x00007ffe54e50000 - 0x00007ffe55045000 	C:\WINDOWS\SYSTEM32\ntdll.dll
0x00007ffe54a20000 - 0x00007ffe54add000 	C:\WINDOWS\System32\KERNEL32.DLL
0x00007ffe52b50000 - 0x00007ffe52e19000 	C:\WINDOWS\System32\KERNELBASE.dll
0x00007ffe527b0000 - 0x00007ffe528b0000 	C:\WINDOWS\System32\ucrtbase.dll
0x00007ffe40660000 - 0x00007ffe40678000 	C:\Program Files\Java\jdk-16.0.2\bin\jli.dll
0x00007ffe53490000 - 0x00007ffe5353c000 	C:\WINDOWS\System32\ADVAPI32.dll
0x00007ffe544b0000 - 0x00007ffe5454e000 	C:\WINDOWS\System32\msvcrt.dll
0x00007ffe54980000 - 0x00007ffe54a1b000 	C:\WINDOWS\System32\sechost.dll
0x00007ffe54cb0000 - 0x00007ffe54dda000 	C:\WINDOWS\System32\RPCRT4.dll
0x00007ffe53080000 - 0x00007ffe53220000 	C:\WINDOWS\System32\USER32.dll
0x00007ffe529c0000 - 0x00007ffe529e2000 	C:\WINDOWS\System32\win32u.dll
0x00007ffe54de0000 - 0x00007ffe54e0a000 	C:\WINDOWS\System32\GDI32.dll
0x00007ffe526a0000 - 0x00007ffe527ab000 	C:\WINDOWS\System32\gdi32full.dll
0x00007ffe525d0000 - 0x00007ffe5266d000 	C:\WINDOWS\System32\msvcp_win.dll
0x00007ffe3fd60000 - 0x00007ffe3fd79000 	C:\Program Files\Java\jdk-16.0.2\bin\VCRUNTIME140.dll
0x00007ffe341a0000 - 0x00007ffe3443a000 	C:\WINDOWS\WinSxS\amd64_microsoft.windows.common-controls_6595b64144ccf1df_6.0.19041.1110_none_60b5254171f9507e\COMCTL32.dll
0x00007ffe51360000 - 0x00007ffe5136a000 	C:\WINDOWS\SYSTEM32\VERSION.dll
0x00007ffe54550000 - 0x00007ffe54580000 	C:\WINDOWS\System32\IMM32.DLL
0x00007ffe463a0000 - 0x00007ffe463ac000 	C:\Program Files\Java\jdk-16.0.2\bin\vcruntime140_1.dll
0x00007ffe10d00000 - 0x00007ffe10d91000 	C:\Program Files\Java\jdk-16.0.2\bin\msvcp140.dll
0x00007ffe08780000 - 0x00007ffe0932b000 	C:\Program Files\Java\jdk-16.0.2\bin\server\jvm.dll
0x00007ffe54970000 - 0x00007ffe54978000 	C:\WINDOWS\System32\PSAPI.DLL
0x00007ffe2d890000 - 0x00007ffe2d899000 	C:\WINDOWS\SYSTEM32\WSOCK32.dll
0x00007ffe54590000 - 0x00007ffe545fb000 	C:\WINDOWS\System32\WS2_32.dll
0x00007ffe3a810000 - 0x00007ffe3a837000 	C:\WINDOWS\SYSTEM32\WINMM.dll
0x00007ffe50510000 - 0x00007ffe50522000 	C:\WINDOWS\SYSTEM32\kernel.appcore.dll
0x00007ffe40650000 - 0x00007ffe4065a000 	C:\Program Files\Java\jdk-16.0.2\bin\jimage.dll
0x00007ffe4d050000 - 0x00007ffe4d234000 	C:\WINDOWS\SYSTEM32\DBGHELP.DLL
0x00007ffe35090000 - 0x00007ffe350bc000 	C:\WINDOWS\SYSTEM32\dbgcore.DLL
0x00007ffe52e20000 - 0x00007ffe52ea3000 	C:\WINDOWS\System32\bcryptPrimitives.dll
0x00007ffe2f580000 - 0x00007ffe2f5a5000 	C:\Program Files\Java\jdk-16.0.2\bin\java.dll
0x00007ffe535a0000 - 0x00007ffe53cdf000 	C:\WINDOWS\System32\SHELL32.dll
0x00007ffe50b40000 - 0x00007ffe512d0000 	C:\WINDOWS\SYSTEM32\windows.storage.dll
0x00007ffe54600000 - 0x00007ffe54955000 	C:\WINDOWS\System32\combase.dll
0x00007ffe51f10000 - 0x00007ffe51f3c000 	C:\WINDOWS\SYSTEM32\Wldp.dll
0x00007ffe53310000 - 0x00007ffe533be000 	C:\WINDOWS\System32\SHCORE.dll
0x00007ffe54450000 - 0x00007ffe544a5000 	C:\WINDOWS\System32\shlwapi.dll
0x00007ffe524c0000 - 0x00007ffe524df000 	C:\WINDOWS\SYSTEM32\profapi.dll
0x00007ffe3bdc0000 - 0x00007ffe3bdd9000 	C:\Program Files\Java\jdk-16.0.2\bin\net.dll
0x00007ffe3e390000 - 0x00007ffe3e498000 	C:\WINDOWS\SYSTEM32\WINHTTP.dll
0x00007ffe51c70000 - 0x00007ffe51cda000 	C:\WINDOWS\system32\mswsock.dll
0x00007ffe31400000 - 0x00007ffe31413000 	C:\Program Files\Java\jdk-16.0.2\bin\nio.dll
0x00007ffe30460000 - 0x00007ffe30478000 	C:\Program Files\Java\jdk-16.0.2\bin\zip.dll
0x00007ffe40230000 - 0x00007ffe40240000 	C:\Program Files\Java\jdk-16.0.2\bin\verify.dll
0x00007ffe3ad70000 - 0x00007ffe3ad97000 	C:\Users\halag\Documents\cs\year_project\Server_location_app\.gradle\native\8bec1ad78214c89d9ad589b4d07fe93259594b29d510b10fafb7a158f7737e5d\windows-amd64\native-platform.dll
0x00007ffe12110000 - 0x00007ffe1224d000 	C:\Users\halag\Documents\cs\year_project\Server_location_app\.gradle\native\53dbd7edfb1c66fb8903c78663c9afc45aea4f116125fa6feffd364cf09443e8\windows-amd64\native-platform-file-events.dll
0x00007ffe40520000 - 0x00007ffe40529000 	C:\Program Files\Java\jdk-16.0.2\bin\management.dll
0x00007ffe3fdb0000 - 0x00007ffe3fdbb000 	C:\Program Files\Java\jdk-16.0.2\bin\management_ext.dll
0x00007ffe51e70000 - 0x00007ffe51e88000 	C:\WINDOWS\SYSTEM32\CRYPTSP.dll
0x00007ffe515f0000 - 0x00007ffe51624000 	C:\WINDOWS\system32\rsaenh.dll
0x00007ffe52670000 - 0x00007ffe52697000 	C:\WINDOWS\System32\bcrypt.dll
0x00007ffe52480000 - 0x00007ffe524ae000 	C:\WINDOWS\SYSTEM32\USERENV.dll
0x00007ffe51e60000 - 0x00007ffe51e6c000 	C:\WINDOWS\SYSTEM32\CRYPTBASE.dll
0x00007ffe51960000 - 0x00007ffe5199b000 	C:\WINDOWS\SYSTEM32\IPHLPAPI.DLL
0x00007ffe54580000 - 0x00007ffe54588000 	C:\WINDOWS\System32\NSI.dll
0x00007ffe4cb00000 - 0x00007ffe4cb17000 	C:\WINDOWS\SYSTEM32\dhcpcsvc6.DLL
0x00007ffe4cae0000 - 0x00007ffe4cafd000 	C:\WINDOWS\SYSTEM32\dhcpcsvc.DLL
0x00007ffe519a0000 - 0x00007ffe51a6c000 	C:\WINDOWS\SYSTEM32\DNSAPI.dll
0x00007ffe3adb0000 - 0x00007ffe3adbe000 	C:\Program Files\Java\jdk-16.0.2\bin\sunmscapi.dll
0x00007ffe529f0000 - 0x00007ffe52b4f000 	C:\WINDOWS\System32\CRYPT32.dll
0x00007ffe51f80000 - 0x00007ffe51fa7000 	C:\WINDOWS\SYSTEM32\ncrypt.dll
0x00007ffe51f40000 - 0x00007ffe51f7b000 	C:\WINDOWS\SYSTEM32\NTASN1.dll
0x00007ffe30e00000 - 0x00007ffe30e07000 	C:\WINDOWS\system32\wshunix.dll

dbghelp: loaded successfully - version: 4.0.5 - missing functions: none
symbol engine: initialized successfully - sym options: 0x614 - pdb path: .;C:\Program Files\Java\jdk-16.0.2\bin;C:\WINDOWS\SYSTEM32;C:\WINDOWS\WinSxS\amd64_microsoft.windows.common-controls_6595b64144ccf1df_6.0.19041.1110_none_60b5254171f9507e;C:\Program Files\Java\jdk-16.0.2\bin\server;C:\Users\halag\Documents\cs\year_project\Server_location_app\.gradle\native\8bec1ad78214c89d9ad589b4d07fe93259594b29d510b10fafb7a158f7737e5d\windows-amd64;C:\Users\halag\Documents\cs\year_project\Server_location_app\.gradle\native\53dbd7edfb1c66fb8903c78663c9afc45aea4f116125fa6feffd364cf09443e8\windows-amd64

VM Arguments:
jvm_args: --add-opens=java.base/java.util=ALL-UNNAMED --add-opens=java.base/java.lang=ALL-UNNAMED --add-opens=java.base/java.lang.invoke=ALL-UNNAMED --add-opens=java.base/java.util=ALL-UNNAMED --add-opens=java.prefs/java.util.prefs=ALL-UNNAMED --add-opens=java.prefs/java.util.prefs=ALL-UNNAMED --add-opens=java.base/java.nio.charset=ALL-UNNAMED --add-opens=java.base/java.net=ALL-UNNAMED --add-opens=java.base/java.util.concurrent.atomic=ALL-UNNAMED -Xmx1536M -Dfile.encoding=UTF-8 -Duser.country=GB -Duser.language=en -Duser.variant 
java_command: org.gradle.launcher.daemon.bootstrap.GradleDaemon 7.0.2
java_class_path (initial): C:\Users\halag\Documents\cs\year_project\Server_location_app\.gradle\wrapper\dists\gradle-7.0.2-bin\857tjihv64xamwrf0h14cai3r\gradle-7.0.2\lib\gradle-launcher-7.0.2.jar
Launcher Type: SUN_STANDARD

[Global flags]
     intx CICompilerCount                          = 3                                         {product} {ergonomic}
     uint ConcGCThreads                            = 1                                         {product} {ergonomic}
     uint G1ConcRefinementThreads                  = 4                                         {product} {ergonomic}
   size_t G1HeapRegionSize                         = 1048576                                   {product} {ergonomic}
    uintx GCDrainStackTargetSize                   = 64                                        {product} {ergonomic}
   size_t InitialHeapSize                          = 134217728                                 {product} {ergonomic}
   size_t MarkStackSize                            = 4194304                                   {product} {ergonomic}
   size_t MaxHeapSize                              = 1610612736                                {product} {command line}
   size_t MaxNewSize                               = 965738496                                 {product} {ergonomic}
   size_t MinHeapDeltaBytes                        = 1048576                                   {product} {ergonomic}
   size_t MinHeapSize                              = 8388608                                   {product} {ergonomic}
    uintx NonNMethodCodeHeapSize                   = 5832780                                {pd product} {ergonomic}
    uintx NonProfiledCodeHeapSize                  = 122912730                              {pd product} {ergonomic}
    uintx ProfiledCodeHeapSize                     = 122912730                              {pd product} {ergonomic}
    uintx ReservedCodeCacheSize                    = 251658240                              {pd product} {ergonomic}
     bool SegmentedCodeCache                       = true                                      {product} {ergonomic}
   size_t SoftMaxHeapSize                          = 1610612736                             {manageable} {ergonomic}
     bool UseCompressedClassPointers               = true                           {product lp64_product} {ergonomic}
     bool UseCompressedOops                        = true                           {product lp64_product} {ergonomic}
     bool UseG1GC                                  = true                                      {product} {ergonomic}
     bool UseLargePagesIndividualAllocation        = false                                  {pd product} {ergonomic}

Logging:
Log output configuration:
 #0: stdout all=warning uptime,level,tags
 #1: stderr all=off uptime,level,tags

Environment Variables:
JAVA_HOME=C:\Program Files\Java\jdk-16.0.2
PATH=C:\Program Files\Common Files\Oracle\Java\javapath;C:\Program Files (x86)\Common Files\Oracle\Java\javapath;C:\WINDOWS\system32;C:\WINDOWS;C:\WINDOWS\System32\Wbem;C:\WINDOWS\System32\WindowsPowerShell\v1.0\;C:\WINDOWS\System32\OpenSSH\;C:\Program Files\Intel\WiFi\bin\;C:\Program Files\Common Files\Intel\WirelessCommon\;C:\Git\cmd;C:\MinGW\bin;C:\Users\halag\Documents\cs\python\PyCharm Community Edition 2020.3.4;C:\Users\halag\AppData\Roaming\Microsoft\Windows\Start Menu\Programs\Python 3.9;C:\Users\halag\AppData\Local\Programs\Python\Python39;C:\Program Files (x86)\Intel\Intel(R) Management Engine Components\DAL;C:\Program Files\Intel\Intel(R) Management Engine Components\DAL;C:\Program Files\Java\jdk-16.0.2\bin;C:\Users\halag\AppData\Local\Microsoft\WindowsApps;C:\Program Files (x86)\Dr. Memory\bin\;C:\Program Files\Intel\WiFi\bin\;C:\Program Files\Common Files\Intel\WirelessCommon\;C:\Program Files\Java\jdk-10.0.2\bin;C:\Users\halag\AppData\Local\GitHubDesktop\bin;C:\Users\halag\Documents\cs\winter2020\machine_learning\PyCharm Community Edition 2020.3\bin;;C:\Users\halag\AppData\Local\Android\Sdk\platform-tools;C:\Users\halag\AppData\Local\Android\Sdk;C:\Program Files\Java\jdk-16.0.2\bin;
USERNAME=halag
OS=Windows_NT
PROCESSOR_IDENTIFIER=Intel64 Family 6 Model 142 Stepping 9, GenuineIntel



---------------  S Y S T E M  ---------------

OS:
 Windows 10 , 64 bit Build 19041 (10.0.19041.1151)
OS uptime: 3 days 19:27 hours

CPU: total 4 (initial active 4) (2 cores per cpu, 2 threads per core) family 6 model 142 stepping 9 microcode 0xde, cx8, cmov, fxsr, ht, mmx, 3dnowpref, sse, sse2, sse3, ssse3, sse4.1, sse4.2, popcnt, lzcnt, tsc, tscinvbit, avx, avx2, aes, erms, clmul, bmi1, bmi2, adx, fma, vzeroupper, clflush, clflushopt

Memory: 4k page, system-wide physical 8089M (1511M free)
TotalPageFile size 9329M (AvailPageFile size 5M)
current process WorkingSet (physical memory assigned to process): 365M, peak: 375M
current process commit charge ("private bytes"): 423M, peak: 424M

vm_info: Java HotSpot(TM) 64-Bit Server VM (16.0.2+7-67) for windows-amd64 JRE (16.0.2+7-67), built on Jun  8 2021 23:24:19 by "mach5one" with MS VC++ 16.7 (VS2019)

END.
