#
# There is insufficient memory for the Java Runtime Environment to continue.
# Native memory allocation (malloc) failed to allocate 776016 bytes for Chunk::new
# Possible reasons:
#   The system is out of physical RAM or swap space
#   The process is running with CompressedOops enabled, and the Java Heap may be blocking the growth of the native heap
# Possible solutions:
#   Reduce memory load on the system
#   Increase physical memory or swap space
#   Check if swap backing store is full
#   Decrease Java heap size (-Xmx/-Xms)
#   Decrease number of Java threads
#   Decrease Java thread stack sizes (-Xss)
#   Set larger code cache with -XX:ReservedCodeCacheSize=
#   JVM is running with Unscaled Compressed Oops mode in which the Java heap is
#     placed in the first 4GB address space. The Java Heap base address is the
#     maximum limit for the native heap growth. Please use -XX:HeapBaseMinAddress
#     to set the Java Heap base and to place the Java Heap above 4GB virtual address.
# This output file may be truncated or incomplete.
#
#  Out of Memory Error (./src/hotspot/share/memory/arena.cpp:197), pid=14156, tid=1940
#
# JRE version: OpenJDK Runtime Environment (11.0.10) (build 11.0.10+0-b96-7249189)
# Java VM: OpenJDK 64-Bit Server VM (11.0.10+0-b96-7249189, mixed mode, tiered, compressed oops, g1 gc, windows-amd64)
# No core dump will be written. Minidumps are not enabled by default on client versions of Windows
#

---------------  S U M M A R Y ------------

Command Line: --add-opens=java.base/java.util=ALL-UNNAMED --add-opens=java.base/java.lang=ALL-UNNAMED --add-opens=java.base/java.lang.invoke=ALL-UNNAMED --add-opens=java.base/java.util=ALL-UNNAMED --add-opens=java.prefs/java.util.prefs=ALL-UNNAMED --add-opens=java.prefs/java.util.prefs=ALL-UNNAMED --add-opens=java.base/java.nio.charset=ALL-UNNAMED --add-opens=java.base/java.net=ALL-UNNAMED --add-opens=java.base/java.util.concurrent.atomic=ALL-UNNAMED -Xmx1024M -Dfile.encoding=UTF-8 -Duser.country=GB -Duser.language=en -Duser.variant org.gradle.launcher.daemon.bootstrap.GradleDaemon 7.0.2

Host: Intel(R) Core(TM) i5-7200U CPU @ 2.50GHz, 4 cores, 7G,  Windows 10 , 64 bit Build 19041 (10.0.19041.1151)
Time: Mon Sep  6 02:23:06 2021 Jerusalem Summer Time elapsed time: 26.063111 seconds (0d 0h 0m 26s)

---------------  T H R E A D  ---------------

Current thread (0x000001bdc4095800):  JavaThread "C2 CompilerThread0" daemon [_thread_in_native, id=1940, stack(0x000000b8fce00000,0x000000b8fcf00000)]


Current CompileTask:
C2:  26063 9301       4       java.util.HashSet::add (20 bytes)

Stack: [0x000000b8fce00000,0x000000b8fcf00000]
Native frames: (J=compiled Java code, j=interpreted, Vv=VM code, C=native code)
V  [jvm.dll+0x5ecfaa]
V  [jvm.dll+0x722bd5]
V  [jvm.dll+0x72412d]
V  [jvm.dll+0x7247e3]
V  [jvm.dll+0x242928]
V  [jvm.dll+0xbc4fc]
V  [jvm.dll+0xbca0c]
V  [jvm.dll+0x352d3b]
V  [jvm.dll+0x320ad3]
V  [jvm.dll+0x31ffca]
V  [jvm.dll+0x1fb602]
V  [jvm.dll+0x1fa7f4]
V  [jvm.dll+0x18354c]
V  [jvm.dll+0x208ee7]
V  [jvm.dll+0x207731]
V  [jvm.dll+0x6eb1cf]
V  [jvm.dll+0x6e3d45]
V  [jvm.dll+0x5ebe96]
C  [ucrtbase.dll+0x21bb2]
C  [KERNEL32.DLL+0x17034]
C  [ntdll.dll+0x52651]


---------------  P R O C E S S  ---------------

Threads class SMR info:
_java_thread_list=0x000001bdca5ca240, length=52, elements={
0x000001bdaab2c800, 0x000001bdc4074800, 0x000001bdc4076000, 0x000001bdc408d800,
0x000001bdc408e800, 0x000001bdc4091000, 0x000001bdc4095800, 0x000001bdc409c800,
0x000001bdc40a0800, 0x000001bdc4b32000, 0x000001bdc604c000, 0x000001bdc737d800,
0x000001bdc4dcf800, 0x000001bdc6411000, 0x000001bdc6408000, 0x000001bdc798e800,
0x000001bdc73ef000, 0x000001bdc70a4800, 0x000001bdc7a26800, 0x000001bdc62af000,
0x000001bdc62b0000, 0x000001bdc62ad800, 0x000001bdc62ae800, 0x000001bdc6c81800,
0x000001bdc6c88000, 0x000001bdc6c86000, 0x000001bdc6c82000, 0x000001bdc6c87000,
0x000001bdc6c88800, 0x000001bdc6c83000, 0x000001bdc6c8a800, 0x000001bdc6c84800,
0x000001bdc6c8b000, 0x000001bdc6c8e800, 0x000001bdc6c8c800, 0x000001bdc6c8f000,
0x000001bdc6c8d800, 0x000001bdc6c90000, 0x000001bdc50dc800, 0x000001bdc50db000,
0x000001bdc50dc000, 0x000001bdc50de800, 0x000001bdc50dd800, 0x000001bdc50d9800,
0x000001bdc50e0000, 0x000001bdc50da800, 0x000001bdc50e5800, 0x000001bdc50e1000,
0x000001bdc50e2800, 0x000001bdc50e1800, 0x000001bdc50e7800, 0x000001bdcc8e2800
}

Java Threads: ( => current thread )
  0x000001bdaab2c800 JavaThread "main" [_thread_blocked, id=9232, stack(0x000000b8fc200000,0x000000b8fc300000)]
  0x000001bdc4074800 JavaThread "Reference Handler" daemon [_thread_blocked, id=14428, stack(0x000000b8fc900000,0x000000b8fca00000)]
  0x000001bdc4076000 JavaThread "Finalizer" daemon [_thread_blocked, id=7628, stack(0x000000b8fca00000,0x000000b8fcb00000)]
  0x000001bdc408d800 JavaThread "Signal Dispatcher" daemon [_thread_blocked, id=16076, stack(0x000000b8fcb00000,0x000000b8fcc00000)]
  0x000001bdc408e800 JavaThread "Attach Listener" daemon [_thread_blocked, id=2284, stack(0x000000b8fcc00000,0x000000b8fcd00000)]
  0x000001bdc4091000 JavaThread "Service Thread" daemon [_thread_blocked, id=14376, stack(0x000000b8fcd00000,0x000000b8fce00000)]
=>0x000001bdc4095800 JavaThread "C2 CompilerThread0" daemon [_thread_in_native, id=1940, stack(0x000000b8fce00000,0x000000b8fcf00000)]
  0x000001bdc409c800 JavaThread "C1 CompilerThread0" daemon [_thread_in_vm, id=10800, stack(0x000000b8fcf00000,0x000000b8fd000000)]
  0x000001bdc40a0800 JavaThread "Sweeper thread" daemon [_thread_blocked, id=14680, stack(0x000000b8fd000000,0x000000b8fd100000)]
  0x000001bdc4b32000 JavaThread "Common-Cleaner" daemon [_thread_blocked, id=3200, stack(0x000000b8fd100000,0x000000b8fd200000)]
  0x000001bdc604c000 JavaThread "Daemon health stats" [_thread_blocked, id=8304, stack(0x000000b8fd600000,0x000000b8fd700000)]
  0x000001bdc737d800 JavaThread "Incoming local TCP Connector on port 59879" [_thread_in_native, id=11512, stack(0x000000b8fd300000,0x000000b8fd400000)]
  0x000001bdc4dcf800 JavaThread "Daemon periodic checks" [_thread_blocked, id=16060, stack(0x000000b8fd700000,0x000000b8fd800000)]
  0x000001bdc6411000 JavaThread "Daemon" [_thread_blocked, id=13572, stack(0x000000b8fd800000,0x000000b8fd900000)]
  0x000001bdc6408000 JavaThread "Handler for socket connection from /127.0.0.1:59879 to /127.0.0.1:59880" [_thread_in_native, id=11180, stack(0x000000b8fd900000,0x000000b8fda00000)]
  0x000001bdc798e800 JavaThread "Cancel handler" [_thread_blocked, id=7292, stack(0x000000b8fdc00000,0x000000b8fdd00000)]
  0x000001bdc73ef000 JavaThread "Daemon worker" [_thread_blocked, id=12512, stack(0x000000b8fdd00000,0x000000b8fde00000)]
  0x000001bdc70a4800 JavaThread "Asynchronous log dispatcher for DefaultDaemonConnection: socket connection from /127.0.0.1:59879 to /127.0.0.1:59880" [_thread_blocked, id=9148, stack(0x000000b8fde00000,0x000000b8fdf00000)]
  0x000001bdc7a26800 JavaThread "Stdin handler" [_thread_blocked, id=16196, stack(0x000000b8fdf00000,0x000000b8fe000000)]
  0x000001bdc62af000 JavaThread "Daemon client event forwarder" [_thread_blocked, id=120, stack(0x000000b8fe000000,0x000000b8fe100000)]
  0x000001bdc62b0000 JavaThread "Cache worker for file hash cache (C:\Users\halag\Documents\cs\year_project\Server_location_app\.gradle\caches\7.0.2\fileHashes)" [_thread_blocked, id=1084, stack(0x000000b8fe100000,0x000000b8fe200000)]
  0x000001bdc62ad800 JavaThread "File lock request listener" [_thread_in_native, id=11916, stack(0x000000b8fe200000,0x000000b8fe300000)]
  0x000001bdc62ae800 JavaThread "Cache worker for journal cache (C:\Users\halag\Documents\cs\year_project\Server_location_app\.gradle\caches\journal-1)" [_thread_blocked, id=12320, stack(0x000000b8fe300000,0x000000b8fe400000)]
  0x000001bdc6c81800 JavaThread "Cache worker for file hash cache (C:\Users\halag\Documents\cs\year_project\test_app2\.gradle\7.0.2\fileHashes)" [_thread_blocked, id=3260, stack(0x000000b8fda00000,0x000000b8fdb00000)]
  0x000001bdc6c88000 JavaThread "File watcher server" daemon [_thread_in_native, id=1692, stack(0x000000b8fe400000,0x000000b8fe500000)]
  0x000001bdc6c86000 JavaThread "File watcher consumer" daemon [_thread_blocked, id=9368, stack(0x000000b8fe500000,0x000000b8fe600000)]
  0x000001bdc6c82000 JavaThread "Cache worker for checksums cache (C:\Users\halag\Documents\cs\year_project\test_app2\.gradle\checksums)" [_thread_blocked, id=10636, stack(0x000000b8fe600000,0x000000b8fe700000)]
  0x000001bdc6c87000 JavaThread "Cache worker for cache directory md-supplier (C:\Users\halag\Documents\cs\year_project\Server_location_app\.gradle\caches\7.0.2\md-supplier)" [_thread_blocked, id=5968, stack(0x000000b8fe700000,0x000000b8fe800000)]
  0x000001bdc6c88800 JavaThread "Cache worker for cache directory md-rule (C:\Users\halag\Documents\cs\year_project\Server_location_app\.gradle\caches\7.0.2\md-rule)" [_thread_blocked, id=1244, stack(0x000000b8fe900000,0x000000b8fea00000)]
  0x000001bdc6c83000 JavaThread "Cache worker for execution history cache (C:\Users\halag\Documents\cs\year_project\Server_location_app\.gradle\caches\7.0.2\executionHistory)" [_thread_blocked, id=15948, stack(0x000000b8fea00000,0x000000b8feb00000)]
  0x000001bdc6c8a800 JavaThread "jar transforms" [_thread_blocked, id=10280, stack(0x000000b8feb00000,0x000000b8fec00000)]
  0x000001bdc6c84800 JavaThread "jar transforms Thread 2" [_thread_blocked, id=16284, stack(0x000000b8fec00000,0x000000b8fed00000)]
  0x000001bdc6c8b000 JavaThread "Cache worker for file content cache (C:\Users\halag\Documents\cs\year_project\Server_location_app\.gradle\caches\7.0.2\fileContent)" [_thread_blocked, id=4472, stack(0x000000b8fed00000,0x000000b8fee00000)]
  0x000001bdc6c8e800 JavaThread "Cache worker for dependencies-accessors (C:\Users\halag\Documents\cs\year_project\test_app2\.gradle\7.0.2\dependencies-accessors)" [_thread_blocked, id=15740, stack(0x000000b8fee00000,0x000000b8fef00000)]
  0x000001bdc6c8c800 JavaThread "jar transforms Thread 3" [_thread_blocked, id=11068, stack(0x000000b8fef00000,0x000000b8ff000000)]
  0x000001bdc6c8f000 JavaThread "Cache worker for Build Output Cleanup Cache (C:\Users\halag\Documents\cs\year_project\test_app2\.gradle\buildOutputCleanup)" [_thread_blocked, id=3560, stack(0x000000b8ff000000,0x000000b8ff100000)]
  0x000001bdc6c8d800 JavaThread "Build operations" [_thread_blocked, id=16252, stack(0x000000b8ff100000,0x000000b8ff200000)]
  0x000001bdc6c90000 JavaThread "Build operations Thread 2" [_thread_blocked, id=12152, stack(0x000000b8ff200000,0x000000b8ff300000)]
  0x000001bdc50dc800 JavaThread "Build operations Thread 3" [_thread_blocked, id=13040, stack(0x000000b8ff300000,0x000000b8ff400000)]
  0x000001bdc50db000 JavaThread "Build operations Thread 4" [_thread_blocked, id=4656, stack(0x000000b8ff400000,0x000000b8ff500000)]
  0x000001bdc50dc000 JavaThread "jar transforms Thread 4" [_thread_blocked, id=5852, stack(0x000000b8ff500000,0x000000b8ff600000)]
  0x000001bdc50de800 JavaThread "Memory manager" [_thread_blocked, id=1400, stack(0x000000b8ff600000,0x000000b8ff700000)]
  0x000001bdc50dd800 JavaThread "build event listener" [_thread_blocked, id=5704, stack(0x000000b8ff700000,0x000000b8ff800000)]
  0x000001bdc50d9800 JavaThread "pool-3-thread-1" [_thread_blocked, id=15040, stack(0x000000b8ff800000,0x000000b8ff900000)]
  0x000001bdc50e0000 JavaThread "build event listener" [_thread_blocked, id=516, stack(0x000000b8ff900000,0x000000b8ffa00000)]
  0x000001bdc50da800 JavaThread "Execution worker for ':'" [_thread_blocked, id=9948, stack(0x000000b8ffa00000,0x000000b8ffb00000)]
  0x000001bdc50e5800 JavaThread "Execution worker for ':' Thread 2" [_thread_in_Java, id=15228, stack(0x000000b8ffb00000,0x000000b8ffc00000)]
  0x000001bdc50e1000 JavaThread "Execution worker for ':' Thread 3" [_thread_blocked, id=8276, stack(0x000000b8ffc00000,0x000000b8ffd00000)]
  0x000001bdc50e2800 JavaThread "Cache worker for execution history cache (C:\Users\halag\Documents\cs\year_project\test_app2\.gradle\7.0.2\executionHistory)" [_thread_blocked, id=6116, stack(0x000000b8ffd00000,0x000000b8ffe00000)]
  0x000001bdc50e1800 JavaThread "WorkerExecutor Queue" [_thread_blocked, id=10324, stack(0x000000b8ffe00000,0x000000b8fff00000)]
  0x000001bdc50e7800 JavaThread "WorkerExecutor Queue Thread 2" [_thread_blocked, id=14148, stack(0x000000b8fff00000,0x000000b900000000)]
  0x000001bdcc8e2800 JavaThread "C2 CompilerThread1" daemon [_thread_in_native, id=13904, stack(0x000000b8fe800000,0x000000b8fe900000)]

Other Threads:
  0x000001bdc4071800 VMThread "VM Thread" [stack: 0x000000b8fc800000,0x000000b8fc900000] [id=14048]
  0x000001bdc4b3c800 WatcherThread [stack: 0x000000b8fd200000,0x000000b8fd300000] [id=15900]
  0x000001bdaab66000 GCTaskThread "GC Thread#0" [stack: 0x000000b8fc300000,0x000000b8fc400000] [id=13308]
  0x000001bdc4db1800 GCTaskThread "GC Thread#1" [stack: 0x000000b8fd400000,0x000000b8fd500000] [id=9204]
  0x000001bdc500b000 GCTaskThread "GC Thread#2" [stack: 0x000000b8fd500000,0x000000b8fd600000] [id=5676]
  0x000001bdc6e8a800 GCTaskThread "GC Thread#3" [stack: 0x000000b8fdb00000,0x000000b8fdc00000] [id=10084]
  0x000001bdaab82000 ConcurrentGCThread "G1 Main Marker" [stack: 0x000000b8fc400000,0x000000b8fc500000] [id=12468]
  0x000001bdaab84000 ConcurrentGCThread "G1 Conc#0" [stack: 0x000000b8fc500000,0x000000b8fc600000] [id=16000]
  0x000001bdaac0e000 ConcurrentGCThread "G1 Refine#0" [stack: 0x000000b8fc600000,0x000000b8fc700000] [id=8744]
  0x000001bdaac0f000 ConcurrentGCThread "G1 Young RemSet Sampling" [stack: 0x000000b8fc700000,0x000000b8fc800000] [id=5740]

Threads with active compile tasks:
C2 CompilerThread0  26128 9301       4       java.util.HashSet::add (20 bytes)
C2 CompilerThread1  26128 9320       4       org.apache.xerces.dom.ParentNode::internalInsertBefore (651 bytes)

VM state:not at safepoint (normal execution)

VM Mutex/Monitor currently owned by a thread: None

Heap address: 0x00000000c0000000, size: 1024 MB, Compressed Oops mode: 32-bit
Narrow klass base: 0x0000000000000000, Narrow klass shift: 3
Compressed class space size: 1073741824 Address: 0x0000000100000000

Heap:
 garbage-first heap   total 131072K, used 87014K [0x00000000c0000000, 0x0000000100000000)
  region size 1024K, 25 young (25600K), 3 survivors (3072K)
 Metaspace       used 83425K, capacity 85597K, committed 85836K, reserved 1124352K
  class space    used 10746K, capacity 11537K, committed 11596K, reserved 1048576K
Heap Regions: E=young(eden), S=young(survivor), O=old, HS=humongous(starts), HC=humongous(continues), CS=collection set, F=free, A=archive, TAMS=top-at-mark-start (previous, next)
|   0|0x00000000c0000000, 0x00000000c0100000, 0x00000000c0100000|100%|HS|  |TAMS 0x00000000c0100000, 0x00000000c0000000| Complete 
|   1|0x00000000c0100000, 0x00000000c0200000, 0x00000000c0200000|100%|HC|  |TAMS 0x00000000c0200000, 0x00000000c0100000| Complete 
|   2|0x00000000c0200000, 0x00000000c0300000, 0x00000000c0300000|100%|HC|  |TAMS 0x00000000c0300000, 0x00000000c0200000| Complete 
|   3|0x00000000c0300000, 0x00000000c0400000, 0x00000000c0400000|100%| O|  |TAMS 0x00000000c0400000, 0x00000000c0300000| Untracked 
|   4|0x00000000c0400000, 0x00000000c0500000, 0x00000000c0500000|100%| O|  |TAMS 0x00000000c0500000, 0x00000000c0400000| Untracked 
|   5|0x00000000c0500000, 0x00000000c0600000, 0x00000000c0600000|100%| O|  |TAMS 0x00000000c0600000, 0x00000000c0500000| Untracked 
|   6|0x00000000c0600000, 0x00000000c0700000, 0x00000000c0700000|100%| O|  |TAMS 0x00000000c0700000, 0x00000000c0600000| Untracked 
|   7|0x00000000c0700000, 0x00000000c0800000, 0x00000000c0800000|100%| O|  |TAMS 0x00000000c0800000, 0x00000000c0700000| Untracked 
|   8|0x00000000c0800000, 0x00000000c0900000, 0x00000000c0900000|100%| O|  |TAMS 0x00000000c0900000, 0x00000000c0800000| Untracked 
|   9|0x00000000c0900000, 0x00000000c0a00000, 0x00000000c0a00000|100%| O|  |TAMS 0x00000000c0a00000, 0x00000000c0900000| Untracked 
|  10|0x00000000c0a00000, 0x00000000c0b00000, 0x00000000c0b00000|100%| O|  |TAMS 0x00000000c0b00000, 0x00000000c0a00000| Untracked 
|  11|0x00000000c0b00000, 0x00000000c0c00000, 0x00000000c0c00000|100%| O|  |TAMS 0x00000000c0c00000, 0x00000000c0b00000| Untracked 
|  12|0x00000000c0c00000, 0x00000000c0d00000, 0x00000000c0d00000|100%| O|  |TAMS 0x00000000c0d00000, 0x00000000c0c00000| Untracked 
|  13|0x00000000c0d00000, 0x00000000c0e00000, 0x00000000c0e00000|100%| O|  |TAMS 0x00000000c0e00000, 0x00000000c0d00000| Untracked 
|  14|0x00000000c0e00000, 0x00000000c0f00000, 0x00000000c0f00000|100%| O|  |TAMS 0x00000000c0f00000, 0x00000000c0e00000| Untracked 
|  15|0x00000000c0f00000, 0x00000000c1000000, 0x00000000c1000000|100%| O|  |TAMS 0x00000000c1000000, 0x00000000c0f00000| Untracked 
|  16|0x00000000c1000000, 0x00000000c1100000, 0x00000000c1100000|100%|HS|  |TAMS 0x00000000c1100000, 0x00000000c1000000| Complete 
|  17|0x00000000c1100000, 0x00000000c1200000, 0x00000000c1200000|100%| O|  |TAMS 0x00000000c1200000, 0x00000000c1100000| Untracked 
|  18|0x00000000c1200000, 0x00000000c1300000, 0x00000000c1300000|100%| O|  |TAMS 0x00000000c1300000, 0x00000000c1200000| Untracked 
|  19|0x00000000c1300000, 0x00000000c1400000, 0x00000000c1400000|100%| O|  |TAMS 0x00000000c1400000, 0x00000000c1300000| Untracked 
|  20|0x00000000c1400000, 0x00000000c1500000, 0x00000000c1500000|100%| O|  |TAMS 0x00000000c1500000, 0x00000000c1400000| Untracked 
|  21|0x00000000c1500000, 0x00000000c1600000, 0x00000000c1600000|100%| O|  |TAMS 0x00000000c1600000, 0x00000000c1500000| Untracked 
|  22|0x00000000c1600000, 0x00000000c1700000, 0x00000000c1700000|100%| O|  |TAMS 0x00000000c1700000, 0x00000000c1600000| Untracked 
|  23|0x00000000c1700000, 0x00000000c1800000, 0x00000000c1800000|100%|HS|  |TAMS 0x00000000c1800000, 0x00000000c1700000| Complete 
|  24|0x00000000c1800000, 0x00000000c1900000, 0x00000000c1900000|100%|HS|  |TAMS 0x00000000c1900000, 0x00000000c1800000| Complete 
|  25|0x00000000c1900000, 0x00000000c1a00000, 0x00000000c1a00000|100%|HC|  |TAMS 0x00000000c1a00000, 0x00000000c1900000| Complete 
|  26|0x00000000c1a00000, 0x00000000c1b00000, 0x00000000c1b00000|100%| O|  |TAMS 0x00000000c1b00000, 0x00000000c1a00000| Untracked 
|  27|0x00000000c1b00000, 0x00000000c1c00000, 0x00000000c1c00000|100%| O|  |TAMS 0x00000000c1c00000, 0x00000000c1b00000| Untracked 
|  28|0x00000000c1c00000, 0x00000000c1d00000, 0x00000000c1d00000|100%| O|  |TAMS 0x00000000c1d00000, 0x00000000c1c00000| Untracked 
|  29|0x00000000c1d00000, 0x00000000c1e00000, 0x00000000c1e00000|100%| O|  |TAMS 0x00000000c1e00000, 0x00000000c1d00000| Untracked 
|  30|0x00000000c1e00000, 0x00000000c1f00000, 0x00000000c1f00000|100%| O|  |TAMS 0x00000000c1f00000, 0x00000000c1e00000| Untracked 
|  31|0x00000000c1f00000, 0x00000000c2000000, 0x00000000c2000000|100%| O|  |TAMS 0x00000000c2000000, 0x00000000c1f00000| Untracked 
|  32|0x00000000c2000000, 0x00000000c2100000, 0x00000000c2100000|100%| O|  |TAMS 0x00000000c2100000, 0x00000000c2000000| Untracked 
|  33|0x00000000c2100000, 0x00000000c2200000, 0x00000000c2200000|100%| O|  |TAMS 0x00000000c2200000, 0x00000000c2100000| Untracked 
|  34|0x00000000c2200000, 0x00000000c2300000, 0x00000000c2300000|100%| O|  |TAMS 0x00000000c2300000, 0x00000000c2200000| Untracked 
|  35|0x00000000c2300000, 0x00000000c2400000, 0x00000000c2400000|100%| O|  |TAMS 0x00000000c2400000, 0x00000000c2300000| Untracked 
|  36|0x00000000c2400000, 0x00000000c2500000, 0x00000000c2500000|100%| O|  |TAMS 0x00000000c2500000, 0x00000000c2400000| Untracked 
|  37|0x00000000c2500000, 0x00000000c2600000, 0x00000000c2600000|100%| O|  |TAMS 0x00000000c2600000, 0x00000000c2500000| Untracked 
|  38|0x00000000c2600000, 0x00000000c2700000, 0x00000000c2700000|100%| O|  |TAMS 0x00000000c2700000, 0x00000000c2600000| Untracked 
|  39|0x00000000c2700000, 0x00000000c2800000, 0x00000000c2800000|100%| O|  |TAMS 0x00000000c2800000, 0x00000000c2700000| Untracked 
|  40|0x00000000c2800000, 0x00000000c2900000, 0x00000000c2900000|100%| O|  |TAMS 0x00000000c2834a00, 0x00000000c2800000| Untracked 
|  41|0x00000000c2900000, 0x00000000c2a00000, 0x00000000c2a00000|100%| O|  |TAMS 0x00000000c2900000, 0x00000000c2900000| Untracked 
|  42|0x00000000c2a00000, 0x00000000c2b00000, 0x00000000c2b00000|100%| O|  |TAMS 0x00000000c2a00000, 0x00000000c2a00000| Untracked 
|  43|0x00000000c2b00000, 0x00000000c2c00000, 0x00000000c2c00000|100%| O|  |TAMS 0x00000000c2b00000, 0x00000000c2b00000| Untracked 
|  44|0x00000000c2c00000, 0x00000000c2d00000, 0x00000000c2d00000|100%| O|  |TAMS 0x00000000c2c00000, 0x00000000c2c00000| Untracked 
|  45|0x00000000c2d00000, 0x00000000c2e00000, 0x00000000c2e00000|100%| O|  |TAMS 0x00000000c2d00000, 0x00000000c2d00000| Untracked 
|  46|0x00000000c2e00000, 0x00000000c2f00000, 0x00000000c2f00000|100%| O|  |TAMS 0x00000000c2e00000, 0x00000000c2e00000| Untracked 
|  47|0x00000000c2f00000, 0x00000000c3000000, 0x00000000c3000000|100%| O|  |TAMS 0x00000000c2f00000, 0x00000000c2f00000| Untracked 
|  48|0x00000000c3000000, 0x00000000c3100000, 0x00000000c3100000|100%| O|  |TAMS 0x00000000c3000000, 0x00000000c3000000| Untracked 
|  49|0x00000000c3100000, 0x00000000c3200000, 0x00000000c3200000|100%| O|  |TAMS 0x00000000c3100000, 0x00000000c3100000| Untracked 
|  50|0x00000000c3200000, 0x00000000c3300000, 0x00000000c3300000|100%| O|  |TAMS 0x00000000c3200000, 0x00000000c3200000| Untracked 
|  51|0x00000000c3300000, 0x00000000c3400000, 0x00000000c3400000|100%| O|  |TAMS 0x00000000c3300000, 0x00000000c3300000| Untracked 
|  52|0x00000000c3400000, 0x00000000c3500000, 0x00000000c3500000|100%| O|  |TAMS 0x00000000c3400000, 0x00000000c3400000| Untracked 
|  53|0x00000000c3500000, 0x00000000c3600000, 0x00000000c3600000|100%| O|  |TAMS 0x00000000c3500000, 0x00000000c3500000| Untracked 
|  54|0x00000000c3600000, 0x00000000c3700000, 0x00000000c3700000|100%| O|  |TAMS 0x00000000c3600000, 0x00000000c3600000| Untracked 
|  55|0x00000000c3700000, 0x00000000c3800000, 0x00000000c3800000|100%| O|  |TAMS 0x00000000c3700000, 0x00000000c3700000| Untracked 
|  56|0x00000000c3800000, 0x00000000c3900000, 0x00000000c3900000|100%| O|  |TAMS 0x00000000c3800000, 0x00000000c3800000| Untracked 
|  57|0x00000000c3900000, 0x00000000c3a00000, 0x00000000c3a00000|100%| O|  |TAMS 0x00000000c3900000, 0x00000000c3900000| Untracked 
|  58|0x00000000c3a00000, 0x00000000c3b00000, 0x00000000c3b00000|100%| O|  |TAMS 0x00000000c3a00000, 0x00000000c3a00000| Untracked 
|  59|0x00000000c3b00000, 0x00000000c3c00000, 0x00000000c3c00000|100%| O|  |TAMS 0x00000000c3b00000, 0x00000000c3b00000| Untracked 
|  60|0x00000000c3c00000, 0x00000000c3d00000, 0x00000000c3d00000|100%| O|  |TAMS 0x00000000c3c00000, 0x00000000c3c00000| Untracked 
|  61|0x00000000c3d00000, 0x00000000c3df9a00, 0x00000000c3e00000| 97%| O|  |TAMS 0x00000000c3d00000, 0x00000000c3d00000| Untracked 
|  62|0x00000000c3e00000, 0x00000000c3e00000, 0x00000000c3f00000|  0%| F|  |TAMS 0x00000000c3e00000, 0x00000000c3e00000| Untracked 
|  63|0x00000000c3f00000, 0x00000000c3f00000, 0x00000000c4000000|  0%| F|  |TAMS 0x00000000c3f00000, 0x00000000c3f00000| Untracked 
|  64|0x00000000c4000000, 0x00000000c4000000, 0x00000000c4100000|  0%| F|  |TAMS 0x00000000c4000000, 0x00000000c4000000| Untracked 
|  65|0x00000000c4100000, 0x00000000c4100000, 0x00000000c4200000|  0%| F|  |TAMS 0x00000000c4100000, 0x00000000c4100000| Untracked 
|  66|0x00000000c4200000, 0x00000000c4200000, 0x00000000c4300000|  0%| F|  |TAMS 0x00000000c4200000, 0x00000000c4200000| Untracked 
|  67|0x00000000c4300000, 0x00000000c4300000, 0x00000000c4400000|  0%| F|  |TAMS 0x00000000c4300000, 0x00000000c4300000| Untracked 
|  68|0x00000000c4400000, 0x00000000c4400000, 0x00000000c4500000|  0%| F|  |TAMS 0x00000000c4400000, 0x00000000c4400000| Untracked 
|  69|0x00000000c4500000, 0x00000000c4500000, 0x00000000c4600000|  0%| F|  |TAMS 0x00000000c4500000, 0x00000000c4500000| Untracked 
|  70|0x00000000c4600000, 0x00000000c4600000, 0x00000000c4700000|  0%| F|  |TAMS 0x00000000c4600000, 0x00000000c4600000| Untracked 
|  71|0x00000000c4700000, 0x00000000c4700000, 0x00000000c4800000|  0%| F|  |TAMS 0x00000000c4700000, 0x00000000c4700000| Untracked 
|  72|0x00000000c4800000, 0x00000000c4800000, 0x00000000c4900000|  0%| F|  |TAMS 0x00000000c4800000, 0x00000000c4800000| Untracked 
|  73|0x00000000c4900000, 0x00000000c4900000, 0x00000000c4a00000|  0%| F|  |TAMS 0x00000000c4900000, 0x00000000c4900000| Untracked 
|  74|0x00000000c4a00000, 0x00000000c4a00000, 0x00000000c4b00000|  0%| F|  |TAMS 0x00000000c4a00000, 0x00000000c4a00000| Untracked 
|  75|0x00000000c4b00000, 0x00000000c4b00000, 0x00000000c4c00000|  0%| F|  |TAMS 0x00000000c4b00000, 0x00000000c4b00000| Untracked 
|  76|0x00000000c4c00000, 0x00000000c4c00000, 0x00000000c4d00000|  0%| F|  |TAMS 0x00000000c4c00000, 0x00000000c4c00000| Untracked 
|  77|0x00000000c4d00000, 0x00000000c4d00000, 0x00000000c4e00000|  0%| F|  |TAMS 0x00000000c4d00000, 0x00000000c4d00000| Untracked 
|  78|0x00000000c4e00000, 0x00000000c4e00000, 0x00000000c4f00000|  0%| F|  |TAMS 0x00000000c4e00000, 0x00000000c4e00000| Untracked 
|  79|0x00000000c4f00000, 0x00000000c4f00000, 0x00000000c5000000|  0%| F|  |TAMS 0x00000000c4f00000, 0x00000000c4f00000| Untracked 
|  80|0x00000000c5000000, 0x00000000c5000000, 0x00000000c5100000|  0%| F|  |TAMS 0x00000000c5000000, 0x00000000c5000000| Untracked 
|  81|0x00000000c5100000, 0x00000000c5100000, 0x00000000c5200000|  0%| F|  |TAMS 0x00000000c5100000, 0x00000000c5100000| Untracked 
|  82|0x00000000c5200000, 0x00000000c5200000, 0x00000000c5300000|  0%| F|  |TAMS 0x00000000c5200000, 0x00000000c5200000| Untracked 
|  83|0x00000000c5300000, 0x00000000c5400000, 0x00000000c5400000|100%| S|CS|TAMS 0x00000000c5300000, 0x00000000c5300000| Complete 
|  84|0x00000000c5400000, 0x00000000c5500000, 0x00000000c5500000|100%| S|CS|TAMS 0x00000000c5400000, 0x00000000c5400000| Complete 
|  85|0x00000000c5500000, 0x00000000c5600000, 0x00000000c5600000|100%| S|CS|TAMS 0x00000000c5500000, 0x00000000c5500000| Complete 
|  86|0x00000000c5600000, 0x00000000c5600000, 0x00000000c5700000|  0%| F|  |TAMS 0x00000000c5600000, 0x00000000c5600000| Untracked 
|  87|0x00000000c5700000, 0x00000000c5700000, 0x00000000c5800000|  0%| F|  |TAMS 0x00000000c5700000, 0x00000000c5700000| Untracked 
|  88|0x00000000c5800000, 0x00000000c5800000, 0x00000000c5900000|  0%| F|  |TAMS 0x00000000c5800000, 0x00000000c5800000| Untracked 
|  89|0x00000000c5900000, 0x00000000c5900000, 0x00000000c5a00000|  0%| F|  |TAMS 0x00000000c5900000, 0x00000000c5900000| Untracked 
|  90|0x00000000c5a00000, 0x00000000c5a00000, 0x00000000c5b00000|  0%| F|  |TAMS 0x00000000c5a00000, 0x00000000c5a00000| Untracked 
|  91|0x00000000c5b00000, 0x00000000c5b00000, 0x00000000c5c00000|  0%| F|  |TAMS 0x00000000c5b00000, 0x00000000c5b00000| Untracked 
|  92|0x00000000c5c00000, 0x00000000c5c00000, 0x00000000c5d00000|  0%| F|  |TAMS 0x00000000c5c00000, 0x00000000c5c00000| Untracked 
|  93|0x00000000c5d00000, 0x00000000c5d00000, 0x00000000c5e00000|  0%| F|  |TAMS 0x00000000c5d00000, 0x00000000c5d00000| Untracked 
|  94|0x00000000c5e00000, 0x00000000c5e00000, 0x00000000c5f00000|  0%| F|  |TAMS 0x00000000c5e00000, 0x00000000c5e00000| Untracked 
|  95|0x00000000c5f00000, 0x00000000c5f00000, 0x00000000c6000000|  0%| F|  |TAMS 0x00000000c5f00000, 0x00000000c5f00000| Untracked 
|  96|0x00000000c6000000, 0x00000000c6000000, 0x00000000c6100000|  0%| F|  |TAMS 0x00000000c6000000, 0x00000000c6000000| Untracked 
|  97|0x00000000c6100000, 0x00000000c6100000, 0x00000000c6200000|  0%| F|  |TAMS 0x00000000c6100000, 0x00000000c6100000| Untracked 
|  98|0x00000000c6200000, 0x00000000c6200000, 0x00000000c6300000|  0%| F|  |TAMS 0x00000000c6200000, 0x00000000c6200000| Untracked 
|  99|0x00000000c6300000, 0x00000000c6300000, 0x00000000c6400000|  0%| F|  |TAMS 0x00000000c6300000, 0x00000000c6300000| Untracked 
| 100|0x00000000c6400000, 0x00000000c6400000, 0x00000000c6500000|  0%| F|  |TAMS 0x00000000c6400000, 0x00000000c6400000| Untracked 
| 101|0x00000000c6500000, 0x00000000c6500000, 0x00000000c6600000|  0%| F|  |TAMS 0x00000000c6500000, 0x00000000c6500000| Untracked 
| 102|0x00000000c6600000, 0x00000000c6600000, 0x00000000c6700000|  0%| F|  |TAMS 0x00000000c6600000, 0x00000000c6600000| Untracked 
| 103|0x00000000c6700000, 0x00000000c6700000, 0x00000000c6800000|  0%| F|  |TAMS 0x00000000c6700000, 0x00000000c6700000| Untracked 
| 104|0x00000000c6800000, 0x00000000c6800000, 0x00000000c6900000|  0%| F|  |TAMS 0x00000000c6800000, 0x00000000c6800000| Untracked 
| 105|0x00000000c6900000, 0x00000000c6900000, 0x00000000c6a00000|  0%| F|  |TAMS 0x00000000c6900000, 0x00000000c6900000| Untracked 
| 106|0x00000000c6a00000, 0x00000000c6a95ad8, 0x00000000c6b00000| 58%| E|  |TAMS 0x00000000c6a00000, 0x00000000c6a00000| Complete 
| 107|0x00000000c6b00000, 0x00000000c6c00000, 0x00000000c6c00000|100%| E|CS|TAMS 0x00000000c6b00000, 0x00000000c6b00000| Complete 
| 108|0x00000000c6c00000, 0x00000000c6d00000, 0x00000000c6d00000|100%| E|CS|TAMS 0x00000000c6c00000, 0x00000000c6c00000| Complete 
| 109|0x00000000c6d00000, 0x00000000c6e00000, 0x00000000c6e00000|100%| E|CS|TAMS 0x00000000c6d00000, 0x00000000c6d00000| Complete 
| 110|0x00000000c6e00000, 0x00000000c6f00000, 0x00000000c6f00000|100%| E|CS|TAMS 0x00000000c6e00000, 0x00000000c6e00000| Complete 
| 111|0x00000000c6f00000, 0x00000000c7000000, 0x00000000c7000000|100%| E|CS|TAMS 0x00000000c6f00000, 0x00000000c6f00000| Complete 
| 112|0x00000000c7000000, 0x00000000c7100000, 0x00000000c7100000|100%| E|  |TAMS 0x00000000c7000000, 0x00000000c7000000| Complete 
| 113|0x00000000c7100000, 0x00000000c7200000, 0x00000000c7200000|100%| E|CS|TAMS 0x00000000c7100000, 0x00000000c7100000| Complete 
| 114|0x00000000c7200000, 0x00000000c7300000, 0x00000000c7300000|100%| E|CS|TAMS 0x00000000c7200000, 0x00000000c7200000| Complete 
| 115|0x00000000c7300000, 0x00000000c7400000, 0x00000000c7400000|100%| E|CS|TAMS 0x00000000c7300000, 0x00000000c7300000| Complete 
| 116|0x00000000c7400000, 0x00000000c7500000, 0x00000000c7500000|100%| E|CS|TAMS 0x00000000c7400000, 0x00000000c7400000| Complete 
| 117|0x00000000c7500000, 0x00000000c7600000, 0x00000000c7600000|100%| E|CS|TAMS 0x00000000c7500000, 0x00000000c7500000| Complete 
| 118|0x00000000c7600000, 0x00000000c7700000, 0x00000000c7700000|100%| E|CS|TAMS 0x00000000c7600000, 0x00000000c7600000| Complete 
| 119|0x00000000c7700000, 0x00000000c7800000, 0x00000000c7800000|100%| E|CS|TAMS 0x00000000c7700000, 0x00000000c7700000| Complete 
| 120|0x00000000c7800000, 0x00000000c7900000, 0x00000000c7900000|100%| E|CS|TAMS 0x00000000c7800000, 0x00000000c7800000| Complete 
| 121|0x00000000c7900000, 0x00000000c7a00000, 0x00000000c7a00000|100%| E|CS|TAMS 0x00000000c7900000, 0x00000000c7900000| Complete 
| 122|0x00000000c7a00000, 0x00000000c7b00000, 0x00000000c7b00000|100%| E|CS|TAMS 0x00000000c7a00000, 0x00000000c7a00000| Complete 
| 123|0x00000000c7b00000, 0x00000000c7c00000, 0x00000000c7c00000|100%| E|CS|TAMS 0x00000000c7b00000, 0x00000000c7b00000| Complete 
| 124|0x00000000c7c00000, 0x00000000c7d00000, 0x00000000c7d00000|100%| E|CS|TAMS 0x00000000c7c00000, 0x00000000c7c00000| Complete 
| 125|0x00000000c7d00000, 0x00000000c7e00000, 0x00000000c7e00000|100%| E|CS|TAMS 0x00000000c7d00000, 0x00000000c7d00000| Complete 
| 126|0x00000000c7e00000, 0x00000000c7f00000, 0x00000000c7f00000|100%| E|CS|TAMS 0x00000000c7e00000, 0x00000000c7e00000| Complete 
| 127|0x00000000c7f00000, 0x00000000c8000000, 0x00000000c8000000|100%| E|CS|TAMS 0x00000000c7f00000, 0x00000000c7f00000| Complete 

Card table byte_map: [0x000001bdbf690000,0x000001bdbf890000] _byte_map_base: 0x000001bdbf090000

Marking Bits (Prev, Next): (CMBitMap*) 0x000001bdaab7d2d0, (CMBitMap*) 0x000001bdaab7d298
 Prev Bits: [0x000001bdc0a90000, 0x000001bdc1a90000)
 Next Bits: [0x000001bdbfa90000, 0x000001bdc0a90000)

Polling page: 0x000001bdaa9b0000

Metaspace:

Usage:
  Non-class:     72.32 MB capacity,    70.98 MB ( 98%) used,     1.12 MB (  2%) free+waste,   233.75 KB ( <1%) overhead. 
      Class:     11.27 MB capacity,    10.49 MB ( 93%) used,   683.23 KB (  6%) free+waste,   107.13 KB ( <1%) overhead. 
       Both:     83.59 MB capacity,    81.47 MB ( 97%) used,     1.79 MB (  2%) free+waste,   340.88 KB ( <1%) overhead. 

Virtual space:
  Non-class space:       74.00 MB reserved,      72.50 MB ( 98%) committed 
      Class space:        1.00 GB reserved,      11.32 MB (  1%) committed 
             Both:        1.07 GB reserved,      83.82 MB (  8%) committed 

Chunk freelists:
   Non-Class:  52.00 KB
       Class:  15.00 KB
        Both:  67.00 KB

MaxMetaspaceSize: 17179869184.00 GB
CompressedClassSpaceSize: 1.00 GB

CodeHeap 'non-profiled nmethods': size=120064Kb used=5549Kb max_used=5549Kb free=114514Kb
 bounds [0x000001bdb7930000, 0x000001bdb7ea0000, 0x000001bdbee70000]
CodeHeap 'profiled nmethods': size=120000Kb used=20404Kb max_used=20404Kb free=99595Kb
 bounds [0x000001bdb0400000, 0x000001bdb17f0000, 0x000001bdb7930000]
CodeHeap 'non-nmethods': size=5696Kb used=2275Kb max_used=2334Kb free=3420Kb
 bounds [0x000001bdafe70000, 0x000001bdb00e0000, 0x000001bdb0400000]
 total_blobs=10162 nmethods=9288 adapters=785
 compilation: enabled
              stopped_count=0, restarted_count=0
 full_count=0

Compilation events (20 events):
Event: 26.001 Thread 0x000001bdcc8e2800 9304       4       org.apache.xerces.util.NamespaceSupport::getURI (38 bytes)
Event: 26.008 Thread 0x000001bdcc8e2800 nmethod 9304 0x000001bdb7e99010 code [0x000001bdb7e991a0, 0x000001bdb7e99318]
Event: 26.008 Thread 0x000001bdcc8e2800 9300       4       java.lang.Character::isSurrogate (18 bytes)
Event: 26.009 Thread 0x000001bdcc8e2800 nmethod 9300 0x000001bdb7e99410 code [0x000001bdb7e995a0, 0x000001bdb7e995f8]
Event: 26.011 Thread 0x000001bdc409c800 9307       3       java.lang.StringCoding::decodeUTF8_0 (897 bytes)
Event: 26.013 Thread 0x000001bdcc8e2800 9308       4       org.apache.xerces.impl.XMLScanner::setFeature (32 bytes)
Event: 26.016 Thread 0x000001bdcc8e2800 nmethod 9308 0x000001bdb7e99690 code [0x000001bdb7e99820, 0x000001bdb7e99b18]
Event: 26.016 Thread 0x000001bdc409c800 nmethod 9307 0x000001bdb17e0690 code [0x000001bdb17e0b40, 0x000001bdb17e3888]
Event: 26.028 Thread 0x000001bdc409c800 9309 %     3       java.lang.StringCoding::decodeUTF8_0 @ 199 (897 bytes)
Event: 26.035 Thread 0x000001bdc409c800 nmethod 9309% 0x000001bdb17e4890 code [0x000001bdb17e4d40, 0x000001bdb17e7dc8]
Event: 26.047 Thread 0x000001bdcc8e2800 9310       4       org.apache.xerces.util.AugmentationsImpl$SmallContainer::clear (41 bytes)
Event: 26.048 Thread 0x000001bdcc8e2800 nmethod 9310 0x000001bdb7e99c10 code [0x000001bdb7e99da0, 0x000001bdb7e99e18]
Event: 26.048 Thread 0x000001bdcc8e2800 9311       4       org.apache.xerces.util.XMLAttributesImpl::getQName (38 bytes)
Event: 26.051 Thread 0x000001bdcc8e2800 nmethod 9311 0x000001bdb7e99e90 code [0x000001bdb7e9a020, 0x000001bdb7e9a118]
Event: 26.051 Thread 0x000001bdcc8e2800 9312       4       org.apache.xerces.impl.XMLEntityScanner::scanLiteral (746 bytes)
Event: 26.051 Thread 0x000001bdc409c800 9314       3       com.android.ide.common.resources.DataSet::isIgnored (38 bytes)
Event: 26.052 Thread 0x000001bdc409c800 nmethod 9314 0x000001bdb17e8e10 code [0x000001bdb17e9000, 0x000001bdb17e9358]
Event: 26.057 Thread 0x000001bdc409c800 9317       1       com.android.ide.common.resources.DataSet::getValidateEnabled (5 bytes)
Event: 26.057 Thread 0x000001bdc409c800 nmethod 9317 0x000001bdb7e9a290 code [0x000001bdb7e9a440, 0x000001bdb7e9a4f8]
Event: 26.060 Thread 0x000001bdc409c800 9318       3       java.io.FileInputStream::<init> (122 bytes)

GC Heap History (20 events):
Event: 8.597 GC heap before
{Heap before GC invocations=9 (full 0):
 garbage-first heap   total 131072K, used 91449K [0x00000000c0000000, 0x0000000100000000)
  region size 1024K, 72 young (73728K), 7 survivors (7168K)
 Metaspace       used 39891K, capacity 40825K, committed 41088K, reserved 1085440K
  class space    used 5109K, capacity 5456K, committed 5504K, reserved 1048576K
}
Event: 8.620 GC heap after
{Heap after GC invocations=10 (full 0):
 garbage-first heap   total 131072K, used 27077K [0x00000000c0000000, 0x0000000100000000)
  region size 1024K, 9 young (9216K), 9 survivors (9216K)
 Metaspace       used 39891K, capacity 40825K, committed 41088K, reserved 1085440K
  class space    used 5109K, capacity 5456K, committed 5504K, reserved 1048576K
}
Event: 10.186 GC heap before
{Heap before GC invocations=10 (full 0):
 garbage-first heap   total 131072K, used 95685K [0x00000000c0000000, 0x0000000100000000)
  region size 1024K, 75 young (76800K), 9 survivors (9216K)
 Metaspace       used 45839K, capacity 46954K, committed 47104K, reserved 1089536K
  class space    used 5881K, capacity 6301K, committed 6400K, reserved 1048576K
}
Event: 10.212 GC heap after
{Heap after GC invocations=11 (full 0):
 garbage-first heap   total 131072K, used 29323K [0x00000000c0000000, 0x0000000100000000)
  region size 1024K, 8 young (8192K), 8 survivors (8192K)
 Metaspace       used 45839K, capacity 46954K, committed 47104K, reserved 1089536K
  class space    used 5881K, capacity 6301K, committed 6400K, reserved 1048576K
}
Event: 12.322 GC heap before
{Heap before GC invocations=11 (full 0):
 garbage-first heap   total 131072K, used 101003K [0x00000000c0000000, 0x0000000100000000)
  region size 1024K, 75 young (76800K), 8 survivors (8192K)
 Metaspace       used 50858K, capacity 52107K, committed 52352K, reserved 1095680K
  class space    used 6477K, capacity 6932K, committed 7040K, reserved 1048576K
}
Event: 12.345 GC heap after
{Heap after GC invocations=12 (full 0):
 garbage-first heap   total 131072K, used 40960K [0x00000000c0000000, 0x0000000100000000)
  region size 1024K, 10 young (10240K), 10 survivors (10240K)
 Metaspace       used 50858K, capacity 52107K, committed 52352K, reserved 1095680K
  class space    used 6477K, capacity 6932K, committed 7040K, reserved 1048576K
}
Event: 14.702 GC heap before
{Heap before GC invocations=12 (full 0):
 garbage-first heap   total 131072K, used 88064K [0x00000000c0000000, 0x0000000100000000)
  region size 1024K, 57 young (58368K), 10 survivors (10240K)
 Metaspace       used 58733K, capacity 60136K, committed 60160K, reserved 1101824K
  class space    used 7399K, capacity 7920K, committed 7936K, reserved 1048576K
}
Event: 14.728 GC heap after
{Heap after GC invocations=13 (full 0):
 garbage-first heap   total 131072K, used 44024K [0x00000000c0000000, 0x0000000100000000)
  region size 1024K, 3 young (3072K), 3 survivors (3072K)
 Metaspace       used 58733K, capacity 60136K, committed 60160K, reserved 1101824K
  class space    used 7399K, capacity 7920K, committed 7936K, reserved 1048576K
}
Event: 16.218 GC heap before
{Heap before GC invocations=14 (full 0):
 garbage-first heap   total 131072K, used 97272K [0x00000000c0000000, 0x0000000100000000)
  region size 1024K, 55 young (56320K), 3 survivors (3072K)
 Metaspace       used 63965K, capacity 65481K, committed 65740K, reserved 1105920K
  class space    used 8043K, capacity 8602K, committed 8652K, reserved 1048576K
}
Event: 16.230 GC heap after
{Heap after GC invocations=15 (full 0):
 garbage-first heap   total 131072K, used 49472K [0x00000000c0000000, 0x0000000100000000)
  region size 1024K, 7 young (7168K), 7 survivors (7168K)
 Metaspace       used 63965K, capacity 65481K, committed 65740K, reserved 1105920K
  class space    used 8043K, capacity 8602K, committed 8652K, reserved 1048576K
}
Event: 17.774 GC heap before
{Heap before GC invocations=15 (full 0):
 garbage-first heap   total 131072K, used 99648K [0x00000000c0000000, 0x0000000100000000)
  region size 1024K, 56 young (57344K), 7 survivors (7168K)
 Metaspace       used 67658K, capacity 69321K, committed 69452K, reserved 1110016K
  class space    used 8616K, capacity 9196K, committed 9292K, reserved 1048576K
}
Event: 17.794 GC heap after
{Heap after GC invocations=16 (full 0):
 garbage-first heap   total 131072K, used 52696K [0x00000000c0000000, 0x0000000100000000)
  region size 1024K, 5 young (5120K), 5 survivors (5120K)
 Metaspace       used 67658K, capacity 69321K, committed 69452K, reserved 1110016K
  class space    used 8616K, capacity 9196K, committed 9292K, reserved 1048576K
}
Event: 19.238 GC heap before
{Heap before GC invocations=16 (full 0):
 garbage-first heap   total 131072K, used 101848K [0x00000000c0000000, 0x0000000100000000)
  region size 1024K, 53 young (54272K), 5 survivors (5120K)
 Metaspace       used 72538K, capacity 74197K, committed 74316K, reserved 1114112K
  class space    used 9370K, capacity 9974K, committed 10060K, reserved 1048576K
}
Event: 19.253 GC heap after
{Heap after GC invocations=17 (full 0):
 garbage-first heap   total 131072K, used 55575K [0x00000000c0000000, 0x0000000100000000)
  region size 1024K, 4 young (4096K), 4 survivors (4096K)
 Metaspace       used 72538K, capacity 74197K, committed 74316K, reserved 1114112K
  class space    used 9370K, capacity 9974K, committed 10060K, reserved 1048576K
}
Event: 20.431 GC heap before
{Heap before GC invocations=17 (full 0):
 garbage-first heap   total 131072K, used 102679K [0x00000000c0000000, 0x0000000100000000)
  region size 1024K, 50 young (51200K), 4 survivors (4096K)
 Metaspace       used 77701K, capacity 79551K, committed 79692K, reserved 1118208K
  class space    used 10050K, capacity 10715K, committed 10828K, reserved 1048576K
}
Event: 20.441 GC heap after
{Heap after GC invocations=18 (full 0):
 garbage-first heap   total 131072K, used 58770K [0x00000000c0000000, 0x0000000100000000)
  region size 1024K, 7 young (7168K), 7 survivors (7168K)
 Metaspace       used 77701K, capacity 79551K, committed 79692K, reserved 1118208K
  class space    used 10050K, capacity 10715K, committed 10828K, reserved 1048576K
}
Event: 22.061 GC heap before
{Heap before GC invocations=18 (full 0):
 garbage-first heap   total 131072K, used 103826K [0x00000000c0000000, 0x0000000100000000)
  region size 1024K, 52 young (53248K), 7 survivors (7168K)
 Metaspace       used 81862K, capacity 83973K, committed 84172K, reserved 1122304K
  class space    used 10605K, capacity 11372K, committed 11468K, reserved 1048576K
}
Event: 22.086 GC heap after
{Heap after GC invocations=19 (full 0):
 garbage-first heap   total 131072K, used 63244K [0x00000000c0000000, 0x0000000100000000)
  region size 1024K, 7 young (7168K), 7 survivors (7168K)
 Metaspace       used 81862K, capacity 83973K, committed 84172K, reserved 1122304K
  class space    used 10605K, capacity 11372K, committed 11468K, reserved 1048576K
}
Event: 24.021 GC heap before
{Heap before GC invocations=19 (full 0):
 garbage-first heap   total 131072K, used 105228K [0x00000000c0000000, 0x0000000100000000)
  region size 1024K, 49 young (50176K), 7 survivors (7168K)
 Metaspace       used 82441K, capacity 84566K, committed 84684K, reserved 1122304K
  class space    used 10649K, capacity 11430K, committed 11468K, reserved 1048576K
}
Event: 24.049 GC heap after
{Heap after GC invocations=20 (full 0):
 garbage-first heap   total 131072K, used 66534K [0x00000000c0000000, 0x0000000100000000)
  region size 1024K, 3 young (3072K), 3 survivors (3072K)
 Metaspace       used 82441K, capacity 84566K, committed 84684K, reserved 1122304K
  class space    used 10649K, capacity 11430K, committed 11468K, reserved 1048576K
}

Deoptimization events (20 events):
Event: 25.844 Thread 0x000001bdc50e5800 DEOPT PACKING pc=0x000001bdb17c281b sp=0x000000b8ffbf9b10
Event: 25.844 Thread 0x000001bdc50e5800 DEOPT UNPACKING pc=0x000001bdafe976ce sp=0x000000b8ffbf8f80 mode 0
Event: 25.845 Thread 0x000001bdc50e5800 Uncommon trap: trap_request=0xffffff4d fr.pc=0x000001bdb7e8aefc relative=0x00000000000009dc
Event: 25.845 Thread 0x000001bdc50e5800 Uncommon trap: reason=unstable_if action=reinterpret pc=0x000001bdb7e8aefc method=org.apache.xerces.impl.XMLEntityScanner.scanContent(Lorg/apache/xerces/xni/XMLString;)I @ 461 c2
Event: 25.845 Thread 0x000001bdc50e5800 DEOPT PACKING pc=0x000001bdb7e8aefc sp=0x000000b8ffbf9c20
Event: 25.845 Thread 0x000001bdc50e5800 DEOPT UNPACKING pc=0x000001bdafe978af sp=0x000000b8ffbf9bb8 mode 2
Event: 25.848 Thread 0x000001bdc50e5800 DEOPT PACKING pc=0x000001bdb17c281b sp=0x000000b8ffbf9b10
Event: 25.848 Thread 0x000001bdc50e5800 DEOPT UNPACKING pc=0x000001bdafe976ce sp=0x000000b8ffbf8f80 mode 0
Event: 25.896 Thread 0x000001bdc50e5800 DEOPT PACKING pc=0x000001bdb17c281b sp=0x000000b8ffbf9900
Event: 25.896 Thread 0x000001bdc50e5800 DEOPT UNPACKING pc=0x000001bdafe976ce sp=0x000000b8ffbf8d70 mode 0
Event: 25.896 Thread 0x000001bdc50e5800 Uncommon trap: trap_request=0xffffff4d fr.pc=0x000001bdb7e89fb8 relative=0x0000000000000318
Event: 25.896 Thread 0x000001bdc50e5800 Uncommon trap: reason=unstable_if action=reinterpret pc=0x000001bdb7e89fb8 method=java.lang.StringUTF16.compress([BI[BII)I @ 29 c2
Event: 25.897 Thread 0x000001bdc50e5800 DEOPT PACKING pc=0x000001bdb7e89fb8 sp=0x000000b8ffbf98c0
Event: 25.897 Thread 0x000001bdc50e5800 DEOPT UNPACKING pc=0x000001bdafe978af sp=0x000000b8ffbf9840 mode 2
Event: 25.925 Thread 0x000001bdc50e5800 Uncommon trap: trap_request=0xffffff4d fr.pc=0x000001bdb7e88844 relative=0x0000000000000664
Event: 25.925 Thread 0x000001bdc50e5800 Uncommon trap: reason=unstable_if action=reinterpret pc=0x000001bdb7e88844 method=java.lang.StringCoding.decodeUTF8_0([BIIZ)Ljava/lang/StringCoding$Result; @ 240 c2
Event: 25.925 Thread 0x000001bdc50e5800 DEOPT PACKING pc=0x000001bdb7e88844 sp=0x000000b8ffbf9f00
Event: 25.925 Thread 0x000001bdc50e5800 DEOPT UNPACKING pc=0x000001bdafe978af sp=0x000000b8ffbf9e90 mode 2
Event: 25.959 Thread 0x000001bdc50e5800 DEOPT PACKING pc=0x000001bdb17c281b sp=0x000000b8ffbf9900
Event: 25.959 Thread 0x000001bdc50e5800 DEOPT UNPACKING pc=0x000001bdafe976ce sp=0x000000b8ffbf8d70 mode 0

Classes redefined (0 events):
No events

Internal exceptions (20 events):
Event: 20.656 Thread 0x000001bdc73ef000 Exception <a 'sun/nio/fs/WindowsException'{0x00000000c7400898}> (0x00000000c7400898) thrown at [./src/hotspot/share/prims/jni.cpp, line 615]
Event: 20.794 Thread 0x000001bdc62af000 Exception <a 'java/lang/NoSuchMethodError'{0x00000000c7008860}: <clinit>> (0x00000000c7008860) thrown at [./src/hotspot/share/prims/jni.cpp, line 1362]
Event: 20.794 Thread 0x000001bdc62af000 Exception <a 'java/lang/NoSuchMethodError'{0x00000000c70141d0}: <clinit>> (0x00000000c70141d0) thrown at [./src/hotspot/share/prims/jni.cpp, line 1362]
Event: 20.803 Thread 0x000001bdc62af000 Exception <a 'java/lang/NoSuchMethodError'{0x00000000c7020a80}: <clinit>> (0x00000000c7020a80) thrown at [./src/hotspot/share/prims/jni.cpp, line 1362]
Event: 20.804 Thread 0x000001bdc62af000 Exception <a 'java/lang/NoSuchMethodError'{0x00000000c7034838}: <clinit>> (0x00000000c7034838) thrown at [./src/hotspot/share/prims/jni.cpp, line 1362]
Event: 20.804 Thread 0x000001bdc62af000 Exception <a 'java/lang/NoSuchMethodError'{0x00000000c7035fb0}: <clinit>> (0x00000000c7035fb0) thrown at [./src/hotspot/share/prims/jni.cpp, line 1362]
Event: 20.859 Thread 0x000001bdc50dd800 Exception <a 'java/lang/NoSuchMethodError'{0x00000000c6e98d70}: <clinit>> (0x00000000c6e98d70) thrown at [./src/hotspot/share/prims/jni.cpp, line 1362]
Event: 20.866 Thread 0x000001bdc50dd800 Exception <a 'java/lang/NoSuchMethodError'{0x00000000c6ead3d0}: <clinit>> (0x00000000c6ead3d0) thrown at [./src/hotspot/share/prims/jni.cpp, line 1362]
Event: 20.869 Thread 0x000001bdc50dd800 Exception <a 'java/lang/NoSuchMethodError'{0x00000000c6ee0b38}: <clinit>> (0x00000000c6ee0b38) thrown at [./src/hotspot/share/prims/jni.cpp, line 1362]
Event: 20.989 Thread 0x000001bdc62af000 Exception <a 'java/lang/NoSuchMethodError'{0x00000000c6a09fb0}: <clinit>> (0x00000000c6a09fb0) thrown at [./src/hotspot/share/prims/jni.cpp, line 1362]
Event: 21.060 Thread 0x000001bdc50e5800 Exception <a 'java/lang/NoSuchMethodError'{0x00000000c6ae6758}: 'java.lang.Object java.lang.invoke.Invokers$Holder.linkToTargetMethod(java.lang.Object, java.lang.Object, java.lang.Object, int, java.lang.Object, java.lang.Object)'> (0x00000000c6ae6758) thrown at [./src/hotspot/share/interpreter/linkResolver.cpp, line 773]
Event: 21.090 Thread 0x000001bdc50e5800 Exception <a 'java/lang/IncompatibleClassChangeError'{0x00000000c6947710}: Found class java.lang.Object, but interface was expected> (0x00000000c6947710) thrown at [./src/hotspot/share/interpreter/linkResolver.cpp, line 839]
Event: 21.162 Thread 0x000001bdc50e5800 Exception <a 'java/lang/NoSuchMethodError'{0x00000000c670ad10}: 'int java.lang.invoke.DirectMethodHandle$Holder.invokeStaticInit(java.lang.Object, java.lang.Object, java.lang.Object, java.lang.Object, java.lang.Object)'> (0x00000000c670ad10) thrown at [./src/hotspot/share/interpreter/linkResolver.cpp, line 773]
Event: 21.204 Thread 0x000001bdc50e5800 Exception <a 'java/lang/NoSuchMethodError'{0x00000000c6611938}: 'void java.lang.invoke.DirectMethodHandle$Holder.invokeVirtual(java.lang.Object, java.lang.Object)'> (0x00000000c6611938) thrown at [./src/hotspot/share/interpreter/linkResolver.cpp, line 773]
Event: 21.285 Thread 0x000001bdc50e5800 Exception <a 'java/lang/NoSuchMethodError'{0x00000000c65ad268}: 'void java.lang.invoke.DirectMethodHandle$Holder.invokeStatic(java.lang.Object, java.lang.Object, java.lang.Object, java.lang.Object, java.lang.Object, java.lang.Object, java.lang.Object)'> (0x00000000c65ad268) thrown at [./src/hotspot/share/interpreter/linkResolver.cpp, line 773]
Event: 21.319 Thread 0x000001bdc62af000 Exception <a 'java/lang/NoSuchMethodError'{0x00000000c647b550}: <clinit>> (0x00000000c647b550) thrown at [./src/hotspot/share/prims/jni.cpp, line 1362]
Event: 21.437 Thread 0x000001bdc50e1800 Exception <a 'sun/nio/fs/WindowsException'{0x00000000c619ac40}> (0x00000000c619ac40) thrown at [./src/hotspot/share/prims/jni.cpp, line 615]
Event: 21.916 Thread 0x000001bdc50db000 Exception <a 'java/lang/NoSuchMethodError'{0x00000000c5718d98}: 'java.lang.Object java.lang.invoke.DirectMethodHandle$Holder.invokeSpecialIFC(java.lang.Object, java.lang.Object, java.lang.Object)'> (0x00000000c5718d98) thrown at [./src/hotspot/share/interpreter/linkResolver.cpp, line 773]
Event: 21.916 Thread 0x000001bdc6c90000 Exception <a 'java/lang/NoSuchMethodError'{0x00000000c571b8f0}: 'java.lang.Object java.lang.invoke.DirectMethodHandle$Holder.invokeSpecialIFC(java.lang.Object, java.lang.Object, java.lang.Object)'> (0x00000000c571b8f0) thrown at [./src/hotspot/share/interpreter/linkResolver.cpp, line 773]
Event: 22.885 Thread 0x000001bdc50e1000 Exception <a 'java/lang/NoSuchMethodError'{0x00000000c6422100}: <clinit>> (0x00000000c6422100) thrown at [./src/hotspot/share/prims/jni.cpp, line 1362]

Events (20 events):
Event: 24.935 loading class com/google/common/collect/Maps$ViewCachingAbstractMap done
Event: 24.937 loading class com/google/common/collect/Multimaps$AsMap$EntrySet
Event: 24.937 loading class com/google/common/collect/Multimaps$AsMap$EntrySet done
Event: 24.939 loading class com/google/common/collect/Maps$EntrySet
Event: 24.939 loading class com/google/common/collect/Maps$EntrySet done
Event: 24.941 loading class com/google/common/collect/LinkedListMultimap$1KeySetImpl
Event: 24.941 loading class com/google/common/collect/LinkedListMultimap$1KeySetImpl done
Event: 24.943 loading class com/google/common/collect/Multimaps$AsMap$EntrySet$1
Event: 24.943 loading class com/google/common/collect/Multimaps$AsMap$EntrySet$1 done
Event: 24.944 loading class com/google/common/collect/Maps$3
Event: 24.944 loading class com/google/common/collect/Maps$3 done
Event: 24.944 loading class com/google/common/collect/TransformedIterator
Event: 24.944 loading class com/google/common/collect/TransformedIterator done
Event: 24.946 loading class com/google/common/collect/LinkedListMultimap$DistinctKeyIterator
Event: 24.946 loading class com/google/common/collect/LinkedListMultimap$DistinctKeyIterator done
Event: 24.948 loading class com/google/common/collect/LinkedListMultimap$1
Event: 24.948 loading class com/google/common/collect/LinkedListMultimap$1 done
Event: 24.950 loading class com/google/common/collect/LinkedListMultimap$ValueForKeyIterator
Event: 24.950 loading class com/google/common/collect/LinkedListMultimap$ValueForKeyIterator done
Event: 25.764 Thread 0x000001bdcc8e2800 Thread added: 0x000001bdcc8e2800


Dynamic libraries:
0x00007ff66bb50000 - 0x00007ff66bb5a000 	C:\Program Files\Android\Android Studio\jre\bin\java.exe
0x00007ffc73b50000 - 0x00007ffc73d45000 	C:\WINDOWS\SYSTEM32\ntdll.dll
0x00007ffc73250000 - 0x00007ffc7330d000 	C:\WINDOWS\System32\KERNEL32.DLL
0x00007ffc716b0000 - 0x00007ffc71979000 	C:\WINDOWS\System32\KERNELBASE.dll
0x00007ffc71340000 - 0x00007ffc71440000 	C:\WINDOWS\System32\ucrtbase.dll
0x00007ffc69090000 - 0x00007ffc690a9000 	C:\Program Files\Android\Android Studio\jre\bin\jli.dll
0x00007ffc673a0000 - 0x00007ffc673b7000 	C:\Program Files\Android\Android Studio\jre\bin\VCRUNTIME140.dll
0x00007ffc73590000 - 0x00007ffc73730000 	C:\WINDOWS\System32\USER32.dll
0x00007ffc71280000 - 0x00007ffc712a2000 	C:\WINDOWS\System32\win32u.dll
0x00007ffc72e10000 - 0x00007ffc72e3a000 	C:\WINDOWS\System32\GDI32.dll
0x00007ffc71440000 - 0x00007ffc7154b000 	C:\WINDOWS\System32\gdi32full.dll
0x00007ffc71a80000 - 0x00007ffc71b1d000 	C:\WINDOWS\System32\msvcp_win.dll
0x00007ffc55730000 - 0x00007ffc559ca000 	C:\WINDOWS\WinSxS\amd64_microsoft.windows.common-controls_6595b64144ccf1df_6.0.19041.1110_none_60b5254171f9507e\COMCTL32.dll
0x00007ffc73060000 - 0x00007ffc730fe000 	C:\WINDOWS\System32\msvcrt.dll
0x00007ffc720a0000 - 0x00007ffc720d0000 	C:\WINDOWS\System32\IMM32.DLL
0x00007ffc47220000 - 0x00007ffc472bd000 	C:\Program Files\Android\Android Studio\jre\bin\msvcp140.dll
0x00007ffc1bee0000 - 0x00007ffc1c9af000 	C:\Program Files\Android\Android Studio\jre\bin\server\jvm.dll
0x00007ffc72fb0000 - 0x00007ffc7305c000 	C:\WINDOWS\System32\ADVAPI32.dll
0x00007ffc71d40000 - 0x00007ffc71ddb000 	C:\WINDOWS\System32\sechost.dll
0x00007ffc73100000 - 0x00007ffc7322a000 	C:\WINDOWS\System32\RPCRT4.dll
0x00007ffc73240000 - 0x00007ffc73248000 	C:\WINDOWS\System32\PSAPI.DLL
0x00007ffc48a80000 - 0x00007ffc48a89000 	C:\WINDOWS\SYSTEM32\WSOCK32.dll
0x00007ffc58810000 - 0x00007ffc58837000 	C:\WINDOWS\SYSTEM32\WINMM.dll
0x00007ffc71f10000 - 0x00007ffc71f7b000 	C:\WINDOWS\System32\WS2_32.dll
0x00007ffc70060000 - 0x00007ffc7006a000 	C:\WINDOWS\SYSTEM32\VERSION.dll
0x00007ffc6f450000 - 0x00007ffc6f462000 	C:\WINDOWS\SYSTEM32\kernel.appcore.dll
0x00007ffc49050000 - 0x00007ffc49061000 	C:\Program Files\Android\Android Studio\jre\bin\verify.dll
0x00007ffc6bd50000 - 0x00007ffc6bf34000 	C:\WINDOWS\SYSTEM32\DBGHELP.DLL
0x00007ffc5db60000 - 0x00007ffc5db8c000 	C:\WINDOWS\SYSTEM32\dbgcore.DLL
0x00007ffc71b20000 - 0x00007ffc71ba3000 	C:\WINDOWS\System32\bcryptPrimitives.dll
0x00007ffc467a0000 - 0x00007ffc467c9000 	C:\Program Files\Android\Android Studio\jre\bin\java.dll
0x00007ffc64cc0000 - 0x00007ffc64ccb000 	C:\Program Files\Android\Android Studio\jre\bin\jimage.dll
0x00007ffc46bf0000 - 0x00007ffc46c08000 	C:\Program Files\Android\Android Studio\jre\bin\zip.dll
0x00007ffc726d0000 - 0x00007ffc72e0f000 	C:\WINDOWS\System32\SHELL32.dll
0x00007ffc6f840000 - 0x00007ffc6ffd0000 	C:\WINDOWS\SYSTEM32\windows.storage.dll
0x00007ffc737b0000 - 0x00007ffc73b05000 	C:\WINDOWS\System32\combase.dll
0x00007ffc70c00000 - 0x00007ffc70c2c000 	C:\WINDOWS\SYSTEM32\Wldp.dll
0x00007ffc71f80000 - 0x00007ffc7202e000 	C:\WINDOWS\System32\SHCORE.dll
0x00007ffc721f0000 - 0x00007ffc72245000 	C:\WINDOWS\System32\shlwapi.dll
0x00007ffc711c0000 - 0x00007ffc711df000 	C:\WINDOWS\SYSTEM32\profapi.dll
0x00007ffc46220000 - 0x00007ffc4623a000 	C:\Program Files\Android\Android Studio\jre\bin\net.dll
0x00007ffc5ee40000 - 0x00007ffc5ef48000 	C:\WINDOWS\SYSTEM32\WINHTTP.dll
0x00007ffc70970000 - 0x00007ffc709da000 	C:\WINDOWS\system32\mswsock.dll
0x00007ffc45fb0000 - 0x00007ffc45fc4000 	C:\Program Files\Android\Android Studio\jre\bin\nio.dll
0x00007ffc3bdb0000 - 0x00007ffc3bdd7000 	C:\Users\halag\Documents\cs\year_project\Server_location_app\.gradle\native\8bec1ad78214c89d9ad589b4d07fe93259594b29d510b10fafb7a158f7737e5d\windows-amd64\native-platform.dll
0x00007ffc2e660000 - 0x00007ffc2e79d000 	C:\Users\halag\Documents\cs\year_project\Server_location_app\.gradle\native\53dbd7edfb1c66fb8903c78663c9afc45aea4f116125fa6feffd364cf09443e8\windows-amd64\native-platform-file-events.dll
0x00007ffc546a0000 - 0x00007ffc546aa000 	C:\Program Files\Android\Android Studio\jre\bin\management.dll
0x00007ffc4a840000 - 0x00007ffc4a84c000 	C:\Program Files\Android\Android Studio\jre\bin\management_ext.dll
0x00007ffc70b60000 - 0x00007ffc70b78000 	C:\WINDOWS\SYSTEM32\CRYPTSP.dll
0x00007ffc702f0000 - 0x00007ffc70324000 	C:\WINDOWS\system32\rsaenh.dll
0x00007ffc71310000 - 0x00007ffc71337000 	C:\WINDOWS\System32\bcrypt.dll
0x00007ffc71180000 - 0x00007ffc711ae000 	C:\WINDOWS\SYSTEM32\USERENV.dll
0x00007ffc70fe0000 - 0x00007ffc70fec000 	C:\WINDOWS\SYSTEM32\CRYPTBASE.dll
0x00007ffc70660000 - 0x00007ffc7069b000 	C:\WINDOWS\SYSTEM32\IPHLPAPI.DLL
0x00007ffc72090000 - 0x00007ffc72098000 	C:\WINDOWS\System32\NSI.dll
0x00007ffc6b8d0000 - 0x00007ffc6b8e7000 	C:\WINDOWS\SYSTEM32\dhcpcsvc6.DLL
0x00007ffc6b8b0000 - 0x00007ffc6b8cd000 	C:\WINDOWS\SYSTEM32\dhcpcsvc.DLL
0x00007ffc706a0000 - 0x00007ffc7076c000 	C:\WINDOWS\SYSTEM32\DNSAPI.dll

dbghelp: loaded successfully - version: 4.0.5 - missing functions: none
symbol engine: initialized successfully - sym options: 0x614 - pdb path: .;C:\Program Files\Android\Android Studio\jre\bin;C:\WINDOWS\SYSTEM32;C:\WINDOWS\WinSxS\amd64_microsoft.windows.common-controls_6595b64144ccf1df_6.0.19041.1110_none_60b5254171f9507e;C:\Program Files\Android\Android Studio\jre\bin\server;C:\Users\halag\Documents\cs\year_project\Server_location_app\.gradle\native\8bec1ad78214c89d9ad589b4d07fe93259594b29d510b10fafb7a158f7737e5d\windows-amd64;C:\Users\halag\Documents\cs\year_project\Server_location_app\.gradle\native\53dbd7edfb1c66fb8903c78663c9afc45aea4f116125fa6feffd364cf09443e8\windows-amd64

VM Arguments:
jvm_args: --add-opens=java.base/java.util=ALL-UNNAMED --add-opens=java.base/java.lang=ALL-UNNAMED --add-opens=java.base/java.lang.invoke=ALL-UNNAMED --add-opens=java.base/java.util=ALL-UNNAMED --add-opens=java.prefs/java.util.prefs=ALL-UNNAMED --add-opens=java.prefs/java.util.prefs=ALL-UNNAMED --add-opens=java.base/java.nio.charset=ALL-UNNAMED --add-opens=java.base/java.net=ALL-UNNAMED --add-opens=java.base/java.util.concurrent.atomic=ALL-UNNAMED -Xmx1024M -Dfile.encoding=UTF-8 -Duser.country=GB -Duser.language=en -Duser.variant 
java_command: org.gradle.launcher.daemon.bootstrap.GradleDaemon 7.0.2
java_class_path (initial): C:\Users\halag\Documents\cs\year_project\Server_location_app\.gradle\wrapper\dists\gradle-7.0.2-bin\857tjihv64xamwrf0h14cai3r\gradle-7.0.2\lib\gradle-launcher-7.0.2.jar
Launcher Type: SUN_STANDARD

[Global flags]
     intx CICompilerCount                          = 3                                         {product} {ergonomic}
     uint ConcGCThreads                            = 1                                         {product} {ergonomic}
     uint G1ConcRefinementThreads                  = 4                                         {product} {ergonomic}
   size_t G1HeapRegionSize                         = 1048576                                   {product} {ergonomic}
    uintx GCDrainStackTargetSize                   = 64                                        {product} {ergonomic}
   size_t InitialHeapSize                          = 134217728                                 {product} {ergonomic}
   size_t MarkStackSize                            = 4194304                                   {product} {ergonomic}
   size_t MaxHeapSize                              = 1073741824                                {product} {command line}
   size_t MaxNewSize                               = 643825664                                 {product} {ergonomic}
   size_t MinHeapDeltaBytes                        = 1048576                                   {product} {ergonomic}
    uintx NonNMethodCodeHeapSize                   = 5830732                                {pd product} {ergonomic}
    uintx NonProfiledCodeHeapSize                  = 122913754                              {pd product} {ergonomic}
    uintx ProfiledCodeHeapSize                     = 122913754                              {pd product} {ergonomic}
    uintx ReservedCodeCacheSize                    = 251658240                              {pd product} {ergonomic}
     bool SegmentedCodeCache                       = true                                      {product} {ergonomic}
     bool UseCompressedClassPointers               = true                                 {lp64_product} {ergonomic}
     bool UseCompressedOops                        = true                                 {lp64_product} {ergonomic}
     bool UseG1GC                                  = true                                      {product} {ergonomic}
     bool UseLargePagesIndividualAllocation        = false                                  {pd product} {ergonomic}

Logging:
Log output configuration:
 #0: stdout all=warning uptime,level,tags
 #1: stderr all=off uptime,level,tags

Environment Variables:
JAVA_HOME=C:\Program Files\Java\jdk-16.0.2
PATH=C:\Program Files\Common Files\Oracle\Java\javapath;C:\Program Files (x86)\Common Files\Oracle\Java\javapath;C:\WINDOWS\system32;C:\WINDOWS;C:\WINDOWS\System32\Wbem;C:\WINDOWS\System32\WindowsPowerShell\v1.0\;C:\WINDOWS\System32\OpenSSH\;C:\Program Files\Intel\WiFi\bin\;C:\Program Files\Common Files\Intel\WirelessCommon\;C:\Program Files\MATLAB\R2019b\bin;C:\Git\cmd;C:\MinGW\bin;C:\Users\halag\Documents\cs\python\PyCharm Community Edition 2020.3.4;C:\Users\halag\AppData\Roaming\Microsoft\Windows\Start Menu\Programs\Python 3.9;C:\Users\halag\AppData\Local\Programs\Python\Python39;C:\Program Files (x86)\Intel\Intel(R) Management Engine Components\DAL;C:\Program Files\Intel\Intel(R) Management Engine Components\DAL;C:\Program Files\Java\jdk-16.0.2\bin;C:\Users\halag\AppData\Local\Microsoft\WindowsApps;C:\Program Files (x86)\Dr. Memory\bin\;C:\Program Files\Intel\WiFi\bin\;C:\Program Files\Common Files\Intel\WirelessCommon\;C:\Program Files\Java\jdk-10.0.2\bin;C:\Users\halag\AppData\Local\GitHubDesktop\bin;C:\Users\halag\Documents\cs\winter2020\machine_learning\PyCharm Community Edition 2020.3\bin;;C:\Users\halag\AppData\Local\Android\Sdk\platform-tools;
USERNAME=halag
OS=Windows_NT
PROCESSOR_IDENTIFIER=Intel64 Family 6 Model 142 Stepping 9, GenuineIntel



---------------  S Y S T E M  ---------------

OS: Windows 10 , 64 bit Build 19041 (10.0.19041.1151)
OS uptime: 1 days 2:37 hours

CPU:total 4 (initial active 4) (2 cores per cpu, 2 threads per core) family 6 model 142 stepping 9 microcode 0xde, cmov, cx8, fxsr, mmx, sse, sse2, sse3, ssse3, sse4.1, sse4.2, popcnt, avx, avx2, aes, clmul, erms, 3dnowpref, lzcnt, ht, tsc, tscinvbit, bmi1, bmi2, adx, fma

Memory: 4k page, system-wide physical 8089M (1021M free)
TotalPageFile size 9329M (AvailPageFile size 0M)
current process WorkingSet (physical memory assigned to process): 342M, peak: 364M
current process commit charge ("private bytes"): 375M, peak: 393M

vm_info: OpenJDK 64-Bit Server VM (11.0.10+0-b96-7249189) for windows-amd64 JRE (11.0.10+0-b96-7249189), built on Mar 31 2021 21:44:00 by "builder" with MS VC++ 14.0 (VS2015)

END.
