#
# There is insufficient memory for the Java Runtime Environment to continue.
# Native memory allocation (malloc) failed to allocate 1026896 bytes for Chunk::new
# Possible reasons:
#   The system is out of physical RAM or swap space
#   The process is running with CompressedOops enabled, and the Java Heap may be blocking the growth of the native heap
# Possible solutions:
#   Reduce memory load on the system
#   Increase physical memory or swap space
#   Check if swap backing store is full
#   Decrease Java heap size (-Xmx/-Xms)
#   Decrease number of Java threads
#   Decrease Java thread stack sizes (-Xss)
#   Set larger code cache with -XX:ReservedCodeCacheSize=
#   JVM is running with Unscaled Compressed Oops mode in which the Java heap is
#     placed in the first 4GB address space. The Java Heap base address is the
#     maximum limit for the native heap growth. Please use -XX:HeapBaseMinAddress
#     to set the Java Heap base and to place the Java Heap above 4GB virtual address.
# This output file may be truncated or incomplete.
#
#  Out of Memory Error (arena.cpp:195), pid=9336, tid=11104
#
# JRE version: Java(TM) SE Runtime Environment (16.0.2+7) (build 16.0.2+7-67)
# Java VM: Java HotSpot(TM) 64-Bit Server VM (16.0.2+7-67, mixed mode, sharing, tiered, compressed oops, compressed class ptrs, g1 gc, windows-amd64)
# No core dump will be written. Minidumps are not enabled by default on client versions of Windows
#

---------------  S U M M A R Y ------------

Command Line: --add-opens=java.base/java.util=ALL-UNNAMED --add-opens=java.base/java.lang=ALL-UNNAMED --add-opens=java.base/java.lang.invoke=ALL-UNNAMED --add-opens=java.base/java.util=ALL-UNNAMED --add-opens=java.prefs/java.util.prefs=ALL-UNNAMED --add-opens=java.prefs/java.util.prefs=ALL-UNNAMED --add-opens=java.base/java.nio.charset=ALL-UNNAMED --add-opens=java.base/java.net=ALL-UNNAMED --add-opens=java.base/java.util.concurrent.atomic=ALL-UNNAMED -Xmx1536M -Dfile.encoding=UTF-8 -Duser.country=GB -Duser.language=en -Duser.variant org.gradle.launcher.daemon.bootstrap.GradleDaemon 7.0.2

Host: Intel(R) Core(TM) i5-7200U CPU @ 2.50GHz, 4 cores, 7G,  Windows 10 , 64 bit Build 19041 (10.0.19041.1151)
Time: Mon Sep 13 22:46:08 2021 Jerusalem Summer Time elapsed time: 94.136647 seconds (0d 0h 1m 34s)

---------------  T H R E A D  ---------------

Current thread (0x000001c6be925720):  JavaThread "C2 CompilerThread1" daemon [_thread_in_native, id=11104, stack(0x0000008d83900000,0x0000008d83a00000)]


Current CompileTask:
C2:  94136 13663       4       com.android.utils.XmlUtils::append (647 bytes)

Stack: [0x0000008d83900000,0x0000008d83a00000]
Native frames: (J=compiled Java code, j=interpreted, Vv=VM code, C=native code)
V  [jvm.dll+0x6681ca]
V  [jvm.dll+0x7c9e69]
V  [jvm.dll+0x7cb61e]
V  [jvm.dll+0x7cbc73]
V  [jvm.dll+0x242c55]
V  [jvm.dll+0xadeba]
V  [jvm.dll+0xae45c]
V  [jvm.dll+0x2a4cdf]
V  [jvm.dll+0x573c29]
V  [jvm.dll+0x21e905]
V  [jvm.dll+0x217c01]
V  [jvm.dll+0x214ffc]
V  [jvm.dll+0x1a1beb]
V  [jvm.dll+0x225158]
V  [jvm.dll+0x22319c]
V  [jvm.dll+0x77fa62]
V  [jvm.dll+0x7795aa]
V  [jvm.dll+0x667066]
C  [ucrtbase.dll+0x21bb2]
C  [KERNEL32.DLL+0x17034]
C  [ntdll.dll+0x52651]


---------------  P R O C E S S  ---------------

Threads class SMR info:
_java_thread_list=0x000001c6bc979750, length=56, elements={
0x000001c69d1b3000, 0x000001c6bb5dfe80, 0x000001c6bb5e0c50, 0x000001c6bb5f33b0,
0x000001c6bb5f5cd0, 0x000001c6bb5f65e0, 0x000001c6bb5fd410, 0x000001c6bb606460,
0x000001c6bb608450, 0x000001c6bb622670, 0x000001c6bc08f3b0, 0x000001c6bc08e3c0,
0x000001c6bc08e910, 0x000001c6bc08f900, 0x000001c6bc08d920, 0x000001c6bc08fe50,
0x000001c6bc0908f0, 0x000001c6bd1627b0, 0x000001c6bd161d10, 0x000001c6bd162d00,
0x000001c6bd163cf0, 0x000001c6bd15e7f0, 0x000001c6bd164240, 0x000001c6bd164790,
0x000001c6bd164ce0, 0x000001c6bd165230, 0x000001c6bd160d20, 0x000001c6bd15e2a0,
0x000001c6bf658710, 0x000001c6bf653cb0, 0x000001c6bf651cd0, 0x000001c6bf655c90,
0x000001c6bf652770, 0x000001c6bf653760, 0x000001c6bf657720, 0x000001c6bf6581c0,
0x000001c6bf654200, 0x000001c6bd161270, 0x000001c6bd163250, 0x000001c6bd15dd50,
0x000001c6bd1637a0, 0x000001c6bd1607d0, 0x000001c6bd15ed40, 0x000001c6bd15f290,
0x000001c6bd1617c0, 0x000001c6bdef1d30, 0x000001c6bdeee810, 0x000001c6bdeefd50,
0x000001c6bdef07f0, 0x000001c6bc0903a0, 0x000001c6bc08d3d0, 0x000001c6bc08ee60,
0x000001c6bda94920, 0x000001c6bda94e70, 0x000001c6be925720, 0x000001c6bda93e80
}

Java Threads: ( => current thread )
  0x000001c69d1b3000 JavaThread "main" [_thread_blocked, id=3268, stack(0x0000008dff700000,0x0000008dff800000)]
  0x000001c6bb5dfe80 JavaThread "Reference Handler" daemon [_thread_blocked, id=18116, stack(0x0000008dffe00000,0x0000008dfff00000)]
  0x000001c6bb5e0c50 JavaThread "Finalizer" daemon [_thread_blocked, id=12872, stack(0x0000008dfff00000,0x0000008e00000000)]
  0x000001c6bb5f33b0 JavaThread "Signal Dispatcher" daemon [_thread_blocked, id=8332, stack(0x0000008d80000000,0x0000008d80100000)]
  0x000001c6bb5f5cd0 JavaThread "Attach Listener" daemon [_thread_blocked, id=11156, stack(0x0000008d80100000,0x0000008d80200000)]
  0x000001c6bb5f65e0 JavaThread "Service Thread" daemon [_thread_blocked, id=1804, stack(0x0000008d80200000,0x0000008d80300000)]
  0x000001c6bb5fd410 JavaThread "Monitor Deflation Thread" daemon [_thread_blocked, id=10192, stack(0x0000008d80300000,0x0000008d80400000)]
  0x000001c6bb606460 JavaThread "C2 CompilerThread0" daemon [_thread_in_native, id=8668, stack(0x0000008d80400000,0x0000008d80500000)]
  0x000001c6bb608450 JavaThread "C1 CompilerThread0" daemon [_thread_blocked, id=14412, stack(0x0000008d80500000,0x0000008d80600000)]
  0x000001c6bb622670 JavaThread "Sweeper thread" daemon [_thread_blocked, id=14076, stack(0x0000008d80600000,0x0000008d80700000)]
  0x000001c6bc08f3b0 JavaThread "Common-Cleaner" daemon [_thread_blocked, id=15988, stack(0x0000008d80700000,0x0000008d80800000)]
  0x000001c6bc08e3c0 JavaThread "Notification Thread" daemon [_thread_blocked, id=12976, stack(0x0000008d80800000,0x0000008d80900000)]
  0x000001c6bc08e910 JavaThread "Daemon health stats" [_thread_blocked, id=14732, stack(0x0000008d80e00000,0x0000008d80f00000)]
  0x000001c6bc08f900 JavaThread "Incoming local TCP Connector on port 53366" [_thread_in_native, id=18540, stack(0x0000008d80f00000,0x0000008d81000000)]
  0x000001c6bc08d920 JavaThread "Daemon periodic checks" [_thread_blocked, id=17812, stack(0x0000008d81000000,0x0000008d81100000)]
  0x000001c6bc08fe50 JavaThread "Daemon" [_thread_blocked, id=2936, stack(0x0000008d81100000,0x0000008d81200000)]
  0x000001c6bc0908f0 JavaThread "Daemon worker" [_thread_in_native, id=13824, stack(0x0000008d81300000,0x0000008d81400000)]
  0x000001c6bd1627b0 JavaThread "Cache worker for file hash cache (C:\Users\halag\Documents\cs\year_project\Server_location_app\.gradle\caches\7.0.2\fileHashes)" [_thread_blocked, id=15424, stack(0x0000008d81700000,0x0000008d81800000)]
  0x000001c6bd161d10 JavaThread "File lock request listener" [_thread_in_native, id=13932, stack(0x0000008d81800000,0x0000008d81900000)]
  0x000001c6bd162d00 JavaThread "Cache worker for journal cache (C:\Users\halag\Documents\cs\year_project\Server_location_app\.gradle\caches\journal-1)" [_thread_blocked, id=18168, stack(0x0000008d81900000,0x0000008d81a00000)]
  0x000001c6bd163cf0 JavaThread "File watcher server" daemon [_thread_in_native, id=18380, stack(0x0000008d81c00000,0x0000008d81d00000)]
  0x000001c6bd15e7f0 JavaThread "File watcher consumer" daemon [_thread_blocked, id=14116, stack(0x0000008d81d00000,0x0000008d81e00000)]
  0x000001c6bd164240 JavaThread "jar transforms" [_thread_blocked, id=15740, stack(0x0000008d81e00000,0x0000008d81f00000)]
  0x000001c6bd164790 JavaThread "jar transforms Thread 2" [_thread_blocked, id=2288, stack(0x0000008d81f00000,0x0000008d82000000)]
  0x000001c6bd164ce0 JavaThread "jar transforms Thread 3" [_thread_blocked, id=4068, stack(0x0000008d82000000,0x0000008d82100000)]
  0x000001c6bd165230 JavaThread "jar transforms Thread 4" [_thread_blocked, id=5996, stack(0x0000008d82100000,0x0000008d82200000)]
  0x000001c6bd160d20 JavaThread "Cache worker for execution history cache (C:\Users\halag\Documents\cs\year_project\Server_location_app\.gradle\caches\7.0.2\executionHistory)" [_thread_blocked, id=8160, stack(0x0000008d82600000,0x0000008d82700000)]
  0x000001c6bd15e2a0 JavaThread "Cache worker for file content cache (C:\Users\halag\Documents\cs\year_project\Server_location_app\.gradle\caches\7.0.2\fileContent)" [_thread_blocked, id=6500, stack(0x0000008d82700000,0x0000008d82800000)]
  0x000001c6bf658710 JavaThread "Memory manager" [_thread_blocked, id=7248, stack(0x0000008d82e00000,0x0000008d82f00000)]
  0x000001c6bf653cb0 JavaThread "pool-3-thread-1" [_thread_blocked, id=17824, stack(0x0000008d82f00000,0x0000008d83000000)]
  0x000001c6bf651cd0 JavaThread "Handler for socket connection from /127.0.0.1:53366 to /127.0.0.1:53376" [_thread_in_native, id=736, stack(0x0000008d80a00000,0x0000008d80b00000)]
  0x000001c6bf655c90 JavaThread "Cancel handler" [_thread_blocked, id=13040, stack(0x0000008d81200000,0x0000008d81300000)]
  0x000001c6bf652770 JavaThread "Asynchronous log dispatcher for DefaultDaemonConnection: socket connection from /127.0.0.1:53366 to /127.0.0.1:53376" [_thread_blocked, id=7312, stack(0x0000008d81400000,0x0000008d81500000)]
  0x000001c6bf653760 JavaThread "Stdin handler" [_thread_blocked, id=19144, stack(0x0000008d81500000,0x0000008d81600000)]
  0x000001c6bf657720 JavaThread "Daemon client event forwarder" [_thread_blocked, id=3092, stack(0x0000008d81600000,0x0000008d81700000)]
  0x000001c6bf6581c0 JavaThread "Cache worker for file hash cache (C:\Users\halag\Documents\cs\year_project\test_app2\.gradle\7.0.2\fileHashes)" [_thread_blocked, id=19196, stack(0x0000008d81b00000,0x0000008d81c00000)]
  0x000001c6bf654200 JavaThread "Cache worker for checksums cache (C:\Users\halag\Documents\cs\year_project\test_app2\.gradle\checksums)" [_thread_blocked, id=9956, stack(0x0000008d82200000,0x0000008d82300000)]
  0x000001c6bd161270 JavaThread "Cache worker for cache directory md-supplier (C:\Users\halag\Documents\cs\year_project\Server_location_app\.gradle\caches\7.0.2\md-supplier)" [_thread_blocked, id=19120, stack(0x0000008d82300000,0x0000008d82400000)]
  0x000001c6bd163250 JavaThread "Cache worker for cache directory md-rule (C:\Users\halag\Documents\cs\year_project\Server_location_app\.gradle\caches\7.0.2\md-rule)" [_thread_blocked, id=18508, stack(0x0000008d82400000,0x0000008d82500000)]
  0x000001c6bd15dd50 JavaThread "Cache worker for dependencies-accessors (C:\Users\halag\Documents\cs\year_project\test_app2\.gradle\7.0.2\dependencies-accessors)" [_thread_blocked, id=5716, stack(0x0000008d82800000,0x0000008d82900000)]
  0x000001c6bd1637a0 JavaThread "Cache worker for Build Output Cleanup Cache (C:\Users\halag\Documents\cs\year_project\test_app2\.gradle\buildOutputCleanup)" [_thread_blocked, id=16772, stack(0x0000008d82900000,0x0000008d82a00000)]
  0x000001c6bd1607d0 JavaThread "Build operations" [_thread_blocked, id=19284, stack(0x0000008d82a00000,0x0000008d82b00000)]
  0x000001c6bd15ed40 JavaThread "Build operations Thread 2" [_thread_blocked, id=8784, stack(0x0000008d82b00000,0x0000008d82c00000)]
  0x000001c6bd15f290 JavaThread "Build operations Thread 3" [_thread_blocked, id=11368, stack(0x0000008d82c00000,0x0000008d82d00000)]
  0x000001c6bd1617c0 JavaThread "Build operations Thread 4" [_thread_blocked, id=16248, stack(0x0000008d82d00000,0x0000008d82e00000)]
  0x000001c6bdef1d30 JavaThread "build event listener" [_thread_blocked, id=12812, stack(0x0000008d81a00000,0x0000008d81b00000)]
  0x000001c6bdeee810 JavaThread "pool-6-thread-1" [_thread_blocked, id=13544, stack(0x0000008d83200000,0x0000008d83300000)]
  0x000001c6bdeefd50 JavaThread "build event listener" [_thread_blocked, id=7904, stack(0x0000008d83300000,0x0000008d83400000)]
  0x000001c6bdef07f0 JavaThread "Execution worker for ':'" [_thread_blocked, id=1656, stack(0x0000008d83400000,0x0000008d83500000)]
  0x000001c6bc0903a0 JavaThread "Execution worker for ':' Thread 2" [_thread_blocked, id=19436, stack(0x0000008d83500000,0x0000008d83600000)]
  0x000001c6bc08d3d0 JavaThread "Execution worker for ':' Thread 3" [_thread_blocked, id=8972, stack(0x0000008d83600000,0x0000008d83700000)]
  0x000001c6bc08ee60 JavaThread "Cache worker for execution history cache (C:\Users\halag\Documents\cs\year_project\test_app2\.gradle\7.0.2\executionHistory)" [_thread_blocked, id=3616, stack(0x0000008d83700000,0x0000008d83800000)]
  0x000001c6bda94920 JavaThread "WorkerExecutor Queue" [_thread_blocked, id=2452, stack(0x0000008d83800000,0x0000008d83900000)]
  0x000001c6bda94e70 JavaThread "WorkerExecutor Queue Thread 2" [_thread_blocked, id=16324, stack(0x0000008d83a00000,0x0000008d83b00000)]
=>0x000001c6be925720 JavaThread "C2 CompilerThread1" daemon [_thread_in_native, id=11104, stack(0x0000008d83900000,0x0000008d83a00000)]
  0x000001c6bda93e80 JavaThread "WorkerExecutor Queue Thread 3" [_thread_blocked, id=15888, stack(0x0000008d83b00000,0x0000008d83c00000)]

Other Threads:
  0x000001c69d28e930 VMThread "VM Thread" [stack: 0x0000008dffd00000,0x0000008dffe00000] [id=14820]
  0x000001c6bc0953b0 WatcherThread [stack: 0x0000008d80900000,0x0000008d80a00000] [id=13048]
  0x000001c69d1e66c0 GCTaskThread "GC Thread#0" [stack: 0x0000008dff800000,0x0000008dff900000] [id=12684]
  0x000001c6bc7eecc0 GCTaskThread "GC Thread#1" [stack: 0x0000008d80b00000,0x0000008d80c00000] [id=18608]
  0x000001c6bc492950 GCTaskThread "GC Thread#2" [stack: 0x0000008d80c00000,0x0000008d80d00000] [id=5060]
  0x000001c6bc0e3980 GCTaskThread "GC Thread#3" [stack: 0x0000008d80d00000,0x0000008d80e00000] [id=12704]
  0x000001c69d1f3eb0 ConcurrentGCThread "G1 Main Marker" [stack: 0x0000008dff900000,0x0000008dffa00000] [id=10480]
  0x000001c69d1f48b0 ConcurrentGCThread "G1 Conc#0" [stack: 0x0000008dffa00000,0x0000008dffb00000] [id=8328]
  0x000001c69d26c530 ConcurrentGCThread "G1 Refine#0" [stack: 0x0000008dffb00000,0x0000008dffc00000] [id=12188]
  0x000001c6bca010f0 ConcurrentGCThread "G1 Refine#1" [stack: 0x0000008d82500000,0x0000008d82600000] [id=12744]
  0x000001c6c1af3d00 ConcurrentGCThread "G1 Refine#2" [stack: 0x0000008d83c00000,0x0000008d83d00000] [id=11248]
  0x000001c6c1af4040 ConcurrentGCThread "G1 Refine#3" [stack: 0x0000008d83d00000,0x0000008d83e00000] [id=16744]
  0x000001c69d26cf40 ConcurrentGCThread "G1 Service" [stack: 0x0000008dffc00000,0x0000008dffd00000] [id=5044]

Threads with active compile tasks:
C2 CompilerThread1    94181 13663       4       com.android.utils.XmlUtils::append (647 bytes)

VM state: not at safepoint (normal execution)

VM Mutex/Monitor currently owned by a thread: None

Heap address: 0x00000000a0000000, size: 1536 MB, Compressed Oops mode: 32-bit

CDS archive(s) mapped at: [0x0000000800000000-0x0000000800bb0000-0x0000000800bb0000), size 12255232, SharedBaseAddress: 0x0000000800000000, ArchiveRelocationMode: 0.
Compressed class space mapped at: 0x0000000800c00000-0x0000000840c00000, reserved size: 1073741824
Narrow klass base: 0x0000000800000000, Narrow klass shift: 3, Narrow klass range: 0x100000000

GC Precious Log:
 CPUs: 4 total, 4 available
 Memory: 8089M
 Large Page Support: Disabled
 NUMA Support: Disabled
 Compressed Oops: Enabled (32-bit)
 Heap Region Size: 1M
 Heap Min Capacity: 8M
 Heap Initial Capacity: 128M
 Heap Max Capacity: 1536M
 Pre-touch: Disabled
 Parallel Workers: 4
 Concurrent Workers: 1
 Concurrent Refinement Workers: 4
 Periodic GC: Disabled

Heap:
 garbage-first heap   total 237568K, used 132637K [0x00000000a0000000, 0x0000000100000000)
  region size 1024K, 5 young (5120K), 2 survivors (2048K)
 Metaspace       used 96019K, committed 96896K, reserved 1138688K
  class space    used 12437K, committed 12864K, reserved 1048576K

Heap Regions: E=young(eden), S=young(survivor), O=old, HS=humongous(starts), HC=humongous(continues), CS=collection set, F=free, OA=open archive, CA=closed archive, TAMS=top-at-mark-start (previous, next)
|   0|0x00000000a0000000, 0x00000000a0100000, 0x00000000a0100000|100%|HS|  |TAMS 0x00000000a0100000, 0x00000000a0000000| Complete 
|   1|0x00000000a0100000, 0x00000000a0200000, 0x00000000a0200000|100%|HC|  |TAMS 0x00000000a0200000, 0x00000000a0100000| Complete 
|   2|0x00000000a0200000, 0x00000000a0300000, 0x00000000a0300000|100%|HC|  |TAMS 0x00000000a0300000, 0x00000000a0200000| Complete 
|   3|0x00000000a0300000, 0x00000000a0400000, 0x00000000a0400000|100%| O|  |TAMS 0x00000000a0400000, 0x00000000a0300000| Untracked 
|   4|0x00000000a0400000, 0x00000000a0500000, 0x00000000a0500000|100%| O|  |TAMS 0x00000000a0500000, 0x00000000a0400000| Untracked 
|   5|0x00000000a0500000, 0x00000000a0600000, 0x00000000a0600000|100%| O|  |TAMS 0x00000000a0600000, 0x00000000a0500000| Untracked 
|   6|0x00000000a0600000, 0x00000000a0700000, 0x00000000a0700000|100%| O|  |TAMS 0x00000000a0700000, 0x00000000a0600000| Untracked 
|   7|0x00000000a0700000, 0x00000000a0800000, 0x00000000a0800000|100%| O|  |TAMS 0x00000000a0800000, 0x00000000a0700000| Untracked 
|   8|0x00000000a0800000, 0x00000000a0900000, 0x00000000a0900000|100%| O|  |TAMS 0x00000000a0900000, 0x00000000a0800000| Untracked 
|   9|0x00000000a0900000, 0x00000000a0a00000, 0x00000000a0a00000|100%| O|  |TAMS 0x00000000a0a00000, 0x00000000a0900000| Untracked 
|  10|0x00000000a0a00000, 0x00000000a0b00000, 0x00000000a0b00000|100%|HS|  |TAMS 0x00000000a0b00000, 0x00000000a0a00000| Complete 
|  11|0x00000000a0b00000, 0x00000000a0c00000, 0x00000000a0c00000|100%|HC|  |TAMS 0x00000000a0c00000, 0x00000000a0b00000| Complete 
|  12|0x00000000a0c00000, 0x00000000a0d00000, 0x00000000a0d00000|100%|HS|  |TAMS 0x00000000a0d00000, 0x00000000a0c00000| Complete 
|  13|0x00000000a0d00000, 0x00000000a0e00000, 0x00000000a0e00000|100%|HC|  |TAMS 0x00000000a0e00000, 0x00000000a0d00000| Complete 
|  14|0x00000000a0e00000, 0x00000000a0f00000, 0x00000000a0f00000|100%|HC|  |TAMS 0x00000000a0f00000, 0x00000000a0e00000| Complete 
|  15|0x00000000a0f00000, 0x00000000a1000000, 0x00000000a1000000|100%|HS|  |TAMS 0x00000000a1000000, 0x00000000a0f00000| Complete 
|  16|0x00000000a1000000, 0x00000000a1100000, 0x00000000a1100000|100%|HC|  |TAMS 0x00000000a1100000, 0x00000000a1000000| Complete 
|  17|0x00000000a1100000, 0x00000000a1200000, 0x00000000a1200000|100%|HC|  |TAMS 0x00000000a1200000, 0x00000000a1100000| Complete 
|  18|0x00000000a1200000, 0x00000000a1300000, 0x00000000a1300000|100%|HC|  |TAMS 0x00000000a1300000, 0x00000000a1200000| Complete 
|  19|0x00000000a1300000, 0x00000000a1400000, 0x00000000a1400000|100%|HC|  |TAMS 0x00000000a1400000, 0x00000000a1300000| Complete 
|  20|0x00000000a1400000, 0x00000000a1500000, 0x00000000a1500000|100%| O|  |TAMS 0x00000000a1500000, 0x00000000a1400000| Untracked 
|  21|0x00000000a1500000, 0x00000000a1600000, 0x00000000a1600000|100%| O|  |TAMS 0x00000000a1600000, 0x00000000a1500000| Untracked 
|  22|0x00000000a1600000, 0x00000000a1700000, 0x00000000a1700000|100%| O|  |TAMS 0x00000000a1700000, 0x00000000a1600000| Untracked 
|  23|0x00000000a1700000, 0x00000000a1800000, 0x00000000a1800000|100%| O|  |TAMS 0x00000000a1800000, 0x00000000a1700000| Untracked 
|  24|0x00000000a1800000, 0x00000000a1900000, 0x00000000a1900000|100%| O|  |TAMS 0x00000000a1900000, 0x00000000a1800000| Untracked 
|  25|0x00000000a1900000, 0x00000000a1a00000, 0x00000000a1a00000|100%| O|  |TAMS 0x00000000a1a00000, 0x00000000a1900000| Untracked 
|  26|0x00000000a1a00000, 0x00000000a1b00000, 0x00000000a1b00000|100%| O|  |TAMS 0x00000000a1b00000, 0x00000000a1a00000| Untracked 
|  27|0x00000000a1b00000, 0x00000000a1be5400, 0x00000000a1c00000| 89%| O|  |TAMS 0x00000000a1be5400, 0x00000000a1b00000| Untracked 
|  28|0x00000000a1c00000, 0x00000000a1d00000, 0x00000000a1d00000|100%|HS|  |TAMS 0x00000000a1d00000, 0x00000000a1c00000| Complete 
|  29|0x00000000a1d00000, 0x00000000a1e00000, 0x00000000a1e00000|100%|HC|  |TAMS 0x00000000a1e00000, 0x00000000a1d00000| Complete 
|  30|0x00000000a1e00000, 0x00000000a1f00000, 0x00000000a1f00000|100%|HC|  |TAMS 0x00000000a1f00000, 0x00000000a1e00000| Complete 
|  31|0x00000000a1f00000, 0x00000000a2000000, 0x00000000a2000000|100%| O|  |TAMS 0x00000000a2000000, 0x00000000a1f00000| Untracked 
|  32|0x00000000a2000000, 0x00000000a2100000, 0x00000000a2100000|100%| O|  |TAMS 0x00000000a2100000, 0x00000000a2000000| Untracked 
|  33|0x00000000a2100000, 0x00000000a2200000, 0x00000000a2200000|100%| O|  |TAMS 0x00000000a2200000, 0x00000000a2100000| Untracked 
|  34|0x00000000a2200000, 0x00000000a2300000, 0x00000000a2300000|100%| O|  |TAMS 0x00000000a2300000, 0x00000000a2200000| Untracked 
|  35|0x00000000a2300000, 0x00000000a2300000, 0x00000000a2400000|  0%| F|  |TAMS 0x00000000a2300000, 0x00000000a2300000| Untracked 
|  36|0x00000000a2400000, 0x00000000a2500000, 0x00000000a2500000|100%|HS|  |TAMS 0x00000000a2500000, 0x00000000a2400000| Complete 
|  37|0x00000000a2500000, 0x00000000a2600000, 0x00000000a2600000|100%|HC|  |TAMS 0x00000000a2600000, 0x00000000a2500000| Complete 
|  38|0x00000000a2600000, 0x00000000a2700000, 0x00000000a2700000|100%|HC|  |TAMS 0x00000000a2700000, 0x00000000a2600000| Complete 
|  39|0x00000000a2700000, 0x00000000a2800000, 0x00000000a2800000|100%|HC|  |TAMS 0x00000000a2800000, 0x00000000a2700000| Complete 
|  40|0x00000000a2800000, 0x00000000a2900000, 0x00000000a2900000|100%|HC|  |TAMS 0x00000000a2900000, 0x00000000a2800000| Complete 
|  41|0x00000000a2900000, 0x00000000a2a00000, 0x00000000a2a00000|100%| O|  |TAMS 0x00000000a2a00000, 0x00000000a2900000| Untracked 
|  42|0x00000000a2a00000, 0x00000000a2b00000, 0x00000000a2b00000|100%| O|  |TAMS 0x00000000a2b00000, 0x00000000a2a00000| Untracked 
|  43|0x00000000a2b00000, 0x00000000a2c00000, 0x00000000a2c00000|100%| O|  |TAMS 0x00000000a2c00000, 0x00000000a2b00000| Untracked 
|  44|0x00000000a2c00000, 0x00000000a2d00000, 0x00000000a2d00000|100%| O|  |TAMS 0x00000000a2d00000, 0x00000000a2c00000| Untracked 
|  45|0x00000000a2d00000, 0x00000000a2e00000, 0x00000000a2e00000|100%| O|  |TAMS 0x00000000a2e00000, 0x00000000a2d00000| Untracked 
|  46|0x00000000a2e00000, 0x00000000a2f00000, 0x00000000a2f00000|100%| O|  |TAMS 0x00000000a2f00000, 0x00000000a2e00000| Untracked 
|  47|0x00000000a2f00000, 0x00000000a3000000, 0x00000000a3000000|100%| O|  |TAMS 0x00000000a3000000, 0x00000000a2f00000| Untracked 
|  48|0x00000000a3000000, 0x00000000a3100000, 0x00000000a3100000|100%| O|  |TAMS 0x00000000a3100000, 0x00000000a3000000| Untracked 
|  49|0x00000000a3100000, 0x00000000a3200000, 0x00000000a3200000|100%| O|  |TAMS 0x00000000a3200000, 0x00000000a3100000| Untracked 
|  50|0x00000000a3200000, 0x00000000a3300000, 0x00000000a3300000|100%| O|  |TAMS 0x00000000a3300000, 0x00000000a3200000| Untracked 
|  51|0x00000000a3300000, 0x00000000a3300000, 0x00000000a3400000|  0%| F|  |TAMS 0x00000000a3300000, 0x00000000a3300000| Untracked 
|  52|0x00000000a3400000, 0x00000000a3500000, 0x00000000a3500000|100%| O|  |TAMS 0x00000000a3500000, 0x00000000a3400000| Untracked 
|  53|0x00000000a3500000, 0x00000000a3600000, 0x00000000a3600000|100%| O|  |TAMS 0x00000000a3600000, 0x00000000a3500000| Untracked 
|  54|0x00000000a3600000, 0x00000000a3700000, 0x00000000a3700000|100%| O|  |TAMS 0x00000000a3700000, 0x00000000a3600000| Untracked 
|  55|0x00000000a3700000, 0x00000000a3700000, 0x00000000a3800000|  0%| F|  |TAMS 0x00000000a3700000, 0x00000000a3700000| Untracked 
|  56|0x00000000a3800000, 0x00000000a3900000, 0x00000000a3900000|100%|HS|  |TAMS 0x00000000a3900000, 0x00000000a3800000| Complete 
|  57|0x00000000a3900000, 0x00000000a3a00000, 0x00000000a3a00000|100%|HS|  |TAMS 0x00000000a3a00000, 0x00000000a3900000| Complete 
|  58|0x00000000a3a00000, 0x00000000a3b00000, 0x00000000a3b00000|100%|HS|  |TAMS 0x00000000a3b00000, 0x00000000a3a00000| Complete 
|  59|0x00000000a3b00000, 0x00000000a3c00000, 0x00000000a3c00000|100%|HS|  |TAMS 0x00000000a3c00000, 0x00000000a3b00000| Complete 
|  60|0x00000000a3c00000, 0x00000000a3d00000, 0x00000000a3d00000|100%|HC|  |TAMS 0x00000000a3d00000, 0x00000000a3c00000| Complete 
|  61|0x00000000a3d00000, 0x00000000a3e00000, 0x00000000a3e00000|100%|HC|  |TAMS 0x00000000a3e00000, 0x00000000a3d00000| Complete 
|  62|0x00000000a3e00000, 0x00000000a3f00000, 0x00000000a3f00000|100%|HS|  |TAMS 0x00000000a3f00000, 0x00000000a3e00000| Complete 
|  63|0x00000000a3f00000, 0x00000000a4000000, 0x00000000a4000000|100%|HC|  |TAMS 0x00000000a4000000, 0x00000000a3f00000| Complete 
|  64|0x00000000a4000000, 0x00000000a4100000, 0x00000000a4100000|100%| O|  |TAMS 0x00000000a4100000, 0x00000000a4000000| Untracked 
|  65|0x00000000a4100000, 0x00000000a4200000, 0x00000000a4200000|100%| O|  |TAMS 0x00000000a4200000, 0x00000000a4100000| Untracked 
|  66|0x00000000a4200000, 0x00000000a4300000, 0x00000000a4300000|100%| O|  |TAMS 0x00000000a4300000, 0x00000000a4200000| Untracked 
|  67|0x00000000a4300000, 0x00000000a4300000, 0x00000000a4400000|  0%| F|  |TAMS 0x00000000a4300000, 0x00000000a4300000| Untracked 
|  68|0x00000000a4400000, 0x00000000a4500000, 0x00000000a4500000|100%| O|  |TAMS 0x00000000a4500000, 0x00000000a4400000| Untracked 
|  69|0x00000000a4500000, 0x00000000a4600000, 0x00000000a4600000|100%| O|  |TAMS 0x00000000a4600000, 0x00000000a4500000| Untracked 
|  70|0x00000000a4600000, 0x00000000a4700000, 0x00000000a4700000|100%| O|  |TAMS 0x00000000a4700000, 0x00000000a4600000| Untracked 
|  71|0x00000000a4700000, 0x00000000a4800000, 0x00000000a4800000|100%| O|  |TAMS 0x00000000a4800000, 0x00000000a4700000| Untracked 
|  72|0x00000000a4800000, 0x00000000a4900000, 0x00000000a4900000|100%| O|  |TAMS 0x00000000a4900000, 0x00000000a4800000| Untracked 
|  73|0x00000000a4900000, 0x00000000a4900000, 0x00000000a4a00000|  0%| F|  |TAMS 0x00000000a4900000, 0x00000000a4900000| Untracked 
|  74|0x00000000a4a00000, 0x00000000a4a00000, 0x00000000a4b00000|  0%| F|  |TAMS 0x00000000a4a00000, 0x00000000a4a00000| Untracked 
|  75|0x00000000a4b00000, 0x00000000a4b00000, 0x00000000a4c00000|  0%| F|  |TAMS 0x00000000a4b00000, 0x00000000a4b00000| Untracked 
|  76|0x00000000a4c00000, 0x00000000a4d00000, 0x00000000a4d00000|100%| O|  |TAMS 0x00000000a4d00000, 0x00000000a4c00000| Untracked 
|  77|0x00000000a4d00000, 0x00000000a4e00000, 0x00000000a4e00000|100%| O|  |TAMS 0x00000000a4e00000, 0x00000000a4d00000| Untracked 
|  78|0x00000000a4e00000, 0x00000000a4e00000, 0x00000000a4f00000|  0%| F|  |TAMS 0x00000000a4e00000, 0x00000000a4e00000| Untracked 
|  79|0x00000000a4f00000, 0x00000000a5000000, 0x00000000a5000000|100%| O|  |TAMS 0x00000000a5000000, 0x00000000a4f00000| Untracked 
|  80|0x00000000a5000000, 0x00000000a5100000, 0x00000000a5100000|100%| O|  |TAMS 0x00000000a5100000, 0x00000000a5000000| Untracked 
|  81|0x00000000a5100000, 0x00000000a5200000, 0x00000000a5200000|100%| O|  |TAMS 0x00000000a5200000, 0x00000000a5100000| Untracked 
|  82|0x00000000a5200000, 0x00000000a5300000, 0x00000000a5300000|100%| O|  |TAMS 0x00000000a5300000, 0x00000000a5200000| Untracked 
|  83|0x00000000a5300000, 0x00000000a5300000, 0x00000000a5400000|  0%| F|  |TAMS 0x00000000a5300000, 0x00000000a5300000| Untracked 
|  84|0x00000000a5400000, 0x00000000a5500000, 0x00000000a5500000|100%| O|  |TAMS 0x00000000a5500000, 0x00000000a5400000| Untracked 
|  85|0x00000000a5500000, 0x00000000a5500000, 0x00000000a5600000|  0%| F|  |TAMS 0x00000000a5500000, 0x00000000a5500000| Untracked 
|  86|0x00000000a5600000, 0x00000000a5700000, 0x00000000a5700000|100%| O|  |TAMS 0x00000000a5700000, 0x00000000a5600000| Untracked 
|  87|0x00000000a5700000, 0x00000000a5800000, 0x00000000a5800000|100%| O|  |TAMS 0x00000000a5800000, 0x00000000a5700000| Untracked 
|  88|0x00000000a5800000, 0x00000000a5900000, 0x00000000a5900000|100%| O|  |TAMS 0x00000000a5900000, 0x00000000a5800000| Untracked 
|  89|0x00000000a5900000, 0x00000000a5900000, 0x00000000a5a00000|  0%| F|  |TAMS 0x00000000a5900000, 0x00000000a5900000| Untracked 
|  90|0x00000000a5a00000, 0x00000000a5a00000, 0x00000000a5b00000|  0%| F|  |TAMS 0x00000000a5a00000, 0x00000000a5a00000| Untracked 
|  91|0x00000000a5b00000, 0x00000000a5c00000, 0x00000000a5c00000|100%| O|  |TAMS 0x00000000a5c00000, 0x00000000a5b00000| Untracked 
|  92|0x00000000a5c00000, 0x00000000a5d00000, 0x00000000a5d00000|100%| O|  |TAMS 0x00000000a5d00000, 0x00000000a5c00000| Untracked 
|  93|0x00000000a5d00000, 0x00000000a5d00000, 0x00000000a5e00000|  0%| F|  |TAMS 0x00000000a5d00000, 0x00000000a5d00000| Untracked 
|  94|0x00000000a5e00000, 0x00000000a5e00000, 0x00000000a5f00000|  0%| F|  |TAMS 0x00000000a5e00000, 0x00000000a5e00000| Untracked 
|  95|0x00000000a5f00000, 0x00000000a6000000, 0x00000000a6000000|100%| O|  |TAMS 0x00000000a6000000, 0x00000000a5f00000| Untracked 
|  96|0x00000000a6000000, 0x00000000a6100000, 0x00000000a6100000|100%| O|  |TAMS 0x00000000a6100000, 0x00000000a6000000| Untracked 
|  97|0x00000000a6100000, 0x00000000a6200000, 0x00000000a6200000|100%| O|  |TAMS 0x00000000a6200000, 0x00000000a6100000| Untracked 
|  98|0x00000000a6200000, 0x00000000a6200000, 0x00000000a6300000|  0%| F|  |TAMS 0x00000000a6200000, 0x00000000a6200000| Untracked 
|  99|0x00000000a6300000, 0x00000000a6300000, 0x00000000a6400000|  0%| F|  |TAMS 0x00000000a6300000, 0x00000000a6300000| Untracked 
| 100|0x00000000a6400000, 0x00000000a6500000, 0x00000000a6500000|100%| O|  |TAMS 0x00000000a6500000, 0x00000000a6400000| Untracked 
| 101|0x00000000a6500000, 0x00000000a6600000, 0x00000000a6600000|100%| O|  |TAMS 0x00000000a6600000, 0x00000000a6500000| Untracked 
| 102|0x00000000a6600000, 0x00000000a6600000, 0x00000000a6700000|  0%| F|  |TAMS 0x00000000a6600000, 0x00000000a6600000| Untracked 
| 103|0x00000000a6700000, 0x00000000a6700000, 0x00000000a6800000|  0%| F|  |TAMS 0x00000000a6700000, 0x00000000a6700000| Untracked 
| 104|0x00000000a6800000, 0x00000000a6800000, 0x00000000a6900000|  0%| F|  |TAMS 0x00000000a6800000, 0x00000000a6800000| Untracked 
| 105|0x00000000a6900000, 0x00000000a6a00000, 0x00000000a6a00000|100%| O|  |TAMS 0x00000000a6a00000, 0x00000000a6900000| Untracked 
| 106|0x00000000a6a00000, 0x00000000a6a00000, 0x00000000a6b00000|  0%| F|  |TAMS 0x00000000a6a00000, 0x00000000a6a00000| Untracked 
| 107|0x00000000a6b00000, 0x00000000a6c00000, 0x00000000a6c00000|100%| O|  |TAMS 0x00000000a6c00000, 0x00000000a6b00000| Untracked 
| 108|0x00000000a6c00000, 0x00000000a6d00000, 0x00000000a6d00000|100%| O|  |TAMS 0x00000000a6d00000, 0x00000000a6c00000| Untracked 
| 109|0x00000000a6d00000, 0x00000000a6e00000, 0x00000000a6e00000|100%| O|  |TAMS 0x00000000a6e00000, 0x00000000a6d00000| Untracked 
| 110|0x00000000a6e00000, 0x00000000a6e00000, 0x00000000a6f00000|  0%| F|  |TAMS 0x00000000a6e00000, 0x00000000a6e00000| Untracked 
| 111|0x00000000a6f00000, 0x00000000a6f00000, 0x00000000a7000000|  0%| F|  |TAMS 0x00000000a6f00000, 0x00000000a6f00000| Untracked 
| 112|0x00000000a7000000, 0x00000000a7000000, 0x00000000a7100000|  0%| F|  |TAMS 0x00000000a7000000, 0x00000000a7000000| Untracked 
| 113|0x00000000a7100000, 0x00000000a7200000, 0x00000000a7200000|100%| O|  |TAMS 0x00000000a7200000, 0x00000000a7100000| Untracked 
| 114|0x00000000a7200000, 0x00000000a7200000, 0x00000000a7300000|  0%| F|  |TAMS 0x00000000a7200000, 0x00000000a7200000| Untracked 
| 115|0x00000000a7300000, 0x00000000a7400000, 0x00000000a7400000|100%| O|  |TAMS 0x00000000a7300000, 0x00000000a7300000| Untracked 
| 116|0x00000000a7400000, 0x00000000a7500000, 0x00000000a7500000|100%| O|  |TAMS 0x00000000a7400000, 0x00000000a7400000| Untracked 
| 117|0x00000000a7500000, 0x00000000a7600000, 0x00000000a7600000|100%| O|  |TAMS 0x00000000a7500000, 0x00000000a7500000| Untracked 
| 118|0x00000000a7600000, 0x00000000a7700000, 0x00000000a7700000|100%| O|  |TAMS 0x00000000a7600000, 0x00000000a7600000| Untracked 
| 119|0x00000000a7700000, 0x00000000a7800000, 0x00000000a7800000|100%| O|  |TAMS 0x00000000a7700000, 0x00000000a7700000| Untracked 
| 120|0x00000000a7800000, 0x00000000a7900000, 0x00000000a7900000|100%| O|  |TAMS 0x00000000a7800000, 0x00000000a7800000| Untracked 
| 121|0x00000000a7900000, 0x00000000a7900000, 0x00000000a7a00000|  0%| F|  |TAMS 0x00000000a7900000, 0x00000000a7900000| Untracked 
| 122|0x00000000a7a00000, 0x00000000a7a00000, 0x00000000a7b00000|  0%| F|  |TAMS 0x00000000a7a00000, 0x00000000a7a00000| Untracked 
| 123|0x00000000a7b00000, 0x00000000a7c00000, 0x00000000a7c00000|100%|HS|  |TAMS 0x00000000a7b00000, 0x00000000a7b00000| Complete 
| 124|0x00000000a7c00000, 0x00000000a7c00000, 0x00000000a7d00000|  0%| F|  |TAMS 0x00000000a7c00000, 0x00000000a7c00000| Untracked 
| 125|0x00000000a7d00000, 0x00000000a7e00000, 0x00000000a7e00000|100%| O|  |TAMS 0x00000000a7d00000, 0x00000000a7d00000| Untracked 
| 126|0x00000000a7e00000, 0x00000000a7f00000, 0x00000000a7f00000|100%| O|  |TAMS 0x00000000a7e00000, 0x00000000a7e00000| Untracked 
| 127|0x00000000a7f00000, 0x00000000a8000000, 0x00000000a8000000|100%| O|  |TAMS 0x00000000a7f00000, 0x00000000a7f00000| Untracked 
| 128|0x00000000a8000000, 0x00000000a8100000, 0x00000000a8100000|100%| O|  |TAMS 0x00000000a8000000, 0x00000000a8000000| Untracked 
| 129|0x00000000a8100000, 0x00000000a8200000, 0x00000000a8200000|100%| O|  |TAMS 0x00000000a8100000, 0x00000000a8100000| Untracked 
| 130|0x00000000a8200000, 0x00000000a8300000, 0x00000000a8300000|100%| O|  |TAMS 0x00000000a8200000, 0x00000000a8200000| Untracked 
| 131|0x00000000a8300000, 0x00000000a8400000, 0x00000000a8400000|100%| O|  |TAMS 0x00000000a8300000, 0x00000000a8300000| Untracked 
| 132|0x00000000a8400000, 0x00000000a8500000, 0x00000000a8500000|100%| O|  |TAMS 0x00000000a8400000, 0x00000000a8400000| Untracked 
| 133|0x00000000a8500000, 0x00000000a8600000, 0x00000000a8600000|100%| O|  |TAMS 0x00000000a8500000, 0x00000000a8500000| Untracked 
| 134|0x00000000a8600000, 0x00000000a8600000, 0x00000000a8700000|  0%| F|  |TAMS 0x00000000a8600000, 0x00000000a8600000| Untracked 
| 135|0x00000000a8700000, 0x00000000a8700000, 0x00000000a8800000|  0%| F|  |TAMS 0x00000000a8700000, 0x00000000a8700000| Untracked 
| 136|0x00000000a8800000, 0x00000000a8800000, 0x00000000a8900000|  0%| F|  |TAMS 0x00000000a8800000, 0x00000000a8800000| Untracked 
| 137|0x00000000a8900000, 0x00000000a8900000, 0x00000000a8a00000|  0%| F|  |TAMS 0x00000000a8900000, 0x00000000a8900000| Untracked 
| 138|0x00000000a8a00000, 0x00000000a8a00000, 0x00000000a8b00000|  0%| F|  |TAMS 0x00000000a8a00000, 0x00000000a8a00000| Untracked 
| 139|0x00000000a8b00000, 0x00000000a8c00000, 0x00000000a8c00000|100%| O|  |TAMS 0x00000000a8b00000, 0x00000000a8b00000| Untracked 
| 140|0x00000000a8c00000, 0x00000000a8d00000, 0x00000000a8d00000|100%| O|  |TAMS 0x00000000a8c00000, 0x00000000a8c00000| Untracked 
| 141|0x00000000a8d00000, 0x00000000a8e00000, 0x00000000a8e00000|100%| O|  |TAMS 0x00000000a8d00000, 0x00000000a8d00000| Untracked 
| 142|0x00000000a8e00000, 0x00000000a8f00000, 0x00000000a8f00000|100%| O|  |TAMS 0x00000000a8e00000, 0x00000000a8e00000| Untracked 
| 143|0x00000000a8f00000, 0x00000000a9000000, 0x00000000a9000000|100%| O|  |TAMS 0x00000000a8f00000, 0x00000000a8f00000| Untracked 
| 144|0x00000000a9000000, 0x00000000a9100000, 0x00000000a9100000|100%| O|  |TAMS 0x00000000a9000000, 0x00000000a9000000| Untracked 
| 145|0x00000000a9100000, 0x00000000a9200000, 0x00000000a9200000|100%| O|  |TAMS 0x00000000a9100000, 0x00000000a9100000| Untracked 
| 146|0x00000000a9200000, 0x00000000a9300000, 0x00000000a9300000|100%| O|  |TAMS 0x00000000a9200000, 0x00000000a9200000| Untracked 
| 147|0x00000000a9300000, 0x00000000a9400000, 0x00000000a9400000|100%| O|  |TAMS 0x00000000a9300000, 0x00000000a9300000| Untracked 
| 148|0x00000000a9400000, 0x00000000a9500000, 0x00000000a9500000|100%| O|  |TAMS 0x00000000a9400000, 0x00000000a9400000| Untracked 
| 149|0x00000000a9500000, 0x00000000a9600000, 0x00000000a9600000|100%| O|  |TAMS 0x00000000a9500000, 0x00000000a9500000| Untracked 
| 150|0x00000000a9600000, 0x00000000a9700000, 0x00000000a9700000|100%| O|  |TAMS 0x00000000a9600000, 0x00000000a9600000| Untracked 
| 151|0x00000000a9700000, 0x00000000a9800000, 0x00000000a9800000|100%| O|  |TAMS 0x00000000a9700000, 0x00000000a9700000| Untracked 
| 152|0x00000000a9800000, 0x00000000a9900000, 0x00000000a9900000|100%| O|  |TAMS 0x00000000a9800000, 0x00000000a9800000| Untracked 
| 153|0x00000000a9900000, 0x00000000a9a00000, 0x00000000a9a00000|100%| O|  |TAMS 0x00000000a9900000, 0x00000000a9900000| Untracked 
| 154|0x00000000a9a00000, 0x00000000a9b00000, 0x00000000a9b00000|100%| O|  |TAMS 0x00000000a9a00000, 0x00000000a9a00000| Untracked 
| 155|0x00000000a9b00000, 0x00000000a9c00000, 0x00000000a9c00000|100%| O|  |TAMS 0x00000000a9b00000, 0x00000000a9b00000| Untracked 
| 156|0x00000000a9c00000, 0x00000000a9d00000, 0x00000000a9d00000|100%| O|  |TAMS 0x00000000a9c00000, 0x00000000a9c00000| Untracked 
| 157|0x00000000a9d00000, 0x00000000a9e00000, 0x00000000a9e00000|100%| O|  |TAMS 0x00000000a9d00000, 0x00000000a9d00000| Untracked 
| 158|0x00000000a9e00000, 0x00000000a9e63a00, 0x00000000a9f00000| 38%| O|  |TAMS 0x00000000a9e00000, 0x00000000a9e00000| Untracked 
| 159|0x00000000a9f00000, 0x00000000a9f00000, 0x00000000aa000000|  0%| F|  |TAMS 0x00000000a9f00000, 0x00000000a9f00000| Untracked 
| 160|0x00000000aa000000, 0x00000000aa000000, 0x00000000aa100000|  0%| F|  |TAMS 0x00000000aa000000, 0x00000000aa000000| Untracked 
| 161|0x00000000aa100000, 0x00000000aa100000, 0x00000000aa200000|  0%| F|  |TAMS 0x00000000aa100000, 0x00000000aa100000| Untracked 
| 162|0x00000000aa200000, 0x00000000aa200000, 0x00000000aa300000|  0%| F|  |TAMS 0x00000000aa200000, 0x00000000aa200000| Untracked 
| 163|0x00000000aa300000, 0x00000000aa300000, 0x00000000aa400000|  0%| F|  |TAMS 0x00000000aa300000, 0x00000000aa300000| Untracked 
| 164|0x00000000aa400000, 0x00000000aa400000, 0x00000000aa500000|  0%| F|  |TAMS 0x00000000aa400000, 0x00000000aa400000| Untracked 
| 165|0x00000000aa500000, 0x00000000aa500000, 0x00000000aa600000|  0%| F|  |TAMS 0x00000000aa500000, 0x00000000aa500000| Untracked 
| 166|0x00000000aa600000, 0x00000000aa600000, 0x00000000aa700000|  0%| F|  |TAMS 0x00000000aa600000, 0x00000000aa600000| Untracked 
| 167|0x00000000aa700000, 0x00000000aa700000, 0x00000000aa800000|  0%| F|  |TAMS 0x00000000aa700000, 0x00000000aa700000| Untracked 
| 168|0x00000000aa800000, 0x00000000aa800000, 0x00000000aa900000|  0%| F|  |TAMS 0x00000000aa800000, 0x00000000aa800000| Untracked 
| 169|0x00000000aa900000, 0x00000000aa900000, 0x00000000aaa00000|  0%| F|  |TAMS 0x00000000aa900000, 0x00000000aa900000| Untracked 
| 170|0x00000000aaa00000, 0x00000000aaa00000, 0x00000000aab00000|  0%| F|  |TAMS 0x00000000aaa00000, 0x00000000aaa00000| Untracked 
| 171|0x00000000aab00000, 0x00000000aab00000, 0x00000000aac00000|  0%| F|  |TAMS 0x00000000aab00000, 0x00000000aab00000| Untracked 
| 172|0x00000000aac00000, 0x00000000aac00000, 0x00000000aad00000|  0%| F|  |TAMS 0x00000000aac00000, 0x00000000aac00000| Untracked 
| 173|0x00000000aad00000, 0x00000000aad00000, 0x00000000aae00000|  0%| F|  |TAMS 0x00000000aad00000, 0x00000000aad00000| Untracked 
| 174|0x00000000aae00000, 0x00000000aae00000, 0x00000000aaf00000|  0%| F|  |TAMS 0x00000000aae00000, 0x00000000aae00000| Untracked 
| 175|0x00000000aaf00000, 0x00000000aaf00000, 0x00000000ab000000|  0%| F|  |TAMS 0x00000000aaf00000, 0x00000000aaf00000| Untracked 
| 176|0x00000000ab000000, 0x00000000ab000000, 0x00000000ab100000|  0%| F|  |TAMS 0x00000000ab000000, 0x00000000ab000000| Untracked 
| 177|0x00000000ab100000, 0x00000000ab100000, 0x00000000ab200000|  0%| F|  |TAMS 0x00000000ab100000, 0x00000000ab100000| Untracked 
| 178|0x00000000ab200000, 0x00000000ab200000, 0x00000000ab300000|  0%| F|  |TAMS 0x00000000ab200000, 0x00000000ab200000| Untracked 
| 179|0x00000000ab300000, 0x00000000ab300000, 0x00000000ab400000|  0%| F|  |TAMS 0x00000000ab300000, 0x00000000ab300000| Untracked 
| 180|0x00000000ab400000, 0x00000000ab400000, 0x00000000ab500000|  0%| F|  |TAMS 0x00000000ab400000, 0x00000000ab400000| Untracked 
| 181|0x00000000ab500000, 0x00000000ab500000, 0x00000000ab600000|  0%| F|  |TAMS 0x00000000ab500000, 0x00000000ab500000| Untracked 
| 182|0x00000000ab600000, 0x00000000ab600000, 0x00000000ab700000|  0%| F|  |TAMS 0x00000000ab600000, 0x00000000ab600000| Untracked 
| 183|0x00000000ab700000, 0x00000000ab700000, 0x00000000ab800000|  0%| F|  |TAMS 0x00000000ab700000, 0x00000000ab700000| Untracked 
| 184|0x00000000ab800000, 0x00000000ab800000, 0x00000000ab900000|  0%| F|  |TAMS 0x00000000ab800000, 0x00000000ab800000| Untracked 
| 185|0x00000000ab900000, 0x00000000ab900000, 0x00000000aba00000|  0%| F|  |TAMS 0x00000000ab900000, 0x00000000ab900000| Untracked 
| 186|0x00000000aba00000, 0x00000000aba00000, 0x00000000abb00000|  0%| F|  |TAMS 0x00000000aba00000, 0x00000000aba00000| Untracked 
| 187|0x00000000abb00000, 0x00000000abb00000, 0x00000000abc00000|  0%| F|  |TAMS 0x00000000abb00000, 0x00000000abb00000| Untracked 
| 188|0x00000000abc00000, 0x00000000abc00000, 0x00000000abd00000|  0%| F|  |TAMS 0x00000000abc00000, 0x00000000abc00000| Untracked 
| 189|0x00000000abd00000, 0x00000000abd00000, 0x00000000abe00000|  0%| F|  |TAMS 0x00000000abd00000, 0x00000000abd00000| Untracked 
| 190|0x00000000abe00000, 0x00000000abe00000, 0x00000000abf00000|  0%| F|  |TAMS 0x00000000abe00000, 0x00000000abe00000| Untracked 
| 191|0x00000000abf00000, 0x00000000abf00000, 0x00000000ac000000|  0%| F|  |TAMS 0x00000000abf00000, 0x00000000abf00000| Untracked 
| 192|0x00000000ac000000, 0x00000000ac000000, 0x00000000ac100000|  0%| F|  |TAMS 0x00000000ac000000, 0x00000000ac000000| Untracked 
| 193|0x00000000ac100000, 0x00000000ac100000, 0x00000000ac200000|  0%| F|  |TAMS 0x00000000ac100000, 0x00000000ac100000| Untracked 
| 194|0x00000000ac200000, 0x00000000ac200000, 0x00000000ac300000|  0%| F|  |TAMS 0x00000000ac200000, 0x00000000ac200000| Untracked 
| 195|0x00000000ac300000, 0x00000000ac300000, 0x00000000ac400000|  0%| F|  |TAMS 0x00000000ac300000, 0x00000000ac300000| Untracked 
| 196|0x00000000ac400000, 0x00000000ac400000, 0x00000000ac500000|  0%| F|  |TAMS 0x00000000ac400000, 0x00000000ac400000| Untracked 
| 197|0x00000000ac500000, 0x00000000ac500000, 0x00000000ac600000|  0%| F|  |TAMS 0x00000000ac500000, 0x00000000ac500000| Untracked 
| 198|0x00000000ac600000, 0x00000000ac600000, 0x00000000ac700000|  0%| F|  |TAMS 0x00000000ac600000, 0x00000000ac600000| Untracked 
| 199|0x00000000ac700000, 0x00000000ac700000, 0x00000000ac800000|  0%| F|  |TAMS 0x00000000ac700000, 0x00000000ac700000| Untracked 
| 200|0x00000000ac800000, 0x00000000ac800000, 0x00000000ac900000|  0%| F|  |TAMS 0x00000000ac800000, 0x00000000ac800000| Untracked 
| 201|0x00000000ac900000, 0x00000000ac900000, 0x00000000aca00000|  0%| F|  |TAMS 0x00000000ac900000, 0x00000000ac900000| Untracked 
| 202|0x00000000aca00000, 0x00000000aca00000, 0x00000000acb00000|  0%| F|  |TAMS 0x00000000aca00000, 0x00000000aca00000| Untracked 
| 203|0x00000000acb00000, 0x00000000acb00000, 0x00000000acc00000|  0%| F|  |TAMS 0x00000000acb00000, 0x00000000acb00000| Untracked 
| 204|0x00000000acc00000, 0x00000000acc00000, 0x00000000acd00000|  0%| F|  |TAMS 0x00000000acc00000, 0x00000000acc00000| Untracked 
| 205|0x00000000acd00000, 0x00000000acd00000, 0x00000000ace00000|  0%| F|  |TAMS 0x00000000acd00000, 0x00000000acd00000| Untracked 
| 206|0x00000000ace00000, 0x00000000ace00000, 0x00000000acf00000|  0%| F|  |TAMS 0x00000000ace00000, 0x00000000ace00000| Untracked 
| 207|0x00000000acf00000, 0x00000000acf00000, 0x00000000ad000000|  0%| F|  |TAMS 0x00000000acf00000, 0x00000000acf00000| Untracked 
| 208|0x00000000ad000000, 0x00000000ad000000, 0x00000000ad100000|  0%| F|  |TAMS 0x00000000ad000000, 0x00000000ad000000| Untracked 
| 209|0x00000000ad100000, 0x00000000ad100000, 0x00000000ad200000|  0%| F|  |TAMS 0x00000000ad100000, 0x00000000ad100000| Untracked 
| 210|0x00000000ad200000, 0x00000000ad200000, 0x00000000ad300000|  0%| F|  |TAMS 0x00000000ad200000, 0x00000000ad200000| Untracked 
| 211|0x00000000ad300000, 0x00000000ad300000, 0x00000000ad400000|  0%| F|  |TAMS 0x00000000ad300000, 0x00000000ad300000| Untracked 
| 212|0x00000000ad400000, 0x00000000ad400000, 0x00000000ad500000|  0%| F|  |TAMS 0x00000000ad400000, 0x00000000ad400000| Untracked 
| 213|0x00000000ad500000, 0x00000000ad500000, 0x00000000ad600000|  0%| F|  |TAMS 0x00000000ad500000, 0x00000000ad500000| Untracked 
| 214|0x00000000ad600000, 0x00000000ad600000, 0x00000000ad700000|  0%| F|  |TAMS 0x00000000ad600000, 0x00000000ad600000| Untracked 
| 215|0x00000000ad700000, 0x00000000ad700000, 0x00000000ad800000|  0%| F|  |TAMS 0x00000000ad700000, 0x00000000ad700000| Untracked 
| 216|0x00000000ad800000, 0x00000000ad800000, 0x00000000ad900000|  0%| F|  |TAMS 0x00000000ad800000, 0x00000000ad800000| Untracked 
| 217|0x00000000ad900000, 0x00000000ad900000, 0x00000000ada00000|  0%| F|  |TAMS 0x00000000ad900000, 0x00000000ad900000| Untracked 
| 218|0x00000000ada00000, 0x00000000ada00000, 0x00000000adb00000|  0%| F|  |TAMS 0x00000000ada00000, 0x00000000ada00000| Untracked 
| 219|0x00000000adb00000, 0x00000000adb00000, 0x00000000adc00000|  0%| F|  |TAMS 0x00000000adb00000, 0x00000000adb00000| Untracked 
| 220|0x00000000adc00000, 0x00000000adc00000, 0x00000000add00000|  0%| F|  |TAMS 0x00000000adc00000, 0x00000000adc00000| Untracked 
| 221|0x00000000add00000, 0x00000000add00000, 0x00000000ade00000|  0%| F|  |TAMS 0x00000000add00000, 0x00000000add00000| Untracked 
| 222|0x00000000ade00000, 0x00000000ade00000, 0x00000000adf00000|  0%| F|  |TAMS 0x00000000ade00000, 0x00000000ade00000| Untracked 
| 223|0x00000000adf00000, 0x00000000adf00000, 0x00000000ae000000|  0%| F|  |TAMS 0x00000000adf00000, 0x00000000adf00000| Untracked 
| 224|0x00000000ae000000, 0x00000000ae03e888, 0x00000000ae100000| 24%| S|CS|TAMS 0x00000000ae000000, 0x00000000ae000000| Complete 
| 225|0x00000000ae100000, 0x00000000ae200000, 0x00000000ae200000|100%| S|CS|TAMS 0x00000000ae100000, 0x00000000ae100000| Complete 
| 226|0x00000000ae200000, 0x00000000ae200000, 0x00000000ae300000|  0%| F|  |TAMS 0x00000000ae200000, 0x00000000ae200000| Untracked 
| 227|0x00000000ae300000, 0x00000000ae300000, 0x00000000ae400000|  0%| F|  |TAMS 0x00000000ae300000, 0x00000000ae300000| Untracked 
| 228|0x00000000ae400000, 0x00000000ae400000, 0x00000000ae500000|  0%| F|  |TAMS 0x00000000ae400000, 0x00000000ae400000| Untracked 
| 229|0x00000000ae500000, 0x00000000ae600000, 0x00000000ae600000|100%| E|  |TAMS 0x00000000ae500000, 0x00000000ae500000| Complete 
| 230|0x00000000ae600000, 0x00000000ae700000, 0x00000000ae700000|100%| E|CS|TAMS 0x00000000ae600000, 0x00000000ae600000| Complete 
| 231|0x00000000ae700000, 0x00000000ae800000, 0x00000000ae800000|100%| E|CS|TAMS 0x00000000ae700000, 0x00000000ae700000| Complete 

Card table byte_map: [0x000001c6b5a30000,0x000001c6b5d30000] _byte_map_base: 0x000001c6b5530000

Marking Bits (Prev, Next): (CMBitMap*) 0x000001c69d1e6cc0, (CMBitMap*) 0x000001c69d1e6d00
 Prev Bits: [0x000001c6b6030000, 0x000001c6b7830000)
 Next Bits: [0x000001c6b7830000, 0x000001c6b9030000)

Polling page: 0x000001c69cfa0000

Metaspace:

Usage:
  Non-class:     81.62 MB used.
      Class:     12.15 MB used.
       Both:     93.77 MB used.

Virtual space:
  Non-class space:       88.00 MB reserved,      82.06 MB ( 93%) committed,  11 nodes.
      Class space:        1.00 GB reserved,      12.56 MB (  1%) committed,  1 nodes.
              Both:        1.09 GB reserved,      94.62 MB (  9%) committed. 

Chunk freelists:
   Non-Class:  1.89 MB
       Class:  3.35 MB
        Both:  5.24 MB

MaxMetaspaceSize: 17179869184.00 GB
CompressedClassSpaceSize: 1.00 GB
 - commit_granule_bytes: 65536.
 - commit_granule_words: 8192.
 - virtual_space_node_default_size: 1048576.
 - enlarge_chunks_in_place: 1.
 - new_chunks_are_fully_committed: 0.
 - uncommit_free_chunks: 1.
 - use_allocation_guard: 0.
 - handle_deallocations: 1.


Internal statistics:

num_allocs_failed_limit: 6.
num_arena_births: 1280.
num_arena_deaths: 4.
num_vsnodes_births: 12.
num_vsnodes_deaths: 0.
num_space_committed: 1514.
num_space_uncommitted: 0.
num_chunks_returned_to_freelist: 11.
num_chunks_taken_from_freelist: 5462.
num_chunk_merges: 6.
num_chunk_splits: 3464.
num_chunks_enlarged: 2162.
num_purges: 2.

CodeHeap 'non-profiled nmethods': size=120000Kb used=6783Kb max_used=6783Kb free=113216Kb
 bounds [0x000001c6adbe0000, 0x000001c6ae280000, 0x000001c6b5110000]
CodeHeap 'profiled nmethods': size=120000Kb used=24300Kb max_used=24300Kb free=95700Kb
 bounds [0x000001c6a66b0000, 0x000001c6a7e70000, 0x000001c6adbe0000]
CodeHeap 'non-nmethods': size=5760Kb used=2420Kb max_used=2522Kb free=3339Kb
 bounds [0x000001c6a6110000, 0x000001c6a63b0000, 0x000001c6a66b0000]
 total_blobs=12848 nmethods=11902 adapters=858
 compilation: enabled
              stopped_count=0, restarted_count=0
 full_count=0

Compilation events (20 events):
Event: 94.000 Thread 0x000001c6be925720 13663       4       com.android.utils.XmlUtils::append (647 bytes)
Event: 94.022 Thread 0x000001c6bb606460 nmethod 13666 0x000001c6ae276290 code [0x000001c6ae276480, 0x000001c6ae277528]
Event: 94.022 Thread 0x000001c6bb606460 13667 %     4       com.android.utils.XmlUtils::toXmlTextValue @ 7 (65 bytes)
Event: 94.030 Thread 0x000001c6bb606460 nmethod 13667% 0x000001c6ae277b10 code [0x000001c6ae277ca0, 0x000001c6ae2780d8]
Event: 94.030 Thread 0x000001c6bb606460 13668       4       com.android.ide.common.resources.NodeUtils::processSingleNodeNamespace (107 bytes)
Event: 94.036 Thread 0x000001c6bb606460 nmethod 13668 0x000001c6ae278310 code [0x000001c6ae278540, 0x000001c6ae278a30]
Event: 94.036 Thread 0x000001c6bb606460 13674       4       com.android.utils.XmlUtils::toXmlAttributeValue (89 bytes)
Event: 94.070 Thread 0x000001c6bb606460 nmethod 13674 0x000001c6ae278f10 code [0x000001c6ae279100, 0x000001c6ae27a188]
Event: 94.070 Thread 0x000001c6bb606460 13675       4       com.google.common.base.CharMatcher::countIn (39 bytes)
Event: 94.078 Thread 0x000001c6bb606460 nmethod 13675 0x000001c6ae27a790 code [0x000001c6ae27a920, 0x000001c6ae27ac78]
Event: 94.078 Thread 0x000001c6bb606460 13661       4       java.util.HashSet::size (8 bytes)
Event: 94.079 Thread 0x000001c6bb606460 nmethod 13661 0x000001c6ae27ae10 code [0x000001c6ae27afa0, 0x000001c6ae27b038]
Event: 94.079 Thread 0x000001c6bb606460 13676       4       org.apache.xerces.dom.NodeImpl::getUserData (10 bytes)
Event: 94.100 Thread 0x000001c6bb606460 nmethod 13676 0x000001c6ae27b110 code [0x000001c6ae27b300, 0x000001c6ae27be68]
Event: 94.100 Thread 0x000001c6bb606460 13672       4       org.apache.xerces.dom.NodeImpl::appendChild (7 bytes)
Event: 94.100 Thread 0x000001c6bb606460 nmethod 13672 0x000001c6ae27c490 code [0x000001c6ae27c620, 0x000001c6ae27c6b8]
Event: 94.100 Thread 0x000001c6bb606460 13677       4       org.apache.xerces.dom.CoreDocumentImpl::getUserData (56 bytes)
Event: 94.123 Thread 0x000001c6bb606460 nmethod 13677 0x000001c6ae27c790 code [0x000001c6ae27c980, 0x000001c6ae27d668]
Event: 94.123 Thread 0x000001c6bb606460 13671       4       com.google.common.collect.AbstractMapBasedMultimap$WrappedCollection$WrappedIterator::next (14 bytes)
Event: 94.126 Thread 0x000001c6bb606460 nmethod 13671 0x000001c6ae27dd90 code [0x000001c6ae27df40, 0x000001c6ae27e178]

GC Heap History (20 events):
Event: 33.239 GC heap before
{Heap before GC invocations=31 (full 0):
 garbage-first heap   total 163840K, used 134010K [0x00000000a0000000, 0x0000000100000000)
  region size 1024K, 40 young (40960K), 3 survivors (3072K)
 Metaspace       used 70563K, committed 71296K, reserved 1114112K
  class space    used 9386K, committed 9728K, reserved 1048576K
}
Event: 33.277 GC heap after
{Heap after GC invocations=32 (full 0):
 garbage-first heap   total 196608K, used 98715K [0x00000000a0000000, 0x0000000100000000)
  region size 1024K, 3 young (3072K), 3 survivors (3072K)
 Metaspace       used 70563K, committed 71296K, reserved 1114112K
  class space    used 9386K, committed 9728K, reserved 1048576K
}
Event: 35.284 GC heap before
{Heap before GC invocations=33 (full 0):
 garbage-first heap   total 196608K, used 148891K [0x00000000a0000000, 0x0000000100000000)
  region size 1024K, 53 young (54272K), 3 survivors (3072K)
 Metaspace       used 75026K, committed 75712K, reserved 1122304K
  class space    used 9945K, committed 10240K, reserved 1048576K
}
Event: 35.318 GC heap after
{Heap after GC invocations=34 (full 0):
 garbage-first heap   total 196608K, used 102172K [0x00000000a0000000, 0x0000000100000000)
  region size 1024K, 6 young (6144K), 6 survivors (6144K)
 Metaspace       used 75026K, committed 75712K, reserved 1122304K
  class space    used 9945K, committed 10240K, reserved 1048576K
}
Event: 38.603 GC heap before
{Heap before GC invocations=35 (full 0):
 garbage-first heap   total 196608K, used 161564K [0x00000000a0000000, 0x0000000100000000)
  region size 1024K, 63 young (64512K), 6 survivors (6144K)
 Metaspace       used 82946K, committed 83648K, reserved 1122304K
  class space    used 10952K, committed 11264K, reserved 1048576K
}
Event: 38.618 GC heap after
{Heap after GC invocations=36 (full 0):
 garbage-first heap   total 196608K, used 106195K [0x00000000a0000000, 0x0000000100000000)
  region size 1024K, 8 young (8192K), 8 survivors (8192K)
 Metaspace       used 82946K, committed 83648K, reserved 1122304K
  class space    used 10952K, committed 11264K, reserved 1048576K
}
Event: 40.032 GC heap before
{Heap before GC invocations=36 (full 0):
 garbage-first heap   total 196608K, used 159443K [0x00000000a0000000, 0x0000000100000000)
  region size 1024K, 61 young (62464K), 8 survivors (8192K)
 Metaspace       used 84023K, committed 84736K, reserved 1130496K
  class space    used 11041K, committed 11328K, reserved 1048576K
}
Event: 40.045 GC heap after
{Heap after GC invocations=37 (full 0):
 garbage-first heap   total 196608K, used 109363K [0x00000000a0000000, 0x0000000100000000)
  region size 1024K, 8 young (8192K), 8 survivors (8192K)
 Metaspace       used 84023K, committed 84736K, reserved 1130496K
  class space    used 11041K, committed 11328K, reserved 1048576K
}
Event: 42.620 GC heap before
{Heap before GC invocations=38 (full 0):
 garbage-first heap   total 196608K, used 161587K [0x00000000a0000000, 0x0000000100000000)
  region size 1024K, 60 young (61440K), 8 survivors (8192K)
 Metaspace       used 90225K, committed 91072K, reserved 1130496K
  class space    used 11835K, committed 12224K, reserved 1048576K
}
Event: 42.643 GC heap after
{Heap after GC invocations=39 (full 0):
 garbage-first heap   total 196608K, used 111591K [0x00000000a0000000, 0x0000000100000000)
  region size 1024K, 6 young (6144K), 6 survivors (6144K)
 Metaspace       used 90225K, committed 91072K, reserved 1130496K
  class space    used 11835K, committed 12224K, reserved 1048576K
}
Event: 89.297 GC heap before
{Heap before GC invocations=39 (full 0):
 garbage-first heap   total 196608K, used 162791K [0x00000000a0000000, 0x0000000100000000)
  region size 1024K, 57 young (58368K), 6 survivors (6144K)
 Metaspace       used 93667K, committed 94528K, reserved 1138688K
  class space    used 12200K, committed 12608K, reserved 1048576K
}
Event: 89.312 GC heap after
{Heap after GC invocations=40 (full 0):
 garbage-first heap   total 196608K, used 117128K [0x00000000a0000000, 0x0000000100000000)
  region size 1024K, 8 young (8192K), 8 survivors (8192K)
 Metaspace       used 93667K, committed 94528K, reserved 1138688K
  class space    used 12200K, committed 12608K, reserved 1048576K
}
Event: 91.976 GC heap before
{Heap before GC invocations=41 (full 0):
 garbage-first heap   total 204800K, used 162184K [0x00000000a0000000, 0x0000000100000000)
  region size 1024K, 53 young (54272K), 8 survivors (8192K)
 Metaspace       used 95173K, committed 96064K, reserved 1138688K
  class space    used 12375K, committed 12800K, reserved 1048576K
}
Event: 91.993 GC heap after
{Heap after GC invocations=42 (full 0):
 garbage-first heap   total 204800K, used 123586K [0x00000000a0000000, 0x0000000100000000)
  region size 1024K, 7 young (7168K), 7 survivors (7168K)
 Metaspace       used 95173K, committed 96064K, reserved 1138688K
  class space    used 12375K, committed 12800K, reserved 1048576K
}
Event: 92.328 GC heap before
{Heap before GC invocations=42 (full 0):
 garbage-first heap   total 204800K, used 134850K [0x00000000a0000000, 0x0000000100000000)
  region size 1024K, 19 young (19456K), 7 survivors (7168K)
 Metaspace       used 95235K, committed 96128K, reserved 1138688K
  class space    used 12375K, committed 12800K, reserved 1048576K
}
Event: 92.340 GC heap after
{Heap after GC invocations=43 (full 0):
 garbage-first heap   total 204800K, used 128786K [0x00000000a0000000, 0x0000000100000000)
  region size 1024K, 5 young (5120K), 5 survivors (5120K)
 Metaspace       used 95235K, committed 96128K, reserved 1138688K
  class space    used 12375K, committed 12800K, reserved 1048576K
}
Event: 93.183 GC heap before
{Heap before GC invocations=44 (full 0):
 garbage-first heap   total 237568K, used 166674K [0x00000000a0000000, 0x0000000100000000)
  region size 1024K, 39 young (39936K), 5 survivors (5120K)
 Metaspace       used 95973K, committed 96896K, reserved 1138688K
  class space    used 12433K, committed 12864K, reserved 1048576K
}
Event: 93.207 GC heap after
{Heap after GC invocations=45 (full 0):
 garbage-first heap   total 237568K, used 140181K [0x00000000a0000000, 0x0000000100000000)
  region size 1024K, 5 young (5120K), 5 survivors (5120K)
 Metaspace       used 95973K, committed 96896K, reserved 1138688K
  class space    used 12433K, committed 12864K, reserved 1048576K
}
Event: 93.513 GC heap before
{Heap before GC invocations=45 (full 0):
 garbage-first heap   total 237568K, used 153493K [0x00000000a0000000, 0x0000000100000000)
  region size 1024K, 11 young (11264K), 5 survivors (5120K)
 Metaspace       used 96017K, committed 96896K, reserved 1138688K
  class space    used 12437K, committed 12864K, reserved 1048576K
}
Event: 93.559 GC heap after
{Heap after GC invocations=46 (full 0):
 garbage-first heap   total 237568K, used 130589K [0x00000000a0000000, 0x0000000100000000)
  region size 1024K, 2 young (2048K), 2 survivors (2048K)
 Metaspace       used 96017K, committed 96896K, reserved 1138688K
  class space    used 12437K, committed 12864K, reserved 1048576K
}

Deoptimization events (20 events):
Event: 93.982 Thread 0x000001c6bc0908f0 DEOPT PACKING pc=0x000001c6a7e50aaf sp=0x0000008d813f6a50
Event: 93.982 Thread 0x000001c6bc0908f0 DEOPT UNPACKING pc=0x000001c6a615dece sp=0x0000008d813f5fc8 mode 0
Event: 93.993 Thread 0x000001c6bc0908f0 DEOPT PACKING pc=0x000001c6a7e50aaf sp=0x0000008d813f6a50
Event: 93.993 Thread 0x000001c6bc0908f0 DEOPT UNPACKING pc=0x000001c6a615dece sp=0x0000008d813f5fc8 mode 0
Event: 94.031 Thread 0x000001c6bc0908f0 Uncommon trap: trap_request=0xffffffbe fr.pc=0x000001c6ae2770d4 relative=0x0000000000000c54
Event: 94.031 Thread 0x000001c6bc0908f0 Uncommon trap: reason=profile_predicate action=maybe_recompile pc=0x000001c6ae2770d4 method=com.android.utils.XmlUtils.toXmlAttributeValue(Ljava/lang/String;)Ljava/lang/String; @ 9 c2
Event: 94.031 Thread 0x000001c6bc0908f0 DEOPT PACKING pc=0x000001c6ae2770d4 sp=0x0000008d813f6c50
Event: 94.031 Thread 0x000001c6bc0908f0 DEOPT UNPACKING pc=0x000001c6a615d72e sp=0x0000008d813f6c10 mode 2
Event: 94.031 Thread 0x000001c6bc0908f0 Uncommon trap: trap_request=0xffffffbe fr.pc=0x000001c6ae2770d4 relative=0x0000000000000c54
Event: 94.031 Thread 0x000001c6bc0908f0 Uncommon trap: reason=profile_predicate action=maybe_recompile pc=0x000001c6ae2770d4 method=com.android.utils.XmlUtils.toXmlAttributeValue(Ljava/lang/String;)Ljava/lang/String; @ 9 c2
Event: 94.031 Thread 0x000001c6bc0908f0 DEOPT PACKING pc=0x000001c6ae2770d4 sp=0x0000008d813f6b10
Event: 94.031 Thread 0x000001c6bc0908f0 DEOPT UNPACKING pc=0x000001c6a615d72e sp=0x0000008d813f6ad0 mode 2
Event: 94.031 Thread 0x000001c6bc0908f0 Uncommon trap: trap_request=0xffffffbe fr.pc=0x000001c6ae2770d4 relative=0x0000000000000c54
Event: 94.031 Thread 0x000001c6bc0908f0 Uncommon trap: reason=profile_predicate action=maybe_recompile pc=0x000001c6ae2770d4 method=com.android.utils.XmlUtils.toXmlAttributeValue(Ljava/lang/String;)Ljava/lang/String; @ 9 c2
Event: 94.031 Thread 0x000001c6bc0908f0 DEOPT PACKING pc=0x000001c6ae2770d4 sp=0x0000008d813f69d0
Event: 94.032 Thread 0x000001c6bc0908f0 DEOPT UNPACKING pc=0x000001c6a615d72e sp=0x0000008d813f6990 mode 2
Event: 94.032 Thread 0x000001c6bc0908f0 Uncommon trap: trap_request=0xffffffbe fr.pc=0x000001c6ae2770d4 relative=0x0000000000000c54
Event: 94.032 Thread 0x000001c6bc0908f0 Uncommon trap: reason=profile_predicate action=maybe_recompile pc=0x000001c6ae2770d4 method=com.android.utils.XmlUtils.toXmlAttributeValue(Ljava/lang/String;)Ljava/lang/String; @ 9 c2
Event: 94.032 Thread 0x000001c6bc0908f0 DEOPT PACKING pc=0x000001c6ae2770d4 sp=0x0000008d813f69d0
Event: 94.032 Thread 0x000001c6bc0908f0 DEOPT UNPACKING pc=0x000001c6a615d72e sp=0x0000008d813f6990 mode 2

Classes unloaded (2 events):
Event: 89.526 Thread 0x000001c69d28e930 Unloading class 0x0000000801708800 'java/lang/invoke/LambdaForm$DMH+0x0000000801708800'
Event: 89.526 Thread 0x000001c69d28e930 Unloading class 0x0000000801708400 'java/lang/invoke/LambdaForm$DMH+0x0000000801708400'

Classes redefined (0 events):
No events

Internal exceptions (20 events):
Event: 93.016 Thread 0x000001c6bc0908f0 Exception <a 'java/lang/NoSuchMethodError'{0x00000000ad89b640}: static Lcom/android/ide/common/resources/MergedResourceWriter$FileGenerationWorkAction;.<clinit>()V> (0x00000000ad89b640) 
thrown [t:\workspace\open\src\hotspot\share\prims\jni.cpp, line 1210]
Event: 93.017 Thread 0x000001c6bc0908f0 Exception <a 'java/lang/NoSuchMethodError'{0x00000000ad8b03a8}: static Lcom/android/ide/common/resources/MergedResourceWriter$FileGenerationParameters;.<clinit>()V> (0x00000000ad8b03a8) 
thrown [t:\workspace\open\src\hotspot\share\prims\jni.cpp, line 1210]
Event: 93.022 Thread 0x000001c6bc0908f0 Exception <a 'java/lang/NoSuchMethodError'{0x00000000ad73b088}: static Lcom/android/ide/common/resources/GeneratedResourceMergerItem;.<clinit>()V> (0x00000000ad73b088) 
thrown [t:\workspace\open\src\hotspot\share\prims\jni.cpp, line 1210]
Event: 93.022 Thread 0x000001c6bc0908f0 Exception <a 'java/lang/NoSuchMethodError'{0x00000000ad73e4a0}: static Lcom/android/ide/common/resources/SourcelessResourceMergerItem;.<clinit>()V> (0x00000000ad73e4a0) 
thrown [t:\workspace\open\src\hotspot\share\prims\jni.cpp, line 1210]
Event: 93.023 Thread 0x000001c6bc0908f0 Exception <a 'java/lang/NoSuchMethodError'{0x00000000ad7436c0}: static Lcom/android/ide/common/resources/DataItem;.<clinit>()V> (0x00000000ad7436c0) 
thrown [t:\workspace\open\src\hotspot\share\prims\jni.cpp, line 1210]
Event: 93.023 Thread 0x000001c6bc0908f0 Exception <a 'java/lang/NoSuchMethodError'{0x00000000ad74f6a0}: static Lcom/android/ide/common/resources/DataItem;.<clinit>()V> (0x00000000ad74f6a0) 
thrown [t:\workspace\open\src\hotspot\share\prims\jni.cpp, line 1210]
Event: 93.025 Thread 0x000001c6bc0908f0 Exception <a 'java/lang/NoSuchMethodError'{0x00000000ad781510}: static Ljava/lang/Object;.<clinit>()V> (0x00000000ad781510) 
thrown [t:\workspace\open\src\hotspot\share\prims\jni.cpp, line 1210]
Event: 93.026 Thread 0x000001c6bc0908f0 Exception <a 'java/lang/NoSuchMethodError'{0x00000000ad7a1e78}: static Ljava/lang/Object;.<clinit>()V> (0x00000000ad7a1e78) 
thrown [t:\workspace\open\src\hotspot\share\prims\jni.cpp, line 1210]
Event: 93.026 Thread 0x000001c6bc0908f0 Exception <a 'java/lang/NoSuchMethodError'{0x00000000ad7b7f78}: static [Lcom/android/ide/common/resources/configuration/ResourceQualifier;.<clinit>()V> (0x00000000ad7b7f78) 
thrown [t:\workspace\open\src\hotspot\share\prims\jni.cpp, line 1210]
Event: 93.029 Thread 0x000001c6bc0908f0 Exception <a 'java/lang/NoSuchMethodError'{0x00000000ad7f9620}: static Lcom/android/ide/common/resources/configuration/EnumBasedResourceQualifier;.<clinit>()V> (0x00000000ad7f9620) 
thrown [t:\workspace\open\src\hotspot\share\prims\jni.cpp, line 1210]
Event: 93.029 Thread 0x000001c6bc0908f0 Exception <a 'java/lang/NoSuchMethodError'{0x00000000ad7fd2d0}: static Lcom/android/ide/common/resources/configuration/EnumBasedResourceQualifier;.<clinit>()V> (0x00000000ad7fd2d0) 
thrown [t:\workspace\open\src\hotspot\share\prims\jni.cpp, line 1210]
Event: 93.029 Thread 0x000001c6bc0908f0 Exception <a 'java/lang/NoSuchMethodError'{0x00000000ad601018}: static Lcom/android/ide/common/resources/configuration/ResourceQualifier;.<clinit>()V> (0x00000000ad601018) 
thrown [t:\workspace\open\src\hotspot\share\prims\jni.cpp, line 1210]
Event: 93.031 Thread 0x000001c6bc0908f0 Exception <a 'java/lang/NoSuchMethodError'{0x00000000ad61f898}: static Lcom/android/ide/common/resources/configuration/EnumBasedResourceQualifier;.<clinit>()V> (0x00000000ad61f898) 
thrown [t:\workspace\open\src\hotspot\share\prims\jni.cpp, line 1210]
Event: 93.033 Thread 0x000001c6bc0908f0 Exception <a 'java/lang/NoSuchMethodError'{0x00000000ad63d180}: static Lcom/android/ide/common/resources/configuration/EnumBasedResourceQualifier;.<clinit>()V> (0x00000000ad63d180) 
thrown [t:\workspace\open\src\hotspot\share\prims\jni.cpp, line 1210]
Event: 93.034 Thread 0x000001c6bc0908f0 Exception <a 'java/lang/NoSuchMethodError'{0x00000000ad657498}: static Lcom/android/ide/common/resources/configuration/ResourceQualifier;.<clinit>()V> (0x00000000ad657498) 
thrown [t:\workspace\open\src\hotspot\share\prims\jni.cpp, line 1210]
Event: 93.037 Thread 0x000001c6bc0908f0 Exception <a 'java/lang/NoSuchMethodError'{0x00000000ad683098}: static Lcom/android/ide/common/rendering/api/ResourceNamespace$ResAutoNamespace;.<clinit>()V> (0x00000000ad683098) 
thrown [t:\workspace\open\src\hotspot\share\prims\jni.cpp, line 1210]
Event: 93.037 Thread 0x000001c6bc0908f0 Exception <a 'java/lang/NoSuchMethodError'{0x00000000ad687488}: static Ljava/lang/Object;.<clinit>()V> (0x00000000ad687488) 
thrown [t:\workspace\open\src\hotspot\share\prims\jni.cpp, line 1210]
Event: 93.040 Thread 0x000001c6bc0908f0 Exception <a 'java/lang/NoSuchMethodError'{0x00000000ad6b38d8}: static Lcom/android/build/gradle/tasks/MergeResources$MergeResourcesVectorDrawableRenderer;.<clinit>()V> (0x00000000ad6b38d8) 
thrown [t:\workspace\open\src\hotspot\share\prims\jni.cpp, line 1210]
Event: 93.040 Thread 0x000001c6bc0908f0 Exception <a 'java/lang/NoSuchMethodError'{0x00000000ad6b6bc8}: static Ljava/lang/Object;.<clinit>()V> (0x00000000ad6b6bc8) 
thrown [t:\workspace\open\src\hotspot\share\prims\jni.cpp, line 1210]
Event: 93.042 Thread 0x000001c6bc0908f0 Exception <a 'java/lang/NoSuchMethodError'{0x00000000ad6ce2d0}: static Lcom/android/build/gradle/internal/LoggerWrapper$LoggerSupplier;.<clinit>()V> (0x00000000ad6ce2d0) 
thrown [t:\workspace\open\src\hotspot\share\prims\jni.cpp, line 1210]

Events (20 events):
Event: 92.922 loading class java/util/concurrent/ConcurrentLinkedDeque$Node done
Event: 93.043 Thread 0x000001c6bda93e80 Thread added: 0x000001c6bda93e80
Event: 93.082 Executing  VM operation: HandshakeAllThreads
Event: 93.083 Executing  VM operation: HandshakeAllThreads done
Event: 93.086 loading class org/w3c/dom/DOMImplementation
Event: 93.086 loading class org/w3c/dom/DOMImplementation done
Event: 93.086 loading class org/w3c/dom/ls/DOMImplementationLS
Event: 93.087 loading class org/w3c/dom/ls/DOMImplementationLS done
Event: 93.087 loading class org/w3c/dom/ls/LSSerializer
Event: 93.087 loading class org/w3c/dom/ls/LSSerializer done
Event: 93.087 loading class org/w3c/dom/ls/LSOutput
Event: 93.087 loading class org/w3c/dom/ls/LSOutput done
Event: 93.088 loading class org/w3c/dom/ls/LSInput
Event: 93.088 loading class org/w3c/dom/ls/LSInput done
Event: 93.088 loading class org/w3c/dom/ls/LSParser
Event: 93.088 loading class org/w3c/dom/ls/LSParser done
Event: 93.183 Executing  VM operation: G1CollectForAllocation
Event: 93.207 Executing  VM operation: G1CollectForAllocation done
Event: 93.513 Executing  VM operation: G1CollectForAllocation
Event: 93.559 Executing  VM operation: G1CollectForAllocation done


Dynamic libraries:
0x00007ff6fdb10000 - 0x00007ff6fdb20000 	C:\Program Files\Java\jdk-16.0.2\bin\java.exe
0x00007ffe54e50000 - 0x00007ffe55045000 	C:\WINDOWS\SYSTEM32\ntdll.dll
0x00007ffe54a20000 - 0x00007ffe54add000 	C:\WINDOWS\System32\KERNEL32.DLL
0x00007ffe52b50000 - 0x00007ffe52e19000 	C:\WINDOWS\System32\KERNELBASE.dll
0x00007ffe527b0000 - 0x00007ffe528b0000 	C:\WINDOWS\System32\ucrtbase.dll
0x00007ffe3fd60000 - 0x00007ffe3fd79000 	C:\Program Files\Java\jdk-16.0.2\bin\VCRUNTIME140.dll
0x00007ffe3bdc0000 - 0x00007ffe3bdd8000 	C:\Program Files\Java\jdk-16.0.2\bin\jli.dll
0x00007ffe53490000 - 0x00007ffe5353c000 	C:\WINDOWS\System32\ADVAPI32.dll
0x00007ffe544b0000 - 0x00007ffe5454e000 	C:\WINDOWS\System32\msvcrt.dll
0x00007ffe54980000 - 0x00007ffe54a1b000 	C:\WINDOWS\System32\sechost.dll
0x00007ffe54cb0000 - 0x00007ffe54dda000 	C:\WINDOWS\System32\RPCRT4.dll
0x00007ffe53080000 - 0x00007ffe53220000 	C:\WINDOWS\System32\USER32.dll
0x00007ffe529c0000 - 0x00007ffe529e2000 	C:\WINDOWS\System32\win32u.dll
0x00007ffe54de0000 - 0x00007ffe54e0a000 	C:\WINDOWS\System32\GDI32.dll
0x00007ffe526a0000 - 0x00007ffe527ab000 	C:\WINDOWS\System32\gdi32full.dll
0x00007ffe525d0000 - 0x00007ffe5266d000 	C:\WINDOWS\System32\msvcp_win.dll
0x00007ffe341a0000 - 0x00007ffe3443a000 	C:\WINDOWS\WinSxS\amd64_microsoft.windows.common-controls_6595b64144ccf1df_6.0.19041.1110_none_60b5254171f9507e\COMCTL32.dll
0x00007ffe51360000 - 0x00007ffe5136a000 	C:\WINDOWS\SYSTEM32\VERSION.dll
0x00007ffe54550000 - 0x00007ffe54580000 	C:\WINDOWS\System32\IMM32.DLL
0x00007ffe463a0000 - 0x00007ffe463ac000 	C:\Program Files\Java\jdk-16.0.2\bin\vcruntime140_1.dll
0x00007ffe12d00000 - 0x00007ffe12d91000 	C:\Program Files\Java\jdk-16.0.2\bin\msvcp140.dll
0x00007ffe08780000 - 0x00007ffe0932b000 	C:\Program Files\Java\jdk-16.0.2\bin\server\jvm.dll
0x00007ffe54970000 - 0x00007ffe54978000 	C:\WINDOWS\System32\PSAPI.DLL
0x00007ffe2d890000 - 0x00007ffe2d899000 	C:\WINDOWS\SYSTEM32\WSOCK32.dll
0x00007ffe3a810000 - 0x00007ffe3a837000 	C:\WINDOWS\SYSTEM32\WINMM.dll
0x00007ffe54590000 - 0x00007ffe545fb000 	C:\WINDOWS\System32\WS2_32.dll
0x00007ffe50510000 - 0x00007ffe50522000 	C:\WINDOWS\SYSTEM32\kernel.appcore.dll
0x00007ffe40520000 - 0x00007ffe4052a000 	C:\Program Files\Java\jdk-16.0.2\bin\jimage.dll
0x00007ffe4d050000 - 0x00007ffe4d234000 	C:\WINDOWS\SYSTEM32\DBGHELP.DLL
0x00007ffe35090000 - 0x00007ffe350bc000 	C:\WINDOWS\SYSTEM32\dbgcore.DLL
0x00007ffe52e20000 - 0x00007ffe52ea3000 	C:\WINDOWS\System32\bcryptPrimitives.dll
0x00007ffe2f580000 - 0x00007ffe2f5a5000 	C:\Program Files\Java\jdk-16.0.2\bin\java.dll
0x00007ffe535a0000 - 0x00007ffe53cdf000 	C:\WINDOWS\System32\SHELL32.dll
0x00007ffe50b40000 - 0x00007ffe512d0000 	C:\WINDOWS\SYSTEM32\windows.storage.dll
0x00007ffe54600000 - 0x00007ffe54955000 	C:\WINDOWS\System32\combase.dll
0x00007ffe51f10000 - 0x00007ffe51f3c000 	C:\WINDOWS\SYSTEM32\Wldp.dll
0x00007ffe53310000 - 0x00007ffe533be000 	C:\WINDOWS\System32\SHCORE.dll
0x00007ffe54450000 - 0x00007ffe544a5000 	C:\WINDOWS\System32\shlwapi.dll
0x00007ffe524c0000 - 0x00007ffe524df000 	C:\WINDOWS\SYSTEM32\profapi.dll
0x00007ffe3a5b0000 - 0x00007ffe3a5c9000 	C:\Program Files\Java\jdk-16.0.2\bin\net.dll
0x00007ffe3e390000 - 0x00007ffe3e498000 	C:\WINDOWS\SYSTEM32\WINHTTP.dll
0x00007ffe51c70000 - 0x00007ffe51cda000 	C:\WINDOWS\system32\mswsock.dll
0x00007ffe3a3c0000 - 0x00007ffe3a3d3000 	C:\Program Files\Java\jdk-16.0.2\bin\nio.dll
0x00007ffe31400000 - 0x00007ffe31418000 	C:\Program Files\Java\jdk-16.0.2\bin\zip.dll
0x00007ffe40230000 - 0x00007ffe40240000 	C:\Program Files\Java\jdk-16.0.2\bin\verify.dll
0x00007ffe3ad70000 - 0x00007ffe3ad97000 	C:\Users\halag\Documents\cs\year_project\Server_location_app\.gradle\native\8bec1ad78214c89d9ad589b4d07fe93259594b29d510b10fafb7a158f7737e5d\windows-amd64\native-platform.dll
0x00007ffe12110000 - 0x00007ffe1224d000 	C:\Users\halag\Documents\cs\year_project\Server_location_app\.gradle\native\53dbd7edfb1c66fb8903c78663c9afc45aea4f116125fa6feffd364cf09443e8\windows-amd64\native-platform-file-events.dll
0x00007ffe3fdb0000 - 0x00007ffe3fdb9000 	C:\Program Files\Java\jdk-16.0.2\bin\management.dll
0x00007ffe3ab00000 - 0x00007ffe3ab0b000 	C:\Program Files\Java\jdk-16.0.2\bin\management_ext.dll
0x00007ffe51e70000 - 0x00007ffe51e88000 	C:\WINDOWS\SYSTEM32\CRYPTSP.dll
0x00007ffe515f0000 - 0x00007ffe51624000 	C:\WINDOWS\system32\rsaenh.dll
0x00007ffe52670000 - 0x00007ffe52697000 	C:\WINDOWS\System32\bcrypt.dll
0x00007ffe52480000 - 0x00007ffe524ae000 	C:\WINDOWS\SYSTEM32\USERENV.dll
0x00007ffe51e60000 - 0x00007ffe51e6c000 	C:\WINDOWS\SYSTEM32\CRYPTBASE.dll
0x00007ffe51960000 - 0x00007ffe5199b000 	C:\WINDOWS\SYSTEM32\IPHLPAPI.DLL
0x00007ffe54580000 - 0x00007ffe54588000 	C:\WINDOWS\System32\NSI.dll
0x00007ffe4cb00000 - 0x00007ffe4cb17000 	C:\WINDOWS\SYSTEM32\dhcpcsvc6.DLL
0x00007ffe4cae0000 - 0x00007ffe4cafd000 	C:\WINDOWS\SYSTEM32\dhcpcsvc.DLL
0x00007ffe519a0000 - 0x00007ffe51a6c000 	C:\WINDOWS\SYSTEM32\DNSAPI.dll
0x00007ffe30e00000 - 0x00007ffe30e0e000 	C:\Program Files\Java\jdk-16.0.2\bin\sunmscapi.dll
0x00007ffe529f0000 - 0x00007ffe52b4f000 	C:\WINDOWS\System32\CRYPT32.dll
0x00007ffe51f80000 - 0x00007ffe51fa7000 	C:\WINDOWS\SYSTEM32\ncrypt.dll
0x00007ffe51f40000 - 0x00007ffe51f7b000 	C:\WINDOWS\SYSTEM32\NTASN1.dll
0x00007ffe30470000 - 0x00007ffe30477000 	C:\WINDOWS\system32\wshunix.dll

dbghelp: loaded successfully - version: 4.0.5 - missing functions: none
symbol engine: initialized successfully - sym options: 0x614 - pdb path: .;C:\Program Files\Java\jdk-16.0.2\bin;C:\WINDOWS\SYSTEM32;C:\WINDOWS\WinSxS\amd64_microsoft.windows.common-controls_6595b64144ccf1df_6.0.19041.1110_none_60b5254171f9507e;C:\Program Files\Java\jdk-16.0.2\bin\server;C:\Users\halag\Documents\cs\year_project\Server_location_app\.gradle\native\8bec1ad78214c89d9ad589b4d07fe93259594b29d510b10fafb7a158f7737e5d\windows-amd64;C:\Users\halag\Documents\cs\year_project\Server_location_app\.gradle\native\53dbd7edfb1c66fb8903c78663c9afc45aea4f116125fa6feffd364cf09443e8\windows-amd64

VM Arguments:
jvm_args: --add-opens=java.base/java.util=ALL-UNNAMED --add-opens=java.base/java.lang=ALL-UNNAMED --add-opens=java.base/java.lang.invoke=ALL-UNNAMED --add-opens=java.base/java.util=ALL-UNNAMED --add-opens=java.prefs/java.util.prefs=ALL-UNNAMED --add-opens=java.prefs/java.util.prefs=ALL-UNNAMED --add-opens=java.base/java.nio.charset=ALL-UNNAMED --add-opens=java.base/java.net=ALL-UNNAMED --add-opens=java.base/java.util.concurrent.atomic=ALL-UNNAMED -Xmx1536M -Dfile.encoding=UTF-8 -Duser.country=GB -Duser.language=en -Duser.variant 
java_command: org.gradle.launcher.daemon.bootstrap.GradleDaemon 7.0.2
java_class_path (initial): C:\Users\halag\Documents\cs\year_project\Server_location_app\.gradle\wrapper\dists\gradle-7.0.2-bin\857tjihv64xamwrf0h14cai3r\gradle-7.0.2\lib\gradle-launcher-7.0.2.jar
Launcher Type: SUN_STANDARD

[Global flags]
     intx CICompilerCount                          = 3                                         {product} {ergonomic}
     uint ConcGCThreads                            = 1                                         {product} {ergonomic}
     uint G1ConcRefinementThreads                  = 4                                         {product} {ergonomic}
   size_t G1HeapRegionSize                         = 1048576                                   {product} {ergonomic}
    uintx GCDrainStackTargetSize                   = 64                                        {product} {ergonomic}
   size_t InitialHeapSize                          = 134217728                                 {product} {ergonomic}
   size_t MarkStackSize                            = 4194304                                   {product} {ergonomic}
   size_t MaxHeapSize                              = 1610612736                                {product} {command line}
   size_t MaxNewSize                               = 965738496                                 {product} {ergonomic}
   size_t MinHeapDeltaBytes                        = 1048576                                   {product} {ergonomic}
   size_t MinHeapSize                              = 8388608                                   {product} {ergonomic}
    uintx NonNMethodCodeHeapSize                   = 5832780                                {pd product} {ergonomic}
    uintx NonProfiledCodeHeapSize                  = 122912730                              {pd product} {ergonomic}
    uintx ProfiledCodeHeapSize                     = 122912730                              {pd product} {ergonomic}
    uintx ReservedCodeCacheSize                    = 251658240                              {pd product} {ergonomic}
     bool SegmentedCodeCache                       = true                                      {product} {ergonomic}
   size_t SoftMaxHeapSize                          = 1610612736                             {manageable} {ergonomic}
     bool UseCompressedClassPointers               = true                           {product lp64_product} {ergonomic}
     bool UseCompressedOops                        = true                           {product lp64_product} {ergonomic}
     bool UseG1GC                                  = true                                      {product} {ergonomic}
     bool UseLargePagesIndividualAllocation        = false                                  {pd product} {ergonomic}

Logging:
Log output configuration:
 #0: stdout all=warning uptime,level,tags
 #1: stderr all=off uptime,level,tags

Environment Variables:
JAVA_HOME=C:\Program Files\Java\jdk-16.0.2
PATH=C:\Program Files\Common Files\Oracle\Java\javapath;C:\Program Files (x86)\Common Files\Oracle\Java\javapath;C:\WINDOWS\system32;C:\WINDOWS;C:\WINDOWS\System32\Wbem;C:\WINDOWS\System32\WindowsPowerShell\v1.0\;C:\WINDOWS\System32\OpenSSH\;C:\Program Files\Intel\WiFi\bin\;C:\Program Files\Common Files\Intel\WirelessCommon\;C:\Git\cmd;C:\MinGW\bin;C:\Users\halag\Documents\cs\python\PyCharm Community Edition 2020.3.4;C:\Users\halag\AppData\Roaming\Microsoft\Windows\Start Menu\Programs\Python 3.9;C:\Users\halag\AppData\Local\Programs\Python\Python39;C:\Program Files (x86)\Intel\Intel(R) Management Engine Components\DAL;C:\Program Files\Intel\Intel(R) Management Engine Components\DAL;C:\Program Files\Java\jdk-16.0.2\bin;C:\Users\halag\AppData\Local\Microsoft\WindowsApps;C:\Program Files (x86)\Dr. Memory\bin\;C:\Program Files\Intel\WiFi\bin\;C:\Program Files\Common Files\Intel\WirelessCommon\;C:\Program Files\Java\jdk-10.0.2\bin;C:\Users\halag\AppData\Local\GitHubDesktop\bin;C:\Users\halag\Documents\cs\winter2020\machine_learning\PyCharm Community Edition 2020.3\bin;;C:\Users\halag\AppData\Local\Android\Sdk\platform-tools;C:\Users\halag\AppData\Local\Android\Sdk;C:\Program Files\Java\jdk-16.0.2\bin;
USERNAME=halag
OS=Windows_NT
PROCESSOR_IDENTIFIER=Intel64 Family 6 Model 142 Stepping 9, GenuineIntel



---------------  S Y S T E M  ---------------

OS:
 Windows 10 , 64 bit Build 19041 (10.0.19041.1151)
OS uptime: 3 days 19:19 hours

CPU: total 4 (initial active 4) (2 cores per cpu, 2 threads per core) family 6 model 142 stepping 9 microcode 0xde, cx8, cmov, fxsr, ht, mmx, 3dnowpref, sse, sse2, sse3, ssse3, sse4.1, sse4.2, popcnt, lzcnt, tsc, tscinvbit, avx, avx2, aes, erms, clmul, bmi1, bmi2, adx, fma, vzeroupper, clflush, clflushopt

Memory: 4k page, system-wide physical 8089M (1470M free)
TotalPageFile size 9329M (AvailPageFile size 4M)
current process WorkingSet (physical memory assigned to process): 500M, peak: 510M
current process commit charge ("private bytes"): 541M, peak: 551M

vm_info: Java HotSpot(TM) 64-Bit Server VM (16.0.2+7-67) for windows-amd64 JRE (16.0.2+7-67), built on Jun  8 2021 23:24:19 by "mach5one" with MS VC++ 16.7 (VS2019)

END.
