#
# There is insufficient memory for the Java Runtime Environment to continue.
# Native memory allocation (malloc) failed to allocate 603344 bytes for Chunk::new
# Possible reasons:
#   The system is out of physical RAM or swap space
#   The process is running with CompressedOops enabled, and the Java Heap may be blocking the growth of the native heap
# Possible solutions:
#   Reduce memory load on the system
#   Increase physical memory or swap space
#   Check if swap backing store is full
#   Decrease Java heap size (-Xmx/-Xms)
#   Decrease number of Java threads
#   Decrease Java thread stack sizes (-Xss)
#   Set larger code cache with -XX:ReservedCodeCacheSize=
#   JVM is running with Unscaled Compressed Oops mode in which the Java heap is
#     placed in the first 4GB address space. The Java Heap base address is the
#     maximum limit for the native heap growth. Please use -XX:HeapBaseMinAddress
#     to set the Java Heap base and to place the Java Heap above 4GB virtual address.
# This output file may be truncated or incomplete.
#
#  Out of Memory Error (arena.cpp:195), pid=12544, tid=11468
#
# JRE version: Java(TM) SE Runtime Environment (16.0.2+7) (build 16.0.2+7-67)
# Java VM: Java HotSpot(TM) 64-Bit Server VM (16.0.2+7-67, mixed mode, sharing, tiered, compressed oops, compressed class ptrs, g1 gc, windows-amd64)
# No core dump will be written. Minidumps are not enabled by default on client versions of Windows
#

---------------  S U M M A R Y ------------

Command Line: --add-opens=java.base/java.util=ALL-UNNAMED --add-opens=java.base/java.lang=ALL-UNNAMED --add-opens=java.base/java.lang.invoke=ALL-UNNAMED --add-opens=java.base/java.util=ALL-UNNAMED --add-opens=java.prefs/java.util.prefs=ALL-UNNAMED --add-opens=java.prefs/java.util.prefs=ALL-UNNAMED --add-opens=java.base/java.nio.charset=ALL-UNNAMED --add-opens=java.base/java.net=ALL-UNNAMED --add-opens=java.base/java.util.concurrent.atomic=ALL-UNNAMED -Xmx1536M -Dfile.encoding=UTF-8 -Duser.country=GB -Duser.language=en -Duser.variant org.gradle.launcher.daemon.bootstrap.GradleDaemon 7.0.2

Host: Intel(R) Core(TM) i5-7200U CPU @ 2.50GHz, 4 cores, 7G,  Windows 10 , 64 bit Build 19041 (10.0.19041.1151)
Time: Tue Sep  7 01:04:25 2021 Jerusalem Summer Time elapsed time: 43.873300 seconds (0d 0h 0m 43s)

---------------  T H R E A D  ---------------

Current thread (0x0000013a6ebabef0):  JavaThread "C2 CompilerThread1" daemon [_thread_in_native, id=11468, stack(0x000000124d400000,0x000000124d500000)]


Current CompileTask:
C2:  43873 13652       4       com.android.tools.r8.internal.D9::e (297 bytes)

Stack: [0x000000124d400000,0x000000124d500000]
Native frames: (J=compiled Java code, j=interpreted, Vv=VM code, C=native code)
V  [jvm.dll+0x6681ca]
V  [jvm.dll+0x7c9e69]
V  [jvm.dll+0x7cb61e]
V  [jvm.dll+0x7cbc73]
V  [jvm.dll+0x242c55]
V  [jvm.dll+0xadeba]
V  [jvm.dll+0xae45c]
V  [jvm.dll+0x35a8d7]
V  [jvm.dll+0x324de1]
V  [jvm.dll+0x32428a]
V  [jvm.dll+0x215cec]
V  [jvm.dll+0x215100]
V  [jvm.dll+0x1a1beb]
V  [jvm.dll+0x225158]
V  [jvm.dll+0x22319c]
V  [jvm.dll+0x77fa62]
V  [jvm.dll+0x7795aa]
V  [jvm.dll+0x667066]
C  [ucrtbase.dll+0x21bb2]
C  [KERNEL32.DLL+0x17034]
C  [ntdll.dll+0x52651]


---------------  P R O C E S S  ---------------

Threads class SMR info:
_java_thread_list=0x0000013a6ea29db0, length=54, elements={
0x0000013a4ab909a0, 0x0000013a67071760, 0x0000013a67074ae0, 0x0000013a6707f510,
0x0000013a6707fe20, 0x0000013a67080730, 0x0000013a67081040, 0x0000013a67081c80,
0x0000013a67086e50, 0x0000013a67100210, 0x0000013a67c8a420, 0x0000013a67c8a940,
0x0000013a694df6f0, 0x0000013a69687020, 0x0000013a69d53a30, 0x0000013a6af146f0,
0x0000013a68983af0, 0x0000013a6a0a8290, 0x0000013a6a0a5d60, 0x0000013a6a0a72a0,
0x0000013a6a0a87e0, 0x0000013a6a0a62b0, 0x0000013a6a0a5810, 0x0000013a6a0a6800,
0x0000013a6a0a6d50, 0x0000013a69bb0f90, 0x0000013a69bb24d0, 0x0000013a69bada70,
0x0000013a69baefb0, 0x0000013a69bb34c0, 0x0000013a69badfc0, 0x0000013a69bb4a00,
0x0000013a69baffa0, 0x0000013a69bb0a40, 0x0000013a69bacfd0, 0x0000013a69bad520,
0x0000013a69bae510, 0x0000013a69baea60, 0x0000013a69baf500, 0x0000013a69bafa50,
0x0000013a69bb04f0, 0x0000013a69bb3f60, 0x0000013a69bb14e0, 0x0000013a69bb1a30,
0x0000013a69bb1f80, 0x0000013a69bb2a20, 0x0000013a6a0a77f0, 0x0000013a6a0a7d40,
0x0000013a6a0a52c0, 0x0000013a69d9ea20, 0x0000013a69d9e4d0, 0x0000013a69da04b0,
0x0000013a6ebabef0, 0x0000013a69da1f40
}

Java Threads: ( => current thread )
  0x0000013a4ab909a0 JavaThread "main" [_thread_blocked, id=14440, stack(0x000000124a200000,0x000000124a300000)]
  0x0000013a67071760 JavaThread "Reference Handler" daemon [_thread_blocked, id=3496, stack(0x000000124a900000,0x000000124aa00000)]
  0x0000013a67074ae0 JavaThread "Finalizer" daemon [_thread_blocked, id=8824, stack(0x000000124aa00000,0x000000124ab00000)]
  0x0000013a6707f510 JavaThread "Signal Dispatcher" daemon [_thread_blocked, id=13224, stack(0x000000124ab00000,0x000000124ac00000)]
  0x0000013a6707fe20 JavaThread "Attach Listener" daemon [_thread_blocked, id=10092, stack(0x000000124ac00000,0x000000124ad00000)]
  0x0000013a67080730 JavaThread "Service Thread" daemon [_thread_blocked, id=13676, stack(0x000000124ad00000,0x000000124ae00000)]
  0x0000013a67081040 JavaThread "Monitor Deflation Thread" daemon [_thread_blocked, id=11672, stack(0x000000124ae00000,0x000000124af00000)]
  0x0000013a67081c80 JavaThread "C2 CompilerThread0" daemon [_thread_blocked, id=7964, stack(0x000000124af00000,0x000000124b000000)]
  0x0000013a67086e50 JavaThread "C1 CompilerThread0" daemon [_thread_blocked, id=15260, stack(0x000000124b000000,0x000000124b100000)]
  0x0000013a67100210 JavaThread "Sweeper thread" daemon [_thread_blocked, id=12584, stack(0x000000124b100000,0x000000124b200000)]
  0x0000013a67c8a420 JavaThread "Common-Cleaner" daemon [_thread_blocked, id=10712, stack(0x000000124b200000,0x000000124b300000)]
  0x0000013a67c8a940 JavaThread "Notification Thread" daemon [_thread_blocked, id=16712, stack(0x000000124b300000,0x000000124b400000)]
  0x0000013a694df6f0 JavaThread "Daemon health stats" [_thread_blocked, id=6852, stack(0x000000124b900000,0x000000124ba00000)]
  0x0000013a69687020 JavaThread "Incoming local TCP Connector on port 58413" [_thread_in_native, id=5800, stack(0x000000124ba00000,0x000000124bb00000)]
  0x0000013a69d53a30 JavaThread "Daemon periodic checks" [_thread_blocked, id=8652, stack(0x000000124bb00000,0x000000124bc00000)]
  0x0000013a6af146f0 JavaThread "Daemon" [_thread_blocked, id=1692, stack(0x000000124bc00000,0x000000124bd00000)]
  0x0000013a68983af0 JavaThread "Daemon worker" [_thread_blocked, id=15492, stack(0x000000124bf00000,0x000000124c000000)]
  0x0000013a6a0a8290 JavaThread "Cache worker for file hash cache (C:\Users\halag\Documents\cs\year_project\Server_location_app\.gradle\caches\7.0.2\fileHashes)" [_thread_blocked, id=13548, stack(0x000000124c300000,0x000000124c400000)]
  0x0000013a6a0a5d60 JavaThread "File lock request listener" [_thread_in_native, id=8296, stack(0x000000124c400000,0x000000124c500000)]
  0x0000013a6a0a72a0 JavaThread "Cache worker for journal cache (C:\Users\halag\Documents\cs\year_project\Server_location_app\.gradle\caches\journal-1)" [_thread_blocked, id=10324, stack(0x000000124c500000,0x000000124c600000)]
  0x0000013a6a0a87e0 JavaThread "File watcher server" daemon [_thread_in_native, id=16724, stack(0x000000124c700000,0x000000124c800000)]
  0x0000013a6a0a62b0 JavaThread "File watcher consumer" daemon [_thread_blocked, id=4160, stack(0x000000124c800000,0x000000124c900000)]
  0x0000013a6a0a5810 JavaThread "jar transforms" [_thread_blocked, id=5632, stack(0x000000124c900000,0x000000124ca00000)]
  0x0000013a6a0a6800 JavaThread "jar transforms Thread 2" [_thread_blocked, id=7260, stack(0x000000124ca00000,0x000000124cb00000)]
  0x0000013a6a0a6d50 JavaThread "jar transforms Thread 3" [_thread_blocked, id=15512, stack(0x000000124cb00000,0x000000124cc00000)]
  0x0000013a69bb0f90 JavaThread "jar transforms Thread 4" [_thread_blocked, id=12460, stack(0x000000124cc00000,0x000000124cd00000)]
  0x0000013a69bb24d0 JavaThread "Cache worker for execution history cache (C:\Users\halag\Documents\cs\year_project\Server_location_app\.gradle\caches\7.0.2\executionHistory)" [_thread_blocked, id=15076, stack(0x000000124d100000,0x000000124d200000)]
  0x0000013a69bada70 JavaThread "Cache worker for file content cache (C:\Users\halag\Documents\cs\year_project\Server_location_app\.gradle\caches\7.0.2\fileContent)" [_thread_blocked, id=11088, stack(0x000000124d200000,0x000000124d300000)]
  0x0000013a69baefb0 JavaThread "Memory manager" [_thread_blocked, id=14932, stack(0x000000124d900000,0x000000124da00000)]
  0x0000013a69bb34c0 JavaThread "pool-3-thread-1" [_thread_blocked, id=1084, stack(0x000000124da00000,0x000000124db00000)]
  0x0000013a69badfc0 JavaThread "Handler for socket connection from /127.0.0.1:58413 to /127.0.0.1:58417" [_thread_in_native, id=7480, stack(0x000000124bd00000,0x000000124be00000)]
  0x0000013a69bb4a00 JavaThread "Cancel handler" [_thread_blocked, id=14856, stack(0x000000124be00000,0x000000124bf00000)]
  0x0000013a69baffa0 JavaThread "Asynchronous log dispatcher for DefaultDaemonConnection: socket connection from /127.0.0.1:58413 to /127.0.0.1:58417" [_thread_blocked, id=7572, stack(0x000000124c000000,0x000000124c100000)]
  0x0000013a69bb0a40 JavaThread "Stdin handler" [_thread_blocked, id=12884, stack(0x000000124c100000,0x000000124c200000)]
  0x0000013a69bacfd0 JavaThread "Daemon client event forwarder" [_thread_blocked, id=14012, stack(0x000000124c200000,0x000000124c300000)]
  0x0000013a69bad520 JavaThread "Cache worker for file hash cache (C:\Users\halag\Documents\cs\year_project\test_app2\.gradle\7.0.2\fileHashes)" [_thread_blocked, id=13652, stack(0x000000124c600000,0x000000124c700000)]
  0x0000013a69bae510 JavaThread "Cache worker for checksums cache (C:\Users\halag\Documents\cs\year_project\test_app2\.gradle\checksums)" [_thread_blocked, id=9476, stack(0x000000124cd00000,0x000000124ce00000)]
  0x0000013a69baea60 JavaThread "Cache worker for cache directory md-supplier (C:\Users\halag\Documents\cs\year_project\Server_location_app\.gradle\caches\7.0.2\md-supplier)" [_thread_blocked, id=15744, stack(0x000000124ce00000,0x000000124cf00000)]
  0x0000013a69baf500 JavaThread "Cache worker for cache directory md-rule (C:\Users\halag\Documents\cs\year_project\Server_location_app\.gradle\caches\7.0.2\md-rule)" [_thread_blocked, id=15480, stack(0x000000124cf00000,0x000000124d000000)]
  0x0000013a69bafa50 JavaThread "Cache worker for dependencies-accessors (C:\Users\halag\Documents\cs\year_project\test_app2\.gradle\7.0.2\dependencies-accessors)" [_thread_blocked, id=14884, stack(0x000000124d300000,0x000000124d400000)]
  0x0000013a69bb04f0 JavaThread "Cache worker for Build Output Cleanup Cache (C:\Users\halag\Documents\cs\year_project\test_app2\.gradle\buildOutputCleanup)" [_thread_blocked, id=9932, stack(0x000000124d500000,0x000000124d600000)]
  0x0000013a69bb3f60 JavaThread "Build operations" [_thread_in_Java, id=16448, stack(0x000000124d600000,0x000000124d700000)]
  0x0000013a69bb14e0 JavaThread "Build operations Thread 2" [_thread_in_vm, id=11112, stack(0x000000124d700000,0x000000124d800000)]
  0x0000013a69bb1a30 JavaThread "Build operations Thread 3" [_thread_in_Java, id=3908, stack(0x000000124d800000,0x000000124d900000)]
  0x0000013a69bb1f80 JavaThread "Build operations Thread 4" [_thread_in_Java, id=1240, stack(0x000000124db00000,0x000000124dc00000)]
  0x0000013a69bb2a20 JavaThread "build event listener" [_thread_blocked, id=9692, stack(0x000000124dc00000,0x000000124dd00000)]
  0x0000013a6a0a77f0 JavaThread "pool-6-thread-1" [_thread_blocked, id=10400, stack(0x000000124dd00000,0x000000124de00000)]
  0x0000013a6a0a7d40 JavaThread "build event listener" [_thread_blocked, id=17396, stack(0x000000124de00000,0x000000124df00000)]
  0x0000013a6a0a52c0 JavaThread "Execution worker for ':'" [_thread_blocked, id=15484, stack(0x000000124df00000,0x000000124e000000)]
  0x0000013a69d9ea20 JavaThread "Execution worker for ':' Thread 2" [_thread_blocked, id=2252, stack(0x000000124e000000,0x000000124e100000)]
  0x0000013a69d9e4d0 JavaThread "Execution worker for ':' Thread 3" [_thread_blocked, id=13680, stack(0x000000124e100000,0x000000124e200000)]
  0x0000013a69da04b0 JavaThread "Cache worker for execution history cache (C:\Users\halag\Documents\cs\year_project\test_app2\.gradle\7.0.2\executionHistory)" [_thread_blocked, id=14280, stack(0x000000124e200000,0x000000124e300000)]
=>0x0000013a6ebabef0 JavaThread "C2 CompilerThread1" daemon [_thread_in_native, id=11468, stack(0x000000124d400000,0x000000124d500000)]
  0x0000013a69da1f40 JavaThread "WorkerExecutor Queue" [_thread_blocked, id=9328, stack(0x000000124e300000,0x000000124e400000)]

Other Threads:
  0x0000013a6706c670 VMThread "VM Thread" [stack: 0x000000124a800000,0x000000124a900000] [id=11932]
  0x0000013a67c95490 WatcherThread [stack: 0x000000124b400000,0x000000124b500000] [id=16368]
  0x0000013a4abc5820 GCTaskThread "GC Thread#0" [stack: 0x000000124a300000,0x000000124a400000] [id=6088]
  0x0000013a681c9d40 GCTaskThread "GC Thread#1" [stack: 0x000000124b600000,0x000000124b700000] [id=8816]
  0x0000013a67d0c2a0 GCTaskThread "GC Thread#2" [stack: 0x000000124b700000,0x000000124b800000] [id=2032]
  0x0000013a67cbaae0 GCTaskThread "GC Thread#3" [stack: 0x000000124b800000,0x000000124b900000] [id=15440]
  0x0000013a4abd2770 ConcurrentGCThread "G1 Main Marker" [stack: 0x000000124a400000,0x000000124a500000] [id=2588]
  0x0000013a4abd48a0 ConcurrentGCThread "G1 Conc#0" [stack: 0x000000124a500000,0x000000124a600000] [id=10928]
  0x0000013a4ac50230 ConcurrentGCThread "G1 Refine#0" [stack: 0x000000124a600000,0x000000124a700000] [id=11632]
  0x0000013a6886ebd0 ConcurrentGCThread "G1 Refine#1" [stack: 0x000000124d000000,0x000000124d100000] [id=7116]
  0x0000013a4ac50ac0 ConcurrentGCThread "G1 Service" [stack: 0x000000124a700000,0x000000124a800000] [id=6572]

Threads with active compile tasks:
C2 CompilerThread1    43918 13652       4       com.android.tools.r8.internal.D9::e (297 bytes)

VM state: not at safepoint (normal execution)

VM Mutex/Monitor currently owned by a thread:  ([mutex/lock_event])
[0x0000013a489711d0] MetaspaceExpand_lock - owner thread: 0x0000013a69bb14e0

Heap address: 0x00000000a0000000, size: 1536 MB, Compressed Oops mode: 32-bit

CDS archive(s) mapped at: [0x0000000800000000-0x0000000800bb0000-0x0000000800bb0000), size 12255232, SharedBaseAddress: 0x0000000800000000, ArchiveRelocationMode: 0.
Compressed class space mapped at: 0x0000000800c00000-0x0000000840c00000, reserved size: 1073741824
Narrow klass base: 0x0000000800000000, Narrow klass shift: 3, Narrow klass range: 0x100000000

GC Precious Log:
 CPUs: 4 total, 4 available
 Memory: 8089M
 Large Page Support: Disabled
 NUMA Support: Disabled
 Compressed Oops: Enabled (32-bit)
 Heap Region Size: 1M
 Heap Min Capacity: 8M
 Heap Initial Capacity: 128M
 Heap Max Capacity: 1536M
 Pre-touch: Disabled
 Parallel Workers: 4
 Concurrent Workers: 1
 Concurrent Refinement Workers: 4
 Periodic GC: Disabled

Heap:
 garbage-first heap   total 214016K, used 145110K [0x00000000a0000000, 0x0000000100000000)
  region size 1024K, 20 young (20480K), 8 survivors (8192K)
 Metaspace       used 101737K, committed 102592K, reserved 1138688K
  class space    used 13295K, committed 13696K, reserved 1048576K

Heap Regions: E=young(eden), S=young(survivor), O=old, HS=humongous(starts), HC=humongous(continues), CS=collection set, F=free, OA=open archive, CA=closed archive, TAMS=top-at-mark-start (previous, next)
|   0|0x00000000a0000000, 0x00000000a0100000, 0x00000000a0100000|100%|HS|  |TAMS 0x00000000a0100000, 0x00000000a0100000| Complete 
|   1|0x00000000a0100000, 0x00000000a0200000, 0x00000000a0200000|100%|HC|  |TAMS 0x00000000a0200000, 0x00000000a0200000| Complete 
|   2|0x00000000a0200000, 0x00000000a0300000, 0x00000000a0300000|100%|HC|  |TAMS 0x00000000a0300000, 0x00000000a0300000| Complete 
|   3|0x00000000a0300000, 0x00000000a0400000, 0x00000000a0400000|100%| O|  |TAMS 0x00000000a0400000, 0x00000000a0400000| Untracked 
|   4|0x00000000a0400000, 0x00000000a0500000, 0x00000000a0500000|100%| O|  |TAMS 0x00000000a0500000, 0x00000000a0500000| Untracked 
|   5|0x00000000a0500000, 0x00000000a0600000, 0x00000000a0600000|100%| O|  |TAMS 0x00000000a0600000, 0x00000000a0600000| Untracked 
|   6|0x00000000a0600000, 0x00000000a0700000, 0x00000000a0700000|100%| O|  |TAMS 0x00000000a0700000, 0x00000000a0700000| Untracked 
|   7|0x00000000a0700000, 0x00000000a0800000, 0x00000000a0800000|100%| O|  |TAMS 0x00000000a0800000, 0x00000000a0800000| Untracked 
|   8|0x00000000a0800000, 0x00000000a0900000, 0x00000000a0900000|100%| O|  |TAMS 0x00000000a0900000, 0x00000000a0900000| Untracked 
|   9|0x00000000a0900000, 0x00000000a0a00000, 0x00000000a0a00000|100%| O|  |TAMS 0x00000000a0a00000, 0x00000000a0a00000| Untracked 
|  10|0x00000000a0a00000, 0x00000000a0b00000, 0x00000000a0b00000|100%|HS|  |TAMS 0x00000000a0b00000, 0x00000000a0b00000| Complete 
|  11|0x00000000a0b00000, 0x00000000a0c00000, 0x00000000a0c00000|100%|HC|  |TAMS 0x00000000a0c00000, 0x00000000a0c00000| Complete 
|  12|0x00000000a0c00000, 0x00000000a0d00000, 0x00000000a0d00000|100%|HS|  |TAMS 0x00000000a0d00000, 0x00000000a0d00000| Complete 
|  13|0x00000000a0d00000, 0x00000000a0e00000, 0x00000000a0e00000|100%|HC|  |TAMS 0x00000000a0e00000, 0x00000000a0e00000| Complete 
|  14|0x00000000a0e00000, 0x00000000a0f00000, 0x00000000a0f00000|100%|HC|  |TAMS 0x00000000a0f00000, 0x00000000a0f00000| Complete 
|  15|0x00000000a0f00000, 0x00000000a1000000, 0x00000000a1000000|100%|HS|  |TAMS 0x00000000a1000000, 0x00000000a1000000| Complete 
|  16|0x00000000a1000000, 0x00000000a1100000, 0x00000000a1100000|100%|HC|  |TAMS 0x00000000a1100000, 0x00000000a1100000| Complete 
|  17|0x00000000a1100000, 0x00000000a1200000, 0x00000000a1200000|100%|HC|  |TAMS 0x00000000a1200000, 0x00000000a1200000| Complete 
|  18|0x00000000a1200000, 0x00000000a1300000, 0x00000000a1300000|100%|HC|  |TAMS 0x00000000a1300000, 0x00000000a1300000| Complete 
|  19|0x00000000a1300000, 0x00000000a1400000, 0x00000000a1400000|100%|HC|  |TAMS 0x00000000a1400000, 0x00000000a1400000| Complete 
|  20|0x00000000a1400000, 0x00000000a1500000, 0x00000000a1500000|100%| O|  |TAMS 0x00000000a1500000, 0x00000000a1500000| Untracked 
|  21|0x00000000a1500000, 0x00000000a1600000, 0x00000000a1600000|100%| O|  |TAMS 0x00000000a1600000, 0x00000000a1600000| Untracked 
|  22|0x00000000a1600000, 0x00000000a1700000, 0x00000000a1700000|100%| O|  |TAMS 0x00000000a1700000, 0x00000000a1700000| Untracked 
|  23|0x00000000a1700000, 0x00000000a1800000, 0x00000000a1800000|100%| O|  |TAMS 0x00000000a1800000, 0x00000000a1800000| Untracked 
|  24|0x00000000a1800000, 0x00000000a1900000, 0x00000000a1900000|100%| O|  |TAMS 0x00000000a1900000, 0x00000000a1900000| Untracked 
|  25|0x00000000a1900000, 0x00000000a1a00000, 0x00000000a1a00000|100%| O|  |TAMS 0x00000000a1a00000, 0x00000000a1a00000| Untracked 
|  26|0x00000000a1a00000, 0x00000000a1b00000, 0x00000000a1b00000|100%| O|  |TAMS 0x00000000a1b00000, 0x00000000a1b00000| Untracked 
|  27|0x00000000a1b00000, 0x00000000a1bf1000, 0x00000000a1c00000| 94%| O|  |TAMS 0x00000000a1bf1000, 0x00000000a1bf1000| Untracked 
|  28|0x00000000a1c00000, 0x00000000a1d00000, 0x00000000a1d00000|100%|HS|  |TAMS 0x00000000a1d00000, 0x00000000a1d00000| Complete 
|  29|0x00000000a1d00000, 0x00000000a1e00000, 0x00000000a1e00000|100%|HC|  |TAMS 0x00000000a1e00000, 0x00000000a1e00000| Complete 
|  30|0x00000000a1e00000, 0x00000000a1f00000, 0x00000000a1f00000|100%|HC|  |TAMS 0x00000000a1f00000, 0x00000000a1f00000| Complete 
|  31|0x00000000a1f00000, 0x00000000a2000000, 0x00000000a2000000|100%| O|  |TAMS 0x00000000a2000000, 0x00000000a2000000| Untracked 
|  32|0x00000000a2000000, 0x00000000a2100000, 0x00000000a2100000|100%| O|  |TAMS 0x00000000a2100000, 0x00000000a2100000| Untracked 
|  33|0x00000000a2100000, 0x00000000a2200000, 0x00000000a2200000|100%| O|  |TAMS 0x00000000a2200000, 0x00000000a2200000| Untracked 
|  34|0x00000000a2200000, 0x00000000a2300000, 0x00000000a2300000|100%| O|  |TAMS 0x00000000a2300000, 0x00000000a2300000| Untracked 
|  35|0x00000000a2300000, 0x00000000a2400000, 0x00000000a2400000|100%| O|  |TAMS 0x00000000a2400000, 0x00000000a2400000| Untracked 
|  36|0x00000000a2400000, 0x00000000a2500000, 0x00000000a2500000|100%| O|  |TAMS 0x00000000a2500000, 0x00000000a2500000| Untracked 
|  37|0x00000000a2500000, 0x00000000a2600000, 0x00000000a2600000|100%|HS|  |TAMS 0x00000000a2600000, 0x00000000a2600000| Complete 
|  38|0x00000000a2600000, 0x00000000a2700000, 0x00000000a2700000|100%|HC|  |TAMS 0x00000000a2700000, 0x00000000a2700000| Complete 
|  39|0x00000000a2700000, 0x00000000a2800000, 0x00000000a2800000|100%|HC|  |TAMS 0x00000000a2800000, 0x00000000a2800000| Complete 
|  40|0x00000000a2800000, 0x00000000a2900000, 0x00000000a2900000|100%|HC|  |TAMS 0x00000000a2900000, 0x00000000a2900000| Complete 
|  41|0x00000000a2900000, 0x00000000a2a00000, 0x00000000a2a00000|100%|HC|  |TAMS 0x00000000a2a00000, 0x00000000a2a00000| Complete 
|  42|0x00000000a2a00000, 0x00000000a2b00000, 0x00000000a2b00000|100%| O|  |TAMS 0x00000000a2b00000, 0x00000000a2b00000| Untracked 
|  43|0x00000000a2b00000, 0x00000000a2c00000, 0x00000000a2c00000|100%| O|  |TAMS 0x00000000a2c00000, 0x00000000a2c00000| Untracked 
|  44|0x00000000a2c00000, 0x00000000a2d00000, 0x00000000a2d00000|100%| O|  |TAMS 0x00000000a2d00000, 0x00000000a2d00000| Untracked 
|  45|0x00000000a2d00000, 0x00000000a2e00000, 0x00000000a2e00000|100%| O|  |TAMS 0x00000000a2e00000, 0x00000000a2e00000| Untracked 
|  46|0x00000000a2e00000, 0x00000000a2f00000, 0x00000000a2f00000|100%| O|  |TAMS 0x00000000a2f00000, 0x00000000a2f00000| Untracked 
|  47|0x00000000a2f00000, 0x00000000a3000000, 0x00000000a3000000|100%| O|  |TAMS 0x00000000a3000000, 0x00000000a3000000| Untracked 
|  48|0x00000000a3000000, 0x00000000a3100000, 0x00000000a3100000|100%| O|  |TAMS 0x00000000a3100000, 0x00000000a3100000| Untracked 
|  49|0x00000000a3100000, 0x00000000a3200000, 0x00000000a3200000|100%| O|  |TAMS 0x00000000a3200000, 0x00000000a3200000| Untracked 
|  50|0x00000000a3200000, 0x00000000a3300000, 0x00000000a3300000|100%| O|  |TAMS 0x00000000a3300000, 0x00000000a3300000| Untracked 
|  51|0x00000000a3300000, 0x00000000a3400000, 0x00000000a3400000|100%| O|  |TAMS 0x00000000a3400000, 0x00000000a3400000| Untracked 
|  52|0x00000000a3400000, 0x00000000a3500000, 0x00000000a3500000|100%| O|  |TAMS 0x00000000a3500000, 0x00000000a3500000| Untracked 
|  53|0x00000000a3500000, 0x00000000a3600000, 0x00000000a3600000|100%| O|  |TAMS 0x00000000a3600000, 0x00000000a3600000| Untracked 
|  54|0x00000000a3600000, 0x00000000a3700000, 0x00000000a3700000|100%| O|  |TAMS 0x00000000a3700000, 0x00000000a3700000| Untracked 
|  55|0x00000000a3700000, 0x00000000a3800000, 0x00000000a3800000|100%| O|  |TAMS 0x00000000a3800000, 0x00000000a3800000| Untracked 
|  56|0x00000000a3800000, 0x00000000a3900000, 0x00000000a3900000|100%|HS|  |TAMS 0x00000000a3900000, 0x00000000a3900000| Complete 
|  57|0x00000000a3900000, 0x00000000a3a00000, 0x00000000a3a00000|100%|HS|  |TAMS 0x00000000a3a00000, 0x00000000a3a00000| Complete 
|  58|0x00000000a3a00000, 0x00000000a3b00000, 0x00000000a3b00000|100%|HS|  |TAMS 0x00000000a3b00000, 0x00000000a3b00000| Complete 
|  59|0x00000000a3b00000, 0x00000000a3c00000, 0x00000000a3c00000|100%|HS|  |TAMS 0x00000000a3c00000, 0x00000000a3c00000| Complete 
|  60|0x00000000a3c00000, 0x00000000a3d00000, 0x00000000a3d00000|100%|HC|  |TAMS 0x00000000a3d00000, 0x00000000a3d00000| Complete 
|  61|0x00000000a3d00000, 0x00000000a3e00000, 0x00000000a3e00000|100%|HC|  |TAMS 0x00000000a3e00000, 0x00000000a3e00000| Complete 
|  62|0x00000000a3e00000, 0x00000000a3f00000, 0x00000000a3f00000|100%|HS|  |TAMS 0x00000000a3f00000, 0x00000000a3f00000| Complete 
|  63|0x00000000a3f00000, 0x00000000a4000000, 0x00000000a4000000|100%|HC|  |TAMS 0x00000000a4000000, 0x00000000a4000000| Complete 
|  64|0x00000000a4000000, 0x00000000a4100000, 0x00000000a4100000|100%| O|  |TAMS 0x00000000a4100000, 0x00000000a4100000| Untracked 
|  65|0x00000000a4100000, 0x00000000a4200000, 0x00000000a4200000|100%| O|  |TAMS 0x00000000a4200000, 0x00000000a4200000| Untracked 
|  66|0x00000000a4200000, 0x00000000a4300000, 0x00000000a4300000|100%| O|  |TAMS 0x00000000a4300000, 0x00000000a4300000| Untracked 
|  67|0x00000000a4300000, 0x00000000a4400000, 0x00000000a4400000|100%| O|  |TAMS 0x00000000a4400000, 0x00000000a4400000| Untracked 
|  68|0x00000000a4400000, 0x00000000a4500000, 0x00000000a4500000|100%| O|  |TAMS 0x00000000a4500000, 0x00000000a4500000| Untracked 
|  69|0x00000000a4500000, 0x00000000a4600000, 0x00000000a4600000|100%| O|  |TAMS 0x00000000a4600000, 0x00000000a4600000| Untracked 
|  70|0x00000000a4600000, 0x00000000a4700000, 0x00000000a4700000|100%| O|  |TAMS 0x00000000a4700000, 0x00000000a4700000| Untracked 
|  71|0x00000000a4700000, 0x00000000a4800000, 0x00000000a4800000|100%| O|  |TAMS 0x00000000a4800000, 0x00000000a4800000| Untracked 
|  72|0x00000000a4800000, 0x00000000a4900000, 0x00000000a4900000|100%| O|  |TAMS 0x00000000a4900000, 0x00000000a4900000| Untracked 
|  73|0x00000000a4900000, 0x00000000a4a00000, 0x00000000a4a00000|100%| O|  |TAMS 0x00000000a4a00000, 0x00000000a4a00000| Untracked 
|  74|0x00000000a4a00000, 0x00000000a4b00000, 0x00000000a4b00000|100%| O|  |TAMS 0x00000000a4b00000, 0x00000000a4b00000| Untracked 
|  75|0x00000000a4b00000, 0x00000000a4c00000, 0x00000000a4c00000|100%| O|  |TAMS 0x00000000a4c00000, 0x00000000a4c00000| Untracked 
|  76|0x00000000a4c00000, 0x00000000a4d00000, 0x00000000a4d00000|100%| O|  |TAMS 0x00000000a4d00000, 0x00000000a4d00000| Untracked 
|  77|0x00000000a4d00000, 0x00000000a4e00000, 0x00000000a4e00000|100%| O|  |TAMS 0x00000000a4e00000, 0x00000000a4e00000| Untracked 
|  78|0x00000000a4e00000, 0x00000000a4f00000, 0x00000000a4f00000|100%| O|  |TAMS 0x00000000a4f00000, 0x00000000a4f00000| Untracked 
|  79|0x00000000a4f00000, 0x00000000a5000000, 0x00000000a5000000|100%| O|  |TAMS 0x00000000a5000000, 0x00000000a5000000| Untracked 
|  80|0x00000000a5000000, 0x00000000a5100000, 0x00000000a5100000|100%| O|  |TAMS 0x00000000a5100000, 0x00000000a5100000| Untracked 
|  81|0x00000000a5100000, 0x00000000a5200000, 0x00000000a5200000|100%| O|  |TAMS 0x00000000a5200000, 0x00000000a5200000| Untracked 
|  82|0x00000000a5200000, 0x00000000a5300000, 0x00000000a5300000|100%| O|  |TAMS 0x00000000a5300000, 0x00000000a5300000| Untracked 
|  83|0x00000000a5300000, 0x00000000a5400000, 0x00000000a5400000|100%| O|  |TAMS 0x00000000a5400000, 0x00000000a5400000| Untracked 
|  84|0x00000000a5400000, 0x00000000a5500000, 0x00000000a5500000|100%| O|  |TAMS 0x00000000a5500000, 0x00000000a5500000| Untracked 
|  85|0x00000000a5500000, 0x00000000a5600000, 0x00000000a5600000|100%| O|  |TAMS 0x00000000a5600000, 0x00000000a5600000| Untracked 
|  86|0x00000000a5600000, 0x00000000a5700000, 0x00000000a5700000|100%| O|  |TAMS 0x00000000a5700000, 0x00000000a5700000| Untracked 
|  87|0x00000000a5700000, 0x00000000a5800000, 0x00000000a5800000|100%| O|  |TAMS 0x00000000a5800000, 0x00000000a5800000| Untracked 
|  88|0x00000000a5800000, 0x00000000a5900000, 0x00000000a5900000|100%| O|  |TAMS 0x00000000a5900000, 0x00000000a5900000| Untracked 
|  89|0x00000000a5900000, 0x00000000a5a00000, 0x00000000a5a00000|100%| O|  |TAMS 0x00000000a5a00000, 0x00000000a5a00000| Untracked 
|  90|0x00000000a5a00000, 0x00000000a5b00000, 0x00000000a5b00000|100%| O|  |TAMS 0x00000000a5b00000, 0x00000000a5b00000| Untracked 
|  91|0x00000000a5b00000, 0x00000000a5c00000, 0x00000000a5c00000|100%| O|  |TAMS 0x00000000a5c00000, 0x00000000a5c00000| Untracked 
|  92|0x00000000a5c00000, 0x00000000a5d00000, 0x00000000a5d00000|100%| O|  |TAMS 0x00000000a5d00000, 0x00000000a5d00000| Untracked 
|  93|0x00000000a5d00000, 0x00000000a5e00000, 0x00000000a5e00000|100%| O|  |TAMS 0x00000000a5e00000, 0x00000000a5e00000| Untracked 
|  94|0x00000000a5e00000, 0x00000000a5f00000, 0x00000000a5f00000|100%| O|  |TAMS 0x00000000a5f00000, 0x00000000a5f00000| Untracked 
|  95|0x00000000a5f00000, 0x00000000a6000000, 0x00000000a6000000|100%| O|  |TAMS 0x00000000a6000000, 0x00000000a6000000| Untracked 
|  96|0x00000000a6000000, 0x00000000a6100000, 0x00000000a6100000|100%| O|  |TAMS 0x00000000a6100000, 0x00000000a6100000| Untracked 
|  97|0x00000000a6100000, 0x00000000a6200000, 0x00000000a6200000|100%| O|  |TAMS 0x00000000a6200000, 0x00000000a6200000| Untracked 
|  98|0x00000000a6200000, 0x00000000a6300000, 0x00000000a6300000|100%| O|  |TAMS 0x00000000a6300000, 0x00000000a6300000| Untracked 
|  99|0x00000000a6300000, 0x00000000a6400000, 0x00000000a6400000|100%| O|  |TAMS 0x00000000a6400000, 0x00000000a6400000| Untracked 
| 100|0x00000000a6400000, 0x00000000a6500000, 0x00000000a6500000|100%| O|  |TAMS 0x00000000a6500000, 0x00000000a6500000| Untracked 
| 101|0x00000000a6500000, 0x00000000a6600000, 0x00000000a6600000|100%| O|  |TAMS 0x00000000a6600000, 0x00000000a6600000| Untracked 
| 102|0x00000000a6600000, 0x00000000a6700000, 0x00000000a6700000|100%| O|  |TAMS 0x00000000a6700000, 0x00000000a6700000| Untracked 
| 103|0x00000000a6700000, 0x00000000a6800000, 0x00000000a6800000|100%| O|  |TAMS 0x00000000a6800000, 0x00000000a6800000| Untracked 
| 104|0x00000000a6800000, 0x00000000a6900000, 0x00000000a6900000|100%| O|  |TAMS 0x00000000a6900000, 0x00000000a6900000| Untracked 
| 105|0x00000000a6900000, 0x00000000a6a00000, 0x00000000a6a00000|100%| O|  |TAMS 0x00000000a6a00000, 0x00000000a6a00000| Untracked 
| 106|0x00000000a6a00000, 0x00000000a6b00000, 0x00000000a6b00000|100%| O|  |TAMS 0x00000000a6a33800, 0x00000000a6b00000| Untracked 
| 107|0x00000000a6b00000, 0x00000000a6c00000, 0x00000000a6c00000|100%| O|  |TAMS 0x00000000a6b00000, 0x00000000a6c00000| Untracked 
| 108|0x00000000a6c00000, 0x00000000a6d00000, 0x00000000a6d00000|100%| O|  |TAMS 0x00000000a6c00000, 0x00000000a6d00000| Untracked 
| 109|0x00000000a6d00000, 0x00000000a6e00000, 0x00000000a6e00000|100%| O|  |TAMS 0x00000000a6d00000, 0x00000000a6e00000| Untracked 
| 110|0x00000000a6e00000, 0x00000000a6f00000, 0x00000000a6f00000|100%| O|  |TAMS 0x00000000a6e00000, 0x00000000a6f00000| Untracked 
| 111|0x00000000a6f00000, 0x00000000a7000000, 0x00000000a7000000|100%| O|  |TAMS 0x00000000a6f00000, 0x00000000a7000000| Untracked 
| 112|0x00000000a7000000, 0x00000000a7100000, 0x00000000a7100000|100%| O|  |TAMS 0x00000000a7000000, 0x00000000a7100000| Untracked 
| 113|0x00000000a7100000, 0x00000000a7200000, 0x00000000a7200000|100%| O|  |TAMS 0x00000000a7100000, 0x00000000a7132a00| Untracked 
| 114|0x00000000a7200000, 0x00000000a7300000, 0x00000000a7300000|100%| O|  |TAMS 0x00000000a7200000, 0x00000000a7200000| Untracked 
| 115|0x00000000a7300000, 0x00000000a7400000, 0x00000000a7400000|100%| O|  |TAMS 0x00000000a7300000, 0x00000000a7300000| Untracked 
| 116|0x00000000a7400000, 0x00000000a7500000, 0x00000000a7500000|100%| O|  |TAMS 0x00000000a7400000, 0x00000000a7400000| Untracked 
| 117|0x00000000a7500000, 0x00000000a7600000, 0x00000000a7600000|100%| O|  |TAMS 0x00000000a7500000, 0x00000000a7500000| Untracked 
| 118|0x00000000a7600000, 0x00000000a7700000, 0x00000000a7700000|100%| O|  |TAMS 0x00000000a7600000, 0x00000000a7600000| Untracked 
| 119|0x00000000a7700000, 0x00000000a7800000, 0x00000000a7800000|100%| O|  |TAMS 0x00000000a7700000, 0x00000000a7700000| Untracked 
| 120|0x00000000a7800000, 0x00000000a7900000, 0x00000000a7900000|100%| O|  |TAMS 0x00000000a7800000, 0x00000000a7800000| Untracked 
| 121|0x00000000a7900000, 0x00000000a7a00000, 0x00000000a7a00000|100%| O|  |TAMS 0x00000000a7900000, 0x00000000a7900000| Untracked 
| 122|0x00000000a7a00000, 0x00000000a7b00000, 0x00000000a7b00000|100%| O|  |TAMS 0x00000000a7a00000, 0x00000000a7a00000| Untracked 
| 123|0x00000000a7b00000, 0x00000000a7bc4800, 0x00000000a7c00000| 76%| O|  |TAMS 0x00000000a7b00000, 0x00000000a7b00000| Untracked 
| 124|0x00000000a7c00000, 0x00000000a7c00000, 0x00000000a7d00000|  0%| F|  |TAMS 0x00000000a7c00000, 0x00000000a7c00000| Untracked 
| 125|0x00000000a7d00000, 0x00000000a7d00000, 0x00000000a7e00000|  0%| F|  |TAMS 0x00000000a7d00000, 0x00000000a7d00000| Untracked 
| 126|0x00000000a7e00000, 0x00000000a7e00000, 0x00000000a7f00000|  0%| F|  |TAMS 0x00000000a7e00000, 0x00000000a7e00000| Untracked 
| 127|0x00000000a7f00000, 0x00000000a7f00000, 0x00000000a8000000|  0%| F|  |TAMS 0x00000000a7f00000, 0x00000000a7f00000| Untracked 
| 128|0x00000000a8000000, 0x00000000a8000000, 0x00000000a8100000|  0%| F|  |TAMS 0x00000000a8000000, 0x00000000a8000000| Untracked 
| 129|0x00000000a8100000, 0x00000000a8100000, 0x00000000a8200000|  0%| F|  |TAMS 0x00000000a8100000, 0x00000000a8100000| Untracked 
| 130|0x00000000a8200000, 0x00000000a8200000, 0x00000000a8300000|  0%| F|  |TAMS 0x00000000a8200000, 0x00000000a8200000| Untracked 
| 131|0x00000000a8300000, 0x00000000a8300000, 0x00000000a8400000|  0%| F|  |TAMS 0x00000000a8300000, 0x00000000a8300000| Untracked 
| 132|0x00000000a8400000, 0x00000000a8400000, 0x00000000a8500000|  0%| F|  |TAMS 0x00000000a8400000, 0x00000000a8400000| Untracked 
| 133|0x00000000a8500000, 0x00000000a8500000, 0x00000000a8600000|  0%| F|  |TAMS 0x00000000a8500000, 0x00000000a8500000| Untracked 
| 134|0x00000000a8600000, 0x00000000a8600000, 0x00000000a8700000|  0%| F|  |TAMS 0x00000000a8600000, 0x00000000a8600000| Untracked 
| 135|0x00000000a8700000, 0x00000000a8700000, 0x00000000a8800000|  0%| F|  |TAMS 0x00000000a8700000, 0x00000000a8700000| Untracked 
| 136|0x00000000a8800000, 0x00000000a8800000, 0x00000000a8900000|  0%| F|  |TAMS 0x00000000a8800000, 0x00000000a8800000| Untracked 
| 137|0x00000000a8900000, 0x00000000a8900000, 0x00000000a8a00000|  0%| F|  |TAMS 0x00000000a8900000, 0x00000000a8900000| Untracked 
| 138|0x00000000a8a00000, 0x00000000a8a00000, 0x00000000a8b00000|  0%| F|  |TAMS 0x00000000a8a00000, 0x00000000a8a00000| Untracked 
| 139|0x00000000a8b00000, 0x00000000a8c00000, 0x00000000a8c00000|100%| S|CS|TAMS 0x00000000a8b00000, 0x00000000a8b00000| Complete 
| 140|0x00000000a8c00000, 0x00000000a8d00000, 0x00000000a8d00000|100%| S|CS|TAMS 0x00000000a8c00000, 0x00000000a8c00000| Complete 
| 141|0x00000000a8d00000, 0x00000000a8e00000, 0x00000000a8e00000|100%| S|CS|TAMS 0x00000000a8d00000, 0x00000000a8d00000| Complete 
| 142|0x00000000a8e00000, 0x00000000a8f00000, 0x00000000a8f00000|100%| S|CS|TAMS 0x00000000a8e00000, 0x00000000a8e00000| Complete 
| 143|0x00000000a8f00000, 0x00000000a9000000, 0x00000000a9000000|100%| S|CS|TAMS 0x00000000a8f00000, 0x00000000a8f00000| Complete 
| 144|0x00000000a9000000, 0x00000000a9100000, 0x00000000a9100000|100%| S|CS|TAMS 0x00000000a9000000, 0x00000000a9000000| Complete 
| 145|0x00000000a9100000, 0x00000000a9200000, 0x00000000a9200000|100%| S|CS|TAMS 0x00000000a9100000, 0x00000000a9100000| Complete 
| 146|0x00000000a9200000, 0x00000000a9300000, 0x00000000a9300000|100%| S|CS|TAMS 0x00000000a9200000, 0x00000000a9200000| Complete 
| 147|0x00000000a9300000, 0x00000000a9300000, 0x00000000a9400000|  0%| F|  |TAMS 0x00000000a9300000, 0x00000000a9300000| Untracked 
| 148|0x00000000a9400000, 0x00000000a9400000, 0x00000000a9500000|  0%| F|  |TAMS 0x00000000a9400000, 0x00000000a9400000| Untracked 
| 149|0x00000000a9500000, 0x00000000a9500000, 0x00000000a9600000|  0%| F|  |TAMS 0x00000000a9500000, 0x00000000a9500000| Untracked 
| 150|0x00000000a9600000, 0x00000000a9600000, 0x00000000a9700000|  0%| F|  |TAMS 0x00000000a9600000, 0x00000000a9600000| Untracked 
| 151|0x00000000a9700000, 0x00000000a9700000, 0x00000000a9800000|  0%| F|  |TAMS 0x00000000a9700000, 0x00000000a9700000| Untracked 
| 152|0x00000000a9800000, 0x00000000a9800000, 0x00000000a9900000|  0%| F|  |TAMS 0x00000000a9800000, 0x00000000a9800000| Untracked 
| 153|0x00000000a9900000, 0x00000000a9900000, 0x00000000a9a00000|  0%| F|  |TAMS 0x00000000a9900000, 0x00000000a9900000| Untracked 
| 154|0x00000000a9a00000, 0x00000000a9a00000, 0x00000000a9b00000|  0%| F|  |TAMS 0x00000000a9a00000, 0x00000000a9a00000| Untracked 
| 155|0x00000000a9b00000, 0x00000000a9b00000, 0x00000000a9c00000|  0%| F|  |TAMS 0x00000000a9b00000, 0x00000000a9b00000| Untracked 
| 156|0x00000000a9c00000, 0x00000000a9c00000, 0x00000000a9d00000|  0%| F|  |TAMS 0x00000000a9c00000, 0x00000000a9c00000| Untracked 
| 157|0x00000000a9d00000, 0x00000000a9d00000, 0x00000000a9e00000|  0%| F|  |TAMS 0x00000000a9d00000, 0x00000000a9d00000| Untracked 
| 158|0x00000000a9e00000, 0x00000000a9e00000, 0x00000000a9f00000|  0%| F|  |TAMS 0x00000000a9e00000, 0x00000000a9e00000| Untracked 
| 159|0x00000000a9f00000, 0x00000000a9f00000, 0x00000000aa000000|  0%| F|  |TAMS 0x00000000a9f00000, 0x00000000a9f00000| Untracked 
| 160|0x00000000aa000000, 0x00000000aa000000, 0x00000000aa100000|  0%| F|  |TAMS 0x00000000aa000000, 0x00000000aa000000| Untracked 
| 161|0x00000000aa100000, 0x00000000aa100000, 0x00000000aa200000|  0%| F|  |TAMS 0x00000000aa100000, 0x00000000aa100000| Untracked 
| 162|0x00000000aa200000, 0x00000000aa200000, 0x00000000aa300000|  0%| F|  |TAMS 0x00000000aa200000, 0x00000000aa200000| Untracked 
| 163|0x00000000aa300000, 0x00000000aa300000, 0x00000000aa400000|  0%| F|  |TAMS 0x00000000aa300000, 0x00000000aa300000| Untracked 
| 164|0x00000000aa400000, 0x00000000aa400000, 0x00000000aa500000|  0%| F|  |TAMS 0x00000000aa400000, 0x00000000aa400000| Untracked 
| 165|0x00000000aa500000, 0x00000000aa500000, 0x00000000aa600000|  0%| F|  |TAMS 0x00000000aa500000, 0x00000000aa500000| Untracked 
| 166|0x00000000aa600000, 0x00000000aa600000, 0x00000000aa700000|  0%| F|  |TAMS 0x00000000aa600000, 0x00000000aa600000| Untracked 
| 167|0x00000000aa700000, 0x00000000aa700000, 0x00000000aa800000|  0%| F|  |TAMS 0x00000000aa700000, 0x00000000aa700000| Untracked 
| 168|0x00000000aa800000, 0x00000000aa800000, 0x00000000aa900000|  0%| F|  |TAMS 0x00000000aa800000, 0x00000000aa800000| Untracked 
| 169|0x00000000aa900000, 0x00000000aa900000, 0x00000000aaa00000|  0%| F|  |TAMS 0x00000000aa900000, 0x00000000aa900000| Untracked 
| 170|0x00000000aaa00000, 0x00000000aaa00000, 0x00000000aab00000|  0%| F|  |TAMS 0x00000000aaa00000, 0x00000000aaa00000| Untracked 
| 171|0x00000000aab00000, 0x00000000aab00000, 0x00000000aac00000|  0%| F|  |TAMS 0x00000000aab00000, 0x00000000aab00000| Untracked 
| 172|0x00000000aac00000, 0x00000000aac00000, 0x00000000aad00000|  0%| F|  |TAMS 0x00000000aac00000, 0x00000000aac00000| Untracked 
| 173|0x00000000aad00000, 0x00000000aad00000, 0x00000000aae00000|  0%| F|  |TAMS 0x00000000aad00000, 0x00000000aad00000| Untracked 
| 174|0x00000000aae00000, 0x00000000aae00000, 0x00000000aaf00000|  0%| F|  |TAMS 0x00000000aae00000, 0x00000000aae00000| Untracked 
| 175|0x00000000aaf00000, 0x00000000aaf00000, 0x00000000ab000000|  0%| F|  |TAMS 0x00000000aaf00000, 0x00000000aaf00000| Untracked 
| 176|0x00000000ab000000, 0x00000000ab000000, 0x00000000ab100000|  0%| F|  |TAMS 0x00000000ab000000, 0x00000000ab000000| Untracked 
| 177|0x00000000ab100000, 0x00000000ab100000, 0x00000000ab200000|  0%| F|  |TAMS 0x00000000ab100000, 0x00000000ab100000| Untracked 
| 178|0x00000000ab200000, 0x00000000ab200000, 0x00000000ab300000|  0%| F|  |TAMS 0x00000000ab200000, 0x00000000ab200000| Untracked 
| 179|0x00000000ab300000, 0x00000000ab300000, 0x00000000ab400000|  0%| F|  |TAMS 0x00000000ab300000, 0x00000000ab300000| Untracked 
| 180|0x00000000ab400000, 0x00000000ab400000, 0x00000000ab500000|  0%| F|  |TAMS 0x00000000ab400000, 0x00000000ab400000| Untracked 
| 181|0x00000000ab500000, 0x00000000ab500000, 0x00000000ab600000|  0%| F|  |TAMS 0x00000000ab500000, 0x00000000ab500000| Untracked 
| 182|0x00000000ab600000, 0x00000000ab600000, 0x00000000ab700000|  0%| F|  |TAMS 0x00000000ab600000, 0x00000000ab600000| Untracked 
| 183|0x00000000ab700000, 0x00000000ab700000, 0x00000000ab800000|  0%| F|  |TAMS 0x00000000ab700000, 0x00000000ab700000| Untracked 
| 184|0x00000000ab800000, 0x00000000ab800000, 0x00000000ab900000|  0%| F|  |TAMS 0x00000000ab800000, 0x00000000ab800000| Untracked 
| 185|0x00000000ab900000, 0x00000000ab900000, 0x00000000aba00000|  0%| F|  |TAMS 0x00000000ab900000, 0x00000000ab900000| Untracked 
| 186|0x00000000aba00000, 0x00000000aba00000, 0x00000000abb00000|  0%| F|  |TAMS 0x00000000aba00000, 0x00000000aba00000| Untracked 
| 187|0x00000000abb00000, 0x00000000abb00000, 0x00000000abc00000|  0%| F|  |TAMS 0x00000000abb00000, 0x00000000abb00000| Untracked 
| 188|0x00000000abc00000, 0x00000000abc00000, 0x00000000abd00000|  0%| F|  |TAMS 0x00000000abc00000, 0x00000000abc00000| Untracked 
| 189|0x00000000abd00000, 0x00000000abd00000, 0x00000000abe00000|  0%| F|  |TAMS 0x00000000abd00000, 0x00000000abd00000| Untracked 
| 190|0x00000000abe00000, 0x00000000abe00000, 0x00000000abf00000|  0%| F|  |TAMS 0x00000000abe00000, 0x00000000abe00000| Untracked 
| 191|0x00000000abf00000, 0x00000000abf00000, 0x00000000ac000000|  0%| F|  |TAMS 0x00000000abf00000, 0x00000000abf00000| Untracked 
| 192|0x00000000ac000000, 0x00000000ac000000, 0x00000000ac100000|  0%| F|  |TAMS 0x00000000ac000000, 0x00000000ac000000| Untracked 
| 193|0x00000000ac100000, 0x00000000ac100000, 0x00000000ac200000|  0%| F|  |TAMS 0x00000000ac100000, 0x00000000ac100000| Untracked 
| 194|0x00000000ac200000, 0x00000000ac200000, 0x00000000ac300000|  0%| F|  |TAMS 0x00000000ac200000, 0x00000000ac200000| Untracked 
| 195|0x00000000ac300000, 0x00000000ac300000, 0x00000000ac400000|  0%| F|  |TAMS 0x00000000ac300000, 0x00000000ac300000| Untracked 
| 196|0x00000000ac400000, 0x00000000ac492898, 0x00000000ac500000| 57%| E|  |TAMS 0x00000000ac400000, 0x00000000ac400000| Complete 
| 197|0x00000000ac500000, 0x00000000ac600000, 0x00000000ac600000|100%| E|CS|TAMS 0x00000000ac500000, 0x00000000ac500000| Complete 
| 198|0x00000000ac600000, 0x00000000ac700000, 0x00000000ac700000|100%| E|  |TAMS 0x00000000ac600000, 0x00000000ac600000| Complete 
| 199|0x00000000ac700000, 0x00000000ac800000, 0x00000000ac800000|100%| E|CS|TAMS 0x00000000ac700000, 0x00000000ac700000| Complete 
| 200|0x00000000ac800000, 0x00000000ac900000, 0x00000000ac900000|100%| E|CS|TAMS 0x00000000ac800000, 0x00000000ac800000| Complete 
| 201|0x00000000ac900000, 0x00000000aca00000, 0x00000000aca00000|100%| E|CS|TAMS 0x00000000ac900000, 0x00000000ac900000| Complete 
| 202|0x00000000aca00000, 0x00000000acb00000, 0x00000000acb00000|100%| E|CS|TAMS 0x00000000aca00000, 0x00000000aca00000| Complete 
| 203|0x00000000acb00000, 0x00000000acc00000, 0x00000000acc00000|100%| E|CS|TAMS 0x00000000acb00000, 0x00000000acb00000| Complete 
| 204|0x00000000acc00000, 0x00000000acd00000, 0x00000000acd00000|100%| E|CS|TAMS 0x00000000acc00000, 0x00000000acc00000| Complete 
| 205|0x00000000acd00000, 0x00000000ace00000, 0x00000000ace00000|100%| E|CS|TAMS 0x00000000acd00000, 0x00000000acd00000| Complete 
| 206|0x00000000ace00000, 0x00000000acf00000, 0x00000000acf00000|100%| E|CS|TAMS 0x00000000ace00000, 0x00000000ace00000| Complete 
| 207|0x00000000acf00000, 0x00000000ad000000, 0x00000000ad000000|100%| E|CS|TAMS 0x00000000acf00000, 0x00000000acf00000| Complete 
| 208|0x00000000ad000000, 0x00000000ad100000, 0x00000000ad100000|100%| E|CS|TAMS 0x00000000ad000000, 0x00000000ad000000| Complete 

Card table byte_map: [0x0000013a61610000,0x0000013a61910000] _byte_map_base: 0x0000013a61110000

Marking Bits (Prev, Next): (CMBitMap*) 0x0000013a4abc5da0, (CMBitMap*) 0x0000013a4abc5de0
 Prev Bits: [0x0000013a61c10000, 0x0000013a63410000)
 Next Bits: [0x0000013a63410000, 0x0000013a64c10000)

Polling page: 0x0000013a48930000

Metaspace:

Usage:
  Non-class:     86.37 MB used.
      Class:     12.98 MB used.
       Both:     99.35 MB used.

Virtual space:
  Non-class space:       88.00 MB reserved,      86.81 MB ( 99%) committed,  11 nodes.
      Class space:        1.00 GB reserved,      13.38 MB (  1%) committed,  1 nodes.
              Both:        1.09 GB reserved,     100.19 MB (  9%) committed. 

Chunk freelists:
   Non-Class:  767.00 KB
       Class:  2.53 MB
        Both:  3.28 MB

MaxMetaspaceSize: 17179869184.00 GB
CompressedClassSpaceSize: 1.00 GB
 - commit_granule_bytes: 65536.
 - commit_granule_words: 8192.
 - virtual_space_node_default_size: 1048576.
 - enlarge_chunks_in_place: 1.
 - new_chunks_are_fully_committed: 0.
 - uncommit_free_chunks: 1.
 - use_allocation_guard: 0.
 - handle_deallocations: 1.


Internal statistics:

num_allocs_failed_limit: 6.
num_arena_births: 1188.
num_arena_deaths: 6.
num_vsnodes_births: 12.
num_vsnodes_deaths: 0.
num_space_committed: 1603.
num_space_uncommitted: 0.
num_chunks_returned_to_freelist: 18.
num_chunks_taken_from_freelist: 5471.
num_chunk_merges: 7.
num_chunk_splits: 3560.
num_chunks_enlarged: 2339.
num_purges: 4.

CodeHeap 'non-profiled nmethods': size=120000Kb used=6509Kb max_used=6509Kb free=113490Kb
 bounds [0x0000013a59de0000, 0x0000013a5a440000, 0x0000013a61310000]
CodeHeap 'profiled nmethods': size=120000Kb used=23744Kb max_used=23744Kb free=96256Kb
 bounds [0x0000013a528b0000, 0x0000013a53fe0000, 0x0000013a59de0000]
CodeHeap 'non-nmethods': size=5760Kb used=2443Kb max_used=2522Kb free=3316Kb
 bounds [0x0000013a52310000, 0x0000013a52590000, 0x0000013a528b0000]
 total_blobs=12934 nmethods=11964 adapters=882
 compilation: disabled (not enough contiguous free space left)
              stopped_count=1, restarted_count=0
 full_count=1

Compilation events (20 events):
Event: 43.853 Thread 0x0000013a67086e50 nmethod 13684 0x0000013a53fdad10 code [0x0000013a53fdaec0, 0x0000013a53fdb008]
Event: 43.854 Thread 0x0000013a67086e50 13685       3       com.android.tools.r8.internal.T6::b (415 bytes)
Event: 43.857 Thread 0x0000013a67086e50 nmethod 13685 0x0000013a53fdb090 code [0x0000013a53fdb640, 0x0000013a53fde678]
Event: 43.858 Thread 0x0000013a67086e50 13686       3       com.android.tools.r8.internal.T6::a (131 bytes)
Event: 43.858 Thread 0x0000013a67086e50 nmethod 13686 0x0000013a5a432b10 code [0x0000013a5a432d40, 0x0000013a5a4335d8]
Event: 43.860 Thread 0x0000013a67086e50 13687       3       com.android.tools.r8.graph.j0$m::c (61 bytes)
Event: 43.860 Thread 0x0000013a67086e50 nmethod 13687 0x0000013a5a433a10 code [0x0000013a5a433c20, 0x0000013a5a434138]
Event: 43.861 Thread 0x0000013a67086e50 13688       3       com.android.tools.r8.graph.j0$g::<init> (6 bytes)
Event: 43.861 Thread 0x0000013a67086e50 nmethod 13688 0x0000013a53fdfa90 code [0x0000013a53fdfc40, 0x0000013a53fdfeb8]
Event: 43.862 Thread 0x0000013a67086e50 13689       3       com.android.tools.r8.internal.D9::k (46 bytes)
Event: 43.863 Thread 0x0000013a67086e50 nmethod 13689 0x0000013a5a434310 code [0x0000013a5a434540, 0x0000013a5a434b18]
Event: 43.863 Thread 0x0000013a67086e50 13690       3       com.android.tools.r8.graph.j0$m::h (64 bytes)
Event: 43.864 Thread 0x0000013a67086e50 nmethod 13690 0x0000013a5a434d90 code [0x0000013a5a434fe0, 0x0000013a5a435738]
Event: 43.864 Thread 0x0000013a67086e50 13691       3       com.android.tools.r8.graph.j0$e::<init> (13 bytes)
Event: 43.864 Thread 0x0000013a67086e50 nmethod 13691 0x0000013a5a435990 code [0x0000013a5a435b40, 0x0000013a5a435c88]
Event: 43.865 Thread 0x0000013a67086e50 13692       3       com.android.tools.r8.graph.B0::a (28 bytes)
Event: 43.865 Thread 0x0000013a67081c80 nmethod 13667 0x0000013a5a435d90 code [0x0000013a5a435f60, 0x0000013a5a436958]
Event: 43.865 Thread 0x0000013a67086e50 nmethod 13692 0x0000013a5a436e90 code [0x0000013a5a437060, 0x0000013a5a437478]
Event: 43.865 Thread 0x0000013a67081c80 13673       4       com.android.tools.r8.graph.A0::f (63 bytes)
Event: 43.872 Thread 0x0000013a67086e50 13695       3       com.android.tools.r8.internal.T6::a (78 bytes)

GC Heap History (20 events):
Event: 13.721 GC heap before
{Heap before GC invocations=26 (full 0):
 garbage-first heap   total 177152K, used 141014K [0x00000000a0000000, 0x0000000100000000)
  region size 1024K, 52 young (53248K), 7 survivors (7168K)
 Metaspace       used 73534K, committed 74176K, reserved 1114112K
  class space    used 9769K, committed 10048K, reserved 1048576K
}
Event: 13.735 GC heap after
{Heap after GC invocations=27 (full 0):
 garbage-first heap   total 177152K, used 99433K [0x00000000a0000000, 0x0000000100000000)
  region size 1024K, 5 young (5120K), 5 survivors (5120K)
 Metaspace       used 73534K, committed 74176K, reserved 1114112K
  class space    used 9769K, committed 10048K, reserved 1048576K
}
Event: 14.002 GC heap before
{Heap before GC invocations=27 (full 0):
 garbage-first heap   total 177152K, used 117865K [0x00000000a0000000, 0x0000000100000000)
  region size 1024K, 24 young (24576K), 5 survivors (5120K)
 Metaspace       used 75567K, committed 76224K, reserved 1122304K
  class space    used 10032K, committed 10304K, reserved 1048576K
}
Event: 14.011 GC heap after
{Heap after GC invocations=28 (full 0):
 garbage-first heap   total 177152K, used 101538K [0x00000000a0000000, 0x0000000100000000)
  region size 1024K, 3 young (3072K), 3 survivors (3072K)
 Metaspace       used 75567K, committed 76224K, reserved 1122304K
  class space    used 10032K, committed 10304K, reserved 1048576K
}
Event: 15.002 GC heap before
{Heap before GC invocations=29 (full 0):
 garbage-first heap   total 181248K, used 144546K [0x00000000a0000000, 0x0000000100000000)
  region size 1024K, 44 young (45056K), 3 survivors (3072K)
 Metaspace       used 82458K, committed 83136K, reserved 1122304K
  class space    used 10845K, committed 11136K, reserved 1048576K
}
Event: 15.014 GC heap after
{Heap after GC invocations=30 (full 0):
 garbage-first heap   total 181248K, used 103290K [0x00000000a0000000, 0x0000000100000000)
  region size 1024K, 4 young (4096K), 4 survivors (4096K)
 Metaspace       used 82458K, committed 83136K, reserved 1122304K
  class space    used 10845K, committed 11136K, reserved 1048576K
}
Event: 15.835 GC heap before
{Heap before GC invocations=30 (full 0):
 garbage-first heap   total 181248K, used 148346K [0x00000000a0000000, 0x0000000100000000)
  region size 1024K, 49 young (50176K), 4 survivors (4096K)
 Metaspace       used 84912K, committed 85632K, reserved 1130496K
  class space    used 11219K, committed 11520K, reserved 1048576K
}
Event: 15.846 GC heap after
{Heap after GC invocations=31 (full 0):
 garbage-first heap   total 181248K, used 106643K [0x00000000a0000000, 0x0000000100000000)
  region size 1024K, 6 young (6144K), 6 survivors (6144K)
 Metaspace       used 84912K, committed 85632K, reserved 1130496K
  class space    used 11219K, committed 11520K, reserved 1048576K
}
Event: 16.655 GC heap before
{Heap before GC invocations=32 (full 0):
 garbage-first heap   total 191488K, used 147603K [0x00000000a0000000, 0x0000000100000000)
  region size 1024K, 47 young (48128K), 6 survivors (6144K)
 Metaspace       used 85813K, committed 86528K, reserved 1130496K
  class space    used 11303K, committed 11584K, reserved 1048576K
}
Event: 16.668 GC heap after
{Heap after GC invocations=33 (full 0):
 garbage-first heap   total 191488K, used 108944K [0x00000000a0000000, 0x0000000100000000)
  region size 1024K, 3 young (3072K), 3 survivors (3072K)
 Metaspace       used 85813K, committed 86528K, reserved 1130496K
  class space    used 11303K, committed 11584K, reserved 1048576K
}
Event: 32.235 GC heap before
{Heap before GC invocations=33 (full 0):
 garbage-first heap   total 191488K, used 158096K [0x00000000a0000000, 0x0000000100000000)
  region size 1024K, 52 young (53248K), 3 survivors (3072K)
 Metaspace       used 93133K, committed 94016K, reserved 1130496K
  class space    used 12145K, committed 12544K, reserved 1048576K
}
Event: 32.243 GC heap after
{Heap after GC invocations=34 (full 0):
 garbage-first heap   total 191488K, used 111027K [0x00000000a0000000, 0x0000000100000000)
  region size 1024K, 5 young (5120K), 5 survivors (5120K)
 Metaspace       used 93133K, committed 94016K, reserved 1130496K
  class space    used 12145K, committed 12544K, reserved 1048576K
}
Event: 41.035 GC heap before
{Heap before GC invocations=35 (full 0):
 garbage-first heap   total 191488K, used 159155K [0x00000000a0000000, 0x0000000100000000)
  region size 1024K, 53 young (54272K), 5 survivors (5120K)
 Metaspace       used 94915K, committed 95744K, reserved 1138688K
  class space    used 12331K, committed 12736K, reserved 1048576K
}
Event: 41.048 GC heap after
{Heap after GC invocations=36 (full 0):
 garbage-first heap   total 191488K, used 115858K [0x00000000a0000000, 0x0000000100000000)
  region size 1024K, 7 young (7168K), 7 survivors (7168K)
 Metaspace       used 94915K, committed 95744K, reserved 1138688K
  class space    used 12331K, committed 12736K, reserved 1048576K
}
Event: 42.275 GC heap before
{Heap before GC invocations=36 (full 0):
 garbage-first heap   total 191488K, used 158866K [0x00000000a0000000, 0x0000000100000000)
  region size 1024K, 50 young (51200K), 7 survivors (7168K)
 Metaspace       used 97533K, committed 98368K, reserved 1138688K
  class space    used 12744K, committed 13120K, reserved 1048576K
}
Event: 42.288 GC heap after
{Heap after GC invocations=37 (full 0):
 garbage-first heap   total 191488K, used 118926K [0x00000000a0000000, 0x0000000100000000)
  region size 1024K, 3 young (3072K), 3 survivors (3072K)
 Metaspace       used 97533K, committed 98368K, reserved 1138688K
  class space    used 12744K, committed 13120K, reserved 1048576K
}
Event: 43.230 GC heap before
{Heap before GC invocations=38 (full 0):
 garbage-first heap   total 214016K, used 158862K [0x00000000a0000000, 0x0000000100000000)
  region size 1024K, 43 young (44032K), 3 survivors (3072K)
 Metaspace       used 99801K, committed 100608K, reserved 1138688K
  class space    used 13018K, committed 13376K, reserved 1048576K
}
Event: 43.241 GC heap after
{Heap after GC invocations=39 (full 0):
 garbage-first heap   total 214016K, used 121998K [0x00000000a0000000, 0x0000000100000000)
  region size 1024K, 6 young (6144K), 6 survivors (6144K)
 Metaspace       used 99801K, committed 100608K, reserved 1138688K
  class space    used 13018K, committed 13376K, reserved 1048576K
}
Event: 43.691 GC heap before
{Heap before GC invocations=39 (full 0):
 garbage-first heap   total 214016K, used 178318K [0x00000000a0000000, 0x0000000100000000)
  region size 1024K, 62 young (63488K), 6 survivors (6144K)
 Metaspace       used 101432K, committed 102336K, reserved 1138688K
  class space    used 13271K, committed 13696K, reserved 1048576K
}
Event: 43.705 GC heap after
{Heap after GC invocations=40 (full 0):
 garbage-first heap   total 214016K, used 134870K [0x00000000a0000000, 0x0000000100000000)
  region size 1024K, 8 young (8192K), 8 survivors (8192K)
 Metaspace       used 101432K, committed 102336K, reserved 1138688K
  class space    used 13271K, committed 13696K, reserved 1048576K
}

Deoptimization events (20 events):
Event: 43.427 Thread 0x0000013a69bb1f80 DEOPT PACKING pc=0x0000013a5a059904 sp=0x000000124dbfb100
Event: 43.427 Thread 0x0000013a69bb1f80 DEOPT UNPACKING pc=0x0000013a5235d72e sp=0x000000124dbfb038 mode 2
Event: 43.428 Thread 0x0000013a69bb1f80 DEOPT PACKING pc=0x0000013a53a41621 sp=0x000000124dbf9cc0
Event: 43.428 Thread 0x0000013a69bb1f80 DEOPT UNPACKING pc=0x0000013a5235dece sp=0x000000124dbf91d0 mode 0
Event: 43.466 Thread 0x0000013a69bb14e0 Uncommon trap: trap_request=0xffffffc6 fr.pc=0x0000013a5a206c14 relative=0x00000000000001d4
Event: 43.466 Thread 0x0000013a69bb1a30 Uncommon trap: trap_request=0xffffffc6 fr.pc=0x0000013a5a206c14 relative=0x00000000000001d4
Event: 43.466 Thread 0x0000013a69bb14e0 Uncommon trap: reason=bimorphic_or_optimized_type_check action=maybe_recompile pc=0x0000013a5a206c14 method=java.io.BufferedInputStream.read1([BII)I @ 39 c2
Event: 43.466 Thread 0x0000013a69bb1a30 Uncommon trap: reason=bimorphic_or_optimized_type_check action=maybe_recompile pc=0x0000013a5a206c14 method=java.io.BufferedInputStream.read1([BII)I @ 39 c2
Event: 43.466 Thread 0x0000013a69bb14e0 DEOPT PACKING pc=0x0000013a5a206c14 sp=0x000000124d7fa8b0
Event: 43.466 Thread 0x0000013a69bb1a30 DEOPT PACKING pc=0x0000013a5a206c14 sp=0x000000124d8fa770
Event: 43.466 Thread 0x0000013a69bb14e0 DEOPT UNPACKING pc=0x0000013a5235d72e sp=0x000000124d7fa838 mode 2
Event: 43.466 Thread 0x0000013a69bb1a30 DEOPT UNPACKING pc=0x0000013a5235d72e sp=0x000000124d8fa6f8 mode 2
Event: 43.576 Thread 0x0000013a69bb1a30 Uncommon trap: trap_request=0xffffff45 fr.pc=0x0000013a5a32f620 relative=0x0000000000000100
Event: 43.576 Thread 0x0000013a69bb1a30 Uncommon trap: reason=unstable_if action=reinterpret pc=0x0000013a5a32f620 method=jdk.internal.misc.Unsafe.convEndian(ZI)I @ 4 c2
Event: 43.576 Thread 0x0000013a69bb1a30 DEOPT PACKING pc=0x0000013a5a32f620 sp=0x000000124d8fa0b0
Event: 43.576 Thread 0x0000013a69bb1a30 DEOPT UNPACKING pc=0x0000013a5235d72e sp=0x000000124d8f9e18 mode 2
Event: 43.639 Thread 0x0000013a69bb14e0 Uncommon trap: trap_request=0xffffff45 fr.pc=0x0000013a5a127c70 relative=0x0000000000000e70
Event: 43.639 Thread 0x0000013a69bb14e0 Uncommon trap: reason=unstable_if action=reinterpret pc=0x0000013a5a127c70 method=java.util.zip.ZipFile$Source.getEntryPos(Ljava/lang/String;Z)I @ 118 c2
Event: 43.639 Thread 0x0000013a69bb14e0 DEOPT PACKING pc=0x0000013a5a127c70 sp=0x000000124d7f8e90
Event: 43.639 Thread 0x0000013a69bb14e0 DEOPT UNPACKING pc=0x0000013a5235d72e sp=0x000000124d7f8e50 mode 2

Classes unloaded (10 events):
Event: 14.171 Thread 0x0000013a6706c670 Unloading class 0x000000080140d388 '_BuildScript_$_run_closure2'
Event: 14.171 Thread 0x0000013a6706c670 Unloading class 0x000000080140cfa0 '_BuildScript_$_run_closure1$_closure6'
Event: 14.171 Thread 0x0000013a6706c670 Unloading class 0x000000080140cbb8 '_BuildScript_$_run_closure1$_closure5'
Event: 14.171 Thread 0x0000013a6706c670 Unloading class 0x000000080140c7d0 '_BuildScript_$_run_closure1$_closure4$_closure7'
Event: 14.171 Thread 0x0000013a6706c670 Unloading class 0x000000080140c3e8 '_BuildScript_$_run_closure1$_closure4'
Event: 14.171 Thread 0x0000013a6706c670 Unloading class 0x000000080140c000 '_BuildScript_$_run_closure1$_closure3'
Event: 14.171 Thread 0x0000013a6706c670 Unloading class 0x0000000801400400 '_BuildScript_$_run_closure1'
Event: 14.171 Thread 0x0000013a6706c670 Unloading class 0x0000000801400800 '_BuildScript_'
Event: 32.383 Thread 0x0000013a6706c670 Unloading class 0x0000000801744800 'java/lang/invoke/LambdaForm$DMH+0x0000000801744800'
Event: 32.383 Thread 0x0000013a6706c670 Unloading class 0x0000000801744000 'java/lang/invoke/LambdaForm$DMH+0x0000000801744000'

Classes redefined (0 events):
No events

Internal exceptions (20 events):
Event: 41.118 Thread 0x0000013a69bacfd0 Exception <a 'java/lang/NoSuchMethodError'{0x00000000aba87240}: static Lorg/gradle/internal/build/event/types/DefaultTaskStartedProgressEvent;.<clinit>()V> (0x00000000aba87240) 
thrown [t:\workspace\open\src\hotspot\share\prims\jni.cpp, line 1210]
Event: 41.119 Thread 0x0000013a69bacfd0 Exception <a 'java/lang/NoSuchMethodError'{0x00000000ab883068}: static Lorg/gradle/internal/build/event/types/DefaultTaskDescriptor;.<clinit>()V> (0x00000000ab883068) 
thrown [t:\workspace\open\src\hotspot\share\prims\jni.cpp, line 1210]
Event: 41.133 Thread 0x0000013a69bacfd0 Exception <a 'java/lang/NoSuchMethodError'{0x00000000ab88ccb0}: static Lorg/gradle/internal/build/event/types/DefaultTaskFinishedProgressEvent;.<clinit>()V> (0x00000000ab88ccb0) 
thrown [t:\workspace\open\src\hotspot\share\prims\jni.cpp, line 1210]
Event: 41.135 Thread 0x0000013a69bacfd0 Exception <a 'java/lang/NoSuchMethodError'{0x00000000ab89c118}: static Lorg/gradle/internal/build/event/types/DefaultTaskSuccessResult;.<clinit>()V> (0x00000000ab89c118) 
thrown [t:\workspace\open\src\hotspot\share\prims\jni.cpp, line 1210]
Event: 41.135 Thread 0x0000013a69bacfd0 Exception <a 'java/lang/NoSuchMethodError'{0x00000000ab89d440}: static Lorg/gradle/internal/build/event/types/AbstractTaskResult;.<clinit>()V> (0x00000000ab89d440) 
thrown [t:\workspace\open\src\hotspot\share\prims\jni.cpp, line 1210]
Event: 41.168 Thread 0x0000013a69bb2a20 Exception <a 'java/lang/NoSuchMethodError'{0x00000000ab7f6680}: static Lcom/android/ide/common/attribution/AndroidGradlePluginAttributionData$BuildInfo;.<clinit>()V> (0x00000000ab7f6680) 
thrown [t:\workspace\open\src\hotspot\share\prims\jni.cpp, line 1210]
Event: 41.172 Thread 0x0000013a69bb2a20 Exception <a 'java/lang/NoSuchMethodError'{0x00000000ab62c738}: static Lcom/android/ide/common/attribution/AndroidGradlePluginAttributionData$JavaInfo;.<clinit>()V> (0x00000000ab62c738) 
thrown [t:\workspace\open\src\hotspot\share\prims\jni.cpp, line 1210]
Event: 41.173 Thread 0x0000013a69bb2a20 Exception <a 'java/lang/NoSuchMethodError'{0x00000000ab645468}: static [Ljava/lang/String;.<clinit>()V> (0x00000000ab645468) 
thrown [t:\workspace\open\src\hotspot\share\prims\jni.cpp, line 1210]
Event: 41.212 Thread 0x0000013a69bacfd0 Exception <a 'java/lang/NoSuchMethodError'{0x00000000ab591ad8}: static Lorg/gradle/internal/build/event/types/DefaultTaskSkippedResult;.<clinit>()V> (0x00000000ab591ad8) 
thrown [t:\workspace\open\src\hotspot\share\prims\jni.cpp, line 1210]
Event: 43.134 Thread 0x0000013a68983af0 Exception <a 'java/lang/NoSuchMethodError'{0x00000000aaf63f60}: 'int java.lang.invoke.DirectMethodHandle$Holder.invokeSpecial(java.lang.Object, java.lang.Object, java.lang.Object, java.lang.Object, java.lang.Object)'> (0x00000000aaf63f60) 
thrown [t:\workspace\open\src\hotspot\share\interpreter\linkResolver.cpp, line 790]
Event: 43.333 Thread 0x0000013a68983af0 Exception <a 'java/lang/NoSuchMethodError'{0x00000000acb63cf0}: 'void java.lang.invoke.DirectMethodHandle$Holder.invokeStatic(java.lang.Object, java.lang.Object, java.lang.Object, java.lang.Object, java.lang.Object, java.lang.Object, java.lang.Object)'> (0x00000000acb63cf0) 
thrown [t:\workspace\open\src\hotspot\share\interpreter\linkResolver.cpp, line 790]
Event: 43.341 Thread 0x0000013a69bacfd0 Exception <a 'java/lang/NoSuchMethodError'{0x00000000aca31210}: static [Ljava/lang/Object;.<clinit>()V> (0x00000000aca31210) 
thrown [t:\workspace\open\src\hotspot\share\prims\jni.cpp, line 1210]
Event: 43.515 Thread 0x0000013a69bb14e0 Exception <a 'sun/nio/fs/WindowsException'{0x00000000ab6db7a8}> (0x00000000ab6db7a8) 
thrown [t:\workspace\open\src\hotspot\share\prims\jni.cpp, line 579]
Event: 43.515 Thread 0x0000013a69bb1a30 Exception <a 'sun/nio/fs/WindowsException'{0x00000000ab6c8be0}> (0x00000000ab6c8be0) 
thrown [t:\workspace\open\src\hotspot\share\prims\jni.cpp, line 579]
Event: 43.579 Thread 0x0000013a69bb3f60 Exception <a 'sun/nio/fs/WindowsException'{0x00000000a9e387d0}> (0x00000000a9e387d0) 
thrown [t:\workspace\open\src\hotspot\share\prims\jni.cpp, line 579]
Event: 43.614 Thread 0x0000013a69bb14e0 Exception <a 'java/lang/IncompatibleClassChangeError'{0x00000000a99ae138}: Found class java.lang.Object, but interface was expected> (0x00000000a99ae138) 
thrown [t:\workspace\open\src\hotspot\share\interpreter\linkResolver.cpp, line 857]
Event: 43.626 Thread 0x0000013a69bb1f80 Exception <a 'sun/nio/fs/WindowsException'{0x00000000a97f6c50}> (0x00000000a97f6c50) 
thrown [t:\workspace\open\src\hotspot\share\prims\jni.cpp, line 579]
Event: 43.634 Thread 0x0000013a69bb3f60 Exception <a 'java/lang/NoSuchMethodError'{0x00000000a967f3a8}: 'java.lang.Object java.lang.invoke.DirectMethodHandle$Holder.newInvokeSpecial(java.lang.Object, java.lang.Object, int, java.lang.Object, java.lang.Object)'> (0x00000000a967f3a8) 
thrown [t:\workspace\open\src\hotspot\share\interpreter\linkResolver.cpp, line 790]
Event: 43.635 Thread 0x0000013a69bb3f60 Exception <a 'java/lang/NoSuchMethodError'{0x00000000a9684390}: 'java.lang.Object java.lang.invoke.DirectMethodHandle$Holder.invokeSpecial(java.lang.Object, java.lang.Object, java.lang.Object, int, java.lang.Object, java.lang.Object)'> (0x00000000a9684390) 
thrown [t:\workspace\open\src\hotspot\share\interpreter\linkResolver.cpp, line 790]
Event: 43.655 Thread 0x0000013a69bb3f60 Exception <a 'java/lang/NoSuchMethodError'{0x00000000a95c42f8}: 'java.lang.Object java.lang.invoke.DirectMethodHandle$Holder.newInvokeSpecial(java.lang.Object, long)'> (0x00000000a95c42f8) 
thrown [t:\workspace\open\src\hotspot\share\interpreter\linkResolver.cpp, line 790]

Events (20 events):
Event: 43.582 Executing  VM operation: HandshakeAllThreads
Event: 43.583 Executing  VM operation: HandshakeAllThreads done
Event: 43.609 loading class java/lang/reflect/GenericSignatureFormatError
Event: 43.609 loading class java/lang/reflect/GenericSignatureFormatError done
Event: 43.691 Executing  VM operation: G1CollectForAllocation
Event: 43.706 Executing  VM operation: G1CollectForAllocation done
Event: 43.782 Executing  VM operation: HandshakeAllThreads
Event: 43.788 Executing  VM operation: HandshakeAllThreads done
Event: 43.792 Thread 0x0000013a67100210 flushing nmethod 0x0000013a529bd390
Event: 43.793 Thread 0x0000013a67100210 flushing nmethod 0x0000013a52af6810
Event: 43.798 Thread 0x0000013a67100210 flushing nmethod 0x0000013a53224590
Event: 43.799 Thread 0x0000013a67100210 flushing nmethod 0x0000013a5322e510
Event: 43.799 Thread 0x0000013a67100210 flushing nmethod 0x0000013a53257a90
Event: 43.799 Thread 0x0000013a67100210 flushing nmethod 0x0000013a53273390
Event: 43.799 Thread 0x0000013a67100210 flushing nmethod 0x0000013a53278090
Event: 43.799 Thread 0x0000013a67100210 flushing nmethod 0x0000013a5327b210
Event: 43.799 Thread 0x0000013a67100210 flushing nmethod 0x0000013a53358b90
Event: 43.800 Thread 0x0000013a67100210 flushing nmethod 0x0000013a533c5010
Event: 43.802 Thread 0x0000013a67100210 flushing nmethod 0x0000013a5365b790
Event: 43.802 Thread 0x0000013a67100210 flushing nmethod 0x0000013a5365f910


Dynamic libraries:
0x00007ff626020000 - 0x00007ff626030000 	C:\Program Files\Java\jdk-16.0.2\bin\java.exe
0x00007ffc73b50000 - 0x00007ffc73d45000 	C:\WINDOWS\SYSTEM32\ntdll.dll
0x00007ffc73250000 - 0x00007ffc7330d000 	C:\WINDOWS\System32\KERNEL32.DLL
0x00007ffc716b0000 - 0x00007ffc71979000 	C:\WINDOWS\System32\KERNELBASE.dll
0x00007ffc71340000 - 0x00007ffc71440000 	C:\WINDOWS\System32\ucrtbase.dll
0x00007ffc6bcf0000 - 0x00007ffc6bd09000 	C:\Program Files\Java\jdk-16.0.2\bin\VCRUNTIME140.dll
0x00007ffc6bd10000 - 0x00007ffc6bd28000 	C:\Program Files\Java\jdk-16.0.2\bin\jli.dll
0x00007ffc72fb0000 - 0x00007ffc7305c000 	C:\WINDOWS\System32\ADVAPI32.dll
0x00007ffc73060000 - 0x00007ffc730fe000 	C:\WINDOWS\System32\msvcrt.dll
0x00007ffc71d40000 - 0x00007ffc71ddb000 	C:\WINDOWS\System32\sechost.dll
0x00007ffc73100000 - 0x00007ffc7322a000 	C:\WINDOWS\System32\RPCRT4.dll
0x00007ffc73590000 - 0x00007ffc73730000 	C:\WINDOWS\System32\USER32.dll
0x00007ffc71280000 - 0x00007ffc712a2000 	C:\WINDOWS\System32\win32u.dll
0x00007ffc72e10000 - 0x00007ffc72e3a000 	C:\WINDOWS\System32\GDI32.dll
0x00007ffc71440000 - 0x00007ffc7154b000 	C:\WINDOWS\System32\gdi32full.dll
0x00007ffc71a80000 - 0x00007ffc71b1d000 	C:\WINDOWS\System32\msvcp_win.dll
0x00007ffc55730000 - 0x00007ffc559ca000 	C:\WINDOWS\WinSxS\amd64_microsoft.windows.common-controls_6595b64144ccf1df_6.0.19041.1110_none_60b5254171f9507e\COMCTL32.dll
0x00007ffc70060000 - 0x00007ffc7006a000 	C:\WINDOWS\SYSTEM32\VERSION.dll
0x00007ffc720a0000 - 0x00007ffc720d0000 	C:\WINDOWS\System32\IMM32.DLL
0x00007ffc6bbf0000 - 0x00007ffc6bbfc000 	C:\Program Files\Java\jdk-16.0.2\bin\vcruntime140_1.dll
0x00007ffc46b50000 - 0x00007ffc46be1000 	C:\Program Files\Java\jdk-16.0.2\bin\msvcp140.dll
0x00007ffc1fc80000 - 0x00007ffc2082b000 	C:\Program Files\Java\jdk-16.0.2\bin\server\jvm.dll
0x00007ffc73240000 - 0x00007ffc73248000 	C:\WINDOWS\System32\PSAPI.DLL
0x00007ffc48a80000 - 0x00007ffc48a89000 	C:\WINDOWS\SYSTEM32\WSOCK32.dll
0x00007ffc71f10000 - 0x00007ffc71f7b000 	C:\WINDOWS\System32\WS2_32.dll
0x00007ffc58810000 - 0x00007ffc58837000 	C:\WINDOWS\SYSTEM32\WINMM.dll
0x00007ffc6f450000 - 0x00007ffc6f462000 	C:\WINDOWS\SYSTEM32\kernel.appcore.dll
0x00007ffc6bbe0000 - 0x00007ffc6bbea000 	C:\Program Files\Java\jdk-16.0.2\bin\jimage.dll
0x00007ffc6bd50000 - 0x00007ffc6bf34000 	C:\WINDOWS\SYSTEM32\DBGHELP.DLL
0x00007ffc5db60000 - 0x00007ffc5db8c000 	C:\WINDOWS\SYSTEM32\dbgcore.DLL
0x00007ffc71b20000 - 0x00007ffc71ba3000 	C:\WINDOWS\System32\bcryptPrimitives.dll
0x00007ffc67460000 - 0x00007ffc67485000 	C:\Program Files\Java\jdk-16.0.2\bin\java.dll
0x00007ffc726d0000 - 0x00007ffc72e0f000 	C:\WINDOWS\System32\SHELL32.dll
0x00007ffc6f840000 - 0x00007ffc6ffd0000 	C:\WINDOWS\SYSTEM32\windows.storage.dll
0x00007ffc737b0000 - 0x00007ffc73b05000 	C:\WINDOWS\System32\combase.dll
0x00007ffc70c00000 - 0x00007ffc70c2c000 	C:\WINDOWS\SYSTEM32\Wldp.dll
0x00007ffc71f80000 - 0x00007ffc7202e000 	C:\WINDOWS\System32\SHCORE.dll
0x00007ffc721f0000 - 0x00007ffc72245000 	C:\WINDOWS\System32\shlwapi.dll
0x00007ffc711c0000 - 0x00007ffc711df000 	C:\WINDOWS\SYSTEM32\profapi.dll
0x00007ffc67440000 - 0x00007ffc67459000 	C:\Program Files\Java\jdk-16.0.2\bin\net.dll
0x00007ffc5ee40000 - 0x00007ffc5ef48000 	C:\WINDOWS\SYSTEM32\WINHTTP.dll
0x00007ffc70970000 - 0x00007ffc709da000 	C:\WINDOWS\system32\mswsock.dll
0x00007ffc66e60000 - 0x00007ffc66e73000 	C:\Program Files\Java\jdk-16.0.2\bin\nio.dll
0x00007ffc66d70000 - 0x00007ffc66d88000 	C:\Program Files\Java\jdk-16.0.2\bin\zip.dll
0x00007ffc68fd0000 - 0x00007ffc68fe0000 	C:\Program Files\Java\jdk-16.0.2\bin\verify.dll
0x00007ffc3bdb0000 - 0x00007ffc3bdd7000 	C:\Users\halag\Documents\cs\year_project\Server_location_app\.gradle\native\8bec1ad78214c89d9ad589b4d07fe93259594b29d510b10fafb7a158f7737e5d\windows-amd64\native-platform.dll
0x00007ffc2e660000 - 0x00007ffc2e79d000 	C:\Users\halag\Documents\cs\year_project\Server_location_app\.gradle\native\53dbd7edfb1c66fb8903c78663c9afc45aea4f116125fa6feffd364cf09443e8\windows-amd64\native-platform-file-events.dll
0x00007ffc67790000 - 0x00007ffc67799000 	C:\Program Files\Java\jdk-16.0.2\bin\management.dll
0x00007ffc67700000 - 0x00007ffc6770b000 	C:\Program Files\Java\jdk-16.0.2\bin\management_ext.dll
0x00007ffc70b60000 - 0x00007ffc70b78000 	C:\WINDOWS\SYSTEM32\CRYPTSP.dll
0x00007ffc702f0000 - 0x00007ffc70324000 	C:\WINDOWS\system32\rsaenh.dll
0x00007ffc71310000 - 0x00007ffc71337000 	C:\WINDOWS\System32\bcrypt.dll
0x00007ffc71180000 - 0x00007ffc711ae000 	C:\WINDOWS\SYSTEM32\USERENV.dll
0x00007ffc70fe0000 - 0x00007ffc70fec000 	C:\WINDOWS\SYSTEM32\CRYPTBASE.dll
0x00007ffc70660000 - 0x00007ffc7069b000 	C:\WINDOWS\SYSTEM32\IPHLPAPI.DLL
0x00007ffc72090000 - 0x00007ffc72098000 	C:\WINDOWS\System32\NSI.dll
0x00007ffc6b8d0000 - 0x00007ffc6b8e7000 	C:\WINDOWS\SYSTEM32\dhcpcsvc6.DLL
0x00007ffc6b8b0000 - 0x00007ffc6b8cd000 	C:\WINDOWS\SYSTEM32\dhcpcsvc.DLL
0x00007ffc706a0000 - 0x00007ffc7076c000 	C:\WINDOWS\SYSTEM32\DNSAPI.dll
0x00007ffc67430000 - 0x00007ffc6743e000 	C:\Program Files\Java\jdk-16.0.2\bin\sunmscapi.dll
0x00007ffc71550000 - 0x00007ffc716af000 	C:\WINDOWS\System32\CRYPT32.dll
0x00007ffc70c70000 - 0x00007ffc70c97000 	C:\WINDOWS\SYSTEM32\ncrypt.dll
0x00007ffc70c30000 - 0x00007ffc70c6b000 	C:\WINDOWS\SYSTEM32\NTASN1.dll
0x00007ffc67400000 - 0x00007ffc67407000 	C:\WINDOWS\system32\wshunix.dll

dbghelp: loaded successfully - version: 4.0.5 - missing functions: none
symbol engine: initialized successfully - sym options: 0x614 - pdb path: .;C:\Program Files\Java\jdk-16.0.2\bin;C:\WINDOWS\SYSTEM32;C:\WINDOWS\WinSxS\amd64_microsoft.windows.common-controls_6595b64144ccf1df_6.0.19041.1110_none_60b5254171f9507e;C:\Program Files\Java\jdk-16.0.2\bin\server;C:\Users\halag\Documents\cs\year_project\Server_location_app\.gradle\native\8bec1ad78214c89d9ad589b4d07fe93259594b29d510b10fafb7a158f7737e5d\windows-amd64;C:\Users\halag\Documents\cs\year_project\Server_location_app\.gradle\native\53dbd7edfb1c66fb8903c78663c9afc45aea4f116125fa6feffd364cf09443e8\windows-amd64

VM Arguments:
jvm_args: --add-opens=java.base/java.util=ALL-UNNAMED --add-opens=java.base/java.lang=ALL-UNNAMED --add-opens=java.base/java.lang.invoke=ALL-UNNAMED --add-opens=java.base/java.util=ALL-UNNAMED --add-opens=java.prefs/java.util.prefs=ALL-UNNAMED --add-opens=java.prefs/java.util.prefs=ALL-UNNAMED --add-opens=java.base/java.nio.charset=ALL-UNNAMED --add-opens=java.base/java.net=ALL-UNNAMED --add-opens=java.base/java.util.concurrent.atomic=ALL-UNNAMED -Xmx1536M -Dfile.encoding=UTF-8 -Duser.country=GB -Duser.language=en -Duser.variant 
java_command: org.gradle.launcher.daemon.bootstrap.GradleDaemon 7.0.2
java_class_path (initial): C:\Users\halag\Documents\cs\year_project\Server_location_app\.gradle\wrapper\dists\gradle-7.0.2-bin\857tjihv64xamwrf0h14cai3r\gradle-7.0.2\lib\gradle-launcher-7.0.2.jar
Launcher Type: SUN_STANDARD

[Global flags]
     intx CICompilerCount                          = 3                                         {product} {ergonomic}
     uint ConcGCThreads                            = 1                                         {product} {ergonomic}
     uint G1ConcRefinementThreads                  = 4                                         {product} {ergonomic}
   size_t G1HeapRegionSize                         = 1048576                                   {product} {ergonomic}
    uintx GCDrainStackTargetSize                   = 64                                        {product} {ergonomic}
   size_t InitialHeapSize                          = 134217728                                 {product} {ergonomic}
   size_t MarkStackSize                            = 4194304                                   {product} {ergonomic}
   size_t MaxHeapSize                              = 1610612736                                {product} {command line}
   size_t MaxNewSize                               = 965738496                                 {product} {ergonomic}
   size_t MinHeapDeltaBytes                        = 1048576                                   {product} {ergonomic}
   size_t MinHeapSize                              = 8388608                                   {product} {ergonomic}
    uintx NonNMethodCodeHeapSize                   = 5832780                                {pd product} {ergonomic}
    uintx NonProfiledCodeHeapSize                  = 122912730                              {pd product} {ergonomic}
    uintx ProfiledCodeHeapSize                     = 122912730                              {pd product} {ergonomic}
    uintx ReservedCodeCacheSize                    = 251658240                              {pd product} {ergonomic}
     bool SegmentedCodeCache                       = true                                      {product} {ergonomic}
   size_t SoftMaxHeapSize                          = 1610612736                             {manageable} {ergonomic}
     bool UseCompressedClassPointers               = true                           {product lp64_product} {ergonomic}
     bool UseCompressedOops                        = true                           {product lp64_product} {ergonomic}
     bool UseG1GC                                  = true                                      {product} {ergonomic}
     bool UseLargePagesIndividualAllocation        = false                                  {pd product} {ergonomic}

Logging:
Log output configuration:
 #0: stdout all=warning uptime,level,tags
 #1: stderr all=off uptime,level,tags

Environment Variables:
JAVA_HOME=C:\Program Files\Java\jdk-16.0.2
PATH=C:\Program Files\Common Files\Oracle\Java\javapath;C:\Program Files (x86)\Common Files\Oracle\Java\javapath;C:\WINDOWS\system32;C:\WINDOWS;C:\WINDOWS\System32\Wbem;C:\WINDOWS\System32\WindowsPowerShell\v1.0\;C:\WINDOWS\System32\OpenSSH\;C:\Program Files\Intel\WiFi\bin\;C:\Program Files\Common Files\Intel\WirelessCommon\;C:\Program Files\MATLAB\R2019b\bin;C:\Git\cmd;C:\MinGW\bin;C:\Users\halag\Documents\cs\python\PyCharm Community Edition 2020.3.4;C:\Users\halag\AppData\Roaming\Microsoft\Windows\Start Menu\Programs\Python 3.9;C:\Users\halag\AppData\Local\Programs\Python\Python39;C:\Program Files (x86)\Intel\Intel(R) Management Engine Components\DAL;C:\Program Files\Intel\Intel(R) Management Engine Components\DAL;C:\Program Files\Java\jdk-16.0.2\bin;C:\Users\halag\AppData\Local\Microsoft\WindowsApps;C:\Program Files (x86)\Dr. Memory\bin\;C:\Program Files\Intel\WiFi\bin\;C:\Program Files\Common Files\Intel\WirelessCommon\;C:\Program Files\Java\jdk-10.0.2\bin;C:\Users\halag\AppData\Local\GitHubDesktop\bin;C:\Users\halag\Documents\cs\winter2020\machine_learning\PyCharm Community Edition 2020.3\bin;;C:\Users\halag\AppData\Local\Android\Sdk\platform-tools;
USERNAME=halag
OS=Windows_NT
PROCESSOR_IDENTIFIER=Intel64 Family 6 Model 142 Stepping 9, GenuineIntel



---------------  S Y S T E M  ---------------

OS:
 Windows 10 , 64 bit Build 19041 (10.0.19041.1151)
OS uptime: 2 days 1:18 hours

CPU: total 4 (initial active 4) (2 cores per cpu, 2 threads per core) family 6 model 142 stepping 9 microcode 0xde, cx8, cmov, fxsr, ht, mmx, 3dnowpref, sse, sse2, sse3, ssse3, sse4.1, sse4.2, popcnt, lzcnt, tsc, tscinvbit, avx, avx2, aes, erms, clmul, bmi1, bmi2, adx, fma, vzeroupper, clflush, clflushopt

Memory: 4k page, system-wide physical 8089M (1263M free)
TotalPageFile size 9329M (AvailPageFile size 6M)
current process WorkingSet (physical memory assigned to process): 502M, peak: 502M
current process commit charge ("private bytes"): 563M, peak: 564M

vm_info: Java HotSpot(TM) 64-Bit Server VM (16.0.2+7-67) for windows-amd64 JRE (16.0.2+7-67), built on Jun  8 2021 23:24:19 by "mach5one" with MS VC++ 16.7 (VS2019)

END.
