#
# There is insufficient memory for the Java Runtime Environment to continue.
# Native memory allocation (malloc) failed to allocate 1635408 bytes for Chunk::new
# Possible reasons:
#   The system is out of physical RAM or swap space
#   The process is running with CompressedOops enabled, and the Java Heap may be blocking the growth of the native heap
# Possible solutions:
#   Reduce memory load on the system
#   Increase physical memory or swap space
#   Check if swap backing store is full
#   Decrease Java heap size (-Xmx/-Xms)
#   Decrease number of Java threads
#   Decrease Java thread stack sizes (-Xss)
#   Set larger code cache with -XX:ReservedCodeCacheSize=
#   JVM is running with Unscaled Compressed Oops mode in which the Java heap is
#     placed in the first 4GB address space. The Java Heap base address is the
#     maximum limit for the native heap growth. Please use -XX:HeapBaseMinAddress
#     to set the Java Heap base and to place the Java Heap above 4GB virtual address.
# This output file may be truncated or incomplete.
#
#  Out of Memory Error (arena.cpp:195), pid=5136, tid=9048
#
# JRE version: Java(TM) SE Runtime Environment (16.0.2+7) (build 16.0.2+7-67)
# Java VM: Java HotSpot(TM) 64-Bit Server VM (16.0.2+7-67, mixed mode, sharing, tiered, compressed oops, compressed class ptrs, g1 gc, windows-amd64)
# No core dump will be written. Minidumps are not enabled by default on client versions of Windows
#

---------------  S U M M A R Y ------------

Command Line: --add-opens=java.base/java.util=ALL-UNNAMED --add-opens=java.base/java.lang=ALL-UNNAMED --add-opens=java.base/java.lang.invoke=ALL-UNNAMED --add-opens=java.base/java.util=ALL-UNNAMED --add-opens=java.prefs/java.util.prefs=ALL-UNNAMED --add-opens=java.prefs/java.util.prefs=ALL-UNNAMED --add-opens=java.base/java.nio.charset=ALL-UNNAMED --add-opens=java.base/java.net=ALL-UNNAMED --add-opens=java.base/java.util.concurrent.atomic=ALL-UNNAMED -Xmx1536M -Dfile.encoding=UTF-8 -Duser.country=GB -Duser.language=en -Duser.variant org.gradle.launcher.daemon.bootstrap.GradleDaemon 7.0.2

Host: Intel(R) Core(TM) i5-7200U CPU @ 2.50GHz, 4 cores, 7G,  Windows 10 , 64 bit Build 19041 (10.0.19041.1151)
Time: Mon Sep 13 21:59:33 2021 Jerusalem Summer Time elapsed time: 9.180604 seconds (0d 0h 0m 9s)

---------------  T H R E A D  ---------------

Current thread (0x000001b98616e9e0):  JavaThread "C2 CompilerThread1" daemon [_thread_in_native, id=9048, stack(0x0000007227a00000,0x0000007227b00000)]


Current CompileTask:
C2:   9180 5296       4       org.codehaus.groovy.runtime.metaclass.MetaMethodIndex::addMethodToList (131 bytes)

Stack: [0x0000007227a00000,0x0000007227b00000]
Native frames: (J=compiled Java code, j=interpreted, Vv=VM code, C=native code)
V  [jvm.dll+0x6681ca]
V  [jvm.dll+0x7c9e69]
V  [jvm.dll+0x7cb61e]
V  [jvm.dll+0x7cbc73]
V  [jvm.dll+0x242c55]
V  [jvm.dll+0xadeba]
V  [jvm.dll+0xae45c]
V  [jvm.dll+0x35a8d7]
V  [jvm.dll+0x324de1]
V  [jvm.dll+0x32428a]
V  [jvm.dll+0x215cec]
V  [jvm.dll+0x215100]
V  [jvm.dll+0x1a1beb]
V  [jvm.dll+0x225158]
V  [jvm.dll+0x22319c]
V  [jvm.dll+0x77fa62]
V  [jvm.dll+0x7795aa]
V  [jvm.dll+0x667066]
C  [ucrtbase.dll+0x21bb2]
C  [KERNEL32.DLL+0x17034]
C  [ntdll.dll+0x52651]


---------------  P R O C E S S  ---------------

Threads class SMR info:
_java_thread_list=0x000001b98796cbe0, length=38, elements={
0x000001b9e496fed0, 0x000001b9ff5a0e90, 0x000001b9ff5a19a0, 0x000001b9ff5b1ca0,
0x000001b9ff5b26b0, 0x000001b9ff5b4fd0, 0x000001b9ff5be900, 0x000001b9ff5ca6a0,
0x000001b9ff5ce0c0, 0x000001b9ff5d8e00, 0x000001b9841ade70, 0x000001b9841ae390,
0x000001b98668ad60, 0x000001b98668b2b0, 0x000001b98668b800, 0x000001b98668bd50,
0x000001b98668a810, 0x000001b9865bcf30, 0x000001b9865bd480, 0x000001b9865c1990,
0x000001b9865bd9d0, 0x000001b9865bdf20, 0x000001b9865c0450, 0x000001b9865bc490,
0x000001b9865bb9f0, 0x000001b98616e9e0, 0x000001b9865be470, 0x000001b9865bbf40,
0x000001b9865bc9e0, 0x000001b9865c2430, 0x000001b9865c1ee0, 0x000001b9865baf50,
0x000001b9865bf9b0, 0x000001b9865bff00, 0x000001b9865baa00, 0x000001b9865bb4a0,
0x000001b9865c09a0, 0x000001b9865be9c0
}

Java Threads: ( => current thread )
  0x000001b9e496fed0 JavaThread "main" [_thread_blocked, id=18320, stack(0x0000007225700000,0x0000007225800000)]
  0x000001b9ff5a0e90 JavaThread "Reference Handler" daemon [_thread_blocked, id=4828, stack(0x0000007225e00000,0x0000007225f00000)]
  0x000001b9ff5a19a0 JavaThread "Finalizer" daemon [_thread_blocked, id=18600, stack(0x0000007225f00000,0x0000007226000000)]
  0x000001b9ff5b1ca0 JavaThread "Signal Dispatcher" daemon [_thread_blocked, id=9148, stack(0x0000007226000000,0x0000007226100000)]
  0x000001b9ff5b26b0 JavaThread "Attach Listener" daemon [_thread_blocked, id=4160, stack(0x0000007226100000,0x0000007226200000)]
  0x000001b9ff5b4fd0 JavaThread "Service Thread" daemon [_thread_blocked, id=748, stack(0x0000007226200000,0x0000007226300000)]
  0x000001b9ff5be900 JavaThread "Monitor Deflation Thread" daemon [_thread_blocked, id=6532, stack(0x0000007226300000,0x0000007226400000)]
  0x000001b9ff5ca6a0 JavaThread "C2 CompilerThread0" daemon [_thread_in_native, id=14712, stack(0x0000007226400000,0x0000007226500000)]
  0x000001b9ff5ce0c0 JavaThread "C1 CompilerThread0" daemon [_thread_blocked, id=17040, stack(0x0000007226500000,0x0000007226600000)]
  0x000001b9ff5d8e00 JavaThread "Sweeper thread" daemon [_thread_blocked, id=208, stack(0x0000007226600000,0x0000007226700000)]
  0x000001b9841ade70 JavaThread "Common-Cleaner" daemon [_thread_blocked, id=15932, stack(0x0000007226700000,0x0000007226800000)]
  0x000001b9841ae390 JavaThread "Notification Thread" daemon [_thread_blocked, id=18808, stack(0x0000007226800000,0x0000007226900000)]
  0x000001b98668ad60 JavaThread "Daemon health stats" [_thread_blocked, id=17608, stack(0x0000007226e00000,0x0000007226f00000)]
  0x000001b98668b2b0 JavaThread "Incoming local TCP Connector on port 65117" [_thread_in_native, id=17596, stack(0x0000007226f00000,0x0000007227000000)]
  0x000001b98668b800 JavaThread "Daemon periodic checks" [_thread_blocked, id=19356, stack(0x0000007227000000,0x0000007227100000)]
  0x000001b98668bd50 JavaThread "Daemon" [_thread_blocked, id=1288, stack(0x0000007227100000,0x0000007227200000)]
  0x000001b98668a810 JavaThread "Handler for socket connection from /127.0.0.1:65117 to /127.0.0.1:65118" [_thread_in_native, id=9164, stack(0x0000007227200000,0x0000007227300000)]
  0x000001b9865bcf30 JavaThread "Cancel handler" [_thread_blocked, id=18352, stack(0x0000007227300000,0x0000007227400000)]
  0x000001b9865bd480 JavaThread "Daemon worker" [_thread_in_vm, id=10852, stack(0x0000007227400000,0x0000007227500000)]
  0x000001b9865c1990 JavaThread "Asynchronous log dispatcher for DefaultDaemonConnection: socket connection from /127.0.0.1:65117 to /127.0.0.1:65118" [_thread_blocked, id=15300, stack(0x0000007227500000,0x0000007227600000)]
  0x000001b9865bd9d0 JavaThread "Stdin handler" [_thread_blocked, id=11092, stack(0x0000007227600000,0x0000007227700000)]
  0x000001b9865bdf20 JavaThread "Daemon client event forwarder" [_thread_blocked, id=17048, stack(0x0000007227700000,0x0000007227800000)]
  0x000001b9865c0450 JavaThread "Cache worker for file hash cache (C:\Users\halag\Documents\cs\year_project\Server_location_app\.gradle\caches\7.0.2\fileHashes)" [_thread_blocked, id=6692, stack(0x0000007226a00000,0x0000007226b00000)]
  0x000001b9865bc490 JavaThread "File lock request listener" [_thread_in_native, id=12932, stack(0x0000007227800000,0x0000007227900000)]
  0x000001b9865bb9f0 JavaThread "Cache worker for journal cache (C:\Users\halag\Documents\cs\year_project\Server_location_app\.gradle\caches\journal-1)" [_thread_blocked, id=16868, stack(0x0000007227900000,0x0000007227a00000)]
=>0x000001b98616e9e0 JavaThread "C2 CompilerThread1" daemon [_thread_in_native, id=9048, stack(0x0000007227a00000,0x0000007227b00000)]
  0x000001b9865be470 JavaThread "Cache worker for file hash cache (C:\Users\halag\Documents\cs\year_project\test_app2\.gradle\7.0.2\fileHashes)" [_thread_blocked, id=10036, stack(0x0000007227b00000,0x0000007227c00000)]
  0x000001b9865bbf40 JavaThread "File watcher server" daemon [_thread_in_native, id=13324, stack(0x0000007227c00000,0x0000007227d00000)]
  0x000001b9865bc9e0 JavaThread "File watcher consumer" daemon [_thread_blocked, id=5008, stack(0x0000007227d00000,0x0000007227e00000)]
  0x000001b9865c2430 JavaThread "jar transforms" [_thread_blocked, id=12744, stack(0x0000007227e00000,0x0000007227f00000)]
  0x000001b9865c1ee0 JavaThread "jar transforms Thread 2" [_thread_blocked, id=18960, stack(0x0000007227f00000,0x0000007228000000)]
  0x000001b9865baf50 JavaThread "jar transforms Thread 3" [_thread_blocked, id=5492, stack(0x0000007228000000,0x0000007228100000)]
  0x000001b9865bf9b0 JavaThread "jar transforms Thread 4" [_thread_blocked, id=11844, stack(0x0000007228100000,0x0000007228200000)]
  0x000001b9865bff00 JavaThread "Cache worker for checksums cache (C:\Users\halag\Documents\cs\year_project\test_app2\.gradle\checksums)" [_thread_blocked, id=11496, stack(0x0000007228200000,0x0000007228300000)]
  0x000001b9865baa00 JavaThread "Cache worker for cache directory md-supplier (C:\Users\halag\Documents\cs\year_project\Server_location_app\.gradle\caches\7.0.2\md-supplier)" [_thread_blocked, id=17780, stack(0x0000007228300000,0x0000007228400000)]
  0x000001b9865bb4a0 JavaThread "Cache worker for cache directory md-rule (C:\Users\halag\Documents\cs\year_project\Server_location_app\.gradle\caches\7.0.2\md-rule)" [_thread_blocked, id=4244, stack(0x0000007228400000,0x0000007228500000)]
  0x000001b9865c09a0 JavaThread "Cache worker for execution history cache (C:\Users\halag\Documents\cs\year_project\Server_location_app\.gradle\caches\7.0.2\executionHistory)" [_thread_blocked, id=18548, stack(0x0000007228600000,0x0000007228700000)]
  0x000001b9865be9c0 JavaThread "Cache worker for file content cache (C:\Users\halag\Documents\cs\year_project\Server_location_app\.gradle\caches\7.0.2\fileContent)" [_thread_blocked, id=10340, stack(0x0000007228700000,0x0000007228800000)]

Other Threads:
  0x000001b9ff599470 VMThread "VM Thread" [stack: 0x0000007225d00000,0x0000007225e00000] [id=7588]
  0x000001b9841ae8b0 WatcherThread [stack: 0x0000007226900000,0x0000007226a00000] [id=13096]
  0x000001b9e49a5990 GCTaskThread "GC Thread#0" [stack: 0x0000007225800000,0x0000007225900000] [id=12928]
  0x000001b9847ce1c0 GCTaskThread "GC Thread#1" [stack: 0x0000007226b00000,0x0000007226c00000] [id=18208]
  0x000001b9849154f0 GCTaskThread "GC Thread#2" [stack: 0x0000007226c00000,0x0000007226d00000] [id=4648]
  0x000001b9843ed0e0 GCTaskThread "GC Thread#3" [stack: 0x0000007226d00000,0x0000007226e00000] [id=12312]
  0x000001b9e49b4f40 ConcurrentGCThread "G1 Main Marker" [stack: 0x0000007225900000,0x0000007225a00000] [id=3452]
  0x000001b9e49b5760 ConcurrentGCThread "G1 Conc#0" [stack: 0x0000007225a00000,0x0000007225b00000] [id=17800]
  0x000001b9e4a30fe0 ConcurrentGCThread "G1 Refine#0" [stack: 0x0000007225b00000,0x0000007225c00000] [id=15428]
  0x000001b98721a190 ConcurrentGCThread "G1 Refine#1" [stack: 0x0000007228500000,0x0000007228600000] [id=3300]
  0x000001b98799a460 ConcurrentGCThread "G1 Refine#2" [stack: 0x0000007228800000,0x0000007228900000] [id=2180]
  0x000001b9e4a31810 ConcurrentGCThread "G1 Service" [stack: 0x0000007225c00000,0x0000007225d00000] [id=19176]

Threads with active compile tasks:
C2 CompilerThread0     9229 5324       4       java.util.TimSort::binarySort (223 bytes)
C2 CompilerThread1     9229 5296       4       org.codehaus.groovy.runtime.metaclass.MetaMethodIndex::addMethodToList (131 bytes)

VM state: not at safepoint (normal execution)

VM Mutex/Monitor currently owned by a thread: None

Heap address: 0x00000000a0000000, size: 1536 MB, Compressed Oops mode: 32-bit

CDS archive(s) mapped at: [0x0000000800000000-0x0000000800bb0000-0x0000000800bb0000), size 12255232, SharedBaseAddress: 0x0000000800000000, ArchiveRelocationMode: 0.
Compressed class space mapped at: 0x0000000800c00000-0x0000000840c00000, reserved size: 1073741824
Narrow klass base: 0x0000000800000000, Narrow klass shift: 3, Narrow klass range: 0x100000000

GC Precious Log:
 CPUs: 4 total, 4 available
 Memory: 8089M
 Large Page Support: Disabled
 NUMA Support: Disabled
 Compressed Oops: Enabled (32-bit)
 Heap Region Size: 1M
 Heap Min Capacity: 8M
 Heap Initial Capacity: 128M
 Heap Max Capacity: 1536M
 Pre-touch: Disabled
 Parallel Workers: 4
 Concurrent Workers: 1
 Concurrent Refinement Workers: 4
 Periodic GC: Disabled

Heap:
 garbage-first heap   total 116736K, used 76249K [0x00000000a0000000, 0x0000000100000000)
  region size 1024K, 27 young (27648K), 6 survivors (6144K)
 Metaspace       used 39672K, committed 40192K, reserved 1089536K
  class space    used 5403K, committed 5632K, reserved 1048576K

Heap Regions: E=young(eden), S=young(survivor), O=old, HS=humongous(starts), HC=humongous(continues), CS=collection set, F=free, OA=open archive, CA=closed archive, TAMS=top-at-mark-start (previous, next)
|   0|0x00000000a0000000, 0x00000000a0100000, 0x00000000a0100000|100%|HS|  |TAMS 0x00000000a0100000, 0x00000000a0000000| Complete 
|   1|0x00000000a0100000, 0x00000000a0200000, 0x00000000a0200000|100%|HC|  |TAMS 0x00000000a0200000, 0x00000000a0100000| Complete 
|   2|0x00000000a0200000, 0x00000000a0300000, 0x00000000a0300000|100%|HC|  |TAMS 0x00000000a0300000, 0x00000000a0200000| Complete 
|   3|0x00000000a0300000, 0x00000000a0400000, 0x00000000a0400000|100%| O|  |TAMS 0x00000000a0400000, 0x00000000a0300000| Untracked 
|   4|0x00000000a0400000, 0x00000000a0500000, 0x00000000a0500000|100%| O|  |TAMS 0x00000000a0500000, 0x00000000a0400000| Untracked 
|   5|0x00000000a0500000, 0x00000000a0600000, 0x00000000a0600000|100%| O|  |TAMS 0x00000000a0600000, 0x00000000a0500000| Untracked 
|   6|0x00000000a0600000, 0x00000000a0700000, 0x00000000a0700000|100%| O|  |TAMS 0x00000000a0700000, 0x00000000a0600000| Untracked 
|   7|0x00000000a0700000, 0x00000000a0800000, 0x00000000a0800000|100%| O|  |TAMS 0x00000000a0800000, 0x00000000a0700000| Untracked 
|   8|0x00000000a0800000, 0x00000000a0900000, 0x00000000a0900000|100%| O|  |TAMS 0x00000000a0900000, 0x00000000a0800000| Untracked 
|   9|0x00000000a0900000, 0x00000000a0a00000, 0x00000000a0a00000|100%| O|  |TAMS 0x00000000a0a00000, 0x00000000a0900000| Untracked 
|  10|0x00000000a0a00000, 0x00000000a0b00000, 0x00000000a0b00000|100%|HS|  |TAMS 0x00000000a0b00000, 0x00000000a0a00000| Complete 
|  11|0x00000000a0b00000, 0x00000000a0c00000, 0x00000000a0c00000|100%|HC|  |TAMS 0x00000000a0c00000, 0x00000000a0b00000| Complete 
|  12|0x00000000a0c00000, 0x00000000a0d00000, 0x00000000a0d00000|100%|HS|  |TAMS 0x00000000a0d00000, 0x00000000a0c00000| Complete 
|  13|0x00000000a0d00000, 0x00000000a0e00000, 0x00000000a0e00000|100%|HC|  |TAMS 0x00000000a0e00000, 0x00000000a0d00000| Complete 
|  14|0x00000000a0e00000, 0x00000000a0f00000, 0x00000000a0f00000|100%|HC|  |TAMS 0x00000000a0f00000, 0x00000000a0e00000| Complete 
|  15|0x00000000a0f00000, 0x00000000a1000000, 0x00000000a1000000|100%|HS|  |TAMS 0x00000000a1000000, 0x00000000a0f00000| Complete 
|  16|0x00000000a1000000, 0x00000000a1100000, 0x00000000a1100000|100%|HC|  |TAMS 0x00000000a1100000, 0x00000000a1000000| Complete 
|  17|0x00000000a1100000, 0x00000000a1200000, 0x00000000a1200000|100%|HC|  |TAMS 0x00000000a1200000, 0x00000000a1100000| Complete 
|  18|0x00000000a1200000, 0x00000000a1300000, 0x00000000a1300000|100%|HC|  |TAMS 0x00000000a1300000, 0x00000000a1200000| Complete 
|  19|0x00000000a1300000, 0x00000000a1400000, 0x00000000a1400000|100%|HC|  |TAMS 0x00000000a1400000, 0x00000000a1300000| Complete 
|  20|0x00000000a1400000, 0x00000000a1500000, 0x00000000a1500000|100%| O|  |TAMS 0x00000000a1500000, 0x00000000a1400000| Untracked 
|  21|0x00000000a1500000, 0x00000000a1600000, 0x00000000a1600000|100%| O|  |TAMS 0x00000000a1600000, 0x00000000a1500000| Untracked 
|  22|0x00000000a1600000, 0x00000000a1700000, 0x00000000a1700000|100%| O|  |TAMS 0x00000000a1700000, 0x00000000a1600000| Untracked 
|  23|0x00000000a1700000, 0x00000000a1800000, 0x00000000a1800000|100%| O|  |TAMS 0x00000000a1800000, 0x00000000a1700000| Untracked 
|  24|0x00000000a1800000, 0x00000000a1900000, 0x00000000a1900000|100%| O|  |TAMS 0x00000000a1900000, 0x00000000a1800000| Untracked 
|  25|0x00000000a1900000, 0x00000000a1a00000, 0x00000000a1a00000|100%| O|  |TAMS 0x00000000a1a00000, 0x00000000a1900000| Untracked 
|  26|0x00000000a1a00000, 0x00000000a1b00000, 0x00000000a1b00000|100%| O|  |TAMS 0x00000000a1b00000, 0x00000000a1a00000| Untracked 
|  27|0x00000000a1b00000, 0x00000000a1bf6800, 0x00000000a1c00000| 96%| O|  |TAMS 0x00000000a1bf6800, 0x00000000a1b00000| Untracked 
|  28|0x00000000a1c00000, 0x00000000a1d00000, 0x00000000a1d00000|100%| O|  |TAMS 0x00000000a1c00000, 0x00000000a1c00000| Untracked 
|  29|0x00000000a1d00000, 0x00000000a1e00000, 0x00000000a1e00000|100%| O|  |TAMS 0x00000000a1d00000, 0x00000000a1d00000| Untracked 
|  30|0x00000000a1e00000, 0x00000000a1f00000, 0x00000000a1f00000|100%| O|  |TAMS 0x00000000a1e00000, 0x00000000a1e00000| Untracked 
|  31|0x00000000a1f00000, 0x00000000a2000000, 0x00000000a2000000|100%| O|  |TAMS 0x00000000a2000000, 0x00000000a1f00000| Untracked 
|  32|0x00000000a2000000, 0x00000000a2100000, 0x00000000a2100000|100%| O|  |TAMS 0x00000000a2074e00, 0x00000000a2000000| Untracked 
|  33|0x00000000a2100000, 0x00000000a2200000, 0x00000000a2200000|100%|HS|  |TAMS 0x00000000a2200000, 0x00000000a2100000| Complete 
|  34|0x00000000a2200000, 0x00000000a2300000, 0x00000000a2300000|100%|HC|  |TAMS 0x00000000a2300000, 0x00000000a2200000| Complete 
|  35|0x00000000a2300000, 0x00000000a2400000, 0x00000000a2400000|100%|HC|  |TAMS 0x00000000a2400000, 0x00000000a2300000| Complete 
|  36|0x00000000a2400000, 0x00000000a2500000, 0x00000000a2500000|100%|HC|  |TAMS 0x00000000a2500000, 0x00000000a2400000| Complete 
|  37|0x00000000a2500000, 0x00000000a2600000, 0x00000000a2600000|100%|HC|  |TAMS 0x00000000a2600000, 0x00000000a2500000| Complete 
|  38|0x00000000a2600000, 0x00000000a2700000, 0x00000000a2700000|100%| O|  |TAMS 0x00000000a2600000, 0x00000000a2600000| Untracked 
|  39|0x00000000a2700000, 0x00000000a2800000, 0x00000000a2800000|100%| O|  |TAMS 0x00000000a2700000, 0x00000000a2700000| Untracked 
|  40|0x00000000a2800000, 0x00000000a285a400, 0x00000000a2900000| 35%| O|  |TAMS 0x00000000a2800000, 0x00000000a2800000| Untracked 
|  41|0x00000000a2900000, 0x00000000a2a00000, 0x00000000a2a00000|100%|HS|  |TAMS 0x00000000a2900000, 0x00000000a2900000| Complete 
|  42|0x00000000a2a00000, 0x00000000a2b00000, 0x00000000a2b00000|100%|HC|  |TAMS 0x00000000a2a00000, 0x00000000a2a00000| Complete 
|  43|0x00000000a2b00000, 0x00000000a2c00000, 0x00000000a2c00000|100%|HC|  |TAMS 0x00000000a2b00000, 0x00000000a2b00000| Complete 
|  44|0x00000000a2c00000, 0x00000000a2c00000, 0x00000000a2d00000|  0%| F|  |TAMS 0x00000000a2c00000, 0x00000000a2c00000| Untracked 
|  45|0x00000000a2d00000, 0x00000000a2d00000, 0x00000000a2e00000|  0%| F|  |TAMS 0x00000000a2d00000, 0x00000000a2d00000| Untracked 
|  46|0x00000000a2e00000, 0x00000000a2e00000, 0x00000000a2f00000|  0%| F|  |TAMS 0x00000000a2e00000, 0x00000000a2e00000| Untracked 
|  47|0x00000000a2f00000, 0x00000000a3000000, 0x00000000a3000000|100%| O|  |TAMS 0x00000000a2f00000, 0x00000000a2f00000| Untracked 
|  48|0x00000000a3000000, 0x00000000a3100000, 0x00000000a3100000|100%| O|  |TAMS 0x00000000a3000000, 0x00000000a3000000| Untracked 
|  49|0x00000000a3100000, 0x00000000a3200000, 0x00000000a3200000|100%| O|  |TAMS 0x00000000a3100000, 0x00000000a3100000| Untracked 
|  50|0x00000000a3200000, 0x00000000a3300000, 0x00000000a3300000|100%| O|  |TAMS 0x00000000a3200000, 0x00000000a3200000| Untracked 
|  51|0x00000000a3300000, 0x00000000a3400000, 0x00000000a3400000|100%| O|  |TAMS 0x00000000a3300000, 0x00000000a3300000| Untracked 
|  52|0x00000000a3400000, 0x00000000a3500000, 0x00000000a3500000|100%| O|  |TAMS 0x00000000a3400000, 0x00000000a3400000| Untracked 
|  53|0x00000000a3500000, 0x00000000a3500000, 0x00000000a3600000|  0%| F|  |TAMS 0x00000000a3500000, 0x00000000a3500000| Untracked 
|  54|0x00000000a3600000, 0x00000000a3600000, 0x00000000a3700000|  0%| F|  |TAMS 0x00000000a3600000, 0x00000000a3600000| Untracked 
|  55|0x00000000a3700000, 0x00000000a3700000, 0x00000000a3800000|  0%| F|  |TAMS 0x00000000a3700000, 0x00000000a3700000| Untracked 
|  56|0x00000000a3800000, 0x00000000a3800000, 0x00000000a3900000|  0%| F|  |TAMS 0x00000000a3800000, 0x00000000a3800000| Untracked 
|  57|0x00000000a3900000, 0x00000000a3900000, 0x00000000a3a00000|  0%| F|  |TAMS 0x00000000a3900000, 0x00000000a3900000| Untracked 
|  58|0x00000000a3a00000, 0x00000000a3a00000, 0x00000000a3b00000|  0%| F|  |TAMS 0x00000000a3a00000, 0x00000000a3a00000| Untracked 
|  59|0x00000000a3b00000, 0x00000000a3b00000, 0x00000000a3c00000|  0%| F|  |TAMS 0x00000000a3b00000, 0x00000000a3b00000| Untracked 
|  60|0x00000000a3c00000, 0x00000000a3c00000, 0x00000000a3d00000|  0%| F|  |TAMS 0x00000000a3c00000, 0x00000000a3c00000| Untracked 
|  61|0x00000000a3d00000, 0x00000000a3d00000, 0x00000000a3e00000|  0%| F|  |TAMS 0x00000000a3d00000, 0x00000000a3d00000| Untracked 
|  62|0x00000000a3e00000, 0x00000000a3e00000, 0x00000000a3f00000|  0%| F|  |TAMS 0x00000000a3e00000, 0x00000000a3e00000| Untracked 
|  63|0x00000000a3f00000, 0x00000000a3f25a08, 0x00000000a4000000| 14%| S|CS|TAMS 0x00000000a3f00000, 0x00000000a3f00000| Complete 
|  64|0x00000000a4000000, 0x00000000a4100000, 0x00000000a4100000|100%| S|CS|TAMS 0x00000000a4000000, 0x00000000a4000000| Complete 
|  65|0x00000000a4100000, 0x00000000a4200000, 0x00000000a4200000|100%| S|CS|TAMS 0x00000000a4100000, 0x00000000a4100000| Complete 
|  66|0x00000000a4200000, 0x00000000a4300000, 0x00000000a4300000|100%| S|CS|TAMS 0x00000000a4200000, 0x00000000a4200000| Complete 
|  67|0x00000000a4300000, 0x00000000a4400000, 0x00000000a4400000|100%| S|CS|TAMS 0x00000000a4300000, 0x00000000a4300000| Complete 
|  68|0x00000000a4400000, 0x00000000a4500000, 0x00000000a4500000|100%| S|CS|TAMS 0x00000000a4400000, 0x00000000a4400000| Complete 
|  69|0x00000000a4500000, 0x00000000a4500000, 0x00000000a4600000|  0%| F|  |TAMS 0x00000000a4500000, 0x00000000a4500000| Untracked 
|  70|0x00000000a4600000, 0x00000000a4600000, 0x00000000a4700000|  0%| F|  |TAMS 0x00000000a4600000, 0x00000000a4600000| Untracked 
|  71|0x00000000a4700000, 0x00000000a4700000, 0x00000000a4800000|  0%| F|  |TAMS 0x00000000a4700000, 0x00000000a4700000| Untracked 
|  72|0x00000000a4800000, 0x00000000a4800000, 0x00000000a4900000|  0%| F|  |TAMS 0x00000000a4800000, 0x00000000a4800000| Untracked 
|  73|0x00000000a4900000, 0x00000000a4900000, 0x00000000a4a00000|  0%| F|  |TAMS 0x00000000a4900000, 0x00000000a4900000| Untracked 
|  74|0x00000000a4a00000, 0x00000000a4a00000, 0x00000000a4b00000|  0%| F|  |TAMS 0x00000000a4a00000, 0x00000000a4a00000| Untracked 
|  75|0x00000000a4b00000, 0x00000000a4b00000, 0x00000000a4c00000|  0%| F|  |TAMS 0x00000000a4b00000, 0x00000000a4b00000| Untracked 
|  76|0x00000000a4c00000, 0x00000000a4c00000, 0x00000000a4d00000|  0%| F|  |TAMS 0x00000000a4c00000, 0x00000000a4c00000| Untracked 
|  77|0x00000000a4d00000, 0x00000000a4d00000, 0x00000000a4e00000|  0%| F|  |TAMS 0x00000000a4d00000, 0x00000000a4d00000| Untracked 
|  78|0x00000000a4e00000, 0x00000000a4e00000, 0x00000000a4f00000|  0%| F|  |TAMS 0x00000000a4e00000, 0x00000000a4e00000| Untracked 
|  79|0x00000000a4f00000, 0x00000000a4f00000, 0x00000000a5000000|  0%| F|  |TAMS 0x00000000a4f00000, 0x00000000a4f00000| Untracked 
|  80|0x00000000a5000000, 0x00000000a5000000, 0x00000000a5100000|  0%| F|  |TAMS 0x00000000a5000000, 0x00000000a5000000| Untracked 
|  81|0x00000000a5100000, 0x00000000a5100000, 0x00000000a5200000|  0%| F|  |TAMS 0x00000000a5100000, 0x00000000a5100000| Untracked 
|  82|0x00000000a5200000, 0x00000000a5200000, 0x00000000a5300000|  0%| F|  |TAMS 0x00000000a5200000, 0x00000000a5200000| Untracked 
|  83|0x00000000a5300000, 0x00000000a5300000, 0x00000000a5400000|  0%| F|  |TAMS 0x00000000a5300000, 0x00000000a5300000| Untracked 
|  84|0x00000000a5400000, 0x00000000a5400000, 0x00000000a5500000|  0%| F|  |TAMS 0x00000000a5400000, 0x00000000a5400000| Untracked 
|  85|0x00000000a5500000, 0x00000000a5500000, 0x00000000a5600000|  0%| F|  |TAMS 0x00000000a5500000, 0x00000000a5500000| Untracked 
|  86|0x00000000a5600000, 0x00000000a5600000, 0x00000000a5700000|  0%| F|  |TAMS 0x00000000a5600000, 0x00000000a5600000| Untracked 
|  87|0x00000000a5700000, 0x00000000a5700000, 0x00000000a5800000|  0%| F|  |TAMS 0x00000000a5700000, 0x00000000a5700000| Untracked 
|  88|0x00000000a5800000, 0x00000000a5800000, 0x00000000a5900000|  0%| F|  |TAMS 0x00000000a5800000, 0x00000000a5800000| Untracked 
|  89|0x00000000a5900000, 0x00000000a5900000, 0x00000000a5a00000|  0%| F|  |TAMS 0x00000000a5900000, 0x00000000a5900000| Untracked 
|  90|0x00000000a5a00000, 0x00000000a5a00000, 0x00000000a5b00000|  0%| F|  |TAMS 0x00000000a5a00000, 0x00000000a5a00000| Untracked 
|  91|0x00000000a5b00000, 0x00000000a5b00000, 0x00000000a5c00000|  0%| F|  |TAMS 0x00000000a5b00000, 0x00000000a5b00000| Untracked 
|  92|0x00000000a5c00000, 0x00000000a5c20a30, 0x00000000a5d00000| 12%| E|  |TAMS 0x00000000a5c00000, 0x00000000a5c00000| Complete 
|  93|0x00000000a5d00000, 0x00000000a5e00000, 0x00000000a5e00000|100%| E|CS|TAMS 0x00000000a5d00000, 0x00000000a5d00000| Complete 
|  94|0x00000000a5e00000, 0x00000000a5f00000, 0x00000000a5f00000|100%| E|CS|TAMS 0x00000000a5e00000, 0x00000000a5e00000| Complete 
|  95|0x00000000a5f00000, 0x00000000a6000000, 0x00000000a6000000|100%| E|CS|TAMS 0x00000000a5f00000, 0x00000000a5f00000| Complete 
|  96|0x00000000a6000000, 0x00000000a6100000, 0x00000000a6100000|100%| E|CS|TAMS 0x00000000a6000000, 0x00000000a6000000| Complete 
|  97|0x00000000a6100000, 0x00000000a6200000, 0x00000000a6200000|100%| E|CS|TAMS 0x00000000a6100000, 0x00000000a6100000| Complete 
|  98|0x00000000a6200000, 0x00000000a6300000, 0x00000000a6300000|100%| E|CS|TAMS 0x00000000a6200000, 0x00000000a6200000| Complete 
|  99|0x00000000a6300000, 0x00000000a6400000, 0x00000000a6400000|100%| E|CS|TAMS 0x00000000a6300000, 0x00000000a6300000| Complete 
| 100|0x00000000a6400000, 0x00000000a6500000, 0x00000000a6500000|100%| E|CS|TAMS 0x00000000a6400000, 0x00000000a6400000| Complete 
| 101|0x00000000a6500000, 0x00000000a6600000, 0x00000000a6600000|100%| E|CS|TAMS 0x00000000a6500000, 0x00000000a6500000| Complete 
| 102|0x00000000a6600000, 0x00000000a6700000, 0x00000000a6700000|100%| E|CS|TAMS 0x00000000a6600000, 0x00000000a6600000| Complete 
| 103|0x00000000a6700000, 0x00000000a6800000, 0x00000000a6800000|100%| E|CS|TAMS 0x00000000a6700000, 0x00000000a6700000| Complete 
| 104|0x00000000a6800000, 0x00000000a6900000, 0x00000000a6900000|100%| E|CS|TAMS 0x00000000a6800000, 0x00000000a6800000| Complete 
| 105|0x00000000a6900000, 0x00000000a6a00000, 0x00000000a6a00000|100%| E|CS|TAMS 0x00000000a6900000, 0x00000000a6900000| Complete 
| 106|0x00000000a6a00000, 0x00000000a6b00000, 0x00000000a6b00000|100%| E|CS|TAMS 0x00000000a6a00000, 0x00000000a6a00000| Complete 
| 107|0x00000000a6b00000, 0x00000000a6c00000, 0x00000000a6c00000|100%| E|CS|TAMS 0x00000000a6b00000, 0x00000000a6b00000| Complete 
| 108|0x00000000a6c00000, 0x00000000a6d00000, 0x00000000a6d00000|100%| E|CS|TAMS 0x00000000a6c00000, 0x00000000a6c00000| Complete 
| 109|0x00000000a6d00000, 0x00000000a6e00000, 0x00000000a6e00000|100%| E|CS|TAMS 0x00000000a6d00000, 0x00000000a6d00000| Complete 
| 110|0x00000000a6e00000, 0x00000000a6f00000, 0x00000000a6f00000|100%| E|CS|TAMS 0x00000000a6e00000, 0x00000000a6e00000| Complete 
| 111|0x00000000a6f00000, 0x00000000a7000000, 0x00000000a7000000|100%| E|CS|TAMS 0x00000000a6f00000, 0x00000000a6f00000| Complete 
| 112|0x00000000a7000000, 0x00000000a7100000, 0x00000000a7100000|100%| E|CS|TAMS 0x00000000a7000000, 0x00000000a7000000| Complete 
| 127|0x00000000a7f00000, 0x00000000a8000000, 0x00000000a8000000|100%| E|CS|TAMS 0x00000000a7f00000, 0x00000000a7f00000| Complete 

Card table byte_map: [0x000001b9fd1f0000,0x000001b9fd4f0000] _byte_map_base: 0x000001b9fccf0000

Marking Bits (Prev, Next): (CMBitMap*) 0x000001b9e49a6dc0, (CMBitMap*) 0x000001b9e49a6e00
 Prev Bits: [0x000001b9fd7f0000, 0x000001b9feff0000)
 Next Bits: [0x000001b980000000, 0x000001b981800000)

Polling page: 0x000001b9e4a50000

Metaspace:

Usage:
  Non-class:     33.53 MB used.
      Class:      5.28 MB used.
       Both:     38.80 MB used.

Virtual space:
  Non-class space:       40.00 MB reserved,      33.81 MB ( 85%) committed,  5 nodes.
      Class space:        1.00 GB reserved,       5.50 MB ( <1%) committed,  1 nodes.
              Both:        1.04 GB reserved,      39.31 MB (  4%) committed. 

Chunk freelists:
   Non-Class:  1.86 MB
       Class:  2.44 MB
        Both:  4.28 MB

MaxMetaspaceSize: 17179869184.00 GB
CompressedClassSpaceSize: 1.00 GB
 - commit_granule_bytes: 65536.
 - commit_granule_words: 8192.
 - virtual_space_node_default_size: 1048576.
 - enlarge_chunks_in_place: 1.
 - new_chunks_are_fully_committed: 0.
 - uncommit_free_chunks: 1.
 - use_allocation_guard: 0.
 - handle_deallocations: 1.


Internal statistics:

num_allocs_failed_limit: 6.
num_arena_births: 434.
num_arena_deaths: 0.
num_vsnodes_births: 6.
num_vsnodes_deaths: 0.
num_space_committed: 629.
num_space_uncommitted: 0.
num_chunks_returned_to_freelist: 6.
num_chunks_taken_from_freelist: 1941.
num_chunk_merges: 6.
num_chunk_splits: 1272.
num_chunks_enlarged: 881.
num_purges: 0.

CodeHeap 'non-profiled nmethods': size=120000Kb used=3040Kb max_used=3040Kb free=116959Kb
 bounds [0x000001b9f5390000, 0x000001b9f5690000, 0x000001b9fc8c0000]
CodeHeap 'profiled nmethods': size=120000Kb used=10514Kb max_used=10514Kb free=109486Kb
 bounds [0x000001b9ede60000, 0x000001b9ee8b0000, 0x000001b9f5390000]
CodeHeap 'non-nmethods': size=5760Kb used=2316Kb max_used=2413Kb free=3443Kb
 bounds [0x000001b9ed8c0000, 0x000001b9edb30000, 0x000001b9ede60000]
 total_blobs=6120 nmethods=5296 adapters=736
 compilation: enabled
              stopped_count=0, restarted_count=0
 full_count=0

Compilation events (20 events):
Event: 9.156 Thread 0x000001b9ff5ce0c0 5336       3       com.sun.beans.util.Cache::hash (49 bytes)
Event: 9.157 Thread 0x000001b9ff5ce0c0 nmethod 5336 0x000001b9ee88db10 code [0x000001b9ee88dce0, 0x000001b9ee88df78]
Event: 9.158 Thread 0x000001b9ff5ce0c0 5337       3       java.util.TreeMap::getFirstEntry (26 bytes)
Event: 9.158 Thread 0x000001b9ff5ce0c0 nmethod 5337 0x000001b9ee88e090 code [0x000001b9ee88e240, 0x000001b9ee88e438]
Event: 9.158 Thread 0x000001b9ff5ce0c0 5338       3       java.util.TreeMap$PrivateEntryIterator::<init> (28 bytes)
Event: 9.158 Thread 0x000001b9ff5ce0c0 nmethod 5338 0x000001b9ee88e510 code [0x000001b9ee88e6c0, 0x000001b9ee88e918]
Event: 9.164 Thread 0x000001b9ff5ce0c0 5339   !   3       com.sun.beans.introspect.ClassInfo::get (28 bytes)
Event: 9.164 Thread 0x000001b9ff5ce0c0 nmethod 5339 0x000001b9ee88ea10 code [0x000001b9ee88ec00, 0x000001b9ee88f0b8]
Event: 9.165 Thread 0x000001b9ff5ce0c0 5340   !   3       com.sun.beans.util.Cache::get (256 bytes)
Event: 9.167 Thread 0x000001b9ff5ce0c0 nmethod 5340 0x000001b9ee88f290 code [0x000001b9ee88f600, 0x000001b9ee890bb8]
Event: 9.167 Thread 0x000001b9ff5ce0c0 5341   !   3       java.security.AccessController::doPrivileged (22 bytes)
Event: 9.168 Thread 0x000001b9ff5ce0c0 nmethod 5341 0x000001b9ee891810 code [0x000001b9ee891a00, 0x000001b9ee891e88]
Event: 9.168 Thread 0x000001b9ff5ce0c0 5342       3       com.google.common.collect.MapMakerInternalMap$Segment::getFirst (21 bytes)
Event: 9.170 Thread 0x000001b9ff5ce0c0 nmethod 5342 0x000001b9ee892090 code [0x000001b9ee892320, 0x000001b9ee893048]
Event: 9.170 Thread 0x000001b9ff5ce0c0 5344   !   3       com.google.common.collect.MapMakerInternalMap$Segment::put (298 bytes)
Event: 9.175 Thread 0x000001b9ff5ce0c0 nmethod 5344 0x000001b9ee893490 code [0x000001b9ee893b60, 0x000001b9ee897ea8]
Event: 9.175 Thread 0x000001b9ff5ce0c0 5343       3       com.google.common.collect.MapMakerInternalMap::putIfAbsent (29 bytes)
Event: 9.176 Thread 0x000001b9ff5ce0c0 nmethod 5343 0x000001b9ee899b10 code [0x000001b9ee899d40, 0x000001b9ee89a4c8]
Event: 9.176 Thread 0x000001b9ff5ce0c0 5345       3       java.util.concurrent.locks.ReentrantLock$FairSync::initialTryLock (70 bytes)
Event: 9.176 Thread 0x000001b9ff5ce0c0 nmethod 5345 0x000001b9ee89a810 code [0x000001b9ee89aa00, 0x000001b9ee89aec8]

GC Heap History (20 events):
Event: 0.782 GC heap before
{Heap before GC invocations=0 (full 0):
 garbage-first heap   total 131072K, used 15360K [0x00000000a0000000, 0x0000000100000000)
  region size 1024K, 13 young (13312K), 0 survivors (0K)
 Metaspace       used 1042K, committed 1216K, reserved 1056768K
  class space    used 73K, committed 128K, reserved 1048576K
}
Event: 0.789 GC heap after
{Heap after GC invocations=1 (full 0):
 garbage-first heap   total 131072K, used 3363K [0x00000000a0000000, 0x0000000100000000)
  region size 1024K, 2 young (2048K), 2 survivors (2048K)
 Metaspace       used 1042K, committed 1216K, reserved 1056768K
  class space    used 73K, committed 128K, reserved 1048576K
}
Event: 1.409 GC heap before
{Heap before GC invocations=1 (full 0):
 garbage-first heap   total 131072K, used 21795K [0x00000000a0000000, 0x0000000100000000)
  region size 1024K, 18 young (18432K), 2 survivors (2048K)
 Metaspace       used 3866K, committed 4032K, reserved 1056768K
  class space    used 470K, committed 576K, reserved 1048576K
}
Event: 1.416 GC heap after
{Heap after GC invocations=2 (full 0):
 garbage-first heap   total 131072K, used 9659K [0x00000000a0000000, 0x0000000100000000)
  region size 1024K, 3 young (3072K), 3 survivors (3072K)
 Metaspace       used 3866K, committed 4032K, reserved 1056768K
  class space    used 470K, committed 576K, reserved 1048576K
}
Event: 1.712 GC heap before
{Heap before GC invocations=2 (full 0):
 garbage-first heap   total 131072K, used 31163K [0x00000000a0000000, 0x0000000100000000)
  region size 1024K, 24 young (24576K), 3 survivors (3072K)
 Metaspace       used 4067K, committed 4288K, reserved 1056768K
  class space    used 483K, committed 576K, reserved 1048576K
}
Event: 1.716 GC heap after
{Heap after GC invocations=3 (full 0):
 garbage-first heap   total 131072K, used 10332K [0x00000000a0000000, 0x0000000100000000)
  region size 1024K, 1 young (1024K), 1 survivors (1024K)
 Metaspace       used 4067K, committed 4288K, reserved 1056768K
  class space    used 483K, committed 576K, reserved 1048576K
}
Event: 3.781 GC heap before
{Heap before GC invocations=3 (full 0):
 garbage-first heap   total 131072K, used 87132K [0x00000000a0000000, 0x0000000100000000)
  region size 1024K, 76 young (77824K), 1 survivors (1024K)
 Metaspace       used 15742K, committed 16000K, reserved 1064960K
  class space    used 2258K, committed 2368K, reserved 1048576K
}
Event: 3.794 GC heap after
{Heap after GC invocations=4 (full 0):
 garbage-first heap   total 131072K, used 18488K [0x00000000a0000000, 0x0000000100000000)
  region size 1024K, 9 young (9216K), 9 survivors (9216K)
 Metaspace       used 15742K, committed 16000K, reserved 1064960K
  class space    used 2258K, committed 2368K, reserved 1048576K
}
Event: 5.069 GC heap before
{Heap before GC invocations=4 (full 0):
 garbage-first heap   total 131072K, used 67640K [0x00000000a0000000, 0x0000000100000000)
  region size 1024K, 49 young (50176K), 9 survivors (9216K)
 Metaspace       used 20929K, committed 21248K, reserved 1073152K
  class space    used 3082K, committed 3264K, reserved 1048576K
}
Event: 5.082 GC heap after
{Heap after GC invocations=5 (full 0):
 garbage-first heap   total 131072K, used 33672K [0x00000000a0000000, 0x0000000100000000)
  region size 1024K, 5 young (5120K), 5 survivors (5120K)
 Metaspace       used 20929K, committed 21248K, reserved 1073152K
  class space    used 3082K, committed 3264K, reserved 1048576K
}
Event: 6.409 GC heap before
{Heap before GC invocations=6 (full 0):
 garbage-first heap   total 116736K, used 99208K [0x00000000a0000000, 0x0000000100000000)
  region size 1024K, 67 young (68608K), 5 survivors (5120K)
 Metaspace       used 30365K, committed 30784K, reserved 1081344K
  class space    used 4151K, committed 4352K, reserved 1048576K
}
Event: 6.423 GC heap after
{Heap after GC invocations=7 (full 0):
 garbage-first heap   total 116736K, used 39341K [0x00000000a0000000, 0x0000000100000000)
  region size 1024K, 9 young (9216K), 9 survivors (9216K)
 Metaspace       used 30365K, committed 30784K, reserved 1081344K
  class space    used 4151K, committed 4352K, reserved 1048576K
}
Event: 7.094 GC heap before
{Heap before GC invocations=7 (full 0):
 garbage-first heap   total 116736K, used 77229K [0x00000000a0000000, 0x0000000100000000)
  region size 1024K, 42 young (43008K), 9 survivors (9216K)
 Metaspace       used 35173K, committed 35520K, reserved 1081344K
  class space    used 4936K, committed 5120K, reserved 1048576K
}
Event: 7.109 GC heap after
{Heap after GC invocations=8 (full 0):
 garbage-first heap   total 116736K, used 48025K [0x00000000a0000000, 0x0000000100000000)
  region size 1024K, 4 young (4096K), 4 survivors (4096K)
 Metaspace       used 35173K, committed 35520K, reserved 1081344K
  class space    used 4936K, committed 5120K, reserved 1048576K
}
Event: 7.566 GC heap before
{Heap before GC invocations=9 (full 0):
 garbage-first heap   total 116736K, used 90009K [0x00000000a0000000, 0x0000000100000000)
  region size 1024K, 45 young (46080K), 4 survivors (4096K)
 Metaspace       used 35563K, committed 35904K, reserved 1081344K
  class space    used 4953K, committed 5120K, reserved 1048576K
}
Event: 7.577 GC heap after
{Heap after GC invocations=10 (full 0):
 garbage-first heap   total 116736K, used 49341K [0x00000000a0000000, 0x0000000100000000)
  region size 1024K, 6 young (6144K), 6 survivors (6144K)
 Metaspace       used 35563K, committed 35904K, reserved 1081344K
  class space    used 4953K, committed 5120K, reserved 1048576K
}
Event: 8.098 GC heap before
{Heap before GC invocations=10 (full 0):
 garbage-first heap   total 116736K, used 91325K [0x00000000a0000000, 0x0000000100000000)
  region size 1024K, 47 young (48128K), 6 survivors (6144K)
 Metaspace       used 36297K, committed 36672K, reserved 1081344K
  class space    used 5040K, committed 5184K, reserved 1048576K
}
Event: 8.108 GC heap after
{Heap after GC invocations=11 (full 0):
 garbage-first heap   total 116736K, used 50496K [0x00000000a0000000, 0x0000000100000000)
  region size 1024K, 3 young (3072K), 3 survivors (3072K)
 Metaspace       used 36297K, committed 36672K, reserved 1081344K
  class space    used 5040K, committed 5184K, reserved 1048576K
}
Event: 8.776 GC heap before
{Heap before GC invocations=11 (full 0):
 garbage-first heap   total 116736K, used 95552K [0x00000000a0000000, 0x0000000100000000)
  region size 1024K, 45 young (46080K), 3 survivors (3072K)
 Metaspace       used 38211K, committed 38592K, reserved 1089536K
  class space    used 5236K, committed 5440K, reserved 1048576K
}
Event: 8.782 GC heap after
{Heap after GC invocations=12 (full 0):
 garbage-first heap   total 116736K, used 55769K [0x00000000a0000000, 0x0000000100000000)
  region size 1024K, 6 young (6144K), 6 survivors (6144K)
 Metaspace       used 38211K, committed 38592K, reserved 1089536K
  class space    used 5236K, committed 5440K, reserved 1048576K
}

Deoptimization events (20 events):
Event: 8.947 Thread 0x000001b9865c2430 Uncommon trap: trap_request=0xffffff45 fr.pc=0x000001b9f546325c relative=0x000000000000021c
Event: 8.947 Thread 0x000001b9865c2430 Uncommon trap: reason=unstable_if action=reinterpret pc=0x000001b9f546325c method=java.util.StringTokenizer.skipDelimiters(I)I @ 64 c2
Event: 8.947 Thread 0x000001b9865c2430 DEOPT PACKING pc=0x000001b9f546325c sp=0x0000007227efe350
Event: 8.947 Thread 0x000001b9865c2430 DEOPT UNPACKING pc=0x000001b9ed90d72e sp=0x0000007227efe2e0 mode 2
Event: 8.963 Thread 0x000001b9865c2430 Uncommon trap: trap_request=0xffffff45 fr.pc=0x000001b9f556f30c relative=0x00000000000000ec
Event: 8.963 Thread 0x000001b9865c2430 Uncommon trap: reason=unstable_if action=reinterpret pc=0x000001b9f556f30c method=org.objectweb.asm.ByteVector.putShort(I)Lorg/objectweb/asm/ByteVector; @ 13 c2
Event: 8.963 Thread 0x000001b9865c2430 DEOPT PACKING pc=0x000001b9f556f30c sp=0x0000007227efdfd0
Event: 8.963 Thread 0x000001b9865c2430 DEOPT UNPACKING pc=0x000001b9ed90d72e sp=0x0000007227efdf58 mode 2
Event: 8.982 Thread 0x000001b9865bd480 Uncommon trap: trap_request=0xffffff45 fr.pc=0x000001b9f55abebc relative=0x000000000000569c
Event: 8.982 Thread 0x000001b9865bd480 Uncommon trap: reason=unstable_if action=reinterpret pc=0x000001b9f55abebc method=java.lang.ClassValue.match(Ljava/lang/ClassValue$Entry;)Z @ 12 c2
Event: 8.982 Thread 0x000001b9865bd480 DEOPT PACKING pc=0x000001b9f55abebc sp=0x00000072274fa080
Event: 8.982 Thread 0x000001b9865bd480 DEOPT UNPACKING pc=0x000001b9ed90d72e sp=0x00000072274f9dc0 mode 2
Event: 9.022 Thread 0x000001b9865bd480 Uncommon trap: trap_request=0xffffff45 fr.pc=0x000001b9f53ed79c relative=0x000000000000065c
Event: 9.022 Thread 0x000001b9865bd480 Uncommon trap: reason=unstable_if action=reinterpret pc=0x000001b9f53ed79c method=java.util.jar.Manifest$FastInputStream.readLine([BII)I @ 130 c2
Event: 9.022 Thread 0x000001b9865bd480 DEOPT PACKING pc=0x000001b9f53ed79c sp=0x00000072274f7e70
Event: 9.022 Thread 0x000001b9865bd480 DEOPT UNPACKING pc=0x000001b9ed90d72e sp=0x00000072274f7e00 mode 2
Event: 9.034 Thread 0x000001b9865bd480 Uncommon trap: trap_request=0xffffffcc fr.pc=0x000001b9f5678988 relative=0x00000000000002e8
Event: 9.034 Thread 0x000001b9865bd480 Uncommon trap: reason=intrinsic_or_type_checked_inlining action=make_not_entrant pc=0x000001b9f5678988 method=java.util.Arrays.copyOf([Ljava/lang/Object;ILjava/lang/Class;)[Ljava/lang/Object; @ 35 c2
Event: 9.034 Thread 0x000001b9865bd480 DEOPT PACKING pc=0x000001b9f5678988 sp=0x00000072274f8ba0
Event: 9.034 Thread 0x000001b9865bd480 DEOPT UNPACKING pc=0x000001b9ed90d72e sp=0x00000072274f8b30 mode 2

Classes unloaded (0 events):
No events

Classes redefined (0 events):
No events

Internal exceptions (20 events):
Event: 9.061 Thread 0x000001b9865bd480 Exception <a 'java/lang/ClassNotFoundException'{0x00000000a65dd160}: java/lang/ClassLoaderCustomizer> (0x00000000a65dd160) 
thrown [t:\workspace\open\src\hotspot\share\classfile\systemDictionary.cpp, line 256]
Event: 9.063 Thread 0x000001b9865bd480 Exception <a 'java/lang/ClassNotFoundException'{0x00000000a65f1870}: java/security/SecureClassLoaderCustomizer> (0x00000000a65f1870) 
thrown [t:\workspace\open\src\hotspot\share\classfile\systemDictionary.cpp, line 256]
Event: 9.063 Thread 0x000001b9865bd480 Exception <a 'java/lang/ClassNotFoundException'{0x00000000a65fb158}: java/net/URLClassLoaderCustomizer> (0x00000000a65fb158) 
thrown [t:\workspace\open\src\hotspot\share\classfile\systemDictionary.cpp, line 256]
Event: 9.065 Thread 0x000001b9865bd480 Exception <a 'java/lang/ClassNotFoundException'{0x00000000a6413d98}: org/gradle/internal/classloader/VisitableURLClassLoaderCustomizer> (0x00000000a6413d98) 
thrown [t:\workspace\open\src\hotspot\share\classfile\systemDictionary.cpp, line 256]
Event: 9.070 Thread 0x000001b9865bd480 Exception <a 'java/lang/ClassNotFoundException'{0x00000000a644c5c0}: org/jetbrains/plugins/gradle/tooling/internal/ExtraModelBuilder$ForGradle44BeanInfo> (0x00000000a644c5c0) 
thrown [t:\workspace\open\src\hotspot\share\classfile\systemDictionary.cpp, line 256]
Event: 9.071 Thread 0x000001b9865bd480 Exception <a 'java/lang/ClassNotFoundException'{0x00000000a6456700}: org/jetbrains/plugins/gradle/tooling/internal/ExtraModelBuilder$ForGradle44Customizer> (0x00000000a6456700) 
thrown [t:\workspace\open\src\hotspot\share\classfile\systemDictionary.cpp, line 256]
Event: 9.120 Thread 0x000001b9865bd480 Exception <a 'java/lang/ClassNotFoundException'{0x00000000a62478b0}: org/jetbrains/plugins/gradle/tooling/builder/WarModelBuilderImplBeanInfo> (0x00000000a62478b0) 
thrown [t:\workspace\open\src\hotspot\share\classfile\systemDictionary.cpp, line 256]
Event: 9.121 Thread 0x000001b9865bd480 Exception <a 'java/lang/ClassNotFoundException'{0x00000000a6252900}: org/jetbrains/plugins/gradle/tooling/AbstractModelBuilderServiceBeanInfo> (0x00000000a6252900) 
thrown [t:\workspace\open\src\hotspot\share\classfile\systemDictionary.cpp, line 256]
Event: 9.121 Thread 0x000001b9865bd480 Exception <a 'java/lang/ClassNotFoundException'{0x00000000a625d180}: org/jetbrains/plugins/gradle/tooling/AbstractModelBuilderServiceCustomizer> (0x00000000a625d180) 
thrown [t:\workspace\open\src\hotspot\share\classfile\systemDictionary.cpp, line 256]
Event: 9.122 Thread 0x000001b9865bd480 Exception <a 'java/lang/ClassNotFoundException'{0x00000000a626a068}: org/jetbrains/plugins/gradle/tooling/builder/WarModelBuilderImplCustomizer> (0x00000000a626a068) 
thrown [t:\workspace\open\src\hotspot\share\classfile\systemDictionary.cpp, line 256]
Event: 9.130 Thread 0x000001b9865bd480 Exception <a 'java/lang/ClassNotFoundException'{0x00000000a62c59b0}: org/jetbrains/plugins/gradle/tooling/builder/EarModelBuilderImplBeanInfo> (0x00000000a62c59b0) 
thrown [t:\workspace\open\src\hotspot\share\classfile\systemDictionary.cpp, line 256]
Event: 9.131 Thread 0x000001b9865bd480 Exception <a 'java/lang/ClassNotFoundException'{0x00000000a62cfa38}: org/jetbrains/plugins/gradle/tooling/builder/EarModelBuilderImplCustomizer> (0x00000000a62cfa38) 
thrown [t:\workspace\open\src\hotspot\share\classfile\systemDictionary.cpp, line 256]
Event: 9.146 Thread 0x000001b9865bd480 Exception <a 'java/lang/ClassNotFoundException'{0x00000000a6174fd0}: org/jetbrains/plugins/gradle/tooling/builder/ScalaModelBuilderImplBeanInfo> (0x00000000a6174fd0) 
thrown [t:\workspace\open\src\hotspot\share\classfile\systemDictionary.cpp, line 256]
Event: 9.147 Thread 0x000001b9865bd480 Exception <a 'java/lang/ClassNotFoundException'{0x00000000a617f078}: org/jetbrains/plugins/gradle/tooling/builder/ScalaModelBuilderImplCustomizer> (0x00000000a617f078) 
thrown [t:\workspace\open\src\hotspot\share\classfile\systemDictionary.cpp, line 256]
Event: 9.156 Thread 0x000001b9865bd480 Exception <a 'java/lang/ClassNotFoundException'{0x00000000a61df808}: org/jetbrains/plugins/gradle/tooling/builder/ExternalProjectBuilderImpl$1BeanInfo> (0x00000000a61df808) 
thrown [t:\workspace\open\src\hotspot\share\classfile\systemDictionary.cpp, line 256]
Event: 9.156 Thread 0x000001b9865bd480 Exception <a 'java/lang/ClassNotFoundException'{0x00000000a61ea510}: org/jetbrains/plugins/gradle/tooling/builder/ExternalProjectBuilderImpl$1Customizer> (0x00000000a61ea510) 
thrown [t:\workspace\open\src\hotspot\share\classfile\systemDictionary.cpp, line 256]
Event: 9.162 Thread 0x000001b9865bd480 Exception <a 'java/lang/ClassNotFoundException'{0x00000000a604c8b8}: org/jetbrains/plugins/gradle/tooling/builder/ExternalProjectBuilderImplBeanInfo> (0x00000000a604c8b8) 
thrown [t:\workspace\open\src\hotspot\share\classfile\systemDictionary.cpp, line 256]
Event: 9.162 Thread 0x000001b9865bd480 Exception <a 'java/lang/ClassNotFoundException'{0x00000000a60569d8}: org/jetbrains/plugins/gradle/tooling/builder/ExternalProjectBuilderImplCustomizer> (0x00000000a60569d8) 
thrown [t:\workspace\open\src\hotspot\share\classfile\systemDictionary.cpp, line 256]
Event: 9.169 Thread 0x000001b9865bd480 Exception <a 'java/lang/ClassNotFoundException'{0x00000000a60a0318}: org/jetbrains/plugins/gradle/tooling/builder/DependencyGraphModelBuilderImplBeanInfo> (0x00000000a60a0318) 
thrown [t:\workspace\open\src\hotspot\share\classfile\systemDictionary.cpp, line 256]
Event: 9.169 Thread 0x000001b9865bd480 Exception <a 'java/lang/ClassNotFoundException'{0x00000000a60aa460}: org/jetbrains/plugins/gradle/tooling/builder/DependencyGraphModelBuilderImplCustomizer> (0x00000000a60aa460) 
thrown [t:\workspace\open\src\hotspot\share\classfile\systemDictionary.cpp, line 256]

Events (20 events):
Event: 9.060 loading class java/security/SecureClassLoaderBeanInfo
Event: 9.060 loading class java/security/SecureClassLoaderBeanInfo done
Event: 9.061 loading class java/security/SecureClassLoaderBeanInfo
Event: 9.061 loading class java/security/SecureClassLoaderBeanInfo done
Event: 9.061 loading class java/lang/ClassLoaderBeanInfo
Event: 9.061 loading class java/lang/ClassLoaderBeanInfo done
Event: 9.061 loading class java/lang/ClassLoaderBeanInfo
Event: 9.061 loading class java/lang/ClassLoaderBeanInfo done
Event: 9.061 loading class java/lang/ClassLoaderCustomizer
Event: 9.061 loading class java/lang/ClassLoaderCustomizer done
Event: 9.061 loading class java/lang/ClassLoaderCustomizer
Event: 9.061 loading class java/lang/ClassLoaderCustomizer done
Event: 9.062 loading class java/security/SecureClassLoaderCustomizer
Event: 9.063 loading class java/security/SecureClassLoaderCustomizer done
Event: 9.063 loading class java/security/SecureClassLoaderCustomizer
Event: 9.063 loading class java/security/SecureClassLoaderCustomizer done
Event: 9.063 loading class java/net/URLClassLoaderCustomizer
Event: 9.063 loading class java/net/URLClassLoaderCustomizer done
Event: 9.063 loading class java/net/URLClassLoaderCustomizer
Event: 9.063 loading class java/net/URLClassLoaderCustomizer done


Dynamic libraries:
0x00007ff6fdb10000 - 0x00007ff6fdb20000 	C:\Program Files\Java\jdk-16.0.2\bin\java.exe
0x00007ffe54e50000 - 0x00007ffe55045000 	C:\WINDOWS\SYSTEM32\ntdll.dll
0x00007ffe54a20000 - 0x00007ffe54add000 	C:\WINDOWS\System32\KERNEL32.DLL
0x00007ffe52b50000 - 0x00007ffe52e19000 	C:\WINDOWS\System32\KERNELBASE.dll
0x00007ffe527b0000 - 0x00007ffe528b0000 	C:\WINDOWS\System32\ucrtbase.dll
0x00007ffe3adc0000 - 0x00007ffe3add9000 	C:\Program Files\Java\jdk-16.0.2\bin\VCRUNTIME140.dll
0x00007ffe47e70000 - 0x00007ffe47e88000 	C:\Program Files\Java\jdk-16.0.2\bin\jli.dll
0x00007ffe53490000 - 0x00007ffe5353c000 	C:\WINDOWS\System32\ADVAPI32.dll
0x00007ffe544b0000 - 0x00007ffe5454e000 	C:\WINDOWS\System32\msvcrt.dll
0x00007ffe54980000 - 0x00007ffe54a1b000 	C:\WINDOWS\System32\sechost.dll
0x00007ffe54cb0000 - 0x00007ffe54dda000 	C:\WINDOWS\System32\RPCRT4.dll
0x00007ffe53080000 - 0x00007ffe53220000 	C:\WINDOWS\System32\USER32.dll
0x00007ffe529c0000 - 0x00007ffe529e2000 	C:\WINDOWS\System32\win32u.dll
0x00007ffe54de0000 - 0x00007ffe54e0a000 	C:\WINDOWS\System32\GDI32.dll
0x00007ffe526a0000 - 0x00007ffe527ab000 	C:\WINDOWS\System32\gdi32full.dll
0x00007ffe525d0000 - 0x00007ffe5266d000 	C:\WINDOWS\System32\msvcp_win.dll
0x00007ffe341a0000 - 0x00007ffe3443a000 	C:\WINDOWS\WinSxS\amd64_microsoft.windows.common-controls_6595b64144ccf1df_6.0.19041.1110_none_60b5254171f9507e\COMCTL32.dll
0x00007ffe51360000 - 0x00007ffe5136a000 	C:\WINDOWS\SYSTEM32\VERSION.dll
0x00007ffe54550000 - 0x00007ffe54580000 	C:\WINDOWS\System32\IMM32.DLL
0x00007ffe4a180000 - 0x00007ffe4a18c000 	C:\Program Files\Java\jdk-16.0.2\bin\vcruntime140_1.dll
0x00007ffe0b920000 - 0x00007ffe0b9b1000 	C:\Program Files\Java\jdk-16.0.2\bin\msvcp140.dll
0x00007ffdfe520000 - 0x00007ffdff0cb000 	C:\Program Files\Java\jdk-16.0.2\bin\server\jvm.dll
0x00007ffe54970000 - 0x00007ffe54978000 	C:\WINDOWS\System32\PSAPI.DLL
0x00007ffe2d890000 - 0x00007ffe2d899000 	C:\WINDOWS\SYSTEM32\WSOCK32.dll
0x00007ffe54590000 - 0x00007ffe545fb000 	C:\WINDOWS\System32\WS2_32.dll
0x00007ffe3a810000 - 0x00007ffe3a837000 	C:\WINDOWS\SYSTEM32\WINMM.dll
0x00007ffe50510000 - 0x00007ffe50522000 	C:\WINDOWS\SYSTEM32\kernel.appcore.dll
0x00007ffe3fdb0000 - 0x00007ffe3fdba000 	C:\Program Files\Java\jdk-16.0.2\bin\jimage.dll
0x00007ffe4d050000 - 0x00007ffe4d234000 	C:\WINDOWS\SYSTEM32\DBGHELP.DLL
0x00007ffe35090000 - 0x00007ffe350bc000 	C:\WINDOWS\SYSTEM32\dbgcore.DLL
0x00007ffe52e20000 - 0x00007ffe52ea3000 	C:\WINDOWS\System32\bcryptPrimitives.dll
0x00007ffe3ad90000 - 0x00007ffe3adb5000 	C:\Program Files\Java\jdk-16.0.2\bin\java.dll
0x00007ffe535a0000 - 0x00007ffe53cdf000 	C:\WINDOWS\System32\SHELL32.dll
0x00007ffe50b40000 - 0x00007ffe512d0000 	C:\WINDOWS\SYSTEM32\windows.storage.dll
0x00007ffe54600000 - 0x00007ffe54955000 	C:\WINDOWS\System32\combase.dll
0x00007ffe51f10000 - 0x00007ffe51f3c000 	C:\WINDOWS\SYSTEM32\Wldp.dll
0x00007ffe53310000 - 0x00007ffe533be000 	C:\WINDOWS\System32\SHCORE.dll
0x00007ffe54450000 - 0x00007ffe544a5000 	C:\WINDOWS\System32\shlwapi.dll
0x00007ffe524c0000 - 0x00007ffe524df000 	C:\WINDOWS\SYSTEM32\profapi.dll
0x00007ffe3ad70000 - 0x00007ffe3ad89000 	C:\Program Files\Java\jdk-16.0.2\bin\net.dll
0x00007ffe3e390000 - 0x00007ffe3e498000 	C:\WINDOWS\SYSTEM32\WINHTTP.dll
0x00007ffe51c70000 - 0x00007ffe51cda000 	C:\WINDOWS\system32\mswsock.dll
0x00007ffe31400000 - 0x00007ffe31413000 	C:\Program Files\Java\jdk-16.0.2\bin\nio.dll
0x00007ffe30460000 - 0x00007ffe30478000 	C:\Program Files\Java\jdk-16.0.2\bin\zip.dll
0x00007ffe3bb40000 - 0x00007ffe3bb50000 	C:\Program Files\Java\jdk-16.0.2\bin\verify.dll
0x00007ffe40650000 - 0x00007ffe40677000 	C:\Users\halag\Documents\cs\year_project\Server_location_app\.gradle\native\8bec1ad78214c89d9ad589b4d07fe93259594b29d510b10fafb7a158f7737e5d\windows-amd64\native-platform.dll
0x00007ffe0c210000 - 0x00007ffe0c34d000 	C:\Users\halag\Documents\cs\year_project\Server_location_app\.gradle\native\53dbd7edfb1c66fb8903c78663c9afc45aea4f116125fa6feffd364cf09443e8\windows-amd64\native-platform-file-events.dll
0x00007ffe3ab00000 - 0x00007ffe3ab09000 	C:\Program Files\Java\jdk-16.0.2\bin\management.dll
0x00007ffe3a4d0000 - 0x00007ffe3a4db000 	C:\Program Files\Java\jdk-16.0.2\bin\management_ext.dll
0x00007ffe51e70000 - 0x00007ffe51e88000 	C:\WINDOWS\SYSTEM32\CRYPTSP.dll
0x00007ffe515f0000 - 0x00007ffe51624000 	C:\WINDOWS\system32\rsaenh.dll
0x00007ffe52670000 - 0x00007ffe52697000 	C:\WINDOWS\System32\bcrypt.dll
0x00007ffe52480000 - 0x00007ffe524ae000 	C:\WINDOWS\SYSTEM32\USERENV.dll
0x00007ffe51e60000 - 0x00007ffe51e6c000 	C:\WINDOWS\SYSTEM32\CRYPTBASE.dll
0x00007ffe51960000 - 0x00007ffe5199b000 	C:\WINDOWS\SYSTEM32\IPHLPAPI.DLL
0x00007ffe54580000 - 0x00007ffe54588000 	C:\WINDOWS\System32\NSI.dll
0x00007ffe4cb00000 - 0x00007ffe4cb17000 	C:\WINDOWS\SYSTEM32\dhcpcsvc6.DLL
0x00007ffe4cae0000 - 0x00007ffe4cafd000 	C:\WINDOWS\SYSTEM32\dhcpcsvc.DLL
0x00007ffe519a0000 - 0x00007ffe51a6c000 	C:\WINDOWS\SYSTEM32\DNSAPI.dll
0x00007ffe31480000 - 0x00007ffe3148e000 	C:\Program Files\Java\jdk-16.0.2\bin\sunmscapi.dll
0x00007ffe529f0000 - 0x00007ffe52b4f000 	C:\WINDOWS\System32\CRYPT32.dll
0x00007ffe51f80000 - 0x00007ffe51fa7000 	C:\WINDOWS\SYSTEM32\ncrypt.dll
0x00007ffe51f40000 - 0x00007ffe51f7b000 	C:\WINDOWS\SYSTEM32\NTASN1.dll
0x00007ffe30e00000 - 0x00007ffe30e07000 	C:\WINDOWS\system32\wshunix.dll

dbghelp: loaded successfully - version: 4.0.5 - missing functions: none
symbol engine: initialized successfully - sym options: 0x614 - pdb path: .;C:\Program Files\Java\jdk-16.0.2\bin;C:\WINDOWS\SYSTEM32;C:\WINDOWS\WinSxS\amd64_microsoft.windows.common-controls_6595b64144ccf1df_6.0.19041.1110_none_60b5254171f9507e;C:\Program Files\Java\jdk-16.0.2\bin\server;C:\Users\halag\Documents\cs\year_project\Server_location_app\.gradle\native\8bec1ad78214c89d9ad589b4d07fe93259594b29d510b10fafb7a158f7737e5d\windows-amd64;C:\Users\halag\Documents\cs\year_project\Server_location_app\.gradle\native\53dbd7edfb1c66fb8903c78663c9afc45aea4f116125fa6feffd364cf09443e8\windows-amd64

VM Arguments:
jvm_args: --add-opens=java.base/java.util=ALL-UNNAMED --add-opens=java.base/java.lang=ALL-UNNAMED --add-opens=java.base/java.lang.invoke=ALL-UNNAMED --add-opens=java.base/java.util=ALL-UNNAMED --add-opens=java.prefs/java.util.prefs=ALL-UNNAMED --add-opens=java.prefs/java.util.prefs=ALL-UNNAMED --add-opens=java.base/java.nio.charset=ALL-UNNAMED --add-opens=java.base/java.net=ALL-UNNAMED --add-opens=java.base/java.util.concurrent.atomic=ALL-UNNAMED -Xmx1536M -Dfile.encoding=UTF-8 -Duser.country=GB -Duser.language=en -Duser.variant 
java_command: org.gradle.launcher.daemon.bootstrap.GradleDaemon 7.0.2
java_class_path (initial): C:\Users\halag\Documents\cs\year_project\Server_location_app\.gradle\wrapper\dists\gradle-7.0.2-bin\857tjihv64xamwrf0h14cai3r\gradle-7.0.2\lib\gradle-launcher-7.0.2.jar
Launcher Type: SUN_STANDARD

[Global flags]
     intx CICompilerCount                          = 3                                         {product} {ergonomic}
     uint ConcGCThreads                            = 1                                         {product} {ergonomic}
     uint G1ConcRefinementThreads                  = 4                                         {product} {ergonomic}
   size_t G1HeapRegionSize                         = 1048576                                   {product} {ergonomic}
    uintx GCDrainStackTargetSize                   = 64                                        {product} {ergonomic}
   size_t InitialHeapSize                          = 134217728                                 {product} {ergonomic}
   size_t MarkStackSize                            = 4194304                                   {product} {ergonomic}
   size_t MaxHeapSize                              = 1610612736                                {product} {command line}
   size_t MaxNewSize                               = 965738496                                 {product} {ergonomic}
   size_t MinHeapDeltaBytes                        = 1048576                                   {product} {ergonomic}
   size_t MinHeapSize                              = 8388608                                   {product} {ergonomic}
    uintx NonNMethodCodeHeapSize                   = 5832780                                {pd product} {ergonomic}
    uintx NonProfiledCodeHeapSize                  = 122912730                              {pd product} {ergonomic}
    uintx ProfiledCodeHeapSize                     = 122912730                              {pd product} {ergonomic}
    uintx ReservedCodeCacheSize                    = 251658240                              {pd product} {ergonomic}
     bool SegmentedCodeCache                       = true                                      {product} {ergonomic}
   size_t SoftMaxHeapSize                          = 1610612736                             {manageable} {ergonomic}
     bool UseCompressedClassPointers               = true                           {product lp64_product} {ergonomic}
     bool UseCompressedOops                        = true                           {product lp64_product} {ergonomic}
     bool UseG1GC                                  = true                                      {product} {ergonomic}
     bool UseLargePagesIndividualAllocation        = false                                  {pd product} {ergonomic}

Logging:
Log output configuration:
 #0: stdout all=warning uptime,level,tags
 #1: stderr all=off uptime,level,tags

Environment Variables:
JAVA_HOME=C:\Program Files\Java\jdk-16.0.2
PATH=C:\Program Files\Common Files\Oracle\Java\javapath;C:\Program Files (x86)\Common Files\Oracle\Java\javapath;C:\WINDOWS\system32;C:\WINDOWS;C:\WINDOWS\System32\Wbem;C:\WINDOWS\System32\WindowsPowerShell\v1.0\;C:\WINDOWS\System32\OpenSSH\;C:\Program Files\Intel\WiFi\bin\;C:\Program Files\Common Files\Intel\WirelessCommon\;C:\Git\cmd;C:\MinGW\bin;C:\Users\halag\Documents\cs\python\PyCharm Community Edition 2020.3.4;C:\Users\halag\AppData\Roaming\Microsoft\Windows\Start Menu\Programs\Python 3.9;C:\Users\halag\AppData\Local\Programs\Python\Python39;C:\Program Files (x86)\Intel\Intel(R) Management Engine Components\DAL;C:\Program Files\Intel\Intel(R) Management Engine Components\DAL;C:\Program Files\Java\jdk-16.0.2\bin;C:\Users\halag\AppData\Local\Microsoft\WindowsApps;C:\Program Files (x86)\Dr. Memory\bin\;C:\Program Files\Intel\WiFi\bin\;C:\Program Files\Common Files\Intel\WirelessCommon\;C:\Program Files\Java\jdk-10.0.2\bin;C:\Users\halag\AppData\Local\GitHubDesktop\bin;C:\Users\halag\Documents\cs\winter2020\machine_learning\PyCharm Community Edition 2020.3\bin;;C:\Users\halag\AppData\Local\Android\Sdk\platform-tools;C:\Users\halag\AppData\Local\Android\Sdk;C:\Program Files\Java\jdk-16.0.2\bin;
USERNAME=halag
OS=Windows_NT
PROCESSOR_IDENTIFIER=Intel64 Family 6 Model 142 Stepping 9, GenuineIntel



---------------  S Y S T E M  ---------------

OS:
 Windows 10 , 64 bit Build 19041 (10.0.19041.1151)
OS uptime: 3 days 18:33 hours

CPU: total 4 (initial active 4) (2 cores per cpu, 2 threads per core) family 6 model 142 stepping 9 microcode 0xde, cx8, cmov, fxsr, ht, mmx, 3dnowpref, sse, sse2, sse3, ssse3, sse4.1, sse4.2, popcnt, lzcnt, tsc, tscinvbit, avx, avx2, aes, erms, clmul, bmi1, bmi2, adx, fma, vzeroupper, clflush, clflushopt

Memory: 4k page, system-wide physical 8089M (1089M free)
TotalPageFile size 9329M (AvailPageFile size 8M)
current process WorkingSet (physical memory assigned to process): 274M, peak: 276M
current process commit charge ("private bytes"): 309M, peak: 312M

vm_info: Java HotSpot(TM) 64-Bit Server VM (16.0.2+7-67) for windows-amd64 JRE (16.0.2+7-67), built on Jun  8 2021 23:24:19 by "mach5one" with MS VC++ 16.7 (VS2019)

END.
