#
# There is insufficient memory for the Java Runtime Environment to continue.
# Native memory allocation (mmap) failed to map 16777216 bytes for G1 virtual space
# Possible reasons:
#   The system is out of physical RAM or swap space
#   The process is running with CompressedOops enabled, and the Java Heap may be blocking the growth of the native heap
# Possible solutions:
#   Reduce memory load on the system
#   Increase physical memory or swap space
#   Check if swap backing store is full
#   Decrease Java heap size (-Xmx/-Xms)
#   Decrease number of Java threads
#   Decrease Java thread stack sizes (-Xss)
#   Set larger code cache with -XX:ReservedCodeCacheSize=
#   JVM is running with Unscaled Compressed Oops mode in which the Java heap is
#     placed in the first 4GB address space. The Java Heap base address is the
#     maximum limit for the native heap growth. Please use -XX:HeapBaseMinAddress
#     to set the Java Heap base and to place the Java Heap above 4GB virtual address.
# This output file may be truncated or incomplete.
#
#  Out of Memory Error (os_windows.cpp:3466), pid=9936, tid=3188
#
# JRE version: Java(TM) SE Runtime Environment (16.0.2+7) (build 16.0.2+7-67)
# Java VM: Java HotSpot(TM) 64-Bit Server VM (16.0.2+7-67, mixed mode, sharing, tiered, compressed oops, compressed class ptrs, g1 gc, windows-amd64)
# No core dump will be written. Minidumps are not enabled by default on client versions of Windows
#

---------------  S U M M A R Y ------------

Command Line: --add-opens=java.base/java.util=ALL-UNNAMED --add-opens=java.base/java.lang=ALL-UNNAMED --add-opens=java.base/java.lang.invoke=ALL-UNNAMED --add-opens=java.base/java.util=ALL-UNNAMED --add-opens=java.prefs/java.util.prefs=ALL-UNNAMED --add-opens=java.prefs/java.util.prefs=ALL-UNNAMED --add-opens=java.base/java.nio.charset=ALL-UNNAMED --add-opens=java.base/java.net=ALL-UNNAMED --add-opens=java.base/java.util.concurrent.atomic=ALL-UNNAMED -Xmx1536M -Dfile.encoding=UTF-8 -Duser.country=GB -Duser.language=en -Duser.variant org.gradle.launcher.daemon.bootstrap.GradleDaemon 7.0.2

Host: Intel(R) Core(TM) i5-7200U CPU @ 2.50GHz, 4 cores, 7G,  Windows 10 , 64 bit Build 19041 (10.0.19041.1151)
Time: Mon Sep 13 22:53:44 2021 Jerusalem Summer Time elapsed time: 15.662555 seconds (0d 0h 0m 15s)

---------------  T H R E A D  ---------------

Current thread (0x0000019d524eeb60):  VMThread "VM Thread" [stack: 0x0000002677200000,0x0000002677300000] [id=3188]

Stack: [0x0000002677200000,0x0000002677300000]
Native frames: (J=compiled Java code, j=interpreted, Vv=VM code, C=native code)
V  [jvm.dll+0x6681ca]
V  [jvm.dll+0x7c9e69]
V  [jvm.dll+0x7cb61e]
V  [jvm.dll+0x7cbc73]
V  [jvm.dll+0x242c55]
V  [jvm.dll+0x664f89]
V  [jvm.dll+0x659b75]
V  [jvm.dll+0x2fbfbb]
V  [jvm.dll+0x3031b6]
V  [jvm.dll+0x35299e]
V  [jvm.dll+0x352bcf]
V  [jvm.dll+0x2d3028]
V  [jvm.dll+0x2d6596]
V  [jvm.dll+0x2e0aa7]
V  [jvm.dll+0x315550]
V  [jvm.dll+0x7d00ab]
V  [jvm.dll+0x7d0da4]
V  [jvm.dll+0x7d12a9]
V  [jvm.dll+0x7d1564]
V  [jvm.dll+0x7d1630]
V  [jvm.dll+0x7795aa]
V  [jvm.dll+0x667066]
C  [ucrtbase.dll+0x21bb2]
C  [KERNEL32.DLL+0x17034]
C  [ntdll.dll+0x52651]

VM_Operation (0x0000002676eff570): G1Concurrent, mode: safepoint, requested by thread 0x0000019d52452610


---------------  P R O C E S S  ---------------

Threads class SMR info:
_java_thread_list=0x0000019d76af9780, length=52, elements={
0x0000019d5240e620, 0x0000019d7085b620, 0x0000019d7085c3f0, 0x0000019d7086bde0,
0x0000019d7086e800, 0x0000019d7086f110, 0x0000019d7086fa20, 0x0000019d70870660,
0x0000019d708dabc0, 0x0000019d708f1130, 0x0000019d71488bb0, 0x0000019d7148a0f0,
0x0000019d72f72ee0, 0x0000019d73c3b120, 0x0000019d7292e770, 0x0000019d73ec8e20,
0x0000019d73f985f0, 0x0000019d747e5fe0, 0x0000019d731fc280, 0x0000019d71f36d10,
0x0000019d71f35d20, 0x0000019d71f377b0, 0x0000019d71f357d0, 0x0000019d71f37260,
0x0000019d71f35280, 0x0000019d739b3380, 0x0000019d71f36270, 0x0000019d71f38250,
0x0000019d71f367c0, 0x0000019d74a67760, 0x0000019d74a67210, 0x0000019d74a69c90,
0x0000019d74a66220, 0x0000019d74a67cb0, 0x0000019d74a64ce0, 0x0000019d74a6b720,
0x0000019d74a6bc70, 0x0000019d74a6a1e0, 0x0000019d74a6a730, 0x0000019d74a69740,
0x0000019d74a65230, 0x0000019d74a66770, 0x0000019d74a68200, 0x0000019d74a6ac80,
0x0000019d74a65780, 0x0000019d74a68750, 0x0000019d74a68ca0, 0x0000019d796b2f30,
0x0000019d796b3480, 0x0000019d796b3f20, 0x0000019d796b4f10, 0x0000019d796b5460
}

Java Threads: ( => current thread )
  0x0000019d5240e620 JavaThread "main" [_thread_blocked, id=8196, stack(0x0000002676c00000,0x0000002676d00000)]
  0x0000019d7085b620 JavaThread "Reference Handler" daemon [_thread_blocked, id=12244, stack(0x0000002677300000,0x0000002677400000)]
  0x0000019d7085c3f0 JavaThread "Finalizer" daemon [_thread_blocked, id=11000, stack(0x0000002677400000,0x0000002677500000)]
  0x0000019d7086bde0 JavaThread "Signal Dispatcher" daemon [_thread_blocked, id=17192, stack(0x0000002677500000,0x0000002677600000)]
  0x0000019d7086e800 JavaThread "Attach Listener" daemon [_thread_blocked, id=18424, stack(0x0000002677600000,0x0000002677700000)]
  0x0000019d7086f110 JavaThread "Service Thread" daemon [_thread_blocked, id=16256, stack(0x0000002677700000,0x0000002677800000)]
  0x0000019d7086fa20 JavaThread "Monitor Deflation Thread" daemon [_thread_blocked, id=5700, stack(0x0000002677800000,0x0000002677900000)]
  0x0000019d70870660 JavaThread "C2 CompilerThread0" daemon [_thread_blocked, id=7460, stack(0x0000002677900000,0x0000002677a00000)]
  0x0000019d708dabc0 JavaThread "C1 CompilerThread0" daemon [_thread_blocked, id=17836, stack(0x0000002677a00000,0x0000002677b00000)]
  0x0000019d708f1130 JavaThread "Sweeper thread" daemon [_thread_blocked, id=10228, stack(0x0000002677b00000,0x0000002677c00000)]
  0x0000019d71488bb0 JavaThread "Common-Cleaner" daemon [_thread_blocked, id=18516, stack(0x0000002677c00000,0x0000002677d00000)]
  0x0000019d7148a0f0 JavaThread "Notification Thread" daemon [_thread_blocked, id=11188, stack(0x0000002677d00000,0x0000002677e00000)]
  0x0000019d72f72ee0 JavaThread "Daemon health stats" [_thread_blocked, id=13992, stack(0x0000002678300000,0x0000002678400000)]
  0x0000019d73c3b120 JavaThread "Incoming local TCP Connector on port 64038" [_thread_in_native, id=8324, stack(0x0000002678400000,0x0000002678500000)]
  0x0000019d7292e770 JavaThread "Daemon periodic checks" [_thread_blocked, id=3108, stack(0x0000002678500000,0x0000002678600000)]
  0x0000019d73ec8e20 JavaThread "Daemon" [_thread_blocked, id=4744, stack(0x0000002678600000,0x0000002678700000)]
  0x0000019d73f985f0 JavaThread "Handler for socket connection from /127.0.0.1:64038 to /127.0.0.1:64039" [_thread_in_native, id=17660, stack(0x0000002678700000,0x0000002678800000)]
  0x0000019d747e5fe0 JavaThread "Cancel handler" [_thread_blocked, id=1736, stack(0x0000002678800000,0x0000002678900000)]
  0x0000019d731fc280 JavaThread "Daemon worker" [_thread_blocked, id=8008, stack(0x0000002678900000,0x0000002678a00000)]
  0x0000019d71f36d10 JavaThread "Asynchronous log dispatcher for DefaultDaemonConnection: socket connection from /127.0.0.1:64038 to /127.0.0.1:64039" [_thread_blocked, id=18148, stack(0x0000002678a00000,0x0000002678b00000)]
  0x0000019d71f35d20 JavaThread "Stdin handler" [_thread_blocked, id=11172, stack(0x0000002678b00000,0x0000002678c00000)]
  0x0000019d71f377b0 JavaThread "Daemon client event forwarder" [_thread_blocked, id=7944, stack(0x0000002678c00000,0x0000002678d00000)]
  0x0000019d71f357d0 JavaThread "Cache worker for file hash cache (C:\Users\halag\Documents\cs\year_project\Server_location_app\.gradle\caches\7.0.2\fileHashes)" [_thread_blocked, id=16216, stack(0x0000002677f00000,0x0000002678000000)]
  0x0000019d71f37260 JavaThread "File lock request listener" [_thread_in_native, id=13532, stack(0x0000002678d00000,0x0000002678e00000)]
  0x0000019d71f35280 JavaThread "Cache worker for journal cache (C:\Users\halag\Documents\cs\year_project\Server_location_app\.gradle\caches\journal-1)" [_thread_blocked, id=11792, stack(0x0000002678e00000,0x0000002678f00000)]
  0x0000019d739b3380 JavaThread "C2 CompilerThread1" daemon [_thread_blocked, id=8764, stack(0x0000002678f00000,0x0000002679000000)]
  0x0000019d71f36270 JavaThread "Cache worker for file hash cache (C:\Users\halag\Documents\cs\year_project\test_app2\.gradle\7.0.2\fileHashes)" [_thread_blocked, id=7576, stack(0x0000002679000000,0x0000002679100000)]
  0x0000019d71f38250 JavaThread "File watcher server" daemon [_thread_blocked, id=9608, stack(0x0000002679100000,0x0000002679200000)]
  0x0000019d71f367c0 JavaThread "File watcher consumer" daemon [_thread_blocked, id=19260, stack(0x0000002679200000,0x0000002679300000)]
  0x0000019d74a67760 JavaThread "Cache worker for checksums cache (C:\Users\halag\Documents\cs\year_project\test_app2\.gradle\checksums)" [_thread_blocked, id=10340, stack(0x0000002679300000,0x0000002679400000)]
  0x0000019d74a67210 JavaThread "Cache worker for cache directory md-supplier (C:\Users\halag\Documents\cs\year_project\Server_location_app\.gradle\caches\7.0.2\md-supplier)" [_thread_blocked, id=18428, stack(0x0000002679400000,0x0000002679500000)]
  0x0000019d74a69c90 JavaThread "Cache worker for cache directory md-rule (C:\Users\halag\Documents\cs\year_project\Server_location_app\.gradle\caches\7.0.2\md-rule)" [_thread_blocked, id=3964, stack(0x0000002679500000,0x0000002679600000)]
  0x0000019d74a66220 JavaThread "Cache worker for execution history cache (C:\Users\halag\Documents\cs\year_project\Server_location_app\.gradle\caches\7.0.2\executionHistory)" [_thread_blocked, id=18944, stack(0x0000002679600000,0x0000002679700000)]
  0x0000019d74a67cb0 JavaThread "jar transforms" [_thread_blocked, id=19056, stack(0x0000002679800000,0x0000002679900000)]
  0x0000019d74a64ce0 JavaThread "jar transforms Thread 2" [_thread_blocked, id=17892, stack(0x0000002679900000,0x0000002679a00000)]
  0x0000019d74a6b720 JavaThread "Cache worker for file content cache (C:\Users\halag\Documents\cs\year_project\Server_location_app\.gradle\caches\7.0.2\fileContent)" [_thread_blocked, id=9164, stack(0x0000002679a00000,0x0000002679b00000)]
  0x0000019d74a6bc70 JavaThread "Cache worker for dependencies-accessors (C:\Users\halag\Documents\cs\year_project\test_app2\.gradle\7.0.2\dependencies-accessors)" [_thread_blocked, id=13884, stack(0x0000002679b00000,0x0000002679c00000)]
  0x0000019d74a6a1e0 JavaThread "jar transforms Thread 3" [_thread_blocked, id=15072, stack(0x0000002679c00000,0x0000002679d00000)]
  0x0000019d74a6a730 JavaThread "Cache worker for Build Output Cleanup Cache (C:\Users\halag\Documents\cs\year_project\test_app2\.gradle\buildOutputCleanup)" [_thread_blocked, id=6396, stack(0x0000002679d00000,0x0000002679e00000)]
  0x0000019d74a69740 JavaThread "Build operations" [_thread_blocked, id=4824, stack(0x0000002679e00000,0x0000002679f00000)]
  0x0000019d74a65230 JavaThread "Build operations Thread 2" [_thread_blocked, id=11176, stack(0x0000002679f00000,0x000000267a000000)]
  0x0000019d74a66770 JavaThread "Build operations Thread 3" [_thread_blocked, id=6460, stack(0x000000267a000000,0x000000267a100000)]
  0x0000019d74a68200 JavaThread "Build operations Thread 4" [_thread_blocked, id=14132, stack(0x000000267a100000,0x000000267a200000)]
  0x0000019d74a6ac80 JavaThread "jar transforms Thread 4" [_thread_blocked, id=8300, stack(0x000000267a200000,0x000000267a300000)]
  0x0000019d74a65780 JavaThread "Memory manager" [_thread_blocked, id=16868, stack(0x000000267a300000,0x000000267a400000)]
  0x0000019d74a68750 JavaThread "build event listener" [_thread_blocked, id=4908, stack(0x000000267a400000,0x000000267a500000)]
  0x0000019d74a68ca0 JavaThread "pool-3-thread-1" [_thread_blocked, id=14392, stack(0x000000267a500000,0x000000267a600000)]
  0x0000019d796b2f30 JavaThread "build event listener" [_thread_blocked, id=5864, stack(0x000000267a600000,0x000000267a700000)]
  0x0000019d796b3480 JavaThread "Execution worker for ':'" [_thread_blocked, id=11320, stack(0x000000267a700000,0x000000267a800000)]
  0x0000019d796b3f20 JavaThread "Execution worker for ':' Thread 2" [_thread_blocked, id=1660, stack(0x000000267a800000,0x000000267a900000)]
  0x0000019d796b4f10 JavaThread "Execution worker for ':' Thread 3" [_thread_blocked, id=2384, stack(0x000000267a900000,0x000000267aa00000)]
  0x0000019d796b5460 JavaThread "Cache worker for execution history cache (C:\Users\halag\Documents\cs\year_project\test_app2\.gradle\7.0.2\executionHistory)" [_thread_blocked, id=13968, stack(0x000000267aa00000,0x000000267ab00000)]

Other Threads:
=>0x0000019d524eeb60 VMThread "VM Thread" [stack: 0x0000002677200000,0x0000002677300000] [id=3188]
  0x0000019d7148d630 WatcherThread [stack: 0x0000002677e00000,0x0000002677f00000] [id=3048]
  0x0000019d524445b0 GCTaskThread "GC Thread#0" [stack: 0x0000002676d00000,0x0000002676e00000] [id=492]
  0x0000019d71cb2c00 GCTaskThread "GC Thread#1" [stack: 0x0000002678000000,0x0000002678100000] [id=8528]
  0x0000019d71858230 GCTaskThread "GC Thread#2" [stack: 0x0000002678100000,0x0000002678200000] [id=18580]
  0x0000019d7211fdb0 GCTaskThread "GC Thread#3" [stack: 0x0000002678200000,0x0000002678300000] [id=18820]
  0x0000019d52452610 ConcurrentGCThread "G1 Main Marker" [stack: 0x0000002676e00000,0x0000002676f00000] [id=10116]
  0x0000019d52453010 ConcurrentGCThread "G1 Conc#0" [stack: 0x0000002676f00000,0x0000002677000000] [id=12528]
  0x0000019d524c9370 ConcurrentGCThread "G1 Refine#0" [stack: 0x0000002677000000,0x0000002677100000] [id=15000]
  0x0000019d74aa2020 ConcurrentGCThread "G1 Refine#1" [stack: 0x0000002679700000,0x0000002679800000] [id=2776]
  0x0000019d524cad90 ConcurrentGCThread "G1 Service" [stack: 0x0000002677100000,0x0000002677200000] [id=5768]

Threads with active compile tasks:
C2 CompilerThread0    15699 9716       4       org.apache.xerces.impl.XMLNSDocumentScannerImpl::scanStartElement (873 bytes)
C2 CompilerThread1    15699 9691       4       org.apache.xerces.impl.XMLNSDocumentScannerImpl::scanAttribute (586 bytes)

VM state: at safepoint (normal execution)

VM Mutex/Monitor currently owned by a thread:  ([mutex/lock_event])
[0x0000019d5240bfa0] Threads_lock - owner thread: 0x0000019d524eeb60
[0x0000019d5240a800] Heap_lock - owner thread: 0x0000019d52452610

Heap address: 0x00000000a0000000, size: 1536 MB, Compressed Oops mode: 32-bit

CDS archive(s) mapped at: [0x0000000800000000-0x0000000800bb0000-0x0000000800bb0000), size 12255232, SharedBaseAddress: 0x0000000800000000, ArchiveRelocationMode: 0.
Compressed class space mapped at: 0x0000000800c00000-0x0000000840c00000, reserved size: 1073741824
Narrow klass base: 0x0000000800000000, Narrow klass shift: 3, Narrow klass range: 0x100000000

GC Precious Log:
 CPUs: 4 total, 4 available
 Memory: 8089M
 Large Page Support: Disabled
 NUMA Support: Disabled
 Compressed Oops: Enabled (32-bit)
 Heap Region Size: 1M
 Heap Min Capacity: 8M
 Heap Initial Capacity: 128M
 Heap Max Capacity: 1536M
 Pre-touch: Disabled
 Parallel Workers: 4
 Concurrent Workers: 1
 Concurrent Refinement Workers: 4
 Periodic GC: Disabled

Heap:
 garbage-first heap   total 144384K, used 92602K [0x00000000a0000000, 0x0000000100000000)
  region size 1024K, 17 young (17408K), 6 survivors (6144K)
 Metaspace       used 72502K, committed 73088K, reserved 1114112K
  class space    used 9639K, committed 9920K, reserved 1048576K

Heap Regions: E=young(eden), S=young(survivor), O=old, HS=humongous(starts), HC=humongous(continues), CS=collection set, F=free, OA=open archive, CA=closed archive, TAMS=top-at-mark-start (previous, next)
|   0|0x00000000a0000000, 0x00000000a0100000, 0x00000000a0100000|100%|HS|  |TAMS 0x00000000a0100000, 0x00000000a0000000| Complete 
|   1|0x00000000a0100000, 0x00000000a0200000, 0x00000000a0200000|100%|HC|  |TAMS 0x00000000a0200000, 0x00000000a0100000| Complete 
|   2|0x00000000a0200000, 0x00000000a0300000, 0x00000000a0300000|100%|HC|  |TAMS 0x00000000a0300000, 0x00000000a0200000| Complete 
|   3|0x00000000a0300000, 0x00000000a0400000, 0x00000000a0400000|100%| O|  |TAMS 0x00000000a0400000, 0x00000000a0300000| Updating 
|   4|0x00000000a0400000, 0x00000000a0500000, 0x00000000a0500000|100%| O|  |TAMS 0x00000000a0500000, 0x00000000a0400000| Updating 
|   5|0x00000000a0500000, 0x00000000a0600000, 0x00000000a0600000|100%| O|  |TAMS 0x00000000a0600000, 0x00000000a0500000| Updating 
|   6|0x00000000a0600000, 0x00000000a0700000, 0x00000000a0700000|100%| O|  |TAMS 0x00000000a0700000, 0x00000000a0600000| Updating 
|   7|0x00000000a0700000, 0x00000000a0800000, 0x00000000a0800000|100%| O|  |TAMS 0x00000000a0800000, 0x00000000a0700000| Updating 
|   8|0x00000000a0800000, 0x00000000a0900000, 0x00000000a0900000|100%| O|  |TAMS 0x00000000a0900000, 0x00000000a0800000| Updating 
|   9|0x00000000a0900000, 0x00000000a0a00000, 0x00000000a0a00000|100%| O|  |TAMS 0x00000000a0a00000, 0x00000000a0900000| Updating 
|  10|0x00000000a0a00000, 0x00000000a0b00000, 0x00000000a0b00000|100%| O|  |TAMS 0x00000000a0b00000, 0x00000000a0a00000| Updating 
|  11|0x00000000a0b00000, 0x00000000a0c00000, 0x00000000a0c00000|100%| O|  |TAMS 0x00000000a0c00000, 0x00000000a0b00000| Updating 
|  12|0x00000000a0c00000, 0x00000000a0d00000, 0x00000000a0d00000|100%| O|  |TAMS 0x00000000a0d00000, 0x00000000a0c00000| Updating 
|  13|0x00000000a0d00000, 0x00000000a0e00000, 0x00000000a0e00000|100%| O|  |TAMS 0x00000000a0e00000, 0x00000000a0d00000| Updating 
|  14|0x00000000a0e00000, 0x00000000a0f00000, 0x00000000a0f00000|100%| O|  |TAMS 0x00000000a0f00000, 0x00000000a0e00000| Updating 
|  15|0x00000000a0f00000, 0x00000000a1000000, 0x00000000a1000000|100%| O|  |TAMS 0x00000000a1000000, 0x00000000a0f00000| Updating 
|  16|0x00000000a1000000, 0x00000000a1100000, 0x00000000a1100000|100%| O|  |TAMS 0x00000000a1100000, 0x00000000a1000000| Updating 
|  17|0x00000000a1100000, 0x00000000a1200000, 0x00000000a1200000|100%| O|  |TAMS 0x00000000a1200000, 0x00000000a1100000| Updating 
|  18|0x00000000a1200000, 0x00000000a1207e00, 0x00000000a1300000|  3%| O|  |TAMS 0x00000000a1207e00, 0x00000000a1200000| Updating 
|  19|0x00000000a1300000, 0x00000000a1400000, 0x00000000a1400000|100%| O|  |TAMS 0x00000000a1400000, 0x00000000a1300000| Updating 
|  20|0x00000000a1400000, 0x00000000a1500000, 0x00000000a1500000|100%| O|  |TAMS 0x00000000a1500000, 0x00000000a1400000| Updating 
|  21|0x00000000a1500000, 0x00000000a1600000, 0x00000000a1600000|100%| O|  |TAMS 0x00000000a1600000, 0x00000000a1500000| Updating 
|  22|0x00000000a1600000, 0x00000000a1700000, 0x00000000a1700000|100%| O|  |TAMS 0x00000000a1700000, 0x00000000a1600000| Updating 
|  23|0x00000000a1700000, 0x00000000a1800000, 0x00000000a1800000|100%| O|  |TAMS 0x00000000a1800000, 0x00000000a1700000| Updating 
|  24|0x00000000a1800000, 0x00000000a1900000, 0x00000000a1900000|100%| O|  |TAMS 0x00000000a1900000, 0x00000000a1800000| Updating 
|  25|0x00000000a1900000, 0x00000000a1a00000, 0x00000000a1a00000|100%|HS|  |TAMS 0x00000000a1a00000, 0x00000000a1900000| Complete 
|  26|0x00000000a1a00000, 0x00000000a1b00000, 0x00000000a1b00000|100%|HS|  |TAMS 0x00000000a1b00000, 0x00000000a1a00000| Complete 
|  27|0x00000000a1b00000, 0x00000000a1c00000, 0x00000000a1c00000|100%|HS|  |TAMS 0x00000000a1c00000, 0x00000000a1b00000| Complete 
|  28|0x00000000a1c00000, 0x00000000a1d00000, 0x00000000a1d00000|100%| O|  |TAMS 0x00000000a1d00000, 0x00000000a1c00000| Updating 
|  29|0x00000000a1d00000, 0x00000000a1e00000, 0x00000000a1e00000|100%| O|  |TAMS 0x00000000a1e00000, 0x00000000a1d00000| Updating 
|  30|0x00000000a1e00000, 0x00000000a1f00000, 0x00000000a1f00000|100%| O|  |TAMS 0x00000000a1f00000, 0x00000000a1e00000| Updating 
|  31|0x00000000a1f00000, 0x00000000a2000000, 0x00000000a2000000|100%| O|  |TAMS 0x00000000a2000000, 0x00000000a1f00000| Updating 
|  32|0x00000000a2000000, 0x00000000a2100000, 0x00000000a2100000|100%| O|  |TAMS 0x00000000a2100000, 0x00000000a2000000| Updating 
|  33|0x00000000a2100000, 0x00000000a2200000, 0x00000000a2200000|100%| O|  |TAMS 0x00000000a2200000, 0x00000000a2100000| Updating 
|  34|0x00000000a2200000, 0x00000000a2300000, 0x00000000a2300000|100%| O|  |TAMS 0x00000000a2300000, 0x00000000a2200000| Updating 
|  35|0x00000000a2300000, 0x00000000a2400000, 0x00000000a2400000|100%| O|  |TAMS 0x00000000a2400000, 0x00000000a2300000| Updating 
|  36|0x00000000a2400000, 0x00000000a2500000, 0x00000000a2500000|100%|HS|  |TAMS 0x00000000a2500000, 0x00000000a2400000| Complete 
|  37|0x00000000a2500000, 0x00000000a2600000, 0x00000000a2600000|100%|HC|  |TAMS 0x00000000a2600000, 0x00000000a2500000| Complete 
|  38|0x00000000a2600000, 0x00000000a2700000, 0x00000000a2700000|100%|HC|  |TAMS 0x00000000a2700000, 0x00000000a2600000| Complete 
|  39|0x00000000a2700000, 0x00000000a2800000, 0x00000000a2800000|100%|HS|  |TAMS 0x00000000a2800000, 0x00000000a2700000| Complete 
|  40|0x00000000a2800000, 0x00000000a2900000, 0x00000000a2900000|100%|HC|  |TAMS 0x00000000a2900000, 0x00000000a2800000| Complete 
|  41|0x00000000a2900000, 0x00000000a2a00000, 0x00000000a2a00000|100%| O|  |TAMS 0x00000000a2a00000, 0x00000000a2900000| Updating 
|  42|0x00000000a2a00000, 0x00000000a2b00000, 0x00000000a2b00000|100%| O|  |TAMS 0x00000000a2b00000, 0x00000000a2a00000| Updating 
|  43|0x00000000a2b00000, 0x00000000a2c00000, 0x00000000a2c00000|100%| O|  |TAMS 0x00000000a2c00000, 0x00000000a2b00000| Updating 
|  44|0x00000000a2c00000, 0x00000000a2d00000, 0x00000000a2d00000|100%| O|  |TAMS 0x00000000a2d00000, 0x00000000a2c00000| Updating 
|  45|0x00000000a2d00000, 0x00000000a2e00000, 0x00000000a2e00000|100%| O|  |TAMS 0x00000000a2e00000, 0x00000000a2d00000| Updating 
|  46|0x00000000a2e00000, 0x00000000a2f00000, 0x00000000a2f00000|100%| O|  |TAMS 0x00000000a2f00000, 0x00000000a2e00000| Updating 
|  47|0x00000000a2f00000, 0x00000000a3000000, 0x00000000a3000000|100%| O|  |TAMS 0x00000000a3000000, 0x00000000a2f00000| Updating 
|  48|0x00000000a3000000, 0x00000000a3100000, 0x00000000a3100000|100%| O|  |TAMS 0x00000000a3100000, 0x00000000a3000000| Updating 
|  49|0x00000000a3100000, 0x00000000a3200000, 0x00000000a3200000|100%| O|  |TAMS 0x00000000a3200000, 0x00000000a3100000| Updating 
|  50|0x00000000a3200000, 0x00000000a3300000, 0x00000000a3300000|100%| O|  |TAMS 0x00000000a3300000, 0x00000000a3200000| Updating 
|  51|0x00000000a3300000, 0x00000000a3400000, 0x00000000a3400000|100%| O|  |TAMS 0x00000000a3400000, 0x00000000a3300000| Updating 
|  52|0x00000000a3400000, 0x00000000a3500000, 0x00000000a3500000|100%| O|  |TAMS 0x00000000a3500000, 0x00000000a3400000| Updating 
|  53|0x00000000a3500000, 0x00000000a3600000, 0x00000000a3600000|100%| O|  |TAMS 0x00000000a3600000, 0x00000000a3500000| Updating 
|  54|0x00000000a3600000, 0x00000000a3700000, 0x00000000a3700000|100%| O|  |TAMS 0x00000000a3700000, 0x00000000a3600000| Updating 
|  55|0x00000000a3700000, 0x00000000a3800000, 0x00000000a3800000|100%| O|  |TAMS 0x00000000a3800000, 0x00000000a3700000| Updating 
|  56|0x00000000a3800000, 0x00000000a3900000, 0x00000000a3900000|100%| O|  |TAMS 0x00000000a3900000, 0x00000000a3800000| Updating 
|  57|0x00000000a3900000, 0x00000000a3a00000, 0x00000000a3a00000|100%| O|  |TAMS 0x00000000a3a00000, 0x00000000a3900000| Updating 
|  58|0x00000000a3a00000, 0x00000000a3b00000, 0x00000000a3b00000|100%| O|  |TAMS 0x00000000a3b00000, 0x00000000a3a00000| Updating 
|  59|0x00000000a3b00000, 0x00000000a3c00000, 0x00000000a3c00000|100%| O|  |TAMS 0x00000000a3c00000, 0x00000000a3b00000| Updating 
|  60|0x00000000a3c00000, 0x00000000a3d00000, 0x00000000a3d00000|100%| O|  |TAMS 0x00000000a3d00000, 0x00000000a3c00000| Updating 
|  61|0x00000000a3d00000, 0x00000000a3e00000, 0x00000000a3e00000|100%| O|  |TAMS 0x00000000a3e00000, 0x00000000a3d00000| Updating 
|  62|0x00000000a3e00000, 0x00000000a3f00000, 0x00000000a3f00000|100%| O|  |TAMS 0x00000000a3f00000, 0x00000000a3e00000| Updating 
|  63|0x00000000a3f00000, 0x00000000a4000000, 0x00000000a4000000|100%| O|  |TAMS 0x00000000a4000000, 0x00000000a3f00000| Updating 
|  64|0x00000000a4000000, 0x00000000a4100000, 0x00000000a4100000|100%| O|  |TAMS 0x00000000a4100000, 0x00000000a4000000| Updating 
|  65|0x00000000a4100000, 0x00000000a4200000, 0x00000000a4200000|100%| O|  |TAMS 0x00000000a4200000, 0x00000000a4100000| Updating 
|  66|0x00000000a4200000, 0x00000000a4300000, 0x00000000a4300000|100%| O|  |TAMS 0x00000000a4300000, 0x00000000a4200000| Updating 
|  67|0x00000000a4300000, 0x00000000a4400000, 0x00000000a4400000|100%| O|  |TAMS 0x00000000a4389800, 0x00000000a4300000| Updating 
|  68|0x00000000a4400000, 0x00000000a4500000, 0x00000000a4500000|100%| O|  |TAMS 0x00000000a4400000, 0x00000000a4400000| Untracked 
|  69|0x00000000a4500000, 0x00000000a4600000, 0x00000000a4600000|100%| O|  |TAMS 0x00000000a4500000, 0x00000000a4500000| Untracked 
|  70|0x00000000a4600000, 0x00000000a4700000, 0x00000000a4700000|100%| O|  |TAMS 0x00000000a4600000, 0x00000000a4600000| Untracked 
|  71|0x00000000a4700000, 0x00000000a4800000, 0x00000000a4800000|100%| O|  |TAMS 0x00000000a4700000, 0x00000000a4700000| Untracked 
|  72|0x00000000a4800000, 0x00000000a4900000, 0x00000000a4900000|100%| O|  |TAMS 0x00000000a4800000, 0x00000000a4800000| Untracked 
|  73|0x00000000a4900000, 0x00000000a4966a00, 0x00000000a4a00000| 40%| O|  |TAMS 0x00000000a4900000, 0x00000000a4900000| Updating 
|  74|0x00000000a4a00000, 0x00000000a4b00000, 0x00000000a4b00000|100%|HS|  |TAMS 0x00000000a4a00000, 0x00000000a4a00000| Complete 
|  75|0x00000000a4b00000, 0x00000000a4c00000, 0x00000000a4c00000|100%|HS|  |TAMS 0x00000000a4b00000, 0x00000000a4b00000| Complete 
|  76|0x00000000a4c00000, 0x00000000a4d00000, 0x00000000a4d00000|100%|HS|  |TAMS 0x00000000a4c00000, 0x00000000a4c00000| Complete 
|  77|0x00000000a4d00000, 0x00000000a4d00000, 0x00000000a4e00000|  0%| F|  |TAMS 0x00000000a4d00000, 0x00000000a4d00000| Untracked 
|  78|0x00000000a4e00000, 0x00000000a4e00000, 0x00000000a4f00000|  0%| F|  |TAMS 0x00000000a4e00000, 0x00000000a4e00000| Untracked 
|  79|0x00000000a4f00000, 0x00000000a4f00000, 0x00000000a5000000|  0%| F|  |TAMS 0x00000000a4f00000, 0x00000000a4f00000| Untracked 
|  80|0x00000000a5000000, 0x00000000a5000000, 0x00000000a5100000|  0%| F|  |TAMS 0x00000000a5000000, 0x00000000a5000000| Untracked 
|  81|0x00000000a5100000, 0x00000000a5100000, 0x00000000a5200000|  0%| F|  |TAMS 0x00000000a5100000, 0x00000000a5100000| Untracked 
|  82|0x00000000a5200000, 0x00000000a5200000, 0x00000000a5300000|  0%| F|  |TAMS 0x00000000a5200000, 0x00000000a5200000| Untracked 
|  83|0x00000000a5300000, 0x00000000a5300000, 0x00000000a5400000|  0%| F|  |TAMS 0x00000000a5300000, 0x00000000a5300000| Untracked 
|  84|0x00000000a5400000, 0x00000000a5400000, 0x00000000a5500000|  0%| F|  |TAMS 0x00000000a5400000, 0x00000000a5400000| Untracked 
|  85|0x00000000a5500000, 0x00000000a5500000, 0x00000000a5600000|  0%| F|  |TAMS 0x00000000a5500000, 0x00000000a5500000| Untracked 
|  86|0x00000000a5600000, 0x00000000a5600000, 0x00000000a5700000|  0%| F|  |TAMS 0x00000000a5600000, 0x00000000a5600000| Untracked 
|  87|0x00000000a5700000, 0x00000000a5700000, 0x00000000a5800000|  0%| F|  |TAMS 0x00000000a5700000, 0x00000000a5700000| Untracked 
|  88|0x00000000a5800000, 0x00000000a5800000, 0x00000000a5900000|  0%| F|  |TAMS 0x00000000a5800000, 0x00000000a5800000| Untracked 
|  89|0x00000000a5900000, 0x00000000a5900000, 0x00000000a5a00000|  0%| F|  |TAMS 0x00000000a5900000, 0x00000000a5900000| Untracked 
|  90|0x00000000a5a00000, 0x00000000a5b00000, 0x00000000a5b00000|100%| S|CS|TAMS 0x00000000a5a00000, 0x00000000a5a00000| Complete 
|  91|0x00000000a5b00000, 0x00000000a5c00000, 0x00000000a5c00000|100%| S|CS|TAMS 0x00000000a5b00000, 0x00000000a5b00000| Complete 
|  92|0x00000000a5c00000, 0x00000000a5d00000, 0x00000000a5d00000|100%| S|CS|TAMS 0x00000000a5c00000, 0x00000000a5c00000| Complete 
|  93|0x00000000a5d00000, 0x00000000a5d00000, 0x00000000a5e00000|  0%| F|  |TAMS 0x00000000a5d00000, 0x00000000a5d00000| Untracked 
|  94|0x00000000a5e00000, 0x00000000a5e00000, 0x00000000a5f00000|  0%| F|  |TAMS 0x00000000a5e00000, 0x00000000a5e00000| Untracked 
|  95|0x00000000a5f00000, 0x00000000a5f00000, 0x00000000a6000000|  0%| F|  |TAMS 0x00000000a5f00000, 0x00000000a5f00000| Untracked 
|  96|0x00000000a6000000, 0x00000000a6000000, 0x00000000a6100000|  0%| F|  |TAMS 0x00000000a6000000, 0x00000000a6000000| Untracked 
|  97|0x00000000a6100000, 0x00000000a6200000, 0x00000000a6200000|100%| S|CS|TAMS 0x00000000a6100000, 0x00000000a6100000| Complete 
|  98|0x00000000a6200000, 0x00000000a6300000, 0x00000000a6300000|100%| S|CS|TAMS 0x00000000a6200000, 0x00000000a6200000| Complete 
|  99|0x00000000a6300000, 0x00000000a6400000, 0x00000000a6400000|100%| S|CS|TAMS 0x00000000a6300000, 0x00000000a6300000| Complete 
| 100|0x00000000a6400000, 0x00000000a6400000, 0x00000000a6500000|  0%| F|  |TAMS 0x00000000a6400000, 0x00000000a6400000| Untracked 
| 101|0x00000000a6500000, 0x00000000a6500000, 0x00000000a6600000|  0%| F|  |TAMS 0x00000000a6500000, 0x00000000a6500000| Untracked 
| 102|0x00000000a6600000, 0x00000000a6600000, 0x00000000a6700000|  0%| F|  |TAMS 0x00000000a6600000, 0x00000000a6600000| Untracked 
| 103|0x00000000a6700000, 0x00000000a6700000, 0x00000000a6800000|  0%| F|  |TAMS 0x00000000a6700000, 0x00000000a6700000| Untracked 
| 104|0x00000000a6800000, 0x00000000a6800000, 0x00000000a6900000|  0%| F|  |TAMS 0x00000000a6800000, 0x00000000a6800000| Untracked 
| 105|0x00000000a6900000, 0x00000000a6900000, 0x00000000a6a00000|  0%| F|  |TAMS 0x00000000a6900000, 0x00000000a6900000| Untracked 
| 106|0x00000000a6a00000, 0x00000000a6a00000, 0x00000000a6b00000|  0%| F|  |TAMS 0x00000000a6a00000, 0x00000000a6a00000| Untracked 
| 107|0x00000000a6b00000, 0x00000000a6b00000, 0x00000000a6c00000|  0%| F|  |TAMS 0x00000000a6b00000, 0x00000000a6b00000| Untracked 
| 108|0x00000000a6c00000, 0x00000000a6c00000, 0x00000000a6d00000|  0%| F|  |TAMS 0x00000000a6c00000, 0x00000000a6c00000| Untracked 
| 109|0x00000000a6d00000, 0x00000000a6d00000, 0x00000000a6e00000|  0%| F|  |TAMS 0x00000000a6d00000, 0x00000000a6d00000| Untracked 
| 110|0x00000000a6e00000, 0x00000000a6e00000, 0x00000000a6f00000|  0%| F|  |TAMS 0x00000000a6e00000, 0x00000000a6e00000| Untracked 
| 111|0x00000000a6f00000, 0x00000000a6f00000, 0x00000000a7000000|  0%| F|  |TAMS 0x00000000a6f00000, 0x00000000a6f00000| Untracked 
| 112|0x00000000a7000000, 0x00000000a7000000, 0x00000000a7100000|  0%| F|  |TAMS 0x00000000a7000000, 0x00000000a7000000| Untracked 
| 113|0x00000000a7100000, 0x00000000a7100000, 0x00000000a7200000|  0%| F|  |TAMS 0x00000000a7100000, 0x00000000a7100000| Untracked 
| 114|0x00000000a7200000, 0x00000000a7200000, 0x00000000a7300000|  0%| F|  |TAMS 0x00000000a7200000, 0x00000000a7200000| Untracked 
| 115|0x00000000a7300000, 0x00000000a7300000, 0x00000000a7400000|  0%| F|  |TAMS 0x00000000a7300000, 0x00000000a7300000| Untracked 
| 116|0x00000000a7400000, 0x00000000a7400000, 0x00000000a7500000|  0%| F|  |TAMS 0x00000000a7400000, 0x00000000a7400000| Untracked 
| 117|0x00000000a7500000, 0x00000000a7500000, 0x00000000a7600000|  0%| F|  |TAMS 0x00000000a7500000, 0x00000000a7500000| Untracked 
| 118|0x00000000a7600000, 0x00000000a7600000, 0x00000000a7700000|  0%| F|  |TAMS 0x00000000a7600000, 0x00000000a7600000| Untracked 
| 119|0x00000000a7700000, 0x00000000a7700000, 0x00000000a7800000|  0%| F|  |TAMS 0x00000000a7700000, 0x00000000a7700000| Untracked 
| 120|0x00000000a7800000, 0x00000000a7800000, 0x00000000a7900000|  0%| F|  |TAMS 0x00000000a7800000, 0x00000000a7800000| Untracked 
| 121|0x00000000a7900000, 0x00000000a7900000, 0x00000000a7a00000|  0%| F|  |TAMS 0x00000000a7900000, 0x00000000a7900000| Untracked 
| 122|0x00000000a7a00000, 0x00000000a7a00000, 0x00000000a7b00000|  0%| F|  |TAMS 0x00000000a7a00000, 0x00000000a7a00000| Untracked 
| 123|0x00000000a7b00000, 0x00000000a7b00000, 0x00000000a7c00000|  0%| F|  |TAMS 0x00000000a7b00000, 0x00000000a7b00000| Untracked 
| 124|0x00000000a7c00000, 0x00000000a7c00000, 0x00000000a7d00000|  0%| F|  |TAMS 0x00000000a7c00000, 0x00000000a7c00000| Untracked 
| 125|0x00000000a7d00000, 0x00000000a7d00000, 0x00000000a7e00000|  0%| F|  |TAMS 0x00000000a7d00000, 0x00000000a7d00000| Untracked 
| 126|0x00000000a7e00000, 0x00000000a7e00000, 0x00000000a7f00000|  0%| F|  |TAMS 0x00000000a7e00000, 0x00000000a7e00000| Untracked 
| 127|0x00000000a7f00000, 0x00000000a7f00000, 0x00000000a8000000|  0%| F|  |TAMS 0x00000000a7f00000, 0x00000000a7f00000| Untracked 
| 128|0x00000000a8000000, 0x00000000a8000000, 0x00000000a8100000|  0%| F|  |TAMS 0x00000000a8000000, 0x00000000a8000000| Untracked 
| 129|0x00000000a8100000, 0x00000000a8100000, 0x00000000a8200000|  0%| F|  |TAMS 0x00000000a8100000, 0x00000000a8100000| Untracked 
| 130|0x00000000a8200000, 0x00000000a823bdf8, 0x00000000a8300000| 23%| E|  |TAMS 0x00000000a8200000, 0x00000000a8200000| Complete 
| 131|0x00000000a8300000, 0x00000000a8400000, 0x00000000a8400000|100%| E|CS|TAMS 0x00000000a8300000, 0x00000000a8300000| Complete 
| 132|0x00000000a8400000, 0x00000000a8500000, 0x00000000a8500000|100%| E|CS|TAMS 0x00000000a8400000, 0x00000000a8400000| Complete 
| 133|0x00000000a8500000, 0x00000000a8600000, 0x00000000a8600000|100%| E|CS|TAMS 0x00000000a8500000, 0x00000000a8500000| Complete 
| 134|0x00000000a8600000, 0x00000000a8700000, 0x00000000a8700000|100%| E|CS|TAMS 0x00000000a8600000, 0x00000000a8600000| Complete 
| 135|0x00000000a8700000, 0x00000000a8800000, 0x00000000a8800000|100%| E|CS|TAMS 0x00000000a8700000, 0x00000000a8700000| Complete 
| 136|0x00000000a8800000, 0x00000000a8900000, 0x00000000a8900000|100%| E|CS|TAMS 0x00000000a8800000, 0x00000000a8800000| Complete 
| 137|0x00000000a8900000, 0x00000000a8a00000, 0x00000000a8a00000|100%| E|CS|TAMS 0x00000000a8900000, 0x00000000a8900000| Complete 
| 138|0x00000000a8a00000, 0x00000000a8b00000, 0x00000000a8b00000|100%| E|  |TAMS 0x00000000a8a00000, 0x00000000a8a00000| Complete 
| 139|0x00000000a8b00000, 0x00000000a8c00000, 0x00000000a8c00000|100%| E|CS|TAMS 0x00000000a8b00000, 0x00000000a8b00000| Complete 
| 140|0x00000000a8c00000, 0x00000000a8d00000, 0x00000000a8d00000|100%| E|CS|TAMS 0x00000000a8c00000, 0x00000000a8c00000| Complete 

Card table byte_map: [0x0000019d6aca0000,0x0000019d6afa0000] _byte_map_base: 0x0000019d6a7a0000

Marking Bits (Prev, Next): (CMBitMap*) 0x0000019d52444bf0, (CMBitMap*) 0x0000019d52444bb0
 Prev Bits: [0x0000019d6caa0000, 0x0000019d6e2a0000)
 Next Bits: [0x0000019d6b2a0000, 0x0000019d6caa0000)

Polling page: 0x0000019d524f0000

Metaspace:

Usage:
  Non-class:     61.39 MB used.
      Class:      9.41 MB used.
       Both:     70.80 MB used.

Virtual space:
  Non-class space:       64.00 MB reserved,      61.69 MB ( 96%) committed,  8 nodes.
      Class space:        1.00 GB reserved,       9.69 MB ( <1%) committed,  1 nodes.
              Both:        1.06 GB reserved,      71.38 MB (  7%) committed. 

Chunk freelists:
   Non-Class:  2.08 MB
       Class:  2.26 MB
        Both:  4.34 MB

MaxMetaspaceSize: 17179869184.00 GB
CompressedClassSpaceSize: 1.00 GB
 - commit_granule_bytes: 65536.
 - commit_granule_words: 8192.
 - virtual_space_node_default_size: 1048576.
 - enlarge_chunks_in_place: 1.
 - new_chunks_are_fully_committed: 0.
 - uncommit_free_chunks: 1.
 - use_allocation_guard: 0.
 - handle_deallocations: 1.


Internal statistics:

num_allocs_failed_limit: 9.
num_arena_births: 714.
num_arena_deaths: 0.
num_vsnodes_births: 9.
num_vsnodes_deaths: 0.
num_space_committed: 1142.
num_space_uncommitted: 0.
num_chunks_returned_to_freelist: 9.
num_chunks_taken_from_freelist: 3570.
num_chunk_merges: 6.
num_chunk_splits: 2370.
num_chunks_enlarged: 1606.
num_purges: 0.

CodeHeap 'non-profiled nmethods': size=120000Kb used=4916Kb max_used=4916Kb free=115083Kb
 bounds [0x0000019d62e50000, 0x0000019d63320000, 0x0000019d6a380000]
CodeHeap 'profiled nmethods': size=120000Kb used=17623Kb max_used=17623Kb free=102376Kb
 bounds [0x0000019d5b920000, 0x0000019d5ca60000, 0x0000019d62e50000]
CodeHeap 'non-nmethods': size=5760Kb used=2376Kb max_used=2478Kb free=3383Kb
 bounds [0x0000019d5b380000, 0x0000019d5b5f0000, 0x0000019d5b920000]
 total_blobs=9748 nmethods=8849 adapters=811
 compilation: enabled
              stopped_count=0, restarted_count=0
 full_count=0

Compilation events (20 events):
Event: 15.561 Thread 0x0000019d70870660 9716       4       org.apache.xerces.impl.XMLNSDocumentScannerImpl::scanStartElement (873 bytes)
Event: 15.565 Thread 0x0000019d708dabc0 nmethod 9723 0x0000019d5ca45890 code [0x0000019d5ca46080, 0x0000019d5ca4c268]
Event: 15.591 Thread 0x0000019d708dabc0 9727       3       com.android.ide.common.resources.ValueResourceParser2::addStyleableItems (182 bytes)
Event: 15.592 Thread 0x0000019d708dabc0 nmethod 9727 0x0000019d5ca4db90 code [0x0000019d5ca4de40, 0x0000019d5ca4ee78]
Event: 15.611 Thread 0x0000019d708dabc0 9728  s    3       org.apache.xerces.jaxp.SAXParserImpl$JAXPSAXParser::setProperty (391 bytes)
Event: 15.613 Thread 0x0000019d708dabc0 nmethod 9728 0x0000019d5ca4f390 code [0x0000019d5ca4f860, 0x0000019d5ca51ef8]
Event: 15.615 Thread 0x0000019d708dabc0 9729   !   3       com.android.utils.PositionXmlParser::readAllBytes (87 bytes)
Event: 15.616 Thread 0x0000019d708dabc0 nmethod 9729 0x0000019d5ca52990 code [0x0000019d5ca52be0, 0x0000019d5ca536f8]
Event: 15.634 Thread 0x0000019d708dabc0 9733       3       com.google.common.base.Splitter::splittingIterator (12 bytes)
Event: 15.634 Thread 0x0000019d708dabc0 nmethod 9733 0x0000019d5ca53a90 code [0x0000019d5ca53c40, 0x0000019d5ca53e48]
Event: 15.634 Thread 0x0000019d708dabc0 9734       3       com.google.common.base.Splitter$1$1::<init> (12 bytes)
Event: 15.634 Thread 0x0000019d708dabc0 nmethod 9734 0x0000019d5ca53f90 code [0x0000019d5ca54140, 0x0000019d5ca542e8]
Event: 15.634 Thread 0x0000019d708dabc0 9735       3       com.google.common.base.Splitter$SplittingIterator::<init> (39 bytes)
Event: 15.634 Thread 0x0000019d708dabc0 nmethod 9735 0x0000019d5ca54390 code [0x0000019d5ca54560, 0x0000019d5ca548b8]
Event: 15.635 Thread 0x0000019d708dabc0 9736       3       com.google.common.base.AbstractIterator::<init> (12 bytes)
Event: 15.635 Thread 0x0000019d708dabc0 nmethod 9736 0x0000019d5ca54a10 code [0x0000019d5ca54bc0, 0x0000019d5ca54d98]
Event: 15.643 Thread 0x0000019d708dabc0 9737       3       java.io.FileInputStream::available (5 bytes)
Event: 15.644 Thread 0x0000019d708dabc0 nmethod 9737 0x0000019d5ca54e90 code [0x0000019d5ca55040, 0x0000019d5ca55188]
Event: 15.653 Thread 0x0000019d708dabc0 9738       3       org.apache.xerces.impl.XMLDocumentFragmentScannerImpl::scanXMLDeclOrTextDecl (151 bytes)
Event: 15.653 Thread 0x0000019d708dabc0 nmethod 9738 0x0000019d5ca55210 code [0x0000019d5ca55440, 0x0000019d5ca55b68]

GC Heap History (20 events):
Event: 10.039 GC heap before
{Heap before GC invocations=21 (full 0):
 garbage-first heap   total 101376K, used 77580K [0x00000000a0000000, 0x0000000100000000)
  region size 1024K, 29 young (29696K), 4 survivors (4096K)
 Metaspace       used 53470K, committed 53952K, reserved 1097728K
  class space    used 6979K, committed 7168K, reserved 1048576K
}
Event: 10.047 GC heap after
{Heap after GC invocations=22 (full 0):
 garbage-first heap   total 101376K, used 55065K [0x00000000a0000000, 0x0000000100000000)
  region size 1024K, 2 young (2048K), 2 survivors (2048K)
 Metaspace       used 53470K, committed 53952K, reserved 1097728K
  class space    used 6979K, committed 7168K, reserved 1048576K
}
Event: 10.056 GC heap before
{Heap before GC invocations=22 (full 0):
 garbage-first heap   total 101376K, used 55065K [0x00000000a0000000, 0x0000000100000000)
  region size 1024K, 3 young (3072K), 2 survivors (2048K)
 Metaspace       used 53470K, committed 53952K, reserved 1097728K
  class space    used 6979K, committed 7168K, reserved 1048576K
}
Event: 10.059 GC heap after
{Heap after GC invocations=23 (full 0):
 garbage-first heap   total 101376K, used 55293K [0x00000000a0000000, 0x0000000100000000)
  region size 1024K, 3 young (3072K), 3 survivors (3072K)
 Metaspace       used 53470K, committed 53952K, reserved 1097728K
  class space    used 6979K, committed 7168K, reserved 1048576K
}
Event: 10.439 GC heap before
{Heap before GC invocations=24 (full 0):
 garbage-first heap   total 102400K, used 78845K [0x00000000a0000000, 0x0000000100000000)
  region size 1024K, 25 young (25600K), 3 survivors (3072K)
 Metaspace       used 54293K, committed 54784K, reserved 1097728K
  class space    used 7110K, committed 7296K, reserved 1048576K
}
Event: 10.445 GC heap after
{Heap after GC invocations=25 (full 0):
 garbage-first heap   total 102400K, used 57189K [0x00000000a0000000, 0x0000000100000000)
  region size 1024K, 4 young (4096K), 4 survivors (4096K)
 Metaspace       used 54293K, committed 54784K, reserved 1097728K
  class space    used 7110K, committed 7296K, reserved 1048576K
}
Event: 10.817 GC heap before
{Heap before GC invocations=25 (full 0):
 garbage-first heap   total 102400K, used 79717K [0x00000000a0000000, 0x0000000100000000)
  region size 1024K, 26 young (26624K), 4 survivors (4096K)
 Metaspace       used 56764K, committed 57280K, reserved 1105920K
  class space    used 7477K, committed 7680K, reserved 1048576K
}
Event: 10.824 GC heap after
{Heap after GC invocations=26 (full 0):
 garbage-first heap   total 102400K, used 59061K [0x00000000a0000000, 0x0000000100000000)
  region size 1024K, 2 young (2048K), 2 survivors (2048K)
 Metaspace       used 56764K, committed 57280K, reserved 1105920K
  class space    used 7477K, committed 7680K, reserved 1048576K
}
Event: 11.279 GC heap before
{Heap before GC invocations=27 (full 0):
 garbage-first heap   total 109568K, used 80565K [0x00000000a0000000, 0x0000000100000000)
  region size 1024K, 23 young (23552K), 2 survivors (2048K)
 Metaspace       used 59591K, committed 60160K, reserved 1105920K
  class space    used 7938K, committed 8192K, reserved 1048576K
}
Event: 11.286 GC heap after
{Heap after GC invocations=28 (full 0):
 garbage-first heap   total 109568K, used 60599K [0x00000000a0000000, 0x0000000100000000)
  region size 1024K, 2 young (2048K), 2 survivors (2048K)
 Metaspace       used 59591K, committed 60160K, reserved 1105920K
  class space    used 7938K, committed 8192K, reserved 1048576K
}
Event: 11.856 GC heap before
{Heap before GC invocations=28 (full 0):
 garbage-first heap   total 109568K, used 85175K [0x00000000a0000000, 0x0000000100000000)
  region size 1024K, 27 young (27648K), 2 survivors (2048K)
 Metaspace       used 61697K, committed 62272K, reserved 1105920K
  class space    used 8252K, committed 8512K, reserved 1048576K
}
Event: 11.868 GC heap after
{Heap after GC invocations=29 (full 0):
 garbage-first heap   total 109568K, used 62450K [0x00000000a0000000, 0x0000000100000000)
  region size 1024K, 4 young (4096K), 4 survivors (4096K)
 Metaspace       used 61697K, committed 62272K, reserved 1105920K
  class space    used 8252K, committed 8512K, reserved 1048576K
}
Event: 12.368 GC heap before
{Heap before GC invocations=30 (full 0):
 garbage-first heap   total 119808K, used 86002K [0x00000000a0000000, 0x0000000100000000)
  region size 1024K, 28 young (28672K), 4 survivors (4096K)
 Metaspace       used 64566K, committed 65152K, reserved 1105920K
  class space    used 8689K, committed 8960K, reserved 1048576K
}
Event: 12.375 GC heap after
{Heap after GC invocations=31 (full 0):
 garbage-first heap   total 119808K, used 64023K [0x00000000a0000000, 0x0000000100000000)
  region size 1024K, 4 young (4096K), 4 survivors (4096K)
 Metaspace       used 64566K, committed 65152K, reserved 1105920K
  class space    used 8689K, committed 8960K, reserved 1048576K
}
Event: 13.026 GC heap before
{Heap before GC invocations=31 (full 0):
 garbage-first heap   total 119808K, used 95767K [0x00000000a0000000, 0x0000000100000000)
  region size 1024K, 36 young (36864K), 4 survivors (4096K)
 Metaspace       used 68788K, committed 69312K, reserved 1114112K
  class space    used 9143K, committed 9344K, reserved 1048576K
}
Event: 13.039 GC heap after
{Heap after GC invocations=32 (full 0):
 garbage-first heap   total 144384K, used 68058K [0x00000000a0000000, 0x0000000100000000)
  region size 1024K, 5 young (5120K), 5 survivors (5120K)
 Metaspace       used 68788K, committed 69312K, reserved 1114112K
  class space    used 9143K, committed 9344K, reserved 1048576K
}
Event: 14.223 GC heap before
{Heap before GC invocations=33 (full 0):
 garbage-first heap   total 144384K, used 113114K [0x00000000a0000000, 0x0000000100000000)
  region size 1024K, 49 young (50176K), 5 survivors (5120K)
 Metaspace       used 70971K, committed 71552K, reserved 1114112K
  class space    used 9478K, committed 9792K, reserved 1048576K
}
Event: 14.236 GC heap after
{Heap after GC invocations=34 (full 0):
 garbage-first heap   total 144384K, used 71930K [0x00000000a0000000, 0x0000000100000000)
  region size 1024K, 4 young (4096K), 4 survivors (4096K)
 Metaspace       used 70971K, committed 71552K, reserved 1114112K
  class space    used 9478K, committed 9792K, reserved 1048576K
}
Event: 15.479 GC heap before
{Heap before GC invocations=34 (full 0):
 garbage-first heap   total 144384K, used 112890K [0x00000000a0000000, 0x0000000100000000)
  region size 1024K, 45 young (46080K), 4 survivors (4096K)
 Metaspace       used 72472K, committed 73088K, reserved 1114112K
  class space    used 9639K, committed 9920K, reserved 1048576K
}
Event: 15.492 GC heap after
{Heap after GC invocations=35 (full 0):
 garbage-first heap   total 144384K, used 80314K [0x00000000a0000000, 0x0000000100000000)
  region size 1024K, 6 young (6144K), 6 survivors (6144K)
 Metaspace       used 72472K, committed 73088K, reserved 1114112K
  class space    used 9639K, committed 9920K, reserved 1048576K
}

Deoptimization events (20 events):
Event: 15.196 Thread 0x0000019d796b4f10 DEOPT PACKING pc=0x0000019d5c9e427e sp=0x000000267a9f9410
Event: 15.196 Thread 0x0000019d796b4f10 DEOPT UNPACKING pc=0x0000019d5b3cdece sp=0x000000267a9f8880 mode 0
Event: 15.210 Thread 0x0000019d796b4f10 Uncommon trap: trap_request=0xffffff45 fr.pc=0x0000019d632e6be4 relative=0x0000000000000344
Event: 15.210 Thread 0x0000019d796b4f10 Uncommon trap: reason=unstable_if action=reinterpret pc=0x0000019d632e6be4 method=java.lang.StringUTF16.compress([BI[BII)I @ 29 c2
Event: 15.210 Thread 0x0000019d796b4f10 DEOPT PACKING pc=0x0000019d632e6be4 sp=0x000000267a9f9340
Event: 15.210 Thread 0x0000019d796b4f10 DEOPT UNPACKING pc=0x0000019d5b3cd72e sp=0x000000267a9f92c0 mode 2
Event: 15.224 Thread 0x0000019d796b4f10 DEOPT PACKING pc=0x0000019d5c9e427e sp=0x000000267a9f92e0
Event: 15.224 Thread 0x0000019d796b4f10 DEOPT UNPACKING pc=0x0000019d5b3cdece sp=0x000000267a9f8750 mode 0
Event: 15.551 Thread 0x0000019d796b4f10 Uncommon trap: trap_request=0xffffffc6 fr.pc=0x0000019d6330623c relative=0x00000000000004dc
Event: 15.551 Thread 0x0000019d796b4f10 Uncommon trap: reason=bimorphic_or_optimized_type_check action=maybe_recompile pc=0x0000019d6330623c method=org.apache.xerces.dom.NamedNodeMapImpl.findNamePoint(Ljava/lang/String;I)I @ 50 c2
Event: 15.551 Thread 0x0000019d796b4f10 DEOPT PACKING pc=0x0000019d6330623c sp=0x000000267a9f9250
Event: 15.551 Thread 0x0000019d796b4f10 DEOPT UNPACKING pc=0x0000019d5b3cd72e sp=0x000000267a9f91e8 mode 2
Event: 15.554 Thread 0x0000019d796b4f10 Uncommon trap: trap_request=0xffffff45 fr.pc=0x0000019d632ec8f0 relative=0x00000000000006f0
Event: 15.554 Thread 0x0000019d796b4f10 Uncommon trap: reason=unstable_if action=reinterpret pc=0x0000019d632ec8f0 method=org.apache.xerces.impl.XMLEntityScanner.scanLiteral(ILorg/apache/xerces/xni/XMLString;)I @ 606 c2
Event: 15.554 Thread 0x0000019d796b4f10 DEOPT PACKING pc=0x0000019d632ec8f0 sp=0x000000267a9f93c0
Event: 15.554 Thread 0x0000019d796b4f10 DEOPT UNPACKING pc=0x0000019d5b3cd72e sp=0x000000267a9f9348 mode 2
Event: 15.554 Thread 0x0000019d796b4f10 Uncommon trap: trap_request=0xffffff45 fr.pc=0x0000019d63316520 relative=0x00000000000013e0
Event: 15.554 Thread 0x0000019d796b4f10 Uncommon trap: reason=unstable_if action=reinterpret pc=0x0000019d63316520 method=org.apache.xerces.impl.XMLScanner.scanAttributeValue(Lorg/apache/xerces/xni/XMLString;Lorg/apache/xerces/xni/XMLString;Ljava/lang/String;ZLjava/lang/String;)Z @ 642 c2
Event: 15.554 Thread 0x0000019d796b4f10 DEOPT PACKING pc=0x0000019d63316520 sp=0x000000267a9f9420
Event: 15.554 Thread 0x0000019d796b4f10 DEOPT UNPACKING pc=0x0000019d5b3cd72e sp=0x000000267a9f93c0 mode 2

Classes unloaded (0 events):
No events

Classes redefined (0 events):
No events

Internal exceptions (20 events):
Event: 12.977 Thread 0x0000019d7292e770 Implicit null exception at 0x0000019d62e91df2 to 0x0000019d62e92390
Event: 12.978 Thread 0x0000019d7292e770 Implicit null exception at 0x0000019d62fa8172 to 0x0000019d62fa881c
Event: 12.987 Thread 0x0000019d731fc280 Exception <a 'sun/nio/fs/WindowsException'{0x00000000a53c50d0}> (0x00000000a53c50d0) 
thrown [t:\workspace\open\src\hotspot\share\prims\jni.cpp, line 579]
Event: 13.075 Thread 0x0000019d71f377b0 Exception <a 'java/lang/NoSuchMethodError'{0x00000000a8b278e8}: static Lorg/gradle/internal/build/event/types/DefaultTaskStartedProgressEvent;.<clinit>()V> (0x00000000a8b278e8) 
thrown [t:\workspace\open\src\hotspot\share\prims\jni.cpp, line 1210]
Event: 13.075 Thread 0x0000019d71f377b0 Exception <a 'java/lang/NoSuchMethodError'{0x00000000a8b32b78}: static Lorg/gradle/internal/build/event/types/DefaultTaskDescriptor;.<clinit>()V> (0x00000000a8b32b78) 
thrown [t:\workspace\open\src\hotspot\share\prims\jni.cpp, line 1210]
Event: 13.116 Thread 0x0000019d71f377b0 Exception <a 'java/lang/NoSuchMethodError'{0x00000000a8a23538}: static Lorg/gradle/internal/build/event/types/DefaultTaskFinishedProgressEvent;.<clinit>()V> (0x00000000a8a23538) 
thrown [t:\workspace\open\src\hotspot\share\prims\jni.cpp, line 1210]
Event: 13.128 Thread 0x0000019d71f377b0 Exception <a 'java/lang/NoSuchMethodError'{0x00000000a8a54ff8}: static Lorg/gradle/internal/build/event/types/DefaultTaskSuccessResult;.<clinit>()V> (0x00000000a8a54ff8) 
thrown [t:\workspace\open\src\hotspot\share\prims\jni.cpp, line 1210]
Event: 13.128 Thread 0x0000019d71f377b0 Exception <a 'java/lang/NoSuchMethodError'{0x00000000a8a567c8}: static Lorg/gradle/internal/build/event/types/AbstractTaskResult;.<clinit>()V> (0x00000000a8a567c8) 
thrown [t:\workspace\open\src\hotspot\share\prims\jni.cpp, line 1210]
Event: 13.224 Thread 0x0000019d74a68750 Exception <a 'java/lang/NoSuchMethodError'{0x00000000a8b7a8c8}: static Lcom/android/ide/common/attribution/AndroidGradlePluginAttributionData$BuildInfo;.<clinit>()V> (0x00000000a8b7a8c8) 
thrown [t:\workspace\open\src\hotspot\share\prims\jni.cpp, line 1210]
Event: 13.228 Thread 0x0000019d74a68750 Exception <a 'java/lang/NoSuchMethodError'{0x00000000a8b8ef40}: static Lcom/android/ide/common/attribution/AndroidGradlePluginAttributionData$JavaInfo;.<clinit>()V> (0x00000000a8b8ef40) 
thrown [t:\workspace\open\src\hotspot\share\prims\jni.cpp, line 1210]
Event: 13.237 Thread 0x0000019d74a68750 Exception <a 'java/lang/NoSuchMethodError'{0x00000000a896e8d0}: static [Ljava/lang/String;.<clinit>()V> (0x00000000a896e8d0) 
thrown [t:\workspace\open\src\hotspot\share\prims\jni.cpp, line 1210]
Event: 13.307 Thread 0x0000019d71f377b0 Exception <a 'java/lang/NoSuchMethodError'{0x00000000a8769498}: static Lorg/gradle/internal/build/event/types/DefaultTaskSkippedResult;.<clinit>()V> (0x00000000a8769498) 
thrown [t:\workspace\open\src\hotspot\share\prims\jni.cpp, line 1210]
Event: 13.382 Thread 0x0000019d796b4f10 Exception <a 'java/lang/IncompatibleClassChangeError'{0x00000000a8676068}: Found class java.lang.Object, but interface was expected> (0x00000000a8676068) 
thrown [t:\workspace\open\src\hotspot\share\interpreter\linkResolver.cpp, line 857]
Event: 13.403 Thread 0x0000019d796b4f10 Exception <a 'java/lang/NoSuchMethodError'{0x00000000a858c520}: 'int java.lang.invoke.DirectMethodHandle$Holder.invokeStaticInit(java.lang.Object, java.lang.Object, java.lang.Object, java.lang.Object, java.lang.Object)'> (0x00000000a858c520) 
thrown [t:\workspace\open\src\hotspot\share\interpreter\linkResolver.cpp, line 790]
Event: 13.704 Thread 0x0000019d74a66770 Exception <a 'java/lang/NoSuchMethodError'{0x00000000a7dfc1b8}: 'java.lang.Object java.lang.invoke.DirectMethodHandle$Holder.invokeSpecialIFC(java.lang.Object, java.lang.Object, java.lang.Object)'> (0x00000000a7dfc1b8) 
thrown [t:\workspace\open\src\hotspot\share\interpreter\linkResolver.cpp, line 790]
Event: 13.704 Thread 0x0000019d74a69740 Exception <a 'java/lang/NoSuchMethodError'{0x00000000a7de9ac0}: 'java.lang.Object java.lang.invoke.DirectMethodHandle$Holder.invokeSpecialIFC(java.lang.Object, java.lang.Object, java.lang.Object)'> (0x00000000a7de9ac0) 
thrown [t:\workspace\open\src\hotspot\share\interpreter\linkResolver.cpp, line 790]
Event: 13.704 Thread 0x0000019d74a65230 Exception <a 'java/lang/NoSuchMethodError'{0x00000000a7df63f0}: 'java.lang.Object java.lang.invoke.DirectMethodHandle$Holder.invokeSpecialIFC(java.lang.Object, java.lang.Object, java.lang.Object)'> (0x00000000a7df63f0) 
thrown [t:\workspace\open\src\hotspot\share\interpreter\linkResolver.cpp, line 790]
Event: 13.704 Thread 0x0000019d796b4f10 Exception <a 'java/lang/NoSuchMethodError'{0x00000000a7daf588}: 'java.lang.Object java.lang.invoke.DirectMethodHandle$Holder.invokeSpecialIFC(java.lang.Object, java.lang.Object, java.lang.Object)'> (0x00000000a7daf588) 
thrown [t:\workspace\open\src\hotspot\share\interpreter\linkResolver.cpp, line 790]
Event: 14.096 Thread 0x0000019d74a69740 Exception <a 'java/lang/NoSuchMethodError'{0x00000000a67091f8}: 'void java.lang.invoke.DirectMethodHandle$Holder.invokeVirtual(java.lang.Object, java.lang.Object)'> (0x00000000a67091f8) 
thrown [t:\workspace\open\src\hotspot\share\interpreter\linkResolver.cpp, line 790]
Event: 14.189 Thread 0x0000019d74a66220 Implicit null exception at 0x0000019d63286a57 to 0x0000019d63288bc4

Events (20 events):
Event: 14.447 Executing  VM operation: HandshakeAllThreads done
Event: 14.534 Executing  VM operation: ICBufferFull
Event: 14.534 Executing  VM operation: ICBufferFull done
Event: 14.669 Executing  VM operation: HandshakeAllThreads
Event: 14.669 Executing  VM operation: HandshakeAllThreads done
Event: 14.688 Executing  VM operation: HandshakeAllThreads
Event: 14.688 Executing  VM operation: HandshakeAllThreads done
Event: 14.885 loading class org/xml/sax/ext/DefaultHandler2
Event: 14.885 loading class org/xml/sax/ext/LexicalHandler
Event: 14.885 loading class org/xml/sax/ext/LexicalHandler done
Event: 14.885 loading class org/xml/sax/ext/DeclHandler
Event: 14.885 loading class org/xml/sax/ext/DeclHandler done
Event: 14.885 loading class org/xml/sax/ext/DefaultHandler2 done
Event: 14.887 loading class org/xml/sax/DocumentHandler
Event: 14.887 loading class org/xml/sax/DocumentHandler done
Event: 15.004 Executing  VM operation: ICBufferFull
Event: 15.004 Executing  VM operation: ICBufferFull done
Event: 15.479 Executing  VM operation: G1CollectForAllocation
Event: 15.495 Executing  VM operation: G1CollectForAllocation done
Event: 15.654 Executing  VM operation: G1Concurrent


Dynamic libraries:
0x00007ff6fdb10000 - 0x00007ff6fdb20000 	C:\Program Files\Java\jdk-16.0.2\bin\java.exe
0x00007ffe54e50000 - 0x00007ffe55045000 	C:\WINDOWS\SYSTEM32\ntdll.dll
0x00007ffe54a20000 - 0x00007ffe54add000 	C:\WINDOWS\System32\KERNEL32.DLL
0x00007ffe52b50000 - 0x00007ffe52e19000 	C:\WINDOWS\System32\KERNELBASE.dll
0x00007ffe527b0000 - 0x00007ffe528b0000 	C:\WINDOWS\System32\ucrtbase.dll
0x00007ffe3fd60000 - 0x00007ffe3fd78000 	C:\Program Files\Java\jdk-16.0.2\bin\jli.dll
0x00007ffe53490000 - 0x00007ffe5353c000 	C:\WINDOWS\System32\ADVAPI32.dll
0x00007ffe544b0000 - 0x00007ffe5454e000 	C:\WINDOWS\System32\msvcrt.dll
0x00007ffe54980000 - 0x00007ffe54a1b000 	C:\WINDOWS\System32\sechost.dll
0x00007ffe54cb0000 - 0x00007ffe54dda000 	C:\WINDOWS\System32\RPCRT4.dll
0x00007ffe3bdc0000 - 0x00007ffe3bdd9000 	C:\Program Files\Java\jdk-16.0.2\bin\VCRUNTIME140.dll
0x00007ffe53080000 - 0x00007ffe53220000 	C:\WINDOWS\System32\USER32.dll
0x00007ffe529c0000 - 0x00007ffe529e2000 	C:\WINDOWS\System32\win32u.dll
0x00007ffe54de0000 - 0x00007ffe54e0a000 	C:\WINDOWS\System32\GDI32.dll
0x00007ffe341a0000 - 0x00007ffe3443a000 	C:\WINDOWS\WinSxS\amd64_microsoft.windows.common-controls_6595b64144ccf1df_6.0.19041.1110_none_60b5254171f9507e\COMCTL32.dll
0x00007ffe526a0000 - 0x00007ffe527ab000 	C:\WINDOWS\System32\gdi32full.dll
0x00007ffe525d0000 - 0x00007ffe5266d000 	C:\WINDOWS\System32\msvcp_win.dll
0x00007ffe51360000 - 0x00007ffe5136a000 	C:\WINDOWS\SYSTEM32\VERSION.dll
0x00007ffe54550000 - 0x00007ffe54580000 	C:\WINDOWS\System32\IMM32.DLL
0x00007ffe463a0000 - 0x00007ffe463ac000 	C:\Program Files\Java\jdk-16.0.2\bin\vcruntime140_1.dll
0x00007ffe10d00000 - 0x00007ffe10d91000 	C:\Program Files\Java\jdk-16.0.2\bin\msvcp140.dll
0x00007ffe08780000 - 0x00007ffe0932b000 	C:\Program Files\Java\jdk-16.0.2\bin\server\jvm.dll
0x00007ffe54970000 - 0x00007ffe54978000 	C:\WINDOWS\System32\PSAPI.DLL
0x00007ffe2d890000 - 0x00007ffe2d899000 	C:\WINDOWS\SYSTEM32\WSOCK32.dll
0x00007ffe54590000 - 0x00007ffe545fb000 	C:\WINDOWS\System32\WS2_32.dll
0x00007ffe3a810000 - 0x00007ffe3a837000 	C:\WINDOWS\SYSTEM32\WINMM.dll
0x00007ffe50510000 - 0x00007ffe50522000 	C:\WINDOWS\SYSTEM32\kernel.appcore.dll
0x00007ffe40520000 - 0x00007ffe4052a000 	C:\Program Files\Java\jdk-16.0.2\bin\jimage.dll
0x00007ffe4d050000 - 0x00007ffe4d234000 	C:\WINDOWS\SYSTEM32\DBGHELP.DLL
0x00007ffe35090000 - 0x00007ffe350bc000 	C:\WINDOWS\SYSTEM32\dbgcore.DLL
0x00007ffe52e20000 - 0x00007ffe52ea3000 	C:\WINDOWS\System32\bcryptPrimitives.dll
0x00007ffe2f580000 - 0x00007ffe2f5a5000 	C:\Program Files\Java\jdk-16.0.2\bin\java.dll
0x00007ffe535a0000 - 0x00007ffe53cdf000 	C:\WINDOWS\System32\SHELL32.dll
0x00007ffe50b40000 - 0x00007ffe512d0000 	C:\WINDOWS\SYSTEM32\windows.storage.dll
0x00007ffe54600000 - 0x00007ffe54955000 	C:\WINDOWS\System32\combase.dll
0x00007ffe51f10000 - 0x00007ffe51f3c000 	C:\WINDOWS\SYSTEM32\Wldp.dll
0x00007ffe53310000 - 0x00007ffe533be000 	C:\WINDOWS\System32\SHCORE.dll
0x00007ffe54450000 - 0x00007ffe544a5000 	C:\WINDOWS\System32\shlwapi.dll
0x00007ffe524c0000 - 0x00007ffe524df000 	C:\WINDOWS\SYSTEM32\profapi.dll
0x00007ffe31400000 - 0x00007ffe31419000 	C:\Program Files\Java\jdk-16.0.2\bin\net.dll
0x00007ffe3e390000 - 0x00007ffe3e498000 	C:\WINDOWS\SYSTEM32\WINHTTP.dll
0x00007ffe51c70000 - 0x00007ffe51cda000 	C:\WINDOWS\system32\mswsock.dll
0x00007ffe30460000 - 0x00007ffe30473000 	C:\Program Files\Java\jdk-16.0.2\bin\nio.dll
0x00007ffe2f1a0000 - 0x00007ffe2f1b8000 	C:\Program Files\Java\jdk-16.0.2\bin\zip.dll
0x00007ffe3fdb0000 - 0x00007ffe3fdc0000 	C:\Program Files\Java\jdk-16.0.2\bin\verify.dll
0x00007ffe3ad70000 - 0x00007ffe3ad97000 	C:\Users\halag\Documents\cs\year_project\Server_location_app\.gradle\native\8bec1ad78214c89d9ad589b4d07fe93259594b29d510b10fafb7a158f7737e5d\windows-amd64\native-platform.dll
0x00007ffe12110000 - 0x00007ffe1224d000 	C:\Users\halag\Documents\cs\year_project\Server_location_app\.gradle\native\53dbd7edfb1c66fb8903c78663c9afc45aea4f116125fa6feffd364cf09443e8\windows-amd64\native-platform-file-events.dll
0x00007ffe40230000 - 0x00007ffe40239000 	C:\Program Files\Java\jdk-16.0.2\bin\management.dll
0x00007ffe3adb0000 - 0x00007ffe3adbb000 	C:\Program Files\Java\jdk-16.0.2\bin\management_ext.dll
0x00007ffe51e70000 - 0x00007ffe51e88000 	C:\WINDOWS\SYSTEM32\CRYPTSP.dll
0x00007ffe515f0000 - 0x00007ffe51624000 	C:\WINDOWS\system32\rsaenh.dll
0x00007ffe52670000 - 0x00007ffe52697000 	C:\WINDOWS\System32\bcrypt.dll
0x00007ffe52480000 - 0x00007ffe524ae000 	C:\WINDOWS\SYSTEM32\USERENV.dll
0x00007ffe51e60000 - 0x00007ffe51e6c000 	C:\WINDOWS\SYSTEM32\CRYPTBASE.dll
0x00007ffe51960000 - 0x00007ffe5199b000 	C:\WINDOWS\SYSTEM32\IPHLPAPI.DLL
0x00007ffe54580000 - 0x00007ffe54588000 	C:\WINDOWS\System32\NSI.dll
0x00007ffe4cb00000 - 0x00007ffe4cb17000 	C:\WINDOWS\SYSTEM32\dhcpcsvc6.DLL
0x00007ffe4cae0000 - 0x00007ffe4cafd000 	C:\WINDOWS\SYSTEM32\dhcpcsvc.DLL
0x00007ffe519a0000 - 0x00007ffe51a6c000 	C:\WINDOWS\SYSTEM32\DNSAPI.dll
0x00007ffe30e00000 - 0x00007ffe30e0e000 	C:\Program Files\Java\jdk-16.0.2\bin\sunmscapi.dll
0x00007ffe529f0000 - 0x00007ffe52b4f000 	C:\WINDOWS\System32\CRYPT32.dll
0x00007ffe51f80000 - 0x00007ffe51fa7000 	C:\WINDOWS\SYSTEM32\ncrypt.dll
0x00007ffe51f40000 - 0x00007ffe51f7b000 	C:\WINDOWS\SYSTEM32\NTASN1.dll
0x00007ffe2f470000 - 0x00007ffe2f477000 	C:\WINDOWS\system32\wshunix.dll

dbghelp: loaded successfully - version: 4.0.5 - missing functions: none
symbol engine: initialized successfully - sym options: 0x614 - pdb path: .;C:\Program Files\Java\jdk-16.0.2\bin;C:\WINDOWS\SYSTEM32;C:\WINDOWS\WinSxS\amd64_microsoft.windows.common-controls_6595b64144ccf1df_6.0.19041.1110_none_60b5254171f9507e;C:\Program Files\Java\jdk-16.0.2\bin\server;C:\Users\halag\Documents\cs\year_project\Server_location_app\.gradle\native\8bec1ad78214c89d9ad589b4d07fe93259594b29d510b10fafb7a158f7737e5d\windows-amd64;C:\Users\halag\Documents\cs\year_project\Server_location_app\.gradle\native\53dbd7edfb1c66fb8903c78663c9afc45aea4f116125fa6feffd364cf09443e8\windows-amd64

VM Arguments:
jvm_args: --add-opens=java.base/java.util=ALL-UNNAMED --add-opens=java.base/java.lang=ALL-UNNAMED --add-opens=java.base/java.lang.invoke=ALL-UNNAMED --add-opens=java.base/java.util=ALL-UNNAMED --add-opens=java.prefs/java.util.prefs=ALL-UNNAMED --add-opens=java.prefs/java.util.prefs=ALL-UNNAMED --add-opens=java.base/java.nio.charset=ALL-UNNAMED --add-opens=java.base/java.net=ALL-UNNAMED --add-opens=java.base/java.util.concurrent.atomic=ALL-UNNAMED -Xmx1536M -Dfile.encoding=UTF-8 -Duser.country=GB -Duser.language=en -Duser.variant 
java_command: org.gradle.launcher.daemon.bootstrap.GradleDaemon 7.0.2
java_class_path (initial): C:\Users\halag\Documents\cs\year_project\Server_location_app\.gradle\wrapper\dists\gradle-7.0.2-bin\857tjihv64xamwrf0h14cai3r\gradle-7.0.2\lib\gradle-launcher-7.0.2.jar
Launcher Type: SUN_STANDARD

[Global flags]
     intx CICompilerCount                          = 3                                         {product} {ergonomic}
     uint ConcGCThreads                            = 1                                         {product} {ergonomic}
     uint G1ConcRefinementThreads                  = 4                                         {product} {ergonomic}
   size_t G1HeapRegionSize                         = 1048576                                   {product} {ergonomic}
    uintx GCDrainStackTargetSize                   = 64                                        {product} {ergonomic}
   size_t InitialHeapSize                          = 134217728                                 {product} {ergonomic}
   size_t MarkStackSize                            = 4194304                                   {product} {ergonomic}
   size_t MaxHeapSize                              = 1610612736                                {product} {command line}
   size_t MaxNewSize                               = 965738496                                 {product} {ergonomic}
   size_t MinHeapDeltaBytes                        = 1048576                                   {product} {ergonomic}
   size_t MinHeapSize                              = 8388608                                   {product} {ergonomic}
    uintx NonNMethodCodeHeapSize                   = 5832780                                {pd product} {ergonomic}
    uintx NonProfiledCodeHeapSize                  = 122912730                              {pd product} {ergonomic}
    uintx ProfiledCodeHeapSize                     = 122912730                              {pd product} {ergonomic}
    uintx ReservedCodeCacheSize                    = 251658240                              {pd product} {ergonomic}
     bool SegmentedCodeCache                       = true                                      {product} {ergonomic}
   size_t SoftMaxHeapSize                          = 1610612736                             {manageable} {ergonomic}
     bool UseCompressedClassPointers               = true                           {product lp64_product} {ergonomic}
     bool UseCompressedOops                        = true                           {product lp64_product} {ergonomic}
     bool UseG1GC                                  = true                                      {product} {ergonomic}
     bool UseLargePagesIndividualAllocation        = false                                  {pd product} {ergonomic}

Logging:
Log output configuration:
 #0: stdout all=warning uptime,level,tags
 #1: stderr all=off uptime,level,tags

Environment Variables:
JAVA_HOME=C:\Program Files\Java\jdk-16.0.2
PATH=C:\Program Files\Common Files\Oracle\Java\javapath;C:\Program Files (x86)\Common Files\Oracle\Java\javapath;C:\WINDOWS\system32;C:\WINDOWS;C:\WINDOWS\System32\Wbem;C:\WINDOWS\System32\WindowsPowerShell\v1.0\;C:\WINDOWS\System32\OpenSSH\;C:\Program Files\Intel\WiFi\bin\;C:\Program Files\Common Files\Intel\WirelessCommon\;C:\Git\cmd;C:\MinGW\bin;C:\Users\halag\Documents\cs\python\PyCharm Community Edition 2020.3.4;C:\Users\halag\AppData\Roaming\Microsoft\Windows\Start Menu\Programs\Python 3.9;C:\Users\halag\AppData\Local\Programs\Python\Python39;C:\Program Files (x86)\Intel\Intel(R) Management Engine Components\DAL;C:\Program Files\Intel\Intel(R) Management Engine Components\DAL;C:\Program Files\Java\jdk-16.0.2\bin;C:\Users\halag\AppData\Local\Microsoft\WindowsApps;C:\Program Files (x86)\Dr. Memory\bin\;C:\Program Files\Intel\WiFi\bin\;C:\Program Files\Common Files\Intel\WirelessCommon\;C:\Program Files\Java\jdk-10.0.2\bin;C:\Users\halag\AppData\Local\GitHubDesktop\bin;C:\Users\halag\Documents\cs\winter2020\machine_learning\PyCharm Community Edition 2020.3\bin;;C:\Users\halag\AppData\Local\Android\Sdk\platform-tools;C:\Users\halag\AppData\Local\Android\Sdk;C:\Program Files\Java\jdk-16.0.2\bin;
USERNAME=halag
OS=Windows_NT
PROCESSOR_IDENTIFIER=Intel64 Family 6 Model 142 Stepping 9, GenuineIntel



---------------  S Y S T E M  ---------------

OS:
 Windows 10 , 64 bit Build 19041 (10.0.19041.1151)
OS uptime: 3 days 19:27 hours

CPU: total 4 (initial active 4) (2 cores per cpu, 2 threads per core) family 6 model 142 stepping 9 microcode 0xde, cx8, cmov, fxsr, ht, mmx, 3dnowpref, sse, sse2, sse3, ssse3, sse4.1, sse4.2, popcnt, lzcnt, tsc, tscinvbit, avx, avx2, aes, erms, clmul, bmi1, bmi2, adx, fma, vzeroupper, clflush, clflushopt

Memory: 4k page, system-wide physical 8089M (1499M free)
TotalPageFile size 9329M (AvailPageFile size 15M)
current process WorkingSet (physical memory assigned to process): 354M, peak: 363M
current process commit charge ("private bytes"): 389M, peak: 402M

vm_info: Java HotSpot(TM) 64-Bit Server VM (16.0.2+7-67) for windows-amd64 JRE (16.0.2+7-67), built on Jun  8 2021 23:24:19 by "mach5one" with MS VC++ 16.7 (VS2019)

END.
