#
# There is insufficient memory for the Java Runtime Environment to continue.
# Native memory allocation (malloc) failed to allocate 2206352 bytes for Chunk::new
# Possible reasons:
#   The system is out of physical RAM or swap space
#   The process is running with CompressedOops enabled, and the Java Heap may be blocking the growth of the native heap
# Possible solutions:
#   Reduce memory load on the system
#   Increase physical memory or swap space
#   Check if swap backing store is full
#   Decrease Java heap size (-Xmx/-Xms)
#   Decrease number of Java threads
#   Decrease Java thread stack sizes (-Xss)
#   Set larger code cache with -XX:ReservedCodeCacheSize=
#   JVM is running with Unscaled Compressed Oops mode in which the Java heap is
#     placed in the first 4GB address space. The Java Heap base address is the
#     maximum limit for the native heap growth. Please use -XX:HeapBaseMinAddress
#     to set the Java Heap base and to place the Java Heap above 4GB virtual address.
# This output file may be truncated or incomplete.
#
#  Out of Memory Error (arena.cpp:195), pid=18468, tid=17720
#
# JRE version: Java(TM) SE Runtime Environment (16.0.2+7) (build 16.0.2+7-67)
# Java VM: Java HotSpot(TM) 64-Bit Server VM (16.0.2+7-67, mixed mode, sharing, tiered, compressed oops, compressed class ptrs, g1 gc, windows-amd64)
# No core dump will be written. Minidumps are not enabled by default on client versions of Windows
#

---------------  S U M M A R Y ------------

Command Line: --add-opens=java.base/java.util=ALL-UNNAMED --add-opens=java.base/java.lang=ALL-UNNAMED --add-opens=java.base/java.lang.invoke=ALL-UNNAMED --add-opens=java.base/java.util=ALL-UNNAMED --add-opens=java.prefs/java.util.prefs=ALL-UNNAMED --add-opens=java.prefs/java.util.prefs=ALL-UNNAMED --add-opens=java.base/java.nio.charset=ALL-UNNAMED --add-opens=java.base/java.net=ALL-UNNAMED --add-opens=java.base/java.util.concurrent.atomic=ALL-UNNAMED -Xmx1536M -Dfile.encoding=UTF-8 -Duser.country=GB -Duser.language=en -Duser.variant org.gradle.launcher.daemon.bootstrap.GradleDaemon 7.0.2

Host: Intel(R) Core(TM) i5-7200U CPU @ 2.50GHz, 4 cores, 7G,  Windows 10 , 64 bit Build 19041 (10.0.19041.1151)
Time: Mon Sep 13 22:00:07 2021 Jerusalem Summer Time elapsed time: 3.654014 seconds (0d 0h 0m 3s)

---------------  T H R E A D  ---------------

Current thread (0x0000018ff5728d40):  JavaThread "C2 CompilerThread1" daemon [_thread_in_native, id=17720, stack(0x0000007b06300000,0x0000007b06400000)]


Current CompileTask:
C2:   3654 2453   !   4       java.lang.ClassLoader::loadClass (122 bytes)

Stack: [0x0000007b06300000,0x0000007b06400000]
Native frames: (J=compiled Java code, j=interpreted, Vv=VM code, C=native code)
V  [jvm.dll+0x6681ca]
V  [jvm.dll+0x7c9e69]
V  [jvm.dll+0x7cb61e]
V  [jvm.dll+0x7cbc73]
V  [jvm.dll+0x242c55]
V  [jvm.dll+0xadeba]
V  [jvm.dll+0xae45c]
V  [jvm.dll+0x35a8d7]
V  [jvm.dll+0x324de1]
V  [jvm.dll+0x32428a]
V  [jvm.dll+0x215cec]
V  [jvm.dll+0x215100]
V  [jvm.dll+0x1a1beb]
V  [jvm.dll+0x225158]
V  [jvm.dll+0x22319c]
V  [jvm.dll+0x77fa62]
V  [jvm.dll+0x7795aa]
V  [jvm.dll+0x667066]
C  [ucrtbase.dll+0x21bb2]
C  [KERNEL32.DLL+0x17034]
C  [ntdll.dll+0x52651]


---------------  P R O C E S S  ---------------

Threads class SMR info:
_java_thread_list=0x0000018ff7727010, length=34, elements={
0x0000018fd860f930, 0x0000018ff4aef070, 0x0000018ff4aefe40, 0x0000018ff4afd8f0,
0x0000018ff4b00310, 0x0000018ff4b02c30, 0x0000018ff4b0b550, 0x0000018ff4b10ab0,
0x0000018ff4b12410, 0x0000018ff4b16d80, 0x0000018ff558f0a0, 0x0000018ff5590600,
0x0000018ff5728d40, 0x0000018ff6c07310, 0x0000018ff68fcd90, 0x0000018ff6bc3ad0,
0x0000018ff7123040, 0x0000018ff6942a30, 0x0000018ff69434d0, 0x0000018ff6942f80,
0x0000018ff6943f70, 0x0000018ff6944f60, 0x0000018ff6943a20, 0x0000018ff6941a40,
0x0000018ff69424e0, 0x0000018ff69444c0, 0x0000018ff6944a10, 0x0000018ff6941f90,
0x0000018ff71946d0, 0x0000018ff7193c30, 0x0000018ff7190c60, 0x0000018ff718e1e0,
0x0000018ff718e730, 0x0000018ff7190710
}

Java Threads: ( => current thread )
  0x0000018fd860f930 JavaThread "main" [_thread_blocked, id=18788, stack(0x0000007b05000000,0x0000007b05100000)]
  0x0000018ff4aef070 JavaThread "Reference Handler" daemon [_thread_blocked, id=15004, stack(0x0000007b05700000,0x0000007b05800000)]
  0x0000018ff4aefe40 JavaThread "Finalizer" daemon [_thread_blocked, id=19364, stack(0x0000007b05800000,0x0000007b05900000)]
  0x0000018ff4afd8f0 JavaThread "Signal Dispatcher" daemon [_thread_blocked, id=15704, stack(0x0000007b05900000,0x0000007b05a00000)]
  0x0000018ff4b00310 JavaThread "Attach Listener" daemon [_thread_blocked, id=15872, stack(0x0000007b05a00000,0x0000007b05b00000)]
  0x0000018ff4b02c30 JavaThread "Service Thread" daemon [_thread_blocked, id=12340, stack(0x0000007b05b00000,0x0000007b05c00000)]
  0x0000018ff4b0b550 JavaThread "Monitor Deflation Thread" daemon [_thread_blocked, id=13928, stack(0x0000007b05c00000,0x0000007b05d00000)]
  0x0000018ff4b10ab0 JavaThread "C2 CompilerThread0" daemon [_thread_in_native, id=19188, stack(0x0000007b05d00000,0x0000007b05e00000)]
  0x0000018ff4b12410 JavaThread "C1 CompilerThread0" daemon [_thread_blocked, id=9144, stack(0x0000007b05e00000,0x0000007b05f00000)]
  0x0000018ff4b16d80 JavaThread "Sweeper thread" daemon [_thread_blocked, id=3572, stack(0x0000007b05f00000,0x0000007b06000000)]
  0x0000018ff558f0a0 JavaThread "Common-Cleaner" daemon [_thread_blocked, id=9536, stack(0x0000007b06000000,0x0000007b06100000)]
  0x0000018ff5590600 JavaThread "Notification Thread" daemon [_thread_blocked, id=19212, stack(0x0000007b06100000,0x0000007b06200000)]
=>0x0000018ff5728d40 JavaThread "C2 CompilerThread1" daemon [_thread_in_native, id=17720, stack(0x0000007b06300000,0x0000007b06400000)]
  0x0000018ff6c07310 JavaThread "Daemon health stats" [_thread_blocked, id=904, stack(0x0000007b06800000,0x0000007b06900000)]
  0x0000018ff68fcd90 JavaThread "Incoming local TCP Connector on port 65123" [_thread_in_native, id=11892, stack(0x0000007b06900000,0x0000007b06a00000)]
  0x0000018ff6bc3ad0 JavaThread "Daemon periodic checks" [_thread_blocked, id=15852, stack(0x0000007b06a00000,0x0000007b06b00000)]
  0x0000018ff7123040 JavaThread "Daemon" [_thread_blocked, id=10392, stack(0x0000007b06b00000,0x0000007b06c00000)]
  0x0000018ff6942a30 JavaThread "Handler for socket connection from /127.0.0.1:65123 to /127.0.0.1:65124" [_thread_in_native, id=1580, stack(0x0000007b06c00000,0x0000007b06d00000)]
  0x0000018ff69434d0 JavaThread "Cancel handler" [_thread_blocked, id=15740, stack(0x0000007b06d00000,0x0000007b06e00000)]
  0x0000018ff6942f80 JavaThread "Daemon worker" [_thread_in_vm, id=3632, stack(0x0000007b06e00000,0x0000007b06f00000)]
  0x0000018ff6943f70 JavaThread "Asynchronous log dispatcher for DefaultDaemonConnection: socket connection from /127.0.0.1:65123 to /127.0.0.1:65124" [_thread_blocked, id=9112, stack(0x0000007b06f00000,0x0000007b07000000)]
  0x0000018ff6944f60 JavaThread "Stdin handler" [_thread_blocked, id=12172, stack(0x0000007b07000000,0x0000007b07100000)]
  0x0000018ff6943a20 JavaThread "Daemon client event forwarder" [_thread_blocked, id=18072, stack(0x0000007b07100000,0x0000007b07200000)]
  0x0000018ff6941a40 JavaThread "Cache worker for file hash cache (C:\Users\halag\Documents\cs\year_project\Server_location_app\.gradle\caches\7.0.2\fileHashes)" [_thread_blocked, id=17364, stack(0x0000007b07200000,0x0000007b07300000)]
  0x0000018ff69424e0 JavaThread "File lock request listener" [_thread_in_native, id=1848, stack(0x0000007b07300000,0x0000007b07400000)]
  0x0000018ff69444c0 JavaThread "Cache worker for journal cache (C:\Users\halag\Documents\cs\year_project\Server_location_app\.gradle\caches\journal-1)" [_thread_blocked, id=11880, stack(0x0000007b07400000,0x0000007b07500000)]
  0x0000018ff6944a10 JavaThread "Cache worker for file hash cache (C:\Users\halag\Documents\cs\year_project\test_app2\.gradle\7.0.2\fileHashes)" [_thread_blocked, id=12720, stack(0x0000007b07500000,0x0000007b07600000)]
  0x0000018ff6941f90 JavaThread "File watcher server" daemon [_thread_in_native, id=4340, stack(0x0000007b07600000,0x0000007b07700000)]
  0x0000018ff71946d0 JavaThread "File watcher consumer" daemon [_thread_blocked, id=18780, stack(0x0000007b07700000,0x0000007b07800000)]
  0x0000018ff7193c30 JavaThread "jar transforms" [_thread_blocked, id=5060, stack(0x0000007b07800000,0x0000007b07900000)]
  0x0000018ff7190c60 JavaThread "jar transforms Thread 2" [_thread_blocked, id=6412, stack(0x0000007b07900000,0x0000007b07a00000)]
  0x0000018ff718e1e0 JavaThread "jar transforms Thread 3" [_thread_blocked, id=3348, stack(0x0000007b07a00000,0x0000007b07b00000)]
  0x0000018ff718e730 JavaThread "jar transforms Thread 4" [_thread_blocked, id=16252, stack(0x0000007b07b00000,0x0000007b07c00000)]
  0x0000018ff7190710 JavaThread "Cache worker for checksums cache (C:\Users\halag\Documents\cs\year_project\test_app2\.gradle\checksums)" [_thread_blocked, id=18980, stack(0x0000007b07c00000,0x0000007b07d00000)]

Other Threads:
  0x0000018ff4aeb510 VMThread "VM Thread" [stack: 0x0000007b05600000,0x0000007b05700000] [id=1316]
  0x0000018ff5593350 WatcherThread [stack: 0x0000007b06200000,0x0000007b06300000] [id=19444]
  0x0000018fd8646840 GCTaskThread "GC Thread#0" [stack: 0x0000007b05100000,0x0000007b05200000] [id=3292]
  0x0000018ff587e070 GCTaskThread "GC Thread#1" [stack: 0x0000007b06400000,0x0000007b06500000] [id=17380]
  0x0000018ff5d8bd50 GCTaskThread "GC Thread#2" [stack: 0x0000007b06500000,0x0000007b06600000] [id=10984]
  0x0000018ff59c31b0 GCTaskThread "GC Thread#3" [stack: 0x0000007b06600000,0x0000007b06700000] [id=14308]
  0x0000018fd8653790 ConcurrentGCThread "G1 Main Marker" [stack: 0x0000007b05200000,0x0000007b05300000] [id=19236]
  0x0000018fd8654110 ConcurrentGCThread "G1 Conc#0" [stack: 0x0000007b05300000,0x0000007b05400000] [id=11572]
  0x0000018fd86cfba0 ConcurrentGCThread "G1 Refine#0" [stack: 0x0000007b05400000,0x0000007b05500000] [id=12236]
  0x0000018ff63417a0 ConcurrentGCThread "G1 Refine#1" [stack: 0x0000007b06700000,0x0000007b06800000] [id=19156]
  0x0000018fd86d0530 ConcurrentGCThread "G1 Service" [stack: 0x0000007b05500000,0x0000007b05600000] [id=18188]

Threads with active compile tasks:
C2 CompilerThread0     3692 2171   !   4       java.net.URLClassLoader::findClass (47 bytes)
C2 CompilerThread1     3692 2453   !   4       java.lang.ClassLoader::loadClass (122 bytes)

VM state: not at safepoint (normal execution)

VM Mutex/Monitor currently owned by a thread: None

Heap address: 0x00000000a0000000, size: 1536 MB, Compressed Oops mode: 32-bit

CDS archive(s) mapped at: [0x0000000800000000-0x0000000800bb0000-0x0000000800bb0000), size 12255232, SharedBaseAddress: 0x0000000800000000, ArchiveRelocationMode: 0.
Compressed class space mapped at: 0x0000000800c00000-0x0000000840c00000, reserved size: 1073741824
Narrow klass base: 0x0000000800000000, Narrow klass shift: 3, Narrow klass range: 0x100000000

GC Precious Log:
 CPUs: 4 total, 4 available
 Memory: 8089M
 Large Page Support: Disabled
 NUMA Support: Disabled
 Compressed Oops: Enabled (32-bit)
 Heap Region Size: 1M
 Heap Min Capacity: 8M
 Heap Initial Capacity: 128M
 Heap Max Capacity: 1536M
 Pre-touch: Disabled
 Parallel Workers: 4
 Concurrent Workers: 1
 Concurrent Refinement Workers: 4
 Periodic GC: Disabled

Heap:
 garbage-first heap   total 131072K, used 57556K [0x00000000a0000000, 0x0000000100000000)
  region size 1024K, 39 young (39936K), 10 survivors (10240K)
 Metaspace       used 19257K, committed 19584K, reserved 1073152K
  class space    used 2831K, committed 3008K, reserved 1048576K

Heap Regions: E=young(eden), S=young(survivor), O=old, HS=humongous(starts), HC=humongous(continues), CS=collection set, F=free, OA=open archive, CA=closed archive, TAMS=top-at-mark-start (previous, next)
|   0|0x00000000a0000000, 0x00000000a0100000, 0x00000000a0100000|100%|HS|  |TAMS 0x00000000a0000000, 0x00000000a0000000| Complete 
|   1|0x00000000a0100000, 0x00000000a0200000, 0x00000000a0200000|100%|HC|  |TAMS 0x00000000a0100000, 0x00000000a0100000| Complete 
|   2|0x00000000a0200000, 0x00000000a0300000, 0x00000000a0300000|100%|HC|  |TAMS 0x00000000a0200000, 0x00000000a0200000| Complete 
|   3|0x00000000a0300000, 0x00000000a0400000, 0x00000000a0400000|100%| O|  |TAMS 0x00000000a0300000, 0x00000000a0300000| Untracked 
|   4|0x00000000a0400000, 0x00000000a0500000, 0x00000000a0500000|100%| O|  |TAMS 0x00000000a0400000, 0x00000000a0400000| Untracked 
|   5|0x00000000a0500000, 0x00000000a0600000, 0x00000000a0600000|100%| O|  |TAMS 0x00000000a0500000, 0x00000000a0500000| Untracked 
|   6|0x00000000a0600000, 0x00000000a0700000, 0x00000000a0700000|100%| O|  |TAMS 0x00000000a0600000, 0x00000000a0600000| Untracked 
|   7|0x00000000a0700000, 0x00000000a0800000, 0x00000000a0800000|100%| O|  |TAMS 0x00000000a0700000, 0x00000000a0700000| Untracked 
|   8|0x00000000a0800000, 0x00000000a0800000, 0x00000000a0900000|  0%| F|  |TAMS 0x00000000a0800000, 0x00000000a0800000| Untracked 
|   9|0x00000000a0900000, 0x00000000a0935000, 0x00000000a0a00000| 20%| O|  |TAMS 0x00000000a0900000, 0x00000000a0900000| Untracked 
|  10|0x00000000a0a00000, 0x00000000a0b00000, 0x00000000a0b00000|100%|HS|  |TAMS 0x00000000a0a00000, 0x00000000a0a00000| Complete 
|  11|0x00000000a0b00000, 0x00000000a0c00000, 0x00000000a0c00000|100%|HC|  |TAMS 0x00000000a0b00000, 0x00000000a0b00000| Complete 
|  12|0x00000000a0c00000, 0x00000000a0d00000, 0x00000000a0d00000|100%|HS|  |TAMS 0x00000000a0c00000, 0x00000000a0c00000| Complete 
|  13|0x00000000a0d00000, 0x00000000a0e00000, 0x00000000a0e00000|100%|HC|  |TAMS 0x00000000a0d00000, 0x00000000a0d00000| Complete 
|  14|0x00000000a0e00000, 0x00000000a0f00000, 0x00000000a0f00000|100%|HC|  |TAMS 0x00000000a0e00000, 0x00000000a0e00000| Complete 
|  15|0x00000000a0f00000, 0x00000000a1000000, 0x00000000a1000000|100%|HS|  |TAMS 0x00000000a0f00000, 0x00000000a0f00000| Complete 
|  16|0x00000000a1000000, 0x00000000a1100000, 0x00000000a1100000|100%|HC|  |TAMS 0x00000000a1000000, 0x00000000a1000000| Complete 
|  17|0x00000000a1100000, 0x00000000a1200000, 0x00000000a1200000|100%|HC|  |TAMS 0x00000000a1100000, 0x00000000a1100000| Complete 
|  18|0x00000000a1200000, 0x00000000a1300000, 0x00000000a1300000|100%|HC|  |TAMS 0x00000000a1200000, 0x00000000a1200000| Complete 
|  19|0x00000000a1300000, 0x00000000a1400000, 0x00000000a1400000|100%|HC|  |TAMS 0x00000000a1300000, 0x00000000a1300000| Complete 
|  20|0x00000000a1400000, 0x00000000a1400000, 0x00000000a1500000|  0%| F|  |TAMS 0x00000000a1400000, 0x00000000a1400000| Untracked 
|  21|0x00000000a1500000, 0x00000000a1500000, 0x00000000a1600000|  0%| F|  |TAMS 0x00000000a1500000, 0x00000000a1500000| Untracked 
|  22|0x00000000a1600000, 0x00000000a1600000, 0x00000000a1700000|  0%| F|  |TAMS 0x00000000a1600000, 0x00000000a1600000| Untracked 
|  23|0x00000000a1700000, 0x00000000a1700000, 0x00000000a1800000|  0%| F|  |TAMS 0x00000000a1700000, 0x00000000a1700000| Untracked 
|  24|0x00000000a1800000, 0x00000000a1800000, 0x00000000a1900000|  0%| F|  |TAMS 0x00000000a1800000, 0x00000000a1800000| Untracked 
|  25|0x00000000a1900000, 0x00000000a1900000, 0x00000000a1a00000|  0%| F|  |TAMS 0x00000000a1900000, 0x00000000a1900000| Untracked 
|  26|0x00000000a1a00000, 0x00000000a1a00000, 0x00000000a1b00000|  0%| F|  |TAMS 0x00000000a1a00000, 0x00000000a1a00000| Untracked 
|  27|0x00000000a1b00000, 0x00000000a1b00000, 0x00000000a1c00000|  0%| F|  |TAMS 0x00000000a1b00000, 0x00000000a1b00000| Untracked 
|  28|0x00000000a1c00000, 0x00000000a1c00000, 0x00000000a1d00000|  0%| F|  |TAMS 0x00000000a1c00000, 0x00000000a1c00000| Untracked 
|  29|0x00000000a1d00000, 0x00000000a1d00000, 0x00000000a1e00000|  0%| F|  |TAMS 0x00000000a1d00000, 0x00000000a1d00000| Untracked 
|  30|0x00000000a1e00000, 0x00000000a1e00000, 0x00000000a1f00000|  0%| F|  |TAMS 0x00000000a1e00000, 0x00000000a1e00000| Untracked 
|  31|0x00000000a1f00000, 0x00000000a1f00000, 0x00000000a2000000|  0%| F|  |TAMS 0x00000000a1f00000, 0x00000000a1f00000| Untracked 
|  32|0x00000000a2000000, 0x00000000a2000000, 0x00000000a2100000|  0%| F|  |TAMS 0x00000000a2000000, 0x00000000a2000000| Untracked 
|  33|0x00000000a2100000, 0x00000000a2100000, 0x00000000a2200000|  0%| F|  |TAMS 0x00000000a2100000, 0x00000000a2100000| Untracked 
|  34|0x00000000a2200000, 0x00000000a2200000, 0x00000000a2300000|  0%| F|  |TAMS 0x00000000a2200000, 0x00000000a2200000| Untracked 
|  35|0x00000000a2300000, 0x00000000a2300000, 0x00000000a2400000|  0%| F|  |TAMS 0x00000000a2300000, 0x00000000a2300000| Untracked 
|  36|0x00000000a2400000, 0x00000000a2400000, 0x00000000a2500000|  0%| F|  |TAMS 0x00000000a2400000, 0x00000000a2400000| Untracked 
|  37|0x00000000a2500000, 0x00000000a2500000, 0x00000000a2600000|  0%| F|  |TAMS 0x00000000a2500000, 0x00000000a2500000| Untracked 
|  38|0x00000000a2600000, 0x00000000a2600000, 0x00000000a2700000|  0%| F|  |TAMS 0x00000000a2600000, 0x00000000a2600000| Untracked 
|  39|0x00000000a2700000, 0x00000000a2700000, 0x00000000a2800000|  0%| F|  |TAMS 0x00000000a2700000, 0x00000000a2700000| Untracked 
|  40|0x00000000a2800000, 0x00000000a2800000, 0x00000000a2900000|  0%| F|  |TAMS 0x00000000a2800000, 0x00000000a2800000| Untracked 
|  41|0x00000000a2900000, 0x00000000a2900000, 0x00000000a2a00000|  0%| F|  |TAMS 0x00000000a2900000, 0x00000000a2900000| Untracked 
|  42|0x00000000a2a00000, 0x00000000a2b00000, 0x00000000a2b00000|100%| S|CS|TAMS 0x00000000a2a00000, 0x00000000a2a00000| Complete 
|  43|0x00000000a2b00000, 0x00000000a2c00000, 0x00000000a2c00000|100%| S|CS|TAMS 0x00000000a2b00000, 0x00000000a2b00000| Complete 
|  44|0x00000000a2c00000, 0x00000000a2d00000, 0x00000000a2d00000|100%| S|CS|TAMS 0x00000000a2c00000, 0x00000000a2c00000| Complete 
|  45|0x00000000a2d00000, 0x00000000a2e00000, 0x00000000a2e00000|100%| S|CS|TAMS 0x00000000a2d00000, 0x00000000a2d00000| Complete 
|  46|0x00000000a2e00000, 0x00000000a2f00000, 0x00000000a2f00000|100%| S|CS|TAMS 0x00000000a2e00000, 0x00000000a2e00000| Complete 
|  47|0x00000000a2f00000, 0x00000000a3000000, 0x00000000a3000000|100%| S|CS|TAMS 0x00000000a2f00000, 0x00000000a2f00000| Complete 
|  48|0x00000000a3000000, 0x00000000a3100000, 0x00000000a3100000|100%| S|CS|TAMS 0x00000000a3000000, 0x00000000a3000000| Complete 
|  49|0x00000000a3100000, 0x00000000a3200000, 0x00000000a3200000|100%| S|CS|TAMS 0x00000000a3100000, 0x00000000a3100000| Complete 
|  50|0x00000000a3200000, 0x00000000a3300000, 0x00000000a3300000|100%| S|CS|TAMS 0x00000000a3200000, 0x00000000a3200000| Complete 
|  51|0x00000000a3300000, 0x00000000a3400000, 0x00000000a3400000|100%| S|CS|TAMS 0x00000000a3300000, 0x00000000a3300000| Complete 
|  52|0x00000000a3400000, 0x00000000a3400000, 0x00000000a3500000|  0%| F|  |TAMS 0x00000000a3400000, 0x00000000a3400000| Untracked 
|  53|0x00000000a3500000, 0x00000000a3500000, 0x00000000a3600000|  0%| F|  |TAMS 0x00000000a3500000, 0x00000000a3500000| Untracked 
|  54|0x00000000a3600000, 0x00000000a3600000, 0x00000000a3700000|  0%| F|  |TAMS 0x00000000a3600000, 0x00000000a3600000| Untracked 
|  55|0x00000000a3700000, 0x00000000a3700000, 0x00000000a3800000|  0%| F|  |TAMS 0x00000000a3700000, 0x00000000a3700000| Untracked 
|  56|0x00000000a3800000, 0x00000000a3800000, 0x00000000a3900000|  0%| F|  |TAMS 0x00000000a3800000, 0x00000000a3800000| Untracked 
|  57|0x00000000a3900000, 0x00000000a3900000, 0x00000000a3a00000|  0%| F|  |TAMS 0x00000000a3900000, 0x00000000a3900000| Untracked 
|  58|0x00000000a3a00000, 0x00000000a3a00000, 0x00000000a3b00000|  0%| F|  |TAMS 0x00000000a3a00000, 0x00000000a3a00000| Untracked 
|  59|0x00000000a3b00000, 0x00000000a3b00000, 0x00000000a3c00000|  0%| F|  |TAMS 0x00000000a3b00000, 0x00000000a3b00000| Untracked 
|  60|0x00000000a3c00000, 0x00000000a3c00000, 0x00000000a3d00000|  0%| F|  |TAMS 0x00000000a3c00000, 0x00000000a3c00000| Untracked 
|  61|0x00000000a3d00000, 0x00000000a3d00000, 0x00000000a3e00000|  0%| F|  |TAMS 0x00000000a3d00000, 0x00000000a3d00000| Untracked 
|  62|0x00000000a3e00000, 0x00000000a3e00000, 0x00000000a3f00000|  0%| F|  |TAMS 0x00000000a3e00000, 0x00000000a3e00000| Untracked 
|  63|0x00000000a3f00000, 0x00000000a3f00000, 0x00000000a4000000|  0%| F|  |TAMS 0x00000000a3f00000, 0x00000000a3f00000| Untracked 
|  64|0x00000000a4000000, 0x00000000a4000000, 0x00000000a4100000|  0%| F|  |TAMS 0x00000000a4000000, 0x00000000a4000000| Untracked 
|  65|0x00000000a4100000, 0x00000000a4100000, 0x00000000a4200000|  0%| F|  |TAMS 0x00000000a4100000, 0x00000000a4100000| Untracked 
|  66|0x00000000a4200000, 0x00000000a4200000, 0x00000000a4300000|  0%| F|  |TAMS 0x00000000a4200000, 0x00000000a4200000| Untracked 
|  67|0x00000000a4300000, 0x00000000a4300000, 0x00000000a4400000|  0%| F|  |TAMS 0x00000000a4300000, 0x00000000a4300000| Untracked 
|  68|0x00000000a4400000, 0x00000000a4400000, 0x00000000a4500000|  0%| F|  |TAMS 0x00000000a4400000, 0x00000000a4400000| Untracked 
|  69|0x00000000a4500000, 0x00000000a4500000, 0x00000000a4600000|  0%| F|  |TAMS 0x00000000a4500000, 0x00000000a4500000| Untracked 
|  70|0x00000000a4600000, 0x00000000a4600000, 0x00000000a4700000|  0%| F|  |TAMS 0x00000000a4600000, 0x00000000a4600000| Untracked 
|  71|0x00000000a4700000, 0x00000000a4700000, 0x00000000a4800000|  0%| F|  |TAMS 0x00000000a4700000, 0x00000000a4700000| Untracked 
|  72|0x00000000a4800000, 0x00000000a4800000, 0x00000000a4900000|  0%| F|  |TAMS 0x00000000a4800000, 0x00000000a4800000| Untracked 
|  73|0x00000000a4900000, 0x00000000a4900000, 0x00000000a4a00000|  0%| F|  |TAMS 0x00000000a4900000, 0x00000000a4900000| Untracked 
|  74|0x00000000a4a00000, 0x00000000a4a00000, 0x00000000a4b00000|  0%| F|  |TAMS 0x00000000a4a00000, 0x00000000a4a00000| Untracked 
|  75|0x00000000a4b00000, 0x00000000a4b00000, 0x00000000a4c00000|  0%| F|  |TAMS 0x00000000a4b00000, 0x00000000a4b00000| Untracked 
|  76|0x00000000a4c00000, 0x00000000a4c00000, 0x00000000a4d00000|  0%| F|  |TAMS 0x00000000a4c00000, 0x00000000a4c00000| Untracked 
|  77|0x00000000a4d00000, 0x00000000a4d00000, 0x00000000a4e00000|  0%| F|  |TAMS 0x00000000a4d00000, 0x00000000a4d00000| Untracked 
|  78|0x00000000a4e00000, 0x00000000a4e00000, 0x00000000a4f00000|  0%| F|  |TAMS 0x00000000a4e00000, 0x00000000a4e00000| Untracked 
|  79|0x00000000a4f00000, 0x00000000a4f00000, 0x00000000a5000000|  0%| F|  |TAMS 0x00000000a4f00000, 0x00000000a4f00000| Untracked 
|  80|0x00000000a5000000, 0x00000000a5000000, 0x00000000a5100000|  0%| F|  |TAMS 0x00000000a5000000, 0x00000000a5000000| Untracked 
|  81|0x00000000a5100000, 0x00000000a5100000, 0x00000000a5200000|  0%| F|  |TAMS 0x00000000a5100000, 0x00000000a5100000| Untracked 
|  82|0x00000000a5200000, 0x00000000a5200000, 0x00000000a5300000|  0%| F|  |TAMS 0x00000000a5200000, 0x00000000a5200000| Untracked 
|  83|0x00000000a5300000, 0x00000000a5300000, 0x00000000a5400000|  0%| F|  |TAMS 0x00000000a5300000, 0x00000000a5300000| Untracked 
|  84|0x00000000a5400000, 0x00000000a5400000, 0x00000000a5500000|  0%| F|  |TAMS 0x00000000a5400000, 0x00000000a5400000| Untracked 
|  85|0x00000000a5500000, 0x00000000a5500000, 0x00000000a5600000|  0%| F|  |TAMS 0x00000000a5500000, 0x00000000a5500000| Untracked 
|  86|0x00000000a5600000, 0x00000000a5600000, 0x00000000a5700000|  0%| F|  |TAMS 0x00000000a5600000, 0x00000000a5600000| Untracked 
|  87|0x00000000a5700000, 0x00000000a5700000, 0x00000000a5800000|  0%| F|  |TAMS 0x00000000a5700000, 0x00000000a5700000| Untracked 
|  88|0x00000000a5800000, 0x00000000a5800000, 0x00000000a5900000|  0%| F|  |TAMS 0x00000000a5800000, 0x00000000a5800000| Untracked 
|  89|0x00000000a5900000, 0x00000000a5900000, 0x00000000a5a00000|  0%| F|  |TAMS 0x00000000a5900000, 0x00000000a5900000| Untracked 
|  90|0x00000000a5a00000, 0x00000000a5a00000, 0x00000000a5b00000|  0%| F|  |TAMS 0x00000000a5a00000, 0x00000000a5a00000| Untracked 
|  91|0x00000000a5b00000, 0x00000000a5b00000, 0x00000000a5c00000|  0%| F|  |TAMS 0x00000000a5b00000, 0x00000000a5b00000| Untracked 
|  92|0x00000000a5c00000, 0x00000000a5c00000, 0x00000000a5d00000|  0%| F|  |TAMS 0x00000000a5c00000, 0x00000000a5c00000| Untracked 
|  93|0x00000000a5d00000, 0x00000000a5d00000, 0x00000000a5e00000|  0%| F|  |TAMS 0x00000000a5d00000, 0x00000000a5d00000| Untracked 
|  94|0x00000000a5e00000, 0x00000000a5e00000, 0x00000000a5f00000|  0%| F|  |TAMS 0x00000000a5e00000, 0x00000000a5e00000| Untracked 
|  95|0x00000000a5f00000, 0x00000000a5f00000, 0x00000000a6000000|  0%| F|  |TAMS 0x00000000a5f00000, 0x00000000a5f00000| Untracked 
|  96|0x00000000a6000000, 0x00000000a6000000, 0x00000000a6100000|  0%| F|  |TAMS 0x00000000a6000000, 0x00000000a6000000| Untracked 
|  97|0x00000000a6100000, 0x00000000a6100000, 0x00000000a6200000|  0%| F|  |TAMS 0x00000000a6100000, 0x00000000a6100000| Untracked 
|  98|0x00000000a6200000, 0x00000000a6200000, 0x00000000a6300000|  0%| F|  |TAMS 0x00000000a6200000, 0x00000000a6200000| Untracked 
|  99|0x00000000a6300000, 0x00000000a6380cc8, 0x00000000a6400000| 50%| E|  |TAMS 0x00000000a6300000, 0x00000000a6300000| Complete 
| 100|0x00000000a6400000, 0x00000000a6500000, 0x00000000a6500000|100%| E|CS|TAMS 0x00000000a6400000, 0x00000000a6400000| Complete 
| 101|0x00000000a6500000, 0x00000000a6600000, 0x00000000a6600000|100%| E|CS|TAMS 0x00000000a6500000, 0x00000000a6500000| Complete 
| 102|0x00000000a6600000, 0x00000000a6700000, 0x00000000a6700000|100%| E|CS|TAMS 0x00000000a6600000, 0x00000000a6600000| Complete 
| 103|0x00000000a6700000, 0x00000000a6800000, 0x00000000a6800000|100%| E|CS|TAMS 0x00000000a6700000, 0x00000000a6700000| Complete 
| 104|0x00000000a6800000, 0x00000000a6900000, 0x00000000a6900000|100%| E|CS|TAMS 0x00000000a6800000, 0x00000000a6800000| Complete 
| 105|0x00000000a6900000, 0x00000000a6a00000, 0x00000000a6a00000|100%| E|CS|TAMS 0x00000000a6900000, 0x00000000a6900000| Complete 
| 106|0x00000000a6a00000, 0x00000000a6b00000, 0x00000000a6b00000|100%| E|CS|TAMS 0x00000000a6a00000, 0x00000000a6a00000| Complete 
| 107|0x00000000a6b00000, 0x00000000a6c00000, 0x00000000a6c00000|100%| E|CS|TAMS 0x00000000a6b00000, 0x00000000a6b00000| Complete 
| 108|0x00000000a6c00000, 0x00000000a6d00000, 0x00000000a6d00000|100%| E|CS|TAMS 0x00000000a6c00000, 0x00000000a6c00000| Complete 
| 109|0x00000000a6d00000, 0x00000000a6e00000, 0x00000000a6e00000|100%| E|CS|TAMS 0x00000000a6d00000, 0x00000000a6d00000| Complete 
| 110|0x00000000a6e00000, 0x00000000a6f00000, 0x00000000a6f00000|100%| E|CS|TAMS 0x00000000a6e00000, 0x00000000a6e00000| Complete 
| 111|0x00000000a6f00000, 0x00000000a7000000, 0x00000000a7000000|100%| E|CS|TAMS 0x00000000a6f00000, 0x00000000a6f00000| Complete 
| 112|0x00000000a7000000, 0x00000000a7100000, 0x00000000a7100000|100%| E|CS|TAMS 0x00000000a7000000, 0x00000000a7000000| Complete 
| 113|0x00000000a7100000, 0x00000000a7200000, 0x00000000a7200000|100%| E|CS|TAMS 0x00000000a7100000, 0x00000000a7100000| Complete 
| 114|0x00000000a7200000, 0x00000000a7300000, 0x00000000a7300000|100%| E|CS|TAMS 0x00000000a7200000, 0x00000000a7200000| Complete 
| 115|0x00000000a7300000, 0x00000000a7400000, 0x00000000a7400000|100%| E|CS|TAMS 0x00000000a7300000, 0x00000000a7300000| Complete 
| 116|0x00000000a7400000, 0x00000000a7500000, 0x00000000a7500000|100%| E|CS|TAMS 0x00000000a7400000, 0x00000000a7400000| Complete 
| 117|0x00000000a7500000, 0x00000000a7600000, 0x00000000a7600000|100%| E|CS|TAMS 0x00000000a7500000, 0x00000000a7500000| Complete 
| 118|0x00000000a7600000, 0x00000000a7700000, 0x00000000a7700000|100%| E|CS|TAMS 0x00000000a7600000, 0x00000000a7600000| Complete 
| 119|0x00000000a7700000, 0x00000000a7800000, 0x00000000a7800000|100%| E|CS|TAMS 0x00000000a7700000, 0x00000000a7700000| Complete 
| 120|0x00000000a7800000, 0x00000000a7900000, 0x00000000a7900000|100%| E|CS|TAMS 0x00000000a7800000, 0x00000000a7800000| Complete 
| 121|0x00000000a7900000, 0x00000000a7a00000, 0x00000000a7a00000|100%| E|CS|TAMS 0x00000000a7900000, 0x00000000a7900000| Complete 
| 122|0x00000000a7a00000, 0x00000000a7b00000, 0x00000000a7b00000|100%| E|CS|TAMS 0x00000000a7a00000, 0x00000000a7a00000| Complete 
| 123|0x00000000a7b00000, 0x00000000a7c00000, 0x00000000a7c00000|100%| E|CS|TAMS 0x00000000a7b00000, 0x00000000a7b00000| Complete 
| 124|0x00000000a7c00000, 0x00000000a7d00000, 0x00000000a7d00000|100%| E|CS|TAMS 0x00000000a7c00000, 0x00000000a7c00000| Complete 
| 125|0x00000000a7d00000, 0x00000000a7e00000, 0x00000000a7e00000|100%| E|CS|TAMS 0x00000000a7d00000, 0x00000000a7d00000| Complete 
| 126|0x00000000a7e00000, 0x00000000a7f00000, 0x00000000a7f00000|100%| E|CS|TAMS 0x00000000a7e00000, 0x00000000a7e00000| Complete 
| 127|0x00000000a7f00000, 0x00000000a8000000, 0x00000000a8000000|100%| E|CS|TAMS 0x00000000a7f00000, 0x00000000a7f00000| Complete 

Card table byte_map: [0x0000018fef090000,0x0000018fef390000] _byte_map_base: 0x0000018feeb90000

Marking Bits (Prev, Next): (CMBitMap*) 0x0000018fd8646dc0, (CMBitMap*) 0x0000018fd8646e00
 Prev Bits: [0x0000018fef690000, 0x0000018ff0e90000)
 Next Bits: [0x0000018ff0e90000, 0x0000018ff2690000)

Polling page: 0x0000018fd7df0000

Metaspace:

Usage:
  Non-class:     16.06 MB used.
      Class:      2.77 MB used.
       Both:     18.83 MB used.

Virtual space:
  Non-class space:       24.00 MB reserved,      16.25 MB ( 68%) committed,  3 nodes.
      Class space:        1.00 GB reserved,       2.94 MB ( <1%) committed,  1 nodes.
              Both:        1.02 GB reserved,      19.19 MB (  2%) committed. 

Chunk freelists:
   Non-Class:  3.53 MB
       Class:  1.04 MB
        Both:  4.57 MB

MaxMetaspaceSize: 17179869184.00 GB
CompressedClassSpaceSize: 1.00 GB
 - commit_granule_bytes: 65536.
 - commit_granule_words: 8192.
 - virtual_space_node_default_size: 1048576.
 - enlarge_chunks_in_place: 1.
 - new_chunks_are_fully_committed: 0.
 - uncommit_free_chunks: 1.
 - use_allocation_guard: 0.
 - handle_deallocations: 1.


Internal statistics:

num_allocs_failed_limit: 0.
num_arena_births: 326.
num_arena_deaths: 0.
num_vsnodes_births: 4.
num_vsnodes_deaths: 0.
num_space_committed: 307.
num_space_uncommitted: 0.
num_chunks_returned_to_freelist: 0.
num_chunks_taken_from_freelist: 1037.
num_chunk_merges: 0.
num_chunk_splits: 660.
num_chunks_enlarged: 445.
num_purges: 0.

CodeHeap 'non-profiled nmethods': size=120000Kb used=1302Kb max_used=1302Kb free=118697Kb
 bounds [0x0000018fe7860000, 0x0000018fe7ad0000, 0x0000018feed90000]
CodeHeap 'profiled nmethods': size=120000Kb used=5230Kb max_used=5230Kb free=114769Kb
 bounds [0x0000018fe0330000, 0x0000018fe0850000, 0x0000018fe7860000]
CodeHeap 'non-nmethods': size=5760Kb used=1237Kb max_used=1317Kb free=4522Kb
 bounds [0x0000018fdfd90000, 0x0000018fe0000000, 0x0000018fe0330000]
 total_blobs=3088 nmethods=2549 adapters=451
 compilation: enabled
              stopped_count=0, restarted_count=0
 full_count=0

Compilation events (20 events):
Event: 3.587 Thread 0x0000018ff4b12410 2532   !   3       org.gradle.internal.service.DefaultServiceRegistry$FactoryService::bind (283 bytes)
Event: 3.591 Thread 0x0000018ff4b12410 nmethod 2532 0x0000018fe0831e90 code [0x0000018fe08325a0, 0x0000018fe0836f88]
Event: 3.596 Thread 0x0000018ff4b12410 2533       3       jdk.internal.reflect.ReflectionFactory::newMethodAccessor (130 bytes)
Event: 3.599 Thread 0x0000018ff4b12410 nmethod 2533 0x0000018fe0838690 code [0x0000018fe0838aa0, 0x0000018fe083a8d8]
Event: 3.600 Thread 0x0000018ff4b12410 2534       3       jdk.internal.reflect.Reflection::isCallerSensitive (24 bytes)
Event: 3.601 Thread 0x0000018ff4b12410 nmethod 2534 0x0000018fe083b210 code [0x0000018fe083b560, 0x0000018fe083cb18]
Event: 3.614 Thread 0x0000018ff4b12410 2535       3       org.gradle.internal.service.DefaultServiceRegistry$FactoryMethodService::getParameterTypes (10 bytes)
Event: 3.615 Thread 0x0000018ff4b12410 nmethod 2535 0x0000018fe083d190 code [0x0000018fe083d340, 0x0000018fe083d538]
Event: 3.615 Thread 0x0000018ff4b12410 2537       3       org.gradle.internal.service.DefaultServiceRegistry$FactoryService::assembleParameters (58 bytes)
Event: 3.616 Thread 0x0000018ff4b12410 nmethod 2537 0x0000018fe083d610 code [0x0000018fe083d800, 0x0000018fe083de48]
Event: 3.616 Thread 0x0000018ff4b12410 2536       3       org.gradle.internal.service.DefaultServiceRegistry$FactoryService::create (18 bytes)
Event: 3.616 Thread 0x0000018ff4b12410 nmethod 2536 0x0000018fe083e090 code [0x0000018fe083e240, 0x0000018fe083e478]
Event: 3.627 Thread 0x0000018ff4b12410 2538   !   3       org.gradle.internal.service.ReflectionBasedServiceMethod::invoke (16 bytes)
Event: 3.627 Thread 0x0000018ff4b12410 nmethod 2538 0x0000018fe083e590 code [0x0000018fe083e740, 0x0000018fe083e8d8]
Event: 3.627 Thread 0x0000018ff4b12410 2539   !   3       org.gradle.internal.reflect.JavaMethod::invoke (74 bytes)
Event: 3.629 Thread 0x0000018ff4b12410 nmethod 2539 0x0000018fe083ea10 code [0x0000018fe083ed80, 0x0000018fe0840418]
Event: 3.632 Thread 0x0000018ff4b12410 2540   !   3       org.gradle.internal.service.DefaultServiceRegistry$FactoryMethodService::invokeMethod (151 bytes)
Event: 3.634 Thread 0x0000018ff4b12410 nmethod 2540 0x0000018fe0840d90 code [0x0000018fe08411e0, 0x0000018fe08435e8]
Event: 3.636 Thread 0x0000018ff4b12410 2541       3       java.lang.reflect.Method::acquireMethodAccessor (44 bytes)
Event: 3.637 Thread 0x0000018ff4b12410 nmethod 2541 0x0000018fe0844490 code [0x0000018fe0844680, 0x0000018fe0844b78]

GC Heap History (8 events):
Event: 0.440 GC heap before
{Heap before GC invocations=0 (full 0):
 garbage-first heap   total 131072K, used 15360K [0x00000000a0000000, 0x0000000100000000)
  region size 1024K, 13 young (13312K), 0 survivors (0K)
 Metaspace       used 1039K, committed 1216K, reserved 1056768K
  class space    used 73K, committed 128K, reserved 1048576K
}
Event: 0.443 GC heap after
{Heap after GC invocations=1 (full 0):
 garbage-first heap   total 131072K, used 3766K [0x00000000a0000000, 0x0000000100000000)
  region size 1024K, 2 young (2048K), 2 survivors (2048K)
 Metaspace       used 1039K, committed 1216K, reserved 1056768K
  class space    used 73K, committed 128K, reserved 1048576K
}
Event: 0.910 GC heap before
{Heap before GC invocations=1 (full 0):
 garbage-first heap   total 131072K, used 22198K [0x00000000a0000000, 0x0000000100000000)
  region size 1024K, 18 young (18432K), 2 survivors (2048K)
 Metaspace       used 3856K, committed 4032K, reserved 1056768K
  class space    used 469K, committed 576K, reserved 1048576K
}
Event: 0.915 GC heap after
{Heap after GC invocations=2 (full 0):
 garbage-first heap   total 131072K, used 9538K [0x00000000a0000000, 0x0000000100000000)
  region size 1024K, 3 young (3072K), 3 survivors (3072K)
 Metaspace       used 3856K, committed 4032K, reserved 1056768K
  class space    used 469K, committed 576K, reserved 1048576K
}
Event: 1.211 GC heap before
{Heap before GC invocations=2 (full 0):
 garbage-first heap   total 131072K, used 32066K [0x00000000a0000000, 0x0000000100000000)
  region size 1024K, 25 young (25600K), 3 survivors (3072K)
 Metaspace       used 4068K, committed 4224K, reserved 1056768K
  class space    used 482K, committed 576K, reserved 1048576K
}
Event: 1.216 GC heap after
{Heap after GC invocations=3 (full 0):
 garbage-first heap   total 131072K, used 10546K [0x00000000a0000000, 0x0000000100000000)
  region size 1024K, 3 young (3072K), 3 survivors (3072K)
 Metaspace       used 4068K, committed 4224K, reserved 1056768K
  class space    used 482K, committed 576K, reserved 1048576K
}
Event: 2.991 GC heap before
{Heap before GC invocations=3 (full 0):
 garbage-first heap   total 131072K, used 86322K [0x00000000a0000000, 0x0000000100000000)
  region size 1024K, 76 young (77824K), 3 survivors (3072K)
 Metaspace       used 15751K, committed 16000K, reserved 1064960K
  class space    used 2258K, committed 2368K, reserved 1048576K
}
Event: 3.007 GC heap after
{Heap after GC invocations=4 (full 0):
 garbage-first heap   total 131072K, used 18644K [0x00000000a0000000, 0x0000000100000000)
  region size 1024K, 10 young (10240K), 10 survivors (10240K)
 Metaspace       used 15751K, committed 16000K, reserved 1064960K
  class space    used 2258K, committed 2368K, reserved 1048576K
}

Deoptimization events (20 events):
Event: 3.394 Thread 0x0000018ff6942f80 DEOPT PACKING pc=0x0000018fe03f375d sp=0x0000007b06efb6b0
Event: 3.394 Thread 0x0000018ff6942f80 DEOPT UNPACKING pc=0x0000018fdfdddece sp=0x0000007b06efab48 mode 0
Event: 3.406 Thread 0x0000018ff6942f80 Uncommon trap: trap_request=0xffffffc6 fr.pc=0x0000018fe798de28 relative=0x00000000000061a8
Event: 3.406 Thread 0x0000018ff6942f80 Uncommon trap: reason=bimorphic_or_optimized_type_check action=maybe_recompile pc=0x0000018fe798de28 method=java.lang.ClassLoader.loadClass(Ljava/lang/String;Z)Ljava/lang/Class; @ 38 c2
Event: 3.406 Thread 0x0000018ff6942f80 DEOPT PACKING pc=0x0000018fe798de28 sp=0x0000007b06efa390
Event: 3.406 Thread 0x0000018ff6942f80 DEOPT UNPACKING pc=0x0000018fdfddd72e sp=0x0000007b06efa400 mode 2
Event: 3.407 Thread 0x0000018ff6942f80 Uncommon trap: trap_request=0xffffffc6 fr.pc=0x0000018fe798de28 relative=0x00000000000061a8
Event: 3.407 Thread 0x0000018ff6942f80 Uncommon trap: reason=bimorphic_or_optimized_type_check action=maybe_recompile pc=0x0000018fe798de28 method=java.lang.ClassLoader.loadClass(Ljava/lang/String;Z)Ljava/lang/Class; @ 38 c2
Event: 3.407 Thread 0x0000018ff6942f80 DEOPT PACKING pc=0x0000018fe798de28 sp=0x0000007b06efa5f0
Event: 3.407 Thread 0x0000018ff6942f80 DEOPT UNPACKING pc=0x0000018fdfddd72e sp=0x0000007b06efa660 mode 2
Event: 3.407 Thread 0x0000018ff6942f80 Uncommon trap: trap_request=0xffffffc6 fr.pc=0x0000018fe798de28 relative=0x00000000000061a8
Event: 3.407 Thread 0x0000018ff6942f80 Uncommon trap: reason=bimorphic_or_optimized_type_check action=maybe_recompile pc=0x0000018fe798de28 method=java.lang.ClassLoader.loadClass(Ljava/lang/String;Z)Ljava/lang/Class; @ 38 c2
Event: 3.407 Thread 0x0000018ff6942f80 DEOPT PACKING pc=0x0000018fe798de28 sp=0x0000007b06efbd30
Event: 3.407 Thread 0x0000018ff6942f80 DEOPT UNPACKING pc=0x0000018fdfddd72e sp=0x0000007b06efbda0 mode 2
Event: 3.420 Thread 0x0000018ff6942f80 DEOPT PACKING pc=0x0000018fe03f375d sp=0x0000007b06efb050
Event: 3.420 Thread 0x0000018ff6942f80 DEOPT UNPACKING pc=0x0000018fdfdddece sp=0x0000007b06efa4d8 mode 0
Event: 3.434 Thread 0x0000018ff6942f80 DEOPT PACKING pc=0x0000018fe067df88 sp=0x0000007b06ef7bb0
Event: 3.434 Thread 0x0000018ff6942f80 DEOPT UNPACKING pc=0x0000018fdfdddece sp=0x0000007b06ef70b8 mode 0
Event: 3.457 Thread 0x0000018ff6942f80 DEOPT PACKING pc=0x0000018fe03f375d sp=0x0000007b06ef9fa0
Event: 3.457 Thread 0x0000018ff6942f80 DEOPT UNPACKING pc=0x0000018fdfdddece sp=0x0000007b06ef9428 mode 0

Classes unloaded (0 events):
No events

Classes redefined (0 events):
No events

Internal exceptions (20 events):
Event: 3.510 Thread 0x0000018ff6942f80 Exception <a 'java/lang/NoSuchMethodError'{0x00000000a6b09f88}: static Lorg/jetbrains/plugins/gradle/model/tests/ExternalTestsModel;.<clinit>()V> (0x00000000a6b09f88) 
thrown [t:\workspace\open\src\hotspot\share\prims\jni.cpp, line 1210]
Event: 3.511 Thread 0x0000018ff6942f80 Exception <a 'java/lang/NoSuchMethodError'{0x00000000a6b16378}: static Lorg/jetbrains/plugins/gradle/model/IntelliJProjectSettings;.<clinit>()V> (0x00000000a6b16378) 
thrown [t:\workspace\open\src\hotspot\share\prims\jni.cpp, line 1210]
Event: 3.512 Thread 0x0000018ff6942f80 Exception <a 'java/lang/NoSuchMethodError'{0x00000000a6b1c918}: static Lorg/jetbrains/plugins/gradle/model/IntelliJSettings;.<clinit>()V> (0x00000000a6b1c918) 
thrown [t:\workspace\open\src\hotspot\share\prims\jni.cpp, line 1210]
Event: 3.513 Thread 0x0000018ff6942f80 Exception <a 'java/lang/NoSuchMethodError'{0x00000000a6b2e418}: static Lorg/jetbrains/kotlin/samWithReceiver/ide/SamWithReceiverModel;.<clinit>()V> (0x00000000a6b2e418) 
thrown [t:\workspace\open\src\hotspot\share\prims\jni.cpp, line 1210]
Event: 3.515 Thread 0x0000018ff6942f80 Exception <a 'java/lang/NoSuchMethodError'{0x00000000a6b38160}: static Lorg/jetbrains/kotlin/parcelize/ide/ParcelizeGradleModel;.<clinit>()V> (0x00000000a6b38160) 
thrown [t:\workspace\open\src\hotspot\share\prims\jni.cpp, line 1210]
Event: 3.518 Thread 0x0000018ff6942f80 Exception <a 'java/lang/NoSuchMethodError'{0x00000000a6b58ca8}: static Lorg/jetbrains/kotlin/noarg/ide/NoArgModel;.<clinit>()V> (0x00000000a6b58ca8) 
thrown [t:\workspace\open\src\hotspot\share\prims\jni.cpp, line 1210]
Event: 3.519 Thread 0x0000018ff6942f80 Exception <a 'java/lang/NoSuchMethodError'{0x00000000a6b63178}: static Lorg/jetbrains/kotlin/lombok/ide/LombokModel;.<clinit>()V> (0x00000000a6b63178) 
thrown [t:\workspace\open\src\hotspot\share\prims\jni.cpp, line 1210]
Event: 3.521 Thread 0x0000018ff6942f80 Exception <a 'java/lang/NoSuchMethodError'{0x00000000a6b6f830}: static Lorg/jetbrains/plugins/gradle/model/RepositoriesModel;.<clinit>()V> (0x00000000a6b6f830) 
thrown [t:\workspace\open\src\hotspot\share\prims\jni.cpp, line 1210]
Event: 3.522 Thread 0x0000018ff6942f80 Exception <a 'java/lang/NoSuchMethodError'{0x00000000a6b79940}: static Lorg/jetbrains/kotlin/allopen/ide/AllOpenModel;.<clinit>()V> (0x00000000a6b79940) 
thrown [t:\workspace\open\src\hotspot\share\prims\jni.cpp, line 1210]
Event: 3.526 Thread 0x0000018ff6942f80 Exception <a 'java/lang/NoSuchMethodError'{0x00000000a6b93530}: static Lorg/jetbrains/plugins/gradle/model/ExternalLibraryDependency;.<clinit>()V> (0x00000000a6b93530) 
thrown [t:\workspace\open\src\hotspot\share\prims\jni.cpp, line 1210]
Event: 3.526 Thread 0x0000018ff6942f80 Exception <a 'java/lang/NoSuchMethodError'{0x00000000a6b9cbc8}: static Lorg/jetbrains/plugins/gradle/model/FileCollectionDependency;.<clinit>()V> (0x00000000a6b9cbc8) 
thrown [t:\workspace\open\src\hotspot\share\prims\jni.cpp, line 1210]
Event: 3.527 Thread 0x0000018ff6942f80 Exception <a 'java/lang/NoSuchMethodError'{0x00000000a6ba6400}: static Lorg/jetbrains/plugins/gradle/model/ExternalProjectDependency;.<clinit>()V> (0x00000000a6ba6400) 
thrown [t:\workspace\open\src\hotspot\share\prims\jni.cpp, line 1210]
Event: 3.529 Thread 0x0000018ff6942f80 Exception <a 'java/lang/NoSuchMethodError'{0x00000000a6bafed8}: static Lorg/jetbrains/plugins/gradle/model/UnresolvedExternalDependency;.<clinit>()V> (0x00000000a6bafed8) 
thrown [t:\workspace\open\src\hotspot\share\prims\jni.cpp, line 1210]
Event: 3.540 Thread 0x0000018ff6942f80 Exception <a 'java/lang/NoSuchMethodError'{0x00000000a6a381f8}: static Lorg/gradle/tooling/internal/consumer/versioning/VersionDetails;.<clinit>()V> (0x00000000a6a381f8) 
thrown [t:\workspace\open\src\hotspot\share\prims\jni.cpp, line 1210]
Event: 3.540 Thread 0x0000018ff6942f80 Exception <a 'java/lang/NoSuchMethodError'{0x00000000a6a3aca0}: static Lorg/gradle/tooling/internal/consumer/versioning/VersionDetails$R26VersionDetails;.<clinit>()V> (0x00000000a6a3aca0) 
thrown [t:\workspace\open\src\hotspot\share\prims\jni.cpp, line 1210]
Event: 3.540 Thread 0x0000018ff6942f80 Exception <a 'java/lang/NoSuchMethodError'{0x00000000a6a3c318}: static Lorg/gradle/tooling/internal/consumer/versioning/VersionDetails$R28VersionDetails;.<clinit>()V> (0x00000000a6a3c318) 
thrown [t:\workspace\open\src\hotspot\share\prims\jni.cpp, line 1210]
Event: 3.540 Thread 0x0000018ff6942f80 Exception <a 'java/lang/NoSuchMethodError'{0x00000000a6a3d920}: static Lorg/gradle/tooling/internal/consumer/versioning/VersionDetails$R35VersionDetails;.<clinit>()V> (0x00000000a6a3d920) 
thrown [t:\workspace\open\src\hotspot\share\prims\jni.cpp, line 1210]
Event: 3.540 Thread 0x0000018ff6942f80 Exception <a 'java/lang/NoSuchMethodError'{0x00000000a6a3f0f0}: static Lorg/gradle/tooling/internal/consumer/versioning/VersionDetails$R44VersionDetails;.<clinit>()V> (0x00000000a6a3f0f0) 
thrown [t:\workspace\open\src\hotspot\share\prims\jni.cpp, line 1210]
Event: 3.541 Thread 0x0000018ff6942f80 Exception <a 'java/lang/NoSuchMethodError'{0x00000000a6a407f8}: static Lorg/gradle/tooling/internal/consumer/versioning/VersionDetails$R48VersionDetails;.<clinit>()V> (0x00000000a6a407f8) 
thrown [t:\workspace\open\src\hotspot\share\prims\jni.cpp, line 1210]
Event: 3.541 Thread 0x0000018ff6942f80 Exception <a 'java/lang/NoSuchMethodError'{0x00000000a6a41da0}: static Lorg/gradle/tooling/internal/consumer/versioning/VersionDetails$R51VersionDetails;.<clinit>()V> (0x00000000a6a41da0) 
thrown [t:\workspace\open\src\hotspot\share\prims\jni.cpp, line 1210]

Events (20 events):
Event: 3.299 Executing  VM operation: HandshakeAllThreads
Event: 3.299 Executing  VM operation: HandshakeAllThreads done
Event: 3.300 Executing  VM operation: HandshakeAllThreads
Event: 3.300 Executing  VM operation: HandshakeAllThreads done
Event: 3.322 loading class java/util/stream/MatchOps$MatchKind
Event: 3.322 loading class java/util/stream/MatchOps$MatchKind done
Event: 3.322 loading class java/util/stream/MatchOps
Event: 3.322 loading class java/util/stream/MatchOps done
Event: 3.322 loading class java/util/stream/MatchOps$MatchOp
Event: 3.322 loading class java/util/stream/MatchOps$MatchOp done
Event: 3.322 loading class java/util/stream/MatchOps$BooleanTerminalSink
Event: 3.322 loading class java/util/stream/MatchOps$BooleanTerminalSink done
Event: 3.323 loading class java/util/stream/MatchOps$1MatchSink
Event: 3.323 loading class java/util/stream/MatchOps$1MatchSink done
Event: 3.326 Thread 0x0000018ff7193c30 Thread added: 0x0000018ff7193c30
Event: 3.335 Thread 0x0000018ff7190c60 Thread added: 0x0000018ff7190c60
Event: 3.341 Thread 0x0000018ff718e1e0 Thread added: 0x0000018ff718e1e0
Event: 3.342 Thread 0x0000018ff718e730 Thread added: 0x0000018ff718e730
Event: 3.375 loading class sun/nio/fs/WindowsPath$1
Event: 3.375 loading class sun/nio/fs/WindowsPath$1 done


Dynamic libraries:
0x00007ff6fdb10000 - 0x00007ff6fdb20000 	C:\Program Files\Java\jdk-16.0.2\bin\java.exe
0x00007ffe54e50000 - 0x00007ffe55045000 	C:\WINDOWS\SYSTEM32\ntdll.dll
0x00007ffe54a20000 - 0x00007ffe54add000 	C:\WINDOWS\System32\KERNEL32.DLL
0x00007ffe52b50000 - 0x00007ffe52e19000 	C:\WINDOWS\System32\KERNELBASE.dll
0x00007ffe527b0000 - 0x00007ffe528b0000 	C:\WINDOWS\System32\ucrtbase.dll
0x00007ffe47e70000 - 0x00007ffe47e89000 	C:\Program Files\Java\jdk-16.0.2\bin\VCRUNTIME140.dll
0x00007ffe3adc0000 - 0x00007ffe3add8000 	C:\Program Files\Java\jdk-16.0.2\bin\jli.dll
0x00007ffe53490000 - 0x00007ffe5353c000 	C:\WINDOWS\System32\ADVAPI32.dll
0x00007ffe544b0000 - 0x00007ffe5454e000 	C:\WINDOWS\System32\msvcrt.dll
0x00007ffe54980000 - 0x00007ffe54a1b000 	C:\WINDOWS\System32\sechost.dll
0x00007ffe54cb0000 - 0x00007ffe54dda000 	C:\WINDOWS\System32\RPCRT4.dll
0x00007ffe53080000 - 0x00007ffe53220000 	C:\WINDOWS\System32\USER32.dll
0x00007ffe529c0000 - 0x00007ffe529e2000 	C:\WINDOWS\System32\win32u.dll
0x00007ffe341a0000 - 0x00007ffe3443a000 	C:\WINDOWS\WinSxS\amd64_microsoft.windows.common-controls_6595b64144ccf1df_6.0.19041.1110_none_60b5254171f9507e\COMCTL32.dll
0x00007ffe54de0000 - 0x00007ffe54e0a000 	C:\WINDOWS\System32\GDI32.dll
0x00007ffe526a0000 - 0x00007ffe527ab000 	C:\WINDOWS\System32\gdi32full.dll
0x00007ffe525d0000 - 0x00007ffe5266d000 	C:\WINDOWS\System32\msvcp_win.dll
0x00007ffe51360000 - 0x00007ffe5136a000 	C:\WINDOWS\SYSTEM32\VERSION.dll
0x00007ffe54550000 - 0x00007ffe54580000 	C:\WINDOWS\System32\IMM32.DLL
0x00007ffe4a180000 - 0x00007ffe4a18c000 	C:\Program Files\Java\jdk-16.0.2\bin\vcruntime140_1.dll
0x00007ffe0b920000 - 0x00007ffe0b9b1000 	C:\Program Files\Java\jdk-16.0.2\bin\msvcp140.dll
0x00007ffdfe520000 - 0x00007ffdff0cb000 	C:\Program Files\Java\jdk-16.0.2\bin\server\jvm.dll
0x00007ffe54970000 - 0x00007ffe54978000 	C:\WINDOWS\System32\PSAPI.DLL
0x00007ffe3a810000 - 0x00007ffe3a837000 	C:\WINDOWS\SYSTEM32\WINMM.dll
0x00007ffe2d890000 - 0x00007ffe2d899000 	C:\WINDOWS\SYSTEM32\WSOCK32.dll
0x00007ffe54590000 - 0x00007ffe545fb000 	C:\WINDOWS\System32\WS2_32.dll
0x00007ffe50510000 - 0x00007ffe50522000 	C:\WINDOWS\SYSTEM32\kernel.appcore.dll
0x00007ffe3fdb0000 - 0x00007ffe3fdba000 	C:\Program Files\Java\jdk-16.0.2\bin\jimage.dll
0x00007ffe4d050000 - 0x00007ffe4d234000 	C:\WINDOWS\SYSTEM32\DBGHELP.DLL
0x00007ffe35090000 - 0x00007ffe350bc000 	C:\WINDOWS\SYSTEM32\dbgcore.DLL
0x00007ffe52e20000 - 0x00007ffe52ea3000 	C:\WINDOWS\System32\bcryptPrimitives.dll
0x00007ffe3ad90000 - 0x00007ffe3adb5000 	C:\Program Files\Java\jdk-16.0.2\bin\java.dll
0x00007ffe535a0000 - 0x00007ffe53cdf000 	C:\WINDOWS\System32\SHELL32.dll
0x00007ffe50b40000 - 0x00007ffe512d0000 	C:\WINDOWS\SYSTEM32\windows.storage.dll
0x00007ffe54600000 - 0x00007ffe54955000 	C:\WINDOWS\System32\combase.dll
0x00007ffe51f10000 - 0x00007ffe51f3c000 	C:\WINDOWS\SYSTEM32\Wldp.dll
0x00007ffe53310000 - 0x00007ffe533be000 	C:\WINDOWS\System32\SHCORE.dll
0x00007ffe54450000 - 0x00007ffe544a5000 	C:\WINDOWS\System32\shlwapi.dll
0x00007ffe524c0000 - 0x00007ffe524df000 	C:\WINDOWS\SYSTEM32\profapi.dll
0x00007ffe3ad70000 - 0x00007ffe3ad89000 	C:\Program Files\Java\jdk-16.0.2\bin\net.dll
0x00007ffe3e390000 - 0x00007ffe3e498000 	C:\WINDOWS\SYSTEM32\WINHTTP.dll
0x00007ffe51c70000 - 0x00007ffe51cda000 	C:\WINDOWS\system32\mswsock.dll
0x00007ffe31400000 - 0x00007ffe31413000 	C:\Program Files\Java\jdk-16.0.2\bin\nio.dll
0x00007ffe30460000 - 0x00007ffe30478000 	C:\Program Files\Java\jdk-16.0.2\bin\zip.dll
0x00007ffe3bb40000 - 0x00007ffe3bb50000 	C:\Program Files\Java\jdk-16.0.2\bin\verify.dll
0x00007ffe40650000 - 0x00007ffe40677000 	C:\Users\halag\Documents\cs\year_project\Server_location_app\.gradle\native\8bec1ad78214c89d9ad589b4d07fe93259594b29d510b10fafb7a158f7737e5d\windows-amd64\native-platform.dll
0x00007ffe0c210000 - 0x00007ffe0c34d000 	C:\Users\halag\Documents\cs\year_project\Server_location_app\.gradle\native\53dbd7edfb1c66fb8903c78663c9afc45aea4f116125fa6feffd364cf09443e8\windows-amd64\native-platform-file-events.dll
0x00007ffe3ab00000 - 0x00007ffe3ab09000 	C:\Program Files\Java\jdk-16.0.2\bin\management.dll
0x00007ffe3a4d0000 - 0x00007ffe3a4db000 	C:\Program Files\Java\jdk-16.0.2\bin\management_ext.dll
0x00007ffe51e70000 - 0x00007ffe51e88000 	C:\WINDOWS\SYSTEM32\CRYPTSP.dll
0x00007ffe515f0000 - 0x00007ffe51624000 	C:\WINDOWS\system32\rsaenh.dll
0x00007ffe52670000 - 0x00007ffe52697000 	C:\WINDOWS\System32\bcrypt.dll
0x00007ffe52480000 - 0x00007ffe524ae000 	C:\WINDOWS\SYSTEM32\USERENV.dll
0x00007ffe51e60000 - 0x00007ffe51e6c000 	C:\WINDOWS\SYSTEM32\CRYPTBASE.dll
0x00007ffe51960000 - 0x00007ffe5199b000 	C:\WINDOWS\SYSTEM32\IPHLPAPI.DLL
0x00007ffe54580000 - 0x00007ffe54588000 	C:\WINDOWS\System32\NSI.dll
0x00007ffe4cb00000 - 0x00007ffe4cb17000 	C:\WINDOWS\SYSTEM32\dhcpcsvc6.DLL
0x00007ffe4cae0000 - 0x00007ffe4cafd000 	C:\WINDOWS\SYSTEM32\dhcpcsvc.DLL
0x00007ffe519a0000 - 0x00007ffe51a6c000 	C:\WINDOWS\SYSTEM32\DNSAPI.dll
0x00007ffe31480000 - 0x00007ffe3148e000 	C:\Program Files\Java\jdk-16.0.2\bin\sunmscapi.dll
0x00007ffe529f0000 - 0x00007ffe52b4f000 	C:\WINDOWS\System32\CRYPT32.dll
0x00007ffe51f80000 - 0x00007ffe51fa7000 	C:\WINDOWS\SYSTEM32\ncrypt.dll
0x00007ffe51f40000 - 0x00007ffe51f7b000 	C:\WINDOWS\SYSTEM32\NTASN1.dll
0x00007ffe30e00000 - 0x00007ffe30e07000 	C:\WINDOWS\system32\wshunix.dll

dbghelp: loaded successfully - version: 4.0.5 - missing functions: none
symbol engine: initialized successfully - sym options: 0x614 - pdb path: .;C:\Program Files\Java\jdk-16.0.2\bin;C:\WINDOWS\SYSTEM32;C:\WINDOWS\WinSxS\amd64_microsoft.windows.common-controls_6595b64144ccf1df_6.0.19041.1110_none_60b5254171f9507e;C:\Program Files\Java\jdk-16.0.2\bin\server;C:\Users\halag\Documents\cs\year_project\Server_location_app\.gradle\native\8bec1ad78214c89d9ad589b4d07fe93259594b29d510b10fafb7a158f7737e5d\windows-amd64;C:\Users\halag\Documents\cs\year_project\Server_location_app\.gradle\native\53dbd7edfb1c66fb8903c78663c9afc45aea4f116125fa6feffd364cf09443e8\windows-amd64

VM Arguments:
jvm_args: --add-opens=java.base/java.util=ALL-UNNAMED --add-opens=java.base/java.lang=ALL-UNNAMED --add-opens=java.base/java.lang.invoke=ALL-UNNAMED --add-opens=java.base/java.util=ALL-UNNAMED --add-opens=java.prefs/java.util.prefs=ALL-UNNAMED --add-opens=java.prefs/java.util.prefs=ALL-UNNAMED --add-opens=java.base/java.nio.charset=ALL-UNNAMED --add-opens=java.base/java.net=ALL-UNNAMED --add-opens=java.base/java.util.concurrent.atomic=ALL-UNNAMED -Xmx1536M -Dfile.encoding=UTF-8 -Duser.country=GB -Duser.language=en -Duser.variant 
java_command: org.gradle.launcher.daemon.bootstrap.GradleDaemon 7.0.2
java_class_path (initial): C:\Users\halag\Documents\cs\year_project\Server_location_app\.gradle\wrapper\dists\gradle-7.0.2-bin\857tjihv64xamwrf0h14cai3r\gradle-7.0.2\lib\gradle-launcher-7.0.2.jar
Launcher Type: SUN_STANDARD

[Global flags]
     intx CICompilerCount                          = 3                                         {product} {ergonomic}
     uint ConcGCThreads                            = 1                                         {product} {ergonomic}
     uint G1ConcRefinementThreads                  = 4                                         {product} {ergonomic}
   size_t G1HeapRegionSize                         = 1048576                                   {product} {ergonomic}
    uintx GCDrainStackTargetSize                   = 64                                        {product} {ergonomic}
   size_t InitialHeapSize                          = 134217728                                 {product} {ergonomic}
   size_t MarkStackSize                            = 4194304                                   {product} {ergonomic}
   size_t MaxHeapSize                              = 1610612736                                {product} {command line}
   size_t MaxNewSize                               = 965738496                                 {product} {ergonomic}
   size_t MinHeapDeltaBytes                        = 1048576                                   {product} {ergonomic}
   size_t MinHeapSize                              = 8388608                                   {product} {ergonomic}
    uintx NonNMethodCodeHeapSize                   = 5832780                                {pd product} {ergonomic}
    uintx NonProfiledCodeHeapSize                  = 122912730                              {pd product} {ergonomic}
    uintx ProfiledCodeHeapSize                     = 122912730                              {pd product} {ergonomic}
    uintx ReservedCodeCacheSize                    = 251658240                              {pd product} {ergonomic}
     bool SegmentedCodeCache                       = true                                      {product} {ergonomic}
   size_t SoftMaxHeapSize                          = 1610612736                             {manageable} {ergonomic}
     bool UseCompressedClassPointers               = true                           {product lp64_product} {ergonomic}
     bool UseCompressedOops                        = true                           {product lp64_product} {ergonomic}
     bool UseG1GC                                  = true                                      {product} {ergonomic}
     bool UseLargePagesIndividualAllocation        = false                                  {pd product} {ergonomic}

Logging:
Log output configuration:
 #0: stdout all=warning uptime,level,tags
 #1: stderr all=off uptime,level,tags

Environment Variables:
JAVA_HOME=C:\Program Files\Java\jdk-16.0.2
PATH=C:\Program Files\Common Files\Oracle\Java\javapath;C:\Program Files (x86)\Common Files\Oracle\Java\javapath;C:\WINDOWS\system32;C:\WINDOWS;C:\WINDOWS\System32\Wbem;C:\WINDOWS\System32\WindowsPowerShell\v1.0\;C:\WINDOWS\System32\OpenSSH\;C:\Program Files\Intel\WiFi\bin\;C:\Program Files\Common Files\Intel\WirelessCommon\;C:\Git\cmd;C:\MinGW\bin;C:\Users\halag\Documents\cs\python\PyCharm Community Edition 2020.3.4;C:\Users\halag\AppData\Roaming\Microsoft\Windows\Start Menu\Programs\Python 3.9;C:\Users\halag\AppData\Local\Programs\Python\Python39;C:\Program Files (x86)\Intel\Intel(R) Management Engine Components\DAL;C:\Program Files\Intel\Intel(R) Management Engine Components\DAL;C:\Program Files\Java\jdk-16.0.2\bin;C:\Users\halag\AppData\Local\Microsoft\WindowsApps;C:\Program Files (x86)\Dr. Memory\bin\;C:\Program Files\Intel\WiFi\bin\;C:\Program Files\Common Files\Intel\WirelessCommon\;C:\Program Files\Java\jdk-10.0.2\bin;C:\Users\halag\AppData\Local\GitHubDesktop\bin;C:\Users\halag\Documents\cs\winter2020\machine_learning\PyCharm Community Edition 2020.3\bin;;C:\Users\halag\AppData\Local\Android\Sdk\platform-tools;C:\Users\halag\AppData\Local\Android\Sdk;C:\Program Files\Java\jdk-16.0.2\bin;
USERNAME=halag
OS=Windows_NT
PROCESSOR_IDENTIFIER=Intel64 Family 6 Model 142 Stepping 9, GenuineIntel



---------------  S Y S T E M  ---------------

OS:
 Windows 10 , 64 bit Build 19041 (10.0.19041.1151)
OS uptime: 3 days 18:33 hours

CPU: total 4 (initial active 4) (2 cores per cpu, 2 threads per core) family 6 model 142 stepping 9 microcode 0xde, cx8, cmov, fxsr, ht, mmx, 3dnowpref, sse, sse2, sse3, ssse3, sse4.1, sse4.2, popcnt, lzcnt, tsc, tscinvbit, avx, avx2, aes, erms, clmul, bmi1, bmi2, adx, fma, vzeroupper, clflush, clflushopt

Memory: 4k page, system-wide physical 8089M (1004M free)
TotalPageFile size 9329M (AvailPageFile size 5M)
current process WorkingSet (physical memory assigned to process): 230M, peak: 230M
current process commit charge ("private bytes"): 298M, peak: 300M

vm_info: Java HotSpot(TM) 64-Bit Server VM (16.0.2+7-67) for windows-amd64 JRE (16.0.2+7-67), built on Jun  8 2021 23:24:19 by "mach5one" with MS VC++ 16.7 (VS2019)

END.
