#
# There is insufficient memory for the Java Runtime Environment to continue.
# Native memory allocation (mmap) failed to map 13631488 bytes for G1 virtual space
# Possible reasons:
#   The system is out of physical RAM or swap space
#   The process is running with CompressedOops enabled, and the Java Heap may be blocking the growth of the native heap
# Possible solutions:
#   Reduce memory load on the system
#   Increase physical memory or swap space
#   Check if swap backing store is full
#   Decrease Java heap size (-Xmx/-Xms)
#   Decrease number of Java threads
#   Decrease Java thread stack sizes (-Xss)
#   Set larger code cache with -XX:ReservedCodeCacheSize=
#   JVM is running with Unscaled Compressed Oops mode in which the Java heap is
#     placed in the first 4GB address space. The Java Heap base address is the
#     maximum limit for the native heap growth. Please use -XX:HeapBaseMinAddress
#     to set the Java Heap base and to place the Java Heap above 4GB virtual address.
# This output file may be truncated or incomplete.
#
#  Out of Memory Error (os_windows.cpp:3466), pid=15960, tid=1804
#
# JRE version: Java(TM) SE Runtime Environment (16.0.2+7) (build 16.0.2+7-67)
# Java VM: Java HotSpot(TM) 64-Bit Server VM (16.0.2+7-67, mixed mode, sharing, tiered, compressed oops, compressed class ptrs, g1 gc, windows-amd64)
# No core dump will be written. Minidumps are not enabled by default on client versions of Windows
#

---------------  S U M M A R Y ------------

Command Line: --add-opens=java.base/java.util=ALL-UNNAMED --add-opens=java.base/java.lang=ALL-UNNAMED --add-opens=java.base/java.lang.invoke=ALL-UNNAMED --add-opens=java.base/java.util=ALL-UNNAMED --add-opens=java.prefs/java.util.prefs=ALL-UNNAMED --add-opens=java.prefs/java.util.prefs=ALL-UNNAMED --add-opens=java.base/java.nio.charset=ALL-UNNAMED --add-opens=java.base/java.net=ALL-UNNAMED --add-opens=java.base/java.util.concurrent.atomic=ALL-UNNAMED -Xmx1536M -Dfile.encoding=UTF-8 -Duser.country=GB -Duser.language=en -Duser.variant org.gradle.launcher.daemon.bootstrap.GradleDaemon 7.0.2

Host: Intel(R) Core(TM) i5-7200U CPU @ 2.50GHz, 4 cores, 7G,  Windows 10 , 64 bit Build 19041 (10.0.19041.1151)
Time: Mon Sep 13 22:20:55 2021 Jerusalem Summer Time elapsed time: 9.624006 seconds (0d 0h 0m 9s)

---------------  T H R E A D  ---------------

Current thread (0x000002286419daf0):  VMThread "VM Thread" [stack: 0x000000cd2d500000,0x000000cd2d600000] [id=1804]

Stack: [0x000000cd2d500000,0x000000cd2d600000]
Native frames: (J=compiled Java code, j=interpreted, Vv=VM code, C=native code)
V  [jvm.dll+0x6681ca]
V  [jvm.dll+0x7c9e69]
V  [jvm.dll+0x7cb61e]
V  [jvm.dll+0x7cbc73]
V  [jvm.dll+0x242c55]
V  [jvm.dll+0x664f89]
V  [jvm.dll+0x659b75]
V  [jvm.dll+0x2fbfbb]
V  [jvm.dll+0x3031b6]
V  [jvm.dll+0x35299e]
V  [jvm.dll+0x352bcf]
V  [jvm.dll+0x2d3028]
V  [jvm.dll+0x2d0bb5]
V  [jvm.dll+0x2d01ec]
V  [jvm.dll+0x3152d2]
V  [jvm.dll+0x7d00ab]
V  [jvm.dll+0x7d0da4]
V  [jvm.dll+0x7d12a9]
V  [jvm.dll+0x7d1564]
V  [jvm.dll+0x7d1630]
V  [jvm.dll+0x7795aa]
V  [jvm.dll+0x667066]
C  [ucrtbase.dll+0x21bb2]
C  [KERNEL32.DLL+0x17034]
C  [ntdll.dll+0x52651]

VM_Operation (0x000000cd302fef00): G1CollectForAllocation, mode: safepoint, requested by thread 0x00000228651c58e0


---------------  P R O C E S S  ---------------

Threads class SMR info:
_java_thread_list=0x000002286a6b8d70, length=42, elements={
0x0000022847cc1500, 0x00000228641a5510, 0x00000228641a6020, 0x00000228641b44d0,
0x00000228641b4de0, 0x00000228641b7800, 0x00000228641b9520, 0x00000228641c5720,
0x00000228641ca0a0, 0x00000228641dee10, 0x0000022864c8e220, 0x0000022864c8ef50,
0x0000022864d18fc0, 0x0000022866110aa0, 0x0000022866b1a700, 0x00000228665ff1d0,
0x0000022867164310, 0x0000022867434820, 0x00000228651c5e30, 0x00000228651c68d0,
0x00000228651c5390, 0x00000228651c6e20, 0x00000228651c7370, 0x00000228651c43a0,
0x00000228651c48f0, 0x00000228651c4e40, 0x00000228671340b0, 0x00000228671310e0,
0x000002286712cbd0, 0x000002286712f100, 0x0000022867134600, 0x000002286712d120,
0x00000228671320d0, 0x000002286712d670, 0x000002286712e110, 0x0000022867130640,
0x000002286712fba0, 0x0000022867133610, 0x00000228671330c0, 0x0000022867133b60,
0x00000228651c58e0, 0x00000228651c6380
}

Java Threads: ( => current thread )
  0x0000022847cc1500 JavaThread "main" [_thread_blocked, id=16424, stack(0x000000cd2cf00000,0x000000cd2d000000)]
  0x00000228641a5510 JavaThread "Reference Handler" daemon [_thread_blocked, id=17416, stack(0x000000cd2d600000,0x000000cd2d700000)]
  0x00000228641a6020 JavaThread "Finalizer" daemon [_thread_blocked, id=11948, stack(0x000000cd2d700000,0x000000cd2d800000)]
  0x00000228641b44d0 JavaThread "Signal Dispatcher" daemon [_thread_blocked, id=11952, stack(0x000000cd2d800000,0x000000cd2d900000)]
  0x00000228641b4de0 JavaThread "Attach Listener" daemon [_thread_blocked, id=7960, stack(0x000000cd2d900000,0x000000cd2da00000)]
  0x00000228641b7800 JavaThread "Service Thread" daemon [_thread_blocked, id=13708, stack(0x000000cd2da00000,0x000000cd2db00000)]
  0x00000228641b9520 JavaThread "Monitor Deflation Thread" daemon [_thread_blocked, id=6192, stack(0x000000cd2db00000,0x000000cd2dc00000)]
  0x00000228641c5720 JavaThread "C2 CompilerThread0" daemon [_thread_in_native, id=18248, stack(0x000000cd2dc00000,0x000000cd2dd00000)]
  0x00000228641ca0a0 JavaThread "C1 CompilerThread0" daemon [_thread_blocked, id=10532, stack(0x000000cd2dd00000,0x000000cd2de00000)]
  0x00000228641dee10 JavaThread "Sweeper thread" daemon [_thread_blocked, id=8664, stack(0x000000cd2de00000,0x000000cd2df00000)]
  0x0000022864c8e220 JavaThread "Common-Cleaner" daemon [_thread_blocked, id=13192, stack(0x000000cd2df00000,0x000000cd2e000000)]
  0x0000022864c8ef50 JavaThread "Notification Thread" daemon [_thread_blocked, id=7968, stack(0x000000cd2e000000,0x000000cd2e100000)]
  0x0000022864d18fc0 JavaThread "C2 CompilerThread1" daemon [_thread_in_native, id=8784, stack(0x000000cd2e200000,0x000000cd2e300000)]
  0x0000022866110aa0 JavaThread "Daemon health stats" [_thread_blocked, id=2952, stack(0x000000cd2e600000,0x000000cd2e700000)]
  0x0000022866b1a700 JavaThread "Incoming local TCP Connector on port 63408" [_thread_in_native, id=13076, stack(0x000000cd2e700000,0x000000cd2e800000)]
  0x00000228665ff1d0 JavaThread "Daemon periodic checks" [_thread_blocked, id=17924, stack(0x000000cd2e800000,0x000000cd2e900000)]
  0x0000022867164310 JavaThread "Daemon" [_thread_blocked, id=8872, stack(0x000000cd2e900000,0x000000cd2ea00000)]
  0x0000022867434820 JavaThread "Handler for socket connection from /127.0.0.1:63408 to /127.0.0.1:63409" [_thread_in_native, id=17200, stack(0x000000cd2ea00000,0x000000cd2eb00000)]
  0x00000228651c5e30 JavaThread "Cancel handler" [_thread_blocked, id=11116, stack(0x000000cd2eb00000,0x000000cd2ec00000)]
  0x00000228651c68d0 JavaThread "Daemon worker" [_thread_blocked, id=19360, stack(0x000000cd2ec00000,0x000000cd2ed00000)]
  0x00000228651c5390 JavaThread "Asynchronous log dispatcher for DefaultDaemonConnection: socket connection from /127.0.0.1:63408 to /127.0.0.1:63409" [_thread_blocked, id=9820, stack(0x000000cd2ed00000,0x000000cd2ee00000)]
  0x00000228651c6e20 JavaThread "Stdin handler" [_thread_blocked, id=5600, stack(0x000000cd2ee00000,0x000000cd2ef00000)]
  0x00000228651c7370 JavaThread "Daemon client event forwarder" [_thread_blocked, id=12720, stack(0x000000cd2ef00000,0x000000cd2f000000)]
  0x00000228651c43a0 JavaThread "Cache worker for file hash cache (C:\Users\halag\Documents\cs\year_project\Server_location_app\.gradle\caches\7.0.2\fileHashes)" [_thread_blocked, id=6204, stack(0x000000cd2f000000,0x000000cd2f100000)]
  0x00000228651c48f0 JavaThread "File lock request listener" [_thread_in_native, id=18492, stack(0x000000cd2f100000,0x000000cd2f200000)]
  0x00000228651c4e40 JavaThread "Cache worker for journal cache (C:\Users\halag\Documents\cs\year_project\Server_location_app\.gradle\caches\journal-1)" [_thread_blocked, id=6532, stack(0x000000cd2f200000,0x000000cd2f300000)]
  0x00000228671340b0 JavaThread "Cache worker for file hash cache (C:\Users\halag\Documents\cs\year_project\test_app2\.gradle\7.0.2\fileHashes)" [_thread_blocked, id=7672, stack(0x000000cd2f300000,0x000000cd2f400000)]
  0x00000228671310e0 JavaThread "File watcher server" daemon [_thread_in_native, id=12256, stack(0x000000cd2f400000,0x000000cd2f500000)]
  0x000002286712cbd0 JavaThread "File watcher consumer" daemon [_thread_blocked, id=17396, stack(0x000000cd2f500000,0x000000cd2f600000)]
  0x000002286712f100 JavaThread "jar transforms" [_thread_blocked, id=8608, stack(0x000000cd2f600000,0x000000cd2f700000)]
  0x0000022867134600 JavaThread "jar transforms Thread 2" [_thread_blocked, id=19440, stack(0x000000cd2f700000,0x000000cd2f800000)]
  0x000002286712d120 JavaThread "jar transforms Thread 3" [_thread_blocked, id=14012, stack(0x000000cd2f800000,0x000000cd2f900000)]
  0x00000228671320d0 JavaThread "jar transforms Thread 4" [_thread_blocked, id=15928, stack(0x000000cd2f900000,0x000000cd2fa00000)]
  0x000002286712d670 JavaThread "Cache worker for checksums cache (C:\Users\halag\Documents\cs\year_project\test_app2\.gradle\checksums)" [_thread_blocked, id=14556, stack(0x000000cd2fa00000,0x000000cd2fb00000)]
  0x000002286712e110 JavaThread "Cache worker for cache directory md-supplier (C:\Users\halag\Documents\cs\year_project\Server_location_app\.gradle\caches\7.0.2\md-supplier)" [_thread_blocked, id=13236, stack(0x000000cd2fb00000,0x000000cd2fc00000)]
  0x0000022867130640 JavaThread "Cache worker for cache directory md-rule (C:\Users\halag\Documents\cs\year_project\Server_location_app\.gradle\caches\7.0.2\md-rule)" [_thread_blocked, id=15348, stack(0x000000cd2fc00000,0x000000cd2fd00000)]
  0x000002286712fba0 JavaThread "Cache worker for execution history cache (C:\Users\halag\Documents\cs\year_project\Server_location_app\.gradle\caches\7.0.2\executionHistory)" [_thread_blocked, id=18600, stack(0x000000cd2fe00000,0x000000cd2ff00000)]
  0x0000022867133610 JavaThread "Cache worker for file content cache (C:\Users\halag\Documents\cs\year_project\Server_location_app\.gradle\caches\7.0.2\fileContent)" [_thread_blocked, id=16540, stack(0x000000cd2ff00000,0x000000cd30000000)]
  0x00000228671330c0 JavaThread "Cache worker for dependencies-accessors (C:\Users\halag\Documents\cs\year_project\test_app2\.gradle\7.0.2\dependencies-accessors)" [_thread_blocked, id=16724, stack(0x000000cd30000000,0x000000cd30100000)]
  0x0000022867133b60 JavaThread "Cache worker for Build Output Cleanup Cache (C:\Users\halag\Documents\cs\year_project\test_app2\.gradle\buildOutputCleanup)" [_thread_blocked, id=15336, stack(0x000000cd30100000,0x000000cd30200000)]
  0x00000228651c58e0 JavaThread "Build operations" [_thread_blocked, id=13680, stack(0x000000cd30200000,0x000000cd30300000)]
  0x00000228651c6380 JavaThread "Build operations Thread 2" [_thread_blocked, id=19284, stack(0x000000cd30300000,0x000000cd30400000)]

Other Threads:
=>0x000002286419daf0 VMThread "VM Thread" [stack: 0x000000cd2d500000,0x000000cd2d600000] [id=1804]
  0x0000022864c8f470 WatcherThread [stack: 0x000000cd2e100000,0x000000cd2e200000] [id=15424]
  0x0000022847cf7040 GCTaskThread "GC Thread#0" [stack: 0x000000cd2d000000,0x000000cd2d100000] [id=4016]
  0x00000228650687b0 GCTaskThread "GC Thread#1" [stack: 0x000000cd2e300000,0x000000cd2e400000] [id=11456]
  0x000002286545d6b0 GCTaskThread "GC Thread#2" [stack: 0x000000cd2e400000,0x000000cd2e500000] [id=18644]
  0x0000022864d1a140 GCTaskThread "GC Thread#3" [stack: 0x000000cd2e500000,0x000000cd2e600000] [id=13560]
  0x0000022847d03e30 ConcurrentGCThread "G1 Main Marker" [stack: 0x000000cd2d100000,0x000000cd2d200000] [id=16060]
  0x0000022847d04df0 ConcurrentGCThread "G1 Conc#0" [stack: 0x000000cd2d200000,0x000000cd2d300000] [id=17124]
  0x0000022847d7e0f0 ConcurrentGCThread "G1 Refine#0" [stack: 0x000000cd2d300000,0x000000cd2d400000] [id=560]
  0x0000022868daaa00 ConcurrentGCThread "G1 Refine#1" [stack: 0x000000cd2fd00000,0x000000cd2fe00000] [id=1756]
  0x0000022847d7e920 ConcurrentGCThread "G1 Service" [stack: 0x000000cd2d400000,0x000000cd2d500000] [id=8484]

Threads with active compile tasks:
C2 CompilerThread0     9676 5765   !   4       java.net.URLClassLoader::findClass (47 bytes)
C2 CompilerThread1     9676 5766       4       java.net.URLClassLoader$1::run (5 bytes)

VM state: at safepoint (normal execution)

VM Mutex/Monitor currently owned by a thread:  ([mutex/lock_event])
[0x0000022847cbc2c0] Threads_lock - owner thread: 0x000002286419daf0
[0x0000022847cbe120] Heap_lock - owner thread: 0x00000228651c58e0

Heap address: 0x00000000a0000000, size: 1536 MB, Compressed Oops mode: 32-bit

CDS archive(s) mapped at: [0x0000000800000000-0x0000000800bb0000-0x0000000800bb0000), size 12255232, SharedBaseAddress: 0x0000000800000000, ArchiveRelocationMode: 0.
Compressed class space mapped at: 0x0000000800c00000-0x0000000840c00000, reserved size: 1073741824
Narrow klass base: 0x0000000800000000, Narrow klass shift: 3, Narrow klass range: 0x100000000

GC Precious Log:
 CPUs: 4 total, 4 available
 Memory: 8089M
 Large Page Support: Disabled
 NUMA Support: Disabled
 Compressed Oops: Enabled (32-bit)
 Heap Region Size: 1M
 Heap Min Capacity: 8M
 Heap Initial Capacity: 128M
 Heap Max Capacity: 1536M
 Pre-touch: Disabled
 Parallel Workers: 4
 Concurrent Workers: 1
 Concurrent Refinement Workers: 4
 Periodic GC: Disabled

Heap:
 garbage-first heap   total 131072K, used 63439K [0x00000000a0000000, 0x0000000100000000)
  region size 1024K, 2 young (2048K), 2 survivors (2048K)
 Metaspace       used 45646K, committed 46144K, reserved 1089536K
  class space    used 6148K, committed 6400K, reserved 1048576K

Heap Regions: E=young(eden), S=young(survivor), O=old, HS=humongous(starts), HC=humongous(continues), CS=collection set, F=free, OA=open archive, CA=closed archive, TAMS=top-at-mark-start (previous, next)
|   0|0x00000000a0000000, 0x00000000a0100000, 0x00000000a0100000|100%|HS|  |TAMS 0x00000000a0100000, 0x00000000a0100000| Complete 
|   1|0x00000000a0100000, 0x00000000a0200000, 0x00000000a0200000|100%|HC|  |TAMS 0x00000000a0200000, 0x00000000a0200000| Complete 
|   2|0x00000000a0200000, 0x00000000a0300000, 0x00000000a0300000|100%|HC|  |TAMS 0x00000000a0300000, 0x00000000a0300000| Complete 
|   3|0x00000000a0300000, 0x00000000a0400000, 0x00000000a0400000|100%| O|  |TAMS 0x00000000a0400000, 0x00000000a0400000| Untracked 
|   4|0x00000000a0400000, 0x00000000a0500000, 0x00000000a0500000|100%| O|  |TAMS 0x00000000a0500000, 0x00000000a0500000| Untracked 
|   5|0x00000000a0500000, 0x00000000a0600000, 0x00000000a0600000|100%| O|  |TAMS 0x00000000a0600000, 0x00000000a0600000| Untracked 
|   6|0x00000000a0600000, 0x00000000a0700000, 0x00000000a0700000|100%| O|  |TAMS 0x00000000a0700000, 0x00000000a0700000| Untracked 
|   7|0x00000000a0700000, 0x00000000a0800000, 0x00000000a0800000|100%| O|  |TAMS 0x00000000a0800000, 0x00000000a0800000| Untracked 
|   8|0x00000000a0800000, 0x00000000a0900000, 0x00000000a0900000|100%| O|  |TAMS 0x00000000a0900000, 0x00000000a0900000| Untracked 
|   9|0x00000000a0900000, 0x00000000a0a00000, 0x00000000a0a00000|100%| O|  |TAMS 0x00000000a0a00000, 0x00000000a0a00000| Untracked 
|  10|0x00000000a0a00000, 0x00000000a0b00000, 0x00000000a0b00000|100%|HS|  |TAMS 0x00000000a0b00000, 0x00000000a0b00000| Complete 
|  11|0x00000000a0b00000, 0x00000000a0c00000, 0x00000000a0c00000|100%|HC|  |TAMS 0x00000000a0c00000, 0x00000000a0c00000| Complete 
|  12|0x00000000a0c00000, 0x00000000a0d00000, 0x00000000a0d00000|100%|HS|  |TAMS 0x00000000a0d00000, 0x00000000a0d00000| Complete 
|  13|0x00000000a0d00000, 0x00000000a0e00000, 0x00000000a0e00000|100%|HC|  |TAMS 0x00000000a0e00000, 0x00000000a0e00000| Complete 
|  14|0x00000000a0e00000, 0x00000000a0f00000, 0x00000000a0f00000|100%|HC|  |TAMS 0x00000000a0f00000, 0x00000000a0f00000| Complete 
|  15|0x00000000a0f00000, 0x00000000a1000000, 0x00000000a1000000|100%|HS|  |TAMS 0x00000000a1000000, 0x00000000a1000000| Complete 
|  16|0x00000000a1000000, 0x00000000a1100000, 0x00000000a1100000|100%|HC|  |TAMS 0x00000000a1100000, 0x00000000a1100000| Complete 
|  17|0x00000000a1100000, 0x00000000a1200000, 0x00000000a1200000|100%|HC|  |TAMS 0x00000000a1200000, 0x00000000a1200000| Complete 
|  18|0x00000000a1200000, 0x00000000a1300000, 0x00000000a1300000|100%|HC|  |TAMS 0x00000000a1300000, 0x00000000a1300000| Complete 
|  19|0x00000000a1300000, 0x00000000a1400000, 0x00000000a1400000|100%|HC|  |TAMS 0x00000000a1400000, 0x00000000a1400000| Complete 
|  20|0x00000000a1400000, 0x00000000a1500000, 0x00000000a1500000|100%| O|  |TAMS 0x00000000a1500000, 0x00000000a1500000| Untracked 
|  21|0x00000000a1500000, 0x00000000a1600000, 0x00000000a1600000|100%| O|  |TAMS 0x00000000a1600000, 0x00000000a1600000| Untracked 
|  22|0x00000000a1600000, 0x00000000a1700000, 0x00000000a1700000|100%| O|  |TAMS 0x00000000a1700000, 0x00000000a1700000| Untracked 
|  23|0x00000000a1700000, 0x00000000a1800000, 0x00000000a1800000|100%| O|  |TAMS 0x00000000a1800000, 0x00000000a1800000| Untracked 
|  24|0x00000000a1800000, 0x00000000a1900000, 0x00000000a1900000|100%| O|  |TAMS 0x00000000a1900000, 0x00000000a1900000| Untracked 
|  25|0x00000000a1900000, 0x00000000a1a00000, 0x00000000a1a00000|100%| O|  |TAMS 0x00000000a1a00000, 0x00000000a1a00000| Untracked 
|  26|0x00000000a1a00000, 0x00000000a1b00000, 0x00000000a1b00000|100%| O|  |TAMS 0x00000000a1b00000, 0x00000000a1b00000| Untracked 
|  27|0x00000000a1b00000, 0x00000000a1bf3c00, 0x00000000a1c00000| 95%| O|  |TAMS 0x00000000a1bf3c00, 0x00000000a1bf3c00| Untracked 
|  28|0x00000000a1c00000, 0x00000000a1d00000, 0x00000000a1d00000|100%| O|  |TAMS 0x00000000a1d00000, 0x00000000a1d00000| Untracked 
|  29|0x00000000a1d00000, 0x00000000a1e00000, 0x00000000a1e00000|100%| O|  |TAMS 0x00000000a1e00000, 0x00000000a1e00000| Untracked 
|  30|0x00000000a1e00000, 0x00000000a1f00000, 0x00000000a1f00000|100%| O|  |TAMS 0x00000000a1f00000, 0x00000000a1f00000| Untracked 
|  31|0x00000000a1f00000, 0x00000000a2000000, 0x00000000a2000000|100%| O|  |TAMS 0x00000000a2000000, 0x00000000a2000000| Untracked 
|  32|0x00000000a2000000, 0x00000000a2100000, 0x00000000a2100000|100%| O|  |TAMS 0x00000000a2100000, 0x00000000a2100000| Untracked 
|  33|0x00000000a2100000, 0x00000000a2200000, 0x00000000a2200000|100%| O|  |TAMS 0x00000000a2200000, 0x00000000a2200000| Untracked 
|  34|0x00000000a2200000, 0x00000000a2300000, 0x00000000a2300000|100%| O|  |TAMS 0x00000000a2300000, 0x00000000a2300000| Untracked 
|  35|0x00000000a2300000, 0x00000000a2400000, 0x00000000a2400000|100%| O|  |TAMS 0x00000000a2400000, 0x00000000a2400000| Untracked 
|  36|0x00000000a2400000, 0x00000000a2500000, 0x00000000a2500000|100%|HS|  |TAMS 0x00000000a2500000, 0x00000000a2500000| Complete 
|  37|0x00000000a2500000, 0x00000000a2600000, 0x00000000a2600000|100%|HC|  |TAMS 0x00000000a2600000, 0x00000000a2600000| Complete 
|  38|0x00000000a2600000, 0x00000000a2700000, 0x00000000a2700000|100%|HC|  |TAMS 0x00000000a2700000, 0x00000000a2700000| Complete 
|  39|0x00000000a2700000, 0x00000000a2800000, 0x00000000a2800000|100%|HC|  |TAMS 0x00000000a2800000, 0x00000000a2800000| Complete 
|  40|0x00000000a2800000, 0x00000000a2900000, 0x00000000a2900000|100%|HC|  |TAMS 0x00000000a2900000, 0x00000000a2900000| Complete 
|  41|0x00000000a2900000, 0x00000000a2a00000, 0x00000000a2a00000|100%| O|  |TAMS 0x00000000a2a00000, 0x00000000a2a00000| Untracked 
|  42|0x00000000a2a00000, 0x00000000a2b00000, 0x00000000a2b00000|100%| O|  |TAMS 0x00000000a2b00000, 0x00000000a2b00000| Untracked 
|  43|0x00000000a2b00000, 0x00000000a2c00000, 0x00000000a2c00000|100%| O|  |TAMS 0x00000000a2c00000, 0x00000000a2c00000| Untracked 
|  44|0x00000000a2c00000, 0x00000000a2d00000, 0x00000000a2d00000|100%| O|  |TAMS 0x00000000a2d00000, 0x00000000a2d00000| Untracked 
|  45|0x00000000a2d00000, 0x00000000a2e00000, 0x00000000a2e00000|100%| O|  |TAMS 0x00000000a2e00000, 0x00000000a2e00000| Untracked 
|  46|0x00000000a2e00000, 0x00000000a2f00000, 0x00000000a2f00000|100%| O|  |TAMS 0x00000000a2f00000, 0x00000000a2f00000| Untracked 
|  47|0x00000000a2f00000, 0x00000000a3000000, 0x00000000a3000000|100%|HS|  |TAMS 0x00000000a3000000, 0x00000000a3000000| Complete 
|  48|0x00000000a3000000, 0x00000000a3100000, 0x00000000a3100000|100%|HC|  |TAMS 0x00000000a3100000, 0x00000000a3100000| Complete 
|  49|0x00000000a3100000, 0x00000000a3200000, 0x00000000a3200000|100%|HC|  |TAMS 0x00000000a3200000, 0x00000000a3200000| Complete 
|  50|0x00000000a3200000, 0x00000000a3300000, 0x00000000a3300000|100%| O|  |TAMS 0x00000000a3300000, 0x00000000a3300000| Untracked 
|  51|0x00000000a3300000, 0x00000000a3400000, 0x00000000a3400000|100%| O|  |TAMS 0x00000000a333ea00, 0x00000000a3400000| Untracked 
|  52|0x00000000a3400000, 0x00000000a3500000, 0x00000000a3500000|100%| O|  |TAMS 0x00000000a3400000, 0x00000000a3500000| Untracked 
|  53|0x00000000a3500000, 0x00000000a3600000, 0x00000000a3600000|100%| O|  |TAMS 0x00000000a3500000, 0x00000000a3500000| Untracked 
|  54|0x00000000a3600000, 0x00000000a3700000, 0x00000000a3700000|100%| O|  |TAMS 0x00000000a3600000, 0x00000000a3700000| Untracked 
|  55|0x00000000a3700000, 0x00000000a3800000, 0x00000000a3800000|100%| O|  |TAMS 0x00000000a3700000, 0x00000000a3800000| Untracked 
|  56|0x00000000a3800000, 0x00000000a3900000, 0x00000000a3900000|100%| O|  |TAMS 0x00000000a3800000, 0x00000000a3849c00| Untracked 
|  57|0x00000000a3900000, 0x00000000a3a00000, 0x00000000a3a00000|100%| O|  |TAMS 0x00000000a3900000, 0x00000000a3900000| Untracked 
|  58|0x00000000a3a00000, 0x00000000a3b00000, 0x00000000a3b00000|100%| O|  |TAMS 0x00000000a3a00000, 0x00000000a3a00000| Untracked 
|  59|0x00000000a3b00000, 0x00000000a3c00000, 0x00000000a3c00000|100%| O|  |TAMS 0x00000000a3b00000, 0x00000000a3b00000| Untracked 
|  60|0x00000000a3c00000, 0x00000000a3c00000, 0x00000000a3d00000|  0%| F|  |TAMS 0x00000000a3c00000, 0x00000000a3c00000| Untracked 
|  61|0x00000000a3d00000, 0x00000000a3d00000, 0x00000000a3e00000|  0%| F|  |TAMS 0x00000000a3d00000, 0x00000000a3d00000| Untracked 
|  62|0x00000000a3e00000, 0x00000000a3e00000, 0x00000000a3f00000|  0%| F|  |TAMS 0x00000000a3e00000, 0x00000000a3e00000| Untracked 
|  63|0x00000000a3f00000, 0x00000000a3f00000, 0x00000000a4000000|  0%| F|  |TAMS 0x00000000a3f00000, 0x00000000a3f00000| Untracked 
|  64|0x00000000a4000000, 0x00000000a4000000, 0x00000000a4100000|  0%| F|  |TAMS 0x00000000a4000000, 0x00000000a4000000| Untracked 
|  65|0x00000000a4100000, 0x00000000a4100000, 0x00000000a4200000|  0%| F|  |TAMS 0x00000000a4100000, 0x00000000a4100000| Untracked 
|  66|0x00000000a4200000, 0x00000000a4200000, 0x00000000a4300000|  0%| F|  |TAMS 0x00000000a4200000, 0x00000000a4200000| Untracked 
|  67|0x00000000a4300000, 0x00000000a4300000, 0x00000000a4400000|  0%| F|  |TAMS 0x00000000a4300000, 0x00000000a4300000| Untracked 
|  68|0x00000000a4400000, 0x00000000a4400000, 0x00000000a4500000|  0%| F|  |TAMS 0x00000000a4400000, 0x00000000a4400000| Untracked 
|  69|0x00000000a4500000, 0x00000000a4500000, 0x00000000a4600000|  0%| F|  |TAMS 0x00000000a4500000, 0x00000000a4500000| Untracked 
|  70|0x00000000a4600000, 0x00000000a4600000, 0x00000000a4700000|  0%| F|  |TAMS 0x00000000a4600000, 0x00000000a4600000| Untracked 
|  71|0x00000000a4700000, 0x00000000a4700000, 0x00000000a4800000|  0%| F|  |TAMS 0x00000000a4700000, 0x00000000a4700000| Untracked 
|  72|0x00000000a4800000, 0x00000000a4800000, 0x00000000a4900000|  0%| F|  |TAMS 0x00000000a4800000, 0x00000000a4800000| Untracked 
|  73|0x00000000a4900000, 0x00000000a4900000, 0x00000000a4a00000|  0%| F|  |TAMS 0x00000000a4900000, 0x00000000a4900000| Untracked 
|  74|0x00000000a4a00000, 0x00000000a4a00000, 0x00000000a4b00000|  0%| F|  |TAMS 0x00000000a4a00000, 0x00000000a4a00000| Untracked 
|  75|0x00000000a4b00000, 0x00000000a4b00000, 0x00000000a4c00000|  0%| F|  |TAMS 0x00000000a4b00000, 0x00000000a4b00000| Untracked 
|  76|0x00000000a4c00000, 0x00000000a4c00000, 0x00000000a4d00000|  0%| F|  |TAMS 0x00000000a4c00000, 0x00000000a4c00000| Untracked 
|  77|0x00000000a4d00000, 0x00000000a4d00000, 0x00000000a4e00000|  0%| F|  |TAMS 0x00000000a4d00000, 0x00000000a4d00000| Untracked 
|  78|0x00000000a4e00000, 0x00000000a4e00000, 0x00000000a4f00000|  0%| F|  |TAMS 0x00000000a4e00000, 0x00000000a4e00000| Untracked 
|  79|0x00000000a4f00000, 0x00000000a4f00000, 0x00000000a5000000|  0%| F|  |TAMS 0x00000000a4f00000, 0x00000000a4f00000| Untracked 
|  80|0x00000000a5000000, 0x00000000a5100000, 0x00000000a5100000|100%| S|CS|TAMS 0x00000000a5000000, 0x00000000a5000000| Complete 
|  81|0x00000000a5100000, 0x00000000a5200000, 0x00000000a5200000|100%| S|CS|TAMS 0x00000000a5100000, 0x00000000a5100000| Complete 
|  82|0x00000000a5200000, 0x00000000a5200000, 0x00000000a5300000|  0%| F|  |TAMS 0x00000000a5200000, 0x00000000a5200000| Untracked 
|  83|0x00000000a5300000, 0x00000000a5300000, 0x00000000a5400000|  0%| F|  |TAMS 0x00000000a5300000, 0x00000000a5300000| Untracked 
|  84|0x00000000a5400000, 0x00000000a5400000, 0x00000000a5500000|  0%| F|  |TAMS 0x00000000a5400000, 0x00000000a5400000| Untracked 
|  85|0x00000000a5500000, 0x00000000a5500000, 0x00000000a5600000|  0%| F|  |TAMS 0x00000000a5500000, 0x00000000a5500000| Untracked 
|  86|0x00000000a5600000, 0x00000000a5600000, 0x00000000a5700000|  0%| F|  |TAMS 0x00000000a5600000, 0x00000000a5600000| Untracked 
|  87|0x00000000a5700000, 0x00000000a5700000, 0x00000000a5800000|  0%| F|  |TAMS 0x00000000a5700000, 0x00000000a5700000| Untracked 
|  88|0x00000000a5800000, 0x00000000a5800000, 0x00000000a5900000|  0%| F|  |TAMS 0x00000000a5800000, 0x00000000a5800000| Untracked 
|  89|0x00000000a5900000, 0x00000000a5900000, 0x00000000a5a00000|  0%| F|  |TAMS 0x00000000a5900000, 0x00000000a5900000| Untracked 
|  90|0x00000000a5a00000, 0x00000000a5a00000, 0x00000000a5b00000|  0%| F|  |TAMS 0x00000000a5a00000, 0x00000000a5a00000| Untracked 
|  91|0x00000000a5b00000, 0x00000000a5b00000, 0x00000000a5c00000|  0%| F|  |TAMS 0x00000000a5b00000, 0x00000000a5b00000| Untracked 
|  92|0x00000000a5c00000, 0x00000000a5c00000, 0x00000000a5d00000|  0%| F|  |TAMS 0x00000000a5c00000, 0x00000000a5c00000| Untracked 
|  93|0x00000000a5d00000, 0x00000000a5d00000, 0x00000000a5e00000|  0%| F|  |TAMS 0x00000000a5d00000, 0x00000000a5d00000| Untracked 
|  94|0x00000000a5e00000, 0x00000000a5e00000, 0x00000000a5f00000|  0%| F|  |TAMS 0x00000000a5e00000, 0x00000000a5e00000| Untracked 
|  95|0x00000000a5f00000, 0x00000000a5f00000, 0x00000000a6000000|  0%| F|  |TAMS 0x00000000a5f00000, 0x00000000a5f00000| Untracked 
|  96|0x00000000a6000000, 0x00000000a6000000, 0x00000000a6100000|  0%| F|  |TAMS 0x00000000a6000000, 0x00000000a6000000| Untracked 
|  97|0x00000000a6100000, 0x00000000a6100000, 0x00000000a6200000|  0%| F|  |TAMS 0x00000000a6100000, 0x00000000a6100000| Untracked 
|  98|0x00000000a6200000, 0x00000000a6200000, 0x00000000a6300000|  0%| F|  |TAMS 0x00000000a6200000, 0x00000000a6200000| Untracked 
|  99|0x00000000a6300000, 0x00000000a6300000, 0x00000000a6400000|  0%| F|  |TAMS 0x00000000a6300000, 0x00000000a6300000| Untracked 
| 100|0x00000000a6400000, 0x00000000a6400000, 0x00000000a6500000|  0%| F|  |TAMS 0x00000000a6400000, 0x00000000a6400000| Untracked 
| 101|0x00000000a6500000, 0x00000000a6500000, 0x00000000a6600000|  0%| F|  |TAMS 0x00000000a6500000, 0x00000000a6500000| Untracked 
| 102|0x00000000a6600000, 0x00000000a6600000, 0x00000000a6700000|  0%| F|  |TAMS 0x00000000a6600000, 0x00000000a6600000| Untracked 
| 103|0x00000000a6700000, 0x00000000a6700000, 0x00000000a6800000|  0%| F|  |TAMS 0x00000000a6700000, 0x00000000a6700000| Untracked 
| 104|0x00000000a6800000, 0x00000000a6800000, 0x00000000a6900000|  0%| F|  |TAMS 0x00000000a6800000, 0x00000000a6800000| Untracked 
| 105|0x00000000a6900000, 0x00000000a6900000, 0x00000000a6a00000|  0%| F|  |TAMS 0x00000000a6900000, 0x00000000a6900000| Untracked 
| 106|0x00000000a6a00000, 0x00000000a6a00000, 0x00000000a6b00000|  0%| F|  |TAMS 0x00000000a6a00000, 0x00000000a6a00000| Untracked 
| 107|0x00000000a6b00000, 0x00000000a6b00000, 0x00000000a6c00000|  0%| F|  |TAMS 0x00000000a6b00000, 0x00000000a6b00000| Untracked 
| 108|0x00000000a6c00000, 0x00000000a6c00000, 0x00000000a6d00000|  0%| F|  |TAMS 0x00000000a6c00000, 0x00000000a6c00000| Untracked 
| 109|0x00000000a6d00000, 0x00000000a6d00000, 0x00000000a6e00000|  0%| F|  |TAMS 0x00000000a6d00000, 0x00000000a6d00000| Untracked 
| 110|0x00000000a6e00000, 0x00000000a6e00000, 0x00000000a6f00000|  0%| F|  |TAMS 0x00000000a6e00000, 0x00000000a6e00000| Untracked 
| 111|0x00000000a6f00000, 0x00000000a6f00000, 0x00000000a7000000|  0%| F|  |TAMS 0x00000000a6f00000, 0x00000000a6f00000| Untracked 
| 112|0x00000000a7000000, 0x00000000a7000000, 0x00000000a7100000|  0%| F|  |TAMS 0x00000000a7000000, 0x00000000a7000000| Untracked 
| 113|0x00000000a7100000, 0x00000000a7100000, 0x00000000a7200000|  0%| F|  |TAMS 0x00000000a7100000, 0x00000000a7100000| Untracked 
| 114|0x00000000a7200000, 0x00000000a7200000, 0x00000000a7300000|  0%| F|  |TAMS 0x00000000a7200000, 0x00000000a7200000| Untracked 
| 115|0x00000000a7300000, 0x00000000a7300000, 0x00000000a7400000|  0%| F|  |TAMS 0x00000000a7300000, 0x00000000a7300000| Untracked 
| 116|0x00000000a7400000, 0x00000000a7400000, 0x00000000a7500000|  0%| F|  |TAMS 0x00000000a7400000, 0x00000000a7400000| Untracked 
| 117|0x00000000a7500000, 0x00000000a7500000, 0x00000000a7600000|  0%| F|  |TAMS 0x00000000a7500000, 0x00000000a7500000| Untracked 
| 118|0x00000000a7600000, 0x00000000a7600000, 0x00000000a7700000|  0%| F|  |TAMS 0x00000000a7600000, 0x00000000a7600000| Untracked 
| 119|0x00000000a7700000, 0x00000000a7700000, 0x00000000a7800000|  0%| F|  |TAMS 0x00000000a7700000, 0x00000000a7700000| Untracked 
| 120|0x00000000a7800000, 0x00000000a7800000, 0x00000000a7900000|  0%| F|  |TAMS 0x00000000a7800000, 0x00000000a7800000| Untracked 
| 121|0x00000000a7900000, 0x00000000a7900000, 0x00000000a7a00000|  0%| F|  |TAMS 0x00000000a7900000, 0x00000000a7900000| Untracked 
| 122|0x00000000a7a00000, 0x00000000a7a00000, 0x00000000a7b00000|  0%| F|  |TAMS 0x00000000a7a00000, 0x00000000a7a00000| Untracked 
| 123|0x00000000a7b00000, 0x00000000a7b00000, 0x00000000a7c00000|  0%| F|  |TAMS 0x00000000a7b00000, 0x00000000a7b00000| Untracked 
| 124|0x00000000a7c00000, 0x00000000a7c00000, 0x00000000a7d00000|  0%| F|  |TAMS 0x00000000a7c00000, 0x00000000a7c00000| Untracked 
| 125|0x00000000a7d00000, 0x00000000a7d00000, 0x00000000a7e00000|  0%| F|  |TAMS 0x00000000a7d00000, 0x00000000a7d00000| Untracked 
| 126|0x00000000a7e00000, 0x00000000a7e00000, 0x00000000a7f00000|  0%| F|  |TAMS 0x00000000a7e00000, 0x00000000a7e00000| Untracked 
| 127|0x00000000a7f00000, 0x00000000a7f00000, 0x00000000a8000000|  0%| F|  |TAMS 0x00000000a7f00000, 0x00000000a7f00000| Untracked 

Card table byte_map: [0x000002285e740000,0x000002285ea40000] _byte_map_base: 0x000002285e240000

Marking Bits (Prev, Next): (CMBitMap*) 0x0000022847cf74a0, (CMBitMap*) 0x0000022847cf7460
 Prev Bits: [0x0000022860540000, 0x0000022861d40000)
 Next Bits: [0x000002285ed40000, 0x0000022860540000)

Polling page: 0x0000022845e40000

Metaspace:

Usage:
  Non-class:     38.57 MB used.
      Class:      6.00 MB used.
       Both:     44.58 MB used.

Virtual space:
  Non-class space:       40.00 MB reserved,      38.81 MB ( 97%) committed,  5 nodes.
      Class space:        1.00 GB reserved,       6.25 MB ( <1%) committed,  1 nodes.
              Both:        1.04 GB reserved,      45.06 MB (  4%) committed. 

Chunk freelists:
   Non-Class:  320.00 KB
       Class:  1.60 MB
        Both:  1.91 MB

MaxMetaspaceSize: 17179869184.00 GB
CompressedClassSpaceSize: 1.00 GB
 - commit_granule_bytes: 65536.
 - commit_granule_words: 8192.
 - virtual_space_node_default_size: 1048576.
 - enlarge_chunks_in_place: 1.
 - new_chunks_are_fully_committed: 0.
 - uncommit_free_chunks: 1.
 - use_allocation_guard: 0.
 - handle_deallocations: 1.


Internal statistics:

num_allocs_failed_limit: 6.
num_arena_births: 524.
num_arena_deaths: 0.
num_vsnodes_births: 6.
num_vsnodes_deaths: 0.
num_space_committed: 721.
num_space_uncommitted: 0.
num_chunks_returned_to_freelist: 6.
num_chunks_taken_from_freelist: 2283.
num_chunk_merges: 6.
num_chunk_splits: 1513.
num_chunks_enlarged: 1050.
num_purges: 0.

CodeHeap 'non-profiled nmethods': size=120000Kb used=2711Kb max_used=3174Kb free=117288Kb
 bounds [0x0000022856f10000, 0x0000022857230000, 0x000002285e440000]
CodeHeap 'profiled nmethods': size=120000Kb used=10472Kb max_used=11376Kb free=109527Kb
 bounds [0x000002284f9e0000, 0x0000022850520000, 0x0000022856f10000]
CodeHeap 'non-nmethods': size=5760Kb used=2332Kb max_used=2398Kb free=3427Kb
 bounds [0x000002284f440000, 0x000002284f6b0000, 0x000002284f9e0000]
 total_blobs=6470 nmethods=5625 adapters=757
 compilation: enabled
              stopped_count=0, restarted_count=0
 full_count=0

Compilation events (20 events):
Event: 9.610 Thread 0x00000228641ca0a0 6472       1       org.gradle.api.internal.artifacts.ivyservice.ivyresolve.RepositoryChainModuleSource::getRepositoryId (5 bytes)
Event: 9.610 Thread 0x00000228641ca0a0 nmethod 6472 0x0000022856f8e490 code [0x0000022856f8e620, 0x0000022856f8e6f8]
Event: 9.610 Thread 0x00000228641ca0a0 6477       1       org.gradle.api.internal.artifacts.repositories.resolver.MavenResolver::getSupportedMetadataType (3 bytes)
Event: 9.610 Thread 0x00000228641ca0a0 nmethod 6477 0x0000022856f8e190 code [0x0000022856f8e320, 0x0000022856f8e3f8]
Event: 9.610 Thread 0x00000228641ca0a0 6478       1       org.gradle.api.internal.artifacts.ivyservice.modulecache.ResolvedArtifactCaches$ResolvedArtifactCacheProvidingModuleComponentRepository::getArtifactCache (5 bytes)
Event: 9.610 Thread 0x00000228641ca0a0 nmethod 6478 0x0000022856f8de90 code [0x0000022856f8e020, 0x0000022856f8e0f8]
Event: 9.610 Thread 0x00000228641ca0a0 6479       1       org.gradle.internal.component.model.DefaultIvyArtifactName::getType (5 bytes)
Event: 9.610 Thread 0x00000228641ca0a0 nmethod 6479 0x0000022856f8db90 code [0x0000022856f8dd20, 0x0000022856f8ddf8]
Event: 9.610 Thread 0x00000228641ca0a0 6483       2       org.gradle.api.internal.attributes.DefaultImmutableAttributes::isPresent (13 bytes)
Event: 9.611 Thread 0x00000228641ca0a0 nmethod 6483 0x000002285001d790 code [0x000002285001d920, 0x000002285001da38]
Event: 9.611 Thread 0x00000228641ca0a0 6484       1       org.gradle.api.internal.artifacts.ivyservice.resolveengine.artifact.DefaultArtifactSet::getSchema (5 bytes)
Event: 9.611 Thread 0x00000228641ca0a0 nmethod 6484 0x0000022856f8d890 code [0x0000022856f8da20, 0x0000022856f8daf8]
Event: 9.611 Thread 0x00000228641ca0a0 6485       1       org.gradle.api.internal.artifacts.ivyservice.resolveengine.artifact.DefaultArtifactSet::getOverriddenAttributes (5 bytes)
Event: 9.611 Thread 0x00000228641ca0a0 nmethod 6485 0x0000022856f8d590 code [0x0000022856f8d720, 0x0000022856f8d7f8]
Event: 9.611 Thread 0x00000228641ca0a0 6486       1       org.gradle.api.internal.artifacts.ivyservice.resolveengine.artifact.ArtifactBackedResolvedVariant::getAttributes (5 bytes)
Event: 9.611 Thread 0x00000228641ca0a0 nmethod 6486 0x0000022856f8d290 code [0x0000022856f8d420, 0x0000022856f8d4f8]
Event: 9.611 Thread 0x00000228641ca0a0 6487       1       org.gradle.api.internal.artifacts.ivyservice.resolveengine.artifact.ArtifactBackedResolvedVariant::getArtifacts (5 bytes)
Event: 9.611 Thread 0x00000228641ca0a0 nmethod 6487 0x0000022856f8cf90 code [0x0000022856f8d120, 0x0000022856f8d1f8]
Event: 9.611 Thread 0x00000228641ca0a0 6480       1       org.gradle.internal.component.model.DefaultCompatibilityCheckResult::hasResult (5 bytes)
Event: 9.611 Thread 0x00000228641ca0a0 nmethod 6480 0x0000022856f8cc90 code [0x0000022856f8ce20, 0x0000022856f8cef8]

GC Heap History (20 events):
Event: 1.294 GC heap after
{Heap after GC invocations=3 (full 0):
 garbage-first heap   total 131072K, used 10021K [0x00000000a0000000, 0x0000000100000000)
  region size 1024K, 1 young (1024K), 1 survivors (1024K)
 Metaspace       used 4065K, committed 4224K, reserved 1056768K
  class space    used 483K, committed 576K, reserved 1048576K
}
Event: 3.161 GC heap before
{Heap before GC invocations=3 (full 0):
 garbage-first heap   total 131072K, used 86821K [0x00000000a0000000, 0x0000000100000000)
  region size 1024K, 76 young (77824K), 1 survivors (1024K)
 Metaspace       used 15900K, committed 16192K, reserved 1064960K
  class space    used 2286K, committed 2432K, reserved 1048576K
}
Event: 3.171 GC heap after
{Heap after GC invocations=4 (full 0):
 garbage-first heap   total 131072K, used 18253K [0x00000000a0000000, 0x0000000100000000)
  region size 1024K, 9 young (9216K), 9 survivors (9216K)
 Metaspace       used 15900K, committed 16192K, reserved 1064960K
  class space    used 2286K, committed 2432K, reserved 1048576K
}
Event: 4.131 GC heap before
{Heap before GC invocations=4 (full 0):
 garbage-first heap   total 131072K, used 68429K [0x00000000a0000000, 0x0000000100000000)
  region size 1024K, 49 young (50176K), 9 survivors (9216K)
 Metaspace       used 20912K, committed 21248K, reserved 1073152K
  class space    used 3084K, committed 3264K, reserved 1048576K
}
Event: 4.141 GC heap after
{Heap after GC invocations=5 (full 0):
 garbage-first heap   total 131072K, used 34178K [0x00000000a0000000, 0x0000000100000000)
  region size 1024K, 6 young (6144K), 6 survivors (6144K)
 Metaspace       used 20912K, committed 21248K, reserved 1073152K
  class space    used 3084K, committed 3264K, reserved 1048576K
}
Event: 5.261 GC heap before
{Heap before GC invocations=6 (full 0):
 garbage-first heap   total 119808K, used 96642K [0x00000000a0000000, 0x0000000100000000)
  region size 1024K, 65 young (66560K), 6 survivors (6144K)
 Metaspace       used 30153K, committed 30592K, reserved 1081344K
  class space    used 4096K, committed 4288K, reserved 1048576K
}
Event: 5.272 GC heap after
{Heap after GC invocations=7 (full 0):
 garbage-first heap   total 119808K, used 39330K [0x00000000a0000000, 0x0000000100000000)
  region size 1024K, 6 young (6144K), 6 survivors (6144K)
 Metaspace       used 30153K, committed 30592K, reserved 1081344K
  class space    used 4096K, committed 4288K, reserved 1048576K
}
Event: 6.055 GC heap before
{Heap before GC invocations=7 (full 0):
 garbage-first heap   total 119808K, used 79266K [0x00000000a0000000, 0x0000000100000000)
  region size 1024K, 42 young (43008K), 6 survivors (6144K)
 Metaspace       used 35237K, committed 35648K, reserved 1081344K
  class space    used 4915K, committed 5120K, reserved 1048576K
}
Event: 6.066 GC heap after
{Heap after GC invocations=8 (full 0):
 garbage-first heap   total 119808K, used 47669K [0x00000000a0000000, 0x0000000100000000)
  region size 1024K, 4 young (4096K), 4 survivors (4096K)
 Metaspace       used 35237K, committed 35648K, reserved 1081344K
  class space    used 4915K, committed 5120K, reserved 1048576K
}
Event: 6.563 GC heap before
{Heap before GC invocations=9 (full 0):
 garbage-first heap   total 119808K, used 91701K [0x00000000a0000000, 0x0000000100000000)
  region size 1024K, 47 young (48128K), 4 survivors (4096K)
 Metaspace       used 35964K, committed 36416K, reserved 1081344K
  class space    used 4993K, committed 5184K, reserved 1048576K
}
Event: 6.575 GC heap after
{Heap after GC invocations=10 (full 0):
 garbage-first heap   total 119808K, used 49940K [0x00000000a0000000, 0x0000000100000000)
  region size 1024K, 6 young (6144K), 6 survivors (6144K)
 Metaspace       used 35964K, committed 36416K, reserved 1081344K
  class space    used 4993K, committed 5184K, reserved 1048576K
}
Event: 7.019 GC heap before
{Heap before GC invocations=10 (full 0):
 garbage-first heap   total 119808K, used 93972K [0x00000000a0000000, 0x0000000100000000)
  region size 1024K, 49 young (50176K), 6 survivors (6144K)
 Metaspace       used 36953K, committed 37376K, reserved 1081344K
  class space    used 5110K, committed 5312K, reserved 1048576K
}
Event: 7.027 GC heap after
{Heap after GC invocations=11 (full 0):
 garbage-first heap   total 119808K, used 51059K [0x00000000a0000000, 0x0000000100000000)
  region size 1024K, 4 young (4096K), 4 survivors (4096K)
 Metaspace       used 36953K, committed 37376K, reserved 1081344K
  class space    used 5110K, committed 5312K, reserved 1048576K
}
Event: 7.553 GC heap before
{Heap before GC invocations=11 (full 0):
 garbage-first heap   total 119808K, used 98163K [0x00000000a0000000, 0x0000000100000000)
  region size 1024K, 47 young (48128K), 4 survivors (4096K)
 Metaspace       used 38547K, committed 39040K, reserved 1089536K
  class space    used 5257K, committed 5504K, reserved 1048576K
}
Event: 7.561 GC heap after
{Heap after GC invocations=12 (full 0):
 garbage-first heap   total 119808K, used 56861K [0x00000000a0000000, 0x0000000100000000)
  region size 1024K, 5 young (5120K), 5 survivors (5120K)
 Metaspace       used 38547K, committed 39040K, reserved 1089536K
  class space    used 5257K, committed 5504K, reserved 1048576K
}
Event: 7.922 GC heap before
{Heap before GC invocations=12 (full 0):
 garbage-first heap   total 119808K, used 72221K [0x00000000a0000000, 0x0000000100000000)
  region size 1024K, 22 young (22528K), 5 survivors (5120K)
 Metaspace       used 39814K, committed 40256K, reserved 1089536K
  class space    used 5408K, committed 5632K, reserved 1048576K
}
Event: 7.933 GC heap after
{Heap after GC invocations=13 (full 0):
 garbage-first heap   total 119808K, used 58913K [0x00000000a0000000, 0x0000000100000000)
  region size 1024K, 5 young (5120K), 5 survivors (5120K)
 Metaspace       used 39814K, committed 40256K, reserved 1089536K
  class space    used 5408K, committed 5632K, reserved 1048576K
}
Event: 8.827 GC heap before
{Heap before GC invocations=14 (full 0):
 garbage-first heap   total 119808K, used 98849K [0x00000000a0000000, 0x0000000100000000)
  region size 1024K, 43 young (44032K), 5 survivors (5120K)
 Metaspace       used 43128K, committed 43712K, reserved 1089536K
  class space    used 5801K, committed 6080K, reserved 1048576K
}
Event: 8.838 GC heap after
{Heap after GC invocations=15 (full 0):
 garbage-first heap   total 119808K, used 61635K [0x00000000a0000000, 0x0000000100000000)
  region size 1024K, 5 young (5120K), 5 survivors (5120K)
 Metaspace       used 43128K, committed 43712K, reserved 1089536K
  class space    used 5801K, committed 6080K, reserved 1048576K
}
Event: 9.612 GC heap before
{Heap before GC invocations=15 (full 0):
 garbage-first heap   total 119808K, used 97475K [0x00000000a0000000, 0x0000000100000000)
  region size 1024K, 40 young (40960K), 5 survivors (5120K)
 Metaspace       used 45646K, committed 46144K, reserved 1089536K
  class space    used 6148K, committed 6400K, reserved 1048576K
}

Deoptimization events (20 events):
Event: 9.049 Thread 0x00000228651c68d0 DEOPT PACKING pc=0x00000228570da354 sp=0x000000cd2ecf8c90
Event: 9.049 Thread 0x00000228651c68d0 DEOPT UNPACKING pc=0x000002284f48d72e sp=0x000000cd2ecf8c18 mode 2
Event: 9.508 Thread 0x00000228651c68d0 DEOPT PACKING pc=0x000002284faa4ddd sp=0x000000cd2ecf8310
Event: 9.508 Thread 0x00000228651c68d0 DEOPT UNPACKING pc=0x000002284f48dece sp=0x000000cd2ecf7798 mode 0
Event: 9.545 Thread 0x00000228651c68d0 Uncommon trap: trap_request=0xffffffc6 fr.pc=0x00000228570c2c98 relative=0x0000000000000438
Event: 9.545 Thread 0x00000228651c68d0 Uncommon trap: reason=bimorphic_or_optimized_type_check action=maybe_recompile pc=0x00000228570c2c98 method=java.util.Spliterators$IteratorSpliterator.tryAdvance(Ljava/util/function/Consumer;)Z @ 50 c2
Event: 9.545 Thread 0x00000228651c68d0 DEOPT PACKING pc=0x00000228570c2c98 sp=0x000000cd2ecf86a0
Event: 9.545 Thread 0x00000228651c68d0 DEOPT UNPACKING pc=0x000002284f48d72e sp=0x000000cd2ecf8640 mode 2
Event: 9.545 Thread 0x00000228651c68d0 Uncommon trap: trap_request=0xffffffc6 fr.pc=0x00000228570c2c98 relative=0x0000000000000438
Event: 9.545 Thread 0x00000228651c68d0 Uncommon trap: reason=bimorphic_or_optimized_type_check action=maybe_recompile pc=0x00000228570c2c98 method=java.util.Spliterators$IteratorSpliterator.tryAdvance(Ljava/util/function/Consumer;)Z @ 50 c2
Event: 9.545 Thread 0x00000228651c68d0 DEOPT PACKING pc=0x00000228570c2c98 sp=0x000000cd2ecf86a0
Event: 9.545 Thread 0x00000228651c68d0 DEOPT UNPACKING pc=0x000002284f48d72e sp=0x000000cd2ecf8640 mode 2
Event: 9.545 Thread 0x00000228651c68d0 Uncommon trap: trap_request=0xffffffc6 fr.pc=0x00000228570c2c98 relative=0x0000000000000438
Event: 9.545 Thread 0x00000228651c68d0 Uncommon trap: reason=bimorphic_or_optimized_type_check action=maybe_recompile pc=0x00000228570c2c98 method=java.util.Spliterators$IteratorSpliterator.tryAdvance(Ljava/util/function/Consumer;)Z @ 50 c2
Event: 9.545 Thread 0x00000228651c68d0 DEOPT PACKING pc=0x00000228570c2c98 sp=0x000000cd2ecf86a0
Event: 9.545 Thread 0x00000228651c68d0 DEOPT UNPACKING pc=0x000002284f48d72e sp=0x000000cd2ecf8640 mode 2
Event: 9.555 Thread 0x00000228651c68d0 Uncommon trap: trap_request=0xffffffc6 fr.pc=0x00000228570c2c98 relative=0x0000000000000438
Event: 9.556 Thread 0x00000228651c68d0 Uncommon trap: reason=bimorphic_or_optimized_type_check action=maybe_recompile pc=0x00000228570c2c98 method=java.util.Spliterators$IteratorSpliterator.tryAdvance(Ljava/util/function/Consumer;)Z @ 50 c2
Event: 9.556 Thread 0x00000228651c68d0 DEOPT PACKING pc=0x00000228570c2c98 sp=0x000000cd2ecf87f0
Event: 9.556 Thread 0x00000228651c68d0 DEOPT UNPACKING pc=0x000002284f48d72e sp=0x000000cd2ecf8790 mode 2

Classes unloaded (0 events):
No events

Classes redefined (0 events):
No events

Internal exceptions (20 events):
Event: 8.841 Thread 0x00000228651c68d0 Exception <a 'java/lang/ClassNotFoundException'{0x00000000a7f1d980}: groovy/lang/MetaPropertyCustomizer> (0x00000000a7f1d980) 
thrown [t:\workspace\open\src\hotspot\share\classfile\systemDictionary.cpp, line 256]
Event: 8.846 Thread 0x00000228651c68d0 Exception <a 'java/lang/ClassNotFoundException'{0x00000000a739bef8}: org/codehaus/groovy/reflection/CachedFieldCustomizer> (0x00000000a739bef8) 
thrown [t:\workspace\open\src\hotspot\share\classfile\systemDictionary.cpp, line 256]
Event: 8.858 Thread 0x00000228651c68d0 Exception <a 'java/lang/ClassNotFoundException'{0x00000000a72b5b98}: java/util/ArrayListBeanInfo> (0x00000000a72b5b98) 
thrown [t:\workspace\open\src\hotspot\share\classfile\systemDictionary.cpp, line 256]
Event: 8.858 Thread 0x00000228651c68d0 Exception <a 'java/lang/ClassNotFoundException'{0x00000000a72bbe58}: java/util/AbstractListBeanInfo> (0x00000000a72bbe58) 
thrown [t:\workspace\open\src\hotspot\share\classfile\systemDictionary.cpp, line 256]
Event: 8.859 Thread 0x00000228651c68d0 Exception <a 'java/lang/ClassNotFoundException'{0x00000000a72c23b0}: java/util/AbstractListCustomizer> (0x00000000a72c23b0) 
thrown [t:\workspace\open\src\hotspot\share\classfile\systemDictionary.cpp, line 256]
Event: 8.860 Thread 0x00000228651c68d0 Exception <a 'java/lang/ClassNotFoundException'{0x00000000a72d33a8}: java/util/ArrayListCustomizer> (0x00000000a72d33a8) 
thrown [t:\workspace\open\src\hotspot\share\classfile\systemDictionary.cpp, line 256]
Event: 8.863 Thread 0x00000228651c68d0 Exception <a 'java/lang/ClassNotFoundException'{0x00000000a714c000}: java/util/CollectionBeanInfo> (0x00000000a714c000) 
thrown [t:\workspace\open\src\hotspot\share\classfile\systemDictionary.cpp, line 256]
Event: 8.864 Thread 0x00000228651c68d0 Exception <a 'java/lang/ClassNotFoundException'{0x00000000a7152538}: java/util/CollectionCustomizer> (0x00000000a7152538) 
thrown [t:\workspace\open\src\hotspot\share\classfile\systemDictionary.cpp, line 256]
Event: 8.920 Thread 0x00000228651c68d0 Implicit null exception at 0x00000228570291ef to 0x0000022857029414
Event: 9.000 Thread 0x00000228651c68d0 Exception <a 'java/lang/ClassNotFoundException'{0x00000000a6c310d0}: build_9r5aevpou1ji548j7fdap6wglBeanInfo> (0x00000000a6c310d0) 
thrown [t:\workspace\open\src\hotspot\share\classfile\systemDictionary.cpp, line 256]
Event: 9.001 Thread 0x00000228651c68d0 Exception <a 'java/lang/ClassNotFoundException'{0x00000000a6c3a418}: org/gradle/api/internal/project/ProjectScriptBeanInfo> (0x00000000a6c3a418) 
thrown [t:\workspace\open\src\hotspot\share\classfile\systemDictionary.cpp, line 256]
Event: 9.002 Thread 0x00000228651c68d0 Exception <a 'java/lang/ClassNotFoundException'{0x00000000a6c437b0}: org/gradle/api/internal/project/ProjectScriptCustomizer> (0x00000000a6c437b0) 
thrown [t:\workspace\open\src\hotspot\share\classfile\systemDictionary.cpp, line 256]
Event: 9.003 Thread 0x00000228651c68d0 Exception <a 'java/lang/ClassNotFoundException'{0x00000000a6c595a8}: build_9r5aevpou1ji548j7fdap6wglCustomizer> (0x00000000a6c595a8) 
thrown [t:\workspace\open\src\hotspot\share\classfile\systemDictionary.cpp, line 256]
Event: 9.030 Thread 0x00000228651c68d0 Exception <a 'java/lang/ClassNotFoundException'{0x00000000a6be4f60}: groovy/lang/GString$1BeanInfo> (0x00000000a6be4f60) 
thrown [t:\workspace\open\src\hotspot\share\classfile\systemDictionary.cpp, line 256]
Event: 9.032 Thread 0x00000228651c68d0 Exception <a 'java/lang/ClassNotFoundException'{0x00000000a6a0ac50}: groovy/lang/GStringBeanInfo> (0x00000000a6a0ac50) 
thrown [t:\workspace\open\src\hotspot\share\classfile\systemDictionary.cpp, line 256]
Event: 9.033 Thread 0x00000228651c68d0 Exception <a 'java/lang/ClassNotFoundException'{0x00000000a6a2ff18}: groovy/lang/GStringCustomizer> (0x00000000a6a2ff18) 
thrown [t:\workspace\open\src\hotspot\share\classfile\systemDictionary.cpp, line 256]
Event: 9.036 Thread 0x00000228651c68d0 Exception <a 'java/lang/ClassNotFoundException'{0x00000000a6a5e420}: groovy/lang/GString$1Customizer> (0x00000000a6a5e420) 
thrown [t:\workspace\open\src\hotspot\share\classfile\systemDictionary.cpp, line 256]
Event: 9.043 Thread 0x00000228651c68d0 Exception <a 'java/lang/ClassNotFoundException'{0x00000000a677cc20}: org/codehaus/groovy/runtime/GStringImplBeanInfo> (0x00000000a677cc20) 
thrown [t:\workspace\open\src\hotspot\share\classfile\systemDictionary.cpp, line 256]
Event: 9.047 Thread 0x00000228651c68d0 Exception <a 'java/lang/ClassNotFoundException'{0x00000000a641a148}: org/codehaus/groovy/runtime/GStringImplCustomizer> (0x00000000a641a148) 
thrown [t:\workspace\open\src\hotspot\share\classfile\systemDictionary.cpp, line 256]
Event: 9.593 Thread 0x00000228651c68d0 Exception <a 'java/lang/NoSuchMethodError'{0x00000000a5243998}: 'void java.lang.invoke.DirectMethodHandle$Holder.invokeStatic(java.lang.Object, java.lang.Object, java.lang.Object, int, java.lang.Object)'> (0x00000000a5243998) 
thrown [t:\workspace\open\src\hotspot\share\interpreter\linkResolver.cpp, line 790]

Events (20 events):
Event: 9.067 loading class javax/net/ssl/HostnameVerifier done
Event: 9.069 loading class javax/net/ssl/TrustManager
Event: 9.069 loading class javax/net/ssl/TrustManager done
Event: 9.069 loading class javax/net/ssl/X509TrustManager
Event: 9.069 loading class javax/net/ssl/X509TrustManager done
Event: 9.071 loading class javax/net/ssl/SSLException
Event: 9.071 loading class javax/net/ssl/SSLException done
Event: 9.071 loading class javax/net/ssl/SSLPeerUnverifiedException
Event: 9.071 loading class javax/net/ssl/SSLPeerUnverifiedException done
Event: 9.072 loading class java/security/cert/CertificateParsingException
Event: 9.072 loading class java/security/cert/CertificateException
Event: 9.072 loading class java/security/cert/CertificateException done
Event: 9.072 loading class java/security/cert/CertificateParsingException done
Event: 9.072 loading class javax/naming/NamingException
Event: 9.072 loading class javax/naming/NamingException done
Event: 9.072 loading class javax/naming/InvalidNameException
Event: 9.072 loading class javax/naming/InvalidNameException done
Event: 9.611 Thread 0x00000228651c58e0 Thread added: 0x00000228651c58e0
Event: 9.612 Thread 0x00000228651c6380 Thread added: 0x00000228651c6380
Event: 9.612 Executing  VM operation: G1CollectForAllocation


Dynamic libraries:
0x00007ff6fdb10000 - 0x00007ff6fdb20000 	C:\Program Files\Java\jdk-16.0.2\bin\java.exe
0x00007ffe54e50000 - 0x00007ffe55045000 	C:\WINDOWS\SYSTEM32\ntdll.dll
0x00007ffe54a20000 - 0x00007ffe54add000 	C:\WINDOWS\System32\KERNEL32.DLL
0x00007ffe52b50000 - 0x00007ffe52e19000 	C:\WINDOWS\System32\KERNELBASE.dll
0x00007ffe527b0000 - 0x00007ffe528b0000 	C:\WINDOWS\System32\ucrtbase.dll
0x00007ffe3fd60000 - 0x00007ffe3fd79000 	C:\Program Files\Java\jdk-16.0.2\bin\VCRUNTIME140.dll
0x00007ffe3bdc0000 - 0x00007ffe3bdd8000 	C:\Program Files\Java\jdk-16.0.2\bin\jli.dll
0x00007ffe53490000 - 0x00007ffe5353c000 	C:\WINDOWS\System32\ADVAPI32.dll
0x00007ffe544b0000 - 0x00007ffe5454e000 	C:\WINDOWS\System32\msvcrt.dll
0x00007ffe54980000 - 0x00007ffe54a1b000 	C:\WINDOWS\System32\sechost.dll
0x00007ffe54cb0000 - 0x00007ffe54dda000 	C:\WINDOWS\System32\RPCRT4.dll
0x00007ffe53080000 - 0x00007ffe53220000 	C:\WINDOWS\System32\USER32.dll
0x00007ffe529c0000 - 0x00007ffe529e2000 	C:\WINDOWS\System32\win32u.dll
0x00007ffe341a0000 - 0x00007ffe3443a000 	C:\WINDOWS\WinSxS\amd64_microsoft.windows.common-controls_6595b64144ccf1df_6.0.19041.1110_none_60b5254171f9507e\COMCTL32.dll
0x00007ffe54de0000 - 0x00007ffe54e0a000 	C:\WINDOWS\System32\GDI32.dll
0x00007ffe526a0000 - 0x00007ffe527ab000 	C:\WINDOWS\System32\gdi32full.dll
0x00007ffe525d0000 - 0x00007ffe5266d000 	C:\WINDOWS\System32\msvcp_win.dll
0x00007ffe51360000 - 0x00007ffe5136a000 	C:\WINDOWS\SYSTEM32\VERSION.dll
0x00007ffe54550000 - 0x00007ffe54580000 	C:\WINDOWS\System32\IMM32.DLL
0x00007ffe46f00000 - 0x00007ffe46f0c000 	C:\Program Files\Java\jdk-16.0.2\bin\vcruntime140_1.dll
0x00007ffe12d00000 - 0x00007ffe12d91000 	C:\Program Files\Java\jdk-16.0.2\bin\msvcp140.dll
0x00007ffe08780000 - 0x00007ffe0932b000 	C:\Program Files\Java\jdk-16.0.2\bin\server\jvm.dll
0x00007ffe54970000 - 0x00007ffe54978000 	C:\WINDOWS\System32\PSAPI.DLL
0x00007ffe3a810000 - 0x00007ffe3a837000 	C:\WINDOWS\SYSTEM32\WINMM.dll
0x00007ffe2d890000 - 0x00007ffe2d899000 	C:\WINDOWS\SYSTEM32\WSOCK32.dll
0x00007ffe54590000 - 0x00007ffe545fb000 	C:\WINDOWS\System32\WS2_32.dll
0x00007ffe50510000 - 0x00007ffe50522000 	C:\WINDOWS\SYSTEM32\kernel.appcore.dll
0x00007ffe463a0000 - 0x00007ffe463aa000 	C:\Program Files\Java\jdk-16.0.2\bin\jimage.dll
0x00007ffe4d050000 - 0x00007ffe4d234000 	C:\WINDOWS\SYSTEM32\DBGHELP.DLL
0x00007ffe35090000 - 0x00007ffe350bc000 	C:\WINDOWS\SYSTEM32\dbgcore.DLL
0x00007ffe52e20000 - 0x00007ffe52ea3000 	C:\WINDOWS\System32\bcryptPrimitives.dll
0x00007ffe2f400000 - 0x00007ffe2f425000 	C:\Program Files\Java\jdk-16.0.2\bin\java.dll
0x00007ffe535a0000 - 0x00007ffe53cdf000 	C:\WINDOWS\System32\SHELL32.dll
0x00007ffe50b40000 - 0x00007ffe512d0000 	C:\WINDOWS\SYSTEM32\windows.storage.dll
0x00007ffe54600000 - 0x00007ffe54955000 	C:\WINDOWS\System32\combase.dll
0x00007ffe51f10000 - 0x00007ffe51f3c000 	C:\WINDOWS\SYSTEM32\Wldp.dll
0x00007ffe53310000 - 0x00007ffe533be000 	C:\WINDOWS\System32\SHCORE.dll
0x00007ffe54450000 - 0x00007ffe544a5000 	C:\WINDOWS\System32\shlwapi.dll
0x00007ffe524c0000 - 0x00007ffe524df000 	C:\WINDOWS\SYSTEM32\profapi.dll
0x00007ffe3a5b0000 - 0x00007ffe3a5c9000 	C:\Program Files\Java\jdk-16.0.2\bin\net.dll
0x00007ffe3e390000 - 0x00007ffe3e498000 	C:\WINDOWS\SYSTEM32\WINHTTP.dll
0x00007ffe51c70000 - 0x00007ffe51cda000 	C:\WINDOWS\system32\mswsock.dll
0x00007ffe31400000 - 0x00007ffe31413000 	C:\Program Files\Java\jdk-16.0.2\bin\nio.dll
0x00007ffe30460000 - 0x00007ffe30478000 	C:\Program Files\Java\jdk-16.0.2\bin\zip.dll
0x00007ffe43cf0000 - 0x00007ffe43d00000 	C:\Program Files\Java\jdk-16.0.2\bin\verify.dll
0x00007ffe2f580000 - 0x00007ffe2f5a7000 	C:\Users\halag\Documents\cs\year_project\Server_location_app\.gradle\native\8bec1ad78214c89d9ad589b4d07fe93259594b29d510b10fafb7a158f7737e5d\windows-amd64\native-platform.dll
0x00007ffe12110000 - 0x00007ffe1224d000 	C:\Users\halag\Documents\cs\year_project\Server_location_app\.gradle\native\53dbd7edfb1c66fb8903c78663c9afc45aea4f116125fa6feffd364cf09443e8\windows-amd64\native-platform-file-events.dll
0x00007ffe40520000 - 0x00007ffe40529000 	C:\Program Files\Java\jdk-16.0.2\bin\management.dll
0x00007ffe40230000 - 0x00007ffe4023b000 	C:\Program Files\Java\jdk-16.0.2\bin\management_ext.dll
0x00007ffe51e70000 - 0x00007ffe51e88000 	C:\WINDOWS\SYSTEM32\CRYPTSP.dll
0x00007ffe515f0000 - 0x00007ffe51624000 	C:\WINDOWS\system32\rsaenh.dll
0x00007ffe52670000 - 0x00007ffe52697000 	C:\WINDOWS\System32\bcrypt.dll
0x00007ffe52480000 - 0x00007ffe524ae000 	C:\WINDOWS\SYSTEM32\USERENV.dll
0x00007ffe51e60000 - 0x00007ffe51e6c000 	C:\WINDOWS\SYSTEM32\CRYPTBASE.dll
0x00007ffe51960000 - 0x00007ffe5199b000 	C:\WINDOWS\SYSTEM32\IPHLPAPI.DLL
0x00007ffe54580000 - 0x00007ffe54588000 	C:\WINDOWS\System32\NSI.dll
0x00007ffe4cb00000 - 0x00007ffe4cb17000 	C:\WINDOWS\SYSTEM32\dhcpcsvc6.DLL
0x00007ffe4cae0000 - 0x00007ffe4cafd000 	C:\WINDOWS\SYSTEM32\dhcpcsvc.DLL
0x00007ffe519a0000 - 0x00007ffe51a6c000 	C:\WINDOWS\SYSTEM32\DNSAPI.dll
0x00007ffe3fdb0000 - 0x00007ffe3fdbe000 	C:\Program Files\Java\jdk-16.0.2\bin\sunmscapi.dll
0x00007ffe529f0000 - 0x00007ffe52b4f000 	C:\WINDOWS\System32\CRYPT32.dll
0x00007ffe51f80000 - 0x00007ffe51fa7000 	C:\WINDOWS\SYSTEM32\ncrypt.dll
0x00007ffe51f40000 - 0x00007ffe51f7b000 	C:\WINDOWS\SYSTEM32\NTASN1.dll
0x00007ffe3ab00000 - 0x00007ffe3ab07000 	C:\WINDOWS\system32\wshunix.dll

dbghelp: loaded successfully - version: 4.0.5 - missing functions: none
symbol engine: initialized successfully - sym options: 0x614 - pdb path: .;C:\Program Files\Java\jdk-16.0.2\bin;C:\WINDOWS\SYSTEM32;C:\WINDOWS\WinSxS\amd64_microsoft.windows.common-controls_6595b64144ccf1df_6.0.19041.1110_none_60b5254171f9507e;C:\Program Files\Java\jdk-16.0.2\bin\server;C:\Users\halag\Documents\cs\year_project\Server_location_app\.gradle\native\8bec1ad78214c89d9ad589b4d07fe93259594b29d510b10fafb7a158f7737e5d\windows-amd64;C:\Users\halag\Documents\cs\year_project\Server_location_app\.gradle\native\53dbd7edfb1c66fb8903c78663c9afc45aea4f116125fa6feffd364cf09443e8\windows-amd64

VM Arguments:
jvm_args: --add-opens=java.base/java.util=ALL-UNNAMED --add-opens=java.base/java.lang=ALL-UNNAMED --add-opens=java.base/java.lang.invoke=ALL-UNNAMED --add-opens=java.base/java.util=ALL-UNNAMED --add-opens=java.prefs/java.util.prefs=ALL-UNNAMED --add-opens=java.prefs/java.util.prefs=ALL-UNNAMED --add-opens=java.base/java.nio.charset=ALL-UNNAMED --add-opens=java.base/java.net=ALL-UNNAMED --add-opens=java.base/java.util.concurrent.atomic=ALL-UNNAMED -Xmx1536M -Dfile.encoding=UTF-8 -Duser.country=GB -Duser.language=en -Duser.variant 
java_command: org.gradle.launcher.daemon.bootstrap.GradleDaemon 7.0.2
java_class_path (initial): C:\Users\halag\Documents\cs\year_project\Server_location_app\.gradle\wrapper\dists\gradle-7.0.2-bin\857tjihv64xamwrf0h14cai3r\gradle-7.0.2\lib\gradle-launcher-7.0.2.jar
Launcher Type: SUN_STANDARD

[Global flags]
     intx CICompilerCount                          = 3                                         {product} {ergonomic}
     uint ConcGCThreads                            = 1                                         {product} {ergonomic}
     uint G1ConcRefinementThreads                  = 4                                         {product} {ergonomic}
   size_t G1HeapRegionSize                         = 1048576                                   {product} {ergonomic}
    uintx GCDrainStackTargetSize                   = 64                                        {product} {ergonomic}
   size_t InitialHeapSize                          = 134217728                                 {product} {ergonomic}
   size_t MarkStackSize                            = 4194304                                   {product} {ergonomic}
   size_t MaxHeapSize                              = 1610612736                                {product} {command line}
   size_t MaxNewSize                               = 965738496                                 {product} {ergonomic}
   size_t MinHeapDeltaBytes                        = 1048576                                   {product} {ergonomic}
   size_t MinHeapSize                              = 8388608                                   {product} {ergonomic}
    uintx NonNMethodCodeHeapSize                   = 5832780                                {pd product} {ergonomic}
    uintx NonProfiledCodeHeapSize                  = 122912730                              {pd product} {ergonomic}
    uintx ProfiledCodeHeapSize                     = 122912730                              {pd product} {ergonomic}
    uintx ReservedCodeCacheSize                    = 251658240                              {pd product} {ergonomic}
     bool SegmentedCodeCache                       = true                                      {product} {ergonomic}
   size_t SoftMaxHeapSize                          = 1610612736                             {manageable} {ergonomic}
     bool UseCompressedClassPointers               = true                           {product lp64_product} {ergonomic}
     bool UseCompressedOops                        = true                           {product lp64_product} {ergonomic}
     bool UseG1GC                                  = true                                      {product} {ergonomic}
     bool UseLargePagesIndividualAllocation        = false                                  {pd product} {ergonomic}

Logging:
Log output configuration:
 #0: stdout all=warning uptime,level,tags
 #1: stderr all=off uptime,level,tags

Environment Variables:
JAVA_HOME=C:\Program Files\Java\jdk-16.0.2
PATH=C:\Program Files\Common Files\Oracle\Java\javapath;C:\Program Files (x86)\Common Files\Oracle\Java\javapath;C:\WINDOWS\system32;C:\WINDOWS;C:\WINDOWS\System32\Wbem;C:\WINDOWS\System32\WindowsPowerShell\v1.0\;C:\WINDOWS\System32\OpenSSH\;C:\Program Files\Intel\WiFi\bin\;C:\Program Files\Common Files\Intel\WirelessCommon\;C:\Git\cmd;C:\MinGW\bin;C:\Users\halag\Documents\cs\python\PyCharm Community Edition 2020.3.4;C:\Users\halag\AppData\Roaming\Microsoft\Windows\Start Menu\Programs\Python 3.9;C:\Users\halag\AppData\Local\Programs\Python\Python39;C:\Program Files (x86)\Intel\Intel(R) Management Engine Components\DAL;C:\Program Files\Intel\Intel(R) Management Engine Components\DAL;C:\Program Files\Java\jdk-16.0.2\bin;C:\Users\halag\AppData\Local\Microsoft\WindowsApps;C:\Program Files (x86)\Dr. Memory\bin\;C:\Program Files\Intel\WiFi\bin\;C:\Program Files\Common Files\Intel\WirelessCommon\;C:\Program Files\Java\jdk-10.0.2\bin;C:\Users\halag\AppData\Local\GitHubDesktop\bin;C:\Users\halag\Documents\cs\winter2020\machine_learning\PyCharm Community Edition 2020.3\bin;;C:\Users\halag\AppData\Local\Android\Sdk\platform-tools;C:\Users\halag\AppData\Local\Android\Sdk;C:\Program Files\Java\jdk-16.0.2\bin;
USERNAME=halag
OS=Windows_NT
PROCESSOR_IDENTIFIER=Intel64 Family 6 Model 142 Stepping 9, GenuineIntel



---------------  S Y S T E M  ---------------

OS:
 Windows 10 , 64 bit Build 19041 (10.0.19041.1151)
OS uptime: 3 days 18:54 hours

CPU: total 4 (initial active 4) (2 cores per cpu, 2 threads per core) family 6 model 142 stepping 9 microcode 0xde, cx8, cmov, fxsr, ht, mmx, 3dnowpref, sse, sse2, sse3, ssse3, sse4.1, sse4.2, popcnt, lzcnt, tsc, tscinvbit, avx, avx2, aes, erms, clmul, bmi1, bmi2, adx, fma, vzeroupper, clflush, clflushopt

Memory: 4k page, system-wide physical 8089M (1453M free)
TotalPageFile size 9329M (AvailPageFile size 7M)
current process WorkingSet (physical memory assigned to process): 290M, peak: 292M
current process commit charge ("private bytes"): 337M, peak: 351M

vm_info: Java HotSpot(TM) 64-Bit Server VM (16.0.2+7-67) for windows-amd64 JRE (16.0.2+7-67), built on Jun  8 2021 23:24:19 by "mach5one" with MS VC++ 16.7 (VS2019)

END.
