#
# There is insufficient memory for the Java Runtime Environment to continue.
# Native memory allocation (malloc) failed to allocate 2761808 bytes for Chunk::new
# Possible reasons:
#   The system is out of physical RAM or swap space
#   The process is running with CompressedOops enabled, and the Java Heap may be blocking the growth of the native heap
# Possible solutions:
#   Reduce memory load on the system
#   Increase physical memory or swap space
#   Check if swap backing store is full
#   Decrease Java heap size (-Xmx/-Xms)
#   Decrease number of Java threads
#   Decrease Java thread stack sizes (-Xss)
#   Set larger code cache with -XX:ReservedCodeCacheSize=
#   JVM is running with Unscaled Compressed Oops mode in which the Java heap is
#     placed in the first 4GB address space. The Java Heap base address is the
#     maximum limit for the native heap growth. Please use -XX:HeapBaseMinAddress
#     to set the Java Heap base and to place the Java Heap above 4GB virtual address.
# This output file may be truncated or incomplete.
#
#  Out of Memory Error (arena.cpp:195), pid=6584, tid=16700
#
# JRE version: Java(TM) SE Runtime Environment (16.0.2+7) (build 16.0.2+7-67)
# Java VM: Java HotSpot(TM) 64-Bit Server VM (16.0.2+7-67, mixed mode, sharing, tiered, compressed oops, compressed class ptrs, g1 gc, windows-amd64)
# No core dump will be written. Minidumps are not enabled by default on client versions of Windows
#

---------------  S U M M A R Y ------------

Command Line: --add-opens=java.base/java.util=ALL-UNNAMED --add-opens=java.base/java.lang=ALL-UNNAMED --add-opens=java.base/java.lang.invoke=ALL-UNNAMED --add-opens=java.base/java.util=ALL-UNNAMED --add-opens=java.prefs/java.util.prefs=ALL-UNNAMED --add-opens=java.prefs/java.util.prefs=ALL-UNNAMED --add-opens=java.base/java.nio.charset=ALL-UNNAMED --add-opens=java.base/java.net=ALL-UNNAMED --add-opens=java.base/java.util.concurrent.atomic=ALL-UNNAMED -Xmx1024m -Dfile.encoding=UTF-8 -Duser.country=GB -Duser.language=en -Duser.variant org.gradle.launcher.daemon.bootstrap.GradleDaemon 7.0.2

Host: Intel(R) Core(TM) i5-7200U CPU @ 2.50GHz, 4 cores, 7G,  Windows 10 , 64 bit Build 19041 (10.0.19041.1151)
Time: Mon Sep  6 20:35:13 2021 Jerusalem Summer Time elapsed time: 503.387953 seconds (0d 0h 8m 23s)

---------------  T H R E A D  ---------------

Current thread (0x00000254c96b57d0):  JavaThread "C2 CompilerThread1" daemon [_thread_in_native, id=16700, stack(0x000000e708300000,0x000000e708400000)]


Current CompileTask:
C2: 503388 17902 %     4       com.android.tools.r8.internal.Le::a @ 797 (3140 bytes)

Stack: [0x000000e708300000,0x000000e708400000]
Native frames: (J=compiled Java code, j=interpreted, Vv=VM code, C=native code)
V  [jvm.dll+0x6681ca]
V  [jvm.dll+0x7c9e69]
V  [jvm.dll+0x7cb61e]
V  [jvm.dll+0x7cbc73]
V  [jvm.dll+0x242c55]
V  [jvm.dll+0xadeba]
V  [jvm.dll+0xae45c]
V  [jvm.dll+0x35a8d7]
V  [jvm.dll+0x324de1]
V  [jvm.dll+0x32428a]
V  [jvm.dll+0x215cec]
V  [jvm.dll+0x215100]
V  [jvm.dll+0x1a1beb]
V  [jvm.dll+0x225158]
V  [jvm.dll+0x22319c]
V  [jvm.dll+0x77fa62]
V  [jvm.dll+0x7795aa]
V  [jvm.dll+0x667066]
C  [ucrtbase.dll+0x21bb2]
C  [KERNEL32.DLL+0x17034]
C  [ntdll.dll+0x52651]


---------------  P R O C E S S  ---------------

Threads class SMR info:
_java_thread_list=0x00000254c184bc90, length=55, elements={
0x00000254a58ef110, 0x00000254c0ac4450, 0x00000254c0ac5120, 0x00000254c0ad18e0,
0x00000254c0ad4200, 0x00000254c0ad4b10, 0x00000254c0ad7430, 0x00000254c0ad7d40,
0x00000254c0b0d440, 0x00000254c0b22180, 0x00000254c15acaf0, 0x00000254c15b1430,
0x00000254c2fc1b00, 0x00000254c3cca030, 0x00000254c3ed2e00, 0x00000254c3fc98b0,
0x00000254c3fc9e00, 0x00000254c39fef50, 0x00000254c3a02f10, 0x00000254c3a049a0,
0x00000254c3a03f00, 0x00000254c3a05440, 0x00000254c3a05ee0, 0x00000254c3a06430,
0x00000254c3a06980, 0x00000254c3a009e0, 0x00000254c46d7590, 0x00000254c46d9020,
0x00000254c46d35d0, 0x00000254c46d7040, 0x00000254c46d8580, 0x00000254c46d5b00,
0x00000254c46d6050, 0x00000254c46d65a0, 0x00000254c46d8ad0, 0x00000254c46d9ac0,
0x00000254c96b57d0, 0x00000254c46daab0, 0x00000254c46da010, 0x00000254c39ff9f0,
0x00000254c3a04ef0, 0x00000254c3a00f30, 0x00000254c3a02470, 0x00000254c39fff40,
0x00000254c3a019d0, 0x00000254c3a04450, 0x00000254c3a05990, 0x00000254c3fca350,
0x00000254c3fca8a0, 0x00000254c3fc9360, 0x00000254cc04f520, 0x00000254cc04e530,
0x00000254cc04ea80, 0x00000254cc050a60, 0x00000254cc04efd0
}

Java Threads: ( => current thread )
  0x00000254a58ef110 JavaThread "main" [_thread_blocked, id=1048, stack(0x000000e706000000,0x000000e706100000)]
  0x00000254c0ac4450 JavaThread "Reference Handler" daemon [_thread_blocked, id=13316, stack(0x000000e706700000,0x000000e706800000)]
  0x00000254c0ac5120 JavaThread "Finalizer" daemon [_thread_blocked, id=2648, stack(0x000000e706800000,0x000000e706900000)]
  0x00000254c0ad18e0 JavaThread "Signal Dispatcher" daemon [_thread_blocked, id=9460, stack(0x000000e706900000,0x000000e706a00000)]
  0x00000254c0ad4200 JavaThread "Attach Listener" daemon [_thread_blocked, id=11044, stack(0x000000e706a00000,0x000000e706b00000)]
  0x00000254c0ad4b10 JavaThread "Service Thread" daemon [_thread_blocked, id=4000, stack(0x000000e706b00000,0x000000e706c00000)]
  0x00000254c0ad7430 JavaThread "Monitor Deflation Thread" daemon [_thread_blocked, id=15368, stack(0x000000e706c00000,0x000000e706d00000)]
  0x00000254c0ad7d40 JavaThread "C2 CompilerThread0" daemon [_thread_in_native, id=13728, stack(0x000000e706d00000,0x000000e706e00000)]
  0x00000254c0b0d440 JavaThread "C1 CompilerThread0" daemon [_thread_blocked, id=8060, stack(0x000000e706e00000,0x000000e706f00000)]
  0x00000254c0b22180 JavaThread "Sweeper thread" daemon [_thread_blocked, id=13020, stack(0x000000e706f00000,0x000000e707000000)]
  0x00000254c15acaf0 JavaThread "Common-Cleaner" daemon [_thread_blocked, id=11508, stack(0x000000e707000000,0x000000e707100000)]
  0x00000254c15b1430 JavaThread "Notification Thread" daemon [_thread_blocked, id=3896, stack(0x000000e707100000,0x000000e707200000)]
  0x00000254c2fc1b00 JavaThread "Daemon health stats" [_thread_blocked, id=11112, stack(0x000000e707700000,0x000000e707800000)]
  0x00000254c3cca030 JavaThread "Incoming local TCP Connector on port 63566" [_thread_in_native, id=4024, stack(0x000000e707800000,0x000000e707900000)]
  0x00000254c3ed2e00 JavaThread "Daemon periodic checks" [_thread_blocked, id=13908, stack(0x000000e707900000,0x000000e707a00000)]
  0x00000254c3fc98b0 JavaThread "Cache worker for file hash cache (C:\Users\halag\Documents\cs\year_project\Server_location_app\.gradle\caches\7.0.2\fileHashes)" [_thread_blocked, id=3588, stack(0x000000e707500000,0x000000e707600000)]
  0x00000254c3fc9e00 JavaThread "File lock request listener" [_thread_in_native, id=4956, stack(0x000000e708100000,0x000000e708200000)]
  0x00000254c39fef50 JavaThread "Cache worker for journal cache (C:\Users\halag\Documents\cs\year_project\Server_location_app\.gradle\caches\journal-1)" [_thread_blocked, id=5700, stack(0x000000e708200000,0x000000e708300000)]
  0x00000254c3a02f10 JavaThread "File watcher server" daemon [_thread_in_native, id=9320, stack(0x000000e708400000,0x000000e708500000)]
  0x00000254c3a049a0 JavaThread "File watcher consumer" daemon [_thread_blocked, id=15276, stack(0x000000e708500000,0x000000e708600000)]
  0x00000254c3a03f00 JavaThread "jar transforms" [_thread_blocked, id=16292, stack(0x000000e708700000,0x000000e708800000)]
  0x00000254c3a05440 JavaThread "jar transforms Thread 2" [_thread_blocked, id=9056, stack(0x000000e708800000,0x000000e708900000)]
  0x00000254c3a05ee0 JavaThread "jar transforms Thread 3" [_thread_blocked, id=8580, stack(0x000000e708900000,0x000000e708a00000)]
  0x00000254c3a06430 JavaThread "jar transforms Thread 4" [_thread_blocked, id=1496, stack(0x000000e708a00000,0x000000e708b00000)]
  0x00000254c3a06980 JavaThread "Cache worker for execution history cache (C:\Users\halag\Documents\cs\year_project\Server_location_app\.gradle\caches\7.0.2\executionHistory)" [_thread_blocked, id=13652, stack(0x000000e708f00000,0x000000e709000000)]
  0x00000254c3a009e0 JavaThread "Cache worker for file content cache (C:\Users\halag\Documents\cs\year_project\Server_location_app\.gradle\caches\7.0.2\fileContent)" [_thread_blocked, id=8188, stack(0x000000e709000000,0x000000e709100000)]
  0x00000254c46d7590 JavaThread "Memory manager" [_thread_blocked, id=14600, stack(0x000000e709800000,0x000000e709900000)]
  0x00000254c46d9020 JavaThread "pool-3-thread-1" [_thread_blocked, id=3100, stack(0x000000e709900000,0x000000e709a00000)]
  0x00000254c46d35d0 JavaThread "Daemon Thread 2" [_thread_blocked, id=11932, stack(0x000000e705e00000,0x000000e705f00000)]
  0x00000254c46d7040 JavaThread "Handler for socket connection from /127.0.0.1:63566 to /127.0.0.1:54029" [_thread_in_native, id=14304, stack(0x000000e705f00000,0x000000e706000000)]
  0x00000254c46d8580 JavaThread "Cancel handler" [_thread_blocked, id=2708, stack(0x000000e707a00000,0x000000e707b00000)]
  0x00000254c46d5b00 JavaThread "Daemon worker Thread 2" [_thread_blocked, id=3244, stack(0x000000e707c00000,0x000000e707d00000)]
  0x00000254c46d6050 JavaThread "Asynchronous log dispatcher for DefaultDaemonConnection: socket connection from /127.0.0.1:63566 to /127.0.0.1:54029" [_thread_blocked, id=12732, stack(0x000000e707d00000,0x000000e707e00000)]
  0x00000254c46d65a0 JavaThread "Stdin handler" [_thread_blocked, id=4200, stack(0x000000e707e00000,0x000000e707f00000)]
  0x00000254c46d8ad0 JavaThread "Daemon client event forwarder" [_thread_blocked, id=1108, stack(0x000000e707f00000,0x000000e708000000)]
  0x00000254c46d9ac0 JavaThread "Cache worker for file hash cache (C:\Users\halag\Documents\cs\year_project\test_app2\.gradle\7.0.2\fileHashes)" [_thread_blocked, id=16220, stack(0x000000e708000000,0x000000e708100000)]
=>0x00000254c96b57d0 JavaThread "C2 CompilerThread1" daemon [_thread_in_native, id=16700, stack(0x000000e708300000,0x000000e708400000)]
  0x00000254c46daab0 JavaThread "Cache worker for checksums cache (C:\Users\halag\Documents\cs\year_project\test_app2\.gradle\checksums)" [_thread_blocked, id=14688, stack(0x000000e708600000,0x000000e708700000)]
  0x00000254c46da010 JavaThread "Cache worker for cache directory md-supplier (C:\Users\halag\Documents\cs\year_project\Server_location_app\.gradle\caches\7.0.2\md-supplier)" [_thread_blocked, id=10208, stack(0x000000e708b00000,0x000000e708c00000)]
  0x00000254c39ff9f0 JavaThread "Cache worker for cache directory md-rule (C:\Users\halag\Documents\cs\year_project\Server_location_app\.gradle\caches\7.0.2\md-rule)" [_thread_blocked, id=16724, stack(0x000000e708c00000,0x000000e708d00000)]
  0x00000254c3a04ef0 JavaThread "Cache worker for dependencies-accessors (C:\Users\halag\Documents\cs\year_project\test_app2\.gradle\7.0.2\dependencies-accessors)" [_thread_blocked, id=16348, stack(0x000000e708d00000,0x000000e708e00000)]
  0x00000254c3a00f30 JavaThread "Cache worker for Build Output Cleanup Cache (C:\Users\halag\Documents\cs\year_project\test_app2\.gradle\buildOutputCleanup)" [_thread_blocked, id=15028, stack(0x000000e709200000,0x000000e709300000)]
  0x00000254c3a02470 JavaThread "Build operations" [_thread_in_Java, id=11300, stack(0x000000e709300000,0x000000e709400000)]
  0x00000254c39fff40 JavaThread "Build operations Thread 2" [_thread_blocked, id=11872, stack(0x000000e709400000,0x000000e709500000)]
  0x00000254c3a019d0 JavaThread "Build operations Thread 3" [_thread_blocked, id=2964, stack(0x000000e709500000,0x000000e709600000)]
  0x00000254c3a04450 JavaThread "Build operations Thread 4" [_thread_blocked, id=2412, stack(0x000000e709600000,0x000000e709700000)]
  0x00000254c3a05990 JavaThread "build event listener" [_thread_blocked, id=11208, stack(0x000000e709700000,0x000000e709800000)]
  0x00000254c3fca350 JavaThread "pool-6-thread-1" [_thread_blocked, id=7688, stack(0x000000e709a00000,0x000000e709b00000)]
  0x00000254c3fca8a0 JavaThread "build event listener" [_thread_blocked, id=10280, stack(0x000000e709b00000,0x000000e709c00000)]
  0x00000254c3fc9360 JavaThread "Execution worker for ':'" [_thread_blocked, id=2924, stack(0x000000e709c00000,0x000000e709d00000)]
  0x00000254cc04f520 JavaThread "Execution worker for ':' Thread 2" [_thread_blocked, id=16880, stack(0x000000e709d00000,0x000000e709e00000)]
  0x00000254cc04e530 JavaThread "Execution worker for ':' Thread 3" [_thread_blocked, id=11436, stack(0x000000e709e00000,0x000000e709f00000)]
  0x00000254cc04ea80 JavaThread "Cache worker for execution history cache (C:\Users\halag\Documents\cs\year_project\test_app2\.gradle\7.0.2\executionHistory)" [_thread_blocked, id=16808, stack(0x000000e709f00000,0x000000e70a000000)]
  0x00000254cc050a60 JavaThread "Cache worker for Java compile cache (C:\Users\halag\Documents\cs\year_project\Server_location_app\.gradle\caches\7.0.2\javaCompile)" [_thread_blocked, id=2936, stack(0x000000e70a000000,0x000000e70a100000)]
  0x00000254cc04efd0 JavaThread "Cache worker for Java compile cache (C:\Users\halag\Documents\cs\year_project\test_app2\.gradle\7.0.2\javaCompile)" [_thread_blocked, id=13684, stack(0x000000e70a100000,0x000000e70a200000)]

Other Threads:
  0x00000254a59ce850 VMThread "VM Thread" [stack: 0x000000e706600000,0x000000e706700000] [id=15336]
  0x00000254c15b3d70 WatcherThread [stack: 0x000000e707200000,0x000000e707300000] [id=14384]
  0x00000254a591b800 GCTaskThread "GC Thread#0" [stack: 0x000000e706100000,0x000000e706200000] [id=2968]
  0x00000254c17476f0 GCTaskThread "GC Thread#1" [stack: 0x000000e707300000,0x000000e707400000] [id=10396]
  0x00000254c17f63d0 GCTaskThread "GC Thread#2" [stack: 0x000000e707400000,0x000000e707500000] [id=2744]
  0x00000254c213e3d0 GCTaskThread "GC Thread#3" [stack: 0x000000e707600000,0x000000e707700000] [id=8492]
  0x00000254a5924750 ConcurrentGCThread "G1 Main Marker" [stack: 0x000000e706200000,0x000000e706300000] [id=8040]
  0x00000254a5925870 ConcurrentGCThread "G1 Conc#0" [stack: 0x000000e706300000,0x000000e706400000] [id=11004]
  0x00000254a59a3b80 ConcurrentGCThread "G1 Refine#0" [stack: 0x000000e706400000,0x000000e706500000] [id=10644]
  0x00000254c3426380 ConcurrentGCThread "G1 Refine#1" [stack: 0x000000e708e00000,0x000000e708f00000] [id=9600]
  0x00000254c3425340 ConcurrentGCThread "G1 Refine#2" [stack: 0x000000e709100000,0x000000e709200000] [id=1364]
  0x00000254a59a4510 ConcurrentGCThread "G1 Service" [stack: 0x000000e706500000,0x000000e706600000] [id=9772]

Threads with active compile tasks:
C2 CompilerThread0   503433 17926       4       com.android.tools.r8.internal.k2::remove (246 bytes)
C2 CompilerThread1   503433 17902 %     4       com.android.tools.r8.internal.Le::a @ 797 (3140 bytes)

VM state: not at safepoint (normal execution)

VM Mutex/Monitor currently owned by a thread: None

Heap address: 0x00000000c0000000, size: 1024 MB, Compressed Oops mode: 32-bit

CDS archive(s) mapped at: [0x0000000800000000-0x0000000800bb0000-0x0000000800bb0000), size 12255232, SharedBaseAddress: 0x0000000800000000, ArchiveRelocationMode: 0.
Compressed class space mapped at: 0x0000000800c00000-0x0000000840c00000, reserved size: 1073741824
Narrow klass base: 0x0000000800000000, Narrow klass shift: 3, Narrow klass range: 0x100000000

GC Precious Log:
 CPUs: 4 total, 4 available
 Memory: 8089M
 Large Page Support: Disabled
 NUMA Support: Disabled
 Compressed Oops: Enabled (32-bit)
 Heap Region Size: 1M
 Heap Min Capacity: 8M
 Heap Initial Capacity: 128M
 Heap Max Capacity: 1G
 Pre-touch: Disabled
 Parallel Workers: 4
 Concurrent Workers: 1
 Concurrent Refinement Workers: 4
 Periodic GC: Disabled

Heap:
 garbage-first heap   total 271360K, used 195400K [0x00000000c0000000, 0x0000000100000000)
  region size 1024K, 77 young (78848K), 2 survivors (2048K)
 Metaspace       used 108707K, committed 109632K, reserved 1146880K
  class space    used 14080K, committed 14528K, reserved 1048576K

Heap Regions: E=young(eden), S=young(survivor), O=old, HS=humongous(starts), HC=humongous(continues), CS=collection set, F=free, OA=open archive, CA=closed archive, TAMS=top-at-mark-start (previous, next)
|   0|0x00000000c0000000, 0x00000000c0100000, 0x00000000c0100000|100%|HS|  |TAMS 0x00000000c0100000, 0x00000000c0000000| Complete 
|   1|0x00000000c0100000, 0x00000000c0200000, 0x00000000c0200000|100%|HC|  |TAMS 0x00000000c0200000, 0x00000000c0100000| Complete 
|   2|0x00000000c0200000, 0x00000000c0300000, 0x00000000c0300000|100%|HC|  |TAMS 0x00000000c0300000, 0x00000000c0200000| Complete 
|   3|0x00000000c0300000, 0x00000000c0400000, 0x00000000c0400000|100%| O|  |TAMS 0x00000000c0400000, 0x00000000c0300000| Untracked 
|   4|0x00000000c0400000, 0x00000000c0500000, 0x00000000c0500000|100%| O|  |TAMS 0x00000000c0500000, 0x00000000c0400000| Untracked 
|   5|0x00000000c0500000, 0x00000000c0600000, 0x00000000c0600000|100%| O|  |TAMS 0x00000000c0600000, 0x00000000c0500000| Untracked 
|   6|0x00000000c0600000, 0x00000000c0700000, 0x00000000c0700000|100%| O|  |TAMS 0x00000000c0700000, 0x00000000c0600000| Untracked 
|   7|0x00000000c0700000, 0x00000000c0800000, 0x00000000c0800000|100%| O|  |TAMS 0x00000000c0800000, 0x00000000c0700000| Untracked 
|   8|0x00000000c0800000, 0x00000000c0900000, 0x00000000c0900000|100%| O|  |TAMS 0x00000000c0900000, 0x00000000c0800000| Untracked 
|   9|0x00000000c0900000, 0x00000000c0a00000, 0x00000000c0a00000|100%| O|  |TAMS 0x00000000c0a00000, 0x00000000c0900000| Untracked 
|  10|0x00000000c0a00000, 0x00000000c0b00000, 0x00000000c0b00000|100%|HS|  |TAMS 0x00000000c0b00000, 0x00000000c0a00000| Complete 
|  11|0x00000000c0b00000, 0x00000000c0c00000, 0x00000000c0c00000|100%|HC|  |TAMS 0x00000000c0c00000, 0x00000000c0b00000| Complete 
|  12|0x00000000c0c00000, 0x00000000c0d00000, 0x00000000c0d00000|100%|HS|  |TAMS 0x00000000c0d00000, 0x00000000c0c00000| Complete 
|  13|0x00000000c0d00000, 0x00000000c0e00000, 0x00000000c0e00000|100%|HC|  |TAMS 0x00000000c0e00000, 0x00000000c0d00000| Complete 
|  14|0x00000000c0e00000, 0x00000000c0f00000, 0x00000000c0f00000|100%|HC|  |TAMS 0x00000000c0f00000, 0x00000000c0e00000| Complete 
|  15|0x00000000c0f00000, 0x00000000c1000000, 0x00000000c1000000|100%|HS|  |TAMS 0x00000000c1000000, 0x00000000c0f00000| Complete 
|  16|0x00000000c1000000, 0x00000000c1100000, 0x00000000c1100000|100%|HC|  |TAMS 0x00000000c1100000, 0x00000000c1000000| Complete 
|  17|0x00000000c1100000, 0x00000000c1200000, 0x00000000c1200000|100%|HC|  |TAMS 0x00000000c1200000, 0x00000000c1100000| Complete 
|  18|0x00000000c1200000, 0x00000000c1300000, 0x00000000c1300000|100%|HC|  |TAMS 0x00000000c1300000, 0x00000000c1200000| Complete 
|  19|0x00000000c1300000, 0x00000000c1400000, 0x00000000c1400000|100%|HC|  |TAMS 0x00000000c1400000, 0x00000000c1300000| Complete 
|  20|0x00000000c1400000, 0x00000000c1500000, 0x00000000c1500000|100%| O|  |TAMS 0x00000000c1500000, 0x00000000c1400000| Untracked 
|  21|0x00000000c1500000, 0x00000000c1500000, 0x00000000c1600000|  0%| F|  |TAMS 0x00000000c1500000, 0x00000000c1500000| Untracked 
|  22|0x00000000c1600000, 0x00000000c1700000, 0x00000000c1700000|100%| O|  |TAMS 0x00000000c1700000, 0x00000000c1600000| Untracked 
|  23|0x00000000c1700000, 0x00000000c1800000, 0x00000000c1800000|100%| O|  |TAMS 0x00000000c1800000, 0x00000000c1700000| Untracked 
|  24|0x00000000c1800000, 0x00000000c1900000, 0x00000000c1900000|100%| O|  |TAMS 0x00000000c1900000, 0x00000000c1800000| Untracked 
|  25|0x00000000c1900000, 0x00000000c1a00000, 0x00000000c1a00000|100%| O|  |TAMS 0x00000000c1a00000, 0x00000000c1900000| Untracked 
|  26|0x00000000c1a00000, 0x00000000c1b00000, 0x00000000c1b00000|100%| O|  |TAMS 0x00000000c1b00000, 0x00000000c1a00000| Untracked 
|  27|0x00000000c1b00000, 0x00000000c1b00000, 0x00000000c1c00000|  0%| F|  |TAMS 0x00000000c1b00000, 0x00000000c1b00000| Untracked 
|  28|0x00000000c1c00000, 0x00000000c1d00000, 0x00000000c1d00000|100%|HS|  |TAMS 0x00000000c1d00000, 0x00000000c1c00000| Complete 
|  29|0x00000000c1d00000, 0x00000000c1e00000, 0x00000000c1e00000|100%|HC|  |TAMS 0x00000000c1e00000, 0x00000000c1d00000| Complete 
|  30|0x00000000c1e00000, 0x00000000c1f00000, 0x00000000c1f00000|100%|HC|  |TAMS 0x00000000c1f00000, 0x00000000c1e00000| Complete 
|  31|0x00000000c1f00000, 0x00000000c1f00000, 0x00000000c2000000|  0%| F|  |TAMS 0x00000000c1f00000, 0x00000000c1f00000| Untracked 
|  32|0x00000000c2000000, 0x00000000c2000000, 0x00000000c2100000|  0%| F|  |TAMS 0x00000000c2000000, 0x00000000c2000000| Untracked 
|  33|0x00000000c2100000, 0x00000000c2200000, 0x00000000c2200000|100%|HS|  |TAMS 0x00000000c2200000, 0x00000000c2100000| Complete 
|  34|0x00000000c2200000, 0x00000000c2300000, 0x00000000c2300000|100%|HC|  |TAMS 0x00000000c2300000, 0x00000000c2200000| Complete 
|  35|0x00000000c2300000, 0x00000000c2400000, 0x00000000c2400000|100%|HC|  |TAMS 0x00000000c2400000, 0x00000000c2300000| Complete 
|  36|0x00000000c2400000, 0x00000000c2500000, 0x00000000c2500000|100%|HC|  |TAMS 0x00000000c2500000, 0x00000000c2400000| Complete 
|  37|0x00000000c2500000, 0x00000000c2600000, 0x00000000c2600000|100%|HC|  |TAMS 0x00000000c2600000, 0x00000000c2500000| Complete 
|  38|0x00000000c2600000, 0x00000000c2700000, 0x00000000c2700000|100%| O|  |TAMS 0x00000000c2700000, 0x00000000c2600000| Untracked 
|  39|0x00000000c2700000, 0x00000000c2800000, 0x00000000c2800000|100%| O|  |TAMS 0x00000000c2800000, 0x00000000c2700000| Untracked 
|  40|0x00000000c2800000, 0x00000000c2900000, 0x00000000c2900000|100%| O|  |TAMS 0x00000000c2900000, 0x00000000c2800000| Untracked 
|  41|0x00000000c2900000, 0x00000000c2900000, 0x00000000c2a00000|  0%| F|  |TAMS 0x00000000c2900000, 0x00000000c2900000| Untracked 
|  42|0x00000000c2a00000, 0x00000000c2b00000, 0x00000000c2b00000|100%| O|  |TAMS 0x00000000c2b00000, 0x00000000c2a00000| Untracked 
|  43|0x00000000c2b00000, 0x00000000c2c00000, 0x00000000c2c00000|100%| O|  |TAMS 0x00000000c2c00000, 0x00000000c2b00000| Untracked 
|  44|0x00000000c2c00000, 0x00000000c2d00000, 0x00000000c2d00000|100%| O|  |TAMS 0x00000000c2d00000, 0x00000000c2c00000| Untracked 
|  45|0x00000000c2d00000, 0x00000000c2d00000, 0x00000000c2e00000|  0%| F|  |TAMS 0x00000000c2d00000, 0x00000000c2d00000| Untracked 
|  46|0x00000000c2e00000, 0x00000000c2f00000, 0x00000000c2f00000|100%|HS|  |TAMS 0x00000000c2f00000, 0x00000000c2e00000| Complete 
|  47|0x00000000c2f00000, 0x00000000c3000000, 0x00000000c3000000|100%|HS|  |TAMS 0x00000000c3000000, 0x00000000c2f00000| Complete 
|  48|0x00000000c3000000, 0x00000000c3100000, 0x00000000c3100000|100%| O|  |TAMS 0x00000000c3100000, 0x00000000c3000000| Untracked 
|  49|0x00000000c3100000, 0x00000000c3200000, 0x00000000c3200000|100%| O|  |TAMS 0x00000000c3200000, 0x00000000c3100000| Untracked 
|  50|0x00000000c3200000, 0x00000000c3300000, 0x00000000c3300000|100%| O|  |TAMS 0x00000000c3300000, 0x00000000c3200000| Untracked 
|  51|0x00000000c3300000, 0x00000000c3400000, 0x00000000c3400000|100%| O|  |TAMS 0x00000000c3400000, 0x00000000c3300000| Untracked 
|  52|0x00000000c3400000, 0x00000000c3500000, 0x00000000c3500000|100%| O|  |TAMS 0x00000000c3500000, 0x00000000c3400000| Untracked 
|  53|0x00000000c3500000, 0x00000000c3600000, 0x00000000c3600000|100%| O|  |TAMS 0x00000000c3600000, 0x00000000c3500000| Untracked 
|  54|0x00000000c3600000, 0x00000000c3700000, 0x00000000c3700000|100%| O|  |TAMS 0x00000000c3700000, 0x00000000c3600000| Untracked 
|  55|0x00000000c3700000, 0x00000000c3800000, 0x00000000c3800000|100%| O|  |TAMS 0x00000000c3800000, 0x00000000c3700000| Untracked 
|  56|0x00000000c3800000, 0x00000000c3800000, 0x00000000c3900000|  0%| F|  |TAMS 0x00000000c3800000, 0x00000000c3800000| Untracked 
|  57|0x00000000c3900000, 0x00000000c3a00000, 0x00000000c3a00000|100%|HS|  |TAMS 0x00000000c3a00000, 0x00000000c3900000| Complete 
|  58|0x00000000c3a00000, 0x00000000c3b00000, 0x00000000c3b00000|100%|HC|  |TAMS 0x00000000c3b00000, 0x00000000c3a00000| Complete 
|  59|0x00000000c3b00000, 0x00000000c3c00000, 0x00000000c3c00000|100%| O|  |TAMS 0x00000000c3c00000, 0x00000000c3b00000| Untracked 
|  60|0x00000000c3c00000, 0x00000000c3c00000, 0x00000000c3d00000|  0%| F|  |TAMS 0x00000000c3c00000, 0x00000000c3c00000| Untracked 
|  61|0x00000000c3d00000, 0x00000000c3d00000, 0x00000000c3e00000|  0%| F|  |TAMS 0x00000000c3d00000, 0x00000000c3d00000| Untracked 
|  62|0x00000000c3e00000, 0x00000000c3f00000, 0x00000000c3f00000|100%| O|  |TAMS 0x00000000c3f00000, 0x00000000c3e00000| Untracked 
|  63|0x00000000c3f00000, 0x00000000c4000000, 0x00000000c4000000|100%| O|  |TAMS 0x00000000c4000000, 0x00000000c3f00000| Untracked 
|  64|0x00000000c4000000, 0x00000000c4100000, 0x00000000c4100000|100%| O|  |TAMS 0x00000000c4100000, 0x00000000c4000000| Untracked 
|  65|0x00000000c4100000, 0x00000000c4200000, 0x00000000c4200000|100%| O|  |TAMS 0x00000000c4200000, 0x00000000c4100000| Untracked 
|  66|0x00000000c4200000, 0x00000000c4300000, 0x00000000c4300000|100%| O|  |TAMS 0x00000000c4300000, 0x00000000c4200000| Untracked 
|  67|0x00000000c4300000, 0x00000000c4300000, 0x00000000c4400000|  0%| F|  |TAMS 0x00000000c4300000, 0x00000000c4300000| Untracked 
|  68|0x00000000c4400000, 0x00000000c4500000, 0x00000000c4500000|100%| O|  |TAMS 0x00000000c4500000, 0x00000000c4400000| Untracked 
|  69|0x00000000c4500000, 0x00000000c4600000, 0x00000000c4600000|100%| O|  |TAMS 0x00000000c4600000, 0x00000000c4500000| Untracked 
|  70|0x00000000c4600000, 0x00000000c4700000, 0x00000000c4700000|100%| O|  |TAMS 0x00000000c4700000, 0x00000000c4600000| Untracked 
|  71|0x00000000c4700000, 0x00000000c4700000, 0x00000000c4800000|  0%| F|  |TAMS 0x00000000c4700000, 0x00000000c4700000| Untracked 
|  72|0x00000000c4800000, 0x00000000c4900000, 0x00000000c4900000|100%| O|  |TAMS 0x00000000c4900000, 0x00000000c4800000| Untracked 
|  73|0x00000000c4900000, 0x00000000c4900000, 0x00000000c4a00000|  0%| F|  |TAMS 0x00000000c4900000, 0x00000000c4900000| Untracked 
|  74|0x00000000c4a00000, 0x00000000c4a00000, 0x00000000c4b00000|  0%| F|  |TAMS 0x00000000c4a00000, 0x00000000c4a00000| Untracked 
|  75|0x00000000c4b00000, 0x00000000c4c00000, 0x00000000c4c00000|100%| O|  |TAMS 0x00000000c4c00000, 0x00000000c4b00000| Untracked 
|  76|0x00000000c4c00000, 0x00000000c4c00000, 0x00000000c4d00000|  0%| F|  |TAMS 0x00000000c4c00000, 0x00000000c4c00000| Untracked 
|  77|0x00000000c4d00000, 0x00000000c4d00000, 0x00000000c4e00000|  0%| F|  |TAMS 0x00000000c4d00000, 0x00000000c4d00000| Untracked 
|  78|0x00000000c4e00000, 0x00000000c4e00000, 0x00000000c4f00000|  0%| F|  |TAMS 0x00000000c4e00000, 0x00000000c4e00000| Untracked 
|  79|0x00000000c4f00000, 0x00000000c5000000, 0x00000000c5000000|100%| O|  |TAMS 0x00000000c5000000, 0x00000000c4f00000| Untracked 
|  80|0x00000000c5000000, 0x00000000c5100000, 0x00000000c5100000|100%| O|  |TAMS 0x00000000c5100000, 0x00000000c5000000| Untracked 
|  81|0x00000000c5100000, 0x00000000c5200000, 0x00000000c5200000|100%| O|  |TAMS 0x00000000c5200000, 0x00000000c5100000| Untracked 
|  82|0x00000000c5200000, 0x00000000c5200000, 0x00000000c5300000|  0%| F|  |TAMS 0x00000000c5200000, 0x00000000c5200000| Untracked 
|  83|0x00000000c5300000, 0x00000000c5300000, 0x00000000c5400000|  0%| F|  |TAMS 0x00000000c5300000, 0x00000000c5300000| Untracked 
|  84|0x00000000c5400000, 0x00000000c5500000, 0x00000000c5500000|100%| O|  |TAMS 0x00000000c5500000, 0x00000000c5400000| Untracked 
|  85|0x00000000c5500000, 0x00000000c5600000, 0x00000000c5600000|100%| O|  |TAMS 0x00000000c5600000, 0x00000000c5500000| Untracked 
|  86|0x00000000c5600000, 0x00000000c5700000, 0x00000000c5700000|100%| O|  |TAMS 0x00000000c5700000, 0x00000000c5600000| Untracked 
|  87|0x00000000c5700000, 0x00000000c5800000, 0x00000000c5800000|100%| O|  |TAMS 0x00000000c5800000, 0x00000000c5700000| Untracked 
|  88|0x00000000c5800000, 0x00000000c5800000, 0x00000000c5900000|  0%| F|  |TAMS 0x00000000c5800000, 0x00000000c5800000| Untracked 
|  89|0x00000000c5900000, 0x00000000c5900000, 0x00000000c5a00000|  0%| F|  |TAMS 0x00000000c5900000, 0x00000000c5900000| Untracked 
|  90|0x00000000c5a00000, 0x00000000c5a00000, 0x00000000c5b00000|  0%| F|  |TAMS 0x00000000c5a00000, 0x00000000c5a00000| Untracked 
|  91|0x00000000c5b00000, 0x00000000c5c00000, 0x00000000c5c00000|100%| O|  |TAMS 0x00000000c5c00000, 0x00000000c5b00000| Untracked 
|  92|0x00000000c5c00000, 0x00000000c5c00000, 0x00000000c5d00000|  0%| F|  |TAMS 0x00000000c5c00000, 0x00000000c5c00000| Untracked 
|  93|0x00000000c5d00000, 0x00000000c5e00000, 0x00000000c5e00000|100%| O|  |TAMS 0x00000000c5d00000, 0x00000000c5d00000| Untracked 
|  94|0x00000000c5e00000, 0x00000000c5f00000, 0x00000000c5f00000|100%| O|  |TAMS 0x00000000c5e00000, 0x00000000c5e00000| Untracked 
|  95|0x00000000c5f00000, 0x00000000c6000000, 0x00000000c6000000|100%| O|  |TAMS 0x00000000c6000000, 0x00000000c5f00000| Untracked 
|  96|0x00000000c6000000, 0x00000000c6100000, 0x00000000c6100000|100%| O|  |TAMS 0x00000000c6000000, 0x00000000c6000000| Untracked 
|  97|0x00000000c6100000, 0x00000000c6100000, 0x00000000c6200000|  0%| F|  |TAMS 0x00000000c6100000, 0x00000000c6100000| Untracked 
|  98|0x00000000c6200000, 0x00000000c6300000, 0x00000000c6300000|100%| O|  |TAMS 0x00000000c6300000, 0x00000000c6200000| Untracked 
|  99|0x00000000c6300000, 0x00000000c6400000, 0x00000000c6400000|100%| O|  |TAMS 0x00000000c6400000, 0x00000000c6300000| Untracked 
| 100|0x00000000c6400000, 0x00000000c6500000, 0x00000000c6500000|100%| O|  |TAMS 0x00000000c6500000, 0x00000000c6400000| Untracked 
| 101|0x00000000c6500000, 0x00000000c6600000, 0x00000000c6600000|100%| O|  |TAMS 0x00000000c6600000, 0x00000000c6500000| Untracked 
| 102|0x00000000c6600000, 0x00000000c6700000, 0x00000000c6700000|100%| O|  |TAMS 0x00000000c6700000, 0x00000000c6600000| Untracked 
| 103|0x00000000c6700000, 0x00000000c6800000, 0x00000000c6800000|100%| O|  |TAMS 0x00000000c6800000, 0x00000000c6700000| Untracked 
| 104|0x00000000c6800000, 0x00000000c6800000, 0x00000000c6900000|  0%| F|  |TAMS 0x00000000c6800000, 0x00000000c6800000| Untracked 
| 105|0x00000000c6900000, 0x00000000c6a00000, 0x00000000c6a00000|100%| O|  |TAMS 0x00000000c6a00000, 0x00000000c6900000| Untracked 
| 106|0x00000000c6a00000, 0x00000000c6b00000, 0x00000000c6b00000|100%| O|  |TAMS 0x00000000c6b00000, 0x00000000c6a00000| Untracked 
| 107|0x00000000c6b00000, 0x00000000c6c00000, 0x00000000c6c00000|100%| O|  |TAMS 0x00000000c6c00000, 0x00000000c6b00000| Untracked 
| 108|0x00000000c6c00000, 0x00000000c6c00000, 0x00000000c6d00000|  0%| F|  |TAMS 0x00000000c6c00000, 0x00000000c6c00000| Untracked 
| 109|0x00000000c6d00000, 0x00000000c6d00000, 0x00000000c6e00000|  0%| F|  |TAMS 0x00000000c6d00000, 0x00000000c6d00000| Untracked 
| 110|0x00000000c6e00000, 0x00000000c6f00000, 0x00000000c6f00000|100%| O|  |TAMS 0x00000000c6f00000, 0x00000000c6e00000| Untracked 
| 111|0x00000000c6f00000, 0x00000000c7000000, 0x00000000c7000000|100%| O|  |TAMS 0x00000000c7000000, 0x00000000c6f00000| Untracked 
| 112|0x00000000c7000000, 0x00000000c7100000, 0x00000000c7100000|100%| O|  |TAMS 0x00000000c7100000, 0x00000000c7000000| Untracked 
| 113|0x00000000c7100000, 0x00000000c7200000, 0x00000000c7200000|100%| O|  |TAMS 0x00000000c7200000, 0x00000000c7100000| Untracked 
| 114|0x00000000c7200000, 0x00000000c7300000, 0x00000000c7300000|100%| O|  |TAMS 0x00000000c7300000, 0x00000000c7200000| Untracked 
| 115|0x00000000c7300000, 0x00000000c7400000, 0x00000000c7400000|100%| O|  |TAMS 0x00000000c7400000, 0x00000000c7300000| Untracked 
| 116|0x00000000c7400000, 0x00000000c7500000, 0x00000000c7500000|100%| O|  |TAMS 0x00000000c7500000, 0x00000000c7400000| Untracked 
| 117|0x00000000c7500000, 0x00000000c7600000, 0x00000000c7600000|100%| O|  |TAMS 0x00000000c7600000, 0x00000000c7500000| Untracked 
| 118|0x00000000c7600000, 0x00000000c7700000, 0x00000000c7700000|100%| O|  |TAMS 0x00000000c7700000, 0x00000000c7600000| Untracked 
| 119|0x00000000c7700000, 0x00000000c7800000, 0x00000000c7800000|100%| O|  |TAMS 0x00000000c7800000, 0x00000000c7700000| Untracked 
| 120|0x00000000c7800000, 0x00000000c7900000, 0x00000000c7900000|100%| O|  |TAMS 0x00000000c7900000, 0x00000000c7800000| Untracked 
| 121|0x00000000c7900000, 0x00000000c7a00000, 0x00000000c7a00000|100%| O|  |TAMS 0x00000000c7a00000, 0x00000000c7900000| Untracked 
| 122|0x00000000c7a00000, 0x00000000c7b00000, 0x00000000c7b00000|100%| O|  |TAMS 0x00000000c7b00000, 0x00000000c7a00000| Untracked 
| 123|0x00000000c7b00000, 0x00000000c7b00000, 0x00000000c7c00000|  0%| F|  |TAMS 0x00000000c7b00000, 0x00000000c7b00000| Untracked 
| 124|0x00000000c7c00000, 0x00000000c7d00000, 0x00000000c7d00000|100%| O|  |TAMS 0x00000000c7c00000, 0x00000000c7c00000| Untracked 
| 125|0x00000000c7d00000, 0x00000000c7e00000, 0x00000000c7e00000|100%| O|  |TAMS 0x00000000c7d00000, 0x00000000c7d00000| Untracked 
| 126|0x00000000c7e00000, 0x00000000c7f00000, 0x00000000c7f00000|100%| O|  |TAMS 0x00000000c7e00000, 0x00000000c7e00000| Untracked 
| 127|0x00000000c7f00000, 0x00000000c8000000, 0x00000000c8000000|100%| O|  |TAMS 0x00000000c7f00000, 0x00000000c7f00000| Untracked 
| 128|0x00000000c8000000, 0x00000000c8100000, 0x00000000c8100000|100%| O|  |TAMS 0x00000000c8000000, 0x00000000c8000000| Untracked 
| 129|0x00000000c8100000, 0x00000000c8200000, 0x00000000c8200000|100%| O|  |TAMS 0x00000000c8100000, 0x00000000c8100000| Untracked 
| 130|0x00000000c8200000, 0x00000000c8300000, 0x00000000c8300000|100%| O|  |TAMS 0x00000000c8200000, 0x00000000c8200000| Untracked 
| 131|0x00000000c8300000, 0x00000000c8400000, 0x00000000c8400000|100%| O|  |TAMS 0x00000000c8300000, 0x00000000c8300000| Untracked 
| 132|0x00000000c8400000, 0x00000000c8500000, 0x00000000c8500000|100%| O|  |TAMS 0x00000000c8400000, 0x00000000c8400000| Untracked 
| 133|0x00000000c8500000, 0x00000000c8600000, 0x00000000c8600000|100%| O|  |TAMS 0x00000000c8500000, 0x00000000c8500000| Untracked 
| 134|0x00000000c8600000, 0x00000000c8700000, 0x00000000c8700000|100%| O|  |TAMS 0x00000000c8600000, 0x00000000c8600000| Untracked 
| 135|0x00000000c8700000, 0x00000000c8800000, 0x00000000c8800000|100%| O|  |TAMS 0x00000000c8700000, 0x00000000c8700000| Untracked 
| 136|0x00000000c8800000, 0x00000000c8900000, 0x00000000c8900000|100%| O|  |TAMS 0x00000000c8800000, 0x00000000c8800000| Untracked 
| 137|0x00000000c8900000, 0x00000000c8a00000, 0x00000000c8a00000|100%| O|  |TAMS 0x00000000c8900000, 0x00000000c8900000| Untracked 
| 138|0x00000000c8a00000, 0x00000000c8b00000, 0x00000000c8b00000|100%| O|  |TAMS 0x00000000c8a00000, 0x00000000c8a00000| Untracked 
| 139|0x00000000c8b00000, 0x00000000c8c00000, 0x00000000c8c00000|100%| O|  |TAMS 0x00000000c8b00000, 0x00000000c8b00000| Untracked 
| 140|0x00000000c8c00000, 0x00000000c8d00000, 0x00000000c8d00000|100%| O|  |TAMS 0x00000000c8c00000, 0x00000000c8c00000| Untracked 
| 141|0x00000000c8d00000, 0x00000000c8e00000, 0x00000000c8e00000|100%| O|  |TAMS 0x00000000c8d00000, 0x00000000c8d00000| Untracked 
| 142|0x00000000c8e00000, 0x00000000c8ec4800, 0x00000000c8f00000| 76%| O|  |TAMS 0x00000000c8e00000, 0x00000000c8e00000| Untracked 
| 143|0x00000000c8f00000, 0x00000000c8f00000, 0x00000000c9000000|  0%| F|  |TAMS 0x00000000c8f00000, 0x00000000c8f00000| Untracked 
| 144|0x00000000c9000000, 0x00000000c9000000, 0x00000000c9100000|  0%| F|  |TAMS 0x00000000c9000000, 0x00000000c9000000| Untracked 
| 145|0x00000000c9100000, 0x00000000c9100000, 0x00000000c9200000|  0%| F|  |TAMS 0x00000000c9100000, 0x00000000c9100000| Untracked 
| 146|0x00000000c9200000, 0x00000000c9200000, 0x00000000c9300000|  0%| F|  |TAMS 0x00000000c9200000, 0x00000000c9200000| Untracked 
| 147|0x00000000c9300000, 0x00000000c9300000, 0x00000000c9400000|  0%| F|  |TAMS 0x00000000c9300000, 0x00000000c9300000| Untracked 
| 148|0x00000000c9400000, 0x00000000c9400000, 0x00000000c9500000|  0%| F|  |TAMS 0x00000000c9400000, 0x00000000c9400000| Untracked 
| 149|0x00000000c9500000, 0x00000000c9500000, 0x00000000c9600000|  0%| F|  |TAMS 0x00000000c9500000, 0x00000000c9500000| Untracked 
| 150|0x00000000c9600000, 0x00000000c960d838, 0x00000000c9700000|  5%| S|CS|TAMS 0x00000000c9600000, 0x00000000c9600000| Complete 
| 151|0x00000000c9700000, 0x00000000c9800000, 0x00000000c9800000|100%| S|CS|TAMS 0x00000000c9700000, 0x00000000c9700000| Complete 
| 152|0x00000000c9800000, 0x00000000c9800000, 0x00000000c9900000|  0%| F|  |TAMS 0x00000000c9800000, 0x00000000c9800000| Untracked 
| 153|0x00000000c9900000, 0x00000000c9900000, 0x00000000c9a00000|  0%| F|  |TAMS 0x00000000c9900000, 0x00000000c9900000| Untracked 
| 154|0x00000000c9a00000, 0x00000000c9a00000, 0x00000000c9b00000|  0%| F|  |TAMS 0x00000000c9a00000, 0x00000000c9a00000| Untracked 
| 155|0x00000000c9b00000, 0x00000000c9b00000, 0x00000000c9c00000|  0%| F|  |TAMS 0x00000000c9b00000, 0x00000000c9b00000| Untracked 
| 156|0x00000000c9c00000, 0x00000000c9c00000, 0x00000000c9d00000|  0%| F|  |TAMS 0x00000000c9c00000, 0x00000000c9c00000| Untracked 
| 157|0x00000000c9d00000, 0x00000000c9d00000, 0x00000000c9e00000|  0%| F|  |TAMS 0x00000000c9d00000, 0x00000000c9d00000| Untracked 
| 158|0x00000000c9e00000, 0x00000000c9e00000, 0x00000000c9f00000|  0%| F|  |TAMS 0x00000000c9e00000, 0x00000000c9e00000| Untracked 
| 159|0x00000000c9f00000, 0x00000000c9f00000, 0x00000000ca000000|  0%| F|  |TAMS 0x00000000c9f00000, 0x00000000c9f00000| Untracked 
| 160|0x00000000ca000000, 0x00000000ca000000, 0x00000000ca100000|  0%| F|  |TAMS 0x00000000ca000000, 0x00000000ca000000| Untracked 
| 161|0x00000000ca100000, 0x00000000ca100000, 0x00000000ca200000|  0%| F|  |TAMS 0x00000000ca100000, 0x00000000ca100000| Untracked 
| 162|0x00000000ca200000, 0x00000000ca200000, 0x00000000ca300000|  0%| F|  |TAMS 0x00000000ca200000, 0x00000000ca200000| Untracked 
| 163|0x00000000ca300000, 0x00000000ca300000, 0x00000000ca400000|  0%| F|  |TAMS 0x00000000ca300000, 0x00000000ca300000| Untracked 
| 164|0x00000000ca400000, 0x00000000ca400000, 0x00000000ca500000|  0%| F|  |TAMS 0x00000000ca400000, 0x00000000ca400000| Untracked 
| 165|0x00000000ca500000, 0x00000000ca500000, 0x00000000ca600000|  0%| F|  |TAMS 0x00000000ca500000, 0x00000000ca500000| Untracked 
| 166|0x00000000ca600000, 0x00000000ca600000, 0x00000000ca700000|  0%| F|  |TAMS 0x00000000ca600000, 0x00000000ca600000| Untracked 
| 167|0x00000000ca700000, 0x00000000ca700000, 0x00000000ca800000|  0%| F|  |TAMS 0x00000000ca700000, 0x00000000ca700000| Untracked 
| 168|0x00000000ca800000, 0x00000000ca800000, 0x00000000ca900000|  0%| F|  |TAMS 0x00000000ca800000, 0x00000000ca800000| Untracked 
| 169|0x00000000ca900000, 0x00000000ca900000, 0x00000000caa00000|  0%| F|  |TAMS 0x00000000ca900000, 0x00000000ca900000| Untracked 
| 170|0x00000000caa00000, 0x00000000caa00000, 0x00000000cab00000|  0%| F|  |TAMS 0x00000000caa00000, 0x00000000caa00000| Untracked 
| 171|0x00000000cab00000, 0x00000000cab00000, 0x00000000cac00000|  0%| F|  |TAMS 0x00000000cab00000, 0x00000000cab00000| Untracked 
| 172|0x00000000cac00000, 0x00000000cac00000, 0x00000000cad00000|  0%| F|  |TAMS 0x00000000cac00000, 0x00000000cac00000| Untracked 
| 173|0x00000000cad00000, 0x00000000cad00000, 0x00000000cae00000|  0%| F|  |TAMS 0x00000000cad00000, 0x00000000cad00000| Untracked 
| 174|0x00000000cae00000, 0x00000000cae00000, 0x00000000caf00000|  0%| F|  |TAMS 0x00000000cae00000, 0x00000000cae00000| Untracked 
| 175|0x00000000caf00000, 0x00000000caf00000, 0x00000000cb000000|  0%| F|  |TAMS 0x00000000caf00000, 0x00000000caf00000| Untracked 
| 176|0x00000000cb000000, 0x00000000cb000000, 0x00000000cb100000|  0%| F|  |TAMS 0x00000000cb000000, 0x00000000cb000000| Untracked 
| 177|0x00000000cb100000, 0x00000000cb100000, 0x00000000cb200000|  0%| F|  |TAMS 0x00000000cb100000, 0x00000000cb100000| Untracked 
| 178|0x00000000cb200000, 0x00000000cb200000, 0x00000000cb300000|  0%| F|  |TAMS 0x00000000cb200000, 0x00000000cb200000| Untracked 
| 179|0x00000000cb300000, 0x00000000cb300000, 0x00000000cb400000|  0%| F|  |TAMS 0x00000000cb300000, 0x00000000cb300000| Untracked 
| 180|0x00000000cb400000, 0x00000000cb400000, 0x00000000cb500000|  0%| F|  |TAMS 0x00000000cb400000, 0x00000000cb400000| Untracked 
| 181|0x00000000cb500000, 0x00000000cb500000, 0x00000000cb600000|  0%| F|  |TAMS 0x00000000cb500000, 0x00000000cb500000| Untracked 
| 182|0x00000000cb600000, 0x00000000cb600000, 0x00000000cb700000|  0%| F|  |TAMS 0x00000000cb600000, 0x00000000cb600000| Untracked 
| 183|0x00000000cb700000, 0x00000000cb700000, 0x00000000cb800000|  0%| F|  |TAMS 0x00000000cb700000, 0x00000000cb700000| Untracked 
| 184|0x00000000cb800000, 0x00000000cb800000, 0x00000000cb900000|  0%| F|  |TAMS 0x00000000cb800000, 0x00000000cb800000| Untracked 
| 185|0x00000000cb900000, 0x00000000cb900000, 0x00000000cba00000|  0%| F|  |TAMS 0x00000000cb900000, 0x00000000cb900000| Untracked 
| 186|0x00000000cba00000, 0x00000000cba00000, 0x00000000cbb00000|  0%| F|  |TAMS 0x00000000cba00000, 0x00000000cba00000| Untracked 
| 187|0x00000000cbb00000, 0x00000000cbb00000, 0x00000000cbc00000|  0%| F|  |TAMS 0x00000000cbb00000, 0x00000000cbb00000| Untracked 
| 188|0x00000000cbc00000, 0x00000000cbc00000, 0x00000000cbd00000|  0%| F|  |TAMS 0x00000000cbc00000, 0x00000000cbc00000| Untracked 
| 189|0x00000000cbd00000, 0x00000000cbe00000, 0x00000000cbe00000|100%| E|  |TAMS 0x00000000cbd00000, 0x00000000cbd00000| Complete 
| 190|0x00000000cbe00000, 0x00000000cbf00000, 0x00000000cbf00000|100%| E|CS|TAMS 0x00000000cbe00000, 0x00000000cbe00000| Complete 
| 191|0x00000000cbf00000, 0x00000000cc000000, 0x00000000cc000000|100%| E|CS|TAMS 0x00000000cbf00000, 0x00000000cbf00000| Complete 
| 192|0x00000000cc000000, 0x00000000cc100000, 0x00000000cc100000|100%| E|CS|TAMS 0x00000000cc000000, 0x00000000cc000000| Complete 
| 193|0x00000000cc100000, 0x00000000cc200000, 0x00000000cc200000|100%| E|CS|TAMS 0x00000000cc100000, 0x00000000cc100000| Complete 
| 194|0x00000000cc200000, 0x00000000cc300000, 0x00000000cc300000|100%| E|CS|TAMS 0x00000000cc200000, 0x00000000cc200000| Complete 
| 195|0x00000000cc300000, 0x00000000cc400000, 0x00000000cc400000|100%| E|CS|TAMS 0x00000000cc300000, 0x00000000cc300000| Complete 
| 196|0x00000000cc400000, 0x00000000cc500000, 0x00000000cc500000|100%| E|CS|TAMS 0x00000000cc400000, 0x00000000cc400000| Complete 
| 197|0x00000000cc500000, 0x00000000cc600000, 0x00000000cc600000|100%| E|CS|TAMS 0x00000000cc500000, 0x00000000cc500000| Complete 
| 198|0x00000000cc600000, 0x00000000cc700000, 0x00000000cc700000|100%| E|CS|TAMS 0x00000000cc600000, 0x00000000cc600000| Complete 
| 199|0x00000000cc700000, 0x00000000cc800000, 0x00000000cc800000|100%| E|CS|TAMS 0x00000000cc700000, 0x00000000cc700000| Complete 
| 200|0x00000000cc800000, 0x00000000cc900000, 0x00000000cc900000|100%| E|CS|TAMS 0x00000000cc800000, 0x00000000cc800000| Complete 
| 201|0x00000000cc900000, 0x00000000cca00000, 0x00000000cca00000|100%| E|CS|TAMS 0x00000000cc900000, 0x00000000cc900000| Complete 
| 202|0x00000000cca00000, 0x00000000ccb00000, 0x00000000ccb00000|100%| E|CS|TAMS 0x00000000cca00000, 0x00000000cca00000| Complete 
| 203|0x00000000ccb00000, 0x00000000ccc00000, 0x00000000ccc00000|100%| E|CS|TAMS 0x00000000ccb00000, 0x00000000ccb00000| Complete 
| 204|0x00000000ccc00000, 0x00000000ccd00000, 0x00000000ccd00000|100%| E|CS|TAMS 0x00000000ccc00000, 0x00000000ccc00000| Complete 
| 205|0x00000000ccd00000, 0x00000000cce00000, 0x00000000cce00000|100%| E|CS|TAMS 0x00000000ccd00000, 0x00000000ccd00000| Complete 
| 206|0x00000000cce00000, 0x00000000ccf00000, 0x00000000ccf00000|100%| E|CS|TAMS 0x00000000cce00000, 0x00000000cce00000| Complete 
| 207|0x00000000ccf00000, 0x00000000cd000000, 0x00000000cd000000|100%| E|CS|TAMS 0x00000000ccf00000, 0x00000000ccf00000| Complete 
| 208|0x00000000cd000000, 0x00000000cd100000, 0x00000000cd100000|100%| E|CS|TAMS 0x00000000cd000000, 0x00000000cd000000| Complete 
| 209|0x00000000cd100000, 0x00000000cd200000, 0x00000000cd200000|100%| E|CS|TAMS 0x00000000cd100000, 0x00000000cd100000| Complete 
| 210|0x00000000cd200000, 0x00000000cd300000, 0x00000000cd300000|100%| E|CS|TAMS 0x00000000cd200000, 0x00000000cd200000| Complete 
| 211|0x00000000cd300000, 0x00000000cd400000, 0x00000000cd400000|100%| E|CS|TAMS 0x00000000cd300000, 0x00000000cd300000| Complete 
| 212|0x00000000cd400000, 0x00000000cd500000, 0x00000000cd500000|100%| E|CS|TAMS 0x00000000cd400000, 0x00000000cd400000| Complete 
| 213|0x00000000cd500000, 0x00000000cd600000, 0x00000000cd600000|100%| E|CS|TAMS 0x00000000cd500000, 0x00000000cd500000| Complete 
| 214|0x00000000cd600000, 0x00000000cd700000, 0x00000000cd700000|100%| E|CS|TAMS 0x00000000cd600000, 0x00000000cd600000| Complete 
| 215|0x00000000cd700000, 0x00000000cd800000, 0x00000000cd800000|100%| E|CS|TAMS 0x00000000cd700000, 0x00000000cd700000| Complete 
| 216|0x00000000cd800000, 0x00000000cd900000, 0x00000000cd900000|100%| E|CS|TAMS 0x00000000cd800000, 0x00000000cd800000| Complete 
| 217|0x00000000cd900000, 0x00000000cda00000, 0x00000000cda00000|100%| E|CS|TAMS 0x00000000cd900000, 0x00000000cd900000| Complete 
| 218|0x00000000cda00000, 0x00000000cdb00000, 0x00000000cdb00000|100%| E|CS|TAMS 0x00000000cda00000, 0x00000000cda00000| Complete 
| 219|0x00000000cdb00000, 0x00000000cdc00000, 0x00000000cdc00000|100%| E|CS|TAMS 0x00000000cdb00000, 0x00000000cdb00000| Complete 
| 220|0x00000000cdc00000, 0x00000000cdd00000, 0x00000000cdd00000|100%| E|CS|TAMS 0x00000000cdc00000, 0x00000000cdc00000| Complete 
| 221|0x00000000cdd00000, 0x00000000cde00000, 0x00000000cde00000|100%| E|CS|TAMS 0x00000000cdd00000, 0x00000000cdd00000| Complete 
| 222|0x00000000cde00000, 0x00000000cdf00000, 0x00000000cdf00000|100%| E|CS|TAMS 0x00000000cde00000, 0x00000000cde00000| Complete 
| 223|0x00000000cdf00000, 0x00000000ce000000, 0x00000000ce000000|100%| E|CS|TAMS 0x00000000cdf00000, 0x00000000cdf00000| Complete 
| 224|0x00000000ce000000, 0x00000000ce100000, 0x00000000ce100000|100%| E|CS|TAMS 0x00000000ce000000, 0x00000000ce000000| Complete 
| 225|0x00000000ce100000, 0x00000000ce200000, 0x00000000ce200000|100%| E|CS|TAMS 0x00000000ce100000, 0x00000000ce100000| Complete 
| 226|0x00000000ce200000, 0x00000000ce300000, 0x00000000ce300000|100%| E|CS|TAMS 0x00000000ce200000, 0x00000000ce200000| Complete 
| 227|0x00000000ce300000, 0x00000000ce400000, 0x00000000ce400000|100%| E|CS|TAMS 0x00000000ce300000, 0x00000000ce300000| Complete 
| 228|0x00000000ce400000, 0x00000000ce500000, 0x00000000ce500000|100%| E|CS|TAMS 0x00000000ce400000, 0x00000000ce400000| Complete 
| 229|0x00000000ce500000, 0x00000000ce600000, 0x00000000ce600000|100%| E|CS|TAMS 0x00000000ce500000, 0x00000000ce500000| Complete 
| 230|0x00000000ce600000, 0x00000000ce700000, 0x00000000ce700000|100%| E|CS|TAMS 0x00000000ce600000, 0x00000000ce600000| Complete 
| 231|0x00000000ce700000, 0x00000000ce800000, 0x00000000ce800000|100%| E|CS|TAMS 0x00000000ce700000, 0x00000000ce700000| Complete 
| 232|0x00000000ce800000, 0x00000000ce900000, 0x00000000ce900000|100%| E|CS|TAMS 0x00000000ce800000, 0x00000000ce800000| Complete 
| 233|0x00000000ce900000, 0x00000000cea00000, 0x00000000cea00000|100%| E|CS|TAMS 0x00000000ce900000, 0x00000000ce900000| Complete 
| 234|0x00000000cea00000, 0x00000000ceb00000, 0x00000000ceb00000|100%| E|CS|TAMS 0x00000000cea00000, 0x00000000cea00000| Complete 
| 235|0x00000000ceb00000, 0x00000000cec00000, 0x00000000cec00000|100%| E|CS|TAMS 0x00000000ceb00000, 0x00000000ceb00000| Complete 
| 236|0x00000000cec00000, 0x00000000ced00000, 0x00000000ced00000|100%| E|CS|TAMS 0x00000000cec00000, 0x00000000cec00000| Complete 
| 237|0x00000000ced00000, 0x00000000cee00000, 0x00000000cee00000|100%| E|CS|TAMS 0x00000000ced00000, 0x00000000ced00000| Complete 
| 238|0x00000000cee00000, 0x00000000cef00000, 0x00000000cef00000|100%| E|CS|TAMS 0x00000000cee00000, 0x00000000cee00000| Complete 
| 239|0x00000000cef00000, 0x00000000cf000000, 0x00000000cf000000|100%| E|CS|TAMS 0x00000000cef00000, 0x00000000cef00000| Complete 
| 240|0x00000000cf000000, 0x00000000cf100000, 0x00000000cf100000|100%| E|CS|TAMS 0x00000000cf000000, 0x00000000cf000000| Complete 
| 241|0x00000000cf100000, 0x00000000cf200000, 0x00000000cf200000|100%| E|CS|TAMS 0x00000000cf100000, 0x00000000cf100000| Complete 
| 242|0x00000000cf200000, 0x00000000cf300000, 0x00000000cf300000|100%| E|CS|TAMS 0x00000000cf200000, 0x00000000cf200000| Complete 
| 243|0x00000000cf300000, 0x00000000cf400000, 0x00000000cf400000|100%| E|CS|TAMS 0x00000000cf300000, 0x00000000cf300000| Complete 
| 244|0x00000000cf400000, 0x00000000cf500000, 0x00000000cf500000|100%| E|CS|TAMS 0x00000000cf400000, 0x00000000cf400000| Complete 
| 245|0x00000000cf500000, 0x00000000cf600000, 0x00000000cf600000|100%| E|CS|TAMS 0x00000000cf500000, 0x00000000cf500000| Complete 
| 246|0x00000000cf600000, 0x00000000cf700000, 0x00000000cf700000|100%| E|CS|TAMS 0x00000000cf600000, 0x00000000cf600000| Complete 
| 247|0x00000000cf700000, 0x00000000cf800000, 0x00000000cf800000|100%| E|CS|TAMS 0x00000000cf700000, 0x00000000cf700000| Complete 
| 248|0x00000000cf800000, 0x00000000cf900000, 0x00000000cf900000|100%| E|CS|TAMS 0x00000000cf800000, 0x00000000cf800000| Complete 
| 249|0x00000000cf900000, 0x00000000cfa00000, 0x00000000cfa00000|100%| E|CS|TAMS 0x00000000cf900000, 0x00000000cf900000| Complete 
| 250|0x00000000cfa00000, 0x00000000cfb00000, 0x00000000cfb00000|100%| E|CS|TAMS 0x00000000cfa00000, 0x00000000cfa00000| Complete 
| 251|0x00000000cfb00000, 0x00000000cfc00000, 0x00000000cfc00000|100%| E|CS|TAMS 0x00000000cfb00000, 0x00000000cfb00000| Complete 
| 252|0x00000000cfc00000, 0x00000000cfd00000, 0x00000000cfd00000|100%| E|CS|TAMS 0x00000000cfc00000, 0x00000000cfc00000| Complete 
| 253|0x00000000cfd00000, 0x00000000cfe00000, 0x00000000cfe00000|100%| E|CS|TAMS 0x00000000cfd00000, 0x00000000cfd00000| Complete 
| 254|0x00000000cfe00000, 0x00000000cff00000, 0x00000000cff00000|100%| E|CS|TAMS 0x00000000cfe00000, 0x00000000cfe00000| Complete 
| 255|0x00000000cff00000, 0x00000000d0000000, 0x00000000d0000000|100%| E|CS|TAMS 0x00000000cff00000, 0x00000000cff00000| Complete 
| 256|0x00000000d0000000, 0x00000000d0100000, 0x00000000d0100000|100%| E|CS|TAMS 0x00000000d0000000, 0x00000000d0000000| Complete 
| 257|0x00000000d0100000, 0x00000000d0200000, 0x00000000d0200000|100%| E|CS|TAMS 0x00000000d0100000, 0x00000000d0100000| Complete 
| 258|0x00000000d0200000, 0x00000000d0300000, 0x00000000d0300000|100%| E|CS|TAMS 0x00000000d0200000, 0x00000000d0200000| Complete 
| 259|0x00000000d0300000, 0x00000000d0400000, 0x00000000d0400000|100%| E|CS|TAMS 0x00000000d0300000, 0x00000000d0300000| Complete 
| 260|0x00000000d0400000, 0x00000000d0500000, 0x00000000d0500000|100%| E|CS|TAMS 0x00000000d0400000, 0x00000000d0400000| Complete 
| 261|0x00000000d0500000, 0x00000000d0600000, 0x00000000d0600000|100%| E|CS|TAMS 0x00000000d0500000, 0x00000000d0500000| Complete 
| 262|0x00000000d0600000, 0x00000000d0700000, 0x00000000d0700000|100%| E|CS|TAMS 0x00000000d0600000, 0x00000000d0600000| Complete 
| 263|0x00000000d0700000, 0x00000000d0800000, 0x00000000d0800000|100%| E|CS|TAMS 0x00000000d0700000, 0x00000000d0700000| Complete 
| 264|0x00000000d0800000, 0x00000000d0900000, 0x00000000d0900000|100%| E|CS|TAMS 0x00000000d0800000, 0x00000000d0800000| Complete 

Card table byte_map: [0x00000254bc270000,0x00000254bc470000] _byte_map_base: 0x00000254bbc70000

Marking Bits (Prev, Next): (CMBitMap*) 0x00000254a591bdc0, (CMBitMap*) 0x00000254a591bd80
 Prev Bits: [0x00000254bd670000, 0x00000254be670000)
 Next Bits: [0x00000254bc670000, 0x00000254bd670000)

Polling page: 0x00000254a38c0000

Metaspace:

Usage:
  Non-class:     92.41 MB used.
      Class:     13.75 MB used.
       Both:    106.16 MB used.

Virtual space:
  Non-class space:       96.00 MB reserved,      92.88 MB ( 97%) committed,  12 nodes.
      Class space:        1.00 GB reserved,      14.19 MB (  1%) committed,  1 nodes.
              Both:        1.09 GB reserved,     107.06 MB ( 10%) committed. 

Chunk freelists:
   Non-Class:  2.83 MB
       Class:  1.79 MB
        Both:  4.62 MB

MaxMetaspaceSize: 17179869184.00 GB
CompressedClassSpaceSize: 1.00 GB
 - commit_granule_bytes: 65536.
 - commit_granule_words: 8192.
 - virtual_space_node_default_size: 1048576.
 - enlarge_chunks_in_place: 1.
 - new_chunks_are_fully_committed: 0.
 - uncommit_free_chunks: 1.
 - use_allocation_guard: 0.
 - handle_deallocations: 1.


Internal statistics:

num_allocs_failed_limit: 6.
num_arena_births: 1250.
num_arena_deaths: 8.
num_vsnodes_births: 13.
num_vsnodes_deaths: 0.
num_space_committed: 1713.
num_space_uncommitted: 0.
num_chunks_returned_to_freelist: 16.
num_chunks_taken_from_freelist: 5842.
num_chunk_merges: 6.
num_chunk_splits: 3832.
num_chunks_enlarged: 2525.
num_purges: 4.

CodeHeap 'non-profiled nmethods': size=120000Kb used=9649Kb max_used=9649Kb free=110351Kb
 bounds [0x00000254b4b40000, 0x00000254b5520000, 0x00000254bc070000]
CodeHeap 'profiled nmethods': size=120000Kb used=32199Kb max_used=33721Kb free=87800Kb
 bounds [0x00000254ad610000, 0x00000254af710000, 0x00000254b4b40000]
CodeHeap 'non-nmethods': size=5760Kb used=2440Kb max_used=2595Kb free=3319Kb
 bounds [0x00000254ad070000, 0x00000254ad340000, 0x00000254ad610000]
 total_blobs=15756 nmethods=14788 adapters=878
 compilation: enabled
              stopped_count=0, restarted_count=0
 full_count=0

Compilation events (20 events):
Event: 503.293 Thread 0x00000254c0ad7d40 nmethod 17598 0x00000254b5430390 code [0x00000254b5430580, 0x00000254b5430e80]
Event: 503.293 Thread 0x00000254c0ad7d40 17783       4       com.android.tools.r8.ir.regalloc.b::r (8 bytes)
Event: 503.296 Thread 0x00000254c0ad7d40 nmethod 17783 0x00000254b51d6510 code [0x00000254b51d66e0, 0x00000254b51d6918]
Event: 503.296 Thread 0x00000254c0ad7d40 17599       4       java.io.DataOutputStream::writeLong (118 bytes)
Event: 503.313 Thread 0x00000254c0ad7d40 nmethod 17599 0x00000254b50f2990 code [0x00000254b50f2ba0, 0x00000254b50f35a0]
Event: 503.313 Thread 0x00000254c0ad7d40 17912       4       com.android.tools.r8.internal.Vv::c (7 bytes)
Event: 503.313 Thread 0x00000254c0ad7d40 nmethod 17912 0x00000254b51d6210 code [0x00000254b51d63a0, 0x00000254b51d6438]
Event: 503.314 Thread 0x00000254c0ad7d40 16271       4       com.android.tools.r8.internal.Ft::a (13 bytes)
Event: 503.314 Thread 0x00000254c0ad7d40 nmethod 16271 0x00000254b51d5f10 code [0x00000254b51d6080, 0x00000254b51d6118]
Event: 503.314 Thread 0x00000254c0ad7d40 16181       4       com.android.tools.r8.internal.W4::a (103 bytes)
Event: 503.324 Thread 0x00000254c0ad7d40 nmethod 16181 0x00000254b526f510 code [0x00000254b526f6e0, 0x00000254b526fbd8]
Event: 503.324 Thread 0x00000254c0ad7d40 16068       4       com.android.tools.r8.internal.h2::a (95 bytes)
Event: 503.354 Thread 0x00000254c0ad7d40 nmethod 16068 0x00000254b50d9e10 code [0x00000254b50da060, 0x00000254b50db100]
Event: 503.355 Thread 0x00000254c0ad7d40 16086       4       com.android.tools.r8.internal.Fg::<init> (45 bytes)
Event: 503.367 Thread 0x00000254c0ad7d40 nmethod 16086 0x00000254b53b1390 code [0x00000254b53b1520, 0x00000254b53b1a78]
Event: 503.367 Thread 0x00000254c0ad7d40 16188       4       java.util.ArrayDeque$$Lambda$630/0x00000008012f5228::accept (9 bytes)
Event: 503.371 Thread 0x00000254c0ad7d40 nmethod 16188 0x00000254b53b0c90 code [0x00000254b53b0e40, 0x00000254b53b1118]
Event: 503.371 Thread 0x00000254c0ad7d40 16047       4       com.android.tools.r8.internal.Kv::a (44 bytes)
Event: 503.383 Thread 0x00000254c0ad7d40 nmethod 16047 0x00000254b5173890 code [0x00000254b5173aa0, 0x00000254b51740f8]
Event: 503.384 Thread 0x00000254c0ad7d40 17920       4       com.android.tools.r8.internal.pf::hashCode (42 bytes)

GC Heap History (20 events):
Event: 492.184 GC heap before
{Heap before GC invocations=61 (full 0):
 garbage-first heap   total 271360K, used 236891K [0x00000000c0000000, 0x0000000100000000)
  region size 1024K, 114 young (116736K), 6 survivors (6144K)
 Metaspace       used 108331K, committed 109312K, reserved 1146880K
  class space    used 14066K, committed 14528K, reserved 1048576K
}
Event: 492.195 GC heap after
{Heap after GC invocations=62 (full 0):
 garbage-first heap   total 271360K, used 127561K [0x00000000c0000000, 0x0000000100000000)
  region size 1024K, 7 young (7168K), 7 survivors (7168K)
 Metaspace       used 108331K, committed 109312K, reserved 1146880K
  class space    used 14066K, committed 14528K, reserved 1048576K
}
Event: 493.396 GC heap before
{Heap before GC invocations=62 (full 0):
 garbage-first heap   total 271360K, used 236105K [0x00000000c0000000, 0x0000000100000000)
  region size 1024K, 113 young (115712K), 7 survivors (7168K)
 Metaspace       used 108340K, committed 109312K, reserved 1146880K
  class space    used 14066K, committed 14528K, reserved 1048576K
}
Event: 493.410 GC heap after
{Heap after GC invocations=63 (full 0):
 garbage-first heap   total 271360K, used 128585K [0x00000000c0000000, 0x0000000100000000)
  region size 1024K, 8 young (8192K), 8 survivors (8192K)
 Metaspace       used 108340K, committed 109312K, reserved 1146880K
  class space    used 14066K, committed 14528K, reserved 1048576K
}
Event: 494.815 GC heap before
{Heap before GC invocations=63 (full 0):
 garbage-first heap   total 271360K, used 236105K [0x00000000c0000000, 0x0000000100000000)
  region size 1024K, 112 young (114688K), 8 survivors (8192K)
 Metaspace       used 108579K, committed 109504K, reserved 1146880K
  class space    used 14069K, committed 14528K, reserved 1048576K
}
Event: 494.831 GC heap after
{Heap after GC invocations=64 (full 0):
 garbage-first heap   total 271360K, used 128302K [0x00000000c0000000, 0x0000000100000000)
  region size 1024K, 8 young (8192K), 8 survivors (8192K)
 Metaspace       used 108579K, committed 109504K, reserved 1146880K
  class space    used 14069K, committed 14528K, reserved 1048576K
}
Event: 495.338 GC heap before
{Heap before GC invocations=64 (full 0):
 garbage-first heap   total 271360K, used 234798K [0x00000000c0000000, 0x0000000100000000)
  region size 1024K, 112 young (114688K), 8 survivors (8192K)
 Metaspace       used 108609K, committed 109568K, reserved 1146880K
  class space    used 14070K, committed 14528K, reserved 1048576K
}
Event: 495.353 GC heap after
{Heap after GC invocations=65 (full 0):
 garbage-first heap   total 271360K, used 127820K [0x00000000c0000000, 0x0000000100000000)
  region size 1024K, 7 young (7168K), 7 survivors (7168K)
 Metaspace       used 108609K, committed 109568K, reserved 1146880K
  class space    used 14070K, committed 14528K, reserved 1048576K
}
Event: 495.956 GC heap before
{Heap before GC invocations=65 (full 0):
 garbage-first heap   total 271360K, used 234316K [0x00000000c0000000, 0x0000000100000000)
  region size 1024K, 112 young (114688K), 7 survivors (7168K)
 Metaspace       used 108672K, committed 109632K, reserved 1146880K
  class space    used 14078K, committed 14528K, reserved 1048576K
}
Event: 495.968 GC heap after
{Heap after GC invocations=66 (full 0):
 garbage-first heap   total 271360K, used 130169K [0x00000000c0000000, 0x0000000100000000)
  region size 1024K, 9 young (9216K), 9 survivors (9216K)
 Metaspace       used 108672K, committed 109632K, reserved 1146880K
  class space    used 14078K, committed 14528K, reserved 1048576K
}
Event: 496.650 GC heap before
{Heap before GC invocations=66 (full 0):
 garbage-first heap   total 271360K, used 233593K [0x00000000c0000000, 0x0000000100000000)
  region size 1024K, 110 young (112640K), 9 survivors (9216K)
 Metaspace       used 108682K, committed 109632K, reserved 1146880K
  class space    used 14078K, committed 14528K, reserved 1048576K
}
Event: 496.678 GC heap after
{Heap after GC invocations=67 (full 0):
 garbage-first heap   total 271360K, used 135330K [0x00000000c0000000, 0x0000000100000000)
  region size 1024K, 12 young (12288K), 12 survivors (12288K)
 Metaspace       used 108682K, committed 109632K, reserved 1146880K
  class space    used 14078K, committed 14528K, reserved 1048576K
}
Event: 497.543 GC heap before
{Heap before GC invocations=67 (full 0):
 garbage-first heap   total 271360K, used 230562K [0x00000000c0000000, 0x0000000100000000)
  region size 1024K, 105 young (107520K), 12 survivors (12288K)
 Metaspace       used 108690K, committed 109632K, reserved 1146880K
  class space    used 14080K, committed 14528K, reserved 1048576K
}
Event: 497.554 GC heap after
{Heap after GC invocations=68 (full 0):
 garbage-first heap   total 271360K, used 133450K [0x00000000c0000000, 0x0000000100000000)
  region size 1024K, 5 young (5120K), 5 survivors (5120K)
 Metaspace       used 108690K, committed 109632K, reserved 1146880K
  class space    used 14080K, committed 14528K, reserved 1048576K
}
Event: 498.435 GC heap before
{Heap before GC invocations=69 (full 0):
 garbage-first heap   total 271360K, used 232778K [0x00000000c0000000, 0x0000000100000000)
  region size 1024K, 102 young (104448K), 5 survivors (5120K)
 Metaspace       used 108704K, committed 109632K, reserved 1146880K
  class space    used 14080K, committed 14528K, reserved 1048576K
}
Event: 498.444 GC heap after
{Heap after GC invocations=70 (full 0):
 garbage-first heap   total 271360K, used 133182K [0x00000000c0000000, 0x0000000100000000)
  region size 1024K, 5 young (5120K), 5 survivors (5120K)
 Metaspace       used 108704K, committed 109632K, reserved 1146880K
  class space    used 14080K, committed 14528K, reserved 1048576K
}
Event: 498.699 GC heap before
{Heap before GC invocations=70 (full 0):
 garbage-first heap   total 271360K, used 141374K [0x00000000c0000000, 0x0000000100000000)
  region size 1024K, 13 young (13312K), 5 survivors (5120K)
 Metaspace       used 108704K, committed 109632K, reserved 1146880K
  class space    used 14080K, committed 14528K, reserved 1048576K
}
Event: 498.740 GC heap after
{Heap after GC invocations=71 (full 0):
 garbage-first heap   total 271360K, used 119379K [0x00000000c0000000, 0x0000000100000000)
  region size 1024K, 1 young (1024K), 1 survivors (1024K)
 Metaspace       used 108704K, committed 109632K, reserved 1146880K
  class space    used 14080K, committed 14528K, reserved 1048576K
}
Event: 502.160 GC heap before
{Heap before GC invocations=71 (full 0):
 garbage-first heap   total 271360K, used 234067K [0x00000000c0000000, 0x0000000100000000)
  region size 1024K, 113 young (115712K), 1 survivors (1024K)
 Metaspace       used 108706K, committed 109632K, reserved 1146880K
  class space    used 14080K, committed 14528K, reserved 1048576K
}
Event: 502.168 GC heap after
{Heap after GC invocations=72 (full 0):
 garbage-first heap   total 271360K, used 119624K [0x00000000c0000000, 0x0000000100000000)
  region size 1024K, 2 young (2048K), 2 survivors (2048K)
 Metaspace       used 108706K, committed 109632K, reserved 1146880K
  class space    used 14080K, committed 14528K, reserved 1048576K
}

Deoptimization events (20 events):
Event: 501.647 Thread 0x00000254c3a02470 DEOPT PACKING pc=0x00000254aede4705 sp=0x000000e7093f9820
Event: 501.647 Thread 0x00000254c3a02470 DEOPT UNPACKING pc=0x00000254ad0bdece sp=0x000000e7093f8fb0 mode 0
Event: 501.800 Thread 0x00000254c3a02470 DEOPT PACKING pc=0x00000254af3a8cf5 sp=0x000000e7093f9c70
Event: 501.801 Thread 0x00000254c3a02470 DEOPT UNPACKING pc=0x00000254ad0bdece sp=0x000000e7093f94b8 mode 0
Event: 501.857 Thread 0x00000254c3a02470 Uncommon trap: trap_request=0xffffff6e fr.pc=0x00000254b4fdd3b0 relative=0x0000000000000410
Event: 501.857 Thread 0x00000254c3a02470 Uncommon trap: reason=loop_limit_check action=maybe_recompile pc=0x00000254b4fdd3b0 method=com.android.tools.r8.internal.Oh.a(I)Z @ 44 c2
Event: 501.857 Thread 0x00000254c3a02470 DEOPT PACKING pc=0x00000254b4fdd3b0 sp=0x000000e7093f9b50
Event: 501.857 Thread 0x00000254c3a02470 DEOPT UNPACKING pc=0x00000254ad0bd72e sp=0x000000e7093f9b10 mode 2
Event: 502.212 Thread 0x00000254c3a02470 DEOPT PACKING pc=0x00000254ae013a2b sp=0x000000e7093f9810
Event: 502.212 Thread 0x00000254c3a02470 DEOPT UNPACKING pc=0x00000254ad0bdece sp=0x000000e7093f8ce8 mode 0
Event: 502.406 Thread 0x00000254c3a02470 DEOPT PACKING pc=0x00000254af1bffaa sp=0x000000e7093f9980
Event: 502.406 Thread 0x00000254c3a02470 DEOPT UNPACKING pc=0x00000254ad0bdece sp=0x000000e7093f8ff0 mode 0
Event: 502.455 Thread 0x00000254c3a02470 DEOPT PACKING pc=0x00000254ada68338 sp=0x000000e7093f9ab0
Event: 502.455 Thread 0x00000254c3a02470 DEOPT UNPACKING pc=0x00000254ad0bdece sp=0x000000e7093f8f58 mode 0
Event: 502.650 Thread 0x00000254c3a02470 Uncommon trap: trap_request=0xffffff45 fr.pc=0x00000254b4cc7380 relative=0x0000000000000260
Event: 502.650 Thread 0x00000254c3a02470 Uncommon trap: reason=unstable_if action=reinterpret pc=0x00000254b4cc7380 method=java.util.HashMap.getNode(Ljava/lang/Object;)Ljava/util/HashMap$Node; @ 85 c2
Event: 502.650 Thread 0x00000254c3a02470 DEOPT PACKING pc=0x00000254b4cc7380 sp=0x000000e7093f9f00
Event: 502.650 Thread 0x00000254c3a02470 DEOPT UNPACKING pc=0x00000254ad0bd72e sp=0x000000e7093f9e00 mode 2
Event: 502.769 Thread 0x00000254c3a02470 DEOPT PACKING pc=0x00000254af1bffaa sp=0x000000e7093f9980
Event: 502.769 Thread 0x00000254c3a02470 DEOPT UNPACKING pc=0x00000254ad0bdece sp=0x000000e7093f8ff0 mode 0

Classes unloaded (4 events):
Event: 476.026 Thread 0x00000254a59ce850 Unloading class 0x000000080164c800 'java/lang/invoke/LambdaForm$DMH+0x000000080164c800'
Event: 476.026 Thread 0x00000254a59ce850 Unloading class 0x000000080164c400 'java/lang/invoke/LambdaForm$DMH+0x000000080164c400'
Event: 485.965 Thread 0x00000254a59ce850 Unloading class 0x0000000801994000 'java/lang/invoke/LambdaForm$DMH+0x0000000801994000'
Event: 485.965 Thread 0x00000254a59ce850 Unloading class 0x000000080196c000 'java/lang/invoke/LambdaForm$DMH+0x000000080196c000'

Classes redefined (0 events):
No events

Internal exceptions (20 events):
Event: 495.283 Thread 0x00000254c3a019d0 Exception <a 'sun/nio/fs/WindowsException'{0x00000000cb1d9a20}> (0x00000000cb1d9a20) 
thrown [t:\workspace\open\src\hotspot\share\prims\jni.cpp, line 579]
Event: 495.359 Thread 0x00000254c3a04450 Exception <a 'sun/nio/fs/WindowsException'{0x00000000d07a1358}> (0x00000000d07a1358) 
thrown [t:\workspace\open\src\hotspot\share\prims\jni.cpp, line 579]
Event: 495.397 Thread 0x00000254c3a04450 Exception <a 'sun/nio/fs/WindowsException'{0x00000000cfee28b0}> (0x00000000cfee28b0) 
thrown [t:\workspace\open\src\hotspot\share\prims\jni.cpp, line 579]
Event: 495.466 Thread 0x00000254c3a019d0 Exception <a 'sun/nio/fs/WindowsException'{0x00000000ceb24790}> (0x00000000ceb24790) 
thrown [t:\workspace\open\src\hotspot\share\prims\jni.cpp, line 579]
Event: 495.483 Thread 0x00000254c3a02470 Exception <a 'sun/nio/fs/WindowsException'{0x00000000cea27358}> (0x00000000cea27358) 
thrown [t:\workspace\open\src\hotspot\share\prims\jni.cpp, line 579]
Event: 495.504 Thread 0x00000254c39fff40 Exception <a 'sun/nio/fs/WindowsException'{0x00000000cead16c8}> (0x00000000cead16c8) 
thrown [t:\workspace\open\src\hotspot\share\prims\jni.cpp, line 579]
Event: 495.556 Thread 0x00000254c3a02470 Exception <a 'sun/nio/fs/WindowsException'{0x00000000cea7bf50}> (0x00000000cea7bf50) 
thrown [t:\workspace\open\src\hotspot\share\prims\jni.cpp, line 579]
Event: 495.578 Thread 0x00000254c3a04450 Exception <a 'sun/nio/fs/WindowsException'{0x00000000ce94ace0}> (0x00000000ce94ace0) 
thrown [t:\workspace\open\src\hotspot\share\prims\jni.cpp, line 579]
Event: 495.579 Thread 0x00000254c3a019d0 Exception <a 'sun/nio/fs/WindowsException'{0x00000000ce63e6c8}> (0x00000000ce63e6c8) 
thrown [t:\workspace\open\src\hotspot\share\prims\jni.cpp, line 579]
Event: 495.616 Thread 0x00000254c39fff40 Exception <a 'sun/nio/fs/WindowsException'{0x00000000cdaf0938}> (0x00000000cdaf0938) 
thrown [t:\workspace\open\src\hotspot\share\prims\jni.cpp, line 579]
Event: 495.684 Thread 0x00000254c3a04450 Exception <a 'sun/nio/fs/WindowsException'{0x00000000cd45ab58}> (0x00000000cd45ab58) 
thrown [t:\workspace\open\src\hotspot\share\prims\jni.cpp, line 579]
Event: 495.736 Thread 0x00000254c3a02470 Exception <a 'sun/nio/fs/WindowsException'{0x00000000cc5d4c30}> (0x00000000cc5d4c30) 
thrown [t:\workspace\open\src\hotspot\share\prims\jni.cpp, line 579]
Event: 495.774 Thread 0x00000254c39fff40 Exception <a 'sun/nio/fs/WindowsException'{0x00000000cc55bff8}> (0x00000000cc55bff8) 
thrown [t:\workspace\open\src\hotspot\share\prims\jni.cpp, line 579]
Event: 495.800 Thread 0x00000254c3a019d0 Exception <a 'sun/nio/fs/WindowsException'{0x00000000cbfc61d8}> (0x00000000cbfc61d8) 
thrown [t:\workspace\open\src\hotspot\share\prims\jni.cpp, line 579]
Event: 495.826 Thread 0x00000254c3a02470 Exception <a 'sun/nio/fs/WindowsException'{0x00000000cbeb10c8}> (0x00000000cbeb10c8) 
thrown [t:\workspace\open\src\hotspot\share\prims\jni.cpp, line 579]
Event: 495.832 Thread 0x00000254c3a02470 Exception <a 'sun/nio/fs/WindowsException'{0x00000000cbb872a8}> (0x00000000cbb872a8) 
thrown [t:\workspace\open\src\hotspot\share\prims\jni.cpp, line 579]
Event: 495.848 Thread 0x00000254c3a04450 Exception <a 'sun/nio/fs/WindowsException'{0x00000000cb88fac8}> (0x00000000cb88fac8) 
thrown [t:\workspace\open\src\hotspot\share\prims\jni.cpp, line 579]
Event: 495.869 Thread 0x00000254c3a04450 Exception <a 'sun/nio/fs/WindowsException'{0x00000000cb2e82f8}> (0x00000000cb2e82f8) 
thrown [t:\workspace\open\src\hotspot\share\prims\jni.cpp, line 579]
Event: 495.918 Thread 0x00000254c3a02470 Exception <a 'sun/nio/fs/WindowsException'{0x00000000ca87b850}> (0x00000000ca87b850) 
thrown [t:\workspace\open\src\hotspot\share\prims\jni.cpp, line 579]
Event: 495.945 Thread 0x00000254c39fff40 Exception <a 'sun/nio/fs/WindowsException'{0x00000000ca11fc20}> (0x00000000ca11fc20) 
thrown [t:\workspace\open\src\hotspot\share\prims\jni.cpp, line 579]

Events (20 events):
Event: 497.928 Thread 0x00000254c0b22180 flushing nmethod 0x00000254af58fa90
Event: 497.928 Thread 0x00000254c0b22180 flushing nmethod 0x00000254af591110
Event: 497.928 Thread 0x00000254c0b22180 flushing nmethod 0x00000254af5b8490
Event: 497.929 Thread 0x00000254c0b22180 flushing nmethod 0x00000254af68fb90
Event: 498.000 Executing  VM operation: G1Concurrent
Event: 498.000 Executing  VM operation: G1Concurrent done
Event: 498.435 Executing  VM operation: G1CollectForAllocation
Event: 498.444 Executing  VM operation: G1CollectForAllocation done
Event: 498.699 Executing  VM operation: G1CollectForAllocation
Event: 498.741 Executing  VM operation: G1CollectForAllocation done
Event: 499.754 Executing  VM operation: Cleanup
Event: 499.754 Executing  VM operation: Cleanup done
Event: 500.755 Executing  VM operation: Cleanup
Event: 500.756 Executing  VM operation: Cleanup done
Event: 501.769 Executing  VM operation: Cleanup
Event: 501.770 Executing  VM operation: Cleanup done
Event: 502.160 Executing  VM operation: G1CollectForAllocation
Event: 502.168 Executing  VM operation: G1CollectForAllocation done
Event: 503.179 Executing  VM operation: Cleanup
Event: 503.257 Executing  VM operation: Cleanup done


Dynamic libraries:
0x00007ff695c00000 - 0x00007ff695c10000 	C:\Program Files\Java\jdk-16.0.2\bin\java.exe
0x00007ffc73b50000 - 0x00007ffc73d45000 	C:\WINDOWS\SYSTEM32\ntdll.dll
0x00007ffc73250000 - 0x00007ffc7330d000 	C:\WINDOWS\System32\KERNEL32.DLL
0x00007ffc716b0000 - 0x00007ffc71979000 	C:\WINDOWS\System32\KERNELBASE.dll
0x00007ffc71340000 - 0x00007ffc71440000 	C:\WINDOWS\System32\ucrtbase.dll
0x00007ffc65710000 - 0x00007ffc65728000 	C:\Program Files\Java\jdk-16.0.2\bin\jli.dll
0x00007ffc66d70000 - 0x00007ffc66d89000 	C:\Program Files\Java\jdk-16.0.2\bin\VCRUNTIME140.dll
0x00007ffc72fb0000 - 0x00007ffc7305c000 	C:\WINDOWS\System32\ADVAPI32.dll
0x00007ffc73060000 - 0x00007ffc730fe000 	C:\WINDOWS\System32\msvcrt.dll
0x00007ffc71d40000 - 0x00007ffc71ddb000 	C:\WINDOWS\System32\sechost.dll
0x00007ffc73100000 - 0x00007ffc7322a000 	C:\WINDOWS\System32\RPCRT4.dll
0x00007ffc73590000 - 0x00007ffc73730000 	C:\WINDOWS\System32\USER32.dll
0x00007ffc71280000 - 0x00007ffc712a2000 	C:\WINDOWS\System32\win32u.dll
0x00007ffc55730000 - 0x00007ffc559ca000 	C:\WINDOWS\WinSxS\amd64_microsoft.windows.common-controls_6595b64144ccf1df_6.0.19041.1110_none_60b5254171f9507e\COMCTL32.dll
0x00007ffc72e10000 - 0x00007ffc72e3a000 	C:\WINDOWS\System32\GDI32.dll
0x00007ffc71440000 - 0x00007ffc7154b000 	C:\WINDOWS\System32\gdi32full.dll
0x00007ffc71a80000 - 0x00007ffc71b1d000 	C:\WINDOWS\System32\msvcp_win.dll
0x00007ffc70060000 - 0x00007ffc7006a000 	C:\WINDOWS\SYSTEM32\VERSION.dll
0x00007ffc720a0000 - 0x00007ffc720d0000 	C:\WINDOWS\System32\IMM32.DLL
0x00007ffc6bca0000 - 0x00007ffc6bcac000 	C:\Program Files\Java\jdk-16.0.2\bin\vcruntime140_1.dll
0x00007ffc46e90000 - 0x00007ffc46f21000 	C:\Program Files\Java\jdk-16.0.2\bin\msvcp140.dll
0x00007ffc1fc80000 - 0x00007ffc2082b000 	C:\Program Files\Java\jdk-16.0.2\bin\server\jvm.dll
0x00007ffc73240000 - 0x00007ffc73248000 	C:\WINDOWS\System32\PSAPI.DLL
0x00007ffc58810000 - 0x00007ffc58837000 	C:\WINDOWS\SYSTEM32\WINMM.dll
0x00007ffc48a80000 - 0x00007ffc48a89000 	C:\WINDOWS\SYSTEM32\WSOCK32.dll
0x00007ffc71f10000 - 0x00007ffc71f7b000 	C:\WINDOWS\System32\WS2_32.dll
0x00007ffc6f450000 - 0x00007ffc6f462000 	C:\WINDOWS\SYSTEM32\kernel.appcore.dll
0x00007ffc68fd0000 - 0x00007ffc68fda000 	C:\Program Files\Java\jdk-16.0.2\bin\jimage.dll
0x00007ffc6bd50000 - 0x00007ffc6bf34000 	C:\WINDOWS\SYSTEM32\DBGHELP.DLL
0x00007ffc5db60000 - 0x00007ffc5db8c000 	C:\WINDOWS\SYSTEM32\dbgcore.DLL
0x00007ffc71b20000 - 0x00007ffc71ba3000 	C:\WINDOWS\System32\bcryptPrimitives.dll
0x00007ffc64e00000 - 0x00007ffc64e25000 	C:\Program Files\Java\jdk-16.0.2\bin\java.dll
0x00007ffc726d0000 - 0x00007ffc72e0f000 	C:\WINDOWS\System32\SHELL32.dll
0x00007ffc6f840000 - 0x00007ffc6ffd0000 	C:\WINDOWS\SYSTEM32\windows.storage.dll
0x00007ffc737b0000 - 0x00007ffc73b05000 	C:\WINDOWS\System32\combase.dll
0x00007ffc70c00000 - 0x00007ffc70c2c000 	C:\WINDOWS\SYSTEM32\Wldp.dll
0x00007ffc71f80000 - 0x00007ffc7202e000 	C:\WINDOWS\System32\SHCORE.dll
0x00007ffc721f0000 - 0x00007ffc72245000 	C:\WINDOWS\System32\shlwapi.dll
0x00007ffc711c0000 - 0x00007ffc711df000 	C:\WINDOWS\SYSTEM32\profapi.dll
0x00007ffc65690000 - 0x00007ffc656a9000 	C:\Program Files\Java\jdk-16.0.2\bin\net.dll
0x00007ffc5ee40000 - 0x00007ffc5ef48000 	C:\WINDOWS\SYSTEM32\WINHTTP.dll
0x00007ffc70970000 - 0x00007ffc709da000 	C:\WINDOWS\system32\mswsock.dll
0x00007ffc65530000 - 0x00007ffc65543000 	C:\Program Files\Java\jdk-16.0.2\bin\nio.dll
0x00007ffc4e970000 - 0x00007ffc4e988000 	C:\Program Files\Java\jdk-16.0.2\bin\zip.dll
0x00007ffc68fa0000 - 0x00007ffc68fb0000 	C:\Program Files\Java\jdk-16.0.2\bin\verify.dll
0x00007ffc3bdb0000 - 0x00007ffc3bdd7000 	C:\Users\halag\Documents\cs\year_project\Server_location_app\.gradle\native\8bec1ad78214c89d9ad589b4d07fe93259594b29d510b10fafb7a158f7737e5d\windows-amd64\native-platform.dll
0x00007ffc2e660000 - 0x00007ffc2e79d000 	C:\Users\halag\Documents\cs\year_project\Server_location_app\.gradle\native\53dbd7edfb1c66fb8903c78663c9afc45aea4f116125fa6feffd364cf09443e8\windows-amd64\native-platform-file-events.dll
0x00007ffc67400000 - 0x00007ffc67409000 	C:\Program Files\Java\jdk-16.0.2\bin\management.dll
0x00007ffc672d0000 - 0x00007ffc672db000 	C:\Program Files\Java\jdk-16.0.2\bin\management_ext.dll
0x00007ffc70b60000 - 0x00007ffc70b78000 	C:\WINDOWS\SYSTEM32\CRYPTSP.dll
0x00007ffc702f0000 - 0x00007ffc70324000 	C:\WINDOWS\system32\rsaenh.dll
0x00007ffc71310000 - 0x00007ffc71337000 	C:\WINDOWS\System32\bcrypt.dll
0x00007ffc71180000 - 0x00007ffc711ae000 	C:\WINDOWS\SYSTEM32\USERENV.dll
0x00007ffc70fe0000 - 0x00007ffc70fec000 	C:\WINDOWS\SYSTEM32\CRYPTBASE.dll
0x00007ffc70660000 - 0x00007ffc7069b000 	C:\WINDOWS\SYSTEM32\IPHLPAPI.DLL
0x00007ffc72090000 - 0x00007ffc72098000 	C:\WINDOWS\System32\NSI.dll
0x00007ffc6b8d0000 - 0x00007ffc6b8e7000 	C:\WINDOWS\SYSTEM32\dhcpcsvc6.DLL
0x00007ffc6b8b0000 - 0x00007ffc6b8cd000 	C:\WINDOWS\SYSTEM32\dhcpcsvc.DLL
0x00007ffc706a0000 - 0x00007ffc7076c000 	C:\WINDOWS\SYSTEM32\DNSAPI.dll
0x00007ffc66ed0000 - 0x00007ffc66ede000 	C:\Program Files\Java\jdk-16.0.2\bin\sunmscapi.dll
0x00007ffc71550000 - 0x00007ffc716af000 	C:\WINDOWS\System32\CRYPT32.dll
0x00007ffc70c70000 - 0x00007ffc70c97000 	C:\WINDOWS\SYSTEM32\ncrypt.dll
0x00007ffc70c30000 - 0x00007ffc70c6b000 	C:\WINDOWS\SYSTEM32\NTASN1.dll
0x00007ffc65700000 - 0x00007ffc65707000 	C:\WINDOWS\system32\wshunix.dll

dbghelp: loaded successfully - version: 4.0.5 - missing functions: none
symbol engine: initialized successfully - sym options: 0x614 - pdb path: .;C:\Program Files\Java\jdk-16.0.2\bin;C:\WINDOWS\SYSTEM32;C:\WINDOWS\WinSxS\amd64_microsoft.windows.common-controls_6595b64144ccf1df_6.0.19041.1110_none_60b5254171f9507e;C:\Program Files\Java\jdk-16.0.2\bin\server;C:\Users\halag\Documents\cs\year_project\Server_location_app\.gradle\native\8bec1ad78214c89d9ad589b4d07fe93259594b29d510b10fafb7a158f7737e5d\windows-amd64;C:\Users\halag\Documents\cs\year_project\Server_location_app\.gradle\native\53dbd7edfb1c66fb8903c78663c9afc45aea4f116125fa6feffd364cf09443e8\windows-amd64

VM Arguments:
jvm_args: --add-opens=java.base/java.util=ALL-UNNAMED --add-opens=java.base/java.lang=ALL-UNNAMED --add-opens=java.base/java.lang.invoke=ALL-UNNAMED --add-opens=java.base/java.util=ALL-UNNAMED --add-opens=java.prefs/java.util.prefs=ALL-UNNAMED --add-opens=java.prefs/java.util.prefs=ALL-UNNAMED --add-opens=java.base/java.nio.charset=ALL-UNNAMED --add-opens=java.base/java.net=ALL-UNNAMED --add-opens=java.base/java.util.concurrent.atomic=ALL-UNNAMED -Xmx1024m -Dfile.encoding=UTF-8 -Duser.country=GB -Duser.language=en -Duser.variant 
java_command: org.gradle.launcher.daemon.bootstrap.GradleDaemon 7.0.2
java_class_path (initial): C:\Users\halag\Documents\cs\year_project\Server_location_app\.gradle\wrapper\dists\gradle-7.0.2-bin\857tjihv64xamwrf0h14cai3r\gradle-7.0.2\lib\gradle-launcher-7.0.2.jar
Launcher Type: SUN_STANDARD

[Global flags]
     intx CICompilerCount                          = 3                                         {product} {ergonomic}
     uint ConcGCThreads                            = 1                                         {product} {ergonomic}
     uint G1ConcRefinementThreads                  = 4                                         {product} {ergonomic}
   size_t G1HeapRegionSize                         = 1048576                                   {product} {ergonomic}
    uintx GCDrainStackTargetSize                   = 64                                        {product} {ergonomic}
   size_t InitialHeapSize                          = 134217728                                 {product} {ergonomic}
   size_t MarkStackSize                            = 4194304                                   {product} {ergonomic}
   size_t MaxHeapSize                              = 1073741824                                {product} {command line}
   size_t MaxNewSize                               = 643825664                                 {product} {ergonomic}
   size_t MinHeapDeltaBytes                        = 1048576                                   {product} {ergonomic}
   size_t MinHeapSize                              = 8388608                                   {product} {ergonomic}
    uintx NonNMethodCodeHeapSize                   = 5832780                                {pd product} {ergonomic}
    uintx NonProfiledCodeHeapSize                  = 122912730                              {pd product} {ergonomic}
    uintx ProfiledCodeHeapSize                     = 122912730                              {pd product} {ergonomic}
    uintx ReservedCodeCacheSize                    = 251658240                              {pd product} {ergonomic}
     bool SegmentedCodeCache                       = true                                      {product} {ergonomic}
   size_t SoftMaxHeapSize                          = 1073741824                             {manageable} {ergonomic}
     bool UseCompressedClassPointers               = true                           {product lp64_product} {ergonomic}
     bool UseCompressedOops                        = true                           {product lp64_product} {ergonomic}
     bool UseG1GC                                  = true                                      {product} {ergonomic}
     bool UseLargePagesIndividualAllocation        = false                                  {pd product} {ergonomic}

Logging:
Log output configuration:
 #0: stdout all=warning uptime,level,tags
 #1: stderr all=off uptime,level,tags

Environment Variables:
JAVA_HOME=C:\Program Files\Java\jdk-16.0.2
PATH=C:\Program Files\Common Files\Oracle\Java\javapath;C:\Program Files (x86)\Common Files\Oracle\Java\javapath;C:\WINDOWS\system32;C:\WINDOWS;C:\WINDOWS\System32\Wbem;C:\WINDOWS\System32\WindowsPowerShell\v1.0\;C:\WINDOWS\System32\OpenSSH\;C:\Program Files\Intel\WiFi\bin\;C:\Program Files\Common Files\Intel\WirelessCommon\;C:\Program Files\MATLAB\R2019b\bin;C:\Git\cmd;C:\MinGW\bin;C:\Users\halag\Documents\cs\python\PyCharm Community Edition 2020.3.4;C:\Users\halag\AppData\Roaming\Microsoft\Windows\Start Menu\Programs\Python 3.9;C:\Users\halag\AppData\Local\Programs\Python\Python39;C:\Program Files (x86)\Intel\Intel(R) Management Engine Components\DAL;C:\Program Files\Intel\Intel(R) Management Engine Components\DAL;C:\Program Files\Java\jdk-16.0.2\bin;C:\Users\halag\AppData\Local\Microsoft\WindowsApps;C:\Program Files (x86)\Dr. Memory\bin\;C:\Program Files\Intel\WiFi\bin\;C:\Program Files\Common Files\Intel\WirelessCommon\;C:\Program Files\Java\jdk-10.0.2\bin;C:\Users\halag\AppData\Local\GitHubDesktop\bin;C:\Users\halag\Documents\cs\winter2020\machine_learning\PyCharm Community Edition 2020.3\bin;;C:\Users\halag\AppData\Local\Android\Sdk\platform-tools;
USERNAME=halag
OS=Windows_NT
PROCESSOR_IDENTIFIER=Intel64 Family 6 Model 142 Stepping 9, GenuineIntel



---------------  S Y S T E M  ---------------

OS:
 Windows 10 , 64 bit Build 19041 (10.0.19041.1151)
OS uptime: 1 days 20:49 hours

CPU: total 4 (initial active 4) (2 cores per cpu, 2 threads per core) family 6 model 142 stepping 9 microcode 0xde, cx8, cmov, fxsr, ht, mmx, 3dnowpref, sse, sse2, sse3, ssse3, sse4.1, sse4.2, popcnt, lzcnt, tsc, tscinvbit, avx, avx2, aes, erms, clmul, bmi1, bmi2, adx, fma, vzeroupper, clflush, clflushopt

Memory: 4k page, system-wide physical 8089M (1380M free)
TotalPageFile size 9329M (AvailPageFile size 6M)
current process WorkingSet (physical memory assigned to process): 613M, peak: 628M
current process commit charge ("private bytes"): 655M, peak: 668M

vm_info: Java HotSpot(TM) 64-Bit Server VM (16.0.2+7-67) for windows-amd64 JRE (16.0.2+7-67), built on Jun  8 2021 23:24:19 by "mach5one" with MS VC++ 16.7 (VS2019)

END.
