#
# There is insufficient memory for the Java Runtime Environment to continue.
# Native memory allocation (malloc) failed to allocate 65552 bytes for Chunk::new
# Possible reasons:
#   The system is out of physical RAM or swap space
#   The process is running with CompressedOops enabled, and the Java Heap may be blocking the growth of the native heap
# Possible solutions:
#   Reduce memory load on the system
#   Increase physical memory or swap space
#   Check if swap backing store is full
#   Decrease Java heap size (-Xmx/-Xms)
#   Decrease number of Java threads
#   Decrease Java thread stack sizes (-Xss)
#   Set larger code cache with -XX:ReservedCodeCacheSize=
#   JVM is running with Unscaled Compressed Oops mode in which the Java heap is
#     placed in the first 4GB address space. The Java Heap base address is the
#     maximum limit for the native heap growth. Please use -XX:HeapBaseMinAddress
#     to set the Java Heap base and to place the Java Heap above 4GB virtual address.
# This output file may be truncated or incomplete.
#
#  Out of Memory Error (arena.cpp:195), pid=15880, tid=17396
#
# JRE version: Java(TM) SE Runtime Environment (16.0.2+7) (build 16.0.2+7-67)
# Java VM: Java HotSpot(TM) 64-Bit Server VM (16.0.2+7-67, mixed mode, sharing, tiered, compressed oops, compressed class ptrs, g1 gc, windows-amd64)
# No core dump will be written. Minidumps are not enabled by default on client versions of Windows
#

---------------  S U M M A R Y ------------

Command Line: --add-opens=java.base/java.util=ALL-UNNAMED --add-opens=java.base/java.lang=ALL-UNNAMED --add-opens=java.base/java.lang.invoke=ALL-UNNAMED --add-opens=java.base/java.util=ALL-UNNAMED --add-opens=java.prefs/java.util.prefs=ALL-UNNAMED --add-opens=java.prefs/java.util.prefs=ALL-UNNAMED --add-opens=java.base/java.nio.charset=ALL-UNNAMED --add-opens=java.base/java.net=ALL-UNNAMED --add-opens=java.base/java.util.concurrent.atomic=ALL-UNNAMED -Xmx1536M -Dfile.encoding=UTF-8 -Duser.country=GB -Duser.language=en -Duser.variant org.gradle.launcher.daemon.bootstrap.GradleDaemon 7.0.2

Host: Intel(R) Core(TM) i5-7200U CPU @ 2.50GHz, 4 cores, 7G,  Windows 10 , 64 bit Build 19041 (10.0.19041.1151)
Time: Mon Sep 13 22:03:01 2021 Jerusalem Summer Time elapsed time: 37.846054 seconds (0d 0h 0m 37s)

---------------  T H R E A D  ---------------

Current thread (0x000001f137675170):  JavaThread "C2 CompilerThread1" daemon [_thread_in_native, id=17396, stack(0x000000421df00000,0x000000421e000000)]


Current CompileTask:
C2:  37846 13981       4       org.gradle.tooling.internal.adapter.ProtocolToModelAdapter$SupportedPropertyInvoker::invoke (154 bytes)

Stack: [0x000000421df00000,0x000000421e000000]
Native frames: (J=compiled Java code, j=interpreted, Vv=VM code, C=native code)
V  [jvm.dll+0x6681ca]
V  [jvm.dll+0x7c9e69]
V  [jvm.dll+0x7cb61e]
V  [jvm.dll+0x7cbc73]
V  [jvm.dll+0x242c55]
V  [jvm.dll+0xadeba]
V  [jvm.dll+0xae45c]
V  [jvm.dll+0xbb601]
V  [jvm.dll+0x5648fe]
V  [jvm.dll+0x562ab0]
V  [jvm.dll+0x5634c0]
V  [jvm.dll+0x5628ce]
V  [jvm.dll+0x5628e1]
V  [jvm.dll+0x5628e1]
V  [jvm.dll+0x5628e1]
V  [jvm.dll+0x5628e1]
V  [jvm.dll+0x5628e1]
V  [jvm.dll+0x5628e1]
V  [jvm.dll+0x5628e1]
V  [jvm.dll+0x5628e1]
V  [jvm.dll+0x5628e1]
V  [jvm.dll+0x5628e1]
V  [jvm.dll+0x5628e1]
V  [jvm.dll+0x5628e1]
V  [jvm.dll+0x5628e1]
V  [jvm.dll+0x5628e1]
V  [jvm.dll+0x5628e1]
V  [jvm.dll+0x5628e1]
V  [jvm.dll+0x5628e1]
V  [jvm.dll+0x5628e1]
V  [jvm.dll+0x5628e1]
V  [jvm.dll+0x5628e1]
V  [jvm.dll+0x5628e1]
V  [jvm.dll+0x574438]
V  [jvm.dll+0x21e48e]
V  [jvm.dll+0x21789c]
V  [jvm.dll+0x214ffc]
V  [jvm.dll+0x1a1beb]
V  [jvm.dll+0x225158]
V  [jvm.dll+0x22319c]
V  [jvm.dll+0x77fa62]
V  [jvm.dll+0x7795aa]
V  [jvm.dll+0x667066]
C  [ucrtbase.dll+0x21bb2]
C  [KERNEL32.DLL+0x17034]
C  [ntdll.dll+0x52651]


---------------  P R O C E S S  ---------------

Threads class SMR info:
_java_thread_list=0x000001f13a7b9d40, length=47, elements={
0x000001f1165c17d0, 0x000001f134a040d0, 0x000001f134a047f0, 0x000001f134a10360,
0x000001f134a10980, 0x000001f134a16ec0, 0x000001f134a193f0, 0x000001f134a1f600,
0x000001f134a2ac40, 0x000001f134a33190, 0x000001f13548ee40, 0x000001f1354903a0,
0x000001f136b662b0, 0x000001f137c8c990, 0x000001f137929cb0, 0x000001f1378cb850,
0x000001f137dec6c0, 0x000001f13588cd50, 0x000001f13588f280, 0x000001f13588ed30,
0x000001f13588e290, 0x000001f13588d2a0, 0x000001f13588f7d0, 0x000001f13588fd20,
0x000001f13588d7f0, 0x000001f13aa41bd0, 0x000001f13aa460e0, 0x000001f13aa41680,
0x000001f13aa46630, 0x000001f13aa42120, 0x000001f13aa42670, 0x000001f13aa44650,
0x000001f13aa42bc0, 0x000001f13aa43110, 0x000001f13aa40140, 0x000001f13aa43660,
0x000001f13aa450f0, 0x000001f13aa3fbf0, 0x000001f13aa44ba0, 0x000001f13588dd40,
0x000001f135890270, 0x000001f1357d5f60, 0x000001f1357d89e0, 0x000001f1357d64b0,
0x000001f1357da9c0, 0x000001f137675170, 0x000001f1357d7f40
}

Java Threads: ( => current thread )
  0x000001f1165c17d0 JavaThread "main" [_thread_blocked, id=13968, stack(0x000000421a400000,0x000000421a500000)]
  0x000001f134a040d0 JavaThread "Reference Handler" daemon [_thread_blocked, id=3672, stack(0x000000421ab00000,0x000000421ac00000)]
  0x000001f134a047f0 JavaThread "Finalizer" daemon [_thread_blocked, id=13412, stack(0x000000421ac00000,0x000000421ad00000)]
  0x000001f134a10360 JavaThread "Signal Dispatcher" daemon [_thread_blocked, id=2148, stack(0x000000421ad00000,0x000000421ae00000)]
  0x000001f134a10980 JavaThread "Attach Listener" daemon [_thread_blocked, id=3540, stack(0x000000421ae00000,0x000000421af00000)]
  0x000001f134a16ec0 JavaThread "Service Thread" daemon [_thread_blocked, id=4500, stack(0x000000421af00000,0x000000421b000000)]
  0x000001f134a193f0 JavaThread "Monitor Deflation Thread" daemon [_thread_blocked, id=17824, stack(0x000000421b000000,0x000000421b100000)]
  0x000001f134a1f600 JavaThread "C2 CompilerThread0" daemon [_thread_in_native, id=18536, stack(0x000000421b100000,0x000000421b200000)]
  0x000001f134a2ac40 JavaThread "C1 CompilerThread0" daemon [_thread_blocked, id=12524, stack(0x000000421b200000,0x000000421b300000)]
  0x000001f134a33190 JavaThread "Sweeper thread" daemon [_thread_blocked, id=18500, stack(0x000000421b300000,0x000000421b400000)]
  0x000001f13548ee40 JavaThread "Common-Cleaner" daemon [_thread_blocked, id=18092, stack(0x000000421b400000,0x000000421b500000)]
  0x000001f1354903a0 JavaThread "Notification Thread" daemon [_thread_blocked, id=18412, stack(0x000000421b500000,0x000000421b600000)]
  0x000001f136b662b0 JavaThread "Daemon health stats" [_thread_blocked, id=10956, stack(0x000000421bb00000,0x000000421bc00000)]
  0x000001f137c8c990 JavaThread "Incoming local TCP Connector on port 61880" [_thread_in_native, id=16988, stack(0x000000421bc00000,0x000000421bd00000)]
  0x000001f137929cb0 JavaThread "Daemon periodic checks" [_thread_blocked, id=16160, stack(0x000000421bd00000,0x000000421be00000)]
  0x000001f1378cb850 JavaThread "Daemon" [_thread_blocked, id=12728, stack(0x000000421be00000,0x000000421bf00000)]
  0x000001f137dec6c0 JavaThread "Handler for socket connection from /127.0.0.1:61880 to /127.0.0.1:61881" [_thread_in_native, id=18800, stack(0x000000421bf00000,0x000000421c000000)]
  0x000001f13588cd50 JavaThread "Cancel handler" [_thread_blocked, id=7336, stack(0x000000421c000000,0x000000421c100000)]
  0x000001f13588f280 JavaThread "Daemon worker" [_thread_in_Java, id=8352, stack(0x000000421c100000,0x000000421c200000)]
  0x000001f13588ed30 JavaThread "Asynchronous log dispatcher for DefaultDaemonConnection: socket connection from /127.0.0.1:61880 to /127.0.0.1:61881" [_thread_in_vm, id=15756, stack(0x000000421c200000,0x000000421c300000)]
  0x000001f13588e290 JavaThread "Stdin handler" [_thread_blocked, id=13320, stack(0x000000421c300000,0x000000421c400000)]
  0x000001f13588d2a0 JavaThread "Daemon client event forwarder" [_thread_blocked, id=8888, stack(0x000000421c400000,0x000000421c500000)]
  0x000001f13588f7d0 JavaThread "Cache worker for file hash cache (C:\Users\halag\Documents\cs\year_project\Server_location_app\.gradle\caches\7.0.2\fileHashes)" [_thread_blocked, id=12456, stack(0x000000421c500000,0x000000421c600000)]
  0x000001f13588fd20 JavaThread "File lock request listener" [_thread_in_native, id=11652, stack(0x000000421c600000,0x000000421c700000)]
  0x000001f13588d7f0 JavaThread "Cache worker for journal cache (C:\Users\halag\Documents\cs\year_project\Server_location_app\.gradle\caches\journal-1)" [_thread_blocked, id=3840, stack(0x000000421c700000,0x000000421c800000)]
  0x000001f13aa41bd0 JavaThread "Cache worker for file hash cache (C:\Users\halag\Documents\cs\year_project\test_app2\.gradle\7.0.2\fileHashes)" [_thread_blocked, id=17316, stack(0x000000421c800000,0x000000421c900000)]
  0x000001f13aa460e0 JavaThread "File watcher server" daemon [_thread_in_native, id=13876, stack(0x000000421c900000,0x000000421ca00000)]
  0x000001f13aa41680 JavaThread "File watcher consumer" daemon [_thread_blocked, id=14516, stack(0x000000421ca00000,0x000000421cb00000)]
  0x000001f13aa46630 JavaThread "jar transforms" [_thread_blocked, id=11648, stack(0x000000421cb00000,0x000000421cc00000)]
  0x000001f13aa42120 JavaThread "jar transforms Thread 2" [_thread_blocked, id=13296, stack(0x000000421cc00000,0x000000421cd00000)]
  0x000001f13aa42670 JavaThread "jar transforms Thread 3" [_thread_blocked, id=14248, stack(0x000000421cd00000,0x000000421ce00000)]
  0x000001f13aa44650 JavaThread "jar transforms Thread 4" [_thread_blocked, id=18496, stack(0x000000421ce00000,0x000000421cf00000)]
  0x000001f13aa42bc0 JavaThread "Cache worker for checksums cache (C:\Users\halag\Documents\cs\year_project\test_app2\.gradle\checksums)" [_thread_blocked, id=2904, stack(0x000000421cf00000,0x000000421d000000)]
  0x000001f13aa43110 JavaThread "Cache worker for cache directory md-supplier (C:\Users\halag\Documents\cs\year_project\Server_location_app\.gradle\caches\7.0.2\md-supplier)" [_thread_blocked, id=2968, stack(0x000000421d000000,0x000000421d100000)]
  0x000001f13aa40140 JavaThread "Cache worker for cache directory md-rule (C:\Users\halag\Documents\cs\year_project\Server_location_app\.gradle\caches\7.0.2\md-rule)" [_thread_blocked, id=15460, stack(0x000000421d100000,0x000000421d200000)]
  0x000001f13aa43660 JavaThread "Cache worker for execution history cache (C:\Users\halag\Documents\cs\year_project\Server_location_app\.gradle\caches\7.0.2\executionHistory)" [_thread_blocked, id=9608, stack(0x000000421d300000,0x000000421d400000)]
  0x000001f13aa450f0 JavaThread "Cache worker for file content cache (C:\Users\halag\Documents\cs\year_project\Server_location_app\.gradle\caches\7.0.2\fileContent)" [_thread_blocked, id=13656, stack(0x000000421d400000,0x000000421d500000)]
  0x000001f13aa3fbf0 JavaThread "Cache worker for dependencies-accessors (C:\Users\halag\Documents\cs\year_project\test_app2\.gradle\7.0.2\dependencies-accessors)" [_thread_blocked, id=10216, stack(0x000000421d500000,0x000000421d600000)]
  0x000001f13aa44ba0 JavaThread "Cache worker for Build Output Cleanup Cache (C:\Users\halag\Documents\cs\year_project\test_app2\.gradle\buildOutputCleanup)" [_thread_blocked, id=4320, stack(0x000000421d600000,0x000000421d700000)]
  0x000001f13588dd40 JavaThread "Build operations" [_thread_blocked, id=15260, stack(0x000000421d700000,0x000000421d800000)]
  0x000001f135890270 JavaThread "Build operations Thread 2" [_thread_blocked, id=11280, stack(0x000000421d800000,0x000000421d900000)]
  0x000001f1357d5f60 JavaThread "Build operations Thread 3" [_thread_blocked, id=13304, stack(0x000000421d900000,0x000000421da00000)]
  0x000001f1357d89e0 JavaThread "Build operations Thread 4" [_thread_blocked, id=15212, stack(0x000000421da00000,0x000000421db00000)]
  0x000001f1357d64b0 JavaThread "Memory manager" [_thread_blocked, id=1116, stack(0x000000421db00000,0x000000421dc00000)]
  0x000001f1357da9c0 JavaThread "pool-3-thread-1" [_thread_blocked, id=520, stack(0x000000421dc00000,0x000000421dd00000)]
=>0x000001f137675170 JavaThread "C2 CompilerThread1" daemon [_thread_in_native, id=17396, stack(0x000000421df00000,0x000000421e000000)]
  0x000001f1357d7f40 JavaThread "pool-2-thread-1" [_thread_in_Java, id=17416, stack(0x000000421e000000,0x000000421e100000)]

Other Threads:
  0x000001f134a006d0 VMThread "VM Thread" [stack: 0x000000421aa00000,0x000000421ab00000] [id=14448]
  0x000001f135491d10 WatcherThread [stack: 0x000000421b600000,0x000000421b700000] [id=7948]
  0x000001f1165f6930 GCTaskThread "GC Thread#0" [stack: 0x000000421a500000,0x000000421a600000] [id=13248]
  0x000001f13587c940 GCTaskThread "GC Thread#1" [stack: 0x000000421b800000,0x000000421b900000] [id=18664]
  0x000001f135c965d0 GCTaskThread "GC Thread#2" [stack: 0x000000421b900000,0x000000421ba00000] [id=4804]
  0x000001f1363ba9e0 GCTaskThread "GC Thread#3" [stack: 0x000000421ba00000,0x000000421bb00000] [id=12540]
  0x000001f116604730 ConcurrentGCThread "G1 Main Marker" [stack: 0x000000421a600000,0x000000421a700000] [id=8304]
  0x000001f1166056f0 ConcurrentGCThread "G1 Conc#0" [stack: 0x000000421a700000,0x000000421a800000] [id=3528]
  0x000001f116681260 ConcurrentGCThread "G1 Refine#0" [stack: 0x000000421a800000,0x000000421a900000] [id=3396]
  0x000001f13a93f810 ConcurrentGCThread "G1 Refine#1" [stack: 0x000000421d200000,0x000000421d300000] [id=17092]
  0x000001f1166816a0 ConcurrentGCThread "G1 Service" [stack: 0x000000421a900000,0x000000421aa00000] [id=9728]

Threads with active compile tasks:
C2 CompilerThread0    37935 13982       4       org.gradle.tooling.internal.adapter.ProtocolToModelAdapter$SafeMethodInvoker::invoke (118 bytes)
C2 CompilerThread1    37935 13981       4       org.gradle.tooling.internal.adapter.ProtocolToModelAdapter$SupportedPropertyInvoker::invoke (154 bytes)

VM state: not at safepoint (normal execution)

VM Mutex/Monitor currently owned by a thread: None

Heap address: 0x00000000a0000000, size: 1536 MB, Compressed Oops mode: 32-bit

CDS archive(s) mapped at: [0x0000000800000000-0x0000000800bb0000-0x0000000800bb0000), size 12255232, SharedBaseAddress: 0x0000000800000000, ArchiveRelocationMode: 0.
Compressed class space mapped at: 0x0000000800c00000-0x0000000840c00000, reserved size: 1073741824
Narrow klass base: 0x0000000800000000, Narrow klass shift: 3, Narrow klass range: 0x100000000

GC Precious Log:
 CPUs: 4 total, 4 available
 Memory: 8089M
 Large Page Support: Disabled
 NUMA Support: Disabled
 Compressed Oops: Enabled (32-bit)
 Heap Region Size: 1M
 Heap Min Capacity: 8M
 Heap Initial Capacity: 128M
 Heap Max Capacity: 1536M
 Pre-touch: Disabled
 Parallel Workers: 4
 Concurrent Workers: 1
 Concurrent Refinement Workers: 4
 Periodic GC: Disabled

Heap:
 garbage-first heap   total 209920K, used 165746K [0x00000000a0000000, 0x0000000100000000)
  region size 1024K, 52 young (53248K), 3 survivors (3072K)
 Metaspace       used 99169K, committed 100032K, reserved 1138688K
  class space    used 12842K, committed 13248K, reserved 1048576K

Heap Regions: E=young(eden), S=young(survivor), O=old, HS=humongous(starts), HC=humongous(continues), CS=collection set, F=free, OA=open archive, CA=closed archive, TAMS=top-at-mark-start (previous, next)
|   0|0x00000000a0000000, 0x00000000a0100000, 0x00000000a0100000|100%|HS|  |TAMS 0x00000000a0100000, 0x00000000a0000000| Complete 
|   1|0x00000000a0100000, 0x00000000a0200000, 0x00000000a0200000|100%|HC|  |TAMS 0x00000000a0200000, 0x00000000a0100000| Complete 
|   2|0x00000000a0200000, 0x00000000a0300000, 0x00000000a0300000|100%|HC|  |TAMS 0x00000000a0300000, 0x00000000a0200000| Complete 
|   3|0x00000000a0300000, 0x00000000a0400000, 0x00000000a0400000|100%| O|  |TAMS 0x00000000a0400000, 0x00000000a0300000| Untracked 
|   4|0x00000000a0400000, 0x00000000a0500000, 0x00000000a0500000|100%| O|  |TAMS 0x00000000a0500000, 0x00000000a0400000| Untracked 
|   5|0x00000000a0500000, 0x00000000a0600000, 0x00000000a0600000|100%| O|  |TAMS 0x00000000a0600000, 0x00000000a0500000| Untracked 
|   6|0x00000000a0600000, 0x00000000a0700000, 0x00000000a0700000|100%| O|  |TAMS 0x00000000a0700000, 0x00000000a0600000| Untracked 
|   7|0x00000000a0700000, 0x00000000a0800000, 0x00000000a0800000|100%| O|  |TAMS 0x00000000a0800000, 0x00000000a0700000| Untracked 
|   8|0x00000000a0800000, 0x00000000a0900000, 0x00000000a0900000|100%| O|  |TAMS 0x00000000a0900000, 0x00000000a0800000| Untracked 
|   9|0x00000000a0900000, 0x00000000a0a00000, 0x00000000a0a00000|100%| O|  |TAMS 0x00000000a0a00000, 0x00000000a0900000| Untracked 
|  10|0x00000000a0a00000, 0x00000000a0b00000, 0x00000000a0b00000|100%|HS|  |TAMS 0x00000000a0b00000, 0x00000000a0a00000| Complete 
|  11|0x00000000a0b00000, 0x00000000a0c00000, 0x00000000a0c00000|100%|HC|  |TAMS 0x00000000a0c00000, 0x00000000a0b00000| Complete 
|  12|0x00000000a0c00000, 0x00000000a0d00000, 0x00000000a0d00000|100%|HS|  |TAMS 0x00000000a0d00000, 0x00000000a0c00000| Complete 
|  13|0x00000000a0d00000, 0x00000000a0e00000, 0x00000000a0e00000|100%|HC|  |TAMS 0x00000000a0e00000, 0x00000000a0d00000| Complete 
|  14|0x00000000a0e00000, 0x00000000a0f00000, 0x00000000a0f00000|100%|HC|  |TAMS 0x00000000a0f00000, 0x00000000a0e00000| Complete 
|  15|0x00000000a0f00000, 0x00000000a1000000, 0x00000000a1000000|100%|HS|  |TAMS 0x00000000a1000000, 0x00000000a0f00000| Complete 
|  16|0x00000000a1000000, 0x00000000a1100000, 0x00000000a1100000|100%|HC|  |TAMS 0x00000000a1100000, 0x00000000a1000000| Complete 
|  17|0x00000000a1100000, 0x00000000a1200000, 0x00000000a1200000|100%|HC|  |TAMS 0x00000000a1200000, 0x00000000a1100000| Complete 
|  18|0x00000000a1200000, 0x00000000a1300000, 0x00000000a1300000|100%|HC|  |TAMS 0x00000000a1300000, 0x00000000a1200000| Complete 
|  19|0x00000000a1300000, 0x00000000a1400000, 0x00000000a1400000|100%|HC|  |TAMS 0x00000000a1400000, 0x00000000a1300000| Complete 
|  20|0x00000000a1400000, 0x00000000a1500000, 0x00000000a1500000|100%| O|  |TAMS 0x00000000a1500000, 0x00000000a1400000| Untracked 
|  21|0x00000000a1500000, 0x00000000a1600000, 0x00000000a1600000|100%| O|  |TAMS 0x00000000a1600000, 0x00000000a1500000| Untracked 
|  22|0x00000000a1600000, 0x00000000a1700000, 0x00000000a1700000|100%| O|  |TAMS 0x00000000a1700000, 0x00000000a1600000| Untracked 
|  23|0x00000000a1700000, 0x00000000a1800000, 0x00000000a1800000|100%| O|  |TAMS 0x00000000a1800000, 0x00000000a1700000| Untracked 
|  24|0x00000000a1800000, 0x00000000a1900000, 0x00000000a1900000|100%| O|  |TAMS 0x00000000a1900000, 0x00000000a1800000| Untracked 
|  25|0x00000000a1900000, 0x00000000a1a00000, 0x00000000a1a00000|100%| O|  |TAMS 0x00000000a1a00000, 0x00000000a1900000| Untracked 
|  26|0x00000000a1a00000, 0x00000000a1b00000, 0x00000000a1b00000|100%| O|  |TAMS 0x00000000a1b00000, 0x00000000a1a00000| Untracked 
|  27|0x00000000a1b00000, 0x00000000a1be9000, 0x00000000a1c00000| 91%| O|  |TAMS 0x00000000a1be9000, 0x00000000a1b00000| Untracked 
|  28|0x00000000a1c00000, 0x00000000a1d00000, 0x00000000a1d00000|100%| O|  |TAMS 0x00000000a1d00000, 0x00000000a1c00000| Untracked 
|  29|0x00000000a1d00000, 0x00000000a1e00000, 0x00000000a1e00000|100%| O|  |TAMS 0x00000000a1e00000, 0x00000000a1d00000| Untracked 
|  30|0x00000000a1e00000, 0x00000000a1f00000, 0x00000000a1f00000|100%| O|  |TAMS 0x00000000a1f00000, 0x00000000a1e00000| Untracked 
|  31|0x00000000a1f00000, 0x00000000a2000000, 0x00000000a2000000|100%| O|  |TAMS 0x00000000a2000000, 0x00000000a1f00000| Untracked 
|  32|0x00000000a2000000, 0x00000000a2100000, 0x00000000a2100000|100%| O|  |TAMS 0x00000000a2100000, 0x00000000a2000000| Untracked 
|  33|0x00000000a2100000, 0x00000000a2200000, 0x00000000a2200000|100%| O|  |TAMS 0x00000000a2200000, 0x00000000a2100000| Untracked 
|  34|0x00000000a2200000, 0x00000000a2300000, 0x00000000a2300000|100%| O|  |TAMS 0x00000000a2300000, 0x00000000a2200000| Untracked 
|  35|0x00000000a2300000, 0x00000000a2400000, 0x00000000a2400000|100%| O|  |TAMS 0x00000000a2400000, 0x00000000a2300000| Untracked 
|  36|0x00000000a2400000, 0x00000000a2500000, 0x00000000a2500000|100%|HS|  |TAMS 0x00000000a2500000, 0x00000000a2400000| Complete 
|  37|0x00000000a2500000, 0x00000000a2600000, 0x00000000a2600000|100%|HC|  |TAMS 0x00000000a2600000, 0x00000000a2500000| Complete 
|  38|0x00000000a2600000, 0x00000000a2700000, 0x00000000a2700000|100%|HC|  |TAMS 0x00000000a2700000, 0x00000000a2600000| Complete 
|  39|0x00000000a2700000, 0x00000000a2800000, 0x00000000a2800000|100%|HC|  |TAMS 0x00000000a2800000, 0x00000000a2700000| Complete 
|  40|0x00000000a2800000, 0x00000000a2900000, 0x00000000a2900000|100%|HC|  |TAMS 0x00000000a2900000, 0x00000000a2800000| Complete 
|  41|0x00000000a2900000, 0x00000000a2a00000, 0x00000000a2a00000|100%| O|  |TAMS 0x00000000a2a00000, 0x00000000a2900000| Untracked 
|  42|0x00000000a2a00000, 0x00000000a2b00000, 0x00000000a2b00000|100%| O|  |TAMS 0x00000000a2b00000, 0x00000000a2a00000| Untracked 
|  43|0x00000000a2b00000, 0x00000000a2c00000, 0x00000000a2c00000|100%| O|  |TAMS 0x00000000a2c00000, 0x00000000a2b00000| Untracked 
|  44|0x00000000a2c00000, 0x00000000a2d00000, 0x00000000a2d00000|100%| O|  |TAMS 0x00000000a2d00000, 0x00000000a2c00000| Untracked 
|  45|0x00000000a2d00000, 0x00000000a2e00000, 0x00000000a2e00000|100%| O|  |TAMS 0x00000000a2e00000, 0x00000000a2d00000| Untracked 
|  46|0x00000000a2e00000, 0x00000000a2f00000, 0x00000000a2f00000|100%| O|  |TAMS 0x00000000a2f00000, 0x00000000a2e00000| Untracked 
|  47|0x00000000a2f00000, 0x00000000a3000000, 0x00000000a3000000|100%|HS|  |TAMS 0x00000000a3000000, 0x00000000a2f00000| Complete 
|  48|0x00000000a3000000, 0x00000000a3100000, 0x00000000a3100000|100%|HC|  |TAMS 0x00000000a3100000, 0x00000000a3000000| Complete 
|  49|0x00000000a3100000, 0x00000000a3200000, 0x00000000a3200000|100%|HC|  |TAMS 0x00000000a3200000, 0x00000000a3100000| Complete 
|  50|0x00000000a3200000, 0x00000000a3300000, 0x00000000a3300000|100%| O|  |TAMS 0x00000000a3300000, 0x00000000a3200000| Untracked 
|  51|0x00000000a3300000, 0x00000000a3400000, 0x00000000a3400000|100%| O|  |TAMS 0x00000000a3400000, 0x00000000a3300000| Untracked 
|  52|0x00000000a3400000, 0x00000000a3500000, 0x00000000a3500000|100%| O|  |TAMS 0x00000000a3500000, 0x00000000a3400000| Untracked 
|  53|0x00000000a3500000, 0x00000000a3600000, 0x00000000a3600000|100%| O|  |TAMS 0x00000000a3600000, 0x00000000a3500000| Untracked 
|  54|0x00000000a3600000, 0x00000000a3700000, 0x00000000a3700000|100%| O|  |TAMS 0x00000000a3700000, 0x00000000a3600000| Untracked 
|  55|0x00000000a3700000, 0x00000000a3800000, 0x00000000a3800000|100%| O|  |TAMS 0x00000000a3800000, 0x00000000a3700000| Untracked 
|  56|0x00000000a3800000, 0x00000000a3900000, 0x00000000a3900000|100%| O|  |TAMS 0x00000000a3900000, 0x00000000a3800000| Untracked 
|  57|0x00000000a3900000, 0x00000000a3a00000, 0x00000000a3a00000|100%| O|  |TAMS 0x00000000a3a00000, 0x00000000a3900000| Untracked 
|  58|0x00000000a3a00000, 0x00000000a3b00000, 0x00000000a3b00000|100%| O|  |TAMS 0x00000000a3b00000, 0x00000000a3a00000| Untracked 
|  59|0x00000000a3b00000, 0x00000000a3c00000, 0x00000000a3c00000|100%| O|  |TAMS 0x00000000a3c00000, 0x00000000a3b00000| Untracked 
|  60|0x00000000a3c00000, 0x00000000a3d00000, 0x00000000a3d00000|100%|HS|  |TAMS 0x00000000a3d00000, 0x00000000a3c00000| Complete 
|  61|0x00000000a3d00000, 0x00000000a3e00000, 0x00000000a3e00000|100%|HS|  |TAMS 0x00000000a3e00000, 0x00000000a3d00000| Complete 
|  62|0x00000000a3e00000, 0x00000000a3f00000, 0x00000000a3f00000|100%|HS|  |TAMS 0x00000000a3f00000, 0x00000000a3e00000| Complete 
|  63|0x00000000a3f00000, 0x00000000a4000000, 0x00000000a4000000|100%|HS|  |TAMS 0x00000000a4000000, 0x00000000a3f00000| Complete 
|  64|0x00000000a4000000, 0x00000000a4100000, 0x00000000a4100000|100%|HC|  |TAMS 0x00000000a4100000, 0x00000000a4000000| Complete 
|  65|0x00000000a4100000, 0x00000000a4200000, 0x00000000a4200000|100%|HC|  |TAMS 0x00000000a4200000, 0x00000000a4100000| Complete 
|  66|0x00000000a4200000, 0x00000000a4300000, 0x00000000a4300000|100%| O|  |TAMS 0x00000000a4300000, 0x00000000a4200000| Untracked 
|  67|0x00000000a4300000, 0x00000000a4400000, 0x00000000a4400000|100%| O|  |TAMS 0x00000000a4400000, 0x00000000a4300000| Untracked 
|  68|0x00000000a4400000, 0x00000000a4500000, 0x00000000a4500000|100%| O|  |TAMS 0x00000000a4500000, 0x00000000a4400000| Untracked 
|  69|0x00000000a4500000, 0x00000000a4600000, 0x00000000a4600000|100%|HS|  |TAMS 0x00000000a4600000, 0x00000000a4500000| Complete 
|  70|0x00000000a4600000, 0x00000000a4700000, 0x00000000a4700000|100%|HC|  |TAMS 0x00000000a4700000, 0x00000000a4600000| Complete 
|  71|0x00000000a4700000, 0x00000000a4800000, 0x00000000a4800000|100%| O|  |TAMS 0x00000000a4800000, 0x00000000a4700000| Untracked 
|  72|0x00000000a4800000, 0x00000000a4900000, 0x00000000a4900000|100%| O|  |TAMS 0x00000000a4900000, 0x00000000a4800000| Untracked 
|  73|0x00000000a4900000, 0x00000000a4a00000, 0x00000000a4a00000|100%| O|  |TAMS 0x00000000a4a00000, 0x00000000a4900000| Untracked 
|  74|0x00000000a4a00000, 0x00000000a4b00000, 0x00000000a4b00000|100%| O|  |TAMS 0x00000000a4b00000, 0x00000000a4a00000| Untracked 
|  75|0x00000000a4b00000, 0x00000000a4c00000, 0x00000000a4c00000|100%| O|  |TAMS 0x00000000a4c00000, 0x00000000a4b00000| Untracked 
|  76|0x00000000a4c00000, 0x00000000a4d00000, 0x00000000a4d00000|100%| O|  |TAMS 0x00000000a4d00000, 0x00000000a4c00000| Untracked 
|  77|0x00000000a4d00000, 0x00000000a4e00000, 0x00000000a4e00000|100%| O|  |TAMS 0x00000000a4e00000, 0x00000000a4d00000| Untracked 
|  78|0x00000000a4e00000, 0x00000000a4f00000, 0x00000000a4f00000|100%| O|  |TAMS 0x00000000a4f00000, 0x00000000a4e00000| Untracked 
|  79|0x00000000a4f00000, 0x00000000a5000000, 0x00000000a5000000|100%| O|  |TAMS 0x00000000a5000000, 0x00000000a4f00000| Untracked 
|  80|0x00000000a5000000, 0x00000000a5100000, 0x00000000a5100000|100%| O|  |TAMS 0x00000000a5100000, 0x00000000a5000000| Untracked 
|  81|0x00000000a5100000, 0x00000000a5200000, 0x00000000a5200000|100%| O|  |TAMS 0x00000000a5200000, 0x00000000a5100000| Untracked 
|  82|0x00000000a5200000, 0x00000000a5300000, 0x00000000a5300000|100%| O|  |TAMS 0x00000000a5300000, 0x00000000a5200000| Untracked 
|  83|0x00000000a5300000, 0x00000000a5400000, 0x00000000a5400000|100%| O|  |TAMS 0x00000000a5400000, 0x00000000a5300000| Untracked 
|  84|0x00000000a5400000, 0x00000000a5500000, 0x00000000a5500000|100%| O|  |TAMS 0x00000000a5500000, 0x00000000a5400000| Untracked 
|  85|0x00000000a5500000, 0x00000000a5600000, 0x00000000a5600000|100%| O|  |TAMS 0x00000000a5600000, 0x00000000a5500000| Untracked 
|  86|0x00000000a5600000, 0x00000000a5700000, 0x00000000a5700000|100%| O|  |TAMS 0x00000000a5700000, 0x00000000a5600000| Untracked 
|  87|0x00000000a5700000, 0x00000000a5800000, 0x00000000a5800000|100%| O|  |TAMS 0x00000000a5800000, 0x00000000a5700000| Untracked 
|  88|0x00000000a5800000, 0x00000000a5900000, 0x00000000a5900000|100%| O|  |TAMS 0x00000000a5900000, 0x00000000a5800000| Untracked 
|  89|0x00000000a5900000, 0x00000000a5a00000, 0x00000000a5a00000|100%| O|  |TAMS 0x00000000a5a00000, 0x00000000a5900000| Untracked 
|  90|0x00000000a5a00000, 0x00000000a5b00000, 0x00000000a5b00000|100%| O|  |TAMS 0x00000000a5b00000, 0x00000000a5a00000| Untracked 
|  91|0x00000000a5b00000, 0x00000000a5c00000, 0x00000000a5c00000|100%| O|  |TAMS 0x00000000a5c00000, 0x00000000a5b00000| Untracked 
|  92|0x00000000a5c00000, 0x00000000a5d00000, 0x00000000a5d00000|100%| O|  |TAMS 0x00000000a5d00000, 0x00000000a5c00000| Untracked 
|  93|0x00000000a5d00000, 0x00000000a5e00000, 0x00000000a5e00000|100%| O|  |TAMS 0x00000000a5e00000, 0x00000000a5d00000| Untracked 
|  94|0x00000000a5e00000, 0x00000000a5f00000, 0x00000000a5f00000|100%| O|  |TAMS 0x00000000a5f00000, 0x00000000a5e00000| Untracked 
|  95|0x00000000a5f00000, 0x00000000a6000000, 0x00000000a6000000|100%| O|  |TAMS 0x00000000a6000000, 0x00000000a5f00000| Untracked 
|  96|0x00000000a6000000, 0x00000000a6100000, 0x00000000a6100000|100%| O|  |TAMS 0x00000000a6100000, 0x00000000a6000000| Untracked 
|  97|0x00000000a6100000, 0x00000000a6200000, 0x00000000a6200000|100%| O|  |TAMS 0x00000000a6200000, 0x00000000a6100000| Untracked 
|  98|0x00000000a6200000, 0x00000000a6300000, 0x00000000a6300000|100%| O|  |TAMS 0x00000000a6300000, 0x00000000a6200000| Untracked 
|  99|0x00000000a6300000, 0x00000000a6400000, 0x00000000a6400000|100%| O|  |TAMS 0x00000000a6400000, 0x00000000a6300000| Untracked 
| 100|0x00000000a6400000, 0x00000000a6500000, 0x00000000a6500000|100%| O|  |TAMS 0x00000000a6500000, 0x00000000a6400000| Untracked 
| 101|0x00000000a6500000, 0x00000000a6600000, 0x00000000a6600000|100%| O|  |TAMS 0x00000000a6600000, 0x00000000a6500000| Untracked 
| 102|0x00000000a6600000, 0x00000000a6700000, 0x00000000a6700000|100%| O|  |TAMS 0x00000000a6700000, 0x00000000a6600000| Untracked 
| 103|0x00000000a6700000, 0x00000000a6800000, 0x00000000a6800000|100%| O|  |TAMS 0x00000000a6800000, 0x00000000a6700000| Untracked 
| 104|0x00000000a6800000, 0x00000000a6900000, 0x00000000a6900000|100%| O|  |TAMS 0x00000000a6900000, 0x00000000a6800000| Untracked 
| 105|0x00000000a6900000, 0x00000000a6a00000, 0x00000000a6a00000|100%| O|  |TAMS 0x00000000a699d200, 0x00000000a6900000| Untracked 
| 106|0x00000000a6a00000, 0x00000000a6b00000, 0x00000000a6b00000|100%| O|  |TAMS 0x00000000a6a00000, 0x00000000a6a00000| Untracked 
| 107|0x00000000a6b00000, 0x00000000a6c00000, 0x00000000a6c00000|100%| O|  |TAMS 0x00000000a6b00000, 0x00000000a6b00000| Untracked 
| 108|0x00000000a6c00000, 0x00000000a6d00000, 0x00000000a6d00000|100%| O|  |TAMS 0x00000000a6c00000, 0x00000000a6c00000| Untracked 
| 109|0x00000000a6d00000, 0x00000000a6e00000, 0x00000000a6e00000|100%| O|  |TAMS 0x00000000a6d00000, 0x00000000a6d00000| Untracked 
| 110|0x00000000a6e00000, 0x00000000a6f00000, 0x00000000a6f00000|100%| O|  |TAMS 0x00000000a6e00000, 0x00000000a6e00000| Untracked 
| 111|0x00000000a6f00000, 0x00000000a6f36c00, 0x00000000a7000000| 21%| O|  |TAMS 0x00000000a6f00000, 0x00000000a6f00000| Untracked 
| 112|0x00000000a7000000, 0x00000000a7100000, 0x00000000a7100000|100%|HS|  |TAMS 0x00000000a7000000, 0x00000000a7000000| Complete 
| 113|0x00000000a7100000, 0x00000000a7100000, 0x00000000a7200000|  0%| F|  |TAMS 0x00000000a7100000, 0x00000000a7100000| Untracked 
| 114|0x00000000a7200000, 0x00000000a7200000, 0x00000000a7300000|  0%| F|  |TAMS 0x00000000a7200000, 0x00000000a7200000| Untracked 
| 115|0x00000000a7300000, 0x00000000a7300000, 0x00000000a7400000|  0%| F|  |TAMS 0x00000000a7300000, 0x00000000a7300000| Untracked 
| 116|0x00000000a7400000, 0x00000000a7400000, 0x00000000a7500000|  0%| F|  |TAMS 0x00000000a7400000, 0x00000000a7400000| Untracked 
| 117|0x00000000a7500000, 0x00000000a7500000, 0x00000000a7600000|  0%| F|  |TAMS 0x00000000a7500000, 0x00000000a7500000| Untracked 
| 118|0x00000000a7600000, 0x00000000a7600000, 0x00000000a7700000|  0%| F|  |TAMS 0x00000000a7600000, 0x00000000a7600000| Untracked 
| 119|0x00000000a7700000, 0x00000000a7700000, 0x00000000a7800000|  0%| F|  |TAMS 0x00000000a7700000, 0x00000000a7700000| Untracked 
| 120|0x00000000a7800000, 0x00000000a7800000, 0x00000000a7900000|  0%| F|  |TAMS 0x00000000a7800000, 0x00000000a7800000| Untracked 
| 121|0x00000000a7900000, 0x00000000a7900000, 0x00000000a7a00000|  0%| F|  |TAMS 0x00000000a7900000, 0x00000000a7900000| Untracked 
| 122|0x00000000a7a00000, 0x00000000a7a00000, 0x00000000a7b00000|  0%| F|  |TAMS 0x00000000a7a00000, 0x00000000a7a00000| Untracked 
| 123|0x00000000a7b00000, 0x00000000a7b00000, 0x00000000a7c00000|  0%| F|  |TAMS 0x00000000a7b00000, 0x00000000a7b00000| Untracked 
| 124|0x00000000a7c00000, 0x00000000a7c00000, 0x00000000a7d00000|  0%| F|  |TAMS 0x00000000a7c00000, 0x00000000a7c00000| Untracked 
| 125|0x00000000a7d00000, 0x00000000a7d00000, 0x00000000a7e00000|  0%| F|  |TAMS 0x00000000a7d00000, 0x00000000a7d00000| Untracked 
| 126|0x00000000a7e00000, 0x00000000a7e00000, 0x00000000a7f00000|  0%| F|  |TAMS 0x00000000a7e00000, 0x00000000a7e00000| Untracked 
| 127|0x00000000a7f00000, 0x00000000a7f00000, 0x00000000a8000000|  0%| F|  |TAMS 0x00000000a7f00000, 0x00000000a7f00000| Untracked 
| 128|0x00000000a8000000, 0x00000000a8000000, 0x00000000a8100000|  0%| F|  |TAMS 0x00000000a8000000, 0x00000000a8000000| Untracked 
| 129|0x00000000a8100000, 0x00000000a8100000, 0x00000000a8200000|  0%| F|  |TAMS 0x00000000a8100000, 0x00000000a8100000| Untracked 
| 130|0x00000000a8200000, 0x00000000a8200000, 0x00000000a8300000|  0%| F|  |TAMS 0x00000000a8200000, 0x00000000a8200000| Untracked 
| 131|0x00000000a8300000, 0x00000000a8300000, 0x00000000a8400000|  0%| F|  |TAMS 0x00000000a8300000, 0x00000000a8300000| Untracked 
| 132|0x00000000a8400000, 0x00000000a8400000, 0x00000000a8500000|  0%| F|  |TAMS 0x00000000a8400000, 0x00000000a8400000| Untracked 
| 133|0x00000000a8500000, 0x00000000a8500000, 0x00000000a8600000|  0%| F|  |TAMS 0x00000000a8500000, 0x00000000a8500000| Untracked 
| 134|0x00000000a8600000, 0x00000000a8600000, 0x00000000a8700000|  0%| F|  |TAMS 0x00000000a8600000, 0x00000000a8600000| Untracked 
| 135|0x00000000a8700000, 0x00000000a8700000, 0x00000000a8800000|  0%| F|  |TAMS 0x00000000a8700000, 0x00000000a8700000| Untracked 
| 136|0x00000000a8800000, 0x00000000a8800000, 0x00000000a8900000|  0%| F|  |TAMS 0x00000000a8800000, 0x00000000a8800000| Untracked 
| 137|0x00000000a8900000, 0x00000000a8900000, 0x00000000a8a00000|  0%| F|  |TAMS 0x00000000a8900000, 0x00000000a8900000| Untracked 
| 138|0x00000000a8a00000, 0x00000000a8a00000, 0x00000000a8b00000|  0%| F|  |TAMS 0x00000000a8a00000, 0x00000000a8a00000| Untracked 
| 139|0x00000000a8b00000, 0x00000000a8b00000, 0x00000000a8c00000|  0%| F|  |TAMS 0x00000000a8b00000, 0x00000000a8b00000| Untracked 
| 140|0x00000000a8c00000, 0x00000000a8c00000, 0x00000000a8d00000|  0%| F|  |TAMS 0x00000000a8c00000, 0x00000000a8c00000| Untracked 
| 141|0x00000000a8d00000, 0x00000000a8d00000, 0x00000000a8e00000|  0%| F|  |TAMS 0x00000000a8d00000, 0x00000000a8d00000| Untracked 
| 142|0x00000000a8e00000, 0x00000000a8e00000, 0x00000000a8f00000|  0%| F|  |TAMS 0x00000000a8e00000, 0x00000000a8e00000| Untracked 
| 143|0x00000000a8f00000, 0x00000000a8f00000, 0x00000000a9000000|  0%| F|  |TAMS 0x00000000a8f00000, 0x00000000a8f00000| Untracked 
| 144|0x00000000a9000000, 0x00000000a9000000, 0x00000000a9100000|  0%| F|  |TAMS 0x00000000a9000000, 0x00000000a9000000| Untracked 
| 145|0x00000000a9100000, 0x00000000a9100000, 0x00000000a9200000|  0%| F|  |TAMS 0x00000000a9100000, 0x00000000a9100000| Untracked 
| 146|0x00000000a9200000, 0x00000000a9200000, 0x00000000a9300000|  0%| F|  |TAMS 0x00000000a9200000, 0x00000000a9200000| Untracked 
| 147|0x00000000a9300000, 0x00000000a9300000, 0x00000000a9400000|  0%| F|  |TAMS 0x00000000a9300000, 0x00000000a9300000| Untracked 
| 148|0x00000000a9400000, 0x00000000a9400000, 0x00000000a9500000|  0%| F|  |TAMS 0x00000000a9400000, 0x00000000a9400000| Untracked 
| 149|0x00000000a9500000, 0x00000000a9500000, 0x00000000a9600000|  0%| F|  |TAMS 0x00000000a9500000, 0x00000000a9500000| Untracked 
| 150|0x00000000a9600000, 0x00000000a9600000, 0x00000000a9700000|  0%| F|  |TAMS 0x00000000a9600000, 0x00000000a9600000| Untracked 
| 151|0x00000000a9700000, 0x00000000a9700000, 0x00000000a9800000|  0%| F|  |TAMS 0x00000000a9700000, 0x00000000a9700000| Untracked 
| 152|0x00000000a9800000, 0x00000000a9800000, 0x00000000a9900000|  0%| F|  |TAMS 0x00000000a9800000, 0x00000000a9800000| Untracked 
| 153|0x00000000a9900000, 0x00000000a99d6f60, 0x00000000a9a00000| 83%| E|  |TAMS 0x00000000a9900000, 0x00000000a9900000| Complete 
| 154|0x00000000a9a00000, 0x00000000a9b00000, 0x00000000a9b00000|100%| E|CS|TAMS 0x00000000a9a00000, 0x00000000a9a00000| Complete 
| 155|0x00000000a9b00000, 0x00000000a9c00000, 0x00000000a9c00000|100%| E|CS|TAMS 0x00000000a9b00000, 0x00000000a9b00000| Complete 
| 156|0x00000000a9c00000, 0x00000000a9d00000, 0x00000000a9d00000|100%| E|CS|TAMS 0x00000000a9c00000, 0x00000000a9c00000| Complete 
| 157|0x00000000a9d00000, 0x00000000a9e00000, 0x00000000a9e00000|100%| E|CS|TAMS 0x00000000a9d00000, 0x00000000a9d00000| Complete 
| 158|0x00000000a9e00000, 0x00000000a9f00000, 0x00000000a9f00000|100%| E|CS|TAMS 0x00000000a9e00000, 0x00000000a9e00000| Complete 
| 159|0x00000000a9f00000, 0x00000000aa000000, 0x00000000aa000000|100%| E|CS|TAMS 0x00000000a9f00000, 0x00000000a9f00000| Complete 
| 160|0x00000000aa000000, 0x00000000aa100000, 0x00000000aa100000|100%| E|CS|TAMS 0x00000000aa000000, 0x00000000aa000000| Complete 
| 161|0x00000000aa100000, 0x00000000aa200000, 0x00000000aa200000|100%| E|CS|TAMS 0x00000000aa100000, 0x00000000aa100000| Complete 
| 162|0x00000000aa200000, 0x00000000aa300000, 0x00000000aa300000|100%| E|CS|TAMS 0x00000000aa200000, 0x00000000aa200000| Complete 
| 163|0x00000000aa300000, 0x00000000aa400000, 0x00000000aa400000|100%| E|CS|TAMS 0x00000000aa300000, 0x00000000aa300000| Complete 
| 164|0x00000000aa400000, 0x00000000aa500000, 0x00000000aa500000|100%| E|CS|TAMS 0x00000000aa400000, 0x00000000aa400000| Complete 
| 165|0x00000000aa500000, 0x00000000aa600000, 0x00000000aa600000|100%| E|CS|TAMS 0x00000000aa500000, 0x00000000aa500000| Complete 
| 166|0x00000000aa600000, 0x00000000aa6bcf40, 0x00000000aa700000| 73%| S|CS|TAMS 0x00000000aa600000, 0x00000000aa600000| Complete 
| 167|0x00000000aa700000, 0x00000000aa800000, 0x00000000aa800000|100%| S|CS|TAMS 0x00000000aa700000, 0x00000000aa700000| Complete 
| 168|0x00000000aa800000, 0x00000000aa900000, 0x00000000aa900000|100%| S|CS|TAMS 0x00000000aa800000, 0x00000000aa800000| Complete 
| 169|0x00000000aa900000, 0x00000000aaa00000, 0x00000000aaa00000|100%| E|CS|TAMS 0x00000000aa900000, 0x00000000aa900000| Complete 
| 170|0x00000000aaa00000, 0x00000000aab00000, 0x00000000aab00000|100%| E|CS|TAMS 0x00000000aaa00000, 0x00000000aaa00000| Complete 
| 171|0x00000000aab00000, 0x00000000aac00000, 0x00000000aac00000|100%| E|CS|TAMS 0x00000000aab00000, 0x00000000aab00000| Complete 
| 172|0x00000000aac00000, 0x00000000aad00000, 0x00000000aad00000|100%| E|CS|TAMS 0x00000000aac00000, 0x00000000aac00000| Complete 
| 173|0x00000000aad00000, 0x00000000aae00000, 0x00000000aae00000|100%| E|CS|TAMS 0x00000000aad00000, 0x00000000aad00000| Complete 
| 174|0x00000000aae00000, 0x00000000aaf00000, 0x00000000aaf00000|100%| E|CS|TAMS 0x00000000aae00000, 0x00000000aae00000| Complete 
| 175|0x00000000aaf00000, 0x00000000ab000000, 0x00000000ab000000|100%| E|CS|TAMS 0x00000000aaf00000, 0x00000000aaf00000| Complete 
| 176|0x00000000ab000000, 0x00000000ab100000, 0x00000000ab100000|100%| E|CS|TAMS 0x00000000ab000000, 0x00000000ab000000| Complete 
| 177|0x00000000ab100000, 0x00000000ab200000, 0x00000000ab200000|100%| E|CS|TAMS 0x00000000ab100000, 0x00000000ab100000| Complete 
| 178|0x00000000ab200000, 0x00000000ab300000, 0x00000000ab300000|100%| E|CS|TAMS 0x00000000ab200000, 0x00000000ab200000| Complete 
| 179|0x00000000ab300000, 0x00000000ab400000, 0x00000000ab400000|100%| E|CS|TAMS 0x00000000ab300000, 0x00000000ab300000| Complete 
| 180|0x00000000ab400000, 0x00000000ab500000, 0x00000000ab500000|100%| E|CS|TAMS 0x00000000ab400000, 0x00000000ab400000| Complete 
| 181|0x00000000ab500000, 0x00000000ab600000, 0x00000000ab600000|100%| E|CS|TAMS 0x00000000ab500000, 0x00000000ab500000| Complete 
| 182|0x00000000ab600000, 0x00000000ab700000, 0x00000000ab700000|100%| E|CS|TAMS 0x00000000ab600000, 0x00000000ab600000| Complete 
| 183|0x00000000ab700000, 0x00000000ab800000, 0x00000000ab800000|100%| E|CS|TAMS 0x00000000ab700000, 0x00000000ab700000| Complete 
| 184|0x00000000ab800000, 0x00000000ab900000, 0x00000000ab900000|100%| E|CS|TAMS 0x00000000ab800000, 0x00000000ab800000| Complete 
| 185|0x00000000ab900000, 0x00000000aba00000, 0x00000000aba00000|100%| E|CS|TAMS 0x00000000ab900000, 0x00000000ab900000| Complete 
| 186|0x00000000aba00000, 0x00000000abb00000, 0x00000000abb00000|100%| E|CS|TAMS 0x00000000aba00000, 0x00000000aba00000| Complete 
| 187|0x00000000abb00000, 0x00000000abc00000, 0x00000000abc00000|100%| E|CS|TAMS 0x00000000abb00000, 0x00000000abb00000| Complete 
| 188|0x00000000abc00000, 0x00000000abd00000, 0x00000000abd00000|100%| E|CS|TAMS 0x00000000abc00000, 0x00000000abc00000| Complete 
| 189|0x00000000abd00000, 0x00000000abe00000, 0x00000000abe00000|100%| E|CS|TAMS 0x00000000abd00000, 0x00000000abd00000| Complete 
| 190|0x00000000abe00000, 0x00000000abf00000, 0x00000000abf00000|100%| E|CS|TAMS 0x00000000abe00000, 0x00000000abe00000| Complete 
| 191|0x00000000abf00000, 0x00000000ac000000, 0x00000000ac000000|100%| E|CS|TAMS 0x00000000abf00000, 0x00000000abf00000| Complete 
| 192|0x00000000ac000000, 0x00000000ac100000, 0x00000000ac100000|100%| E|CS|TAMS 0x00000000ac000000, 0x00000000ac000000| Complete 
| 193|0x00000000ac100000, 0x00000000ac200000, 0x00000000ac200000|100%| E|  |TAMS 0x00000000ac100000, 0x00000000ac100000| Complete 
| 194|0x00000000ac200000, 0x00000000ac300000, 0x00000000ac300000|100%| E|CS|TAMS 0x00000000ac200000, 0x00000000ac200000| Complete 
| 195|0x00000000ac300000, 0x00000000ac400000, 0x00000000ac400000|100%| E|CS|TAMS 0x00000000ac300000, 0x00000000ac300000| Complete 
| 196|0x00000000ac400000, 0x00000000ac500000, 0x00000000ac500000|100%| E|CS|TAMS 0x00000000ac400000, 0x00000000ac400000| Complete 
| 197|0x00000000ac500000, 0x00000000ac600000, 0x00000000ac600000|100%| E|CS|TAMS 0x00000000ac500000, 0x00000000ac500000| Complete 
| 198|0x00000000ac600000, 0x00000000ac700000, 0x00000000ac700000|100%| E|CS|TAMS 0x00000000ac600000, 0x00000000ac600000| Complete 
| 199|0x00000000ac700000, 0x00000000ac800000, 0x00000000ac800000|100%| E|CS|TAMS 0x00000000ac700000, 0x00000000ac700000| Complete 
| 200|0x00000000ac800000, 0x00000000ac900000, 0x00000000ac900000|100%| E|CS|TAMS 0x00000000ac800000, 0x00000000ac800000| Complete 
| 201|0x00000000ac900000, 0x00000000aca00000, 0x00000000aca00000|100%| E|CS|TAMS 0x00000000ac900000, 0x00000000ac900000| Complete 
| 202|0x00000000aca00000, 0x00000000acb00000, 0x00000000acb00000|100%| E|CS|TAMS 0x00000000aca00000, 0x00000000aca00000| Complete 
| 203|0x00000000acb00000, 0x00000000acc00000, 0x00000000acc00000|100%| E|CS|TAMS 0x00000000acb00000, 0x00000000acb00000| Complete 
| 204|0x00000000acc00000, 0x00000000acd00000, 0x00000000acd00000|100%| E|CS|TAMS 0x00000000acc00000, 0x00000000acc00000| Complete 

Card table byte_map: [0x000001f12ee50000,0x000001f12f150000] _byte_map_base: 0x000001f12e950000

Marking Bits (Prev, Next): (CMBitMap*) 0x000001f1165f6d50, (CMBitMap*) 0x000001f1165f6d90
 Prev Bits: [0x000001f12f450000, 0x000001f130c50000)
 Next Bits: [0x000001f130c50000, 0x000001f132450000)

Polling page: 0x000001f11f4f0000

Metaspace:

Usage:
  Non-class:     84.31 MB used.
      Class:     12.54 MB used.
       Both:     96.85 MB used.

Virtual space:
  Non-class space:       88.00 MB reserved,      84.75 MB ( 96%) committed,  11 nodes.
      Class space:        1.00 GB reserved,      12.94 MB (  1%) committed,  1 nodes.
              Both:        1.09 GB reserved,      97.69 MB (  9%) committed. 

Chunk freelists:
   Non-Class:  2.70 MB
       Class:  2.98 MB
        Both:  5.68 MB

MaxMetaspaceSize: 17179869184.00 GB
CompressedClassSpaceSize: 1.00 GB
 - commit_granule_bytes: 65536.
 - commit_granule_words: 8192.
 - virtual_space_node_default_size: 1048576.
 - enlarge_chunks_in_place: 1.
 - new_chunks_are_fully_committed: 0.
 - uncommit_free_chunks: 1.
 - use_allocation_guard: 0.
 - handle_deallocations: 1.


Internal statistics:

num_allocs_failed_limit: 6.
num_arena_births: 1144.
num_arena_deaths: 18.
num_vsnodes_births: 12.
num_vsnodes_deaths: 0.
num_space_committed: 1563.
num_space_uncommitted: 0.
num_chunks_returned_to_freelist: 42.
num_chunks_taken_from_freelist: 5144.
num_chunk_merges: 8.
num_chunk_splits: 3325.
num_chunks_enlarged: 2167.
num_purges: 10.

CodeHeap 'non-profiled nmethods': size=120000Kb used=7244Kb max_used=7244Kb free=112755Kb
 bounds [0x000001f126fe0000, 0x000001f127700000, 0x000001f12e510000]
CodeHeap 'profiled nmethods': size=120000Kb used=25165Kb max_used=25165Kb free=94835Kb
 bounds [0x000001f11fab0000, 0x000001f121350000, 0x000001f126fe0000]
CodeHeap 'non-nmethods': size=5760Kb used=2468Kb max_used=2537Kb free=3291Kb
 bounds [0x000001f11f510000, 0x000001f11f7a0000, 0x000001f11fab0000]
 total_blobs=13366 nmethods=12369 adapters=909
 compilation: enabled
              stopped_count=0, restarted_count=0
 full_count=0

Compilation events (20 events):
Event: 37.760 Thread 0x000001f134a2ac40 14023       3       java.util.ArrayList::writeObject (60 bytes)
Event: 37.760 Thread 0x000001f134a2ac40 nmethod 14023 0x000001f12133e490 code [0x000001f12133e680, 0x000001f12133ebb8]
Event: 37.760 Thread 0x000001f134a2ac40 14024   !   3       jdk.internal.reflect.GeneratedMethodAccessor75::invoke (66 bytes)
Event: 37.761 Thread 0x000001f134a2ac40 nmethod 14024 0x000001f12133ee10 code [0x000001f12133f040, 0x000001f12133f7b8]
Event: 37.761 Thread 0x000001f134a2ac40 14026  s    3       java.io.File::writeObject (12 bytes)
Event: 37.762 Thread 0x000001f134a2ac40 nmethod 14026 0x000001f12133fb10 code [0x000001f12133fce0, 0x000001f121340098]
Event: 37.762 Thread 0x000001f134a2ac40 14027       3       java.io.ObjectOutputStream::writeChar (9 bytes)
Event: 37.762 Thread 0x000001f134a2ac40 nmethod 14027 0x000001f121340210 code [0x000001f1213403c0, 0x000001f121340508]
Event: 37.765 Thread 0x000001f134a2ac40 14028       3       java.io.ObjectOutputStream$BlockDataOutputStream::writeUTF (11 bytes)
Event: 37.765 Thread 0x000001f134a2ac40 nmethod 14028 0x000001f121340610 code [0x000001f1213407c0, 0x000001f121340978]
Event: 37.766 Thread 0x000001f134a2ac40 14029       3       java.io.ObjectOutputStream::writeUTF (9 bytes)
Event: 37.766 Thread 0x000001f134a2ac40 nmethod 14029 0x000001f121340a90 code [0x000001f121340c60, 0x000001f121340e78]
Event: 37.767 Thread 0x000001f134a2ac40 14030       3       java.io.ObjectStreamClass::getSerialVersionUID (42 bytes)
Event: 37.767 Thread 0x000001f134a2ac40 nmethod 14030 0x000001f121340f90 code [0x000001f1213411c0, 0x000001f1213418a8]
Event: 37.769 Thread 0x000001f134a2ac40 14031  s    3       java.net.URL::writeObject (5 bytes)
Event: 37.769 Thread 0x000001f134a2ac40 nmethod 14031 0x000001f121341b90 code [0x000001f121341d40, 0x000001f121341fc8]
Event: 37.769 Thread 0x000001f134a2ac40 14032   !   3       jdk.internal.reflect.GeneratedMethodAccessor20::invoke (66 bytes)
Event: 37.770 Thread 0x000001f134a2ac40 nmethod 14032 0x000001f121342090 code [0x000001f1213422e0, 0x000001f121342c38]
Event: 37.829 Thread 0x000001f134a2ac40 14034       2       org.gradle.internal.logging.text.AbstractLineChoppingStyledTextOutput$1::execute (9 bytes)
Event: 37.829 Thread 0x000001f134a2ac40 nmethod 14034 0x000001f121343010 code [0x000001f1213431c0, 0x000001f121343328]

GC Heap History (20 events):
Event: 19.228 GC heap before
{Heap before GC invocations=29 (full 0):
 garbage-first heap   total 159744K, used 123312K [0x00000000a0000000, 0x0000000100000000)
  region size 1024K, 38 young (38912K), 4 survivors (4096K)
 Metaspace       used 66168K, committed 66752K, reserved 1114112K
  class space    used 8798K, committed 9088K, reserved 1048576K
}
Event: 19.237 GC heap after
{Heap after GC invocations=30 (full 0):
 garbage-first heap   total 159744K, used 90978K [0x00000000a0000000, 0x0000000100000000)
  region size 1024K, 3 young (3072K), 3 survivors (3072K)
 Metaspace       used 66168K, committed 66752K, reserved 1114112K
  class space    used 8798K, committed 9088K, reserved 1048576K
}
Event: 20.267 GC heap before
{Heap before GC invocations=31 (full 0):
 garbage-first heap   total 162816K, used 126818K [0x00000000a0000000, 0x0000000100000000)
  region size 1024K, 38 young (38912K), 3 survivors (3072K)
 Metaspace       used 69244K, committed 69888K, reserved 1114112K
  class space    used 9225K, committed 9472K, reserved 1048576K
}
Event: 20.276 GC heap after
{Heap after GC invocations=32 (full 0):
 garbage-first heap   total 162816K, used 93532K [0x00000000a0000000, 0x0000000100000000)
  region size 1024K, 5 young (5120K), 5 survivors (5120K)
 Metaspace       used 69244K, committed 69888K, reserved 1114112K
  class space    used 9225K, committed 9472K, reserved 1048576K
}
Event: 21.291 GC heap before
{Heap before GC invocations=32 (full 0):
 garbage-first heap   total 162816K, used 129372K [0x00000000a0000000, 0x0000000100000000)
  region size 1024K, 41 young (41984K), 5 survivors (5120K)
 Metaspace       used 72701K, committed 73408K, reserved 1114112K
  class space    used 9576K, committed 9856K, reserved 1048576K
}
Event: 21.307 GC heap after
{Heap after GC invocations=33 (full 0):
 garbage-first heap   total 162816K, used 97787K [0x00000000a0000000, 0x0000000100000000)
  region size 1024K, 6 young (6144K), 6 survivors (6144K)
 Metaspace       used 72701K, committed 73408K, reserved 1114112K
  class space    used 9576K, committed 9856K, reserved 1048576K
}
Event: 21.956 GC heap before
{Heap before GC invocations=34 (full 0):
 garbage-first heap   total 176128K, used 130555K [0x00000000a0000000, 0x0000000100000000)
  region size 1024K, 38 young (38912K), 6 survivors (6144K)
 Metaspace       used 74458K, committed 75200K, reserved 1114112K
  class space    used 9818K, committed 10112K, reserved 1048576K
}
Event: 21.970 GC heap after
{Heap after GC invocations=35 (full 0):
 garbage-first heap   total 176128K, used 101191K [0x00000000a0000000, 0x0000000100000000)
  region size 1024K, 3 young (3072K), 3 survivors (3072K)
 Metaspace       used 74458K, committed 75200K, reserved 1114112K
  class space    used 9818K, committed 10112K, reserved 1048576K
}
Event: 22.889 GC heap before
{Heap before GC invocations=35 (full 0):
 garbage-first heap   total 176128K, used 121671K [0x00000000a0000000, 0x0000000100000000)
  region size 1024K, 25 young (25600K), 3 survivors (3072K)
 Metaspace       used 76721K, committed 77440K, reserved 1122304K
  class space    used 10104K, committed 10432K, reserved 1048576K
}
Event: 22.897 GC heap after
{Heap after GC invocations=36 (full 0):
 garbage-first heap   total 176128K, used 103239K [0x00000000a0000000, 0x0000000100000000)
  region size 1024K, 5 young (5120K), 5 survivors (5120K)
 Metaspace       used 76721K, committed 77440K, reserved 1122304K
  class space    used 10104K, committed 10432K, reserved 1048576K
}
Event: 24.411 GC heap before
{Heap before GC invocations=37 (full 0):
 garbage-first heap   total 183296K, used 144199K [0x00000000a0000000, 0x0000000100000000)
  region size 1024K, 44 young (45056K), 5 survivors (5120K)
 Metaspace       used 83337K, committed 84096K, reserved 1122304K
  class space    used 10867K, committed 11200K, reserved 1048576K
}
Event: 24.421 GC heap after
{Heap after GC invocations=38 (full 0):
 garbage-first heap   total 183296K, used 105199K [0x00000000a0000000, 0x0000000100000000)
  region size 1024K, 5 young (5120K), 5 survivors (5120K)
 Metaspace       used 83337K, committed 84096K, reserved 1122304K
  class space    used 10867K, committed 11200K, reserved 1048576K
}
Event: 25.770 GC heap before
{Heap before GC invocations=38 (full 0):
 garbage-first heap   total 183296K, used 148207K [0x00000000a0000000, 0x0000000100000000)
  region size 1024K, 48 young (49152K), 5 survivors (5120K)
 Metaspace       used 85995K, committed 86784K, reserved 1130496K
  class space    used 11247K, committed 11584K, reserved 1048576K
}
Event: 25.782 GC heap after
{Heap after GC invocations=39 (full 0):
 garbage-first heap   total 183296K, used 108529K [0x00000000a0000000, 0x0000000100000000)
  region size 1024K, 6 young (6144K), 6 survivors (6144K)
 Metaspace       used 85995K, committed 86784K, reserved 1130496K
  class space    used 11247K, committed 11584K, reserved 1048576K
}
Event: 26.948 GC heap before
{Heap before GC invocations=40 (full 0):
 garbage-first heap   total 189440K, used 149489K [0x00000000a0000000, 0x0000000100000000)
  region size 1024K, 47 young (48128K), 6 survivors (6144K)
 Metaspace       used 86847K, committed 87616K, reserved 1130496K
  class space    used 11315K, committed 11648K, reserved 1048576K
}
Event: 26.958 GC heap after
{Heap after GC invocations=41 (full 0):
 garbage-first heap   total 189440K, used 110844K [0x00000000a0000000, 0x0000000100000000)
  region size 1024K, 3 young (3072K), 3 survivors (3072K)
 Metaspace       used 86847K, committed 87616K, reserved 1130496K
  class space    used 11315K, committed 11648K, reserved 1048576K
}
Event: 30.162 GC heap before
{Heap before GC invocations=41 (full 0):
 garbage-first heap   total 189440K, used 156924K [0x00000000a0000000, 0x0000000100000000)
  region size 1024K, 48 young (49152K), 3 survivors (3072K)
 Metaspace       used 95089K, committed 95872K, reserved 1138688K
  class space    used 12366K, committed 12736K, reserved 1048576K
}
Event: 30.174 GC heap after
{Heap after GC invocations=42 (full 0):
 garbage-first heap   total 189440K, used 114200K [0x00000000a0000000, 0x0000000100000000)
  region size 1024K, 6 young (6144K), 6 survivors (6144K)
 Metaspace       used 95089K, committed 95872K, reserved 1138688K
  class space    used 12366K, committed 12736K, reserved 1048576K
}
Event: 33.900 GC heap before
{Heap before GC invocations=43 (full 0):
 garbage-first heap   total 204800K, used 143896K [0x00000000a0000000, 0x0000000100000000)
  region size 1024K, 37 young (37888K), 6 survivors (6144K)
 Metaspace       used 97601K, committed 98432K, reserved 1138688K
  class space    used 12674K, committed 13056K, reserved 1048576K
}
Event: 33.922 GC heap after
{Heap after GC invocations=44 (full 0):
 garbage-first heap   total 204800K, used 116594K [0x00000000a0000000, 0x0000000100000000)
  region size 1024K, 3 young (3072K), 3 survivors (3072K)
 Metaspace       used 97601K, committed 98432K, reserved 1138688K
  class space    used 12674K, committed 13056K, reserved 1048576K
}

Deoptimization events (20 events):
Event: 36.241 Thread 0x000001f13588f280 Uncommon trap: trap_request=0xffffffbe fr.pc=0x000001f1276e35e8 relative=0x0000000000000148
Event: 36.242 Thread 0x000001f13588f280 Uncommon trap: reason=profile_predicate action=maybe_recompile pc=0x000001f1276e35e8 method=java.math.BigInteger.longValue()J @ 5 c2
Event: 36.242 Thread 0x000001f13588f280 DEOPT PACKING pc=0x000001f1276e35e8 sp=0x000000421c1f7240
Event: 36.242 Thread 0x000001f13588f280 DEOPT UNPACKING pc=0x000001f11f55d72e sp=0x000000421c1f71e8 mode 2
Event: 37.634 Thread 0x000001f13588f280 Uncommon trap: trap_request=0xffffff76 fr.pc=0x000001f1272ffde4 relative=0x00000000000005a4
Event: 37.634 Thread 0x000001f13588f280 Uncommon trap: reason=predicate action=maybe_recompile pc=0x000001f1272ffde4 method=java.util.TimSort.reverseRange([Ljava/lang/Object;II)V @ 5 c2
Event: 37.634 Thread 0x000001f13588f280 DEOPT PACKING pc=0x000001f1272ffde4 sp=0x000000421c1fa5e0
Event: 37.634 Thread 0x000001f13588f280 DEOPT UNPACKING pc=0x000001f11f55d72e sp=0x000000421c1fa518 mode 2
Event: 37.828 Thread 0x000001f13588f280 Uncommon trap: trap_request=0xffffffde fr.pc=0x000001f1276a60ec relative=0x00000000000065ac
Event: 37.829 Thread 0x000001f13588f280 Uncommon trap: reason=class_check action=maybe_recompile pc=0x000001f1276a60ec method=org.gradle.internal.logging.sink.OutputEventTransformer.onOutput(Lorg/gradle/internal/logging/events/OutputEvent;)V @ 287 c2
Event: 37.829 Thread 0x000001f13588f280 DEOPT PACKING pc=0x000001f1276a60ec sp=0x000000421c1fca00
Event: 37.829 Thread 0x000001f13588f280 DEOPT UNPACKING pc=0x000001f11f55d72e sp=0x000000421c1fca08 mode 2
Event: 37.829 Thread 0x000001f13588f280 Uncommon trap: trap_request=0xffffff45 fr.pc=0x000001f1276b77b8 relative=0x0000000000000098
Event: 37.829 Thread 0x000001f13588f280 Uncommon trap: reason=unstable_if action=reinterpret pc=0x000001f1276b77b8 method=org.gradle.internal.operations.logging.LoggingBuildOperationProgressBroadcaster.onOutput(Lorg/gradle/internal/logging/events/OutputEvent;)V @ 4 c2
Event: 37.829 Thread 0x000001f13588f280 DEOPT PACKING pc=0x000001f1276b77b8 sp=0x000000421c1fcb00
Event: 37.829 Thread 0x000001f13588f280 DEOPT UNPACKING pc=0x000001f11f55d72e sp=0x000000421c1fca80 mode 2
Event: 37.831 Thread 0x000001f13588f280 Uncommon trap: trap_request=0xffffffde fr.pc=0x000001f1276a60ec relative=0x00000000000065ac
Event: 37.831 Thread 0x000001f13588f280 Uncommon trap: reason=class_check action=maybe_recompile pc=0x000001f1276a60ec method=org.gradle.internal.logging.sink.OutputEventTransformer.onOutput(Lorg/gradle/internal/logging/events/OutputEvent;)V @ 287 c2
Event: 37.831 Thread 0x000001f13588f280 DEOPT PACKING pc=0x000001f1276a60ec sp=0x000000421c1fc990
Event: 37.831 Thread 0x000001f13588f280 DEOPT UNPACKING pc=0x000001f11f55d72e sp=0x000000421c1fc998 mode 2

Classes unloaded (20 events):
Event: 17.676 Thread 0x000001f134a006d0 Unloading class 0x00000008011b8000 '_BuildScript_$_run_closure1'
Event: 17.676 Thread 0x000001f134a006d0 Unloading class 0x00000008011b0800 '_BuildScript_'
Event: 23.084 Thread 0x000001f134a006d0 Unloading class 0x0000000801534bb8 '_BuildScript_$_run_closure2'
Event: 23.084 Thread 0x000001f134a006d0 Unloading class 0x00000008015347d0 '_BuildScript_$_run_closure1$_closure5'
Event: 23.084 Thread 0x000001f134a006d0 Unloading class 0x00000008015343e8 '_BuildScript_$_run_closure1$_closure4$_closure6'
Event: 23.084 Thread 0x000001f134a006d0 Unloading class 0x0000000801534000 '_BuildScript_$_run_closure1$_closure4'
Event: 23.084 Thread 0x000001f134a006d0 Unloading class 0x0000000801533920 '_BuildScript_$_run_closure1$_closure3'
Event: 23.084 Thread 0x000001f134a006d0 Unloading class 0x0000000801533538 '_BuildScript_$_run_closure1'
Event: 23.084 Thread 0x000001f134a006d0 Unloading class 0x0000000801533000 '_BuildScript_'
Event: 23.084 Thread 0x000001f134a006d0 Unloading class 0x0000000801531000 '_BuildScript_$_run_closure1'
Event: 23.084 Thread 0x000001f134a006d0 Unloading class 0x0000000801530800 '_BuildScript_'
Event: 23.084 Thread 0x000001f134a006d0 Unloading class 0x0000000801446000 '_BuildScript_$_run_closure2'
Event: 23.084 Thread 0x000001f134a006d0 Unloading class 0x0000000801445bb8 '_BuildScript_$_run_closure1$_closure6'
Event: 23.084 Thread 0x000001f134a006d0 Unloading class 0x00000008014457d0 '_BuildScript_$_run_closure1$_closure5'
Event: 23.084 Thread 0x000001f134a006d0 Unloading class 0x00000008014453e8 '_BuildScript_$_run_closure1$_closure4$_closure7'
Event: 23.084 Thread 0x000001f134a006d0 Unloading class 0x0000000801445000 '_BuildScript_$_run_closure1$_closure4'
Event: 23.084 Thread 0x000001f134a006d0 Unloading class 0x0000000801444920 '_BuildScript_$_run_closure1$_closure3'
Event: 23.084 Thread 0x000001f134a006d0 Unloading class 0x0000000801444538 '_BuildScript_$_run_closure1'
Event: 23.084 Thread 0x000001f134a006d0 Unloading class 0x0000000801444000 '_BuildScript_'
Event: 30.398 Thread 0x000001f134a006d0 Unloading class 0x0000000801738400 'java/lang/invoke/LambdaForm$DMH+0x0000000801738400'

Classes redefined (0 events):
No events

Internal exceptions (20 events):
Event: 24.421 Thread 0x000001f134a047f0 Implicit null exception at 0x000001f1274f0680 to 0x000001f1274f0d1c
Event: 24.422 Thread 0x000001f13588f280 Exception <a 'java/lang/reflect/InvocationTargetException'{0x00000000ab204470}> (0x00000000ab204470) 
thrown [t:\workspace\open\src\hotspot\share\runtime\reflection.cpp, line 1157]
Event: 25.340 Thread 0x000001f13588dd40 Exception <a 'java/lang/NoSuchMethodError'{0x00000000a9899808}: 'java.lang.Object java.lang.invoke.DirectMethodHandle$Holder.invokeSpecialIFC(java.lang.Object, java.lang.Object, java.lang.Object)'> (0x00000000a9899808) 
thrown [t:\workspace\open\src\hotspot\share\interpreter\linkResolver.cpp, line 790]
Event: 25.340 Thread 0x000001f13588f280 Exception <a 'java/lang/NoSuchMethodError'{0x00000000a98453c0}: 'java.lang.Object java.lang.invoke.DirectMethodHandle$Holder.invokeSpecialIFC(java.lang.Object, java.lang.Object, java.lang.Object)'> (0x00000000a98453c0) 
thrown [t:\workspace\open\src\hotspot\share\interpreter\linkResolver.cpp, line 790]
Event: 25.425 Thread 0x000001f1357d5f60 Exception <a 'java/lang/NoSuchMethodError'{0x00000000a95870f8}: 'int java.lang.invoke.DirectMethodHandle$Holder.invokeStaticInit(java.lang.Object, java.lang.Object, java.lang.Object, java.lang.Object, java.lang.Object)'> (0x00000000a95870f8) 
thrown [t:\workspace\open\src\hotspot\share\interpreter\linkResolver.cpp, line 790]
Event: 27.131 Thread 0x000001f13588f280 Exception <a 'java/lang/NoSuchMethodError'{0x00000000ab7f84c0}: 'int java.lang.invoke.DirectMethodHandle$Holder.invokeSpecialIFC(java.lang.Object, java.lang.Object, java.lang.Object)'> (0x00000000ab7f84c0) 
thrown [t:\workspace\open\src\hotspot\share\interpreter\linkResolver.cpp, line 790]
Event: 27.411 Thread 0x000001f13588f280 Exception <a 'sun/nio/fs/WindowsException'{0x00000000ab2e3580}> (0x00000000ab2e3580) 
thrown [t:\workspace\open\src\hotspot\share\prims\jni.cpp, line 579]
Event: 30.113 Thread 0x000001f13588f280 Exception <a 'java/lang/NoSuchMethodError'{0x00000000a8bc81e0}: 'java.lang.Object java.lang.invoke.DirectMethodHandle$Holder.invokeStatic(java.lang.Object, java.lang.Object, java.lang.Object, java.lang.Object, java.lang.Object, java.lang.Object, java.lang.Object, java.lang.Object, java.lang.Object, java.lang.Object, java.lang.Object, java.lang.Object, java.lang.Object, java.lang.Object, java.lang.Object, java.lang.Object, java.lang.Object, java.lang.Object, int, java.lang.Object)'> (0x00000000a8bc81e0) 
th
Event: 30.113 Thread 0x000001f13588f280 Exception <a 'java/lang/NoSuchMethodError'{0x00000000a8bce550}: 'java.lang.Object java.lang.invoke.DirectMethodHandle$Holder.invokeStaticInit(java.lang.Object, java.lang.Object, java.lang.Object, java.lang.Object, java.lang.Object, java.lang.Object, java.lang.Object, java.lang.Object, java.lang.Object, java.lang.Object, java.lang.Object, java.lang.Object, java.lang.Object, java.lang.Object, java.lang.Object, java.lang.Object, java.lang.Object, java.lang.Object, int, java.lang.Object)'> (0x00000000a8bce550)
Event: 30.156 Thread 0x000001f13588f280 Exception <a 'java/lang/NoSuchMethodError'{0x00000000a89c6570}: 'int java.lang.invoke.DirectMethodHandle$Holder.invokeVirtual(java.lang.Object, java.lang.Object, java.lang.Object, java.lang.Object)'> (0x00000000a89c6570) 
thrown [t:\workspace\open\src\hotspot\share\interpreter\linkResolver.cpp, line 790]
Event: 30.177 Thread 0x000001f134a047f0 Implicit null exception at 0x000001f1271c26e0 to 0x000001f1271c277c
Event: 30.178 Thread 0x000001f134a047f0 Implicit null exception at 0x000001f127586fc0 to 0x000001f1275877a8
Event: 30.239 Thread 0x000001f13588f280 Exception <a 'java/lang/NoSuchMethodError'{0x00000000ab6ce1e0}: 'java.lang.Object java.lang.invoke.DirectMethodHandle$Holder.invokeStatic(java.lang.Object, int, java.lang.Object, java.lang.Object)'> (0x00000000ab6ce1e0) 
thrown [t:\workspace\open\src\hotspot\share\interpreter\linkResolver.cpp, line 790]
Event: 30.583 Thread 0x000001f13588f280 Exception <a 'java/lang/reflect/InvocationTargetException'{0x00000000abe853a0}> (0x00000000abe853a0) 
thrown [t:\workspace\open\src\hotspot\share\runtime\reflection.cpp, line 1157]
Event: 30.649 Thread 0x000001f13588f280 Implicit null exception at 0x000001f1271e41eb to 0x000001f1271e4210
Event: 34.021 Thread 0x000001f1357d89e0 Exception <a 'java/lang/NoSuchMethodError'{0x00000000ac43e6e0}: 'void java.lang.invoke.DirectMethodHandle$Holder.invokeStatic(java.lang.Object, java.lang.Object, java.lang.Object, java.lang.Object, java.lang.Object, java.lang.Object, java.lang.Object)'> (0x00000000ac43e6e0) 
thrown [t:\workspace\open\src\hotspot\share\interpreter\linkResolver.cpp, line 790]
Event: 37.634 Thread 0x000001f13588f280 Exception <a 'java/lang/NoSuchMethodError'{0x00000000a9fde7f0}: static Lorg/jetbrains/kotlin/kapt/idea/KaptGradleModelImpl;.<clinit>()V> (0x00000000a9fde7f0) 
thrown [t:\workspace\open\src\hotspot\share\prims\jni.cpp, line 1210]
Event: 37.770 Thread 0x000001f13588d2a0 Exception <a 'java/lang/NoSuchMethodError'{0x00000000a990d030}: static [Ljava/net/URL;.<clinit>()V> (0x00000000a990d030) 
thrown [t:\workspace\open\src\hotspot\share\prims\jni.cpp, line 1210]
Event: 37.791 Thread 0x000001f13588d2a0 Exception <a 'java/lang/NoSuchMethodError'{0x00000000a992a3a0}: static Lorg/gradle/internal/classloader/FilteringClassLoader$Spec;.<clinit>()V> (0x00000000a992a3a0) 
thrown [t:\workspace\open\src\hotspot\share\prims\jni.cpp, line 1210]
Event: 37.792 Thread 0x000001f13588d2a0 Exception <a 'java/lang/NoSuchMethodError'{0x00000000a9939838}: static Lorg/gradle/internal/classloader/CachingClassLoader$Spec;.<clinit>()V> (0x00000000a9939838) 
thrown [t:\workspace\open\src\hotspot\share\prims\jni.cpp, line 1210]

Events (20 events):
Event: 36.256 loading class sun/security/ssl/PreSharedKeyExtension$PartialClientHelloMessage done
Event: 36.256 loading class sun/security/ssl/SSLEngineOutputRecord
Event: 36.256 loading class sun/security/ssl/SSLEngineOutputRecord done
Event: 36.259 Executing  VM operation: HandshakeAllThreads
Event: 36.260 Executing  VM operation: HandshakeAllThreads done
Event: 36.260 loading class sun/security/ssl/SSLEngineOutputRecord$HandshakeFragment
Event: 36.261 loading class sun/security/ssl/SSLEngineOutputRecord$HandshakeFragment done
Event: 36.261 loading class sun/security/ssl/SSLEngineOutputRecord$HandshakeMemo
Event: 36.261 loading class sun/security/ssl/SSLEngineOutputRecord$RecordMemo
Event: 36.261 loading class sun/security/ssl/SSLEngineOutputRecord$RecordMemo done
Event: 36.261 loading class sun/security/ssl/SSLEngineOutputRecord$HandshakeMemo done
Event: 36.341 Thread 0x000001f137675170 Thread added: 0x000001f137675170
Event: 36.346 loading class sun/security/ssl/PreSharedKeyExtension$SHPreSharedKeySpec
Event: 36.346 loading class sun/security/ssl/PreSharedKeyExtension$SHPreSharedKeySpec done
Event: 37.049 Thread 0x000001f137675170 Thread exited: 0x000001f137675170
Event: 37.269 Executing  VM operation: Cleanup
Event: 37.269 Executing  VM operation: Cleanup done
Event: 37.635 Thread 0x000001f137675170 Thread added: 0x000001f137675170
Event: 37.827 Thread 0x000001f1357d7f40 Thread added: 0x000001f1357d7f40
Event: 37.834 Executing  VM operation: HandshakeAllThreads


Dynamic libraries:
0x00007ff6fdb10000 - 0x00007ff6fdb20000 	C:\Program Files\Java\jdk-16.0.2\bin\java.exe
0x00007ffe54e50000 - 0x00007ffe55045000 	C:\WINDOWS\SYSTEM32\ntdll.dll
0x00007ffe54a20000 - 0x00007ffe54add000 	C:\WINDOWS\System32\KERNEL32.DLL
0x00007ffe52b50000 - 0x00007ffe52e19000 	C:\WINDOWS\System32\KERNELBASE.dll
0x00007ffe527b0000 - 0x00007ffe528b0000 	C:\WINDOWS\System32\ucrtbase.dll
0x00007ffe3a370000 - 0x00007ffe3a389000 	C:\Program Files\Java\jdk-16.0.2\bin\VCRUNTIME140.dll
0x00007ffe3a310000 - 0x00007ffe3a328000 	C:\Program Files\Java\jdk-16.0.2\bin\jli.dll
0x00007ffe53490000 - 0x00007ffe5353c000 	C:\WINDOWS\System32\ADVAPI32.dll
0x00007ffe544b0000 - 0x00007ffe5454e000 	C:\WINDOWS\System32\msvcrt.dll
0x00007ffe54980000 - 0x00007ffe54a1b000 	C:\WINDOWS\System32\sechost.dll
0x00007ffe54cb0000 - 0x00007ffe54dda000 	C:\WINDOWS\System32\RPCRT4.dll
0x00007ffe53080000 - 0x00007ffe53220000 	C:\WINDOWS\System32\USER32.dll
0x00007ffe529c0000 - 0x00007ffe529e2000 	C:\WINDOWS\System32\win32u.dll
0x00007ffe54de0000 - 0x00007ffe54e0a000 	C:\WINDOWS\System32\GDI32.dll
0x00007ffe341a0000 - 0x00007ffe3443a000 	C:\WINDOWS\WinSxS\amd64_microsoft.windows.common-controls_6595b64144ccf1df_6.0.19041.1110_none_60b5254171f9507e\COMCTL32.dll
0x00007ffe526a0000 - 0x00007ffe527ab000 	C:\WINDOWS\System32\gdi32full.dll
0x00007ffe525d0000 - 0x00007ffe5266d000 	C:\WINDOWS\System32\msvcp_win.dll
0x00007ffe51360000 - 0x00007ffe5136a000 	C:\WINDOWS\SYSTEM32\VERSION.dll
0x00007ffe54550000 - 0x00007ffe54580000 	C:\WINDOWS\System32\IMM32.DLL
0x00007ffe3fdb0000 - 0x00007ffe3fdbc000 	C:\Program Files\Java\jdk-16.0.2\bin\vcruntime140_1.dll
0x00007ffe12d00000 - 0x00007ffe12d91000 	C:\Program Files\Java\jdk-16.0.2\bin\msvcp140.dll
0x00007ffdfe520000 - 0x00007ffdff0cb000 	C:\Program Files\Java\jdk-16.0.2\bin\server\jvm.dll
0x00007ffe54970000 - 0x00007ffe54978000 	C:\WINDOWS\System32\PSAPI.DLL
0x00007ffe2d890000 - 0x00007ffe2d899000 	C:\WINDOWS\SYSTEM32\WSOCK32.dll
0x00007ffe3a810000 - 0x00007ffe3a837000 	C:\WINDOWS\SYSTEM32\WINMM.dll
0x00007ffe54590000 - 0x00007ffe545fb000 	C:\WINDOWS\System32\WS2_32.dll
0x00007ffe50510000 - 0x00007ffe50522000 	C:\WINDOWS\SYSTEM32\kernel.appcore.dll
0x00007ffe3ad70000 - 0x00007ffe3ad7a000 	C:\Program Files\Java\jdk-16.0.2\bin\jimage.dll
0x00007ffe4d050000 - 0x00007ffe4d234000 	C:\WINDOWS\SYSTEM32\DBGHELP.DLL
0x00007ffe35090000 - 0x00007ffe350bc000 	C:\WINDOWS\SYSTEM32\dbgcore.DLL
0x00007ffe52e20000 - 0x00007ffe52ea3000 	C:\WINDOWS\System32\bcryptPrimitives.dll
0x00007ffe2f4e0000 - 0x00007ffe2f505000 	C:\Program Files\Java\jdk-16.0.2\bin\java.dll
0x00007ffe535a0000 - 0x00007ffe53cdf000 	C:\WINDOWS\System32\SHELL32.dll
0x00007ffe50b40000 - 0x00007ffe512d0000 	C:\WINDOWS\SYSTEM32\windows.storage.dll
0x00007ffe54600000 - 0x00007ffe54955000 	C:\WINDOWS\System32\combase.dll
0x00007ffe51f10000 - 0x00007ffe51f3c000 	C:\WINDOWS\SYSTEM32\Wldp.dll
0x00007ffe53310000 - 0x00007ffe533be000 	C:\WINDOWS\System32\SHCORE.dll
0x00007ffe54450000 - 0x00007ffe544a5000 	C:\WINDOWS\System32\shlwapi.dll
0x00007ffe524c0000 - 0x00007ffe524df000 	C:\WINDOWS\SYSTEM32\profapi.dll
0x00007ffe31400000 - 0x00007ffe31419000 	C:\Program Files\Java\jdk-16.0.2\bin\net.dll
0x00007ffe3e390000 - 0x00007ffe3e498000 	C:\WINDOWS\SYSTEM32\WINHTTP.dll
0x00007ffe51c70000 - 0x00007ffe51cda000 	C:\WINDOWS\system32\mswsock.dll
0x00007ffe30460000 - 0x00007ffe30473000 	C:\Program Files\Java\jdk-16.0.2\bin\nio.dll
0x00007ffe2f1a0000 - 0x00007ffe2f1b8000 	C:\Program Files\Java\jdk-16.0.2\bin\zip.dll
0x00007ffe3ab00000 - 0x00007ffe3ab10000 	C:\Program Files\Java\jdk-16.0.2\bin\verify.dll
0x00007ffe314e0000 - 0x00007ffe31507000 	C:\Users\halag\Documents\cs\year_project\Server_location_app\.gradle\native\8bec1ad78214c89d9ad589b4d07fe93259594b29d510b10fafb7a158f7737e5d\windows-amd64\native-platform.dll
0x00007ffe12110000 - 0x00007ffe1224d000 	C:\Users\halag\Documents\cs\year_project\Server_location_app\.gradle\native\53dbd7edfb1c66fb8903c78663c9afc45aea4f116125fa6feffd364cf09443e8\windows-amd64\native-platform-file-events.dll
0x00007ffe31480000 - 0x00007ffe31489000 	C:\Program Files\Java\jdk-16.0.2\bin\management.dll
0x00007ffe30e00000 - 0x00007ffe30e0b000 	C:\Program Files\Java\jdk-16.0.2\bin\management_ext.dll
0x00007ffe51e70000 - 0x00007ffe51e88000 	C:\WINDOWS\SYSTEM32\CRYPTSP.dll
0x00007ffe515f0000 - 0x00007ffe51624000 	C:\WINDOWS\system32\rsaenh.dll
0x00007ffe52670000 - 0x00007ffe52697000 	C:\WINDOWS\System32\bcrypt.dll
0x00007ffe52480000 - 0x00007ffe524ae000 	C:\WINDOWS\SYSTEM32\USERENV.dll
0x00007ffe51e60000 - 0x00007ffe51e6c000 	C:\WINDOWS\SYSTEM32\CRYPTBASE.dll
0x00007ffe51960000 - 0x00007ffe5199b000 	C:\WINDOWS\SYSTEM32\IPHLPAPI.DLL
0x00007ffe54580000 - 0x00007ffe54588000 	C:\WINDOWS\System32\NSI.dll
0x00007ffe4cb00000 - 0x00007ffe4cb17000 	C:\WINDOWS\SYSTEM32\dhcpcsvc6.DLL
0x00007ffe4cae0000 - 0x00007ffe4cafd000 	C:\WINDOWS\SYSTEM32\dhcpcsvc.DLL
0x00007ffe519a0000 - 0x00007ffe51a6c000 	C:\WINDOWS\SYSTEM32\DNSAPI.dll
0x00007ffe2f470000 - 0x00007ffe2f47e000 	C:\Program Files\Java\jdk-16.0.2\bin\sunmscapi.dll
0x00007ffe529f0000 - 0x00007ffe52b4f000 	C:\WINDOWS\System32\CRYPT32.dll
0x00007ffe51f80000 - 0x00007ffe51fa7000 	C:\WINDOWS\SYSTEM32\ncrypt.dll
0x00007ffe51f40000 - 0x00007ffe51f7b000 	C:\WINDOWS\SYSTEM32\NTASN1.dll
0x00007ffe2c920000 - 0x00007ffe2c927000 	C:\WINDOWS\system32\wshunix.dll
0x00007ffe3ce00000 - 0x00007ffe3ce0a000 	C:\Windows\System32\rasadhlp.dll
0x00007ffe3ce40000 - 0x00007ffe3cebf000 	C:\WINDOWS\System32\fwpuclnt.dll

dbghelp: loaded successfully - version: 4.0.5 - missing functions: none
symbol engine: initialized successfully - sym options: 0x614 - pdb path: .;C:\Program Files\Java\jdk-16.0.2\bin;C:\WINDOWS\SYSTEM32;C:\WINDOWS\WinSxS\amd64_microsoft.windows.common-controls_6595b64144ccf1df_6.0.19041.1110_none_60b5254171f9507e;C:\Program Files\Java\jdk-16.0.2\bin\server;C:\Users\halag\Documents\cs\year_project\Server_location_app\.gradle\native\8bec1ad78214c89d9ad589b4d07fe93259594b29d510b10fafb7a158f7737e5d\windows-amd64;C:\Users\halag\Documents\cs\year_project\Server_location_app\.gradle\native\53dbd7edfb1c66fb8903c78663c9afc45aea4f116125fa6feffd364cf09443e8\windows-amd64

VM Arguments:
jvm_args: --add-opens=java.base/java.util=ALL-UNNAMED --add-opens=java.base/java.lang=ALL-UNNAMED --add-opens=java.base/java.lang.invoke=ALL-UNNAMED --add-opens=java.base/java.util=ALL-UNNAMED --add-opens=java.prefs/java.util.prefs=ALL-UNNAMED --add-opens=java.prefs/java.util.prefs=ALL-UNNAMED --add-opens=java.base/java.nio.charset=ALL-UNNAMED --add-opens=java.base/java.net=ALL-UNNAMED --add-opens=java.base/java.util.concurrent.atomic=ALL-UNNAMED -Xmx1536M -Dfile.encoding=UTF-8 -Duser.country=GB -Duser.language=en -Duser.variant 
java_command: org.gradle.launcher.daemon.bootstrap.GradleDaemon 7.0.2
java_class_path (initial): C:\Users\halag\Documents\cs\year_project\Server_location_app\.gradle\wrapper\dists\gradle-7.0.2-bin\857tjihv64xamwrf0h14cai3r\gradle-7.0.2\lib\gradle-launcher-7.0.2.jar
Launcher Type: SUN_STANDARD

[Global flags]
     intx CICompilerCount                          = 3                                         {product} {ergonomic}
     uint ConcGCThreads                            = 1                                         {product} {ergonomic}
     uint G1ConcRefinementThreads                  = 4                                         {product} {ergonomic}
   size_t G1HeapRegionSize                         = 1048576                                   {product} {ergonomic}
    uintx GCDrainStackTargetSize                   = 64                                        {product} {ergonomic}
   size_t InitialHeapSize                          = 134217728                                 {product} {ergonomic}
   size_t MarkStackSize                            = 4194304                                   {product} {ergonomic}
   size_t MaxHeapSize                              = 1610612736                                {product} {command line}
   size_t MaxNewSize                               = 965738496                                 {product} {ergonomic}
   size_t MinHeapDeltaBytes                        = 1048576                                   {product} {ergonomic}
   size_t MinHeapSize                              = 8388608                                   {product} {ergonomic}
    uintx NonNMethodCodeHeapSize                   = 5832780                                {pd product} {ergonomic}
    uintx NonProfiledCodeHeapSize                  = 122912730                              {pd product} {ergonomic}
    uintx ProfiledCodeHeapSize                     = 122912730                              {pd product} {ergonomic}
    uintx ReservedCodeCacheSize                    = 251658240                              {pd product} {ergonomic}
     bool SegmentedCodeCache                       = true                                      {product} {ergonomic}
   size_t SoftMaxHeapSize                          = 1610612736                             {manageable} {ergonomic}
     bool UseCompressedClassPointers               = true                           {product lp64_product} {ergonomic}
     bool UseCompressedOops                        = true                           {product lp64_product} {ergonomic}
     bool UseG1GC                                  = true                                      {product} {ergonomic}
     bool UseLargePagesIndividualAllocation        = false                                  {pd product} {ergonomic}

Logging:
Log output configuration:
 #0: stdout all=warning uptime,level,tags
 #1: stderr all=off uptime,level,tags

Environment Variables:
JAVA_HOME=C:\Program Files\Java\jdk-16.0.2
PATH=C:\Program Files\Common Files\Oracle\Java\javapath;C:\Program Files (x86)\Common Files\Oracle\Java\javapath;C:\WINDOWS\system32;C:\WINDOWS;C:\WINDOWS\System32\Wbem;C:\WINDOWS\System32\WindowsPowerShell\v1.0\;C:\WINDOWS\System32\OpenSSH\;C:\Program Files\Intel\WiFi\bin\;C:\Program Files\Common Files\Intel\WirelessCommon\;C:\Git\cmd;C:\MinGW\bin;C:\Users\halag\Documents\cs\python\PyCharm Community Edition 2020.3.4;C:\Users\halag\AppData\Roaming\Microsoft\Windows\Start Menu\Programs\Python 3.9;C:\Users\halag\AppData\Local\Programs\Python\Python39;C:\Program Files (x86)\Intel\Intel(R) Management Engine Components\DAL;C:\Program Files\Intel\Intel(R) Management Engine Components\DAL;C:\Program Files\Java\jdk-16.0.2\bin;C:\Users\halag\AppData\Local\Microsoft\WindowsApps;C:\Program Files (x86)\Dr. Memory\bin\;C:\Program Files\Intel\WiFi\bin\;C:\Program Files\Common Files\Intel\WirelessCommon\;C:\Program Files\Java\jdk-10.0.2\bin;C:\Users\halag\AppData\Local\GitHubDesktop\bin;C:\Users\halag\Documents\cs\winter2020\machine_learning\PyCharm Community Edition 2020.3\bin;;C:\Users\halag\AppData\Local\Android\Sdk\platform-tools;C:\Users\halag\AppData\Local\Android\Sdk;C:\Program Files\Java\jdk-16.0.2\bin;
USERNAME=halag
OS=Windows_NT
PROCESSOR_IDENTIFIER=Intel64 Family 6 Model 142 Stepping 9, GenuineIntel



---------------  S Y S T E M  ---------------

OS:
 Windows 10 , 64 bit Build 19041 (10.0.19041.1151)
OS uptime: 3 days 18:36 hours

CPU: total 4 (initial active 4) (2 cores per cpu, 2 threads per core) family 6 model 142 stepping 9 microcode 0xde, cx8, cmov, fxsr, ht, mmx, 3dnowpref, sse, sse2, sse3, ssse3, sse4.1, sse4.2, popcnt, lzcnt, tsc, tscinvbit, avx, avx2, aes, erms, clmul, bmi1, bmi2, adx, fma, vzeroupper, clflush, clflushopt

Memory: 4k page, system-wide physical 8089M (1060M free)
TotalPageFile size 9329M (AvailPageFile size 3M)
current process WorkingSet (physical memory assigned to process): 475M, peak: 475M
current process commit charge ("private bytes"): 511M, peak: 511M

vm_info: Java HotSpot(TM) 64-Bit Server VM (16.0.2+7-67) for windows-amd64 JRE (16.0.2+7-67), built on Jun  8 2021 23:24:19 by "mach5one" with MS VC++ 16.7 (VS2019)

END.
