#
# There is insufficient memory for the Java Runtime Environment to continue.
# Native memory allocation (mmap) failed to map 27262976 bytes for G1 virtual space
# Possible reasons:
#   The system is out of physical RAM or swap space
#   The process is running with CompressedOops enabled, and the Java Heap may be blocking the growth of the native heap
# Possible solutions:
#   Reduce memory load on the system
#   Increase physical memory or swap space
#   Check if swap backing store is full
#   Decrease Java heap size (-Xmx/-Xms)
#   Decrease number of Java threads
#   Decrease Java thread stack sizes (-Xss)
#   Set larger code cache with -XX:ReservedCodeCacheSize=
#   JVM is running with Unscaled Compressed Oops mode in which the Java heap is
#     placed in the first 4GB address space. The Java Heap base address is the
#     maximum limit for the native heap growth. Please use -XX:HeapBaseMinAddress
#     to set the Java Heap base and to place the Java Heap above 4GB virtual address.
# This output file may be truncated or incomplete.
#
#  Out of Memory Error (os_windows.cpp:3466), pid=14672, tid=17256
#
# JRE version: Java(TM) SE Runtime Environment (16.0.2+7) (build 16.0.2+7-67)
# Java VM: Java HotSpot(TM) 64-Bit Server VM (16.0.2+7-67, mixed mode, sharing, tiered, compressed oops, compressed class ptrs, g1 gc, windows-amd64)
# No core dump will be written. Minidumps are not enabled by default on client versions of Windows
#

---------------  S U M M A R Y ------------

Command Line: --add-opens=java.base/java.util=ALL-UNNAMED --add-opens=java.base/java.lang=ALL-UNNAMED --add-opens=java.base/java.lang.invoke=ALL-UNNAMED --add-opens=java.base/java.util=ALL-UNNAMED --add-opens=java.prefs/java.util.prefs=ALL-UNNAMED --add-opens=java.prefs/java.util.prefs=ALL-UNNAMED --add-opens=java.base/java.nio.charset=ALL-UNNAMED --add-opens=java.base/java.net=ALL-UNNAMED --add-opens=java.base/java.util.concurrent.atomic=ALL-UNNAMED -Xmx1536M -Dfile.encoding=UTF-8 -Duser.country=GB -Duser.language=en -Duser.variant org.gradle.launcher.daemon.bootstrap.GradleDaemon 7.0.2

Host: Intel(R) Core(TM) i5-7200U CPU @ 2.50GHz, 4 cores, 7G,  Windows 10 , 64 bit Build 19041 (10.0.19041.1151)
Time: Tue Sep  7 00:59:13 2021 Jerusalem Summer Time elapsed time: 181.144435 seconds (0d 0h 3m 1s)

---------------  T H R E A D  ---------------

Current thread (0x00000161a96cec20):  VMThread "VM Thread" [stack: 0x0000004afac00000,0x0000004afad00000] [id=17256]

Stack: [0x0000004afac00000,0x0000004afad00000]
Native frames: (J=compiled Java code, j=interpreted, Vv=VM code, C=native code)
V  [jvm.dll+0x6681ca]
V  [jvm.dll+0x7c9e69]
V  [jvm.dll+0x7cb61e]
V  [jvm.dll+0x7cbc73]
V  [jvm.dll+0x242c55]
V  [jvm.dll+0x664f89]
V  [jvm.dll+0x659b75]
V  [jvm.dll+0x2fbfbb]
V  [jvm.dll+0x3031b6]
V  [jvm.dll+0x35299e]
V  [jvm.dll+0x352bcf]
V  [jvm.dll+0x2d3028]
V  [jvm.dll+0x2d6596]
V  [jvm.dll+0x2e0aa7]
V  [jvm.dll+0x315550]
V  [jvm.dll+0x7d00ab]
V  [jvm.dll+0x7d0da4]
V  [jvm.dll+0x7d12a9]
V  [jvm.dll+0x7d1564]
V  [jvm.dll+0x7d1630]
V  [jvm.dll+0x7795aa]
V  [jvm.dll+0x667066]
C  [ucrtbase.dll+0x21bb2]
C  [KERNEL32.DLL+0x17034]
C  [ntdll.dll+0x52651]

VM_Operation (0x0000004afa8ff400): G1Concurrent, mode: safepoint, requested by thread 0x00000161a9633b60


---------------  P R O C E S S  ---------------

Threads class SMR info:
_java_thread_list=0x00000161c85c32f0, length=57, elements={
0x00000161a95f4a10, 0x00000161c5acdf90, 0x00000161c5ad1170, 0x00000161c5ae0620,
0x00000161c5ae0f30, 0x00000161c5ae4020, 0x00000161c5ae2850, 0x00000161c5aede50,
0x00000161c5aef3c0, 0x00000161c5af3d30, 0x00000161c6588100, 0x00000161c65a9670,
0x00000161c871f860, 0x00000161c81a9410, 0x00000161c8e8e970, 0x00000161c7d3ee10,
0x00000161c829b040, 0x00000161c81d8190, 0x00000161c81d76f0, 0x00000161c988a8e0,
0x00000161c9886e70, 0x00000161c9883400, 0x00000161c9887910, 0x00000161c98898f0,
0x00000161c9883950, 0x00000161c98853e0, 0x00000161c98843f0, 0x00000161c9888900,
0x00000161c9d5d2c0, 0x00000161c9d5e2b0, 0x00000161ce4718b0, 0x00000161d0341c00,
0x00000161cbc8b940, 0x00000161c857fb00, 0x00000161c85805a0, 0x00000161c8580af0,
0x00000161d0342bf0, 0x00000161d0342150, 0x00000161d03426a0, 0x00000161c857f060,
0x00000161c9d617d0, 0x00000161c85bf2f0, 0x00000161c85c0830, 0x00000161c85bfd90,
0x00000161d146d7a0, 0x00000161d03416b0, 0x00000161c9d5bd80, 0x00000161c9d5ed50,
0x00000161c9d5f2a0, 0x00000161c9d5f7f0, 0x00000161c9d5fd40, 0x00000161d146e240,
0x00000161d146cd00, 0x00000161c9d60290, 0x00000161c8581040, 0x00000161d146e790,
0x00000161d1d281e0
}

Java Threads: ( => current thread )
  0x00000161a95f4a10 JavaThread "main" [_thread_blocked, id=12712, stack(0x0000004afa600000,0x0000004afa700000)]
  0x00000161c5acdf90 JavaThread "Reference Handler" daemon [_thread_blocked, id=13664, stack(0x0000004afad00000,0x0000004afae00000)]
  0x00000161c5ad1170 JavaThread "Finalizer" daemon [_thread_blocked, id=14608, stack(0x0000004afae00000,0x0000004afaf00000)]
  0x00000161c5ae0620 JavaThread "Signal Dispatcher" daemon [_thread_blocked, id=8048, stack(0x0000004afaf00000,0x0000004afb000000)]
  0x00000161c5ae0f30 JavaThread "Attach Listener" daemon [_thread_blocked, id=17268, stack(0x0000004afb000000,0x0000004afb100000)]
  0x00000161c5ae4020 JavaThread "Service Thread" daemon [_thread_blocked, id=2332, stack(0x0000004afb100000,0x0000004afb200000)]
  0x00000161c5ae2850 JavaThread "Monitor Deflation Thread" daemon [_thread_blocked, id=9196, stack(0x0000004afb200000,0x0000004afb300000)]
  0x00000161c5aede50 JavaThread "C2 CompilerThread0" daemon [_thread_blocked, id=8932, stack(0x0000004afb300000,0x0000004afb400000)]
  0x00000161c5aef3c0 JavaThread "C1 CompilerThread0" daemon [_thread_blocked, id=13760, stack(0x0000004afb400000,0x0000004afb500000)]
  0x00000161c5af3d30 JavaThread "Sweeper thread" daemon [_thread_blocked, id=7252, stack(0x0000004afb500000,0x0000004afb600000)]
  0x00000161c6588100 JavaThread "Common-Cleaner" daemon [_thread_blocked, id=13700, stack(0x0000004afb600000,0x0000004afb700000)]
  0x00000161c65a9670 JavaThread "Notification Thread" daemon [_thread_blocked, id=1824, stack(0x0000004afb700000,0x0000004afb800000)]
  0x00000161c871f860 JavaThread "Daemon health stats" [_thread_blocked, id=9488, stack(0x0000004afbd00000,0x0000004afbe00000)]
  0x00000161c81a9410 JavaThread "Incoming local TCP Connector on port 58344" [_thread_in_native, id=17068, stack(0x0000004afbe00000,0x0000004afbf00000)]
  0x00000161c8e8e970 JavaThread "Daemon periodic checks" [_thread_blocked, id=4624, stack(0x0000004afbf00000,0x0000004afc000000)]
  0x00000161c7d3ee10 JavaThread "Daemon" [_thread_blocked, id=11728, stack(0x0000004afc000000,0x0000004afc100000)]
  0x00000161c829b040 JavaThread "Daemon worker" [_thread_blocked, id=10084, stack(0x0000004afc300000,0x0000004afc400000)]
  0x00000161c81d8190 JavaThread "Cache worker for file hash cache (C:\Users\halag\Documents\cs\year_project\Server_location_app\.gradle\caches\7.0.2\fileHashes)" [_thread_blocked, id=11980, stack(0x0000004afc700000,0x0000004afc800000)]
  0x00000161c81d76f0 JavaThread "File lock request listener" [_thread_in_native, id=2660, stack(0x0000004afc800000,0x0000004afc900000)]
  0x00000161c988a8e0 JavaThread "Cache worker for journal cache (C:\Users\halag\Documents\cs\year_project\Server_location_app\.gradle\caches\journal-1)" [_thread_blocked, id=3824, stack(0x0000004afc900000,0x0000004afca00000)]
  0x00000161c9886e70 JavaThread "File watcher server" daemon [_thread_blocked, id=15600, stack(0x0000004afcb00000,0x0000004afcc00000)]
  0x00000161c9883400 JavaThread "File watcher consumer" daemon [_thread_blocked, id=11536, stack(0x0000004afcc00000,0x0000004afcd00000)]
  0x00000161c9887910 JavaThread "jar transforms" [_thread_blocked, id=16652, stack(0x0000004afcd00000,0x0000004afce00000)]
  0x00000161c98898f0 JavaThread "jar transforms Thread 2" [_thread_blocked, id=13816, stack(0x0000004afce00000,0x0000004afcf00000)]
  0x00000161c9883950 JavaThread "jar transforms Thread 3" [_thread_blocked, id=1408, stack(0x0000004afcf00000,0x0000004afd000000)]
  0x00000161c98853e0 JavaThread "jar transforms Thread 4" [_thread_blocked, id=11068, stack(0x0000004afd000000,0x0000004afd100000)]
  0x00000161c98843f0 JavaThread "Cache worker for execution history cache (C:\Users\halag\Documents\cs\year_project\Server_location_app\.gradle\caches\7.0.2\executionHistory)" [_thread_blocked, id=2452, stack(0x0000004afd500000,0x0000004afd600000)]
  0x00000161c9888900 JavaThread "Cache worker for file content cache (C:\Users\halag\Documents\cs\year_project\Server_location_app\.gradle\caches\7.0.2\fileContent)" [_thread_blocked, id=3120, stack(0x0000004afd600000,0x0000004afd700000)]
  0x00000161c9d5d2c0 JavaThread "Memory manager" [_thread_blocked, id=5052, stack(0x0000004afa400000,0x0000004afa500000)]
  0x00000161c9d5e2b0 JavaThread "pool-3-thread-1" [_thread_blocked, id=11064, stack(0x0000004afa500000,0x0000004afa600000)]
  0x00000161ce4718b0 JavaThread "Handler for socket connection from /127.0.0.1:58344 to /127.0.0.1:49224" [_thread_in_native, id=13828, stack(0x0000004afa300000,0x0000004afa400000)]
  0x00000161d0341c00 JavaThread "Cancel handler" [_thread_blocked, id=1716, stack(0x0000004afc100000,0x0000004afc200000)]
  0x00000161cbc8b940 JavaThread "Asynchronous log dispatcher for DefaultDaemonConnection: socket connection from /127.0.0.1:58344 to /127.0.0.1:49224" [_thread_blocked, id=8424, stack(0x0000004afc200000,0x0000004afc300000)]
  0x00000161c857fb00 JavaThread "Stdin handler" [_thread_blocked, id=13708, stack(0x0000004afc400000,0x0000004afc500000)]
  0x00000161c85805a0 JavaThread "Daemon client event forwarder" [_thread_blocked, id=17400, stack(0x0000004afc600000,0x0000004afc700000)]
  0x00000161c8580af0 JavaThread "Cache worker for file hash cache (C:\Users\halag\Documents\cs\year_project\test_app2\.gradle\7.0.2\fileHashes)" [_thread_blocked, id=11748, stack(0x0000004afca00000,0x0000004afcb00000)]
  0x00000161d0342bf0 JavaThread "Cache worker for checksums cache (C:\Users\halag\Documents\cs\year_project\test_app2\.gradle\checksums)" [_thread_blocked, id=14084, stack(0x0000004afd200000,0x0000004afd300000)]
  0x00000161d0342150 JavaThread "Cache worker for cache directory md-supplier (C:\Users\halag\Documents\cs\year_project\Server_location_app\.gradle\caches\7.0.2\md-supplier)" [_thread_blocked, id=8512, stack(0x0000004afd300000,0x0000004afd400000)]
  0x00000161d03426a0 JavaThread "Cache worker for cache directory md-rule (C:\Users\halag\Documents\cs\year_project\Server_location_app\.gradle\caches\7.0.2\md-rule)" [_thread_blocked, id=16288, stack(0x0000004afd700000,0x0000004afd800000)]
  0x00000161c857f060 JavaThread "Cache worker for dependencies-accessors (C:\Users\halag\Documents\cs\year_project\test_app2\.gradle\7.0.2\dependencies-accessors)" [_thread_blocked, id=2516, stack(0x0000004afd800000,0x0000004afd900000)]
  0x00000161c9d617d0 JavaThread "Cache worker for Build Output Cleanup Cache (C:\Users\halag\Documents\cs\year_project\test_app2\.gradle\buildOutputCleanup)" [_thread_blocked, id=1920, stack(0x0000004afda00000,0x0000004afdb00000)]
  0x00000161c85bf2f0 JavaThread "Build operations" [_thread_blocked, id=3912, stack(0x0000004afdb00000,0x0000004afdc00000)]
  0x00000161c85c0830 JavaThread "Build operations Thread 2" [_thread_blocked, id=9492, stack(0x0000004afdc00000,0x0000004afdd00000)]
  0x00000161c85bfd90 JavaThread "Build operations Thread 3" [_thread_blocked, id=1216, stack(0x0000004afdd00000,0x0000004afde00000)]
  0x00000161d146d7a0 JavaThread "Build operations Thread 4" [_thread_blocked, id=872, stack(0x0000004afdf00000,0x0000004afe000000)]
  0x00000161d03416b0 JavaThread "build event listener" [_thread_blocked, id=11676, stack(0x0000004afe000000,0x0000004afe100000)]
  0x00000161c9d5bd80 JavaThread "pool-6-thread-1" [_thread_blocked, id=15780, stack(0x0000004afe100000,0x0000004afe200000)]
  0x00000161c9d5ed50 JavaThread "build event listener" [_thread_blocked, id=8360, stack(0x0000004afe200000,0x0000004afe300000)]
  0x00000161c9d5f2a0 JavaThread "Execution worker for ':'" [_thread_blocked, id=3040, stack(0x0000004afe300000,0x0000004afe400000)]
  0x00000161c9d5f7f0 JavaThread "Execution worker for ':' Thread 2" [_thread_blocked, id=13232, stack(0x0000004afe400000,0x0000004afe500000)]
  0x00000161c9d5fd40 JavaThread "Execution worker for ':' Thread 3" [_thread_blocked, id=8224, stack(0x0000004afe500000,0x0000004afe600000)]
  0x00000161d146e240 JavaThread "Cache worker for execution history cache (C:\Users\halag\Documents\cs\year_project\test_app2\.gradle\7.0.2\executionHistory)" [_thread_blocked, id=9880, stack(0x0000004afe600000,0x0000004afe700000)]
  0x00000161d146cd00 JavaThread "WorkerExecutor Queue Thread 2" [_thread_blocked, id=3144, stack(0x0000004afe800000,0x0000004afe900000)]
  0x00000161c9d60290 JavaThread "WorkerExecutor Queue Thread 3" [_thread_blocked, id=11036, stack(0x0000004afe900000,0x0000004afea00000)]
  0x00000161c8581040 JavaThread "WorkerExecutor Queue Thread 4" [_thread_blocked, id=3000, stack(0x0000004afe700000,0x0000004afe800000)]
  0x00000161d146e790 JavaThread "WorkerExecutor Queue Thread 5" [_thread_blocked, id=1200, stack(0x0000004afeb00000,0x0000004afec00000)]
  0x00000161d1d281e0 JavaThread "C2 CompilerThread1" daemon [_thread_in_native, id=5016, stack(0x0000004afd100000,0x0000004afd200000)]

Other Threads:
=>0x00000161a96cec20 VMThread "VM Thread" [stack: 0x0000004afac00000,0x0000004afad00000] [id=17256]
  0x00000161c65abba0 WatcherThread [stack: 0x0000004afb800000,0x0000004afb900000] [id=16752]
  0x00000161a9624b70 GCTaskThread "GC Thread#0" [stack: 0x0000004afa700000,0x0000004afa800000] [id=292]
  0x00000161c6c93f30 GCTaskThread "GC Thread#1" [stack: 0x0000004afba00000,0x0000004afbb00000] [id=13500]
  0x00000161c6b90f10 GCTaskThread "GC Thread#2" [stack: 0x0000004afbb00000,0x0000004afbc00000] [id=6512]
  0x00000161c706c580 GCTaskThread "GC Thread#3" [stack: 0x0000004afbc00000,0x0000004afbd00000] [id=17160]
  0x00000161a9633b60 ConcurrentGCThread "G1 Main Marker" [stack: 0x0000004afa800000,0x0000004afa900000] [id=5396]
  0x00000161a96344e0 ConcurrentGCThread "G1 Conc#0" [stack: 0x0000004afa900000,0x0000004afaa00000] [id=12068]
  0x00000161a96ad590 ConcurrentGCThread "G1 Refine#0" [stack: 0x0000004afaa00000,0x0000004afab00000] [id=108]
  0x00000161c851b5a0 ConcurrentGCThread "G1 Refine#1" [stack: 0x0000004afd400000,0x0000004afd500000] [id=5872]
  0x00000161cbbb2a00 ConcurrentGCThread "G1 Refine#2" [stack: 0x0000004afea00000,0x0000004afeb00000] [id=14640]
  0x00000161cbbb2380 ConcurrentGCThread "G1 Refine#3" [stack: 0x0000004afec00000,0x0000004afed00000] [id=16668]
  0x00000161a96adf20 ConcurrentGCThread "G1 Service" [stack: 0x0000004afab00000,0x0000004afac00000] [id=12212]

Threads with active compile tasks:
C2 CompilerThread0   181201 23548       4       com.android.tools.r8.internal.E7::j (627 bytes)
C2 CompilerThread1   181201 22975 %     4       com.android.tools.r8.ir.regalloc.a::a @ 2157 (3985 bytes)

VM state: at safepoint (normal execution)

VM Mutex/Monitor currently owned by a thread:  ([mutex/lock_event])
[0x00000161a95f12f0] Threads_lock - owner thread: 0x00000161a96cec20
[0x00000161a95f03c0] Heap_lock - owner thread: 0x00000161a9633b60

Heap address: 0x00000000a0000000, size: 1536 MB, Compressed Oops mode: 32-bit

CDS archive(s) mapped at: [0x0000000800000000-0x0000000800bb0000-0x0000000800bb0000), size 12255232, SharedBaseAddress: 0x0000000800000000, ArchiveRelocationMode: 0.
Compressed class space mapped at: 0x0000000800c00000-0x0000000840c00000, reserved size: 1073741824
Narrow klass base: 0x0000000800000000, Narrow klass shift: 3, Narrow klass range: 0x100000000

GC Precious Log:
 CPUs: 4 total, 4 available
 Memory: 8089M
 Large Page Support: Disabled
 NUMA Support: Disabled
 Compressed Oops: Enabled (32-bit)
 Heap Region Size: 1M
 Heap Min Capacity: 8M
 Heap Initial Capacity: 128M
 Heap Max Capacity: 1536M
 Pre-touch: Disabled
 Parallel Workers: 4
 Concurrent Workers: 1
 Concurrent Refinement Workers: 4
 Periodic GC: Disabled

Heap:
 garbage-first heap   total 290816K, used 188156K [0x00000000a0000000, 0x0000000100000000)
  region size 1024K, 40 young (40960K), 4 survivors (4096K)
 Metaspace       used 127301K, committed 128256K, reserved 1163264K
  class space    used 16065K, committed 16512K, reserved 1048576K

Heap Regions: E=young(eden), S=young(survivor), O=old, HS=humongous(starts), HC=humongous(continues), CS=collection set, F=free, OA=open archive, CA=closed archive, TAMS=top-at-mark-start (previous, next)
|   0|0x00000000a0000000, 0x00000000a0100000, 0x00000000a0100000|100%|HS|  |TAMS 0x00000000a0100000, 0x00000000a0000000| Complete 
|   1|0x00000000a0100000, 0x00000000a0200000, 0x00000000a0200000|100%|HC|  |TAMS 0x00000000a0200000, 0x00000000a0100000| Complete 
|   2|0x00000000a0200000, 0x00000000a0300000, 0x00000000a0300000|100%|HC|  |TAMS 0x00000000a0300000, 0x00000000a0200000| Complete 
|   3|0x00000000a0300000, 0x00000000a0400000, 0x00000000a0400000|100%| O|  |TAMS 0x00000000a0400000, 0x00000000a0300000| Updating 
|   4|0x00000000a0400000, 0x00000000a0500000, 0x00000000a0500000|100%| O|  |TAMS 0x00000000a0500000, 0x00000000a0400000| Updating 
|   5|0x00000000a0500000, 0x00000000a0600000, 0x00000000a0600000|100%| O|  |TAMS 0x00000000a0600000, 0x00000000a0500000| Updating 
|   6|0x00000000a0600000, 0x00000000a0700000, 0x00000000a0700000|100%| O|  |TAMS 0x00000000a0700000, 0x00000000a0600000| Updating 
|   7|0x00000000a0700000, 0x00000000a0800000, 0x00000000a0800000|100%| O|  |TAMS 0x00000000a0800000, 0x00000000a0700000| Updating 
|   8|0x00000000a0800000, 0x00000000a0900000, 0x00000000a0900000|100%| O|  |TAMS 0x00000000a0900000, 0x00000000a0800000| Updating 
|   9|0x00000000a0900000, 0x00000000a0a00000, 0x00000000a0a00000|100%| O|  |TAMS 0x00000000a0a00000, 0x00000000a0900000| Updating 
|  10|0x00000000a0a00000, 0x00000000a0b00000, 0x00000000a0b00000|100%|HS|  |TAMS 0x00000000a0b00000, 0x00000000a0a00000| Complete 
|  11|0x00000000a0b00000, 0x00000000a0c00000, 0x00000000a0c00000|100%|HC|  |TAMS 0x00000000a0c00000, 0x00000000a0b00000| Complete 
|  12|0x00000000a0c00000, 0x00000000a0d00000, 0x00000000a0d00000|100%|HS|  |TAMS 0x00000000a0d00000, 0x00000000a0c00000| Complete 
|  13|0x00000000a0d00000, 0x00000000a0e00000, 0x00000000a0e00000|100%|HC|  |TAMS 0x00000000a0e00000, 0x00000000a0d00000| Complete 
|  14|0x00000000a0e00000, 0x00000000a0f00000, 0x00000000a0f00000|100%|HC|  |TAMS 0x00000000a0f00000, 0x00000000a0e00000| Complete 
|  15|0x00000000a0f00000, 0x00000000a1000000, 0x00000000a1000000|100%|HS|  |TAMS 0x00000000a1000000, 0x00000000a0f00000| Complete 
|  16|0x00000000a1000000, 0x00000000a1100000, 0x00000000a1100000|100%|HC|  |TAMS 0x00000000a1100000, 0x00000000a1000000| Complete 
|  17|0x00000000a1100000, 0x00000000a1200000, 0x00000000a1200000|100%|HC|  |TAMS 0x00000000a1200000, 0x00000000a1100000| Complete 
|  18|0x00000000a1200000, 0x00000000a1300000, 0x00000000a1300000|100%|HC|  |TAMS 0x00000000a1300000, 0x00000000a1200000| Complete 
|  19|0x00000000a1300000, 0x00000000a1400000, 0x00000000a1400000|100%|HC|  |TAMS 0x00000000a1400000, 0x00000000a1300000| Complete 
|  20|0x00000000a1400000, 0x00000000a1500000, 0x00000000a1500000|100%| O|  |TAMS 0x00000000a1500000, 0x00000000a1400000| Updating 
|  21|0x00000000a1500000, 0x00000000a1600000, 0x00000000a1600000|100%| O|  |TAMS 0x00000000a1600000, 0x00000000a1500000| Updating 
|  22|0x00000000a1600000, 0x00000000a1700000, 0x00000000a1700000|100%| O|  |TAMS 0x00000000a1700000, 0x00000000a1600000| Updating 
|  23|0x00000000a1700000, 0x00000000a1800000, 0x00000000a1800000|100%| O|  |TAMS 0x00000000a1800000, 0x00000000a1700000| Updating 
|  24|0x00000000a1800000, 0x00000000a1900000, 0x00000000a1900000|100%| O|  |TAMS 0x00000000a1900000, 0x00000000a1800000| Updating 
|  25|0x00000000a1900000, 0x00000000a1a00000, 0x00000000a1a00000|100%| O|  |TAMS 0x00000000a1a00000, 0x00000000a1900000| Updating 
|  26|0x00000000a1a00000, 0x00000000a1b00000, 0x00000000a1b00000|100%| O|  |TAMS 0x00000000a1b00000, 0x00000000a1a00000| Updating 
|  27|0x00000000a1b00000, 0x00000000a1b00000, 0x00000000a1c00000|  0%| F|  |TAMS 0x00000000a1b00000, 0x00000000a1b00000| Untracked 
|  28|0x00000000a1c00000, 0x00000000a1d00000, 0x00000000a1d00000|100%|HS|  |TAMS 0x00000000a1d00000, 0x00000000a1c00000| Complete 
|  29|0x00000000a1d00000, 0x00000000a1e00000, 0x00000000a1e00000|100%|HC|  |TAMS 0x00000000a1e00000, 0x00000000a1d00000| Complete 
|  30|0x00000000a1e00000, 0x00000000a1f00000, 0x00000000a1f00000|100%|HC|  |TAMS 0x00000000a1f00000, 0x00000000a1e00000| Complete 
|  31|0x00000000a1f00000, 0x00000000a2000000, 0x00000000a2000000|100%| O|  |TAMS 0x00000000a2000000, 0x00000000a1f00000| Updating 
|  32|0x00000000a2000000, 0x00000000a2100000, 0x00000000a2100000|100%|HS|  |TAMS 0x00000000a2100000, 0x00000000a2000000| Complete 
|  33|0x00000000a2100000, 0x00000000a2200000, 0x00000000a2200000|100%|HC|  |TAMS 0x00000000a2200000, 0x00000000a2100000| Complete 
|  34|0x00000000a2200000, 0x00000000a2300000, 0x00000000a2300000|100%|HC|  |TAMS 0x00000000a2300000, 0x00000000a2200000| Complete 
|  35|0x00000000a2300000, 0x00000000a2400000, 0x00000000a2400000|100%|HC|  |TAMS 0x00000000a2400000, 0x00000000a2300000| Complete 
|  36|0x00000000a2400000, 0x00000000a2500000, 0x00000000a2500000|100%|HC|  |TAMS 0x00000000a2500000, 0x00000000a2400000| Complete 
|  37|0x00000000a2500000, 0x00000000a2600000, 0x00000000a2600000|100%| O|  |TAMS 0x00000000a2600000, 0x00000000a2500000| Updating 
|  38|0x00000000a2600000, 0x00000000a2700000, 0x00000000a2700000|100%| O|  |TAMS 0x00000000a2700000, 0x00000000a2600000| Updating 
|  39|0x00000000a2700000, 0x00000000a2800000, 0x00000000a2800000|100%| O|  |TAMS 0x00000000a2800000, 0x00000000a2700000| Updating 
|  40|0x00000000a2800000, 0x00000000a2900000, 0x00000000a2900000|100%| O|  |TAMS 0x00000000a2900000, 0x00000000a2800000| Updating 
|  41|0x00000000a2900000, 0x00000000a2a00000, 0x00000000a2a00000|100%| O|  |TAMS 0x00000000a2a00000, 0x00000000a2900000| Updating 
|  42|0x00000000a2a00000, 0x00000000a2b00000, 0x00000000a2b00000|100%| O|  |TAMS 0x00000000a2b00000, 0x00000000a2a00000| Updating 
|  43|0x00000000a2b00000, 0x00000000a2c00000, 0x00000000a2c00000|100%| O|  |TAMS 0x00000000a2c00000, 0x00000000a2b00000| Updating 
|  44|0x00000000a2c00000, 0x00000000a2d00000, 0x00000000a2d00000|100%| O|  |TAMS 0x00000000a2d00000, 0x00000000a2c00000| Updating 
|  45|0x00000000a2d00000, 0x00000000a2d00000, 0x00000000a2e00000|  0%| F|  |TAMS 0x00000000a2d00000, 0x00000000a2d00000| Untracked 
|  46|0x00000000a2e00000, 0x00000000a2e00000, 0x00000000a2f00000|  0%| F|  |TAMS 0x00000000a2e00000, 0x00000000a2e00000| Untracked 
|  47|0x00000000a2f00000, 0x00000000a3000000, 0x00000000a3000000|100%| O|  |TAMS 0x00000000a3000000, 0x00000000a2f00000| Updating 
|  48|0x00000000a3000000, 0x00000000a3100000, 0x00000000a3100000|100%| O|  |TAMS 0x00000000a3100000, 0x00000000a3000000| Updating 
|  49|0x00000000a3100000, 0x00000000a3200000, 0x00000000a3200000|100%| O|  |TAMS 0x00000000a3200000, 0x00000000a3100000| Updating 
|  50|0x00000000a3200000, 0x00000000a3300000, 0x00000000a3300000|100%| O|  |TAMS 0x00000000a3300000, 0x00000000a3200000| Updating 
|  51|0x00000000a3300000, 0x00000000a3400000, 0x00000000a3400000|100%| O|  |TAMS 0x00000000a3400000, 0x00000000a3300000| Updating 
|  52|0x00000000a3400000, 0x00000000a3500000, 0x00000000a3500000|100%| O|  |TAMS 0x00000000a3500000, 0x00000000a3400000| Updating 
|  53|0x00000000a3500000, 0x00000000a3600000, 0x00000000a3600000|100%| O|  |TAMS 0x00000000a3600000, 0x00000000a3500000| Updating 
|  54|0x00000000a3600000, 0x00000000a3700000, 0x00000000a3700000|100%| O|  |TAMS 0x00000000a3700000, 0x00000000a3600000| Updating 
|  55|0x00000000a3700000, 0x00000000a3800000, 0x00000000a3800000|100%| O|  |TAMS 0x00000000a3800000, 0x00000000a3700000| Updating 
|  56|0x00000000a3800000, 0x00000000a3800000, 0x00000000a3900000|  0%| F|  |TAMS 0x00000000a3800000, 0x00000000a3800000| Untracked 
|  57|0x00000000a3900000, 0x00000000a3a00000, 0x00000000a3a00000|100%| O|  |TAMS 0x00000000a3a00000, 0x00000000a3900000| Updating 
|  58|0x00000000a3a00000, 0x00000000a3b00000, 0x00000000a3b00000|100%| O|  |TAMS 0x00000000a3b00000, 0x00000000a3a00000| Updating 
|  59|0x00000000a3b00000, 0x00000000a3c00000, 0x00000000a3c00000|100%| O|  |TAMS 0x00000000a3c00000, 0x00000000a3b00000| Updating 
|  60|0x00000000a3c00000, 0x00000000a3d00000, 0x00000000a3d00000|100%| O|  |TAMS 0x00000000a3d00000, 0x00000000a3c00000| Updating 
|  61|0x00000000a3d00000, 0x00000000a3e00000, 0x00000000a3e00000|100%| O|  |TAMS 0x00000000a3e00000, 0x00000000a3d00000| Updating 
|  62|0x00000000a3e00000, 0x00000000a3f00000, 0x00000000a3f00000|100%| O|  |TAMS 0x00000000a3f00000, 0x00000000a3e00000| Updating 
|  63|0x00000000a3f00000, 0x00000000a4000000, 0x00000000a4000000|100%| O|  |TAMS 0x00000000a4000000, 0x00000000a3f00000| Updating 
|  64|0x00000000a4000000, 0x00000000a4100000, 0x00000000a4100000|100%|HS|  |TAMS 0x00000000a4100000, 0x00000000a4000000| Complete 
|  65|0x00000000a4100000, 0x00000000a4200000, 0x00000000a4200000|100%|HC|  |TAMS 0x00000000a4200000, 0x00000000a4100000| Complete 
|  66|0x00000000a4200000, 0x00000000a4200000, 0x00000000a4300000|  0%| F|  |TAMS 0x00000000a4200000, 0x00000000a4200000| Untracked 
|  67|0x00000000a4300000, 0x00000000a4400000, 0x00000000a4400000|100%| O|  |TAMS 0x00000000a4400000, 0x00000000a4300000| Updating 
|  68|0x00000000a4400000, 0x00000000a4500000, 0x00000000a4500000|100%| O|  |TAMS 0x00000000a4500000, 0x00000000a4400000| Updating 
|  69|0x00000000a4500000, 0x00000000a4600000, 0x00000000a4600000|100%|HS|  |TAMS 0x00000000a4600000, 0x00000000a4500000| Complete 
|  70|0x00000000a4600000, 0x00000000a4700000, 0x00000000a4700000|100%|HS|  |TAMS 0x00000000a4700000, 0x00000000a4600000| Complete 
|  71|0x00000000a4700000, 0x00000000a4800000, 0x00000000a4800000|100%|HS|  |TAMS 0x00000000a4800000, 0x00000000a4700000| Complete 
|  72|0x00000000a4800000, 0x00000000a4900000, 0x00000000a4900000|100%|HS|  |TAMS 0x00000000a4900000, 0x00000000a4800000| Complete 
|  73|0x00000000a4900000, 0x00000000a4a00000, 0x00000000a4a00000|100%|HC|  |TAMS 0x00000000a4a00000, 0x00000000a4900000| Complete 
|  74|0x00000000a4a00000, 0x00000000a4b00000, 0x00000000a4b00000|100%|HC|  |TAMS 0x00000000a4b00000, 0x00000000a4a00000| Complete 
|  75|0x00000000a4b00000, 0x00000000a4c00000, 0x00000000a4c00000|100%| O|  |TAMS 0x00000000a4c00000, 0x00000000a4b00000| Updating 
|  76|0x00000000a4c00000, 0x00000000a4d00000, 0x00000000a4d00000|100%| O|  |TAMS 0x00000000a4d00000, 0x00000000a4c00000| Updating 
|  77|0x00000000a4d00000, 0x00000000a4e00000, 0x00000000a4e00000|100%| O|  |TAMS 0x00000000a4e00000, 0x00000000a4d00000| Updating 
|  78|0x00000000a4e00000, 0x00000000a4f00000, 0x00000000a4f00000|100%| O|  |TAMS 0x00000000a4f00000, 0x00000000a4e00000| Updating 
|  79|0x00000000a4f00000, 0x00000000a5000000, 0x00000000a5000000|100%| O|  |TAMS 0x00000000a5000000, 0x00000000a4f00000| Updating 
|  80|0x00000000a5000000, 0x00000000a5100000, 0x00000000a5100000|100%| O|  |TAMS 0x00000000a5100000, 0x00000000a5000000| Updating 
|  81|0x00000000a5100000, 0x00000000a5200000, 0x00000000a5200000|100%| O|  |TAMS 0x00000000a5200000, 0x00000000a5100000| Updating 
|  82|0x00000000a5200000, 0x00000000a5300000, 0x00000000a5300000|100%| O|  |TAMS 0x00000000a5300000, 0x00000000a5200000| Updating 
|  83|0x00000000a5300000, 0x00000000a5400000, 0x00000000a5400000|100%| O|  |TAMS 0x00000000a5400000, 0x00000000a5300000| Updating 
|  84|0x00000000a5400000, 0x00000000a5500000, 0x00000000a5500000|100%| O|  |TAMS 0x00000000a5500000, 0x00000000a5400000| Updating 
|  85|0x00000000a5500000, 0x00000000a5600000, 0x00000000a5600000|100%| O|  |TAMS 0x00000000a5600000, 0x00000000a5500000| Updating 
|  86|0x00000000a5600000, 0x00000000a5700000, 0x00000000a5700000|100%| O|  |TAMS 0x00000000a5700000, 0x00000000a5600000| Updating 
|  87|0x00000000a5700000, 0x00000000a5800000, 0x00000000a5800000|100%| O|  |TAMS 0x00000000a5800000, 0x00000000a5700000| Updating 
|  88|0x00000000a5800000, 0x00000000a5900000, 0x00000000a5900000|100%| O|  |TAMS 0x00000000a5900000, 0x00000000a5800000| Updating 
|  89|0x00000000a5900000, 0x00000000a5900000, 0x00000000a5a00000|  0%| F|  |TAMS 0x00000000a5900000, 0x00000000a5900000| Untracked 
|  90|0x00000000a5a00000, 0x00000000a5b00000, 0x00000000a5b00000|100%| O|  |TAMS 0x00000000a5b00000, 0x00000000a5a00000| Updating 
|  91|0x00000000a5b00000, 0x00000000a5b00000, 0x00000000a5c00000|  0%| F|  |TAMS 0x00000000a5b00000, 0x00000000a5b00000| Untracked 
|  92|0x00000000a5c00000, 0x00000000a5c00000, 0x00000000a5d00000|  0%| F|  |TAMS 0x00000000a5c00000, 0x00000000a5c00000| Untracked 
|  93|0x00000000a5d00000, 0x00000000a5e00000, 0x00000000a5e00000|100%| O|  |TAMS 0x00000000a5e00000, 0x00000000a5d00000| Updating 
|  94|0x00000000a5e00000, 0x00000000a5f00000, 0x00000000a5f00000|100%| O|  |TAMS 0x00000000a5f00000, 0x00000000a5e00000| Updating 
|  95|0x00000000a5f00000, 0x00000000a6000000, 0x00000000a6000000|100%| O|  |TAMS 0x00000000a6000000, 0x00000000a5f00000| Updating 
|  96|0x00000000a6000000, 0x00000000a6100000, 0x00000000a6100000|100%| O|  |TAMS 0x00000000a6100000, 0x00000000a6000000| Updating 
|  97|0x00000000a6100000, 0x00000000a6200000, 0x00000000a6200000|100%| O|  |TAMS 0x00000000a6200000, 0x00000000a6100000| Updating 
|  98|0x00000000a6200000, 0x00000000a6200000, 0x00000000a6300000|  0%| F|  |TAMS 0x00000000a6200000, 0x00000000a6200000| Untracked 
|  99|0x00000000a6300000, 0x00000000a6300000, 0x00000000a6400000|  0%| F|  |TAMS 0x00000000a6300000, 0x00000000a6300000| Untracked 
| 100|0x00000000a6400000, 0x00000000a6500000, 0x00000000a6500000|100%| O|  |TAMS 0x00000000a6500000, 0x00000000a6400000| Updating 
| 101|0x00000000a6500000, 0x00000000a6600000, 0x00000000a6600000|100%| O|  |TAMS 0x00000000a6600000, 0x00000000a6500000| Updating 
| 102|0x00000000a6600000, 0x00000000a6700000, 0x00000000a6700000|100%| O|  |TAMS 0x00000000a6700000, 0x00000000a6600000| Updating 
| 103|0x00000000a6700000, 0x00000000a6700000, 0x00000000a6800000|  0%| F|  |TAMS 0x00000000a6700000, 0x00000000a6700000| Untracked 
| 104|0x00000000a6800000, 0x00000000a6900000, 0x00000000a6900000|100%| O|  |TAMS 0x00000000a6900000, 0x00000000a6800000| Updating 
| 105|0x00000000a6900000, 0x00000000a6a00000, 0x00000000a6a00000|100%| O|  |TAMS 0x00000000a6a00000, 0x00000000a6900000| Updating 
| 106|0x00000000a6a00000, 0x00000000a6b00000, 0x00000000a6b00000|100%| O|  |TAMS 0x00000000a6b00000, 0x00000000a6a00000| Updating 
| 107|0x00000000a6b00000, 0x00000000a6b00000, 0x00000000a6c00000|  0%| F|  |TAMS 0x00000000a6b00000, 0x00000000a6b00000| Untracked 
| 108|0x00000000a6c00000, 0x00000000a6d00000, 0x00000000a6d00000|100%| O|  |TAMS 0x00000000a6d00000, 0x00000000a6c00000| Updating 
| 109|0x00000000a6d00000, 0x00000000a6e00000, 0x00000000a6e00000|100%| O|  |TAMS 0x00000000a6e00000, 0x00000000a6d00000| Updating 
| 110|0x00000000a6e00000, 0x00000000a6e00000, 0x00000000a6f00000|  0%| F|  |TAMS 0x00000000a6e00000, 0x00000000a6e00000| Untracked 
| 111|0x00000000a6f00000, 0x00000000a7000000, 0x00000000a7000000|100%| O|  |TAMS 0x00000000a7000000, 0x00000000a6f00000| Updating 
| 112|0x00000000a7000000, 0x00000000a7100000, 0x00000000a7100000|100%| O|  |TAMS 0x00000000a7100000, 0x00000000a7000000| Updating 
| 113|0x00000000a7100000, 0x00000000a7200000, 0x00000000a7200000|100%| O|  |TAMS 0x00000000a7200000, 0x00000000a7100000| Updating 
| 114|0x00000000a7200000, 0x00000000a7300000, 0x00000000a7300000|100%| O|  |TAMS 0x00000000a7300000, 0x00000000a7200000| Updating 
| 115|0x00000000a7300000, 0x00000000a7400000, 0x00000000a7400000|100%| O|  |TAMS 0x00000000a7400000, 0x00000000a7300000| Updating 
| 116|0x00000000a7400000, 0x00000000a7500000, 0x00000000a7500000|100%| O|  |TAMS 0x00000000a7500000, 0x00000000a7400000| Updating 
| 117|0x00000000a7500000, 0x00000000a7600000, 0x00000000a7600000|100%| O|  |TAMS 0x00000000a7600000, 0x00000000a7500000| Updating 
| 118|0x00000000a7600000, 0x00000000a7600000, 0x00000000a7700000|  0%| F|  |TAMS 0x00000000a7600000, 0x00000000a7600000| Untracked 
| 119|0x00000000a7700000, 0x00000000a7800000, 0x00000000a7800000|100%| O|  |TAMS 0x00000000a7800000, 0x00000000a7700000| Updating 
| 120|0x00000000a7800000, 0x00000000a7800000, 0x00000000a7900000|  0%| F|  |TAMS 0x00000000a7800000, 0x00000000a7800000| Untracked 
| 121|0x00000000a7900000, 0x00000000a7900000, 0x00000000a7a00000|  0%| F|  |TAMS 0x00000000a7900000, 0x00000000a7900000| Untracked 
| 122|0x00000000a7a00000, 0x00000000a7a00000, 0x00000000a7b00000|  0%| F|  |TAMS 0x00000000a7a00000, 0x00000000a7a00000| Untracked 
| 123|0x00000000a7b00000, 0x00000000a7c00000, 0x00000000a7c00000|100%| O|  |TAMS 0x00000000a7c00000, 0x00000000a7b00000| Updating 
| 124|0x00000000a7c00000, 0x00000000a7d00000, 0x00000000a7d00000|100%| O|  |TAMS 0x00000000a7d00000, 0x00000000a7c00000| Updating 
| 125|0x00000000a7d00000, 0x00000000a7e00000, 0x00000000a7e00000|100%| O|  |TAMS 0x00000000a7e00000, 0x00000000a7d00000| Updating 
| 126|0x00000000a7e00000, 0x00000000a7f00000, 0x00000000a7f00000|100%| O|  |TAMS 0x00000000a7f00000, 0x00000000a7e00000| Updating 
| 127|0x00000000a7f00000, 0x00000000a8000000, 0x00000000a8000000|100%| O|  |TAMS 0x00000000a8000000, 0x00000000a7f00000| Updating 
| 128|0x00000000a8000000, 0x00000000a8100000, 0x00000000a8100000|100%| O|  |TAMS 0x00000000a8100000, 0x00000000a8000000| Updating 
| 129|0x00000000a8100000, 0x00000000a8200000, 0x00000000a8200000|100%| O|  |TAMS 0x00000000a8200000, 0x00000000a8100000| Updating 
| 130|0x00000000a8200000, 0x00000000a8300000, 0x00000000a8300000|100%| O|  |TAMS 0x00000000a8300000, 0x00000000a8200000| Updating 
| 131|0x00000000a8300000, 0x00000000a8400000, 0x00000000a8400000|100%| O|  |TAMS 0x00000000a8400000, 0x00000000a8300000| Updating 
| 132|0x00000000a8400000, 0x00000000a8500000, 0x00000000a8500000|100%| O|  |TAMS 0x00000000a8500000, 0x00000000a8400000| Updating 
| 133|0x00000000a8500000, 0x00000000a8600000, 0x00000000a8600000|100%| O|  |TAMS 0x00000000a8600000, 0x00000000a8500000| Updating 
| 134|0x00000000a8600000, 0x00000000a8700000, 0x00000000a8700000|100%| O|  |TAMS 0x00000000a8700000, 0x00000000a8600000| Updating 
| 135|0x00000000a8700000, 0x00000000a8800000, 0x00000000a8800000|100%| O|  |TAMS 0x00000000a8800000, 0x00000000a8700000| Updating 
| 136|0x00000000a8800000, 0x00000000a8800000, 0x00000000a8900000|  0%| F|  |TAMS 0x00000000a8800000, 0x00000000a8800000| Untracked 
| 137|0x00000000a8900000, 0x00000000a8a00000, 0x00000000a8a00000|100%| O|  |TAMS 0x00000000a8a00000, 0x00000000a8900000| Updating 
| 138|0x00000000a8a00000, 0x00000000a8b00000, 0x00000000a8b00000|100%| O|  |TAMS 0x00000000a8b00000, 0x00000000a8a00000| Updating 
| 139|0x00000000a8b00000, 0x00000000a8c00000, 0x00000000a8c00000|100%| O|  |TAMS 0x00000000a8c00000, 0x00000000a8b00000| Updating 
| 140|0x00000000a8c00000, 0x00000000a8c00000, 0x00000000a8d00000|  0%| F|  |TAMS 0x00000000a8c00000, 0x00000000a8c00000| Untracked 
| 141|0x00000000a8d00000, 0x00000000a8d00000, 0x00000000a8e00000|  0%| F|  |TAMS 0x00000000a8d00000, 0x00000000a8d00000| Untracked 
| 142|0x00000000a8e00000, 0x00000000a8f00000, 0x00000000a8f00000|100%| O|  |TAMS 0x00000000a8f00000, 0x00000000a8e00000| Updating 
| 143|0x00000000a8f00000, 0x00000000a9000000, 0x00000000a9000000|100%| O|  |TAMS 0x00000000a9000000, 0x00000000a8f00000| Updating 
| 144|0x00000000a9000000, 0x00000000a9100000, 0x00000000a9100000|100%| O|  |TAMS 0x00000000a9100000, 0x00000000a9000000| Updating 
| 145|0x00000000a9100000, 0x00000000a9200000, 0x00000000a9200000|100%| O|  |TAMS 0x00000000a9200000, 0x00000000a9100000| Updating 
| 146|0x00000000a9200000, 0x00000000a9200000, 0x00000000a9300000|  0%| F|  |TAMS 0x00000000a9200000, 0x00000000a9200000| Untracked 
| 147|0x00000000a9300000, 0x00000000a9400000, 0x00000000a9400000|100%| O|  |TAMS 0x00000000a9400000, 0x00000000a9300000| Updating 
| 148|0x00000000a9400000, 0x00000000a9500000, 0x00000000a9500000|100%| O|  |TAMS 0x00000000a9500000, 0x00000000a9400000| Updating 
| 149|0x00000000a9500000, 0x00000000a9500000, 0x00000000a9600000|  0%| F|  |TAMS 0x00000000a9500000, 0x00000000a9500000| Untracked 
| 150|0x00000000a9600000, 0x00000000a9600000, 0x00000000a9700000|  0%| F|  |TAMS 0x00000000a9600000, 0x00000000a9600000| Untracked 
| 151|0x00000000a9700000, 0x00000000a9700000, 0x00000000a9800000|  0%| F|  |TAMS 0x00000000a9700000, 0x00000000a9700000| Untracked 
| 152|0x00000000a9800000, 0x00000000a9800000, 0x00000000a9900000|  0%| F|  |TAMS 0x00000000a9800000, 0x00000000a9800000| Untracked 
| 153|0x00000000a9900000, 0x00000000a9900000, 0x00000000a9a00000|  0%| F|  |TAMS 0x00000000a9900000, 0x00000000a9900000| Untracked 
| 154|0x00000000a9a00000, 0x00000000a9a00000, 0x00000000a9b00000|  0%| F|  |TAMS 0x00000000a9a00000, 0x00000000a9a00000| Untracked 
| 155|0x00000000a9b00000, 0x00000000a9b00000, 0x00000000a9c00000|  0%| F|  |TAMS 0x00000000a9b00000, 0x00000000a9b00000| Untracked 
| 156|0x00000000a9c00000, 0x00000000a9c00000, 0x00000000a9d00000|  0%| F|  |TAMS 0x00000000a9c00000, 0x00000000a9c00000| Untracked 
| 157|0x00000000a9d00000, 0x00000000a9e00000, 0x00000000a9e00000|100%| O|  |TAMS 0x00000000a9e00000, 0x00000000a9d00000| Updating 
| 158|0x00000000a9e00000, 0x00000000a9f00000, 0x00000000a9f00000|100%| O|  |TAMS 0x00000000a9f00000, 0x00000000a9e00000| Updating 
| 159|0x00000000a9f00000, 0x00000000aa000000, 0x00000000aa000000|100%| O|  |TAMS 0x00000000aa000000, 0x00000000a9f00000| Updating 
| 160|0x00000000aa000000, 0x00000000aa100000, 0x00000000aa100000|100%| O|  |TAMS 0x00000000aa100000, 0x00000000aa000000| Updating 
| 161|0x00000000aa100000, 0x00000000aa200000, 0x00000000aa200000|100%| O|  |TAMS 0x00000000aa200000, 0x00000000aa100000| Updating 
| 162|0x00000000aa200000, 0x00000000aa300000, 0x00000000aa300000|100%| O|  |TAMS 0x00000000aa300000, 0x00000000aa200000| Updating 
| 163|0x00000000aa300000, 0x00000000aa400000, 0x00000000aa400000|100%| O|  |TAMS 0x00000000aa400000, 0x00000000aa300000| Updating 
| 164|0x00000000aa400000, 0x00000000aa500000, 0x00000000aa500000|100%| O|  |TAMS 0x00000000aa500000, 0x00000000aa400000| Updating 
| 165|0x00000000aa500000, 0x00000000aa600000, 0x00000000aa600000|100%| O|  |TAMS 0x00000000aa600000, 0x00000000aa500000| Updating 
| 166|0x00000000aa600000, 0x00000000aa700000, 0x00000000aa700000|100%| O|  |TAMS 0x00000000aa700000, 0x00000000aa600000| Updating 
| 167|0x00000000aa700000, 0x00000000aa800000, 0x00000000aa800000|100%| O|  |TAMS 0x00000000aa800000, 0x00000000aa700000| Updating 
| 168|0x00000000aa800000, 0x00000000aa900000, 0x00000000aa900000|100%| O|  |TAMS 0x00000000aa900000, 0x00000000aa800000| Updating 
| 169|0x00000000aa900000, 0x00000000aaa00000, 0x00000000aaa00000|100%| O|  |TAMS 0x00000000aaa00000, 0x00000000aa900000| Updating 
| 170|0x00000000aaa00000, 0x00000000aab00000, 0x00000000aab00000|100%| O|  |TAMS 0x00000000aab00000, 0x00000000aaa00000| Updating 
| 171|0x00000000aab00000, 0x00000000aac00000, 0x00000000aac00000|100%| O|  |TAMS 0x00000000aac00000, 0x00000000aab00000| Updating 
| 172|0x00000000aac00000, 0x00000000aad00000, 0x00000000aad00000|100%| O|  |TAMS 0x00000000aad00000, 0x00000000aac00000| Updating 
| 173|0x00000000aad00000, 0x00000000aae00000, 0x00000000aae00000|100%| O|  |TAMS 0x00000000aae00000, 0x00000000aad00000| Updating 
| 174|0x00000000aae00000, 0x00000000aae7d800, 0x00000000aaf00000| 49%| O|  |TAMS 0x00000000aae7d800, 0x00000000aae00000| Updating 
| 175|0x00000000aaf00000, 0x00000000aaf00000, 0x00000000ab000000|  0%| F|  |TAMS 0x00000000aaf00000, 0x00000000aaf00000| Untracked 
| 176|0x00000000ab000000, 0x00000000ab000000, 0x00000000ab100000|  0%| F|  |TAMS 0x00000000ab000000, 0x00000000ab000000| Untracked 
| 177|0x00000000ab100000, 0x00000000ab100000, 0x00000000ab200000|  0%| F|  |TAMS 0x00000000ab100000, 0x00000000ab100000| Untracked 
| 178|0x00000000ab200000, 0x00000000ab200000, 0x00000000ab300000|  0%| F|  |TAMS 0x00000000ab200000, 0x00000000ab200000| Untracked 
| 179|0x00000000ab300000, 0x00000000ab300000, 0x00000000ab400000|  0%| F|  |TAMS 0x00000000ab300000, 0x00000000ab300000| Untracked 
| 180|0x00000000ab400000, 0x00000000ab400000, 0x00000000ab500000|  0%| F|  |TAMS 0x00000000ab400000, 0x00000000ab400000| Untracked 
| 181|0x00000000ab500000, 0x00000000ab500000, 0x00000000ab600000|  0%| F|  |TAMS 0x00000000ab500000, 0x00000000ab500000| Untracked 
| 182|0x00000000ab600000, 0x00000000ab600000, 0x00000000ab700000|  0%| F|  |TAMS 0x00000000ab600000, 0x00000000ab600000| Untracked 
| 183|0x00000000ab700000, 0x00000000ab700000, 0x00000000ab800000|  0%| F|  |TAMS 0x00000000ab700000, 0x00000000ab700000| Untracked 
| 184|0x00000000ab800000, 0x00000000ab800000, 0x00000000ab900000|  0%| F|  |TAMS 0x00000000ab800000, 0x00000000ab800000| Untracked 
| 185|0x00000000ab900000, 0x00000000ab900000, 0x00000000aba00000|  0%| F|  |TAMS 0x00000000ab900000, 0x00000000ab900000| Untracked 
| 186|0x00000000aba00000, 0x00000000aba00000, 0x00000000abb00000|  0%| F|  |TAMS 0x00000000aba00000, 0x00000000aba00000| Untracked 
| 187|0x00000000abb00000, 0x00000000abb00000, 0x00000000abc00000|  0%| F|  |TAMS 0x00000000abb00000, 0x00000000abb00000| Untracked 
| 188|0x00000000abc00000, 0x00000000abc00000, 0x00000000abd00000|  0%| F|  |TAMS 0x00000000abc00000, 0x00000000abc00000| Untracked 
| 189|0x00000000abd00000, 0x00000000abd00000, 0x00000000abe00000|  0%| F|  |TAMS 0x00000000abd00000, 0x00000000abd00000| Untracked 
| 190|0x00000000abe00000, 0x00000000abe00000, 0x00000000abf00000|  0%| F|  |TAMS 0x00000000abe00000, 0x00000000abe00000| Untracked 
| 191|0x00000000abf00000, 0x00000000abf41998, 0x00000000ac000000| 25%| S|CS|TAMS 0x00000000abf00000, 0x00000000abf00000| Complete 
| 192|0x00000000ac000000, 0x00000000ac100000, 0x00000000ac100000|100%| S|CS|TAMS 0x00000000ac000000, 0x00000000ac000000| Complete 
| 193|0x00000000ac100000, 0x00000000ac200000, 0x00000000ac200000|100%| S|CS|TAMS 0x00000000ac100000, 0x00000000ac100000| Complete 
| 194|0x00000000ac200000, 0x00000000ac300000, 0x00000000ac300000|100%| S|CS|TAMS 0x00000000ac200000, 0x00000000ac200000| Complete 
| 195|0x00000000ac300000, 0x00000000ac300000, 0x00000000ac400000|  0%| F|  |TAMS 0x00000000ac300000, 0x00000000ac300000| Untracked 
| 196|0x00000000ac400000, 0x00000000ac400000, 0x00000000ac500000|  0%| F|  |TAMS 0x00000000ac400000, 0x00000000ac400000| Untracked 
| 197|0x00000000ac500000, 0x00000000ac500000, 0x00000000ac600000|  0%| F|  |TAMS 0x00000000ac500000, 0x00000000ac500000| Untracked 
| 198|0x00000000ac600000, 0x00000000ac600000, 0x00000000ac700000|  0%| F|  |TAMS 0x00000000ac600000, 0x00000000ac600000| Untracked 
| 199|0x00000000ac700000, 0x00000000ac700000, 0x00000000ac800000|  0%| F|  |TAMS 0x00000000ac700000, 0x00000000ac700000| Untracked 
| 200|0x00000000ac800000, 0x00000000ac800000, 0x00000000ac900000|  0%| F|  |TAMS 0x00000000ac800000, 0x00000000ac800000| Untracked 
| 201|0x00000000ac900000, 0x00000000ac900000, 0x00000000aca00000|  0%| F|  |TAMS 0x00000000ac900000, 0x00000000ac900000| Untracked 
| 202|0x00000000aca00000, 0x00000000aca00000, 0x00000000acb00000|  0%| F|  |TAMS 0x00000000aca00000, 0x00000000aca00000| Untracked 
| 203|0x00000000acb00000, 0x00000000acb00000, 0x00000000acc00000|  0%| F|  |TAMS 0x00000000acb00000, 0x00000000acb00000| Untracked 
| 204|0x00000000acc00000, 0x00000000acc00000, 0x00000000acd00000|  0%| F|  |TAMS 0x00000000acc00000, 0x00000000acc00000| Untracked 
| 205|0x00000000acd00000, 0x00000000acd00000, 0x00000000ace00000|  0%| F|  |TAMS 0x00000000acd00000, 0x00000000acd00000| Untracked 
| 206|0x00000000ace00000, 0x00000000ace00000, 0x00000000acf00000|  0%| F|  |TAMS 0x00000000ace00000, 0x00000000ace00000| Untracked 
| 207|0x00000000acf00000, 0x00000000acf00000, 0x00000000ad000000|  0%| F|  |TAMS 0x00000000acf00000, 0x00000000acf00000| Untracked 
| 208|0x00000000ad000000, 0x00000000ad000000, 0x00000000ad100000|  0%| F|  |TAMS 0x00000000ad000000, 0x00000000ad000000| Untracked 
| 209|0x00000000ad100000, 0x00000000ad100000, 0x00000000ad200000|  0%| F|  |TAMS 0x00000000ad100000, 0x00000000ad100000| Untracked 
| 210|0x00000000ad200000, 0x00000000ad200000, 0x00000000ad300000|  0%| F|  |TAMS 0x00000000ad200000, 0x00000000ad200000| Untracked 
| 211|0x00000000ad300000, 0x00000000ad300000, 0x00000000ad400000|  0%| F|  |TAMS 0x00000000ad300000, 0x00000000ad300000| Untracked 
| 212|0x00000000ad400000, 0x00000000ad400000, 0x00000000ad500000|  0%| F|  |TAMS 0x00000000ad400000, 0x00000000ad400000| Untracked 
| 213|0x00000000ad500000, 0x00000000ad500000, 0x00000000ad600000|  0%| F|  |TAMS 0x00000000ad500000, 0x00000000ad500000| Untracked 
| 214|0x00000000ad600000, 0x00000000ad600000, 0x00000000ad700000|  0%| F|  |TAMS 0x00000000ad600000, 0x00000000ad600000| Untracked 
| 215|0x00000000ad700000, 0x00000000ad700000, 0x00000000ad800000|  0%| F|  |TAMS 0x00000000ad700000, 0x00000000ad700000| Untracked 
| 216|0x00000000ad800000, 0x00000000ad800000, 0x00000000ad900000|  0%| F|  |TAMS 0x00000000ad800000, 0x00000000ad800000| Untracked 
| 217|0x00000000ad900000, 0x00000000ad900000, 0x00000000ada00000|  0%| F|  |TAMS 0x00000000ad900000, 0x00000000ad900000| Untracked 
| 218|0x00000000ada00000, 0x00000000ada00000, 0x00000000adb00000|  0%| F|  |TAMS 0x00000000ada00000, 0x00000000ada00000| Untracked 
| 219|0x00000000adb00000, 0x00000000adb00000, 0x00000000adc00000|  0%| F|  |TAMS 0x00000000adb00000, 0x00000000adb00000| Untracked 
| 220|0x00000000adc00000, 0x00000000adc00000, 0x00000000add00000|  0%| F|  |TAMS 0x00000000adc00000, 0x00000000adc00000| Untracked 
| 221|0x00000000add00000, 0x00000000add00000, 0x00000000ade00000|  0%| F|  |TAMS 0x00000000add00000, 0x00000000add00000| Untracked 
| 222|0x00000000ade00000, 0x00000000ade00000, 0x00000000adf00000|  0%| F|  |TAMS 0x00000000ade00000, 0x00000000ade00000| Untracked 
| 223|0x00000000adf00000, 0x00000000adf00000, 0x00000000ae000000|  0%| F|  |TAMS 0x00000000adf00000, 0x00000000adf00000| Untracked 
| 224|0x00000000ae000000, 0x00000000ae000000, 0x00000000ae100000|  0%| F|  |TAMS 0x00000000ae000000, 0x00000000ae000000| Untracked 
| 225|0x00000000ae100000, 0x00000000ae100000, 0x00000000ae200000|  0%| F|  |TAMS 0x00000000ae100000, 0x00000000ae100000| Untracked 
| 226|0x00000000ae200000, 0x00000000ae200000, 0x00000000ae300000|  0%| F|  |TAMS 0x00000000ae200000, 0x00000000ae200000| Untracked 
| 227|0x00000000ae300000, 0x00000000ae300000, 0x00000000ae400000|  0%| F|  |TAMS 0x00000000ae300000, 0x00000000ae300000| Untracked 
| 228|0x00000000ae400000, 0x00000000ae400000, 0x00000000ae500000|  0%| F|  |TAMS 0x00000000ae400000, 0x00000000ae400000| Untracked 
| 229|0x00000000ae500000, 0x00000000ae500000, 0x00000000ae600000|  0%| F|  |TAMS 0x00000000ae500000, 0x00000000ae500000| Untracked 
| 230|0x00000000ae600000, 0x00000000ae600000, 0x00000000ae700000|  0%| F|  |TAMS 0x00000000ae600000, 0x00000000ae600000| Untracked 
| 231|0x00000000ae700000, 0x00000000ae700000, 0x00000000ae800000|  0%| F|  |TAMS 0x00000000ae700000, 0x00000000ae700000| Untracked 
| 232|0x00000000ae800000, 0x00000000ae800000, 0x00000000ae900000|  0%| F|  |TAMS 0x00000000ae800000, 0x00000000ae800000| Untracked 
| 233|0x00000000ae900000, 0x00000000ae900000, 0x00000000aea00000|  0%| F|  |TAMS 0x00000000ae900000, 0x00000000ae900000| Untracked 
| 234|0x00000000aea00000, 0x00000000aea00000, 0x00000000aeb00000|  0%| F|  |TAMS 0x00000000aea00000, 0x00000000aea00000| Untracked 
| 235|0x00000000aeb00000, 0x00000000aeb00000, 0x00000000aec00000|  0%| F|  |TAMS 0x00000000aeb00000, 0x00000000aeb00000| Untracked 
| 236|0x00000000aec00000, 0x00000000aec00000, 0x00000000aed00000|  0%| F|  |TAMS 0x00000000aec00000, 0x00000000aec00000| Untracked 
| 237|0x00000000aed00000, 0x00000000aed00000, 0x00000000aee00000|  0%| F|  |TAMS 0x00000000aed00000, 0x00000000aed00000| Untracked 
| 238|0x00000000aee00000, 0x00000000aee00000, 0x00000000aef00000|  0%| F|  |TAMS 0x00000000aee00000, 0x00000000aee00000| Untracked 
| 239|0x00000000aef00000, 0x00000000aef00000, 0x00000000af000000|  0%| F|  |TAMS 0x00000000aef00000, 0x00000000aef00000| Untracked 
| 240|0x00000000af000000, 0x00000000af000000, 0x00000000af100000|  0%| F|  |TAMS 0x00000000af000000, 0x00000000af000000| Untracked 
| 241|0x00000000af100000, 0x00000000af100000, 0x00000000af200000|  0%| F|  |TAMS 0x00000000af100000, 0x00000000af100000| Untracked 
| 242|0x00000000af200000, 0x00000000af200000, 0x00000000af300000|  0%| F|  |TAMS 0x00000000af200000, 0x00000000af200000| Untracked 
| 243|0x00000000af300000, 0x00000000af300000, 0x00000000af400000|  0%| F|  |TAMS 0x00000000af300000, 0x00000000af300000| Untracked 
| 244|0x00000000af400000, 0x00000000af400000, 0x00000000af500000|  0%| F|  |TAMS 0x00000000af400000, 0x00000000af400000| Untracked 
| 245|0x00000000af500000, 0x00000000af500000, 0x00000000af600000|  0%| F|  |TAMS 0x00000000af500000, 0x00000000af500000| Untracked 
| 246|0x00000000af600000, 0x00000000af600000, 0x00000000af700000|  0%| F|  |TAMS 0x00000000af600000, 0x00000000af600000| Untracked 
| 247|0x00000000af700000, 0x00000000af700000, 0x00000000af800000|  0%| F|  |TAMS 0x00000000af700000, 0x00000000af700000| Untracked 
| 248|0x00000000af800000, 0x00000000af8e7780, 0x00000000af900000| 90%| E|  |TAMS 0x00000000af800000, 0x00000000af800000| Complete 
| 249|0x00000000af900000, 0x00000000afa00000, 0x00000000afa00000|100%| E|CS|TAMS 0x00000000af900000, 0x00000000af900000| Complete 
| 250|0x00000000afa00000, 0x00000000afb00000, 0x00000000afb00000|100%| E|CS|TAMS 0x00000000afa00000, 0x00000000afa00000| Complete 
| 251|0x00000000afb00000, 0x00000000afc00000, 0x00000000afc00000|100%| E|CS|TAMS 0x00000000afb00000, 0x00000000afb00000| Complete 
| 252|0x00000000afc00000, 0x00000000afd00000, 0x00000000afd00000|100%| E|CS|TAMS 0x00000000afc00000, 0x00000000afc00000| Complete 
| 253|0x00000000afd00000, 0x00000000afe00000, 0x00000000afe00000|100%| E|CS|TAMS 0x00000000afd00000, 0x00000000afd00000| Complete 
| 254|0x00000000afe00000, 0x00000000aff00000, 0x00000000aff00000|100%| E|CS|TAMS 0x00000000afe00000, 0x00000000afe00000| Complete 
| 255|0x00000000aff00000, 0x00000000b0000000, 0x00000000b0000000|100%| E|CS|TAMS 0x00000000aff00000, 0x00000000aff00000| Complete 
| 256|0x00000000b0000000, 0x00000000b0100000, 0x00000000b0100000|100%| E|CS|TAMS 0x00000000b0000000, 0x00000000b0000000| Complete 
| 257|0x00000000b0100000, 0x00000000b0200000, 0x00000000b0200000|100%| E|CS|TAMS 0x00000000b0100000, 0x00000000b0100000| Complete 
| 258|0x00000000b0200000, 0x00000000b0300000, 0x00000000b0300000|100%| E|CS|TAMS 0x00000000b0200000, 0x00000000b0200000| Complete 
| 259|0x00000000b0300000, 0x00000000b0400000, 0x00000000b0400000|100%| E|CS|TAMS 0x00000000b0300000, 0x00000000b0300000| Complete 
| 260|0x00000000b0400000, 0x00000000b0500000, 0x00000000b0500000|100%| E|CS|TAMS 0x00000000b0400000, 0x00000000b0400000| Complete 
| 261|0x00000000b0500000, 0x00000000b0600000, 0x00000000b0600000|100%| E|CS|TAMS 0x00000000b0500000, 0x00000000b0500000| Complete 
| 262|0x00000000b0600000, 0x00000000b0700000, 0x00000000b0700000|100%| E|CS|TAMS 0x00000000b0600000, 0x00000000b0600000| Complete 
| 263|0x00000000b0700000, 0x00000000b0800000, 0x00000000b0800000|100%| E|CS|TAMS 0x00000000b0700000, 0x00000000b0700000| Complete 
| 264|0x00000000b0800000, 0x00000000b0900000, 0x00000000b0900000|100%| E|CS|TAMS 0x00000000b0800000, 0x00000000b0800000| Complete 
| 265|0x00000000b0900000, 0x00000000b0a00000, 0x00000000b0a00000|100%| E|CS|TAMS 0x00000000b0900000, 0x00000000b0900000| Complete 
| 266|0x00000000b0a00000, 0x00000000b0b00000, 0x00000000b0b00000|100%| E|CS|TAMS 0x00000000b0a00000, 0x00000000b0a00000| Complete 
| 267|0x00000000b0b00000, 0x00000000b0c00000, 0x00000000b0c00000|100%| E|CS|TAMS 0x00000000b0b00000, 0x00000000b0b00000| Complete 
| 268|0x00000000b0c00000, 0x00000000b0d00000, 0x00000000b0d00000|100%| E|CS|TAMS 0x00000000b0c00000, 0x00000000b0c00000| Complete 
| 269|0x00000000b0d00000, 0x00000000b0e00000, 0x00000000b0e00000|100%| E|CS|TAMS 0x00000000b0d00000, 0x00000000b0d00000| Complete 
| 270|0x00000000b0e00000, 0x00000000b0f00000, 0x00000000b0f00000|100%| E|CS|TAMS 0x00000000b0e00000, 0x00000000b0e00000| Complete 
| 271|0x00000000b0f00000, 0x00000000b1000000, 0x00000000b1000000|100%| E|CS|TAMS 0x00000000b0f00000, 0x00000000b0f00000| Complete 
| 272|0x00000000b1000000, 0x00000000b1100000, 0x00000000b1100000|100%| E|CS|TAMS 0x00000000b1000000, 0x00000000b1000000| Complete 
| 273|0x00000000b1100000, 0x00000000b1200000, 0x00000000b1200000|100%| E|CS|TAMS 0x00000000b1100000, 0x00000000b1100000| Complete 
| 274|0x00000000b1200000, 0x00000000b1300000, 0x00000000b1300000|100%| E|CS|TAMS 0x00000000b1200000, 0x00000000b1200000| Complete 
| 275|0x00000000b1300000, 0x00000000b1400000, 0x00000000b1400000|100%| E|CS|TAMS 0x00000000b1300000, 0x00000000b1300000| Complete 
| 276|0x00000000b1400000, 0x00000000b1500000, 0x00000000b1500000|100%| E|CS|TAMS 0x00000000b1400000, 0x00000000b1400000| Complete 
| 277|0x00000000b1500000, 0x00000000b1600000, 0x00000000b1600000|100%| E|CS|TAMS 0x00000000b1500000, 0x00000000b1500000| Complete 
| 278|0x00000000b1600000, 0x00000000b1700000, 0x00000000b1700000|100%| E|CS|TAMS 0x00000000b1600000, 0x00000000b1600000| Complete 
| 279|0x00000000b1700000, 0x00000000b1800000, 0x00000000b1800000|100%| E|CS|TAMS 0x00000000b1700000, 0x00000000b1700000| Complete 
| 280|0x00000000b1800000, 0x00000000b1900000, 0x00000000b1900000|100%| E|CS|TAMS 0x00000000b1800000, 0x00000000b1800000| Complete 
| 281|0x00000000b1900000, 0x00000000b1a00000, 0x00000000b1a00000|100%| E|CS|TAMS 0x00000000b1900000, 0x00000000b1900000| Complete 
| 282|0x00000000b1a00000, 0x00000000b1b00000, 0x00000000b1b00000|100%| E|CS|TAMS 0x00000000b1a00000, 0x00000000b1a00000| Complete 
| 283|0x00000000b1b00000, 0x00000000b1c00000, 0x00000000b1c00000|100%| E|CS|TAMS 0x00000000b1b00000, 0x00000000b1b00000| Complete 

Card table byte_map: [0x00000161c0070000,0x00000161c0370000] _byte_map_base: 0x00000161bfb70000

Marking Bits (Prev, Next): (CMBitMap*) 0x00000161a96261c0, (CMBitMap*) 0x00000161a9626180
 Prev Bits: [0x00000161c1e70000, 0x00000161c3670000)
 Next Bits: [0x00000161c0670000, 0x00000161c1e70000)

Polling page: 0x00000161a7420000

Metaspace:

Usage:
  Non-class:    108.63 MB used.
      Class:     15.69 MB used.
       Both:    124.32 MB used.

Virtual space:
  Non-class space:      112.00 MB reserved,     109.12 MB ( 97%) committed,  14 nodes.
      Class space:        1.00 GB reserved,      16.12 MB (  2%) committed,  1 nodes.
              Both:        1.11 GB reserved,     125.25 MB ( 11%) committed. 

Chunk freelists:
   Non-Class:  2.28 MB
       Class:  3.89 MB
        Both:  6.17 MB

MaxMetaspaceSize: 17179869184.00 GB
CompressedClassSpaceSize: 1.00 GB
 - commit_granule_bytes: 65536.
 - commit_granule_words: 8192.
 - virtual_space_node_default_size: 1048576.
 - enlarge_chunks_in_place: 1.
 - new_chunks_are_fully_committed: 0.
 - uncommit_free_chunks: 1.
 - use_allocation_guard: 0.
 - handle_deallocations: 1.


Internal statistics:

num_allocs_failed_limit: 8.
num_arena_births: 1378.
num_arena_deaths: 16.
num_vsnodes_births: 15.
num_vsnodes_deaths: 0.
num_space_committed: 2003.
num_space_uncommitted: 0.
num_chunks_returned_to_freelist: 34.
num_chunks_taken_from_freelist: 6612.
num_chunk_merges: 13.
num_chunk_splits: 4324.
num_chunks_enlarged: 2888.
num_purges: 8.

CodeHeap 'non-profiled nmethods': size=120000Kb used=12993Kb max_used=12993Kb free=107007Kb
 bounds [0x00000161b8840000, 0x00000161b9500000, 0x00000161bfd70000]
CodeHeap 'profiled nmethods': size=120000Kb used=40696Kb max_used=40696Kb free=79303Kb
 bounds [0x00000161b1310000, 0x00000161b3ad0000, 0x00000161b8840000]
CodeHeap 'non-nmethods': size=5760Kb used=2506Kb max_used=2614Kb free=3253Kb
 bounds [0x00000161b0d70000, 0x00000161b1010000, 0x00000161b1310000]
 total_blobs=20162 nmethods=19117 adapters=955
 compilation: enabled
              stopped_count=0, restarted_count=0
 full_count=0

Compilation events (20 events):
Event: 181.048 Thread 0x00000161c5aef3c0 23539       2       com.android.tools.r8.internal.C7::a (437 bytes)
Event: 181.050 Thread 0x00000161c5aef3c0 nmethod 23539 0x00000161b3ab4c90 code [0x00000161b3ab5080, 0x00000161b3ab61b8]
Event: 181.055 Thread 0x00000161c5aef3c0 23542 %     3       com.android.tools.r8.internal.Lv::a @ 337 (455 bytes)
Event: 181.058 Thread 0x00000161c5aef3c0 nmethod 23542% 0x00000161b3ab6b90 code [0x00000161b3ab7140, 0x00000161b3abaef8]
Event: 181.064 Thread 0x00000161c5aef3c0 23543       2       com.android.tools.r8.internal.Le::a (94 bytes)
Event: 181.065 Thread 0x00000161c5aef3c0 nmethod 23543 0x00000161b3abbe90 code [0x00000161b3abc0a0, 0x00000161b3abc3d8]
Event: 181.069 Thread 0x00000161c5aede50 nmethod 23485 0x00000161b94ecb10 code [0x00000161b94eccc0, 0x00000161b94edff8]
Event: 181.070 Thread 0x00000161c5aede50 23540       4       com.android.tools.r8.internal.W4::i (297 bytes)
Event: 181.072 Thread 0x00000161c5aef3c0 23544       3       com.android.tools.r8.internal.Lv::a (455 bytes)
Event: 181.075 Thread 0x00000161c5aef3c0 nmethod 23544 0x00000161b3abc690 code [0x00000161b3abcc40, 0x00000161b3ac0798]
Event: 181.077 Thread 0x00000161c5aef3c0 23545       2       com.android.tools.r8.internal.B8::a (38 bytes)
Event: 181.077 Thread 0x00000161c5aef3c0 nmethod 23545 0x00000161b3ac1710 code [0x00000161b3ac18c0, 0x00000161b3ac1aa8]
Event: 181.090 Thread 0x00000161c5aef3c0 23547       2       com.android.tools.r8.internal.B8::a (37 bytes)
Event: 181.090 Thread 0x00000161c5aef3c0 nmethod 23547 0x00000161b3ac1b90 code [0x00000161b3ac1d60, 0x00000161b3ac1fa8]
Event: 181.101 Thread 0x00000161c5aef3c0 23549 %     3       com.android.tools.r8.internal.Le::a @ 1082 (1137 bytes)
Event: 181.101 Thread 0x00000161c5aede50 nmethod 23540 0x00000161b94ee510 code [0x00000161b94ee760, 0x00000161b94ef888]
Event: 181.101 Thread 0x00000161c5aede50 23548       4       com.android.tools.r8.internal.E7::j (627 bytes)
Event: 181.112 Thread 0x00000161c5aef3c0 nmethod 23549% 0x00000161b3ac2190 code [0x00000161b3ac2e00, 0x00000161b3acb088]
Event: 181.117 Thread 0x00000161c5aef3c0 23550       2       com.android.tools.r8.internal.b0::b (121 bytes)
Event: 181.117 Thread 0x00000161c5aef3c0 nmethod 23550 0x00000161b3acda90 code [0x00000161b3acdc80, 0x00000161b3ace068]

GC Heap History (20 events):
Event: 174.343 GC heap before
{Heap before GC invocations=89 (full 0):
 garbage-first heap   total 281600K, used 232219K [0x00000000a0000000, 0x0000000100000000)
  region size 1024K, 86 young (88064K), 4 survivors (4096K)
 Metaspace       used 117280K, committed 118208K, reserved 1155072K
  class space    used 14680K, committed 15104K, reserved 1048576K
}
Event: 174.360 GC heap after
{Heap after GC invocations=90 (full 0):
 garbage-first heap   total 281600K, used 155469K [0x00000000a0000000, 0x0000000100000000)
  region size 1024K, 10 young (10240K), 10 survivors (10240K)
 Metaspace       used 117280K, committed 118208K, reserved 1155072K
  class space    used 14680K, committed 15104K, reserved 1048576K
}
Event: 174.443 GC heap before
{Heap before GC invocations=90 (full 0):
 garbage-first heap   total 281600K, used 157517K [0x00000000a0000000, 0x0000000100000000)
  region size 1024K, 13 young (13312K), 10 survivors (10240K)
 Metaspace       used 117296K, committed 118272K, reserved 1155072K
  class space    used 14683K, committed 15168K, reserved 1048576K
}
Event: 174.474 GC heap after
{Heap after GC invocations=91 (full 0):
 garbage-first heap   total 281600K, used 134963K [0x00000000a0000000, 0x0000000100000000)
  region size 1024K, 2 young (2048K), 2 survivors (2048K)
 Metaspace       used 117296K, committed 118272K, reserved 1155072K
  class space    used 14683K, committed 15168K, reserved 1048576K
}
Event: 174.512 GC heap before
{Heap before GC invocations=91 (full 0):
 garbage-first heap   total 281600K, used 134963K [0x00000000a0000000, 0x0000000100000000)
  region size 1024K, 3 young (3072K), 2 survivors (2048K)
 Metaspace       used 117300K, committed 118272K, reserved 1155072K
  class space    used 14684K, committed 15168K, reserved 1048576K
}
Event: 174.517 GC heap after
{Heap after GC invocations=92 (full 0):
 garbage-first heap   total 281600K, used 133963K [0x00000000a0000000, 0x0000000100000000)
  region size 1024K, 1 young (1024K), 1 survivors (1024K)
 Metaspace       used 117300K, committed 118272K, reserved 1155072K
  class space    used 14684K, committed 15168K, reserved 1048576K
}
Event: 176.333 GC heap before
{Heap before GC invocations=93 (full 0):
 garbage-first heap   total 281600K, used 226123K [0x00000000a0000000, 0x0000000100000000)
  region size 1024K, 95 young (97280K), 1 survivors (1024K)
 Metaspace       used 119673K, committed 120576K, reserved 1155072K
  class space    used 14986K, committed 15424K, reserved 1048576K
}
Event: 176.351 GC heap after
{Heap after GC invocations=94 (full 0):
 garbage-first heap   total 281600K, used 147850K [0x00000000a0000000, 0x0000000100000000)
  region size 1024K, 12 young (12288K), 12 survivors (12288K)
 Metaspace       used 119673K, committed 120576K, reserved 1155072K
  class space    used 14986K, committed 15424K, reserved 1048576K
}
Event: 177.021 GC heap before
{Heap before GC invocations=94 (full 0):
 garbage-first heap   total 281600K, used 223626K [0x00000000a0000000, 0x0000000100000000)
  region size 1024K, 86 young (88064K), 12 survivors (12288K)
 Metaspace       used 123234K, committed 124160K, reserved 1163264K
  class space    used 15638K, committed 16064K, reserved 1048576K
}
Event: 177.045 GC heap after
{Heap after GC invocations=95 (full 0):
 garbage-first heap   total 281600K, used 155008K [0x00000000a0000000, 0x0000000100000000)
  region size 1024K, 11 young (11264K), 11 survivors (11264K)
 Metaspace       used 123234K, committed 124160K, reserved 1163264K
  class space    used 15638K, committed 16064K, reserved 1048576K
}
Event: 178.139 GC heap before
{Heap before GC invocations=96 (full 0):
 garbage-first heap   total 290816K, used 223616K [0x00000000a0000000, 0x0000000100000000)
  region size 1024K, 79 young (80896K), 11 survivors (11264K)
 Metaspace       used 124955K, committed 125888K, reserved 1163264K
  class space    used 15822K, committed 16256K, reserved 1048576K
}
Event: 178.162 GC heap after
{Heap after GC invocations=97 (full 0):
 garbage-first heap   total 290816K, used 161587K [0x00000000a0000000, 0x0000000100000000)
  region size 1024K, 6 young (6144K), 6 survivors (6144K)
 Metaspace       used 124955K, committed 125888K, reserved 1163264K
  class space    used 15822K, committed 16256K, reserved 1048576K
}
Event: 178.356 GC heap before
{Heap before GC invocations=97 (full 0):
 garbage-first heap   total 290816K, used 169779K [0x00000000a0000000, 0x0000000100000000)
  region size 1024K, 14 young (14336K), 6 survivors (6144K)
 Metaspace       used 125134K, committed 126080K, reserved 1163264K
  class space    used 15825K, committed 16256K, reserved 1048576K
}
Event: 178.442 GC heap after
{Heap after GC invocations=98 (full 0):
 garbage-first heap   total 290816K, used 150322K [0x00000000a0000000, 0x0000000100000000)
  region size 1024K, 2 young (2048K), 2 survivors (2048K)
 Metaspace       used 125134K, committed 126080K, reserved 1163264K
  class space    used 15825K, committed 16256K, reserved 1048576K
}
Event: 179.221 GC heap before
{Heap before GC invocations=98 (full 0):
 garbage-first heap   total 290816K, used 231218K [0x00000000a0000000, 0x0000000100000000)
  region size 1024K, 81 young (82944K), 2 survivors (2048K)
 Metaspace       used 125710K, committed 126656K, reserved 1163264K
  class space    used 15862K, committed 16320K, reserved 1048576K
}
Event: 179.237 GC heap after
{Heap after GC invocations=99 (full 0):
 garbage-first heap   total 290816K, used 151228K [0x00000000a0000000, 0x0000000100000000)
  region size 1024K, 3 young (3072K), 3 survivors (3072K)
 Metaspace       used 125710K, committed 126656K, reserved 1163264K
  class space    used 15862K, committed 16320K, reserved 1048576K
}
Event: 180.190 GC heap before
{Heap before GC invocations=100 (full 0):
 garbage-first heap   total 290816K, used 236220K [0x00000000a0000000, 0x0000000100000000)
  region size 1024K, 86 young (88064K), 3 survivors (3072K)
 Metaspace       used 126513K, committed 127488K, reserved 1163264K
  class space    used 15961K, committed 16448K, reserved 1048576K
}
Event: 180.195 GC heap after
{Heap after GC invocations=101 (full 0):
 garbage-first heap   total 290816K, used 150810K [0x00000000a0000000, 0x0000000100000000)
  region size 1024K, 2 young (2048K), 2 survivors (2048K)
 Metaspace       used 126513K, committed 127488K, reserved 1163264K
  class space    used 15961K, committed 16448K, reserved 1048576K
}
Event: 180.772 GC heap before
{Heap before GC invocations=101 (full 0):
 garbage-first heap   total 290816K, used 239898K [0x00000000a0000000, 0x0000000100000000)
  region size 1024K, 89 young (91136K), 2 survivors (2048K)
 Metaspace       used 127126K, committed 128128K, reserved 1163264K
  class space    used 16036K, committed 16512K, reserved 1048576K
}
Event: 180.779 GC heap after
{Heap after GC invocations=102 (full 0):
 garbage-first heap   total 290816K, used 152316K [0x00000000a0000000, 0x0000000100000000)
  region size 1024K, 4 young (4096K), 4 survivors (4096K)
 Metaspace       used 127126K, committed 128128K, reserved 1163264K
  class space    used 16036K, committed 16512K, reserved 1048576K
}

Deoptimization events (20 events):
Event: 180.710 Thread 0x00000161d146d7a0 DEOPT PACKING pc=0x00000161b39f6e01 sp=0x0000004afdff9550
Event: 180.710 Thread 0x00000161d146d7a0 DEOPT UNPACKING pc=0x00000161b0dbdece sp=0x0000004afdff89b8 mode 0
Event: 180.717 Thread 0x00000161d146d7a0 DEOPT PACKING pc=0x00000161b33f0936 sp=0x0000004afdff9d00
Event: 180.717 Thread 0x00000161d146d7a0 DEOPT UNPACKING pc=0x00000161b0dbdece sp=0x0000004afdff9178 mode 0
Event: 180.719 Thread 0x00000161d146d7a0 DEOPT PACKING pc=0x00000161b39f6e01 sp=0x0000004afdff9550
Event: 180.719 Thread 0x00000161d146d7a0 DEOPT UNPACKING pc=0x00000161b0dbdece sp=0x0000004afdff89b8 mode 0
Event: 180.719 Thread 0x00000161d146d7a0 DEOPT PACKING pc=0x00000161b37516a2 sp=0x0000004afdff9640
Event: 180.719 Thread 0x00000161d146d7a0 DEOPT UNPACKING pc=0x00000161b0dbdece sp=0x0000004afdff8bc8 mode 0
Event: 180.739 Thread 0x00000161c85bfd90 DEOPT PACKING pc=0x00000161b33f0936 sp=0x0000004afddf9a20
Event: 180.739 Thread 0x00000161c85bfd90 DEOPT UNPACKING pc=0x00000161b0dbdece sp=0x0000004afddf8e98 mode 0
Event: 180.742 Thread 0x00000161c9d5fd40 DEOPT PACKING pc=0x00000161b31e49c8 sp=0x0000004afe5f6490
Event: 180.742 Thread 0x00000161c9d5fd40 DEOPT UNPACKING pc=0x00000161b0dbdece sp=0x0000004afe5f5990 mode 0
Event: 180.845 Thread 0x00000161c85c0830 DEOPT PACKING pc=0x00000161b164efe3 sp=0x0000004afdcf9870
Event: 180.845 Thread 0x00000161c85c0830 DEOPT UNPACKING pc=0x00000161b0dbdece sp=0x0000004afdcf8d58 mode 0
Event: 180.851 Thread 0x00000161c9d5fd40 Uncommon trap: trap_request=0xffffff45 fr.pc=0x00000161b94a14c0 relative=0x00000000000066a0
Event: 180.880 Thread 0x00000161c9d5fd40 Uncommon trap: reason=unstable_if action=reinterpret pc=0x00000161b94a14c0 method=com.android.tools.r8.internal.Lv.a(Lcom/android/tools/r8/internal/Le;Ljava/util/Set;)Z @ 190 c2
Event: 180.880 Thread 0x00000161c9d5fd40 DEOPT PACKING pc=0x00000161b94a14c0 sp=0x0000004afe5f6390
Event: 180.880 Thread 0x00000161c9d5fd40 DEOPT UNPACKING pc=0x00000161b0dbd72e sp=0x0000004afe5f63c8 mode 2
Event: 181.080 Thread 0x00000161d146d7a0 DEOPT PACKING pc=0x00000161b3aa349e sp=0x0000004afdff8220
Event: 181.080 Thread 0x00000161d146d7a0 DEOPT UNPACKING pc=0x00000161b0dbdece sp=0x0000004afdff7768 mode 0

Classes unloaded (19 events):
Event: 60.236 Thread 0x00000161a96cec20 Unloading class 0x00000008012283e8 '_BuildScript_$_run_closure1$_closure3'
Event: 60.236 Thread 0x00000161a96cec20 Unloading class 0x0000000801228000 '_BuildScript_$_run_closure1$_closure2'
Event: 60.236 Thread 0x00000161a96cec20 Unloading class 0x0000000801220400 '_BuildScript_$_run_closure1'
Event: 60.236 Thread 0x00000161a96cec20 Unloading class 0x0000000801220800 '_BuildScript_'
Event: 123.531 Thread 0x00000161a96cec20 Unloading class 0x00000008014f2000 '_BuildScript_$_run_closure2'
Event: 123.531 Thread 0x00000161a96cec20 Unloading class 0x00000008014f1bb8 '_BuildScript_$_run_closure1$_closure6'
Event: 123.531 Thread 0x00000161a96cec20 Unloading class 0x00000008014f17d0 '_BuildScript_$_run_closure1$_closure5'
Event: 123.531 Thread 0x00000161a96cec20 Unloading class 0x00000008014f13e8 '_BuildScript_$_run_closure1$_closure4$_closure7'
Event: 123.531 Thread 0x00000161a96cec20 Unloading class 0x00000008014f1000 '_BuildScript_$_run_closure1$_closure4'
Event: 123.531 Thread 0x00000161a96cec20 Unloading class 0x00000008014f0920 '_BuildScript_$_run_closure1$_closure3'
Event: 123.531 Thread 0x00000161a96cec20 Unloading class 0x00000008014f0538 '_BuildScript_$_run_closure1'
Event: 123.531 Thread 0x00000161a96cec20 Unloading class 0x00000008014f0000 '_BuildScript_'
Event: 123.531 Thread 0x00000161a96cec20 Unloading class 0x0000000801354400 '_BuildScript_$_run_closure1'
Event: 123.531 Thread 0x00000161a96cec20 Unloading class 0x0000000801354800 '_BuildScript_'
Event: 129.299 Thread 0x00000161a96cec20 Unloading class 0x0000000801804c00 'java/lang/invoke/LambdaForm$DMH+0x0000000801804c00'
Event: 129.299 Thread 0x00000161a96cec20 Unloading class 0x0000000801804800 'java/lang/invoke/LambdaForm$DMH+0x0000000801804800'
Event: 129.299 Thread 0x00000161a96cec20 Unloading class 0x0000000801804400 'java/lang/invoke/LambdaForm$DMH+0x0000000801804400'
Event: 179.580 Thread 0x00000161a96cec20 Unloading class 0x0000000801b88800 'java/lang/invoke/LambdaForm$DMH+0x0000000801b88800'
Event: 179.580 Thread 0x00000161a96cec20 Unloading class 0x0000000801b88c00 'java/lang/invoke/LambdaForm$DMH+0x0000000801b88c00'

Classes redefined (0 events):
No events

Internal exceptions (20 events):
Event: 176.758 Thread 0x00000161c85c0830 Exception <a 'java/lang/NoSuchMethodError'{0x00000000adc744e0}: 'java.lang.Object java.lang.invoke.DirectMethodHandle$Holder.invokeVirtual(java.lang.Object, java.lang.Object, int, java.lang.Object)'> (0x00000000adc744e0) 
thrown [t:\workspace\open\src\hotspot\share\interpreter\linkResolver.cpp, line 790]
Event: 176.781 Thread 0x00000161c85bfd90 Exception <a 'java/lang/IncompatibleClassChangeError'{0x00000000adb89a38}: Found class java.lang.Object, but interface was expected> (0x00000000adb89a38) 
thrown [t:\workspace\open\src\hotspot\share\interpreter\linkResolver.cpp, line 857]
Event: 176.781 Thread 0x00000161d146d7a0 Exception <a 'java/lang/IncompatibleClassChangeError'{0x00000000adacefb0}: Found class java.lang.Object, but interface was expected> (0x00000000adacefb0) 
thrown [t:\workspace\open\src\hotspot\share\interpreter\linkResolver.cpp, line 857]
Event: 176.782 Thread 0x00000161c85c0830 Exception <a 'java/lang/IncompatibleClassChangeError'{0x00000000adaf2d38}: Found class java.lang.Object, but interface was expected> (0x00000000adaf2d38) 
thrown [t:\workspace\open\src\hotspot\share\interpreter\linkResolver.cpp, line 857]
Event: 176.782 Thread 0x00000161d146d7a0 Exception <a 'java/lang/IncompatibleClassChangeError'{0x00000000adad2a80}: Found class java.lang.Object, but interface was expected> (0x00000000adad2a80) 
thrown [t:\workspace\open\src\hotspot\share\interpreter\linkResolver.cpp, line 857]
Event: 176.782 Thread 0x00000161c85bfd90 Exception <a 'java/lang/IncompatibleClassChangeError'{0x00000000ad9073f0}: Found class java.lang.Object, but interface was expected> (0x00000000ad9073f0) 
thrown [t:\workspace\open\src\hotspot\share\interpreter\linkResolver.cpp, line 857]
Event: 176.810 Thread 0x00000161c85c0830 Exception <a 'java/lang/NoSuchMethodError'{0x00000000ad8f49c0}: 'void java.lang.invoke.DirectMethodHandle$Holder.invokeVirtual(java.lang.Object, java.lang.Object, int, java.lang.Object)'> (0x00000000ad8f49c0) 
thrown [t:\workspace\open\src\hotspot\share\interpreter\linkResolver.cpp, line 790]
Event: 176.894 Thread 0x00000161d146d7a0 Exception <a 'java/lang/NoSuchMethodError'{0x00000000ad1b7fb0}: 'int java.lang.invoke.DirectMethodHandle$Holder.invokeSpecial(java.lang.Object, java.lang.Object, java.lang.Object, int)'> (0x00000000ad1b7fb0) 
thrown [t:\workspace\open\src\hotspot\share\interpreter\linkResolver.cpp, line 790]
Event: 176.901 Thread 0x00000161c85c0830 Exception <a 'java/lang/NoSuchMethodError'{0x00000000ad18dc68}: 'int java.lang.invoke.DirectMethodHandle$Holder.invokeSpecial(java.lang.Object, java.lang.Object, java.lang.Object, int, java.lang.Object)'> (0x00000000ad18dc68) 
thrown [t:\workspace\open\src\hotspot\share\interpreter\linkResolver.cpp, line 790]
Event: 177.489 Thread 0x00000161c85c0830 Exception <a 'java/lang/NoSuchMethodError'{0x00000000b14389a8}: 'java.lang.Object java.lang.invoke.DirectMethodHandle$Holder.invokeInterface(java.lang.Object, java.lang.Object, int)'> (0x00000000b14389a8) 
thrown [t:\workspace\open\src\hotspot\share\interpreter\linkResolver.cpp, line 790]
Event: 178.895 Thread 0x00000161c85c0830 Exception <a 'java/lang/NoSuchMethodError'{0x00000000af1b4600}: 'int java.lang.invoke.DirectMethodHandle$Holder.invokeInterface(java.lang.Object, java.lang.Object, int)'> (0x00000000af1b4600) 
thrown [t:\workspace\open\src\hotspot\share\interpreter\linkResolver.cpp, line 790]
Event: 179.162 Thread 0x00000161c9d5fd40 Implicit null exception at 0x00000161b9231240 to 0x00000161b9231c1c
Event: 179.730 Thread 0x00000161c9d5fd40 Implicit null exception at 0x00000161b8d65d90 to 0x00000161b8d66428
Event: 180.008 Thread 0x00000161c85bfd90 Exception <a 'java/lang/NoSuchMethodError'{0x00000000adfd6d68}: 'void java.lang.invoke.DirectMethodHandle$Holder.invokeSpecial(java.lang.Object, java.lang.Object, int, java.lang.Object, java.lang.Object, java.lang.Object, java.lang.Object)'> (0x00000000adfd6d68) 
thrown [t:\workspace\open\src\hotspot\share\interpreter\linkResolver.cpp, line 790]
Event: 180.009 Thread 0x00000161c85bfd90 Exception <a 'java/lang/NoSuchMethodError'{0x00000000adfe7530}: 'java.lang.Object java.lang.invoke.Invokers$Holder.linkToTargetMethod(java.lang.Object, int, java.lang.Object, java.lang.Object, java.lang.Object, java.lang.Object)'> (0x00000000adfe7530) 
thrown [t:\workspace\open\src\hotspot\share\interpreter\linkResolver.cpp, line 790]
Event: 180.010 Thread 0x00000161c85bfd90 Exception <a 'java/lang/NoSuchMethodError'{0x00000000adfec138}: 'void java.lang.invoke.DirectMethodHandle$Holder.invokeSpecial(java.lang.Object, java.lang.Object, java.lang.Object, java.lang.Object, java.lang.Object, java.lang.Object, java.lang.Object, java.lang.Object, java.lang.Object)'> (0x00000000adfec138) 
thrown [t:\workspace\open\src\hotspot\share\interpreter\linkResolver.cpp, line 790]
Event: 180.014 Thread 0x00000161c85bfd90 Exception <a 'java/lang/NoSuchMethodError'{0x00000000ade08ca0}: 'void java.lang.invoke.DirectMethodHandle$Holder.invokeStatic(java.lang.Object, java.lang.Object, java.lang.Object, java.lang.Object, java.lang.Object, java.lang.Object, java.lang.Object, java.lang.Object)'> (0x00000000ade08ca0) 
thrown [t:\workspace\open\src\hotspot\share\interpreter\linkResolver.cpp, line 790]
Event: 180.334 Thread 0x00000161c85bfd90 Exception <a 'java/lang/IncompatibleClassChangeError'{0x00000000b0b13230}: Found class java.lang.Object, but interface was expected> (0x00000000b0b13230) 
thrown [t:\workspace\open\src\hotspot\share\interpreter\linkResolver.cpp, line 857]
Event: 180.755 Thread 0x00000161c85bfd90 Exception <a 'java/lang/NoSuchMethodError'{0x00000000ac717858}: 'void java.lang.invoke.DirectMethodHandle$Holder.invokeVirtual(java.lang.Object, java.lang.Object, int)'> (0x00000000ac717858) 
thrown [t:\workspace\open\src\hotspot\share\interpreter\linkResolver.cpp, line 790]
Event: 181.095 Thread 0x00000161c85bfd90 Exception <a 'sun/nio/fs/WindowsException'{0x00000000b06f7f58}> (0x00000000b06f7f58) 
thrown [t:\workspace\open\src\hotspot\share\prims\jni.cpp, line 579]

Events (20 events):
Event: 180.487 Thread 0x00000161c5af3d30 flushing nmethod 0x00000161b34ac610
Event: 180.488 Executing  VM operation: ICBufferFull
Event: 180.500 Executing  VM operation: ICBufferFull done
Event: 180.553 loading class java/util/IdentityHashMap$KeySpliterator
Event: 180.554 loading class java/util/IdentityHashMap$IdentityHashMapSpliterator
Event: 180.554 loading class java/util/IdentityHashMap$IdentityHashMapSpliterator done
Event: 180.554 loading class java/util/IdentityHashMap$KeySpliterator done
Event: 180.583 Executing  VM operation: HandshakeAllThreads
Event: 180.584 Executing  VM operation: HandshakeAllThreads done
Event: 180.684 Executing  VM operation: ICBufferFull
Event: 180.688 Executing  VM operation: ICBufferFull done
Event: 180.756 loading class java/nio/ByteBufferAsShortBufferL
Event: 180.756 loading class java/nio/ByteBufferAsShortBufferL done
Event: 180.772 Executing  VM operation: G1CollectForAllocation
Event: 180.793 Executing  VM operation: G1CollectForAllocation done
Event: 181.012 loading class java/util/zip/Adler32
Event: 181.012 loading class java/util/zip/Adler32 done
Event: 181.015 Executing  VM operation: HandshakeAllThreads
Event: 181.033 Executing  VM operation: HandshakeAllThreads done
Event: 181.124 Executing  VM operation: G1Concurrent


Dynamic libraries:
0x00007ff626020000 - 0x00007ff626030000 	C:\Program Files\Java\jdk-16.0.2\bin\java.exe
0x00007ffc73b50000 - 0x00007ffc73d45000 	C:\WINDOWS\SYSTEM32\ntdll.dll
0x00007ffc73250000 - 0x00007ffc7330d000 	C:\WINDOWS\System32\KERNEL32.DLL
0x00007ffc716b0000 - 0x00007ffc71979000 	C:\WINDOWS\System32\KERNELBASE.dll
0x00007ffc71340000 - 0x00007ffc71440000 	C:\WINDOWS\System32\ucrtbase.dll
0x00007ffc6bcf0000 - 0x00007ffc6bd09000 	C:\Program Files\Java\jdk-16.0.2\bin\VCRUNTIME140.dll
0x00007ffc6bd10000 - 0x00007ffc6bd28000 	C:\Program Files\Java\jdk-16.0.2\bin\jli.dll
0x00007ffc72fb0000 - 0x00007ffc7305c000 	C:\WINDOWS\System32\ADVAPI32.dll
0x00007ffc73060000 - 0x00007ffc730fe000 	C:\WINDOWS\System32\msvcrt.dll
0x00007ffc71d40000 - 0x00007ffc71ddb000 	C:\WINDOWS\System32\sechost.dll
0x00007ffc73100000 - 0x00007ffc7322a000 	C:\WINDOWS\System32\RPCRT4.dll
0x00007ffc73590000 - 0x00007ffc73730000 	C:\WINDOWS\System32\USER32.dll
0x00007ffc71280000 - 0x00007ffc712a2000 	C:\WINDOWS\System32\win32u.dll
0x00007ffc55730000 - 0x00007ffc559ca000 	C:\WINDOWS\WinSxS\amd64_microsoft.windows.common-controls_6595b64144ccf1df_6.0.19041.1110_none_60b5254171f9507e\COMCTL32.dll
0x00007ffc72e10000 - 0x00007ffc72e3a000 	C:\WINDOWS\System32\GDI32.dll
0x00007ffc71440000 - 0x00007ffc7154b000 	C:\WINDOWS\System32\gdi32full.dll
0x00007ffc71a80000 - 0x00007ffc71b1d000 	C:\WINDOWS\System32\msvcp_win.dll
0x00007ffc70060000 - 0x00007ffc7006a000 	C:\WINDOWS\SYSTEM32\VERSION.dll
0x00007ffc720a0000 - 0x00007ffc720d0000 	C:\WINDOWS\System32\IMM32.DLL
0x00007ffc6bbf0000 - 0x00007ffc6bbfc000 	C:\Program Files\Java\jdk-16.0.2\bin\vcruntime140_1.dll
0x00007ffc46b50000 - 0x00007ffc46be1000 	C:\Program Files\Java\jdk-16.0.2\bin\msvcp140.dll
0x00007ffc1fc80000 - 0x00007ffc2082b000 	C:\Program Files\Java\jdk-16.0.2\bin\server\jvm.dll
0x00007ffc73240000 - 0x00007ffc73248000 	C:\WINDOWS\System32\PSAPI.DLL
0x00007ffc58810000 - 0x00007ffc58837000 	C:\WINDOWS\SYSTEM32\WINMM.dll
0x00007ffc48a80000 - 0x00007ffc48a89000 	C:\WINDOWS\SYSTEM32\WSOCK32.dll
0x00007ffc71f10000 - 0x00007ffc71f7b000 	C:\WINDOWS\System32\WS2_32.dll
0x00007ffc6f450000 - 0x00007ffc6f462000 	C:\WINDOWS\SYSTEM32\kernel.appcore.dll
0x00007ffc6bbe0000 - 0x00007ffc6bbea000 	C:\Program Files\Java\jdk-16.0.2\bin\jimage.dll
0x00007ffc6bd50000 - 0x00007ffc6bf34000 	C:\WINDOWS\SYSTEM32\DBGHELP.DLL
0x00007ffc5db60000 - 0x00007ffc5db8c000 	C:\WINDOWS\SYSTEM32\dbgcore.DLL
0x00007ffc71b20000 - 0x00007ffc71ba3000 	C:\WINDOWS\System32\bcryptPrimitives.dll
0x00007ffc67460000 - 0x00007ffc67485000 	C:\Program Files\Java\jdk-16.0.2\bin\java.dll
0x00007ffc726d0000 - 0x00007ffc72e0f000 	C:\WINDOWS\System32\SHELL32.dll
0x00007ffc6f840000 - 0x00007ffc6ffd0000 	C:\WINDOWS\SYSTEM32\windows.storage.dll
0x00007ffc737b0000 - 0x00007ffc73b05000 	C:\WINDOWS\System32\combase.dll
0x00007ffc70c00000 - 0x00007ffc70c2c000 	C:\WINDOWS\SYSTEM32\Wldp.dll
0x00007ffc71f80000 - 0x00007ffc7202e000 	C:\WINDOWS\System32\SHCORE.dll
0x00007ffc721f0000 - 0x00007ffc72245000 	C:\WINDOWS\System32\shlwapi.dll
0x00007ffc711c0000 - 0x00007ffc711df000 	C:\WINDOWS\SYSTEM32\profapi.dll
0x00007ffc67440000 - 0x00007ffc67459000 	C:\Program Files\Java\jdk-16.0.2\bin\net.dll
0x00007ffc5ee40000 - 0x00007ffc5ef48000 	C:\WINDOWS\SYSTEM32\WINHTTP.dll
0x00007ffc70970000 - 0x00007ffc709da000 	C:\WINDOWS\system32\mswsock.dll
0x00007ffc66e60000 - 0x00007ffc66e73000 	C:\Program Files\Java\jdk-16.0.2\bin\nio.dll
0x00007ffc66d70000 - 0x00007ffc66d88000 	C:\Program Files\Java\jdk-16.0.2\bin\zip.dll
0x00007ffc68fd0000 - 0x00007ffc68fe0000 	C:\Program Files\Java\jdk-16.0.2\bin\verify.dll
0x00007ffc3bdb0000 - 0x00007ffc3bdd7000 	C:\Users\halag\Documents\cs\year_project\Server_location_app\.gradle\native\8bec1ad78214c89d9ad589b4d07fe93259594b29d510b10fafb7a158f7737e5d\windows-amd64\native-platform.dll
0x00007ffc2e660000 - 0x00007ffc2e79d000 	C:\Users\halag\Documents\cs\year_project\Server_location_app\.gradle\native\53dbd7edfb1c66fb8903c78663c9afc45aea4f116125fa6feffd364cf09443e8\windows-amd64\native-platform-file-events.dll
0x00007ffc67790000 - 0x00007ffc67799000 	C:\Program Files\Java\jdk-16.0.2\bin\management.dll
0x00007ffc67700000 - 0x00007ffc6770b000 	C:\Program Files\Java\jdk-16.0.2\bin\management_ext.dll
0x00007ffc70b60000 - 0x00007ffc70b78000 	C:\WINDOWS\SYSTEM32\CRYPTSP.dll
0x00007ffc702f0000 - 0x00007ffc70324000 	C:\WINDOWS\system32\rsaenh.dll
0x00007ffc71310000 - 0x00007ffc71337000 	C:\WINDOWS\System32\bcrypt.dll
0x00007ffc71180000 - 0x00007ffc711ae000 	C:\WINDOWS\SYSTEM32\USERENV.dll
0x00007ffc70fe0000 - 0x00007ffc70fec000 	C:\WINDOWS\SYSTEM32\CRYPTBASE.dll
0x00007ffc70660000 - 0x00007ffc7069b000 	C:\WINDOWS\SYSTEM32\IPHLPAPI.DLL
0x00007ffc72090000 - 0x00007ffc72098000 	C:\WINDOWS\System32\NSI.dll
0x00007ffc6b8d0000 - 0x00007ffc6b8e7000 	C:\WINDOWS\SYSTEM32\dhcpcsvc6.DLL
0x00007ffc6b8b0000 - 0x00007ffc6b8cd000 	C:\WINDOWS\SYSTEM32\dhcpcsvc.DLL
0x00007ffc706a0000 - 0x00007ffc7076c000 	C:\WINDOWS\SYSTEM32\DNSAPI.dll
0x00007ffc67430000 - 0x00007ffc6743e000 	C:\Program Files\Java\jdk-16.0.2\bin\sunmscapi.dll
0x00007ffc71550000 - 0x00007ffc716af000 	C:\WINDOWS\System32\CRYPT32.dll
0x00007ffc70c70000 - 0x00007ffc70c97000 	C:\WINDOWS\SYSTEM32\ncrypt.dll
0x00007ffc70c30000 - 0x00007ffc70c6b000 	C:\WINDOWS\SYSTEM32\NTASN1.dll
0x00007ffc67400000 - 0x00007ffc67407000 	C:\WINDOWS\system32\wshunix.dll
0x00007ffc5a380000 - 0x00007ffc5a38a000 	C:\Windows\System32\rasadhlp.dll
0x00007ffc5cc90000 - 0x00007ffc5cd0f000 	C:\WINDOWS\System32\fwpuclnt.dll
0x00007ffc6f650000 - 0x00007ffc6f683000 	C:\WINDOWS\SYSTEM32\ntmarta.dll

dbghelp: loaded successfully - version: 4.0.5 - missing functions: none
symbol engine: initialized successfully - sym options: 0x614 - pdb path: .;C:\Program Files\Java\jdk-16.0.2\bin;C:\WINDOWS\SYSTEM32;C:\WINDOWS\WinSxS\amd64_microsoft.windows.common-controls_6595b64144ccf1df_6.0.19041.1110_none_60b5254171f9507e;C:\Program Files\Java\jdk-16.0.2\bin\server;C:\Users\halag\Documents\cs\year_project\Server_location_app\.gradle\native\8bec1ad78214c89d9ad589b4d07fe93259594b29d510b10fafb7a158f7737e5d\windows-amd64;C:\Users\halag\Documents\cs\year_project\Server_location_app\.gradle\native\53dbd7edfb1c66fb8903c78663c9afc45aea4f116125fa6feffd364cf09443e8\windows-amd64

VM Arguments:
jvm_args: --add-opens=java.base/java.util=ALL-UNNAMED --add-opens=java.base/java.lang=ALL-UNNAMED --add-opens=java.base/java.lang.invoke=ALL-UNNAMED --add-opens=java.base/java.util=ALL-UNNAMED --add-opens=java.prefs/java.util.prefs=ALL-UNNAMED --add-opens=java.prefs/java.util.prefs=ALL-UNNAMED --add-opens=java.base/java.nio.charset=ALL-UNNAMED --add-opens=java.base/java.net=ALL-UNNAMED --add-opens=java.base/java.util.concurrent.atomic=ALL-UNNAMED -Xmx1536M -Dfile.encoding=UTF-8 -Duser.country=GB -Duser.language=en -Duser.variant 
java_command: org.gradle.launcher.daemon.bootstrap.GradleDaemon 7.0.2
java_class_path (initial): C:\Users\halag\Documents\cs\year_project\Server_location_app\.gradle\wrapper\dists\gradle-7.0.2-bin\857tjihv64xamwrf0h14cai3r\gradle-7.0.2\lib\gradle-launcher-7.0.2.jar
Launcher Type: SUN_STANDARD

[Global flags]
     intx CICompilerCount                          = 3                                         {product} {ergonomic}
     uint ConcGCThreads                            = 1                                         {product} {ergonomic}
     uint G1ConcRefinementThreads                  = 4                                         {product} {ergonomic}
   size_t G1HeapRegionSize                         = 1048576                                   {product} {ergonomic}
    uintx GCDrainStackTargetSize                   = 64                                        {product} {ergonomic}
   size_t InitialHeapSize                          = 134217728                                 {product} {ergonomic}
   size_t MarkStackSize                            = 4194304                                   {product} {ergonomic}
   size_t MaxHeapSize                              = 1610612736                                {product} {command line}
   size_t MaxNewSize                               = 965738496                                 {product} {ergonomic}
   size_t MinHeapDeltaBytes                        = 1048576                                   {product} {ergonomic}
   size_t MinHeapSize                              = 8388608                                   {product} {ergonomic}
    uintx NonNMethodCodeHeapSize                   = 5832780                                {pd product} {ergonomic}
    uintx NonProfiledCodeHeapSize                  = 122912730                              {pd product} {ergonomic}
    uintx ProfiledCodeHeapSize                     = 122912730                              {pd product} {ergonomic}
    uintx ReservedCodeCacheSize                    = 251658240                              {pd product} {ergonomic}
     bool SegmentedCodeCache                       = true                                      {product} {ergonomic}
   size_t SoftMaxHeapSize                          = 1610612736                             {manageable} {ergonomic}
     bool UseCompressedClassPointers               = true                           {product lp64_product} {ergonomic}
     bool UseCompressedOops                        = true                           {product lp64_product} {ergonomic}
     bool UseG1GC                                  = true                                      {product} {ergonomic}
     bool UseLargePagesIndividualAllocation        = false                                  {pd product} {ergonomic}

Logging:
Log output configuration:
 #0: stdout all=warning uptime,level,tags
 #1: stderr all=off uptime,level,tags

Environment Variables:
JAVA_HOME=C:\Program Files\Java\jdk-16.0.2
PATH=C:\Program Files\Common Files\Oracle\Java\javapath;C:\Program Files (x86)\Common Files\Oracle\Java\javapath;C:\WINDOWS\system32;C:\WINDOWS;C:\WINDOWS\System32\Wbem;C:\WINDOWS\System32\WindowsPowerShell\v1.0\;C:\WINDOWS\System32\OpenSSH\;C:\Program Files\Intel\WiFi\bin\;C:\Program Files\Common Files\Intel\WirelessCommon\;C:\Program Files\MATLAB\R2019b\bin;C:\Git\cmd;C:\MinGW\bin;C:\Users\halag\Documents\cs\python\PyCharm Community Edition 2020.3.4;C:\Users\halag\AppData\Roaming\Microsoft\Windows\Start Menu\Programs\Python 3.9;C:\Users\halag\AppData\Local\Programs\Python\Python39;C:\Program Files (x86)\Intel\Intel(R) Management Engine Components\DAL;C:\Program Files\Intel\Intel(R) Management Engine Components\DAL;C:\Program Files\Java\jdk-16.0.2\bin;C:\Users\halag\AppData\Local\Microsoft\WindowsApps;C:\Program Files (x86)\Dr. Memory\bin\;C:\Program Files\Intel\WiFi\bin\;C:\Program Files\Common Files\Intel\WirelessCommon\;C:\Program Files\Java\jdk-10.0.2\bin;C:\Users\halag\AppData\Local\GitHubDesktop\bin;C:\Users\halag\Documents\cs\winter2020\machine_learning\PyCharm Community Edition 2020.3\bin;;C:\Users\halag\AppData\Local\Android\Sdk\platform-tools;
USERNAME=halag
OS=Windows_NT
PROCESSOR_IDENTIFIER=Intel64 Family 6 Model 142 Stepping 9, GenuineIntel



---------------  S Y S T E M  ---------------

OS:
 Windows 10 , 64 bit Build 19041 (10.0.19041.1151)
OS uptime: 2 days 1:13 hours

CPU: total 4 (initial active 4) (2 cores per cpu, 2 threads per core) family 6 model 142 stepping 9 microcode 0xde, cx8, cmov, fxsr, ht, mmx, 3dnowpref, sse, sse2, sse3, ssse3, sse4.1, sse4.2, popcnt, lzcnt, tsc, tscinvbit, avx, avx2, aes, erms, clmul, bmi1, bmi2, adx, fma, vzeroupper, clflush, clflushopt

Memory: 4k page, system-wide physical 8089M (1280M free)
TotalPageFile size 9329M (AvailPageFile size 27M)
current process WorkingSet (physical memory assigned to process): 666M, peak: 666M
current process commit charge ("private bytes"): 720M, peak: 746M

vm_info: Java HotSpot(TM) 64-Bit Server VM (16.0.2+7-67) for windows-amd64 JRE (16.0.2+7-67), built on Jun  8 2021 23:24:19 by "mach5one" with MS VC++ 16.7 (VS2019)

END.
