#
# There is insufficient memory for the Java Runtime Environment to continue.
# Native memory allocation (malloc) failed to allocate 32744 bytes for ChunkPool::allocate
# Possible reasons:
#   The system is out of physical RAM or swap space
#   The process is running with CompressedOops enabled, and the Java Heap may be blocking the growth of the native heap
# Possible solutions:
#   Reduce memory load on the system
#   Increase physical memory or swap space
#   Check if swap backing store is full
#   Decrease Java heap size (-Xmx/-Xms)
#   Decrease number of Java threads
#   Decrease Java thread stack sizes (-Xss)
#   Set larger code cache with -XX:ReservedCodeCacheSize=
#   JVM is running with Unscaled Compressed Oops mode in which the Java heap is
#     placed in the first 4GB address space. The Java Heap base address is the
#     maximum limit for the native heap growth. Please use -XX:HeapBaseMinAddress
#     to set the Java Heap base and to place the Java Heap above 4GB virtual address.
# This output file may be truncated or incomplete.
#
#  Out of Memory Error (./src/hotspot/share/memory/arena.cpp:81), pid=8328, tid=15944
#
# JRE version: OpenJDK Runtime Environment (11.0.10) (build 11.0.10+0-b96-7249189)
# Java VM: OpenJDK 64-Bit Server VM (11.0.10+0-b96-7249189, mixed mode, tiered, compressed oops, g1 gc, windows-amd64)
# No core dump will be written. Minidumps are not enabled by default on client versions of Windows
#

---------------  S U M M A R Y ------------

Command Line: --add-opens=java.base/java.util=ALL-UNNAMED --add-opens=java.base/java.lang=ALL-UNNAMED --add-opens=java.base/java.lang.invoke=ALL-UNNAMED --add-opens=java.base/java.util=ALL-UNNAMED --add-opens=java.prefs/java.util.prefs=ALL-UNNAMED --add-opens=java.prefs/java.util.prefs=ALL-UNNAMED --add-opens=java.base/java.nio.charset=ALL-UNNAMED --add-opens=java.base/java.net=ALL-UNNAMED --add-opens=java.base/java.util.concurrent.atomic=ALL-UNNAMED -Xmx1024M -Dfile.encoding=UTF-8 -Duser.country=GB -Duser.language=en -Duser.variant org.gradle.launcher.daemon.bootstrap.GradleDaemon 7.0.2

Host: Intel(R) Core(TM) i5-7200U CPU @ 2.50GHz, 4 cores, 7G,  Windows 10 , 64 bit Build 19041 (10.0.19041.1151)
Time: Mon Sep  6 02:24:15 2021 Jerusalem Summer Time elapsed time: 26.190054 seconds (0d 0h 0m 26s)

---------------  T H R E A D  ---------------

Current thread (0x000001fcdb136000):  JavaThread "C2 CompilerThread0" daemon [_thread_in_native, id=15944, stack(0x0000000650e00000,0x0000000650f00000)]


Current CompileTask:
C2:  26190 9912   !   4       org.apache.xerces.dom.CoreDocumentImpl::adoptNode (537 bytes)

Stack: [0x0000000650e00000,0x0000000650f00000]
Native frames: (J=compiled Java code, j=interpreted, Vv=VM code, C=native code)
V  [jvm.dll+0x5ecfaa]
V  [jvm.dll+0x722bd5]
V  [jvm.dll+0x72412d]
V  [jvm.dll+0x7247e3]
V  [jvm.dll+0x242928]
V  [jvm.dll+0xbc75b]
V  [jvm.dll+0xbca0c]
V  [jvm.dll+0xbc608]
V  [jvm.dll+0x5cc470]
V  [jvm.dll+0x61cfee]
V  [jvm.dll+0x1980d8]
V  [jvm.dll+0x1fb70e]
V  [jvm.dll+0x1fa7f4]
V  [jvm.dll+0x18354c]
V  [jvm.dll+0x208ee7]
V  [jvm.dll+0x207731]
V  [jvm.dll+0x6eb1cf]
V  [jvm.dll+0x6e3d45]
V  [jvm.dll+0x5ebe96]
C  [ucrtbase.dll+0x21bb2]
C  [KERNEL32.DLL+0x17034]
C  [ntdll.dll+0x52651]


---------------  P R O C E S S  ---------------

Threads class SMR info:
_java_thread_list=0x000001fce3723c80, length=51, elements={
0x000001fcc3b5d000, 0x000001fcdb114800, 0x000001fcdb116000, 0x000001fcdb12f800,
0x000001fcdb131800, 0x000001fcdb132800, 0x000001fcdb136000, 0x000001fcdbae4000,
0x000001fcdbae7000, 0x000001fcdbbe4800, 0x000001fcddaec800, 0x000001fcdbdfd000,
0x000001fcddef8800, 0x000001fcdd3f9000, 0x000001fcdd355000, 0x000001fcdcfbd000,
0x000001fcdd9e4800, 0x000001fcddb7a800, 0x000001fcddb79000, 0x000001fcddb7f000,
0x000001fcddb7a000, 0x000001fcddb7d000, 0x000001fcddb7f800, 0x000001fcddb7b800,
0x000001fcddb7c800, 0x000001fcddb7e000, 0x000001fcdf210800, 0x000001fcdf20f800,
0x000001fcdf211000, 0x000001fcdf212000, 0x000001fcdf20d000, 0x000001fcdf20e000,
0x000001fcdf212800, 0x000001fcddd44000, 0x000001fcddd4a800, 0x000001fcddd47800,
0x000001fcddd48000, 0x000001fcddd4a000, 0x000001fcddd4b800, 0x000001fcddd46000,
0x000001fcddd46800, 0x000001fcddd10800, 0x000001fcddd4c800, 0x000001fcddd4f800,
0x000001fcddd51000, 0x000001fcddd52000, 0x000001fcddd4d000, 0x000001fcddd4f000,
0x000001fcdcbe5000, 0x000001fcdcbe2000, 0x000001fcdcbe6000
}

Java Threads: ( => current thread )
  0x000001fcc3b5d000 JavaThread "main" [_thread_blocked, id=7968, stack(0x0000000650200000,0x0000000650300000)]
  0x000001fcdb114800 JavaThread "Reference Handler" daemon [_thread_blocked, id=2308, stack(0x0000000650900000,0x0000000650a00000)]
  0x000001fcdb116000 JavaThread "Finalizer" daemon [_thread_blocked, id=8120, stack(0x0000000650a00000,0x0000000650b00000)]
  0x000001fcdb12f800 JavaThread "Signal Dispatcher" daemon [_thread_blocked, id=12756, stack(0x0000000650b00000,0x0000000650c00000)]
  0x000001fcdb131800 JavaThread "Attach Listener" daemon [_thread_blocked, id=11664, stack(0x0000000650c00000,0x0000000650d00000)]
  0x000001fcdb132800 JavaThread "Service Thread" daemon [_thread_blocked, id=15940, stack(0x0000000650d00000,0x0000000650e00000)]
=>0x000001fcdb136000 JavaThread "C2 CompilerThread0" daemon [_thread_in_native, id=15944, stack(0x0000000650e00000,0x0000000650f00000)]
  0x000001fcdbae4000 JavaThread "C1 CompilerThread0" daemon [_thread_blocked, id=13236, stack(0x0000000650f00000,0x0000000651000000)]
  0x000001fcdbae7000 JavaThread "Sweeper thread" daemon [_thread_blocked, id=15712, stack(0x0000000651000000,0x0000000651100000)]
  0x000001fcdbbe4800 JavaThread "Common-Cleaner" daemon [_thread_blocked, id=3216, stack(0x0000000651100000,0x0000000651200000)]
  0x000001fcddaec800 JavaThread "Daemon health stats" [_thread_blocked, id=6444, stack(0x0000000651600000,0x0000000651700000)]
  0x000001fcdbdfd000 JavaThread "Incoming local TCP Connector on port 59911" [_thread_in_native, id=3808, stack(0x0000000651300000,0x0000000651400000)]
  0x000001fcddef8800 JavaThread "Daemon periodic checks" [_thread_blocked, id=13448, stack(0x0000000651700000,0x0000000651800000)]
  0x000001fcdd3f9000 JavaThread "Daemon" [_thread_blocked, id=11336, stack(0x0000000651800000,0x0000000651900000)]
  0x000001fcdd355000 JavaThread "Handler for socket connection from /127.0.0.1:59911 to /127.0.0.1:59912" [_thread_in_native, id=7252, stack(0x0000000651900000,0x0000000651a00000)]
  0x000001fcdcfbd000 JavaThread "Cancel handler" [_thread_blocked, id=13092, stack(0x0000000651a00000,0x0000000651b00000)]
  0x000001fcdd9e4800 JavaThread "Daemon worker" [_thread_blocked, id=6656, stack(0x0000000651b00000,0x0000000651c00000)]
  0x000001fcddb7a800 JavaThread "Asynchronous log dispatcher for DefaultDaemonConnection: socket connection from /127.0.0.1:59911 to /127.0.0.1:59912" [_thread_blocked, id=13504, stack(0x0000000651c00000,0x0000000651d00000)]
  0x000001fcddb79000 JavaThread "Stdin handler" [_thread_blocked, id=16148, stack(0x0000000651d00000,0x0000000651e00000)]
  0x000001fcddb7f000 JavaThread "Daemon client event forwarder" [_thread_blocked, id=2056, stack(0x0000000651e00000,0x0000000651f00000)]
  0x000001fcddb7a000 JavaThread "Cache worker for file hash cache (C:\Users\halag\Documents\cs\year_project\Server_location_app\.gradle\caches\7.0.2\fileHashes)" [_thread_blocked, id=1980, stack(0x0000000652000000,0x0000000652100000)]
  0x000001fcddb7d000 JavaThread "File lock request listener" [_thread_in_native, id=5464, stack(0x0000000652100000,0x0000000652200000)]
  0x000001fcddb7f800 JavaThread "Cache worker for journal cache (C:\Users\halag\Documents\cs\year_project\Server_location_app\.gradle\caches\journal-1)" [_thread_blocked, id=248, stack(0x0000000652200000,0x0000000652300000)]
  0x000001fcddb7b800 JavaThread "Cache worker for file hash cache (C:\Users\halag\Documents\cs\year_project\test_app2\.gradle\7.0.2\fileHashes)" [_thread_blocked, id=8952, stack(0x0000000652400000,0x0000000652500000)]
  0x000001fcddb7c800 JavaThread "File watcher server" daemon [_thread_in_native, id=3768, stack(0x0000000652500000,0x0000000652600000)]
  0x000001fcddb7e000 JavaThread "File watcher consumer" daemon [_thread_blocked, id=11528, stack(0x0000000652600000,0x0000000652700000)]
  0x000001fcdf210800 JavaThread "Cache worker for checksums cache (C:\Users\halag\Documents\cs\year_project\test_app2\.gradle\checksums)" [_thread_blocked, id=12672, stack(0x0000000652700000,0x0000000652800000)]
  0x000001fcdf20f800 JavaThread "Cache worker for cache directory md-supplier (C:\Users\halag\Documents\cs\year_project\Server_location_app\.gradle\caches\7.0.2\md-supplier)" [_thread_blocked, id=9568, stack(0x0000000652300000,0x0000000652400000)]
  0x000001fcdf211000 JavaThread "Cache worker for cache directory md-rule (C:\Users\halag\Documents\cs\year_project\Server_location_app\.gradle\caches\7.0.2\md-rule)" [_thread_blocked, id=1952, stack(0x0000000652900000,0x0000000652a00000)]
  0x000001fcdf212000 JavaThread "Cache worker for execution history cache (C:\Users\halag\Documents\cs\year_project\Server_location_app\.gradle\caches\7.0.2\executionHistory)" [_thread_blocked, id=11676, stack(0x0000000652a00000,0x0000000652b00000)]
  0x000001fcdf20d000 JavaThread "jar transforms" [_thread_blocked, id=7300, stack(0x0000000652b00000,0x0000000652c00000)]
  0x000001fcdf20e000 JavaThread "jar transforms Thread 2" [_thread_blocked, id=16320, stack(0x0000000652c00000,0x0000000652d00000)]
  0x000001fcdf212800 JavaThread "Cache worker for file content cache (C:\Users\halag\Documents\cs\year_project\Server_location_app\.gradle\caches\7.0.2\fileContent)" [_thread_blocked, id=14464, stack(0x0000000652d00000,0x0000000652e00000)]
  0x000001fcddd44000 JavaThread "Cache worker for dependencies-accessors (C:\Users\halag\Documents\cs\year_project\test_app2\.gradle\7.0.2\dependencies-accessors)" [_thread_blocked, id=11924, stack(0x0000000652e00000,0x0000000652f00000)]
  0x000001fcddd4a800 JavaThread "jar transforms Thread 3" [_thread_blocked, id=16332, stack(0x0000000652f00000,0x0000000653000000)]
  0x000001fcddd47800 JavaThread "Cache worker for Build Output Cleanup Cache (C:\Users\halag\Documents\cs\year_project\test_app2\.gradle\buildOutputCleanup)" [_thread_blocked, id=15464, stack(0x0000000653000000,0x0000000653100000)]
  0x000001fcddd48000 JavaThread "Build operations" [_thread_blocked, id=11732, stack(0x0000000653100000,0x0000000653200000)]
  0x000001fcddd4a000 JavaThread "Build operations Thread 2" [_thread_blocked, id=4384, stack(0x0000000653200000,0x0000000653300000)]
  0x000001fcddd4b800 JavaThread "Build operations Thread 3" [_thread_blocked, id=15528, stack(0x0000000653300000,0x0000000653400000)]
  0x000001fcddd46000 JavaThread "Build operations Thread 4" [_thread_blocked, id=13524, stack(0x0000000653400000,0x0000000653500000)]
  0x000001fcddd46800 JavaThread "jar transforms Thread 4" [_thread_blocked, id=13372, stack(0x0000000653500000,0x0000000653600000)]
  0x000001fcddd10800 JavaThread "C2 CompilerThread1" daemon [_thread_in_native, id=15544, stack(0x0000000652800000,0x0000000652900000)]
  0x000001fcddd4c800 JavaThread "Memory manager" [_thread_blocked, id=13560, stack(0x0000000653600000,0x0000000653700000)]
  0x000001fcddd4f800 JavaThread "build event listener" [_thread_blocked, id=10392, stack(0x0000000653700000,0x0000000653800000)]
  0x000001fcddd51000 JavaThread "pool-3-thread-1" [_thread_blocked, id=4992, stack(0x0000000653800000,0x0000000653900000)]
  0x000001fcddd52000 JavaThread "build event listener" [_thread_blocked, id=2388, stack(0x0000000653900000,0x0000000653a00000)]
  0x000001fcddd4d000 JavaThread "Execution worker for ':'" [_thread_blocked, id=9188, stack(0x0000000653a00000,0x0000000653b00000)]
  0x000001fcddd4f000 JavaThread "Execution worker for ':' Thread 2" [_thread_in_native, id=3684, stack(0x0000000653b00000,0x0000000653c00000)]
  0x000001fcdcbe5000 JavaThread "Execution worker for ':' Thread 3" [_thread_blocked, id=4500, stack(0x0000000653c00000,0x0000000653d00000)]
  0x000001fcdcbe2000 JavaThread "Cache worker for execution history cache (C:\Users\halag\Documents\cs\year_project\test_app2\.gradle\7.0.2\executionHistory)" [_thread_blocked, id=9192, stack(0x0000000653d00000,0x0000000653e00000)]
  0x000001fcdcbe6000 JavaThread "WorkerExecutor Queue" [_thread_blocked, id=3248, stack(0x0000000653e00000,0x0000000653f00000)]

Other Threads:
  0x000001fcdb10e000 VMThread "VM Thread" [stack: 0x0000000650800000,0x0000000650900000] [id=5568]
  0x000001fcdbbfa000 WatcherThread [stack: 0x0000000651200000,0x0000000651300000] [id=14756]
  0x000001fcc3b77800 GCTaskThread "GC Thread#0" [stack: 0x0000000650300000,0x0000000650400000] [id=4464]
  0x000001fcdc2d5000 GCTaskThread "GC Thread#1" [stack: 0x0000000651400000,0x0000000651500000] [id=9940]
  0x000001fcdc2e5800 GCTaskThread "GC Thread#2" [stack: 0x0000000651500000,0x0000000651600000] [id=2644]
  0x000001fcdd356000 GCTaskThread "GC Thread#3" [stack: 0x0000000651f00000,0x0000000652000000] [id=12428]
  0x000001fcc3b91800 ConcurrentGCThread "G1 Main Marker" [stack: 0x0000000650400000,0x0000000650500000] [id=8852]
  0x000001fcc3b93000 ConcurrentGCThread "G1 Conc#0" [stack: 0x0000000650500000,0x0000000650600000] [id=15828]
  0x000001fcc3c20800 ConcurrentGCThread "G1 Refine#0" [stack: 0x0000000650600000,0x0000000650700000] [id=11436]
  0x000001fcc3c21800 ConcurrentGCThread "G1 Young RemSet Sampling" [stack: 0x0000000650700000,0x0000000650800000] [id=15356]

Threads with active compile tasks:
C2 CompilerThread0  26240 9912   !   4       org.apache.xerces.dom.CoreDocumentImpl::adoptNode (537 bytes)
C2 CompilerThread1  26241 9898       4       org.apache.xerces.parsers.XML11Configuration::addRecognizedParamsAndSetDefaults (165 bytes)

VM state:not at safepoint (normal execution)

VM Mutex/Monitor currently owned by a thread: None

Heap address: 0x00000000c0000000, size: 1024 MB, Compressed Oops mode: 32-bit
Narrow klass base: 0x0000000000000000, Narrow klass shift: 3
Compressed class space size: 1073741824 Address: 0x0000000100000000

Heap:
 garbage-first heap   total 157696K, used 111987K [0x00000000c0000000, 0x0000000100000000)
  region size 1024K, 20 young (20480K), 2 survivors (2048K)
 Metaspace       used 84000K, capacity 86123K, committed 86348K, reserved 1124352K
  class space    used 10739K, capacity 11486K, committed 11596K, reserved 1048576K
Heap Regions: E=young(eden), S=young(survivor), O=old, HS=humongous(starts), HC=humongous(continues), CS=collection set, F=free, A=archive, TAMS=top-at-mark-start (previous, next)
|   0|0x00000000c0000000, 0x00000000c0100000, 0x00000000c0100000|100%|HS|  |TAMS 0x00000000c0100000, 0x00000000c0000000| Complete 
|   1|0x00000000c0100000, 0x00000000c0200000, 0x00000000c0200000|100%|HC|  |TAMS 0x00000000c0200000, 0x00000000c0100000| Complete 
|   2|0x00000000c0200000, 0x00000000c0300000, 0x00000000c0300000|100%|HC|  |TAMS 0x00000000c0300000, 0x00000000c0200000| Complete 
|   3|0x00000000c0300000, 0x00000000c0400000, 0x00000000c0400000|100%| O|  |TAMS 0x00000000c0400000, 0x00000000c0300000| Untracked 
|   4|0x00000000c0400000, 0x00000000c0500000, 0x00000000c0500000|100%| O|  |TAMS 0x00000000c0500000, 0x00000000c0400000| Untracked 
|   5|0x00000000c0500000, 0x00000000c0600000, 0x00000000c0600000|100%| O|  |TAMS 0x00000000c0600000, 0x00000000c0500000| Untracked 
|   6|0x00000000c0600000, 0x00000000c0700000, 0x00000000c0700000|100%| O|  |TAMS 0x00000000c0700000, 0x00000000c0600000| Untracked 
|   7|0x00000000c0700000, 0x00000000c0800000, 0x00000000c0800000|100%| O|  |TAMS 0x00000000c0800000, 0x00000000c0700000| Untracked 
|   8|0x00000000c0800000, 0x00000000c0900000, 0x00000000c0900000|100%| O|  |TAMS 0x00000000c0900000, 0x00000000c0800000| Untracked 
|   9|0x00000000c0900000, 0x00000000c0a00000, 0x00000000c0a00000|100%| O|  |TAMS 0x00000000c0a00000, 0x00000000c0900000| Untracked 
|  10|0x00000000c0a00000, 0x00000000c0b00000, 0x00000000c0b00000|100%| O|  |TAMS 0x00000000c0b00000, 0x00000000c0a00000| Untracked 
|  11|0x00000000c0b00000, 0x00000000c0c00000, 0x00000000c0c00000|100%| O|  |TAMS 0x00000000c0c00000, 0x00000000c0b00000| Untracked 
|  12|0x00000000c0c00000, 0x00000000c0d00000, 0x00000000c0d00000|100%| O|  |TAMS 0x00000000c0d00000, 0x00000000c0c00000| Untracked 
|  13|0x00000000c0d00000, 0x00000000c0e00000, 0x00000000c0e00000|100%| O|  |TAMS 0x00000000c0e00000, 0x00000000c0d00000| Untracked 
|  14|0x00000000c0e00000, 0x00000000c0f00000, 0x00000000c0f00000|100%| O|  |TAMS 0x00000000c0f00000, 0x00000000c0e00000| Untracked 
|  15|0x00000000c0f00000, 0x00000000c1000000, 0x00000000c1000000|100%| O|  |TAMS 0x00000000c1000000, 0x00000000c0f00000| Untracked 
|  16|0x00000000c1000000, 0x00000000c1100000, 0x00000000c1100000|100%| O|  |TAMS 0x00000000c1100000, 0x00000000c1000000| Untracked 
|  17|0x00000000c1100000, 0x00000000c1200000, 0x00000000c1200000|100%|HS|  |TAMS 0x00000000c1200000, 0x00000000c1100000| Complete 
|  18|0x00000000c1200000, 0x00000000c1300000, 0x00000000c1300000|100%| O|  |TAMS 0x00000000c1300000, 0x00000000c1200000| Untracked 
|  19|0x00000000c1300000, 0x00000000c1400000, 0x00000000c1400000|100%| O|  |TAMS 0x00000000c1400000, 0x00000000c1300000| Untracked 
|  20|0x00000000c1400000, 0x00000000c1500000, 0x00000000c1500000|100%| O|  |TAMS 0x00000000c1500000, 0x00000000c1400000| Untracked 
|  21|0x00000000c1500000, 0x00000000c1600000, 0x00000000c1600000|100%| O|  |TAMS 0x00000000c1600000, 0x00000000c1500000| Untracked 
|  22|0x00000000c1600000, 0x00000000c1700000, 0x00000000c1700000|100%| O|  |TAMS 0x00000000c1700000, 0x00000000c1600000| Untracked 
|  23|0x00000000c1700000, 0x00000000c1800000, 0x00000000c1800000|100%| O|  |TAMS 0x00000000c1800000, 0x00000000c1700000| Untracked 
|  24|0x00000000c1800000, 0x00000000c1900000, 0x00000000c1900000|100%| O|  |TAMS 0x00000000c1900000, 0x00000000c1800000| Untracked 
|  25|0x00000000c1900000, 0x00000000c1a00000, 0x00000000c1a00000|100%| O|  |TAMS 0x00000000c1a00000, 0x00000000c1900000| Untracked 
|  26|0x00000000c1a00000, 0x00000000c1b00000, 0x00000000c1b00000|100%| O|  |TAMS 0x00000000c1b00000, 0x00000000c1a00000| Untracked 
|  27|0x00000000c1b00000, 0x00000000c1c00000, 0x00000000c1c00000|100%|HS|  |TAMS 0x00000000c1c00000, 0x00000000c1b00000| Complete 
|  28|0x00000000c1c00000, 0x00000000c1d00000, 0x00000000c1d00000|100%|HS|  |TAMS 0x00000000c1d00000, 0x00000000c1c00000| Complete 
|  29|0x00000000c1d00000, 0x00000000c1e00000, 0x00000000c1e00000|100%|HC|  |TAMS 0x00000000c1e00000, 0x00000000c1d00000| Complete 
|  30|0x00000000c1e00000, 0x00000000c1f00000, 0x00000000c1f00000|100%| O|  |TAMS 0x00000000c1f00000, 0x00000000c1e00000| Untracked 
|  31|0x00000000c1f00000, 0x00000000c2000000, 0x00000000c2000000|100%| O|  |TAMS 0x00000000c2000000, 0x00000000c1f00000| Untracked 
|  32|0x00000000c2000000, 0x00000000c2100000, 0x00000000c2100000|100%| O|  |TAMS 0x00000000c2100000, 0x00000000c2000000| Untracked 
|  33|0x00000000c2100000, 0x00000000c2200000, 0x00000000c2200000|100%| O|  |TAMS 0x00000000c2200000, 0x00000000c2100000| Untracked 
|  34|0x00000000c2200000, 0x00000000c2300000, 0x00000000c2300000|100%| O|  |TAMS 0x00000000c2300000, 0x00000000c2200000| Untracked 
|  35|0x00000000c2300000, 0x00000000c2400000, 0x00000000c2400000|100%| O|  |TAMS 0x00000000c2400000, 0x00000000c2300000| Untracked 
|  36|0x00000000c2400000, 0x00000000c2500000, 0x00000000c2500000|100%| O|  |TAMS 0x00000000c2500000, 0x00000000c2400000| Untracked 
|  37|0x00000000c2500000, 0x00000000c2600000, 0x00000000c2600000|100%| O|  |TAMS 0x00000000c2600000, 0x00000000c2500000| Untracked 
|  38|0x00000000c2600000, 0x00000000c2700000, 0x00000000c2700000|100%| O|  |TAMS 0x00000000c2700000, 0x00000000c2600000| Untracked 
|  39|0x00000000c2700000, 0x00000000c2800000, 0x00000000c2800000|100%| O|  |TAMS 0x00000000c2800000, 0x00000000c2700000| Untracked 
|  40|0x00000000c2800000, 0x00000000c2900000, 0x00000000c2900000|100%| O|  |TAMS 0x00000000c2900000, 0x00000000c2800000| Untracked 
|  41|0x00000000c2900000, 0x00000000c2a00000, 0x00000000c2a00000|100%| O|  |TAMS 0x00000000c2a00000, 0x00000000c2900000| Untracked 
|  42|0x00000000c2a00000, 0x00000000c2b00000, 0x00000000c2b00000|100%| O|  |TAMS 0x00000000c2b00000, 0x00000000c2a00000| Untracked 
|  43|0x00000000c2b00000, 0x00000000c2c00000, 0x00000000c2c00000|100%| O|  |TAMS 0x00000000c2c00000, 0x00000000c2b00000| Untracked 
|  44|0x00000000c2c00000, 0x00000000c2d00000, 0x00000000c2d00000|100%| O|  |TAMS 0x00000000c2d00000, 0x00000000c2c00000| Untracked 
|  45|0x00000000c2d00000, 0x00000000c2e00000, 0x00000000c2e00000|100%| O|  |TAMS 0x00000000c2e00000, 0x00000000c2d00000| Untracked 
|  46|0x00000000c2e00000, 0x00000000c2f00000, 0x00000000c2f00000|100%| O|  |TAMS 0x00000000c2f00000, 0x00000000c2e00000| Untracked 
|  47|0x00000000c2f00000, 0x00000000c3000000, 0x00000000c3000000|100%| O|  |TAMS 0x00000000c3000000, 0x00000000c2f00000| Untracked 
|  48|0x00000000c3000000, 0x00000000c3100000, 0x00000000c3100000|100%| O|  |TAMS 0x00000000c3100000, 0x00000000c3000000| Untracked 
|  49|0x00000000c3100000, 0x00000000c3200000, 0x00000000c3200000|100%| O|  |TAMS 0x00000000c3200000, 0x00000000c3100000| Untracked 
|  50|0x00000000c3200000, 0x00000000c3300000, 0x00000000c3300000|100%| O|  |TAMS 0x00000000c3300000, 0x00000000c3200000| Untracked 
|  51|0x00000000c3300000, 0x00000000c3400000, 0x00000000c3400000|100%| O|  |TAMS 0x00000000c3400000, 0x00000000c3300000| Untracked 
|  52|0x00000000c3400000, 0x00000000c3500000, 0x00000000c3500000|100%| O|  |TAMS 0x00000000c3500000, 0x00000000c3400000| Untracked 
|  53|0x00000000c3500000, 0x00000000c3600000, 0x00000000c3600000|100%| O|  |TAMS 0x00000000c3600000, 0x00000000c3500000| Untracked 
|  54|0x00000000c3600000, 0x00000000c3700000, 0x00000000c3700000|100%| O|  |TAMS 0x00000000c3700000, 0x00000000c3600000| Untracked 
|  55|0x00000000c3700000, 0x00000000c3800000, 0x00000000c3800000|100%| O|  |TAMS 0x00000000c3800000, 0x00000000c3700000| Untracked 
|  56|0x00000000c3800000, 0x00000000c3900000, 0x00000000c3900000|100%| O|  |TAMS 0x00000000c3900000, 0x00000000c3800000| Untracked 
|  57|0x00000000c3900000, 0x00000000c3a00000, 0x00000000c3a00000|100%| O|  |TAMS 0x00000000c3a00000, 0x00000000c3900000| Untracked 
|  58|0x00000000c3a00000, 0x00000000c3b00000, 0x00000000c3b00000|100%| O|  |TAMS 0x00000000c3b00000, 0x00000000c3a00000| Untracked 
|  59|0x00000000c3b00000, 0x00000000c3c00000, 0x00000000c3c00000|100%| O|  |TAMS 0x00000000c3c00000, 0x00000000c3b00000| Untracked 
|  60|0x00000000c3c00000, 0x00000000c3d00000, 0x00000000c3d00000|100%| O|  |TAMS 0x00000000c3d00000, 0x00000000c3c00000| Untracked 
|  61|0x00000000c3d00000, 0x00000000c3e00000, 0x00000000c3e00000|100%| O|  |TAMS 0x00000000c3e00000, 0x00000000c3d00000| Untracked 
|  62|0x00000000c3e00000, 0x00000000c3f00000, 0x00000000c3f00000|100%| O|  |TAMS 0x00000000c3f00000, 0x00000000c3e00000| Untracked 
|  63|0x00000000c3f00000, 0x00000000c4000000, 0x00000000c4000000|100%|HS|  |TAMS 0x00000000c4000000, 0x00000000c3f00000| Complete 
|  64|0x00000000c4000000, 0x00000000c4100000, 0x00000000c4100000|100%| O|  |TAMS 0x00000000c4100000, 0x00000000c4000000| Untracked 
|  65|0x00000000c4100000, 0x00000000c4200000, 0x00000000c4200000|100%| O|  |TAMS 0x00000000c4200000, 0x00000000c4100000| Untracked 
|  66|0x00000000c4200000, 0x00000000c4300000, 0x00000000c4300000|100%| O|  |TAMS 0x00000000c4300000, 0x00000000c4200000| Untracked 
|  67|0x00000000c4300000, 0x00000000c4400000, 0x00000000c4400000|100%| O|  |TAMS 0x00000000c4400000, 0x00000000c4300000| Untracked 
|  68|0x00000000c4400000, 0x00000000c4500000, 0x00000000c4500000|100%| O|  |TAMS 0x00000000c4500000, 0x00000000c4400000| Untracked 
|  69|0x00000000c4500000, 0x00000000c4600000, 0x00000000c4600000|100%| O|  |TAMS 0x00000000c4600000, 0x00000000c4500000| Untracked 
|  70|0x00000000c4600000, 0x00000000c4700000, 0x00000000c4700000|100%| O|  |TAMS 0x00000000c4700000, 0x00000000c4600000| Untracked 
|  71|0x00000000c4700000, 0x00000000c4800000, 0x00000000c4800000|100%| O|  |TAMS 0x00000000c4800000, 0x00000000c4700000| Untracked 
|  72|0x00000000c4800000, 0x00000000c4900000, 0x00000000c4900000|100%| O|  |TAMS 0x00000000c4900000, 0x00000000c4800000| Untracked 
|  73|0x00000000c4900000, 0x00000000c4a00000, 0x00000000c4a00000|100%| O|  |TAMS 0x00000000c4a00000, 0x00000000c4900000| Untracked 
|  74|0x00000000c4a00000, 0x00000000c4b00000, 0x00000000c4b00000|100%| O|  |TAMS 0x00000000c4b00000, 0x00000000c4a00000| Untracked 
|  75|0x00000000c4b00000, 0x00000000c4c00000, 0x00000000c4c00000|100%| O|  |TAMS 0x00000000c4c00000, 0x00000000c4b00000| Untracked 
|  76|0x00000000c4c00000, 0x00000000c4d00000, 0x00000000c4d00000|100%| O|  |TAMS 0x00000000c4d00000, 0x00000000c4c00000| Untracked 
|  77|0x00000000c4d00000, 0x00000000c4e00000, 0x00000000c4e00000|100%| O|  |TAMS 0x00000000c4e00000, 0x00000000c4d00000| Untracked 
|  78|0x00000000c4e00000, 0x00000000c4f00000, 0x00000000c4f00000|100%| O|  |TAMS 0x00000000c4f00000, 0x00000000c4e00000| Untracked 
|  79|0x00000000c4f00000, 0x00000000c5000000, 0x00000000c5000000|100%| O|  |TAMS 0x00000000c5000000, 0x00000000c4f00000| Untracked 
|  80|0x00000000c5000000, 0x00000000c5100000, 0x00000000c5100000|100%| O|  |TAMS 0x00000000c5100000, 0x00000000c5000000| Untracked 
|  81|0x00000000c5100000, 0x00000000c5200000, 0x00000000c5200000|100%| O|  |TAMS 0x00000000c5200000, 0x00000000c5100000| Untracked 
|  82|0x00000000c5200000, 0x00000000c5300000, 0x00000000c5300000|100%| O|  |TAMS 0x00000000c5300000, 0x00000000c5200000| Untracked 
|  83|0x00000000c5300000, 0x00000000c5380000, 0x00000000c5400000| 50%| O|  |TAMS 0x00000000c5380000, 0x00000000c5300000| Untracked 
|  84|0x00000000c5400000, 0x00000000c5500000, 0x00000000c5500000|100%|HS|  |TAMS 0x00000000c5400000, 0x00000000c5400000| Complete 
|  85|0x00000000c5500000, 0x00000000c5600000, 0x00000000c5600000|100%|HS|  |TAMS 0x00000000c5500000, 0x00000000c5500000| Complete 
|  86|0x00000000c5600000, 0x00000000c5700000, 0x00000000c5700000|100%|HC|  |TAMS 0x00000000c5600000, 0x00000000c5600000| Complete 
|  87|0x00000000c5700000, 0x00000000c5800000, 0x00000000c5800000|100%|HS|  |TAMS 0x00000000c5700000, 0x00000000c5700000| Complete 
|  88|0x00000000c5800000, 0x00000000c5900000, 0x00000000c5900000|100%|HS|  |TAMS 0x00000000c5800000, 0x00000000c5800000| Complete 
|  89|0x00000000c5900000, 0x00000000c5a00000, 0x00000000c5a00000|100%|HC|  |TAMS 0x00000000c5900000, 0x00000000c5900000| Complete 
|  90|0x00000000c5a00000, 0x00000000c5b00000, 0x00000000c5b00000|100%|HS|  |TAMS 0x00000000c5a00000, 0x00000000c5a00000| Complete 
|  91|0x00000000c5b00000, 0x00000000c5c00000, 0x00000000c5c00000|100%|HC|  |TAMS 0x00000000c5b00000, 0x00000000c5b00000| Complete 
|  92|0x00000000c5c00000, 0x00000000c5c00000, 0x00000000c5d00000|  0%| F|  |TAMS 0x00000000c5c00000, 0x00000000c5c00000| Untracked 
|  93|0x00000000c5d00000, 0x00000000c5d00000, 0x00000000c5e00000|  0%| F|  |TAMS 0x00000000c5d00000, 0x00000000c5d00000| Untracked 
|  94|0x00000000c5e00000, 0x00000000c5e00000, 0x00000000c5f00000|  0%| F|  |TAMS 0x00000000c5e00000, 0x00000000c5e00000| Untracked 
|  95|0x00000000c5f00000, 0x00000000c5f00000, 0x00000000c6000000|  0%| F|  |TAMS 0x00000000c5f00000, 0x00000000c5f00000| Untracked 
|  96|0x00000000c6000000, 0x00000000c6000000, 0x00000000c6100000|  0%| F|  |TAMS 0x00000000c6000000, 0x00000000c6000000| Untracked 
|  97|0x00000000c6100000, 0x00000000c6100000, 0x00000000c6200000|  0%| F|  |TAMS 0x00000000c6100000, 0x00000000c6100000| Untracked 
|  98|0x00000000c6200000, 0x00000000c6200000, 0x00000000c6300000|  0%| F|  |TAMS 0x00000000c6200000, 0x00000000c6200000| Untracked 
|  99|0x00000000c6300000, 0x00000000c6300000, 0x00000000c6400000|  0%| F|  |TAMS 0x00000000c6300000, 0x00000000c6300000| Untracked 
| 100|0x00000000c6400000, 0x00000000c6400000, 0x00000000c6500000|  0%| F|  |TAMS 0x00000000c6400000, 0x00000000c6400000| Untracked 
| 101|0x00000000c6500000, 0x00000000c6500000, 0x00000000c6600000|  0%| F|  |TAMS 0x00000000c6500000, 0x00000000c6500000| Untracked 
| 102|0x00000000c6600000, 0x00000000c6600000, 0x00000000c6700000|  0%| F|  |TAMS 0x00000000c6600000, 0x00000000c6600000| Untracked 
| 103|0x00000000c6700000, 0x00000000c6700000, 0x00000000c6800000|  0%| F|  |TAMS 0x00000000c6700000, 0x00000000c6700000| Untracked 
| 104|0x00000000c6800000, 0x00000000c6800000, 0x00000000c6900000|  0%| F|  |TAMS 0x00000000c6800000, 0x00000000c6800000| Untracked 
| 105|0x00000000c6900000, 0x00000000c6900000, 0x00000000c6a00000|  0%| F|  |TAMS 0x00000000c6900000, 0x00000000c6900000| Untracked 
| 106|0x00000000c6a00000, 0x00000000c6a00000, 0x00000000c6b00000|  0%| F|  |TAMS 0x00000000c6a00000, 0x00000000c6a00000| Untracked 
| 107|0x00000000c6b00000, 0x00000000c6b00000, 0x00000000c6c00000|  0%| F|  |TAMS 0x00000000c6b00000, 0x00000000c6b00000| Untracked 
| 108|0x00000000c6c00000, 0x00000000c6c00000, 0x00000000c6d00000|  0%| F|  |TAMS 0x00000000c6c00000, 0x00000000c6c00000| Untracked 
| 109|0x00000000c6d00000, 0x00000000c6d00000, 0x00000000c6e00000|  0%| F|  |TAMS 0x00000000c6d00000, 0x00000000c6d00000| Untracked 
| 110|0x00000000c6e00000, 0x00000000c6e00000, 0x00000000c6f00000|  0%| F|  |TAMS 0x00000000c6e00000, 0x00000000c6e00000| Untracked 
| 111|0x00000000c6f00000, 0x00000000c6f00000, 0x00000000c7000000|  0%| F|  |TAMS 0x00000000c6f00000, 0x00000000c6f00000| Untracked 
| 112|0x00000000c7000000, 0x00000000c7000000, 0x00000000c7100000|  0%| F|  |TAMS 0x00000000c7000000, 0x00000000c7000000| Untracked 
| 113|0x00000000c7100000, 0x00000000c7100000, 0x00000000c7200000|  0%| F|  |TAMS 0x00000000c7100000, 0x00000000c7100000| Untracked 
| 114|0x00000000c7200000, 0x00000000c7200000, 0x00000000c7300000|  0%| F|  |TAMS 0x00000000c7200000, 0x00000000c7200000| Untracked 
| 115|0x00000000c7300000, 0x00000000c7300000, 0x00000000c7400000|  0%| F|  |TAMS 0x00000000c7300000, 0x00000000c7300000| Untracked 
| 116|0x00000000c7400000, 0x00000000c7400000, 0x00000000c7500000|  0%| F|  |TAMS 0x00000000c7400000, 0x00000000c7400000| Untracked 
| 117|0x00000000c7500000, 0x00000000c7500000, 0x00000000c7600000|  0%| F|  |TAMS 0x00000000c7500000, 0x00000000c7500000| Untracked 
| 118|0x00000000c7600000, 0x00000000c7600000, 0x00000000c7700000|  0%| F|  |TAMS 0x00000000c7600000, 0x00000000c7600000| Untracked 
| 119|0x00000000c7700000, 0x00000000c7700000, 0x00000000c7800000|  0%| F|  |TAMS 0x00000000c7700000, 0x00000000c7700000| Untracked 
| 120|0x00000000c7800000, 0x00000000c7800000, 0x00000000c7900000|  0%| F|  |TAMS 0x00000000c7800000, 0x00000000c7800000| Untracked 
| 121|0x00000000c7900000, 0x00000000c7900000, 0x00000000c7a00000|  0%| F|  |TAMS 0x00000000c7900000, 0x00000000c7900000| Untracked 
| 122|0x00000000c7a00000, 0x00000000c7a00000, 0x00000000c7b00000|  0%| F|  |TAMS 0x00000000c7a00000, 0x00000000c7a00000| Untracked 
| 123|0x00000000c7b00000, 0x00000000c7b00000, 0x00000000c7c00000|  0%| F|  |TAMS 0x00000000c7b00000, 0x00000000c7b00000| Untracked 
| 124|0x00000000c7c00000, 0x00000000c7c00000, 0x00000000c7d00000|  0%| F|  |TAMS 0x00000000c7c00000, 0x00000000c7c00000| Untracked 
| 125|0x00000000c7d00000, 0x00000000c7d00000, 0x00000000c7e00000|  0%| F|  |TAMS 0x00000000c7d00000, 0x00000000c7d00000| Untracked 
| 126|0x00000000c7e00000, 0x00000000c7e00000, 0x00000000c7f00000|  0%| F|  |TAMS 0x00000000c7e00000, 0x00000000c7e00000| Untracked 
| 127|0x00000000c7f00000, 0x00000000c7f00000, 0x00000000c8000000|  0%| F|  |TAMS 0x00000000c7f00000, 0x00000000c7f00000| Untracked 
| 128|0x00000000c8000000, 0x00000000c8000000, 0x00000000c8100000|  0%| F|  |TAMS 0x00000000c8000000, 0x00000000c8000000| Untracked 
| 129|0x00000000c8100000, 0x00000000c8100000, 0x00000000c8200000|  0%| F|  |TAMS 0x00000000c8100000, 0x00000000c8100000| Untracked 
| 130|0x00000000c8200000, 0x00000000c8200000, 0x00000000c8300000|  0%| F|  |TAMS 0x00000000c8200000, 0x00000000c8200000| Untracked 
| 131|0x00000000c8300000, 0x00000000c8300000, 0x00000000c8400000|  0%| F|  |TAMS 0x00000000c8300000, 0x00000000c8300000| Untracked 
| 132|0x00000000c8400000, 0x00000000c8400000, 0x00000000c8500000|  0%| F|  |TAMS 0x00000000c8400000, 0x00000000c8400000| Untracked 
| 133|0x00000000c8500000, 0x00000000c8500000, 0x00000000c8600000|  0%| F|  |TAMS 0x00000000c8500000, 0x00000000c8500000| Untracked 
| 134|0x00000000c8600000, 0x00000000c8700000, 0x00000000c8700000|100%| E|  |TAMS 0x00000000c8600000, 0x00000000c8600000| Complete 
| 135|0x00000000c8700000, 0x00000000c8800000, 0x00000000c8800000|100%| E|  |TAMS 0x00000000c8700000, 0x00000000c8700000| Complete 
| 136|0x00000000c8800000, 0x00000000c8900000, 0x00000000c8900000|100%| E|CS|TAMS 0x00000000c8800000, 0x00000000c8800000| Complete 
| 137|0x00000000c8900000, 0x00000000c8a00000, 0x00000000c8a00000|100%| E|CS|TAMS 0x00000000c8900000, 0x00000000c8900000| Complete 
| 138|0x00000000c8a00000, 0x00000000c8b00000, 0x00000000c8b00000|100%| E|CS|TAMS 0x00000000c8a00000, 0x00000000c8a00000| Complete 
| 139|0x00000000c8b00000, 0x00000000c8c00000, 0x00000000c8c00000|100%| E|CS|TAMS 0x00000000c8b00000, 0x00000000c8b00000| Complete 
| 140|0x00000000c8c00000, 0x00000000c8d00000, 0x00000000c8d00000|100%| E|CS|TAMS 0x00000000c8c00000, 0x00000000c8c00000| Complete 
| 141|0x00000000c8d00000, 0x00000000c8e00000, 0x00000000c8e00000|100%| E|CS|TAMS 0x00000000c8d00000, 0x00000000c8d00000| Complete 
| 142|0x00000000c8e00000, 0x00000000c8f00000, 0x00000000c8f00000|100%| E|CS|TAMS 0x00000000c8e00000, 0x00000000c8e00000| Complete 
| 143|0x00000000c8f00000, 0x00000000c9000000, 0x00000000c9000000|100%| E|CS|TAMS 0x00000000c8f00000, 0x00000000c8f00000| Complete 
| 144|0x00000000c9000000, 0x00000000c9100000, 0x00000000c9100000|100%| E|CS|TAMS 0x00000000c9000000, 0x00000000c9000000| Complete 
| 145|0x00000000c9100000, 0x00000000c9200000, 0x00000000c9200000|100%| E|CS|TAMS 0x00000000c9100000, 0x00000000c9100000| Complete 
| 146|0x00000000c9200000, 0x00000000c9300000, 0x00000000c9300000|100%| E|CS|TAMS 0x00000000c9200000, 0x00000000c9200000| Complete 
| 147|0x00000000c9300000, 0x00000000c93dcfc0, 0x00000000c9400000| 86%| S|CS|TAMS 0x00000000c9300000, 0x00000000c9300000| Complete 
| 148|0x00000000c9400000, 0x00000000c9500000, 0x00000000c9500000|100%| S|CS|TAMS 0x00000000c9400000, 0x00000000c9400000| Complete 
| 149|0x00000000c9500000, 0x00000000c9600000, 0x00000000c9600000|100%| E|CS|TAMS 0x00000000c9500000, 0x00000000c9500000| Complete 
| 150|0x00000000c9600000, 0x00000000c9700000, 0x00000000c9700000|100%| E|CS|TAMS 0x00000000c9600000, 0x00000000c9600000| Complete 
| 151|0x00000000c9700000, 0x00000000c9800000, 0x00000000c9800000|100%| E|CS|TAMS 0x00000000c9700000, 0x00000000c9700000| Complete 
| 152|0x00000000c9800000, 0x00000000c9900000, 0x00000000c9900000|100%| E|CS|TAMS 0x00000000c9800000, 0x00000000c9800000| Complete 
| 153|0x00000000c9900000, 0x00000000c9a00000, 0x00000000c9a00000|100%| E|CS|TAMS 0x00000000c9900000, 0x00000000c9900000| Complete 

Card table byte_map: [0x000001fcd6850000,0x000001fcd6a50000] _byte_map_base: 0x000001fcd6250000

Marking Bits (Prev, Next): (CMBitMap*) 0x000001fcc3b8cac0, (CMBitMap*) 0x000001fcc3b8ca88
 Prev Bits: [0x000001fcd7c50000, 0x000001fcd8c50000)
 Next Bits: [0x000001fcd6c50000, 0x000001fcd7c50000)

Polling page: 0x000001fcc1b70000

Metaspace:

Usage:
  Non-class:     72.89 MB capacity,    71.54 MB ( 98%) used,     1.12 MB (  2%) free+waste,   228.00 KB ( <1%) overhead. 
      Class:     11.22 MB capacity,    10.49 MB ( 94%) used,   642.20 KB (  6%) free+waste,   103.94 KB ( <1%) overhead. 
       Both:     84.10 MB capacity,    82.03 MB ( 98%) used,     1.75 MB (  2%) free+waste,   331.94 KB ( <1%) overhead. 

Virtual space:
  Non-class space:       74.00 MB reserved,      73.00 MB ( 99%) committed 
      Class space:        1.00 GB reserved,      11.32 MB (  1%) committed 
             Both:        1.07 GB reserved,      84.32 MB (  8%) committed 

Chunk freelists:
   Non-Class:  51.00 KB
       Class:  34.00 KB
        Both:  85.00 KB

MaxMetaspaceSize: 17179869184.00 GB
CompressedClassSpaceSize: 1.00 GB

CodeHeap 'non-profiled nmethods': size=120064Kb used=6156Kb max_used=6156Kb free=113907Kb
 bounds [0x000001fccf110000, 0x000001fccf720000, 0x000001fcd6650000]
CodeHeap 'profiled nmethods': size=120000Kb used=21867Kb max_used=21867Kb free=98132Kb
 bounds [0x000001fcc7be0000, 0x000001fcc9140000, 0x000001fccf110000]
CodeHeap 'non-nmethods': size=5696Kb used=2277Kb max_used=2345Kb free=3418Kb
 bounds [0x000001fcc7650000, 0x000001fcc78c0000, 0x000001fcc7be0000]
 total_blobs=10755 nmethods=9878 adapters=788
 compilation: enabled
              stopped_count=0, restarted_count=0
 full_count=0

Compilation events (20 events):
Event: 25.958 Thread 0x000001fcdbae4000 nmethod 9906 0x000001fcc9134010 code [0x000001fcc91341e0, 0x000001fcc9134438]
Event: 25.961 Thread 0x000001fcdbae4000 9907       3       org.gradle.internal.watch.registry.impl.DefaultFileWatcherRegistry::access$200 (5 bytes)
Event: 25.961 Thread 0x000001fcdbae4000 nmethod 9907 0x000001fcc9134510 code [0x000001fcc91346c0, 0x000001fcc91347c8]
Event: 25.962 Thread 0x000001fcdbae4000 9908   !   3       org.gradle.internal.watch.vfs.impl.WatchingVirtualFileSystem$3::handleChange (63 bytes)
Event: 25.963 Thread 0x000001fcdbae4000 nmethod 9908 0x000001fcc9134890 code [0x000001fcc9134bc0, 0x000001fcc9135e08]
Event: 25.971 Thread 0x000001fcdbae4000 9909       3       com.google.common.collect.AbstractMapBasedMultimap$WrappedCollection::iterator (13 bytes)
Event: 25.971 Thread 0x000001fcdbae4000 nmethod 9909 0x000001fcc9136710 code [0x000001fcc9136940, 0x000001fcc91371a8]
Event: 25.973 Thread 0x000001fcdb136000 9910       4       com.android.ide.common.blame.SourceFile::<init> (7 bytes)
Event: 25.977 Thread 0x000001fcdb136000 nmethod 9910 0x000001fccf712a90 code [0x000001fccf712c40, 0x000001fccf712de8]
Event: 25.987 Thread 0x000001fcdb136000 9911       4       com.android.ide.common.resources.NodeUtils::adoptNode (15 bytes)
Event: 25.989 Thread 0x000001fcdb136000 nmethod 9911 0x000001fccf712f10 code [0x000001fccf7130c0, 0x000001fccf713178]
Event: 25.989 Thread 0x000001fcdb136000 9912   !   4       org.apache.xerces.dom.CoreDocumentImpl::adoptNode (537 bytes)
Event: 26.028 Thread 0x000001fcdbae4000 9914       3       com.google.common.cache.LocalCache::expiresAfterWrite (15 bytes)
Event: 26.028 Thread 0x000001fcdbae4000 nmethod 9914 0x000001fcc9137390 code [0x000001fcc9137540, 0x000001fcc91376b8]
Event: 26.046 Thread 0x000001fcdbae4000 9915       3       sun.util.locale.LocaleUtils::isAlphaNumericString (33 bytes)
Event: 26.048 Thread 0x000001fcdbae4000 nmethod 9915 0x000001fcc9137790 code [0x000001fcc9137a00, 0x000001fcc9138518]
Event: 26.054 Thread 0x000001fcdbae4000 9916       3       java.util.Formatter$FormatSpecifier::checkBadFlags (49 bytes)
Event: 26.055 Thread 0x000001fcdbae4000 nmethod 9916 0x000001fcc9138910 code [0x000001fcc9138b00, 0x000001fcc9138f58]
Event: 26.099 Thread 0x000001fcdbae4000 9917       3       com.google.common.base.Preconditions::checkState (17 bytes)
Event: 26.099 Thread 0x000001fcdbae4000 nmethod 9917 0x000001fcc9139190 code [0x000001fcc9139380, 0x000001fcc91396d8]

GC Heap History (20 events):
Event: 9.540 GC heap before
{Heap before GC invocations=11 (full 0):
 garbage-first heap   total 131072K, used 92074K [0x00000000c0000000, 0x0000000100000000)
  region size 1024K, 72 young (73728K), 9 survivors (9216K)
 Metaspace       used 45362K, capacity 46542K, committed 46720K, reserved 1089536K
  class space    used 5825K, capacity 6228K, committed 6272K, reserved 1048576K
}
Event: 9.554 GC heap after
{Heap after GC invocations=12 (full 0):
 garbage-first heap   total 131072K, used 29361K [0x00000000c0000000, 0x0000000100000000)
  region size 1024K, 3 young (3072K), 3 survivors (3072K)
 Metaspace       used 45362K, capacity 46542K, committed 46720K, reserved 1089536K
  class space    used 5825K, capacity 6228K, committed 6272K, reserved 1048576K
}
Event: 11.027 GC heap before
{Heap before GC invocations=12 (full 0):
 garbage-first heap   total 131072K, used 101041K [0x00000000c0000000, 0x0000000100000000)
  region size 1024K, 70 young (71680K), 3 survivors (3072K)
 Metaspace       used 49956K, capacity 51303K, committed 51456K, reserved 1093632K
  class space    used 6361K, capacity 6837K, committed 6912K, reserved 1048576K
}
Event: 11.037 GC heap after
{Heap after GC invocations=13 (full 0):
 garbage-first heap   total 131072K, used 41265K [0x00000000c0000000, 0x0000000100000000)
  region size 1024K, 9 young (9216K), 9 survivors (9216K)
 Metaspace       used 49956K, capacity 51303K, committed 51456K, reserved 1093632K
  class space    used 6361K, capacity 6837K, committed 6912K, reserved 1048576K
}
Event: 13.040 GC heap before
{Heap before GC invocations=13 (full 0):
 garbage-first heap   total 131072K, used 95537K [0x00000000c0000000, 0x0000000100000000)
  region size 1024K, 63 young (64512K), 9 survivors (9216K)
 Metaspace       used 58686K, capacity 60150K, committed 60160K, reserved 1101824K
  class space    used 7395K, capacity 7926K, committed 7936K, reserved 1048576K
}
Event: 13.066 GC heap after
{Heap after GC invocations=14 (full 0):
 garbage-first heap   total 131072K, used 44617K [0x00000000c0000000, 0x0000000100000000)
  region size 1024K, 3 young (3072K), 3 survivors (3072K)
 Metaspace       used 58686K, capacity 60150K, committed 60160K, reserved 1101824K
  class space    used 7395K, capacity 7926K, committed 7936K, reserved 1048576K
}
Event: 14.789 GC heap before
{Heap before GC invocations=15 (full 0):
 garbage-first heap   total 131072K, used 99913K [0x00000000c0000000, 0x0000000100000000)
  region size 1024K, 57 young (58368K), 3 survivors (3072K)
 Metaspace       used 64129K, capacity 65625K, committed 65740K, reserved 1105920K
  class space    used 8064K, capacity 8608K, committed 8652K, reserved 1048576K
}
Event: 14.819 GC heap after
{Heap after GC invocations=16 (full 0):
 garbage-first heap   total 131072K, used 49060K [0x00000000c0000000, 0x0000000100000000)
  region size 1024K, 8 young (8192K), 8 survivors (8192K)
 Metaspace       used 64129K, capacity 65625K, committed 65740K, reserved 1105920K
  class space    used 8064K, capacity 8608K, committed 8652K, reserved 1048576K
}
Event: 16.401 GC heap before
{Heap before GC invocations=17 (full 0):
 garbage-first heap   total 131072K, used 101284K [0x00000000c0000000, 0x0000000100000000)
  region size 1024K, 59 young (60416K), 8 survivors (8192K)
 Metaspace       used 68153K, capacity 69797K, committed 70092K, reserved 1110016K
  class space    used 8727K, capacity 9314K, committed 9420K, reserved 1048576K
}
Event: 16.421 GC heap after
{Heap after GC invocations=18 (full 0):
 garbage-first heap   total 157696K, used 52713K [0x00000000c0000000, 0x0000000100000000)
  region size 1024K, 5 young (5120K), 5 survivors (5120K)
 Metaspace       used 68153K, capacity 69797K, committed 70092K, reserved 1110016K
  class space    used 8727K, capacity 9314K, committed 9420K, reserved 1048576K
}
Event: 18.362 GC heap before
{Heap before GC invocations=18 (full 0):
 garbage-first heap   total 157696K, used 117225K [0x00000000c0000000, 0x0000000100000000)
  region size 1024K, 68 young (69632K), 5 survivors (5120K)
 Metaspace       used 75644K, capacity 77353K, committed 77516K, reserved 1116160K
  class space    used 9789K, capacity 10420K, committed 10444K, reserved 1048576K
}
Event: 18.374 GC heap after
{Heap after GC invocations=19 (full 0):
 garbage-first heap   total 157696K, used 56502K [0x00000000c0000000, 0x0000000100000000)
  region size 1024K, 8 young (8192K), 8 survivors (8192K)
 Metaspace       used 75644K, capacity 77353K, committed 77516K, reserved 1116160K
  class space    used 9789K, capacity 10420K, committed 10444K, reserved 1048576K
}
Event: 20.076 GC heap before
{Heap before GC invocations=19 (full 0):
 garbage-first heap   total 157696K, used 118966K [0x00000000c0000000, 0x0000000100000000)
  region size 1024K, 70 young (71680K), 8 survivors (8192K)
 Metaspace       used 81159K, capacity 83156K, committed 83404K, reserved 1122304K
  class space    used 10465K, capacity 11169K, committed 11212K, reserved 1048576K
}
Event: 20.095 GC heap after
{Heap after GC invocations=20 (full 0):
 garbage-first heap   total 157696K, used 62192K [0x00000000c0000000, 0x0000000100000000)
  region size 1024K, 9 young (9216K), 9 survivors (9216K)
 Metaspace       used 81159K, capacity 83156K, committed 83404K, reserved 1122304K
  class space    used 10465K, capacity 11169K, committed 11212K, reserved 1048576K
}
Event: 21.774 GC heap before
{Heap before GC invocations=20 (full 0):
 garbage-first heap   total 157696K, used 121584K [0x00000000c0000000, 0x0000000100000000)
  region size 1024K, 68 young (69632K), 9 survivors (9216K)
 Metaspace       used 82809K, capacity 84838K, committed 84940K, reserved 1122304K
  class space    used 10645K, capacity 11376K, committed 11468K, reserved 1048576K
}
Event: 21.793 GC heap after
{Heap after GC invocations=21 (full 0):
 garbage-first heap   total 157696K, used 68738K [0x00000000c0000000, 0x0000000100000000)
  region size 1024K, 7 young (7168K), 7 survivors (7168K)
 Metaspace       used 82809K, capacity 84838K, committed 84940K, reserved 1122304K
  class space    used 10645K, capacity 11376K, committed 11468K, reserved 1048576K
}
Event: 23.721 GC heap before
{Heap before GC invocations=21 (full 0):
 garbage-first heap   total 157696K, used 127106K [0x00000000c0000000, 0x0000000100000000)
  region size 1024K, 62 young (63488K), 7 survivors (7168K)
 Metaspace       used 83737K, capacity 85812K, committed 85964K, reserved 1124352K
  class space    used 10720K, capacity 11468K, committed 11468K, reserved 1048576K
}
Event: 23.745 GC heap after
{Heap after GC invocations=22 (full 0):
 garbage-first heap   total 157696K, used 84732K [0x00000000c0000000, 0x0000000100000000)
  region size 1024K, 8 young (8192K), 8 survivors (8192K)
 Metaspace       used 83737K, capacity 85812K, committed 85964K, reserved 1124352K
  class space    used 10720K, capacity 11468K, committed 11468K, reserved 1048576K
}
Event: 23.867 GC heap before
{Heap before GC invocations=22 (full 0):
 garbage-first heap   total 157696K, used 88828K [0x00000000c0000000, 0x0000000100000000)
  region size 1024K, 13 young (13312K), 8 survivors (8192K)
 Metaspace       used 83975K, capacity 86007K, committed 86348K, reserved 1124352K
  class space    used 10745K, capacity 11469K, committed 11596K, reserved 1048576K
}
Event: 23.886 GC heap after
{Heap after GC invocations=23 (full 0):
 garbage-first heap   total 157696K, used 87411K [0x00000000c0000000, 0x0000000100000000)
  region size 1024K, 2 young (2048K), 2 survivors (2048K)
 Metaspace       used 83975K, capacity 86007K, committed 86348K, reserved 1124352K
  class space    used 10745K, capacity 11469K, committed 11596K, reserved 1048576K
}

Deoptimization events (20 events):
Event: 25.501 Thread 0x000001fcddd4f000 Uncommon trap: trap_request=0xffffff4d fr.pc=0x000001fccf1e1674 relative=0x00000000000001d4
Event: 25.501 Thread 0x000001fcddd4f000 Uncommon trap: reason=unstable_if action=reinterpret pc=0x000001fccf1e1674 method=java.lang.String.lastIndexOf(II)I @ 4 c2
Event: 25.501 Thread 0x000001fcddd4f000 DEOPT PACKING pc=0x000001fccf1e1674 sp=0x0000000653bf9f60
Event: 25.501 Thread 0x000001fcddd4f000 DEOPT UNPACKING pc=0x000001fcc76778af sp=0x0000000653bf9e80 mode 2
Event: 25.501 Thread 0x000001fcddd4f000 Uncommon trap: trap_request=0xffffff4d fr.pc=0x000001fccf1ecef8 relative=0x00000000000001d8
Event: 25.501 Thread 0x000001fcddd4f000 Uncommon trap: reason=unstable_if action=reinterpret pc=0x000001fccf1ecef8 method=java.lang.String.lastIndexOf(II)I @ 4 c2
Event: 25.501 Thread 0x000001fcddd4f000 DEOPT PACKING pc=0x000001fccf1ecef8 sp=0x0000000653bf9ed0
Event: 25.501 Thread 0x000001fcddd4f000 DEOPT UNPACKING pc=0x000001fcc76778af sp=0x0000000653bf9e70 mode 2
Event: 25.787 Thread 0x000001fcddd4f000 Uncommon trap: trap_request=0xffffff4d fr.pc=0x000001fccf6e1844 relative=0x0000000000000644
Event: 25.787 Thread 0x000001fcddd4f000 Uncommon trap: reason=unstable_if action=reinterpret pc=0x000001fccf6e1844 method=sun.nio.cs.UTF_8$Encoder.encodeArrayLoop(Ljava/nio/CharBuffer;Ljava/nio/ByteBuffer;)Ljava/nio/charset/CoderResult; @ 400 c2
Event: 25.787 Thread 0x000001fcddd4f000 DEOPT PACKING pc=0x000001fccf6e1844 sp=0x0000000653bf9f90
Event: 25.787 Thread 0x000001fcddd4f000 DEOPT UNPACKING pc=0x000001fcc76778af sp=0x0000000653bf9ef8 mode 2
Event: 25.817 Thread 0x000001fcddd4f000 DEOPT PACKING pc=0x000001fcc894f2df sp=0x0000000653bf6b70
Event: 25.817 Thread 0x000001fcddd4f000 DEOPT UNPACKING pc=0x000001fcc76776ce sp=0x0000000653bf5ff8 mode 0
Event: 25.917 Thread 0x000001fcddd4f000 DEOPT PACKING pc=0x000001fcc9126e0f sp=0x0000000653bf9e80
Event: 25.917 Thread 0x000001fcddd4f000 DEOPT UNPACKING pc=0x000001fcc76776ce sp=0x0000000653bf93f8 mode 0
Event: 25.917 Thread 0x000001fcddd4f000 Uncommon trap: trap_request=0xffffff4d fr.pc=0x000001fccf710e48 relative=0x0000000000000948
Event: 25.917 Thread 0x000001fcddd4f000 Uncommon trap: reason=unstable_if action=reinterpret pc=0x000001fccf710e48 method=sun.nio.cs.UTF_8$Encoder.encodeArrayLoop(Ljava/nio/CharBuffer;Ljava/nio/ByteBuffer;)Ljava/nio/charset/CoderResult; @ 175 c2
Event: 25.917 Thread 0x000001fcddd4f000 DEOPT PACKING pc=0x000001fccf710e48 sp=0x0000000653bf9f60
Event: 25.917 Thread 0x000001fcddd4f000 DEOPT UNPACKING pc=0x000001fcc76778af sp=0x0000000653bf9ef8 mode 2

Classes redefined (0 events):
No events

Internal exceptions (20 events):
Event: 20.099 Thread 0x000001fcddd46000 Exception <a 'java/lang/NoSuchMethodError'{0x00000000c9938ed0}: 'java.lang.Object java.lang.invoke.DirectMethodHandle$Holder.invokeSpecialIFC(java.lang.Object, java.lang.Object, java.lang.Object)'> (0x00000000c9938ed0) thrown at [./src/hotspot/share/interpreter/linkResolver.cpp, line 773]
Event: 20.522 Thread 0x000001fcddd4b800 Exception <a 'java/lang/NoSuchMethodError'{0x00000000c8400240}: 'void java.lang.invoke.DirectMethodHandle$Holder.invokeVirtual(java.lang.Object, java.lang.Object)'> (0x00000000c8400240) thrown at [./src/hotspot/share/interpreter/linkResolver.cpp, line 773]
Event: 22.470 Thread 0x000001fcddd4f000 Implicit null exception at 0x000001fccf67a475 to 0x000001fccf67a6bc
Event: 22.470 Thread 0x000001fcddd4f000 Implicit null exception at 0x000001fccf679d75 to 0x000001fccf679fbc
Event: 23.580 Thread 0x000001fcddd4f000 Exception <a 'java/lang/NoSuchMethodError'{0x00000000c67358d8}: <clinit>> (0x00000000c67358d8) thrown at [./src/hotspot/share/prims/jni.cpp, line 1362]
Event: 23.584 Thread 0x000001fcddd4f000 Exception <a 'java/lang/NoSuchMethodError'{0x00000000c6745de0}: <clinit>> (0x00000000c6745de0) thrown at [./src/hotspot/share/prims/jni.cpp, line 1362]
Event: 23.605 Thread 0x000001fcddd4f000 Exception <a 'java/lang/NoSuchMethodError'{0x00000000c67b5720}: <clinit>> (0x00000000c67b5720) thrown at [./src/hotspot/share/prims/jni.cpp, line 1362]
Event: 23.605 Thread 0x000001fcddd4f000 Exception <a 'java/lang/NoSuchMethodError'{0x00000000c67b82e8}: <clinit>> (0x00000000c67b82e8) thrown at [./src/hotspot/share/prims/jni.cpp, line 1362]
Event: 23.606 Thread 0x000001fcddd4f000 Exception <a 'java/lang/NoSuchMethodError'{0x00000000c67bccc8}: <clinit>> (0x00000000c67bccc8) thrown at [./src/hotspot/share/prims/jni.cpp, line 1362]
Event: 23.606 Thread 0x000001fcddd4f000 Exception <a 'java/lang/NoSuchMethodError'{0x00000000c67c8468}: <clinit>> (0x00000000c67c8468) thrown at [./src/hotspot/share/prims/jni.cpp, line 1362]
Event: 23.628 Thread 0x000001fcddd4f000 Exception <a 'java/lang/NoSuchMethodError'{0x00000000c6620038}: <clinit>> (0x00000000c6620038) thrown at [./src/hotspot/share/prims/jni.cpp, line 1362]
Event: 23.640 Thread 0x000001fcddd4f000 Exception <a 'java/lang/NoSuchMethodError'{0x00000000c66521b8}: <clinit>> (0x00000000c66521b8) thrown at [./src/hotspot/share/prims/jni.cpp, line 1362]
Event: 23.641 Thread 0x000001fcddd4f000 Exception <a 'java/lang/NoSuchMethodError'{0x00000000c6655620}: <clinit>> (0x00000000c6655620) thrown at [./src/hotspot/share/prims/jni.cpp, line 1362]
Event: 23.641 Thread 0x000001fcddd4f000 Exception <a 'java/lang/NoSuchMethodError'{0x00000000c6658290}: <clinit>> (0x00000000c6658290) thrown at [./src/hotspot/share/prims/jni.cpp, line 1362]
Event: 23.643 Thread 0x000001fcddd4f000 Exception <a 'java/lang/NoSuchMethodError'{0x00000000c6670288}: <clinit>> (0x00000000c6670288) thrown at [./src/hotspot/share/prims/jni.cpp, line 1362]
Event: 23.645 Thread 0x000001fcddd4f000 Exception <a 'java/lang/NoSuchMethodError'{0x00000000c6687590}: <clinit>> (0x00000000c6687590) thrown at [./src/hotspot/share/prims/jni.cpp, line 1362]
Event: 23.650 Thread 0x000001fcddd4f000 Exception <a 'java/lang/NoSuchMethodError'{0x00000000c669c238}: <clinit>> (0x00000000c669c238) thrown at [./src/hotspot/share/prims/jni.cpp, line 1362]
Event: 23.653 Thread 0x000001fcddd4f000 Exception <a 'java/lang/NoSuchMethodError'{0x00000000c66bee20}: <clinit>> (0x00000000c66bee20) thrown at [./src/hotspot/share/prims/jni.cpp, line 1362]
Event: 23.656 Thread 0x000001fcddd4f000 Exception <a 'java/lang/NoSuchMethodError'{0x00000000c66e4438}: <clinit>> (0x00000000c66e4438) thrown at [./src/hotspot/share/prims/jni.cpp, line 1362]
Event: 23.664 Thread 0x000001fcddd4f000 Exception <a 'java/lang/NoSuchMethodError'{0x00000000c66f8a10}: <clinit>> (0x00000000c66f8a10) thrown at [./src/hotspot/share/prims/jni.cpp, line 1362]

Events (20 events):
Event: 23.776 loading class org/apache/xerces/dom/DeferredDOMImplementationImpl
Event: 23.776 loading class org/apache/xerces/dom/DeferredDOMImplementationImpl done
Event: 23.777 loading class org/gradle/internal/work/AsyncWorkTracker$ProjectLockRetention
Event: 23.777 loading class org/gradle/internal/work/AsyncWorkTracker$ProjectLockRetention done
Event: 23.813 loading class com/android/utils/XmlUtils$PositionAwareStringBuilder
Event: 23.813 loading class com/android/utils/XmlUtils$PositionAwareStringBuilder done
Event: 23.867 Executing VM operation: G1CollectForAllocation
Event: 23.886 Executing VM operation: G1CollectForAllocation done
Event: 24.019 loading class com/android/builder/internal/aapt/v2/Aapt2RenamingConventions
Event: 24.019 loading class com/android/builder/internal/aapt/v2/Aapt2RenamingConventions done
Event: 24.142 loading class com/android/builder/internal/aapt/v2/Aapt2Exception
Event: 24.142 loading class com/android/builder/internal/aapt/v2/Aapt2Exception done
Event: 24.144 loading class com/android/ide/common/blame/MergingLogPersistUtil
Event: 24.144 loading class com/android/ide/common/blame/MergingLogPersistUtil done
Event: 24.145 loading class com/android/ide/common/blame/MergingLogPersistUtil$SourcePositionsSerializer$JsonTypeAdapter
Event: 24.145 loading class com/android/ide/common/blame/MergingLogPersistUtil$SourcePositionsSerializer$JsonTypeAdapter done
Event: 24.227 Executing VM operation: CGC_Operation
Event: 24.248 Executing VM operation: CGC_Operation done
Event: 24.415 Executing VM operation: CGC_Operation
Event: 24.415 Executing VM operation: CGC_Operation done


Dynamic libraries:
0x00007ff66bb50000 - 0x00007ff66bb5a000 	C:\Program Files\Android\Android Studio\jre\bin\java.exe
0x00007ffc73b50000 - 0x00007ffc73d45000 	C:\WINDOWS\SYSTEM32\ntdll.dll
0x00007ffc73250000 - 0x00007ffc7330d000 	C:\WINDOWS\System32\KERNEL32.DLL
0x00007ffc716b0000 - 0x00007ffc71979000 	C:\WINDOWS\System32\KERNELBASE.dll
0x00007ffc71340000 - 0x00007ffc71440000 	C:\WINDOWS\System32\ucrtbase.dll
0x00007ffc69090000 - 0x00007ffc690a7000 	C:\Program Files\Android\Android Studio\jre\bin\VCRUNTIME140.dll
0x00007ffc673a0000 - 0x00007ffc673b9000 	C:\Program Files\Android\Android Studio\jre\bin\jli.dll
0x00007ffc73590000 - 0x00007ffc73730000 	C:\WINDOWS\System32\USER32.dll
0x00007ffc55730000 - 0x00007ffc559ca000 	C:\WINDOWS\WinSxS\amd64_microsoft.windows.common-controls_6595b64144ccf1df_6.0.19041.1110_none_60b5254171f9507e\COMCTL32.dll
0x00007ffc71280000 - 0x00007ffc712a2000 	C:\WINDOWS\System32\win32u.dll
0x00007ffc73060000 - 0x00007ffc730fe000 	C:\WINDOWS\System32\msvcrt.dll
0x00007ffc72e10000 - 0x00007ffc72e3a000 	C:\WINDOWS\System32\GDI32.dll
0x00007ffc71440000 - 0x00007ffc7154b000 	C:\WINDOWS\System32\gdi32full.dll
0x00007ffc71a80000 - 0x00007ffc71b1d000 	C:\WINDOWS\System32\msvcp_win.dll
0x00007ffc720a0000 - 0x00007ffc720d0000 	C:\WINDOWS\System32\IMM32.DLL
0x00007ffc47220000 - 0x00007ffc472bd000 	C:\Program Files\Android\Android Studio\jre\bin\msvcp140.dll
0x00007ffc1bee0000 - 0x00007ffc1c9af000 	C:\Program Files\Android\Android Studio\jre\bin\server\jvm.dll
0x00007ffc72fb0000 - 0x00007ffc7305c000 	C:\WINDOWS\System32\ADVAPI32.dll
0x00007ffc71d40000 - 0x00007ffc71ddb000 	C:\WINDOWS\System32\sechost.dll
0x00007ffc73100000 - 0x00007ffc7322a000 	C:\WINDOWS\System32\RPCRT4.dll
0x00007ffc73240000 - 0x00007ffc73248000 	C:\WINDOWS\System32\PSAPI.DLL
0x00007ffc58810000 - 0x00007ffc58837000 	C:\WINDOWS\SYSTEM32\WINMM.dll
0x00007ffc48a80000 - 0x00007ffc48a89000 	C:\WINDOWS\SYSTEM32\WSOCK32.dll
0x00007ffc71f10000 - 0x00007ffc71f7b000 	C:\WINDOWS\System32\WS2_32.dll
0x00007ffc70060000 - 0x00007ffc7006a000 	C:\WINDOWS\SYSTEM32\VERSION.dll
0x00007ffc6f450000 - 0x00007ffc6f462000 	C:\WINDOWS\SYSTEM32\kernel.appcore.dll
0x00007ffc49050000 - 0x00007ffc49061000 	C:\Program Files\Android\Android Studio\jre\bin\verify.dll
0x00007ffc6bd50000 - 0x00007ffc6bf34000 	C:\WINDOWS\SYSTEM32\DBGHELP.DLL
0x00007ffc5db60000 - 0x00007ffc5db8c000 	C:\WINDOWS\SYSTEM32\dbgcore.DLL
0x00007ffc71b20000 - 0x00007ffc71ba3000 	C:\WINDOWS\System32\bcryptPrimitives.dll
0x00007ffc467a0000 - 0x00007ffc467c9000 	C:\Program Files\Android\Android Studio\jre\bin\java.dll
0x00007ffc64cc0000 - 0x00007ffc64ccb000 	C:\Program Files\Android\Android Studio\jre\bin\jimage.dll
0x00007ffc46bf0000 - 0x00007ffc46c08000 	C:\Program Files\Android\Android Studio\jre\bin\zip.dll
0x00007ffc726d0000 - 0x00007ffc72e0f000 	C:\WINDOWS\System32\SHELL32.dll
0x00007ffc6f840000 - 0x00007ffc6ffd0000 	C:\WINDOWS\SYSTEM32\windows.storage.dll
0x00007ffc737b0000 - 0x00007ffc73b05000 	C:\WINDOWS\System32\combase.dll
0x00007ffc70c00000 - 0x00007ffc70c2c000 	C:\WINDOWS\SYSTEM32\Wldp.dll
0x00007ffc71f80000 - 0x00007ffc7202e000 	C:\WINDOWS\System32\SHCORE.dll
0x00007ffc721f0000 - 0x00007ffc72245000 	C:\WINDOWS\System32\shlwapi.dll
0x00007ffc711c0000 - 0x00007ffc711df000 	C:\WINDOWS\SYSTEM32\profapi.dll
0x00007ffc46220000 - 0x00007ffc4623a000 	C:\Program Files\Android\Android Studio\jre\bin\net.dll
0x00007ffc5ee40000 - 0x00007ffc5ef48000 	C:\WINDOWS\SYSTEM32\WINHTTP.dll
0x00007ffc70970000 - 0x00007ffc709da000 	C:\WINDOWS\system32\mswsock.dll
0x00007ffc45fb0000 - 0x00007ffc45fc4000 	C:\Program Files\Android\Android Studio\jre\bin\nio.dll
0x00007ffc3bdb0000 - 0x00007ffc3bdd7000 	C:\Users\halag\Documents\cs\year_project\Server_location_app\.gradle\native\8bec1ad78214c89d9ad589b4d07fe93259594b29d510b10fafb7a158f7737e5d\windows-amd64\native-platform.dll
0x00007ffc2e660000 - 0x00007ffc2e79d000 	C:\Users\halag\Documents\cs\year_project\Server_location_app\.gradle\native\53dbd7edfb1c66fb8903c78663c9afc45aea4f116125fa6feffd364cf09443e8\windows-amd64\native-platform-file-events.dll
0x00007ffc546a0000 - 0x00007ffc546aa000 	C:\Program Files\Android\Android Studio\jre\bin\management.dll
0x00007ffc4a840000 - 0x00007ffc4a84c000 	C:\Program Files\Android\Android Studio\jre\bin\management_ext.dll
0x00007ffc70b60000 - 0x00007ffc70b78000 	C:\WINDOWS\SYSTEM32\CRYPTSP.dll
0x00007ffc702f0000 - 0x00007ffc70324000 	C:\WINDOWS\system32\rsaenh.dll
0x00007ffc71310000 - 0x00007ffc71337000 	C:\WINDOWS\System32\bcrypt.dll
0x00007ffc71180000 - 0x00007ffc711ae000 	C:\WINDOWS\SYSTEM32\USERENV.dll
0x00007ffc70fe0000 - 0x00007ffc70fec000 	C:\WINDOWS\SYSTEM32\CRYPTBASE.dll
0x00007ffc70660000 - 0x00007ffc7069b000 	C:\WINDOWS\SYSTEM32\IPHLPAPI.DLL
0x00007ffc72090000 - 0x00007ffc72098000 	C:\WINDOWS\System32\NSI.dll
0x00007ffc6b8d0000 - 0x00007ffc6b8e7000 	C:\WINDOWS\SYSTEM32\dhcpcsvc6.DLL
0x00007ffc6b8b0000 - 0x00007ffc6b8cd000 	C:\WINDOWS\SYSTEM32\dhcpcsvc.DLL
0x00007ffc706a0000 - 0x00007ffc7076c000 	C:\WINDOWS\SYSTEM32\DNSAPI.dll

dbghelp: loaded successfully - version: 4.0.5 - missing functions: none
symbol engine: initialized successfully - sym options: 0x614 - pdb path: .;C:\Program Files\Android\Android Studio\jre\bin;C:\WINDOWS\SYSTEM32;C:\WINDOWS\WinSxS\amd64_microsoft.windows.common-controls_6595b64144ccf1df_6.0.19041.1110_none_60b5254171f9507e;C:\Program Files\Android\Android Studio\jre\bin\server;C:\Users\halag\Documents\cs\year_project\Server_location_app\.gradle\native\8bec1ad78214c89d9ad589b4d07fe93259594b29d510b10fafb7a158f7737e5d\windows-amd64;C:\Users\halag\Documents\cs\year_project\Server_location_app\.gradle\native\53dbd7edfb1c66fb8903c78663c9afc45aea4f116125fa6feffd364cf09443e8\windows-amd64

VM Arguments:
jvm_args: --add-opens=java.base/java.util=ALL-UNNAMED --add-opens=java.base/java.lang=ALL-UNNAMED --add-opens=java.base/java.lang.invoke=ALL-UNNAMED --add-opens=java.base/java.util=ALL-UNNAMED --add-opens=java.prefs/java.util.prefs=ALL-UNNAMED --add-opens=java.prefs/java.util.prefs=ALL-UNNAMED --add-opens=java.base/java.nio.charset=ALL-UNNAMED --add-opens=java.base/java.net=ALL-UNNAMED --add-opens=java.base/java.util.concurrent.atomic=ALL-UNNAMED -Xmx1024M -Dfile.encoding=UTF-8 -Duser.country=GB -Duser.language=en -Duser.variant 
java_command: org.gradle.launcher.daemon.bootstrap.GradleDaemon 7.0.2
java_class_path (initial): C:\Users\halag\Documents\cs\year_project\Server_location_app\.gradle\wrapper\dists\gradle-7.0.2-bin\857tjihv64xamwrf0h14cai3r\gradle-7.0.2\lib\gradle-launcher-7.0.2.jar
Launcher Type: SUN_STANDARD

[Global flags]
     intx CICompilerCount                          = 3                                         {product} {ergonomic}
     uint ConcGCThreads                            = 1                                         {product} {ergonomic}
     uint G1ConcRefinementThreads                  = 4                                         {product} {ergonomic}
   size_t G1HeapRegionSize                         = 1048576                                   {product} {ergonomic}
    uintx GCDrainStackTargetSize                   = 64                                        {product} {ergonomic}
   size_t InitialHeapSize                          = 134217728                                 {product} {ergonomic}
   size_t MarkStackSize                            = 4194304                                   {product} {ergonomic}
   size_t MaxHeapSize                              = 1073741824                                {product} {command line}
   size_t MaxNewSize                               = 643825664                                 {product} {ergonomic}
   size_t MinHeapDeltaBytes                        = 1048576                                   {product} {ergonomic}
    uintx NonNMethodCodeHeapSize                   = 5830732                                {pd product} {ergonomic}
    uintx NonProfiledCodeHeapSize                  = 122913754                              {pd product} {ergonomic}
    uintx ProfiledCodeHeapSize                     = 122913754                              {pd product} {ergonomic}
    uintx ReservedCodeCacheSize                    = 251658240                              {pd product} {ergonomic}
     bool SegmentedCodeCache                       = true                                      {product} {ergonomic}
     bool UseCompressedClassPointers               = true                                 {lp64_product} {ergonomic}
     bool UseCompressedOops                        = true                                 {lp64_product} {ergonomic}
     bool UseG1GC                                  = true                                      {product} {ergonomic}
     bool UseLargePagesIndividualAllocation        = false                                  {pd product} {ergonomic}

Logging:
Log output configuration:
 #0: stdout all=warning uptime,level,tags
 #1: stderr all=off uptime,level,tags

Environment Variables:
JAVA_HOME=C:\Program Files\Java\jdk-16.0.2
PATH=C:\Program Files\Common Files\Oracle\Java\javapath;C:\Program Files (x86)\Common Files\Oracle\Java\javapath;C:\WINDOWS\system32;C:\WINDOWS;C:\WINDOWS\System32\Wbem;C:\WINDOWS\System32\WindowsPowerShell\v1.0\;C:\WINDOWS\System32\OpenSSH\;C:\Program Files\Intel\WiFi\bin\;C:\Program Files\Common Files\Intel\WirelessCommon\;C:\Program Files\MATLAB\R2019b\bin;C:\Git\cmd;C:\MinGW\bin;C:\Users\halag\Documents\cs\python\PyCharm Community Edition 2020.3.4;C:\Users\halag\AppData\Roaming\Microsoft\Windows\Start Menu\Programs\Python 3.9;C:\Users\halag\AppData\Local\Programs\Python\Python39;C:\Program Files (x86)\Intel\Intel(R) Management Engine Components\DAL;C:\Program Files\Intel\Intel(R) Management Engine Components\DAL;C:\Program Files\Java\jdk-16.0.2\bin;C:\Users\halag\AppData\Local\Microsoft\WindowsApps;C:\Program Files (x86)\Dr. Memory\bin\;C:\Program Files\Intel\WiFi\bin\;C:\Program Files\Common Files\Intel\WirelessCommon\;C:\Program Files\Java\jdk-10.0.2\bin;C:\Users\halag\AppData\Local\GitHubDesktop\bin;C:\Users\halag\Documents\cs\winter2020\machine_learning\PyCharm Community Edition 2020.3\bin;;C:\Users\halag\AppData\Local\Android\Sdk\platform-tools;
USERNAME=halag
OS=Windows_NT
PROCESSOR_IDENTIFIER=Intel64 Family 6 Model 142 Stepping 9, GenuineIntel



---------------  S Y S T E M  ---------------

OS: Windows 10 , 64 bit Build 19041 (10.0.19041.1151)
OS uptime: 1 days 2:38 hours

CPU:total 4 (initial active 4) (2 cores per cpu, 2 threads per core) family 6 model 142 stepping 9 microcode 0xde, cmov, cx8, fxsr, mmx, sse, sse2, sse3, ssse3, sse4.1, sse4.2, popcnt, avx, avx2, aes, clmul, erms, 3dnowpref, lzcnt, ht, tsc, tscinvbit, bmi1, bmi2, adx, fma

Memory: 4k page, system-wide physical 8089M (1009M free)
TotalPageFile size 9329M (AvailPageFile size 0M)
current process WorkingSet (physical memory assigned to process): 378M, peak: 398M
current process commit charge ("private bytes"): 412M, peak: 429M

vm_info: OpenJDK 64-Bit Server VM (11.0.10+0-b96-7249189) for windows-amd64 JRE (11.0.10+0-b96-7249189), built on Mar 31 2021 21:44:00 by "builder" with MS VC++ 14.0 (VS2015)

END.
